#
# There is insufficient memory for the Java Runtime Environment to continue.
# Native memory allocation (mmap) failed to map 65536 bytes. Error detail: Failed to commit metaspace.
# Possible reasons:
#   The system is out of physical RAM or swap space
#   This process is running with CompressedOops enabled, and the Java Heap may be blocking the growth of the native heap
# Possible solutions:
#   Reduce memory load on the system
#   Increase physical memory or swap space
#   Check if swap backing store is full
#   Decrease Java heap size (-Xmx/-Xms)
#   Decrease number of Java threads
#   Decrease Java thread stack sizes (-Xss)
#   Set larger code cache with -XX:ReservedCodeCacheSize=
#   JVM is running with Zero Based Compressed Oops mode in which the Java heap is
#     placed in the first 32GB address space. The Java Heap base address is the
#     maximum limit for the native heap growth. Please use -XX:HeapBaseMinAddress
#     to set the Java Heap base and to place the Java Heap above 32GB virtual address.
# This output file may be truncated or incomplete.
#
#  Out of Memory Error (virtualSpaceNode.cpp:112), pid=24744, tid=29904
#
# JRE version: Java(TM) SE Runtime Environment (22.0+36) (build 22+36-2370)
# Java VM: Java HotSpot(TM) 64-Bit Server VM (22+36-2370, mixed mode, sharing, tiered, compressed oops, compressed class ptrs, g1 gc, windows-amd64)
# No core dump will be written. Minidumps are not enabled by default on client versions of Windows
#

---------------  S U M M A R Y ------------

Command Line: -Dclassworlds.conf=C:\Program Files\NetBeans-21\netbeans\java\maven\bin\m2.conf -Dmaven.home=C:\Program Files\NetBeans-21\netbeans\java\maven -Dlibrary.jansi.path=C:\Program Files\NetBeans-21\netbeans\java\maven\lib\jansi-native -Dmaven.multiModuleProjectDirectory=C:\Users\ADMIN\OneDrive\Documents\GitHub\Management_Project_Java\mavenproject1 org.codehaus.plexus.classworlds.launcher.Launcher -Dexec.vmArgs=--enable-preview -Dexec.args=${exec.vmArgs} -classpath %classpath ${exec.mainClass} ${exec.appArgs} -Dexec.appArgs= -Dexec.mainClass=GUI.Login -Dexec.executable=C:\Program Files\Java\jdk-22\bin\java.exe -Dmaven.ext.class.path=C:\Program Files\NetBeans-21\netbeans\java\maven-nblib\netbeans-eventspy.jar --no-transfer-progress process-classes org.codehaus.mojo:exec-maven-plugin:3.1.0:exec

Host: AMD Ryzen 5 6600HS Creator Edition             , 12 cores, 13G,  Windows 11 , 64 bit Build 22621 (10.0.22621.3527)
Time: Thu May 16 16:18:44 2024 SE Asia Standard Time elapsed time: 51.940664 seconds (0d 0h 0m 51s)

---------------  T H R E A D  ---------------

Current thread (0x000002795c87f710):  JavaThread "main"             [_thread_in_vm, id=29904, stack(0x000000f47bf00000,0x000000f47c000000) (1024K)]

Stack: [0x000000f47bf00000,0x000000f47c000000]
Native frames: (J=compiled Java code, j=interpreted, Vv=VM code, C=native code)
V  [jvm.dll+0x6e2349]  (no source info available)
V  [jvm.dll+0x874ed3]  (no source info available)
V  [jvm.dll+0x8772fe]  (no source info available)
V  [jvm.dll+0x8779d3]  (no source info available)
V  [jvm.dll+0x27fcb6]  (no source info available)
V  [jvm.dll+0x870b1e]  (no source info available)
V  [jvm.dll+0x6853b5]  (no source info available)
V  [jvm.dll+0x1e3e9c]  (no source info available)
V  [jvm.dll+0x1e3c6e]  (no source info available)
V  [jvm.dll+0x687d08]  (no source info available)
V  [jvm.dll+0x22509c]  (no source info available)
V  [jvm.dll+0x685dce]  (no source info available)
V  [jvm.dll+0x26b100]  (no source info available)
V  [jvm.dll+0x215ce7]  (no source info available)
V  [jvm.dll+0x20b4de]  (no source info available)
V  [jvm.dll+0x5c471f]  (no source info available)
V  [jvm.dll+0x7ec136]  (no source info available)
V  [jvm.dll+0x47cb26]  (no source info available)
V  [jvm.dll+0x4829d8]  (no source info available)
C  [java.dll+0x17e4]  (no source info available)
C  0x000002796e87920c  (no source info available)

The last pc belongs to native nmethod (printed below).
Java frames: (J=compiled Java code, j=interpreted, Vv=VM code)
J 1088  java.lang.ClassLoader.defineClass1(Ljava/lang/ClassLoader;Ljava/lang/String;[BIILjava/security/ProtectionDomain;Ljava/lang/String;)Ljava/lang/Class; java.base@22 (0 bytes) @ 0x000002796e879171 [0x000002796e8790a0+0x00000000000000d1]
J 1097 c1 java.lang.ClassLoader.defineClass(Ljava/lang/String;[BIILjava/security/ProtectionDomain;)Ljava/lang/Class; java.base@22 (43 bytes) @ 0x0000027966f48efc [0x0000027966f48ba0+0x000000000000035c]
J 910 c1 java.security.SecureClassLoader.defineClass(Ljava/lang/String;[BIILjava/security/CodeSource;)Ljava/lang/Class; java.base@22 (16 bytes) @ 0x0000027966eee99c [0x0000027966eee8c0+0x00000000000000dc]
J 845 c1 java.net.URLClassLoader.defineClass(Ljava/lang/String;Ljdk/internal/loader/Resource;)Ljava/lang/Class; java.base@22 (224 bytes) @ 0x0000027966ecf864 [0x0000027966ece5a0+0x00000000000012c4]
J 908 c1 java.net.URLClassLoader$1.run()Ljava/lang/Class; java.base@22 (81 bytes) @ 0x0000027966eebaec [0x0000027966eeaec0+0x0000000000000c2c]
J 844 c1 java.net.URLClassLoader$1.run()Ljava/lang/Object; java.base@22 (5 bytes) @ 0x0000027966ecdfd4 [0x0000027966ecdf40+0x0000000000000094]
J 733 c1 java.security.AccessController.doPrivileged(Ljava/security/PrivilegedExceptionAction;Ljava/security/AccessControlContext;)Ljava/lang/Object; java.base@22 (26 bytes) @ 0x0000027966e8b814 [0x0000027966e8b620+0x00000000000001f4]
J 842 c1 java.net.URLClassLoader.findClass(Ljava/lang/String;)Ljava/lang/Class; java.base@22 (47 bytes) @ 0x0000027966ecd2b4 [0x0000027966ecd100+0x00000000000001b4]
J 847 c1 org.codehaus.plexus.classworlds.realm.ClassRealm.loadClassFromSelf(Ljava/lang/String;)Ljava/lang/Class; (40 bytes) @ 0x0000027966ed1aac [0x0000027966ed1720+0x000000000000038c]
J 772 c1 org.codehaus.plexus.classworlds.strategy.SelfFirstStrategy.loadClass(Ljava/lang/String;)Ljava/lang/Class; (50 bytes) @ 0x0000027966e9d41c [0x0000027966e9d040+0x00000000000003dc]
J 525 c1 org.codehaus.plexus.classworlds.realm.ClassRealm.loadClass(Ljava/lang/String;Z)Ljava/lang/Class; (33 bytes) @ 0x0000027966e14964 [0x0000027966e147e0+0x0000000000000184]
J 524 c1 org.codehaus.plexus.classworlds.realm.ClassRealm.loadClass(Ljava/lang/String;)Ljava/lang/Class; (7 bytes) @ 0x0000027966e14444 [0x0000027966e14340+0x0000000000000104]
v  ~StubRoutines::call_stub 0x000002796e28100d
j  java.lang.Class.getDeclaredMethods0(Z)[Ljava/lang/reflect/Method;+0 java.base@22
J 1210 c1 java.lang.Class.privateGetDeclaredMethods(Z)[Ljava/lang/reflect/Method; java.base@22 (64 bytes) @ 0x0000027966f7d2c4 [0x0000027966f7d140+0x0000000000000184]
J 1459 c1 java.lang.Class.getDeclaredMethods()[Ljava/lang/reflect/Method; java.base@22 (27 bytes) @ 0x0000027966fe0794 [0x0000027966fe0660+0x0000000000000134]
j  com.google.inject.internal.DeclaredMembers.getDeclaredMethods(Ljava/lang/Class;)[Ljava/lang/reflect/Method;+1
J 1629 c1 com.google.inject.spi.InjectionPoint.getDeclaredMethods(Lcom/google/inject/TypeLiteral;)[Ljava/lang/reflect/Method; (8 bytes) @ 0x000002796705103c [0x0000027967050fc0+0x000000000000007c]
j  com.google.inject.spi.InjectionPoint.getInjectionPoints(Lcom/google/inject/TypeLiteral;ZLcom/google/inject/internal/Errors;)Ljava/util/Set;+195
j  com.google.inject.spi.InjectionPoint.forInstanceMethodsAndFields(Lcom/google/inject/TypeLiteral;)Ljava/util/Set;+11
j  org.eclipse.sisu.wire.DependencyAnalyzer.analyzeImplementation(Lcom/google/inject/TypeLiteral;Z)Ljava/lang/Boolean;+44
j  org.eclipse.sisu.wire.DependencyAnalyzer.visit(Lcom/google/inject/spi/ProviderInstanceBinding;)Ljava/lang/Boolean;+33
j  org.eclipse.sisu.wire.DependencyAnalyzer.visit(Lcom/google/inject/spi/ProviderInstanceBinding;)Ljava/lang/Object;+2
j  com.google.inject.internal.ProviderInstanceBindingImpl.acceptTargetVisitor(Lcom/google/inject/spi/BindingTargetVisitor;)Ljava/lang/Object;+27
j  org.eclipse.sisu.wire.ElementAnalyzer.visit(Lcom/google/inject/Binding;)Ljava/lang/Void;+43
j  org.eclipse.sisu.wire.ElementAnalyzer.visit(Lcom/google/inject/Binding;)Ljava/lang/Object;+2
j  com.google.inject.internal.BindingImpl.acceptVisitor(Lcom/google/inject/spi/ElementVisitor;)Ljava/lang/Object;+2
j  org.eclipse.sisu.wire.WireModule.configure(Lcom/google/inject/Binder;)V+45
j  com.google.inject.spi.Elements$RecordingBinder.install(Lcom/google/inject/Module;)V+209
j  com.google.inject.spi.Elements.getElements(Lcom/google/inject/Stage;Ljava/lang/Iterable;)Ljava/util/List;+40
j  com.google.inject.internal.InjectorShell$Builder.build(Lcom/google/inject/internal/Initializer;Lcom/google/inject/internal/ProcessedBindingData;Lcom/google/inject/internal/util/ContinuousStopwatch;Lcom/google/inject/internal/Errors;)Ljava/util/List;+163
j  com.google.inject.internal.InternalInjectorCreator.build()Lcom/google/inject/Injector;+48
j  com.google.inject.Guice.createInjector(Lcom/google/inject/Stage;Ljava/lang/Iterable;)Lcom/google/inject/Injector;+15
j  com.google.inject.Guice.createInjector(Ljava/lang/Iterable;)Lcom/google/inject/Injector;+4
j  com.google.inject.Guice.createInjector([Lcom/google/inject/Module;)Lcom/google/inject/Injector;+4
j  org.codehaus.plexus.DefaultPlexusContainer.addPlexusInjector(Ljava/util/List;[Lcom/google/inject/Module;)Lcom/google/inject/Injector;+88
j  org.codehaus.plexus.DefaultPlexusContainer.<init>(Lorg/codehaus/plexus/ContainerConfiguration;[Lcom/google/inject/Module;)V+400
j  org.apache.maven.cli.MavenCli.container(Lorg/apache/maven/cli/CliRequest;)Lorg/codehaus/plexus/PlexusContainer;+279
j  org.apache.maven.cli.MavenCli.doMain(Lorg/apache/maven/cli/CliRequest;)I+34
j  org.apache.maven.cli.MavenCli.main([Ljava/lang/String;Lorg/codehaus/plexus/classworlds/ClassWorld;)I+24
j  java.lang.invoke.DirectMethodHandle$Holder.invokeStatic(Ljava/lang/Object;Ljava/lang/Object;Ljava/lang/Object;)I+11 java.base@22
j  java.lang.invoke.LambdaForm$MH+0x0000027901009400.invoke(Ljava/lang/Object;Ljava/lang/Object;Ljava/lang/Object;Ljava/lang/Object;)Ljava/lang/Object;+54 java.base@22
j  java.lang.invoke.LambdaForm$MH+0x0000027901009800.invokeExact_MT(Ljava/lang/Object;Ljava/lang/Object;Ljava/lang/Object;Ljava/lang/Object;Ljava/lang/Object;)Ljava/lang/Object;+22 java.base@22
j  jdk.internal.reflect.DirectMethodHandleAccessor.invokeImpl(Ljava/lang/Object;[Ljava/lang/Object;)Ljava/lang/Object;+72 java.base@22
j  jdk.internal.reflect.DirectMethodHandleAccessor.invoke(Ljava/lang/Object;[Ljava/lang/Object;)Ljava/lang/Object;+23 java.base@22
j  java.lang.reflect.Method.invoke(Ljava/lang/Object;[Ljava/lang/Object;)Ljava/lang/Object;+102 java.base@22
j  org.codehaus.plexus.classworlds.launcher.Launcher.launchEnhanced([Ljava/lang/String;)V+45
j  org.codehaus.plexus.classworlds.launcher.Launcher.launch([Ljava/lang/String;)V+2
j  org.codehaus.plexus.classworlds.launcher.Launcher.mainWithExitCode([Ljava/lang/String;)I+108
j  org.codehaus.plexus.classworlds.launcher.Launcher.main([Ljava/lang/String;)V+1
v  ~StubRoutines::call_stub 0x000002796e28100d

Compiled method (n/a) 81095 1088     n 0       java.lang.ClassLoader::defineClass1 (native)
 total in heap  [0x000002796e878f10,0x000002796e879550] = 1600
 relocation     [0x000002796e879068,0x000002796e8790a0] = 56
 main code      [0x000002796e8790a0,0x000002796e87954f] = 1199
 stub code      [0x000002796e87954f,0x000002796e879550] = 1

[Constant Pool (empty)]

[MachCode]
[Entry Point]
  # {method} {0x00000279003fec58} 'defineClass1' '(Ljava/lang/ClassLoader;Ljava/lang/String;[BIILjava/security/ProtectionDomain;Ljava/lang/String;)Ljava/lang/Class;' in 'java/lang/ClassLoader'
  # parm0:    rdx:rdx   = 'java/lang/ClassLoader'
  # parm1:    r8:r8     = 'java/lang/String'
  # parm2:    r9:r9     = '[B'
  # parm3:    rdi       = int
  # parm4:    rsi       = int
  # parm5:    rcx:rcx   = 'java/security/ProtectionDomain'
  # parm6:    [sp+0xa0]   = 'java/lang/String'  (sp of caller)
  0x000002796e8790a0: 448b 5208 | 49bb 0000 | 0000 7902 | 0000 4d03 | d349 3bc2 | 0f84 0600 

  0x000002796e8790b8: ;   {runtime_call ic_miss_stub}
  0x000002796e8790b8: 0000 e9c1 | 56a5 ff90 
[Verified Entry Point]
  0x000002796e8790c0: 8984 2400 | 80ff ff55 | 488b ec48 | 81ec 9000 | 0000 6690 | 4181 7f20 | 0100 0000 

  0x000002796e8790dc: ;   {runtime_call StubRoutines (final stubs)}
  0x000002796e8790dc: 7405 e8fd | bba3 ff48 | 837d 1000 | 488d 4510 | 480f 4445 | 1048 8944 | 2440 4889 | 4c24 7048 
  0x000002796e8790fc: 83f9 0048 | 8d44 2470 | 480f 4444 | 2470 4889 | 4424 3848 | 8974 2430 | 4889 7c24 | 284c 894c 
  0x000002796e87911c: 2458 4983 | f900 488d | 4424 5848 | 0f44 4424 | 5848 8944 | 2420 4c89 | 4424 5049 | 83f8 004c 
  0x000002796e87913c: 8d4c 2450 | 4c0f 444c | 2450 4889 | 5424 4848 | 83fa 004c | 8d44 2448 | 4c0f 4444 

  0x000002796e879158: ;   {oop(a 'java/lang/Class'{0x0000000731162fc8} = 'java/lang/ClassLoader')}
  0x000002796e879158: 2448 49be | c82f 1631 | 0700 0000 | 4c89 7424 | 784c 8d74 | 2478 498b | d6c5 f877 

  0x000002796e879174: ;   {internal_word}
  0x000002796e879174: 49ba 7191 | 876e 7902 | 0000 4d89 | 97a8 0300 | 0049 89a7 | a003 0000 

  0x000002796e87918c: ;   {external_word}
  0x000002796e87918c: 49ba ac40 | 5eaa fb7f | 0000 4180 | 3a00 0f84 | 4e00 0000 | 5241 5041 

  0x000002796e8791a4: ;   {metadata({method} {0x00000279003fec58} 'defineClass1' '(Ljava/lang/ClassLoader;Ljava/lang/String;[BIILjava/security/ProtectionDomain;Ljava/lang/String;)Ljava/lang/Class;' in 'java/lang/ClassLoader')}
  0x000002796e8791a4: 5148 ba50 | ec3f 0079 | 0200 0049 | 8bcf 4883 | ec20 40f6 | c40f 0f84 | 1900 0000 | 4883 ec08 
  0x000002796e8791c4: ;   {runtime_call}
  0x000002796e8791c4: 48b8 00b6 | 0eaa fb7f | 0000 ffd0 | 4883 c408 | e90c 0000 

  0x000002796e8791d8: ;   {runtime_call}
  0x000002796e8791d8: 0048 b800 | b60e aafb | 7f00 00ff | d048 83c4 | 2041 5941 | 585a 498d | 8fc0 0300 | 0041 c787 
  0x000002796e8791f8: 5404 0000 | 0400 0000 

  0x000002796e879200: ;   {runtime_call}
  0x000002796e879200: 48b8 a416 | 8df7 fb7f | 0000 ffd0 | c5f8 7741 | c787 5404 | 0000 0500 | 0000 f083 | 4424 c000 
  0x000002796e879220: 493b af58 | 0400 000f | 870e 0000 | 0041 83bf | 5004 0000 | 000f 842b | 0000 00c5 | f877 4889 
  0x000002796e879240: 45f8 498b | cf4c 8be4 | 4883 ec20 | 4883 e4f0 

  0x000002796e879250: ;   {runtime_call}
  0x000002796e879250: 48b8 c01f | d9a9 fb7f | 0000 ffd0 | 498b e44d | 33e4 488b | 45f8 41c7 | 8754 0400 | 0008 0000 
  0x000002796e879270: 0041 83bf | d004 0000 | 020f 84a3 

  0x000002796e87927c: ;   {external_word}
  0x000002796e87927c: 0200 0049 | baac 405e | aafb 7f00 | 0041 803a | 000f 844c | 0000 0048 

  0x000002796e879294: ;   {metadata({method} {0x00000279003fec58} 'defineClass1' '(Ljava/lang/ClassLoader;Ljava/lang/String;[BIILjava/security/ProtectionDomain;Ljava/lang/String;)Ljava/lang/Class;' in 'java/lang/ClassLoader')}
  0x000002796e879294: 8945 f848 | ba50 ec3f | 0079 0200 | 0049 8bcf | 4883 ec20 | 40f6 c40f | 0f84 1900 | 0000 4883 
  0x000002796e8792b4: ;   {runtime_call}
  0x000002796e8792b4: ec08 48b8 | 00b6 0eaa | fb7f 0000 | ffd0 4883 | c408 e90c 

  0x000002796e8792c8: ;   {runtime_call}
  0x000002796e8792c8: 0000 0048 | b800 b60e | aafb 7f00 | 00ff d048 | 83c4 2048 | 8b45 f849 | c787 a003 | 0000 0000 
  0x000002796e8792e8: 0000 49c7 | 87a8 0300 | 0000 0000 | 00c5 f877 | 4885 c00f | 84fe 0100 | 00a8 030f | 8508 0000 
  0x000002796e879308: 0048 8b00 | e9ee 0100 | 00a8 010f | 8509 0000 | 0048 8b40 | fee9 dd01 | 0000 488b | 40ff 4180 
  0x000002796e879328: 7f38 000f | 84ce 0100 | 0048 83f8 | 000f 84c4 | 0100 0049 | 8b4f 2848 | 83f9 000f | 8414 0000 
  0x000002796e879348: 0048 83e9 | 0849 894f | 2849 034f | 3048 8901 | e9a2 0100 | 0048 81ec | d000 0000 | 4889 0424 
  0x000002796e879368: 4889 4c24 | 0848 8954 | 2410 4889 | 7424 1848 | 897c 2420 | 4c89 4424 | 284c 894c | 2430 4c89 
  0x000002796e879388: 5424 384c | 895c 2440 | c5fb 1144 | 2450 c5fb | 114c 2458 | c5fb 1154 | 2460 c5fb | 115c 2468 
  0x000002796e8793a8: c5fb 1164 | 2470 c5fb | 116c 2478 | c5fb 11b4 | 2480 0000 | 00c5 fb11 | bc24 8800 | 0000 c57b 
  0x000002796e8793c8: ;   {no_reloc}
  0x000002796e8793c8: 1184 2490 | 0000 00c5 | 7b11 8c24 | 9800 0000 | c57b 1194 | 24a0 0000 | 00c5 7b11 | 9c24 a800 
  0x000002796e8793e8: 0000 c57b | 11a4 24b0 | 0000 00c5 | 7b11 ac24 | b800 0000 | c57b 11b4 | 24c0 0000 | 00c5 7b11 
  0x000002796e879408: bc24 c800 | 0000 498b | d748 8bc8 | 4883 ec20 | 40f6 c40f | 0f84 1900 | 0000 4883 

  0x000002796e879424: ;   {runtime_call}
  0x000002796e879424: ec08 48b8 | 303e cca9 | fb7f 0000 | ffd0 4883 | c408 e90c 

  0x000002796e879438: ;   {runtime_call}
  0x000002796e879438: 0000 0048 | b830 3ecc | a9fb 7f00 | 00ff d048 | 83c4 20c5 | 7b10 bc24 | c800 0000 | c57b 10b4 
  0x000002796e879458: 24c0 0000 | 00c5 7b10 | ac24 b800 | 0000 c57b | 10a4 24b0 | 0000 00c5 | 7b10 9c24 | a800 0000 
  0x000002796e879478: c57b 1094 | 24a0 0000 | 00c5 7b10 | 8c24 9800 | 0000 c57b | 1084 2490 | 0000 00c5 | fb10 bc24 
  0x000002796e879498: 8800 0000 | c5fb 10b4 | 2480 0000 | 00c5 fb10 | 6c24 78c5 | fb10 6424 | 70c5 fb10 | 5c24 68c5 
  0x000002796e8794b8: fb10 5424 | 60c5 fb10 | 4c24 58c5 | fb10 4424 | 504c 8b5c | 2440 4c8b | 5424 384c | 8b4c 2430 
  0x000002796e8794d8: 4c8b 4424 | 2848 8b7c | 2420 488b | 7424 1848 | 8b54 2410 | 488b 4c24 | 0848 8b04 | 2448 81c4 
  0x000002796e8794f8: d000 0000 | c5f8 7749 | 8b8f 3004 | 0000 c781 | 0001 0000 | 0000 0000 | c949 837f | 0800 0f85 
  0x000002796e879518: 0100 0000 

  0x000002796e87951c: ;   {runtime_call StubRoutines (initial stubs)}
  0x000002796e87951c: c3e9 de79 | a0ff c5f8 | 7748 8945 | f84c 8be4 | 4883 ec20 | 4883 e4f0 

  0x000002796e879534: ;   {runtime_call}
  0x000002796e879534: 48b8 50ee | 0eaa fb7f | 0000 ffd0 | 498b e44d | 33e4 488b | 45f8 e930 | fdff fff4 
[/MachCode]


Compiled method (c1) 81107 1097       3       java.lang.ClassLoader::defineClass (43 bytes)
 total in heap  [0x0000027966f48990,0x0000027966f492e8] = 2392
 relocation     [0x0000027966f48ae8,0x0000027966f48b88] = 160
 main code      [0x0000027966f48ba0,0x0000027966f49040] = 1184
 stub code      [0x0000027966f49040,0x0000027966f490b8] = 120
 metadata       [0x0000027966f490b8,0x0000027966f490e8] = 48
 scopes data    [0x0000027966f490e8,0x0000027966f491d8] = 240
 scopes pcs     [0x0000027966f491d8,0x0000027966f492b8] = 224
 dependencies   [0x0000027966f492b8,0x0000027966f492c0] = 8
 nul chk table  [0x0000027966f492c0,0x0000027966f492e8] = 40

[Constant Pool (empty)]

[MachCode]
[Entry Point]
  # {method} {0x00000279003fefd8} 'defineClass' '(Ljava/lang/String;[BIILjava/security/ProtectionDomain;)Ljava/lang/Class;' in 'java/lang/ClassLoader'
  # this:     rdx:rdx   = 'java/lang/ClassLoader'
  # parm0:    r8:r8     = 'java/lang/String'
  # parm1:    r9:r9     = '[B'
  # parm2:    rdi       = int
  # parm3:    rsi       = int
  # parm4:    rcx:rcx   = 'java/security/ProtectionDomain'
  #           [sp+0xc0]  (sp of caller)
  0x0000027966f48ba0: 448b 5208 | 49bb 0000 | 0000 7902 | 0000 4d03 | d34c 3bd0 

  0x0000027966f48bb4: ;   {runtime_call ic_miss_stub}
  0x0000027966f48bb4: 0f85 c65b | 3807 660f | 1f44 0000 
[Verified Entry Point]
  0x0000027966f48bc0: 8984 2400 | 80ff ff55 | 4881 ecb0 | 0000 0090 | 4181 7f20 | 0100 0000 

  0x0000027966f48bd8: ;   {runtime_call StubRoutines (final stubs)}
  0x0000027966f48bd8: 7405 e801 | c136 0748 | 8954 2478 

  0x0000027966f48be4: ;   {metadata(method data for {method} {0x00000279003fefd8} 'defineClass' '(Ljava/lang/String;[BIILjava/security/ProtectionDomain;)Ljava/lang/Class;' in 'java/lang/ClassLoader')}
  0x0000027966f48be4: 48bb a0e9 | 1b41 7902 | 0000 8b83 | cc00 0000 | 83c0 0289 | 83cc 0000 | 0025 fe07 | 0000 85c0 
  0x0000027966f48c04: 0f84 5803 | 0000 89b4 | 2494 0000 | 0089 bc24 | 9000 0000 | 4c89 8c24 | 8800 0000 

  0x0000027966f48c20: ;   {metadata(method data for {method} {0x00000279003fefd8} 'defineClass' '(Ljava/lang/String;[BIILjava/security/ProtectionDomain;)Ljava/lang/Class;' in 'java/lang/ClassLoader')}
  0x0000027966f48c20: 488b da48 | b8a0 e91b | 4179 0200 | 0048 8380 | 1801 0000 | 0149 8bd8 | 4c8b c34c | 8bc9 488b 
  0x0000027966f48c40: ca48 8bd1 | 4889 9c24 | 8000 0000 

  0x0000027966f48c4c: ;   {optimized virtual_call}
  0x0000027966f48c4c: 6666 90e8 

  0x0000027966f48c50: ; ImmutableOopMap {[120]=Oop [128]=Oop [136]=Oop }
                      ;*invokevirtual preDefineClass {reexecute=0 rethrow=0 return_oop=0}
                      ; - java.lang.ClassLoader::defineClass@4 (line 1021)
  0x0000027966f48c50: ccb0 f9ff 

  0x0000027966f48c54: ;   {other}
  0x0000027966f48c54: 0f1f 8400 | c402 0000 | 4889 8424 | 9800 0000 | 488b 5424 

  0x0000027966f48c68: ;   {metadata(method data for {method} {0x00000279003fefd8} 'defineClass' '(Ljava/lang/String;[BIILjava/security/ProtectionDomain;)Ljava/lang/Class;' in 'java/lang/ClassLoader')}
  0x0000027966f48c68: 7849 b8a0 | e91b 4179 | 0200 0049 | 8380 4801 

  0x0000027966f48c78: ;   {metadata(method data for {method} {0x00000279003fecc0} 'defineClassSourceLocation' '(Ljava/security/ProtectionDomain;)Ljava/lang/String;' in 'java/lang/ClassLoader')}
  0x0000027966f48c78: 0000 0149 | b860 d51b | 4179 0200 | 0041 8b90 | cc00 0000 | 83c2 0241 | 8990 cc00 | 0000 81e2 
  0x0000027966f48c98: feff 1f00 | 85d2 0f84 | df02 0000 

  0x0000027966f48ca4: ; implicit exception: dispatches to 0x0000027966f48fa4
  0x0000027966f48ca4: 483b 004c 

  0x0000027966f48ca8: ;   {metadata(method data for {method} {0x00000279003fecc0} 'defineClassSourceLocation' '(Ljava/security/ProtectionDomain;)Ljava/lang/String;' in 'java/lang/ClassLoader')}
  0x0000027966f48ca8: 8bc0 48ba | 60d5 1b41 | 7902 0000 | 4883 8218 | 0100 0001 | 448b 4010 | 49c1 e003 

  0x0000027966f48cc4: ;   {metadata(method data for {method} {0x00000279003fecc0} 'defineClassSourceLocation' '(Ljava/security/ProtectionDomain;)Ljava/lang/String;' in 'java/lang/ClassLoader')}
  0x0000027966f48cc4: 4d85 c048 | ba60 d51b | 4179 0200 | 0048 c7c6 | 5801 0000 | 7507 48c7 | c648 0100 | 0048 8b3c 
  0x0000027966f48ce4: 3248 8d7f | 0148 893c | 320f 850f 

  0x0000027966f48cf0: ;   {oop(nullptr)}
  0x0000027966f48cf0: 0000 0048 | bb00 0000 | 0000 0000 | 00e9 a501 | 0000 493b | 0049 8bd0 

  0x0000027966f48d08: ;   {metadata(method data for {method} {0x00000279003fecc0} 'defineClassSourceLocation' '(Ljava/security/ProtectionDomain;)Ljava/lang/String;' in 'java/lang/ClassLoader')}
  0x0000027966f48d08: 48be 60d5 | 1b41 7902 | 0000 4883 | 8668 0100 | 0001 418b | 500c 48c1 | e203 4885 

  0x0000027966f48d24: ;   {metadata(method data for {method} {0x00000279003fecc0} 'defineClassSourceLocation' '(Ljava/security/ProtectionDomain;)Ljava/lang/String;' in 'java/lang/ClassLoader')}
  0x0000027966f48d24: d248 be60 | d51b 4179 | 0200 0048 | c7c7 a801 | 0000 7507 | 48c7 c798 | 0100 0048 | 8b1c 3e48 
  0x0000027966f48d44: 8d5b 0148 | 891c 3e0f | 850f 0000 

  0x0000027966f48d50: ;   {oop(nullptr)}
  0x0000027966f48d50: 0048 bb00 | 0000 0000 | 0000 00e9 | 4701 0000 

  0x0000027966f48d60: ;   {metadata(method data for {method} {0x00000279003fecc0} 'defineClassSourceLocation' '(Ljava/security/ProtectionDomain;)Ljava/lang/String;' in 'java/lang/ClassLoader')}
  0x0000027966f48d60: 48be 60d5 | 1b41 7902 | 0000 4883 | 86b8 0100 | 0001 483b | 024c 8bc2 

  0x0000027966f48d78: ;   {metadata(method data for {method} {0x00000279003fecc0} 'defineClassSourceLocation' '(Ljava/security/ProtectionDomain;)Ljava/lang/String;' in 'java/lang/ClassLoader')}
  0x0000027966f48d78: 48be 60d5 | 1b41 7902 | 0000 4883 | 86e8 0100 

  0x0000027966f48d88: ;   {metadata(method data for {method} {0x000002790001a690} 'toString' '()Ljava/lang/String;' in 'java/net/URL')}
  0x0000027966f48d88: 0001 49b8 | e0bc 1641 | 7902 0000 | 418b b0cc | 0000 0083 | c602 4189 | b0cc 0000 | 0081 e6fe 
  0x0000027966f48da8: ff1f 0085 | f60f 8400 | 0200 004c 

  0x0000027966f48db4: ;   {metadata(method data for {method} {0x000002790001a690} 'toString' '()Ljava/lang/String;' in 'java/net/URL')}
  0x0000027966f48db4: 8bc2 48be | e0bc 1641 | 7902 0000 | 4883 8618 | 0100 0001 

  0x0000027966f48dc8: ;   {metadata(method data for {method} {0x00000279003f38b8} 'toExternalForm' '()Ljava/lang/String;' in 'java/net/URL')}
  0x0000027966f48dc8: 49b8 38a8 | 1241 7902 | 0000 418b | b0cc 0000 | 0083 c602 | 4189 b0cc | 0000 0081 | e6fe ff1f 
  0x0000027966f48de8: 0085 f60f | 84e3 0100 | 008b 7238 | 48c1 e603 

  0x0000027966f48df8: ; implicit exception: dispatches to 0x0000027966f48ff5
  0x0000027966f48df8: 483b 064c 

  0x0000027966f48dfc: ;   {metadata(method data for {method} {0x00000279003f38b8} 'toExternalForm' '()Ljava/lang/String;' in 'java/net/URL')}
  0x0000027966f48dfc: 8bc6 48bf | 38a8 1241 | 7902 0000 | 458b 4008 | 49ba 0000 | 0000 7902 | 0000 4d03 | c24c 3b87 
  0x0000027966f48e1c: 2001 0000 | 750d 4883 | 8728 0100 | 0001 e960 | 0000 004c | 3b87 3001 | 0000 750d | 4883 8738 
  0x0000027966f48e3c: 0100 0001 | e94a 0000 | 0048 83bf | 2001 0000 | 0075 174c | 8987 2001 | 0000 48c7 | 8728 0100 
  0x0000027966f48e5c: 0001 0000 | 00e9 2900 | 0000 4883 | bf30 0100 | 0000 7517 | 4c89 8730 | 0100 0048 | c787 3801 
  0x0000027966f48e7c: 0000 0100 | 0000 e908 | 0000 0048 | 8387 1801 | 0000 014c | 8bc2 488b 

  0x0000027966f48e94: ;   {optimized virtual_call}
  0x0000027966f48e94: d666 90e8 

  0x0000027966f48e98: ; ImmutableOopMap {[120]=Oop [128]=Oop [136]=Oop [152]=Oop }
                      ;*invokevirtual toExternalForm {reexecute=0 rethrow=0 return_oop=0}
                      ; - java.net.URL::toExternalForm@5 (line 1203)
                      ; - java.net.URL::toString@1 (line 1189)
                      ; - java.lang.ClassLoader::defineClassSourceLocation@22 (line 925)
                      ; - java.lang.ClassLoader::defineClass@12 (line 1022)
  0x0000027966f48e98: 6452 f5ff 

  0x0000027966f48e9c: ;   {other}
  0x0000027966f48e9c: 0f1f 8400 | 0c05 0001 | 488b d848 | 8b84 2498 | 0000 008b | b424 9400 | 0000 8bbc | 2490 0000 
  0x0000027966f48ebc: 004c 8b8c | 2488 0000 | 004c 8b84 | 2480 0000 | 0048 8b54 

  0x0000027966f48ed0: ;   {metadata(method data for {method} {0x00000279003fefd8} 'defineClass' '(Ljava/lang/String;[BIILjava/security/ProtectionDomain;)Ljava/lang/Class;' in 'java/lang/ClassLoader')}
  0x0000027966f48ed0: 2478 48b9 | a0e9 1b41 | 7902 0000 | 4883 8178 | 0100 0001 | 4c8b da49 | 8bd3 488b | c848 891c 
  0x0000027966f48ef0: 2466 0f1f 

  0x0000027966f48ef4: ;   {static_call}
  0x0000027966f48ef4: 4400 00e8 

  0x0000027966f48ef8: ; ImmutableOopMap {[120]=Oop [152]=Oop }
                      ;*invokestatic defineClass1 {reexecute=0 rethrow=0 return_oop=0}
                      ; - java.lang.ClassLoader::defineClass@27 (line 1023)
  0x0000027966f48ef8: c401 9307 

  0x0000027966f48efc: ;   {other}
  0x0000027966f48efc: 0f1f 8400 | 6c05 0002 | 488b 5424 

  0x0000027966f48f08: ;   {metadata(method data for {method} {0x00000279003fefd8} 'defineClass' '(Ljava/lang/String;[BIILjava/security/ProtectionDomain;)Ljava/lang/Class;' in 'java/lang/ClassLoader')}
  0x0000027966f48f08: 7849 b8a0 | e91b 4179 | 0200 0049 | 8380 8801 | 0000 014c | 8bc0 4c8b | 8c24 9800 | 0000 488b 
  0x0000027966f48f28: 5424 7848 | 8984 24a0 | 0000 000f 

  0x0000027966f48f34: ;   {optimized virtual_call}
  0x0000027966f48f34: 1f40 00e8 

  0x0000027966f48f38: ; ImmutableOopMap {[160]=Oop }
                      ;*invokevirtual postDefineClass {reexecute=0 rethrow=0 return_oop=0}
                      ; - java.lang.ClassLoader::defineClass@37 (line 1024)
  0x0000027966f48f38: e4d8 f7ff 

  0x0000027966f48f3c: ;   {other}
  0x0000027966f48f3c: 0f1f 8400 | ac05 0003 | 488b 8424 | a000 0000 | 4881 c4b0 | 0000 005d 

  0x0000027966f48f54: ;   {poll_return}
  0x0000027966f48f54: 493b a758 | 0400 000f | 8799 0000 

  0x0000027966f48f60: ;   {metadata({method} {0x00000279003fefd8} 'defineClass' '(Ljava/lang/String;[BIILjava/security/ProtectionDomain;)Ljava/lang/Class;' in 'java/lang/ClassLoader')}
  0x0000027966f48f60: 00c3 49ba | d0ef 3f00 | 7902 0000 | 4c89 5424 | 0848 c704 | 24ff ffff 

  0x0000027966f48f78: ;   {runtime_call counter_overflow Runtime1 stub}
  0x0000027966f48f78: ffe8 820c 

  0x0000027966f48f7c: ; ImmutableOopMap {rdx=Oop r8=Oop r9=Oop rcx=Oop [120]=Oop }
                      ;*synchronization entry
                      ; - java.lang.ClassLoader::defineClass@-1 (line 1021)
  0x0000027966f48f7c: 4607 e987 

  0x0000027966f48f80: ;   {metadata({method} {0x00000279003fecc0} 'defineClassSourceLocation' '(Ljava/security/ProtectionDomain;)Ljava/lang/String;' in 'java/lang/ClassLoader')}
  0x0000027966f48f80: fcff ff49 | bab8 ec3f | 0079 0200 | 004c 8954 | 2408 48c7 | 0424 ffff 

  0x0000027966f48f98: ;   {runtime_call counter_overflow Runtime1 stub}
  0x0000027966f48f98: ffff e861 

  0x0000027966f48f9c: ; ImmutableOopMap {rax=Oop [120]=Oop [128]=Oop [136]=Oop [152]=Oop }
                      ;*synchronization entry
                      ; - java.lang.ClassLoader::defineClassSourceLocation@-1 (line 922)
                      ; - java.lang.ClassLoader::defineClass@12 (line 1022)
  0x0000027966f48f9c: 0c46 07e9 | 00fd ffff 

  0x0000027966f48fa4: ;   {runtime_call throw_null_pointer_exception Runtime1 stub}
  0x0000027966f48fa4: e857 bb45 

  0x0000027966f48fa8: ; ImmutableOopMap {rax=Oop [120]=Oop [128]=Oop [136]=Oop [152]=Oop }
                      ;*invokevirtual getCodeSource {reexecute=0 rethrow=0 return_oop=0}
                      ; - java.lang.ClassLoader::defineClassSourceLocation@1 (line 922)
                      ; - java.lang.ClassLoader::defineClass@12 (line 1022)
                      ;   {runtime_call throw_null_pointer_exception Runtime1 stub}
  0x0000027966f48fa8: 07e8 52bb 

  0x0000027966f48fac: ; ImmutableOopMap {rax=Oop r8=Oop [120]=Oop [128]=Oop [136]=Oop [152]=Oop }
                      ;*invokevirtual getLocation {reexecute=0 rethrow=0 return_oop=0}
                      ; - java.lang.ClassLoader::defineClassSourceLocation@12 (line 924)
                      ; - java.lang.ClassLoader::defineClass@12 (line 1022)
                      ;   {runtime_call throw_null_pointer_exception Runtime1 stub}
  0x0000027966f48fac: 4507 e84d 

  0x0000027966f48fb0: ; ImmutableOopMap {rdx=Oop [120]=Oop [128]=Oop [136]=Oop [152]=Oop }
                      ;*invokevirtual toString {reexecute=0 rethrow=0 return_oop=0}
                      ; - java.lang.ClassLoader::defineClassSourceLocation@22 (line 925)
                      ; - java.lang.ClassLoader::defineClass@12 (line 1022)
                      ;   {metadata({method} {0x000002790001a690} 'toString' '()Ljava/lang/String;' in 'java/net/URL')}
  0x0000027966f48fb0: bb45 0749 | ba88 a601 | 0079 0200 | 004c 8954 | 2408 48c7 | 0424 ffff 

  0x0000027966f48fc8: ;   {runtime_call counter_overflow Runtime1 stub}
  0x0000027966f48fc8: ffff e831 

  0x0000027966f48fcc: ; ImmutableOopMap {rdx=Oop [120]=Oop [128]=Oop [136]=Oop [152]=Oop }
                      ;*synchronization entry
                      ; - java.net.URL::toString@-1 (line 1189)
                      ; - java.lang.ClassLoader::defineClassSourceLocation@22 (line 925)
                      ; - java.lang.ClassLoader::defineClass@12 (line 1022)
  0x0000027966f48fcc: 0c46 07e9 | dffd ffff 

  0x0000027966f48fd4: ;   {metadata({method} {0x00000279003f38b8} 'toExternalForm' '()Ljava/lang/String;' in 'java/net/URL')}
  0x0000027966f48fd4: 49ba b038 | 3f00 7902 | 0000 4c89 | 5424 0848 | c704 24ff 

  0x0000027966f48fe8: ;   {runtime_call counter_overflow Runtime1 stub}
  0x0000027966f48fe8: ffff ffe8 

  0x0000027966f48fec: ; ImmutableOopMap {rdx=Oop [120]=Oop [128]=Oop [136]=Oop [152]=Oop }
                      ;*synchronization entry
                      ; - java.net.URL::toExternalForm@-1 (line 1203)
                      ; - java.net.URL::toString@1 (line 1189)
                      ; - java.lang.ClassLoader::defineClassSourceLocation@22 (line 925)
                      ; - java.lang.ClassLoader::defineClass@12 (line 1022)
  0x0000027966f48fec: 100c 4607 | e9fc fdff 

  0x0000027966f48ff4: ;   {runtime_call throw_null_pointer_exception Runtime1 stub}
  0x0000027966f48ff4: ffe8 06bb 

  0x0000027966f48ff8: ; ImmutableOopMap {rdx=Oop rsi=Oop [120]=Oop [128]=Oop [136]=Oop [152]=Oop }
                      ;*invokevirtual toExternalForm {reexecute=0 rethrow=0 return_oop=0}
                      ; - java.net.URL::toExternalForm@5 (line 1203)
                      ; - java.net.URL::toString@1 (line 1189)
                      ; - java.lang.ClassLoader::defineClassSourceLocation@22 (line 925)
                      ; - java.lang.ClassLoader::defineClass@12 (line 1022)
                      ;   {internal_word}
  0x0000027966f48ff8: 4507 49ba | 548f f466 | 7902 0000 | 4d89 9770 

  0x0000027966f49008: ;   {runtime_call SafepointBlob}
  0x0000027966f49008: 0400 00e9 | f0c6 3807 | 498b 8708 | 0500 0049 | c787 0805 | 0000 0000 | 0000 49c7 | 8710 0500 
  0x0000027966f49028: 0000 0000 | 0048 81c4 | b000 0000 

  0x0000027966f49034: ;   {runtime_call unwind_exception Runtime1 stub}
  0x0000027966f49034: 5de9 c6ab | 4507 f4f4 | f4f4 f4f4 
[Stub Code]
  0x0000027966f49040: ;   {no_reloc}
  0x0000027966f49040: 0f1f 4400 

  0x0000027966f49044: ;   {static_stub}
  0x0000027966f49044: 0048 bb00 | 0000 0000 

  0x0000027966f4904c: ;   {runtime_call}
  0x0000027966f4904c: 0000 00e9 | fbff ffff 

  0x0000027966f49054: ;   {static_stub}
  0x0000027966f49054: 48bb 0000 | 0000 0000 

  0x0000027966f4905c: ;   {runtime_call}
  0x0000027966f4905c: 0000 e9fb 

  0x0000027966f49060: ;   {static_stub}
  0x0000027966f49060: ffff ff48 | bb00 0000 | 0000 0000 

  0x0000027966f4906c: ;   {runtime_call}
  0x0000027966f4906c: 00e9 fbff 

  0x0000027966f49070: ;   {static_stub}
  0x0000027966f49070: ffff 48bb | 0000 0000 | 0000 0000 

  0x0000027966f4907c: ;   {runtime_call}
  0x0000027966f4907c: e9fb ffff 

  0x0000027966f49080: ;   {runtime_call handle_exception_from_callee Runtime1 stub}
  0x0000027966f49080: ffe8 7ad8 

  0x0000027966f49084: ;   {external_word}
  0x0000027966f49084: 4507 48b9 | c028 36aa | fb7f 0000 | 4883 e4f0 

  0x0000027966f49094: ;   {runtime_call}
  0x0000027966f49094: 48b8 9095 | fda9 fb7f | 0000 ffd0 

  0x0000027966f490a0: ;   {section_word}
  0x0000027966f490a0: f449 baa1 | 90f4 6679 | 0200 0041 

  0x0000027966f490ac: ;   {runtime_call DeoptimizationBlob}
  0x0000027966f490ac: 52e9 eeb8 | 3807 f4f4 | f4f4 f4f4 
[/MachCode]


Compiled method (c1) 81168  910       3       java.security.SecureClassLoader::defineClass (16 bytes)
 total in heap  [0x0000027966eee710,0x0000027966eeeb10] = 1024
 relocation     [0x0000027966eee868,0x0000027966eee8b8] = 80
 main code      [0x0000027966eee8c0,0x0000027966eeea18] = 344
 stub code      [0x0000027966eeea18,0x0000027966eeea68] = 80
 metadata       [0x0000027966eeea68,0x0000027966eeea70] = 8
 scopes data    [0x0000027966eeea70,0x0000027966eeeab8] = 72
 scopes pcs     [0x0000027966eeeab8,0x0000027966eeeb08] = 80
 dependencies   [0x0000027966eeeb08,0x0000027966eeeb10] = 8

[Constant Pool (empty)]

[MachCode]
[Entry Point]
  # {method} {0x00000279000438c0} 'defineClass' '(Ljava/lang/String;[BIILjava/security/CodeSource;)Ljava/lang/Class;' in 'java/security/SecureClassLoader'
  # this:     rdx:rdx   = 'java/security/SecureClassLoader'
  # parm0:    r8:r8     = 'java/lang/String'
  # parm1:    r9:r9     = '[B'
  # parm2:    rdi       = int
  # parm3:    rsi       = int
  # parm4:    rcx:rcx   = 'java/security/CodeSource'
  #           [sp+0x80]  (sp of caller)
  0x0000027966eee8c0: 448b 5208 | 49bb 0000 | 0000 7902 | 0000 4d03 | d34c 3bd0 

  0x0000027966eee8d4: ;   {runtime_call ic_miss_stub}
  0x0000027966eee8d4: 0f85 a6fe | 3d07 660f | 1f44 0000 
[Verified Entry Point]
  0x0000027966eee8e0: 8984 2400 | 80ff ff55 | 4883 ec70 | 4181 7f20 | 0100 0000 

  0x0000027966eee8f4: ;   {runtime_call StubRoutines (final stubs)}
  0x0000027966eee8f4: 7405 e8e5 

  0x0000027966eee8f8: ;   {metadata(method data for {method} {0x00000279000438c0} 'defineClass' '(Ljava/lang/String;[BIILjava/security/CodeSource;)Ljava/lang/Class;' in 'java/security/SecureClassLoader')}
  0x0000027966eee8f8: 633c 0748 | bb08 fb18 | 4179 0200 | 008b 83cc | 0000 0083 | c002 8983 | cc00 0000 | 25fe 0700 
  0x0000027966eee918: 0085 c00f | 8496 0000 | 0089 7424 | 5c89 7c24 | 584c 894c | 2450 4c89 | 4424 4848 

  0x0000027966eee934: ;   {metadata(method data for {method} {0x00000279000438c0} 'defineClass' '(Ljava/lang/String;[BIILjava/security/CodeSource;)Ljava/lang/Class;' in 'java/security/SecureClassLoader')}
  0x0000027966eee934: 8bda 48b8 | 08fb 1841 | 7902 0000 | 4883 8018 | 0100 0001 | 4c8b c148 | 8bc2 488b | d048 8944 
  0x0000027966eee954: ;   {optimized virtual_call}
  0x0000027966eee954: 2440 90e8 

  0x0000027966eee958: ; ImmutableOopMap {[64]=Oop [72]=Oop [80]=Oop }
                      ;*invokevirtual getProtectionDomain {reexecute=0 rethrow=0 return_oop=0}
                      ; - java.security.SecureClassLoader::defineClass@9 (line 150)
  0x0000027966eee958: 4464 fdff 

  0x0000027966eee95c: ;   {other}
  0x0000027966eee95c: 0f1f 8400 | 4c02 0000 | 488b 5424 

  0x0000027966eee968: ;   {metadata(method data for {method} {0x00000279000438c0} 'defineClass' '(Ljava/lang/String;[BIILjava/security/CodeSource;)Ljava/lang/Class;' in 'java/security/SecureClassLoader')}
  0x0000027966eee968: 4049 b808 | fb18 4179 | 0200 0049 | 8380 4801 | 0000 014c | 8b44 2448 | 4c8b 4c24 | 508b 7c24 
  0x0000027966eee988: 588b 7424 | 5c48 8bc8 | 488b 5424 

  0x0000027966eee994: ;   {optimized virtual_call}
  0x0000027966eee994: 4066 90e8 

  0x0000027966eee998: ; ImmutableOopMap {}
                      ;*invokevirtual defineClass {reexecute=0 rethrow=0 return_oop=0}
                      ; - java.security.SecureClassLoader::defineClass@12 (line 150)
  0x0000027966eee998: 24a2 0500 

  0x0000027966eee99c: ;   {other}
  0x0000027966eee99c: 0f1f 8400 | 8c02 0001 | 4883 c470 

  0x0000027966eee9a8: ;   {poll_return}
  0x0000027966eee9a8: 5d49 3ba7 | 5804 0000 | 0f87 2200 

  0x0000027966eee9b4: ;   {metadata({method} {0x00000279000438c0} 'defineClass' '(Ljava/lang/String;[BIILjava/security/CodeSource;)Ljava/lang/Class;' in 'java/security/SecureClassLoader')}
  0x0000027966eee9b4: 0000 c349 | bab8 3804 | 0079 0200 | 004c 8954 | 2408 48c7 | 0424 ffff 

  0x0000027966eee9cc: ;   {runtime_call counter_overflow Runtime1 stub}
  0x0000027966eee9cc: ffff e82d 

  0x0000027966eee9d0: ; ImmutableOopMap {rdx=Oop r8=Oop r9=Oop rcx=Oop }
                      ;*synchronization entry
                      ; - java.security.SecureClassLoader::defineClass@-1 (line 150)
  0x0000027966eee9d0: b24b 07e9 | 49ff ffff 

  0x0000027966eee9d8: ;   {internal_word}
  0x0000027966eee9d8: 49ba a9e9 | ee66 7902 | 0000 4d89 | 9770 0400 

  0x0000027966eee9e8: ;   {runtime_call SafepointBlob}
  0x0000027966eee9e8: 00e9 126d | 3e07 498b | 8708 0500 | 0049 c787 | 0805 0000 | 0000 0000 | 49c7 8710 | 0500 0000 
  0x0000027966eeea08: 0000 0048 | 83c4 705d 

  0x0000027966eeea10: ;   {runtime_call unwind_exception Runtime1 stub}
  0x0000027966eeea10: e9eb 514b | 07f4 f4f4 
[Stub Code]
  0x0000027966eeea18: ;   {no_reloc}
  0x0000027966eeea18: 48bb 0000 | 0000 0000 

  0x0000027966eeea20: ;   {runtime_call}
  0x0000027966eeea20: 0000 e9fb 

  0x0000027966eeea24: ;   {static_stub}
  0x0000027966eeea24: ffff ff48 | bbd0 ef3f | 0079 0200 

  0x0000027966eeea30: ;   {runtime_call I2C/C2I adapters}
  0x0000027966eeea30: 00e9 3f27 

  0x0000027966eeea34: ;   {runtime_call handle_exception_from_callee Runtime1 stub}
  0x0000027966eeea34: 3d07 e8c5 

  0x0000027966eeea38: ;   {external_word}
  0x0000027966eeea38: 7e4b 0748 | b9c0 2836 | aafb 7f00 | 0048 83e4 

  0x0000027966eeea48: ;   {runtime_call}
  0x0000027966eeea48: f048 b890 | 95fd a9fb | 7f00 00ff 

  0x0000027966eeea54: ;   {section_word}
  0x0000027966eeea54: d0f4 49ba | 56ea ee66 | 7902 0000 

  0x0000027966eeea60: ;   {runtime_call DeoptimizationBlob}
  0x0000027966eeea60: 4152 e939 | 5f3e 07f4 
[/MachCode]


---------------  P R O C E S S  ---------------

Threads class SMR info:
_java_thread_list=0x0000027945b71e20, length=11, elements={
0x000002795c87f710, 0x000002797d38fa00, 0x000002797d390770, 0x000002797d3943a0,
0x000002797d394e00, 0x000002797d399870, 0x000002797d39a2d0, 0x000002797d39b210,
0x0000027945170380, 0x00000279451ff1f0, 0x0000027945202080
}

Java Threads: ( => current thread )
=>0x000002795c87f710 JavaThread "main"                              [_thread_in_vm, id=29904, stack(0x000000f47bf00000,0x000000f47c000000) (1024K)]
  0x000002797d38fa00 JavaThread "Reference Handler"          daemon [_thread_blocked, id=29764, stack(0x000000f47c800000,0x000000f47c900000) (1024K)]
  0x000002797d390770 JavaThread "Finalizer"                  daemon [_thread_blocked, id=16752, stack(0x000000f47c900000,0x000000f47ca00000) (1024K)]
  0x000002797d3943a0 JavaThread "Signal Dispatcher"          daemon [_thread_blocked, id=31804, stack(0x000000f47ca00000,0x000000f47cb00000) (1024K)]
  0x000002797d394e00 JavaThread "Attach Listener"            daemon [_thread_blocked, id=31808, stack(0x000000f47cb00000,0x000000f47cc00000) (1024K)]
  0x000002797d399870 JavaThread "Service Thread"             daemon [_thread_blocked, id=31812, stack(0x000000f47cc00000,0x000000f47cd00000) (1024K)]
  0x000002797d39a2d0 JavaThread "Monitor Deflation Thread"   daemon [_thread_blocked, id=31816, stack(0x000000f47cd00000,0x000000f47ce00000) (1024K)]
  0x000002797d39b210 JavaThread "C2 CompilerThread0"         daemon [_thread_blocked, id=31820, stack(0x000000f47ce00000,0x000000f47cf00000) (1024K)]
  0x0000027945170380 JavaThread "C1 CompilerThread0"         daemon [_thread_blocked, id=31856, stack(0x000000f47cf00000,0x000000f47d000000) (1024K)]
  0x00000279451ff1f0 JavaThread "Notification Thread"        daemon [_thread_blocked, id=31960, stack(0x000000f47d000000,0x000000f47d100000) (1024K)]
  0x0000027945202080 JavaThread "Common-Cleaner"             daemon [_thread_blocked, id=31964, stack(0x000000f47d100000,0x000000f47d200000) (1024K)]
Total: 11

Other Threads:
  0x000002797d373580 VMThread "VM Thread"                           [id=28760, stack(0x000000f47c700000,0x000000f47c800000) (1024K)] _threads_hazard_ptr=0x0000027945b71e20
  0x000002797d35c220 WatcherThread "VM Periodic Task Thread"        [id=30180, stack(0x000000f47c600000,0x000000f47c700000) (1024K)]
  0x000002795ea6d9c0 WorkerThread "GC Thread#0"                     [id=31708, stack(0x000000f47c100000,0x000000f47c200000) (1024K)]
  0x0000027945d3e690 WorkerThread "GC Thread#1"                     [id=24200, stack(0x000000f47d300000,0x000000f47d400000) (1024K)]
  0x0000027945d3ea40 WorkerThread "GC Thread#2"                     [id=24264, stack(0x000000f47d400000,0x000000f47d500000) (1024K)]
  0x000002794616b030 WorkerThread "GC Thread#3"                     [id=5672, stack(0x000000f47d500000,0x000000f47d600000) (1024K)]
  0x000002794616b3e0 WorkerThread "GC Thread#4"                     [id=22964, stack(0x000000f47d600000,0x000000f47d700000) (1024K)]
  0x0000027946154970 WorkerThread "GC Thread#5"                     [id=43156, stack(0x000000f47d700000,0x000000f47d800000) (1024K)]
  0x0000027946154d20 WorkerThread "GC Thread#6"                     [id=43160, stack(0x000000f47d800000,0x000000f47d900000) (1024K)]
  0x00000279461550d0 WorkerThread "GC Thread#7"                     [id=43164, stack(0x000000f47d900000,0x000000f47da00000) (1024K)]
  0x0000027946155480 WorkerThread "GC Thread#8"                     [id=43168, stack(0x000000f47da00000,0x000000f47db00000) (1024K)]
  0x000002795ea7c3c0 ConcurrentGCThread "G1 Main Marker"            [id=31712, stack(0x000000f47c200000,0x000000f47c300000) (1024K)]
  0x000002795ea7cdd0 WorkerThread "G1 Conc#0"                       [id=31716, stack(0x000000f47c300000,0x000000f47c400000) (1024K)]
  0x000002797d230970 ConcurrentGCThread "G1 Refine#0"               [id=30764, stack(0x000000f47c400000,0x000000f47c500000) (1024K)]
  0x000002797d231300 ConcurrentGCThread "G1 Service"                [id=30736, stack(0x000000f47c500000,0x000000f47c600000) (1024K)]
Total: 15

Threads with active compile tasks:
Total: 0

VM state: synchronizing (normal execution)

VM Mutex/Monitor currently owned by a thread:  ([mutex/lock_event])
[0x00007ffbaa60ab48] Metaspace_lock - owner thread: 0x000002795c87f710
[0x00007ffbaa60cbc8] Threads_lock - owner thread: 0x000002797d373580

Heap address: 0x0000000724e00000, size: 3506 MB, Compressed Oops mode: Zero based, Oop shift amount: 3

CDS archive(s) mapped at: [0x0000027900000000-0x0000027900c60000-0x0000027900c60000), size 12976128, SharedBaseAddress: 0x0000027900000000, ArchiveRelocationMode: 1.
Compressed class space mapped at: 0x0000027901000000-0x0000027941000000, reserved size: 1073741824
Narrow klass base: 0x0000027900000000, Narrow klass shift: 0, Narrow klass range: 0x41000000

GC Precious Log:
 CardTable entry size: 512
 Card Set container configuration: InlinePtr #cards 4 size 8 Array Of Cards #cards 16 size 48 Howl #buckets 8 coarsen threshold 3686 Howl Bitmap #cards 512 size 80 coarsen threshold 460 Card regions per heap region 1 cards per card region 4096
 CPUs: 12 total, 12 available
 Memory: 14020M
 Large Page Support: Disabled
 NUMA Support: Disabled
 Compressed Oops: Enabled (Zero based)
 Heap Region Size: 2M
 Heap Min Capacity: 8M
 Heap Initial Capacity: 220M
 Heap Max Capacity: 3506M
 Pre-touch: Disabled
 Parallel Workers: 10
 Concurrent Workers: 3
 Concurrent Refinement Workers: 10
 Periodic GC: Disabled

Heap:
 garbage-first heap   total reserved 3590144K, committed 225280K, used 20288K [0x0000000724e00000, 0x0000000800000000)
  region size 2048K, 11 young (22528K), 2 survivors (4096K)
 Metaspace       used 7621K, committed 7744K, reserved 1114112K
  class space    used 900K, committed 960K, reserved 1048576K

Heap Regions: E=young(eden), S=young(survivor), O=old, HS=humongous(starts), HC=humongous(continues), CS=collection set, F=free, TAMS=top-at-mark-start, PB=parsable bottom
|   0|0x0000000724e00000, 0x0000000724e00000, 0x0000000725000000|  0%| F|  |TAMS 0x0000000724e00000| PB 0x0000000724e00000| Untracked |  0
|   1|0x0000000725000000, 0x0000000725000000, 0x0000000725200000|  0%| F|  |TAMS 0x0000000725000000| PB 0x0000000725000000| Untracked |  0
|   2|0x0000000725200000, 0x0000000725200000, 0x0000000725400000|  0%| F|  |TAMS 0x0000000725200000| PB 0x0000000725200000| Untracked |  0
|   3|0x0000000725400000, 0x0000000725400000, 0x0000000725600000|  0%| F|  |TAMS 0x0000000725400000| PB 0x0000000725400000| Untracked |  0
|   4|0x0000000725600000, 0x0000000725600000, 0x0000000725800000|  0%| F|  |TAMS 0x0000000725600000| PB 0x0000000725600000| Untracked |  0
|   5|0x0000000725800000, 0x0000000725800000, 0x0000000725a00000|  0%| F|  |TAMS 0x0000000725800000| PB 0x0000000725800000| Untracked |  0
|   6|0x0000000725a00000, 0x0000000725a00000, 0x0000000725c00000|  0%| F|  |TAMS 0x0000000725a00000| PB 0x0000000725a00000| Untracked |  0
|   7|0x0000000725c00000, 0x0000000725c00000, 0x0000000725e00000|  0%| F|  |TAMS 0x0000000725c00000| PB 0x0000000725c00000| Untracked |  0
|   8|0x0000000725e00000, 0x0000000725e00000, 0x0000000726000000|  0%| F|  |TAMS 0x0000000725e00000| PB 0x0000000725e00000| Untracked |  0
|   9|0x0000000726000000, 0x0000000726000000, 0x0000000726200000|  0%| F|  |TAMS 0x0000000726000000| PB 0x0000000726000000| Untracked |  0
|  10|0x0000000726200000, 0x0000000726200000, 0x0000000726400000|  0%| F|  |TAMS 0x0000000726200000| PB 0x0000000726200000| Untracked |  0
|  11|0x0000000726400000, 0x0000000726400000, 0x0000000726600000|  0%| F|  |TAMS 0x0000000726400000| PB 0x0000000726400000| Untracked |  0
|  12|0x0000000726600000, 0x0000000726600000, 0x0000000726800000|  0%| F|  |TAMS 0x0000000726600000| PB 0x0000000726600000| Untracked |  0
|  13|0x0000000726800000, 0x0000000726800000, 0x0000000726a00000|  0%| F|  |TAMS 0x0000000726800000| PB 0x0000000726800000| Untracked |  0
|  14|0x0000000726a00000, 0x0000000726a00000, 0x0000000726c00000|  0%| F|  |TAMS 0x0000000726a00000| PB 0x0000000726a00000| Untracked |  0
|  15|0x0000000726c00000, 0x0000000726c00000, 0x0000000726e00000|  0%| F|  |TAMS 0x0000000726c00000| PB 0x0000000726c00000| Untracked |  0
|  16|0x0000000726e00000, 0x0000000726e00000, 0x0000000727000000|  0%| F|  |TAMS 0x0000000726e00000| PB 0x0000000726e00000| Untracked |  0
|  17|0x0000000727000000, 0x0000000727000000, 0x0000000727200000|  0%| F|  |TAMS 0x0000000727000000| PB 0x0000000727000000| Untracked |  0
|  18|0x0000000727200000, 0x0000000727200000, 0x0000000727400000|  0%| F|  |TAMS 0x0000000727200000| PB 0x0000000727200000| Untracked |  0
|  19|0x0000000727400000, 0x0000000727400000, 0x0000000727600000|  0%| F|  |TAMS 0x0000000727400000| PB 0x0000000727400000| Untracked |  0
|  20|0x0000000727600000, 0x0000000727600000, 0x0000000727800000|  0%| F|  |TAMS 0x0000000727600000| PB 0x0000000727600000| Untracked |  0
|  21|0x0000000727800000, 0x0000000727800000, 0x0000000727a00000|  0%| F|  |TAMS 0x0000000727800000| PB 0x0000000727800000| Untracked |  0
|  22|0x0000000727a00000, 0x0000000727a00000, 0x0000000727c00000|  0%| F|  |TAMS 0x0000000727a00000| PB 0x0000000727a00000| Untracked |  0
|  23|0x0000000727c00000, 0x0000000727c00000, 0x0000000727e00000|  0%| F|  |TAMS 0x0000000727c00000| PB 0x0000000727c00000| Untracked |  0
|  24|0x0000000727e00000, 0x0000000727e00000, 0x0000000728000000|  0%| F|  |TAMS 0x0000000727e00000| PB 0x0000000727e00000| Untracked |  0
|  25|0x0000000728000000, 0x0000000728000000, 0x0000000728200000|  0%| F|  |TAMS 0x0000000728000000| PB 0x0000000728000000| Untracked |  0
|  26|0x0000000728200000, 0x0000000728200000, 0x0000000728400000|  0%| F|  |TAMS 0x0000000728200000| PB 0x0000000728200000| Untracked |  0
|  27|0x0000000728400000, 0x0000000728400000, 0x0000000728600000|  0%| F|  |TAMS 0x0000000728400000| PB 0x0000000728400000| Untracked |  0
|  28|0x0000000728600000, 0x0000000728600000, 0x0000000728800000|  0%| F|  |TAMS 0x0000000728600000| PB 0x0000000728600000| Untracked |  0
|  29|0x0000000728800000, 0x0000000728800000, 0x0000000728a00000|  0%| F|  |TAMS 0x0000000728800000| PB 0x0000000728800000| Untracked |  0
|  30|0x0000000728a00000, 0x0000000728a00000, 0x0000000728c00000|  0%| F|  |TAMS 0x0000000728a00000| PB 0x0000000728a00000| Untracked |  0
|  31|0x0000000728c00000, 0x0000000728c00000, 0x0000000728e00000|  0%| F|  |TAMS 0x0000000728c00000| PB 0x0000000728c00000| Untracked |  0
|  32|0x0000000728e00000, 0x0000000728e00000, 0x0000000729000000|  0%| F|  |TAMS 0x0000000728e00000| PB 0x0000000728e00000| Untracked |  0
|  33|0x0000000729000000, 0x0000000729000000, 0x0000000729200000|  0%| F|  |TAMS 0x0000000729000000| PB 0x0000000729000000| Untracked |  0
|  34|0x0000000729200000, 0x0000000729200000, 0x0000000729400000|  0%| F|  |TAMS 0x0000000729200000| PB 0x0000000729200000| Untracked |  0
|  35|0x0000000729400000, 0x0000000729400000, 0x0000000729600000|  0%| F|  |TAMS 0x0000000729400000| PB 0x0000000729400000| Untracked |  0
|  36|0x0000000729600000, 0x0000000729600000, 0x0000000729800000|  0%| F|  |TAMS 0x0000000729600000| PB 0x0000000729600000| Untracked |  0
|  37|0x0000000729800000, 0x0000000729800000, 0x0000000729a00000|  0%| F|  |TAMS 0x0000000729800000| PB 0x0000000729800000| Untracked |  0
|  38|0x0000000729a00000, 0x0000000729a00000, 0x0000000729c00000|  0%| F|  |TAMS 0x0000000729a00000| PB 0x0000000729a00000| Untracked |  0
|  39|0x0000000729c00000, 0x0000000729c00000, 0x0000000729e00000|  0%| F|  |TAMS 0x0000000729c00000| PB 0x0000000729c00000| Untracked |  0
|  40|0x0000000729e00000, 0x0000000729e00000, 0x000000072a000000|  0%| F|  |TAMS 0x0000000729e00000| PB 0x0000000729e00000| Untracked |  0
|  41|0x000000072a000000, 0x000000072a000000, 0x000000072a200000|  0%| F|  |TAMS 0x000000072a000000| PB 0x000000072a000000| Untracked |  0
|  42|0x000000072a200000, 0x000000072a200000, 0x000000072a400000|  0%| F|  |TAMS 0x000000072a200000| PB 0x000000072a200000| Untracked |  0
|  43|0x000000072a400000, 0x000000072a400000, 0x000000072a600000|  0%| F|  |TAMS 0x000000072a400000| PB 0x000000072a400000| Untracked |  0
|  44|0x000000072a600000, 0x000000072a600000, 0x000000072a800000|  0%| F|  |TAMS 0x000000072a600000| PB 0x000000072a600000| Untracked |  0
|  45|0x000000072a800000, 0x000000072a800000, 0x000000072aa00000|  0%| F|  |TAMS 0x000000072a800000| PB 0x000000072a800000| Untracked |  0
|  46|0x000000072aa00000, 0x000000072aa00000, 0x000000072ac00000|  0%| F|  |TAMS 0x000000072aa00000| PB 0x000000072aa00000| Untracked |  0
|  47|0x000000072ac00000, 0x000000072ac00000, 0x000000072ae00000|  0%| F|  |TAMS 0x000000072ac00000| PB 0x000000072ac00000| Untracked |  0
|  48|0x000000072ae00000, 0x000000072ae00000, 0x000000072b000000|  0%| F|  |TAMS 0x000000072ae00000| PB 0x000000072ae00000| Untracked |  0
|  49|0x000000072b000000, 0x000000072b000000, 0x000000072b200000|  0%| F|  |TAMS 0x000000072b000000| PB 0x000000072b000000| Untracked |  0
|  50|0x000000072b200000, 0x000000072b200000, 0x000000072b400000|  0%| F|  |TAMS 0x000000072b200000| PB 0x000000072b200000| Untracked |  0
|  51|0x000000072b400000, 0x000000072b400000, 0x000000072b600000|  0%| F|  |TAMS 0x000000072b400000| PB 0x000000072b400000| Untracked |  0
|  52|0x000000072b600000, 0x000000072b600000, 0x000000072b800000|  0%| F|  |TAMS 0x000000072b600000| PB 0x000000072b600000| Untracked |  0
|  53|0x000000072b800000, 0x000000072b800000, 0x000000072ba00000|  0%| F|  |TAMS 0x000000072b800000| PB 0x000000072b800000| Untracked |  0
|  54|0x000000072ba00000, 0x000000072ba00000, 0x000000072bc00000|  0%| F|  |TAMS 0x000000072ba00000| PB 0x000000072ba00000| Untracked |  0
|  55|0x000000072bc00000, 0x000000072bc00000, 0x000000072be00000|  0%| F|  |TAMS 0x000000072bc00000| PB 0x000000072bc00000| Untracked |  0
|  56|0x000000072be00000, 0x000000072be00000, 0x000000072c000000|  0%| F|  |TAMS 0x000000072be00000| PB 0x000000072be00000| Untracked |  0
|  57|0x000000072c000000, 0x000000072c000000, 0x000000072c200000|  0%| F|  |TAMS 0x000000072c000000| PB 0x000000072c000000| Untracked |  0
|  58|0x000000072c200000, 0x000000072c200000, 0x000000072c400000|  0%| F|  |TAMS 0x000000072c200000| PB 0x000000072c200000| Untracked |  0
|  59|0x000000072c400000, 0x000000072c400000, 0x000000072c600000|  0%| F|  |TAMS 0x000000072c400000| PB 0x000000072c400000| Untracked |  0
|  60|0x000000072c600000, 0x000000072c600000, 0x000000072c800000|  0%| F|  |TAMS 0x000000072c600000| PB 0x000000072c600000| Untracked |  0
|  61|0x000000072c800000, 0x000000072c800000, 0x000000072ca00000|  0%| F|  |TAMS 0x000000072c800000| PB 0x000000072c800000| Untracked |  0
|  62|0x000000072ca00000, 0x000000072ca00000, 0x000000072cc00000|  0%| F|  |TAMS 0x000000072ca00000| PB 0x000000072ca00000| Untracked |  0
|  63|0x000000072cc00000, 0x000000072cc00000, 0x000000072ce00000|  0%| F|  |TAMS 0x000000072cc00000| PB 0x000000072cc00000| Untracked |  0
|  64|0x000000072ce00000, 0x000000072ce00000, 0x000000072d000000|  0%| F|  |TAMS 0x000000072ce00000| PB 0x000000072ce00000| Untracked |  0
|  65|0x000000072d000000, 0x000000072d000000, 0x000000072d200000|  0%| F|  |TAMS 0x000000072d000000| PB 0x000000072d000000| Untracked |  0
|  66|0x000000072d200000, 0x000000072d200000, 0x000000072d400000|  0%| F|  |TAMS 0x000000072d200000| PB 0x000000072d200000| Untracked |  0
|  67|0x000000072d400000, 0x000000072d400000, 0x000000072d600000|  0%| F|  |TAMS 0x000000072d400000| PB 0x000000072d400000| Untracked |  0
|  68|0x000000072d600000, 0x000000072d600000, 0x000000072d800000|  0%| F|  |TAMS 0x000000072d600000| PB 0x000000072d600000| Untracked |  0
|  69|0x000000072d800000, 0x000000072d800000, 0x000000072da00000|  0%| F|  |TAMS 0x000000072d800000| PB 0x000000072d800000| Untracked |  0
|  70|0x000000072da00000, 0x000000072da00000, 0x000000072dc00000|  0%| F|  |TAMS 0x000000072da00000| PB 0x000000072da00000| Untracked |  0
|  71|0x000000072dc00000, 0x000000072dc00000, 0x000000072de00000|  0%| F|  |TAMS 0x000000072dc00000| PB 0x000000072dc00000| Untracked |  0
|  72|0x000000072de00000, 0x000000072de00000, 0x000000072e000000|  0%| F|  |TAMS 0x000000072de00000| PB 0x000000072de00000| Untracked |  0
|  73|0x000000072e000000, 0x000000072e000000, 0x000000072e200000|  0%| F|  |TAMS 0x000000072e000000| PB 0x000000072e000000| Untracked |  0
|  74|0x000000072e200000, 0x000000072e200000, 0x000000072e400000|  0%| F|  |TAMS 0x000000072e200000| PB 0x000000072e200000| Untracked |  0
|  75|0x000000072e400000, 0x000000072e400000, 0x000000072e600000|  0%| F|  |TAMS 0x000000072e400000| PB 0x000000072e400000| Untracked |  0
|  76|0x000000072e600000, 0x000000072e600000, 0x000000072e800000|  0%| F|  |TAMS 0x000000072e600000| PB 0x000000072e600000| Untracked |  0
|  77|0x000000072e800000, 0x000000072e800000, 0x000000072ea00000|  0%| F|  |TAMS 0x000000072e800000| PB 0x000000072e800000| Untracked |  0
|  78|0x000000072ea00000, 0x000000072ea00000, 0x000000072ec00000|  0%| F|  |TAMS 0x000000072ea00000| PB 0x000000072ea00000| Untracked |  0
|  79|0x000000072ec00000, 0x000000072ec00000, 0x000000072ee00000|  0%| F|  |TAMS 0x000000072ec00000| PB 0x000000072ec00000| Untracked |  0
|  80|0x000000072ee00000, 0x000000072ee00000, 0x000000072f000000|  0%| F|  |TAMS 0x000000072ee00000| PB 0x000000072ee00000| Untracked |  0
|  81|0x000000072f000000, 0x000000072f000000, 0x000000072f200000|  0%| F|  |TAMS 0x000000072f000000| PB 0x000000072f000000| Untracked |  0
|  82|0x000000072f200000, 0x000000072f200000, 0x000000072f400000|  0%| F|  |TAMS 0x000000072f200000| PB 0x000000072f200000| Untracked |  0
|  83|0x000000072f400000, 0x000000072f400000, 0x000000072f600000|  0%| F|  |TAMS 0x000000072f400000| PB 0x000000072f400000| Untracked |  0
|  84|0x000000072f600000, 0x000000072f600000, 0x000000072f800000|  0%| F|  |TAMS 0x000000072f600000| PB 0x000000072f600000| Untracked |  0
|  85|0x000000072f800000, 0x000000072f800000, 0x000000072fa00000|  0%| F|  |TAMS 0x000000072f800000| PB 0x000000072f800000| Untracked |  0
|  86|0x000000072fa00000, 0x000000072fa00000, 0x000000072fc00000|  0%| F|  |TAMS 0x000000072fa00000| PB 0x000000072fa00000| Untracked |  0
|  87|0x000000072fc00000, 0x000000072fc00000, 0x000000072fe00000|  0%| F|  |TAMS 0x000000072fc00000| PB 0x000000072fc00000| Untracked |  0
|  88|0x000000072fe00000, 0x000000072fe00000, 0x0000000730000000|  0%| F|  |TAMS 0x000000072fe00000| PB 0x000000072fe00000| Untracked |  0
|  89|0x0000000730000000, 0x0000000730000000, 0x0000000730200000|  0%| F|  |TAMS 0x0000000730000000| PB 0x0000000730000000| Untracked |  0
|  90|0x0000000730200000, 0x0000000730200000, 0x0000000730400000|  0%| F|  |TAMS 0x0000000730200000| PB 0x0000000730200000| Untracked |  0
|  91|0x0000000730400000, 0x0000000730400000, 0x0000000730600000|  0%| F|  |TAMS 0x0000000730400000| PB 0x0000000730400000| Untracked |  0
|  92|0x0000000730600000, 0x0000000730600000, 0x0000000730800000|  0%| F|  |TAMS 0x0000000730600000| PB 0x0000000730600000| Untracked |  0
|  93|0x0000000730800000, 0x0000000730800000, 0x0000000730a00000|  0%| F|  |TAMS 0x0000000730800000| PB 0x0000000730800000| Untracked |  0
|  94|0x0000000730a00000, 0x0000000730a00000, 0x0000000730c00000|  0%| F|  |TAMS 0x0000000730a00000| PB 0x0000000730a00000| Untracked |  0
|  95|0x0000000730c00000, 0x0000000730c00000, 0x0000000730e00000|  0%| F|  |TAMS 0x0000000730c00000| PB 0x0000000730c00000| Untracked |  0
|  96|0x0000000730e00000, 0x0000000730fd0000, 0x0000000731000000| 90%| S|CS|TAMS 0x0000000730e00000| PB 0x0000000730e00000| Complete |  0
|  97|0x0000000731000000, 0x0000000731200000, 0x0000000731200000|100%| S|CS|TAMS 0x0000000731000000| PB 0x0000000731000000| Complete |  0
|  98|0x0000000731200000, 0x0000000731200000, 0x0000000731400000|  0%| F|  |TAMS 0x0000000731200000| PB 0x0000000731200000| Untracked |  0
|  99|0x0000000731400000, 0x0000000731400000, 0x0000000731600000|  0%| F|  |TAMS 0x0000000731400000| PB 0x0000000731400000| Untracked |  0
| 100|0x0000000731600000, 0x0000000731600000, 0x0000000731800000|  0%| F|  |TAMS 0x0000000731600000| PB 0x0000000731600000| Untracked |  0
| 101|0x0000000731800000, 0x00000007319ef458, 0x0000000731a00000| 96%| E|  |TAMS 0x0000000731800000| PB 0x0000000731800000| Complete |  0
| 102|0x0000000731a00000, 0x0000000731c00000, 0x0000000731c00000|100%| E|CS|TAMS 0x0000000731a00000| PB 0x0000000731a00000| Complete |  0
| 103|0x0000000731c00000, 0x0000000731e00000, 0x0000000731e00000|100%| E|CS|TAMS 0x0000000731c00000| PB 0x0000000731c00000| Complete |  0
| 104|0x0000000731e00000, 0x0000000732000000, 0x0000000732000000|100%| E|CS|TAMS 0x0000000731e00000| PB 0x0000000731e00000| Complete |  0
| 105|0x0000000732000000, 0x0000000732200000, 0x0000000732200000|100%| E|CS|TAMS 0x0000000732000000| PB 0x0000000732000000| Complete |  0
| 106|0x0000000732200000, 0x0000000732400000, 0x0000000732400000|100%| E|CS|TAMS 0x0000000732200000| PB 0x0000000732200000| Complete |  0
| 107|0x0000000732400000, 0x0000000732600000, 0x0000000732600000|100%| E|CS|TAMS 0x0000000732400000| PB 0x0000000732400000| Complete |  0
| 108|0x0000000732600000, 0x0000000732800000, 0x0000000732800000|100%| E|CS|TAMS 0x0000000732600000| PB 0x0000000732600000| Complete |  0
| 109|0x0000000732800000, 0x0000000732a00000, 0x0000000732a00000|100%| E|CS|TAMS 0x0000000732800000| PB 0x0000000732800000| Complete |  0

Card table byte_map: [0x0000027976980000,0x0000027977060000] _byte_map_base: 0x0000027973059000

Marking Bits: (CMBitMap*) 0x000002795ea6dfd0
 Bits: [0x0000027977060000, 0x000002797a728000)

Polling page: 0x000002795ca10000

Metaspace:

Usage:
  Non-class:      6.56 MB used.
      Class:    900.04 KB used.
       Both:      7.44 MB used.

Virtual space:
  Non-class space:       64.00 MB reserved,       6.62 MB ( 10%) committed,  1 nodes.
      Class space:        1.00 GB reserved,     960.00 KB ( <1%) committed,  1 nodes.
             Both:        1.06 GB reserved,       7.56 MB ( <1%) committed. 

Chunk freelists:
   Non-Class:  7.80 MB
       Class:  15.07 MB
        Both:  22.86 MB

MaxMetaspaceSize: unlimited
CompressedClassSpaceSize: 1.00 GB
Initial GC threshold: 21.00 MB
Current GC threshold: 21.00 MB
CDS: on
 - commit_granule_bytes: 65536.
 - commit_granule_words: 8192.
 - virtual_space_node_default_size: 8388608.
 - enlarge_chunks_in_place: 1.
 - use_allocation_guard: 0.


Internal statistics:

num_allocs_failed_limit: 0.
num_arena_births: 56.
num_arena_deaths: 0.
num_vsnodes_births: 2.
num_vsnodes_deaths: 0.
num_space_committed: 121.
num_space_uncommitted: 0.
num_chunks_returned_to_freelist: 0.
num_chunks_taken_from_freelist: 272.
num_chunk_merges: 0.
num_chunk_splits: 187.
num_chunks_enlarged: 163.
num_inconsistent_stats: 0.

CodeHeap 'non-profiled nmethods': size=120000Kb used=625Kb max_used=625Kb free=119374Kb
 bounds [0x000002796e820000, 0x000002796ea90000, 0x0000027975d50000]
CodeHeap 'profiled nmethods': size=120000Kb used=3116Kb max_used=3116Kb free=116883Kb
 bounds [0x0000027966d50000, 0x0000027967060000, 0x000002796e280000]
CodeHeap 'non-nmethods': size=5760Kb used=1362Kb max_used=1402Kb free=4397Kb
 bounds [0x000002796e280000, 0x000002796e4f0000, 0x000002796e820000]
 total_blobs=2095 nmethods=1630 adapters=370
 compilation: enabled
              stopped_count=0, restarted_count=0
 full_count=0

Compilation events (20 events):
Event: 50.710 Thread 0x0000027945170380 1638       3       java.util.stream.AbstractPipeline::evaluateToArrayNode (78 bytes)
Event: 50.710 Thread 0x0000027945170380 nmethod 1638 0x0000027967052690 code [0x00000279670528a0, 0x0000027967052f70]
Event: 50.710 Thread 0x0000027945170380 1639       3       java.util.stream.Nodes::flatten (70 bytes)
Event: 50.718 Thread 0x0000027945170380 nmethod 1639 0x0000027967053190 code [0x00000279670533e0, 0x0000027967053c50]
Event: 50.718 Thread 0x0000027945170380 1637       3       com.google.inject.internal.MoreTypes::getGenericSupertype (135 bytes)
Event: 50.720 Thread 0x0000027945170380 nmethod 1637 0x0000027967053f10 code [0x00000279670543c0, 0x00000279670564d0]
Event: 50.722 Thread 0x0000027945170380 1640       3       java.util.HashMap::prepareArray (38 bytes)
Event: 50.722 Thread 0x0000027945170380 nmethod 1640 0x0000027967056f90 code [0x0000027967057180, 0x0000027967057740]
Event: 50.723 Thread 0x0000027945170380 1641       3       java.lang.AbstractStringBuilder::<init> (63 bytes)
Event: 50.723 Thread 0x000002797d39b210 1643       4       java.util.Comparator$$Lambda/0x00000279010694e8::compare (16 bytes)
Event: 50.723 Thread 0x0000027945170380 nmethod 1641 0x0000027967057910 code [0x0000027967057b00, 0x00000279670580b8]
Event: 50.724 Thread 0x0000027945170380 1642       3       sun.reflect.generics.factory.CoreReflectionFactory::getDeclsLoader (87 bytes)
Event: 50.724 Thread 0x0000027945170380 nmethod 1642 0x0000027967058310 code [0x0000027967058540, 0x0000027967059050]
Event: 50.792 Thread 0x0000027945170380 1644       3       java.lang.reflect.Field::<init> (50 bytes)
Event: 50.792 Thread 0x000002797d39b210 nmethod 1643 0x000002796e8bb290 code [0x000002796e8bb4e0, 0x000002796e8bbec8]
Event: 50.792 Thread 0x0000027945170380 nmethod 1644 0x0000027967059310 code [0x00000279670594c0, 0x00000279670598a0]
Event: 50.798 Thread 0x0000027945170380 1645       3       sun.nio.fs.WindowsFileSystem::getPath (106 bytes)
Event: 50.800 Thread 0x0000027945170380 nmethod 1645 0x0000027967059990 code [0x0000027967059c00, 0x000002796705a5f0]
Event: 50.800 Thread 0x0000027945170380 1646       3       sun.nio.fs.WindowsPath::parse (26 bytes)
Event: 50.800 Thread 0x0000027945170380 nmethod 1646 0x000002796705aa90 code [0x000002796705ac60, 0x000002796705b120]

GC Heap History (2 events):
Event: 41.841 GC heap before
{Heap before GC invocations=0 (full 0):
 garbage-first heap   total reserved 3590144K, committed 225280K, used 24576K [0x0000000724e00000, 0x0000000800000000)
  region size 2048K, 12 young (24576K), 0 survivors (0K)
 Metaspace       used 5691K, committed 5888K, reserved 1114112K
  class space    used 673K, committed 768K, reserved 1048576K
}
Event: 42.730 GC heap after
{Heap after GC invocations=1 (full 0):
 garbage-first heap   total reserved 3590144K, committed 225280K, used 3904K [0x0000000724e00000, 0x0000000800000000)
  region size 2048K, 2 young (4096K), 2 survivors (4096K)
 Metaspace       used 5691K, committed 5888K, reserved 1114112K
  class space    used 673K, committed 768K, reserved 1048576K
}

Dll operation events (8 events):
Event: 1.941 Loaded shared library C:\Program Files\Java\jdk-22\bin\java.dll
Event: 2.118 Loaded shared library C:\Program Files\Java\jdk-22\bin\jsvml.dll
Event: 2.420 Loaded shared library C:\Program Files\Java\jdk-22\bin\net.dll
Event: 2.424 Loaded shared library C:\Program Files\Java\jdk-22\bin\nio.dll
Event: 2.429 Loaded shared library C:\Program Files\Java\jdk-22\bin\zip.dll
Event: 27.929 Loaded shared library C:\Program Files\Java\jdk-22\bin\jimage.dll
Event: 27.949 Loaded shared library C:\Program Files\NetBeans-21\netbeans\java\maven\lib\jansi-native\Windows\x86_64\jansi.dll
Event: 28.393 Loaded shared library C:\Program Files\Java\jdk-22\bin\verify.dll

Deoptimization events (20 events):
Event: 42.869 Thread 0x000002795c87f710 Uncommon trap: trap_request=0xffffff45 fr.pc=0x000002796e886abc relative=0x0000000000000adc
Event: 42.869 Thread 0x000002795c87f710 Uncommon trap: reason=unstable_if action=reinterpret pc=0x000002796e886abc method=org.codehaus.plexus.util.xml.pull.MXParser.nextImpl()I @ 241 c2
Event: 42.869 Thread 0x000002795c87f710 DEOPT PACKING pc=0x000002796e886abc sp=0x000000f47bffe0b0
Event: 42.869 Thread 0x000002795c87f710 DEOPT UNPACKING pc=0x000002796e2d46a2 sp=0x000000f47bffe030 mode 2
Event: 46.720 Thread 0x000002795c87f710 Uncommon trap: trap_request=0xffffff45 fr.pc=0x000002796e89a294 relative=0x0000000000000654
Event: 46.720 Thread 0x000002795c87f710 Uncommon trap: reason=unstable_if action=reinterpret pc=0x000002796e89a294 method=java.lang.String.<init>([CIILjava/lang/Void;)V @ 5 c2
Event: 46.720 Thread 0x000002795c87f710 DEOPT PACKING pc=0x000002796e89a294 sp=0x000000f47bffdc60
Event: 46.720 Thread 0x000002795c87f710 DEOPT UNPACKING pc=0x000002796e2d46a2 sp=0x000000f47bffdb00 mode 2
Event: 47.003 Thread 0x000002795c87f710 DEOPT PACKING pc=0x0000027966f58b7b sp=0x000000f47bffde30
Event: 47.003 Thread 0x000002795c87f710 DEOPT UNPACKING pc=0x000002796e2d4e42 sp=0x000000f47bffd2a0 mode 0
Event: 47.042 Thread 0x000002795c87f710 Uncommon trap: trap_request=0xffffff45 fr.pc=0x000002796e8884b0 relative=0x0000000000000310
Event: 47.042 Thread 0x000002795c87f710 Uncommon trap: reason=unstable_if action=reinterpret pc=0x000002796e8884b0 method=java.lang.String.<init>([CIILjava/lang/Void;)V @ 5 c2
Event: 47.042 Thread 0x000002795c87f710 DEOPT PACKING pc=0x000002796e8884b0 sp=0x000000f47bffdb30
Event: 47.042 Thread 0x000002795c87f710 DEOPT UNPACKING pc=0x000002796e2d46a2 sp=0x000000f47bffdaf0 mode 2
Event: 47.051 Thread 0x000002795c87f710 DEOPT PACKING pc=0x0000027966fc751b sp=0x000000f47bffde40
Event: 47.051 Thread 0x000002795c87f710 DEOPT UNPACKING pc=0x000002796e2d4e42 sp=0x000000f47bffd2b0 mode 0
Event: 50.496 Thread 0x000002795c87f710 Uncommon trap: trap_request=0xffffffc6 fr.pc=0x000002796e898630 relative=0x0000000000000330
Event: 50.496 Thread 0x000002795c87f710 Uncommon trap: reason=bimorphic_or_optimized_type_check action=maybe_recompile pc=0x000002796e898630 method=java.util.HashMap.getNode(Ljava/lang/Object;)Ljava/util/HashMap$Node; @ 63 c2
Event: 50.496 Thread 0x000002795c87f710 DEOPT PACKING pc=0x000002796e898630 sp=0x000000f47bffe130
Event: 50.496 Thread 0x000002795c87f710 DEOPT UNPACKING pc=0x000002796e2d46a2 sp=0x000000f47bffe0a8 mode 2

Classes loaded (20 events):
Event: 43.440 Loading class sun/reflect/generics/reflectiveObjects/ParameterizedTypeImpl
Event: 43.441 Loading class sun/reflect/generics/reflectiveObjects/ParameterizedTypeImpl done
Event: 44.684 Loading class jdk/internal/foreign/MemorySessionImpl
Event: 44.684 Loading class java/lang/foreign/MemorySegment$Scope
Event: 44.684 Loading class java/lang/foreign/MemorySegment$Scope done
Event: 44.684 Loading class jdk/internal/foreign/MemorySessionImpl done
Event: 47.747 Loading class java/lang/Deprecated
Event: 47.756 Loading class java/lang/Deprecated done
Event: 50.228 Loading class java/lang/invoke/MethodHandle$1
Event: 50.302 Loading class java/lang/invoke/MethodHandle$1 done
Event: 50.480 Loading class sun/reflect/generics/tree/BottomSignature
Event: 50.480 Loading class sun/reflect/generics/tree/BottomSignature done
Event: 50.480 Loading class sun/reflect/generics/tree/Wildcard
Event: 50.480 Loading class sun/reflect/generics/tree/Wildcard done
Event: 50.480 Loading class sun/reflect/generics/reflectiveObjects/WildcardTypeImpl
Event: 50.480 Loading class sun/reflect/generics/reflectiveObjects/WildcardTypeImpl done
Event: 50.480 Loading class sun/reflect/annotation/AnnotatedTypeFactory$AnnotatedParameterizedTypeImpl
Event: 50.480 Loading class java/lang/reflect/AnnotatedParameterizedType
Event: 50.480 Loading class java/lang/reflect/AnnotatedParameterizedType done
Event: 50.481 Loading class sun/reflect/annotation/AnnotatedTypeFactory$AnnotatedParameterizedTypeImpl done

Classes unloaded (0 events):
No events

Classes redefined (0 events):
No events

Internal exceptions (20 events):
Event: 27.957 Thread 0x000002795c87f710 Exception <a 'java/lang/NullPointerException'{0x000000073256ae30}> (0x000000073256ae30) 
thrown [s\open\src\hotspot\share\interpreter\linkResolver.cpp, line 1374]
Event: 27.957 Thread 0x000002795c87f710 Exception <a 'java/lang/NullPointerException'{0x000000073256b110}> (0x000000073256b110) 
thrown [s\open\src\hotspot\share\interpreter\linkResolver.cpp, line 1374]
Event: 28.388 Thread 0x000002795c87f710 Exception <a 'sun/nio/fs/WindowsException'{0x0000000732594098}> (0x0000000732594098) 
thrown [s\open\src\hotspot\share\prims\jni.cpp, line 520]
Event: 28.389 Thread 0x000002795c87f710 Exception <a 'sun/nio/fs/WindowsException'{0x0000000732594870}> (0x0000000732594870) 
thrown [s\open\src\hotspot\share\prims\jni.cpp, line 520]
Event: 28.389 Thread 0x000002795c87f710 Exception <a 'sun/nio/fs/WindowsException'{0x0000000732594e98}> (0x0000000732594e98) 
thrown [s\open\src\hotspot\share\prims\jni.cpp, line 520]
Event: 28.390 Thread 0x000002795c87f710 Exception <a 'sun/nio/fs/WindowsException'{0x0000000732595498}> (0x0000000732595498) 
thrown [s\open\src\hotspot\share\prims\jni.cpp, line 520]
Event: 28.390 Thread 0x000002795c87f710 Exception <a 'sun/nio/fs/WindowsException'{0x0000000732595a10}> (0x0000000732595a10) 
thrown [s\open\src\hotspot\share\prims\jni.cpp, line 520]
Event: 28.390 Thread 0x000002795c87f710 Exception <a 'sun/nio/fs/WindowsException'{0x0000000732595f68}> (0x0000000732595f68) 
thrown [s\open\src\hotspot\share\prims\jni.cpp, line 520]
Event: 28.390 Thread 0x000002795c87f710 Exception <a 'sun/nio/fs/WindowsException'{0x0000000732596470}> (0x0000000732596470) 
thrown [s\open\src\hotspot\share\prims\jni.cpp, line 520]
Event: 28.390 Thread 0x000002795c87f710 Exception <a 'sun/nio/fs/WindowsException'{0x0000000732596930}> (0x0000000732596930) 
thrown [s\open\src\hotspot\share\prims\jni.cpp, line 520]
Event: 28.809 Thread 0x000002795c87f710 Exception <a 'java/lang/NoSuchMethodError'{0x0000000732208660}: 'void java.lang.invoke.DirectMethodHandle$Holder.invokeStatic(java.lang.Object, java.lang.Object, java.lang.Object)'> (0x0000000732208660) 
thrown [s\open\src\hotspot\share\interpreter\linkResolver.cpp, line 774]
Event: 30.312 Thread 0x000002795c87f710 Exception <a 'java/lang/NoSuchMethodError'{0x00000007323ba940}: 'java.lang.Object java.lang.invoke.DirectMethodHandle$Holder.invokeSpecialIFC(java.lang.Object, java.lang.Object, java.lang.Object, java.lang.Object)'> (0x00000007323ba940) 
thrown [s\open\src\hotspot\share\interpreter\linkResolver.cpp, line 774]
Event: 36.032 Thread 0x000002795c87f710 Exception <a 'java/lang/NoSuchMethodError'{0x0000000731d2d0d8}: 'void java.lang.invoke.DirectMethodHandle$Holder.invokeSpecial(java.lang.Object, java.lang.Object, java.lang.Object)'> (0x0000000731d2d0d8) 
thrown [s\open\src\hotspot\share\interpreter\linkResolver.cpp, line 774]
Event: 36.580 Thread 0x000002795c87f710 Exception <a 'java/lang/NoSuchMethodError'{0x0000000731a6def0}: 'java.lang.Object java.lang.invoke.DirectMethodHandle$Holder.invokeInterface(java.lang.Object, java.lang.Object)'> (0x0000000731a6def0) 
thrown [s\open\src\hotspot\share\interpreter\linkResolver.cpp, line 774]
Event: 36.599 Thread 0x000002795c87f710 Exception <a 'java/lang/NoSuchMethodError'{0x0000000731b00098}: 'int java.lang.invoke.DirectMethodHandle$Holder.invokeStatic(java.lang.Object, java.lang.Object, java.lang.Object, java.lang.Object)'> (0x0000000731b00098) 
thrown [s\open\src\hotspot\share\interpreter\linkResolver.cpp, line 774]
Event: 36.599 Thread 0x000002795c87f710 Exception <a 'java/lang/NoSuchMethodError'{0x0000000731b03758}: 'java.lang.Object java.lang.invoke.Invokers$Holder.invokeExact_MT(java.lang.Object, java.lang.Object, java.lang.Object, java.lang.Object, java.lang.Object, java.lang.Object)'> (0x0000000731b03758) 
thrown [s\open\src\hotspot\share\interpreter\linkResolver.cpp, line 774]
Event: 36.601 Thread 0x000002795c87f710 Exception <a 'java/lang/NoSuchMethodError'{0x0000000731b121c8}: 'int java.lang.invoke.DirectMethodHandle$Holder.invokeSpecialIFC(java.lang.Object, java.lang.Object, java.lang.Object, java.lang.Object, java.lang.Object)'> (0x0000000731b121c8) 
thrown [s\open\src\hotspot\share\interpreter\linkResolver.cpp, line 774]
Event: 39.155 Thread 0x000002795c87f710 Exception <a 'java/lang/NoSuchMethodError'{0x0000000731888528}: 'java.lang.Object java.lang.invoke.DirectMethodHandle$Holder.newInvokeSpecial(java.lang.Object, java.lang.Object, java.lang.Object, java.lang.Object, java.lang.Object)'> (0x0000000731888528) 
thrown [s\open\src\hotspot\share\interpreter\linkResolver.cpp, line 774]
Event: 40.612 Thread 0x000002795c87f710 Exception <a 'java/lang/NoSuchMethodError'{0x000000073197dd90}: 'int java.lang.invoke.DirectMethodHandle$Holder.invokeStaticInit(java.lang.Object, java.lang.Object)'> (0x000000073197dd90) 
thrown [s\open\src\hotspot\share\interpreter\linkResolver.cpp, line 774]
Event: 40.625 Thread 0x000002795c87f710 Exception <a 'java/lang/NoClassDefFoundError'{0x00000007319b1f28}: javax/enterprise/inject/Typed> (0x00000007319b1f28) 
thrown [s\open\src\hotspot\share\classfile\systemDictionary.cpp, line 302]

ZGC Phase Switch (0 events):
No events

VM Operations (20 events):
Event: 39.259 Executing VM operation: Cleanup done
Event: 40.273 Executing VM operation: Cleanup
Event: 40.543 Executing VM operation: Cleanup done
Event: 41.556 Executing VM operation: Cleanup
Event: 41.556 Executing VM operation: Cleanup done
Event: 41.841 Executing VM operation: G1CollectForAllocation (G1 Evacuation Pause)
Event: 42.730 Executing VM operation: G1CollectForAllocation (G1 Evacuation Pause) done
Event: 43.738 Executing VM operation: Cleanup
Event: 43.752 Executing VM operation: Cleanup done
Event: 44.755 Executing VM operation: Cleanup
Event: 44.771 Executing VM operation: Cleanup done
Event: 45.786 Executing VM operation: Cleanup
Event: 45.786 Executing VM operation: Cleanup done
Event: 46.798 Executing VM operation: Cleanup
Event: 46.798 Executing VM operation: Cleanup done
Event: 47.811 Executing VM operation: Cleanup
Event: 47.811 Executing VM operation: Cleanup done
Event: 48.826 Executing VM operation: Cleanup
Event: 48.826 Executing VM operation: Cleanup done
Event: 50.851 Executing VM operation: Cleanup

Events (13 events):
Event: 1.962 Thread 0x000002795c87f710 Thread added: 0x000002795c87f710
Event: 1.979 Thread 0x000002797d38fa00 Thread added: 0x000002797d38fa00
Event: 2.104 Thread 0x000002797d390770 Thread added: 0x000002797d390770
Event: 2.110 Thread 0x000002797d3943a0 Thread added: 0x000002797d3943a0
Event: 2.111 Thread 0x000002797d394e00 Thread added: 0x000002797d394e00
Event: 2.112 Thread 0x000002797d399870 Thread added: 0x000002797d399870
Event: 2.112 Thread 0x000002797d39a2d0 Thread added: 0x000002797d39a2d0
Event: 2.113 Thread 0x000002797d39b210 Thread added: 0x000002797d39b210
Event: 2.171 Thread 0x0000027945170380 Thread added: 0x0000027945170380
Event: 2.298 Thread 0x00000279451ff1f0 Thread added: 0x00000279451ff1f0
Event: 2.302 Thread 0x0000027945202080 Thread added: 0x0000027945202080
Event: 41.177 Thread 0x0000027945d1d830 Thread added: 0x0000027945d1d830
Event: 43.450 Thread 0x0000027945d1d830 Thread exited: 0x0000027945d1d830


Dynamic libraries:
0x00007ff7ed1d0000 - 0x00007ff7ed1e0000 	C:\Program Files\Java\jdk-22\bin\java.exe
0x00007ffc3f9d0000 - 0x00007ffc3fbe7000 	C:\WINDOWS\SYSTEM32\ntdll.dll
0x00007ffc3e920000 - 0x00007ffc3e9e4000 	C:\WINDOWS\System32\KERNEL32.DLL
0x00007ffc3cf80000 - 0x00007ffc3d327000 	C:\WINDOWS\System32\KERNELBASE.dll
0x00007ffc3ce60000 - 0x00007ffc3cf71000 	C:\WINDOWS\System32\ucrtbase.dll
0x00007ffc0f400000 - 0x00007ffc0f417000 	C:\Program Files\Java\jdk-22\bin\jli.dll
0x00007ffc3e9f0000 - 0x00007ffc3eaa2000 	C:\WINDOWS\System32\ADVAPI32.dll
0x00007ffc3eab0000 - 0x00007ffc3eb57000 	C:\WINDOWS\System32\msvcrt.dll
0x00007ffc3dbc0000 - 0x00007ffc3dc68000 	C:\WINDOWS\System32\sechost.dll
0x00007ffc3ce30000 - 0x00007ffc3ce58000 	C:\WINDOWS\System32\bcrypt.dll
0x00007ffc3f650000 - 0x00007ffc3f765000 	C:\WINDOWS\System32\RPCRT4.dll
0x00007ffc3e520000 - 0x00007ffc3e6ce000 	C:\WINDOWS\System32\USER32.dll
0x00007ffc3d4c0000 - 0x00007ffc3d4e6000 	C:\WINDOWS\System32\win32u.dll
0x00007ffc3db70000 - 0x00007ffc3db99000 	C:\WINDOWS\System32\GDI32.dll
0x00007ffc3d3a0000 - 0x00007ffc3d4b9000 	C:\WINDOWS\System32\gdi32full.dll
0x00007ffc3d4f0000 - 0x00007ffc3d58a000 	C:\WINDOWS\System32\msvcp_win.dll
0x00007ffbf78f0000 - 0x00007ffbf790b000 	C:\Program Files\Java\jdk-22\bin\VCRUNTIME140.dll
0x00007ffc10350000 - 0x00007ffc105e3000 	C:\WINDOWS\WinSxS\amd64_microsoft.windows.common-controls_6595b64144ccf1df_6.0.22621.3527_none_270e469b73872a76\COMCTL32.dll
0x00007ffc343d0000 - 0x00007ffc343da000 	C:\WINDOWS\SYSTEM32\VERSION.dll
0x00007ffc3f2b0000 - 0x00007ffc3f2e1000 	C:\WINDOWS\System32\IMM32.DLL
0x00007ffc0e880000 - 0x00007ffc0e88c000 	C:\Program Files\Java\jdk-22\bin\vcruntime140_1.dll
0x00007ffbd0ad0000 - 0x00007ffbd0b5e000 	C:\Program Files\Java\jdk-22\bin\msvcp140.dll
0x00007ffba99a0000 - 0x00007ffbaa6e8000 	C:\Program Files\Java\jdk-22\bin\server\jvm.dll
0x00007ffc3e6d0000 - 0x00007ffc3e741000 	C:\WINDOWS\System32\WS2_32.dll
0x00007ffc3cbb0000 - 0x00007ffc3cbfd000 	C:\WINDOWS\SYSTEM32\POWRPROF.dll
0x00007ffc345c0000 - 0x00007ffc345f4000 	C:\WINDOWS\SYSTEM32\WINMM.dll
0x00007ffc3cb90000 - 0x00007ffc3cba3000 	C:\WINDOWS\SYSTEM32\UMPDC.dll
0x00007ffc3bcd0000 - 0x00007ffc3bce8000 	C:\WINDOWS\SYSTEM32\kernel.appcore.dll
0x00007ffbf77d0000 - 0x00007ffbf77da000 	C:\Program Files\Java\jdk-22\bin\jimage.dll
0x00007ffc3a670000 - 0x00007ffc3a8a2000 	C:\WINDOWS\SYSTEM32\DBGHELP.DLL
0x00007ffc3d700000 - 0x00007ffc3da88000 	C:\WINDOWS\System32\combase.dll
0x00007ffc3da90000 - 0x00007ffc3db67000 	C:\WINDOWS\System32\OLEAUT32.dll
0x00007ffc2a930000 - 0x00007ffc2a962000 	C:\WINDOWS\SYSTEM32\dbgcore.DLL
0x00007ffc3cdb0000 - 0x00007ffc3ce29000 	C:\WINDOWS\System32\bcryptPrimitives.dll
0x00007ffbf78d0000 - 0x00007ffbf78ee000 	C:\Program Files\Java\jdk-22\bin\java.dll
0x00007ffc3dc70000 - 0x00007ffc3e4cc000 	C:\WINDOWS\System32\SHELL32.dll
0x00007ffc3f2f0000 - 0x00007ffc3f495000 	C:\WINDOWS\System32\ole32.dll
0x00007ffc3abe0000 - 0x00007ffc3b4d6000 	C:\WINDOWS\SYSTEM32\windows.storage.dll
0x00007ffc3aaa0000 - 0x00007ffc3abde000 	C:\WINDOWS\SYSTEM32\wintypes.dll
0x00007ffc3ed30000 - 0x00007ffc3ee25000 	C:\WINDOWS\System32\SHCORE.dll
0x00007ffc3ec60000 - 0x00007ffc3ecbe000 	C:\WINDOWS\System32\shlwapi.dll
0x00007ffc3cc20000 - 0x00007ffc3cc41000 	C:\WINDOWS\SYSTEM32\profapi.dll
0x00007ffbdd120000 - 0x00007ffbdd1f7000 	C:\Program Files\Java\jdk-22\bin\jsvml.dll
0x00007ffbf77c0000 - 0x00007ffbf77d0000 	C:\Program Files\Java\jdk-22\bin\net.dll
0x00007ffc3c130000 - 0x00007ffc3c199000 	C:\WINDOWS\system32\mswsock.dll
0x00007ffbdd100000 - 0x00007ffbdd116000 	C:\Program Files\Java\jdk-22\bin\nio.dll
0x00007ffbdd0e0000 - 0x00007ffbdd0f7000 	C:\Program Files\Java\jdk-22\bin\zip.dll
0x0000000069ac0000 - 0x0000000069ae4000 	C:\Program Files\NetBeans-21\netbeans\java\maven\lib\jansi-native\Windows\x86_64\jansi.dll
0x00007ffbf77b0000 - 0x00007ffbf77c0000 	C:\Program Files\Java\jdk-22\bin\verify.dll

dbghelp: loaded successfully - version: 4.0.5 - missing functions: none
symbol engine: initialized successfully - sym options: 0x614 - pdb path: .;C:\Program Files\Java\jdk-22\bin;C:\WINDOWS\SYSTEM32;C:\WINDOWS\WinSxS\amd64_microsoft.windows.common-controls_6595b64144ccf1df_6.0.22621.3527_none_270e469b73872a76;C:\Program Files\Java\jdk-22\bin\server;C:\Program Files\NetBeans-21\netbeans\java\maven\lib\jansi-native\Windows\x86_64

VM Arguments:
jvm_args: -Dclassworlds.conf=C:\Program Files\NetBeans-21\netbeans\java\maven\bin\m2.conf -Dmaven.home=C:\Program Files\NetBeans-21\netbeans\java\maven -Dlibrary.jansi.path=C:\Program Files\NetBeans-21\netbeans\java\maven\lib\jansi-native -Dmaven.multiModuleProjectDirectory=C:\Users\ADMIN\OneDrive\Documents\GitHub\Management_Project_Java\mavenproject1 
java_command: org.codehaus.plexus.classworlds.launcher.Launcher -Dexec.vmArgs=--enable-preview -Dexec.args=${exec.vmArgs} -classpath %classpath ${exec.mainClass} ${exec.appArgs} -Dexec.appArgs= -Dexec.mainClass=GUI.Login -Dexec.executable=C:\Program Files\Java\jdk-22\bin\java.exe -Dmaven.ext.class.path=C:\Program Files\NetBeans-21\netbeans\java\maven-nblib\netbeans-eventspy.jar --no-transfer-progress process-classes org.codehaus.mojo:exec-maven-plugin:3.1.0:exec
java_class_path (initial): C:\Program Files\NetBeans-21\netbeans\java\maven\boot\plexus-classworlds-2.7.0.jar
Launcher Type: SUN_STANDARD

[Global flags]
     intx CICompilerCount                          = 4                                         {product} {ergonomic}
     uint ConcGCThreads                            = 3                                         {product} {ergonomic}
     uint G1ConcRefinementThreads                  = 10                                        {product} {ergonomic}
   size_t G1HeapRegionSize                         = 2097152                                   {product} {ergonomic}
   size_t InitialHeapSize                          = 230686720                                 {product} {ergonomic}
   size_t MarkStackSize                            = 4194304                                   {product} {ergonomic}
   size_t MaxHeapSize                              = 3676307456                                {product} {ergonomic}
   size_t MaxNewSize                               = 2204106752                                {product} {ergonomic}
   size_t MinHeapDeltaBytes                        = 2097152                                   {product} {ergonomic}
   size_t MinHeapSize                              = 8388608                                   {product} {ergonomic}
    uintx NonNMethodCodeHeapSize                   = 5839372                                {pd product} {ergonomic}
    uintx NonProfiledCodeHeapSize                  = 122909434                              {pd product} {ergonomic}
    uintx ProfiledCodeHeapSize                     = 122909434                              {pd product} {ergonomic}
    uintx ReservedCodeCacheSize                    = 251658240                              {pd product} {ergonomic}
     bool SegmentedCodeCache                       = true                                      {product} {ergonomic}
   size_t SoftMaxHeapSize                          = 3676307456                             {manageable} {ergonomic}
     bool UseCompressedOops                        = true                           {product lp64_product} {ergonomic}
     bool UseG1GC                                  = true                                      {product} {ergonomic}
     bool UseLargePagesIndividualAllocation        = false                                  {pd product} {ergonomic}

Logging:
Log output configuration:
 #0: stdout all=warning uptime,level,tags foldmultilines=false
 #1: stderr all=off uptime,level,tags foldmultilines=false

Environment Variables:
JAVA_HOME=C:\Program Files\Java\jdk-22
PATH=C:\Program Files (x86)\VMware\VMware Workstation\bin\;C:\Program Files\Common Files\Oracle\Java\javapath;C:\Program Files (x86)\Common Files\Oracle\Java\javapath;C:\Windows\system32;C:\Windows;C:\Windows\System32\Wbem;C:\Windows\System32\WindowsPowerShell\v1.0\;C:\Windows\System32\OpenSSH\;C:\Program Files (x86)\NVIDIA Corporation\PhysX\Common;C:\Program Files\NVIDIA Corporation\NVIDIA NvDLISR;C:\msys64\mingw64\bin;C:\WINDOWS\system32;C:\WINDOWS;C:\WINDOWS\System32\Wbem;C:\WINDOWS\System32\WindowsPowerShell\v1.0\;C:\WINDOWS\System32\OpenSSH\;C:\Program Files (x86)\Microsoft SQL Server\110\Tools\Binn\;C:\Program Files\Microsoft SQL Server\110\Tools\Binn\;C:\Program Files\Microsoft SQL Server\110\DTS\Binn\;C:\Program Files (x86)\Microsoft SQL Server\110\Tools\Binn\ManagementStudio\;C:\Program Files (x86)\Microsoft SQL Server\110\DTS\Binn\;C:\Program Files\Microsoft SQL Server\150\Tools\Binn\;C:\Program Files\Microsoft SQL Server\Client SDK\ODBC\170\Tools\Binn\;C:\Program Files\dotnet\;C:\Program Files\Git\cmd;C:\Users\ADMIN\AppData\Local\Programs\Python\Python312\Scripts\;C:\Users\ADMIN\AppData\Local\Programs\Python\Python312\;C:\Users\ADMIN\AppData\Local\Programs\Python\Launcher\;C:\Users\ADMIN\AppData\Local\Microsoft\WindowsApps;C:\Users\ADMIN\.dotnet\tools;C:\Users\ADMIN\AppData\Local\Programs\Microsoft VS Code\bin;C:\Users\ADMIN\AppData\Local\GitHubDesktop\bin;C:\Program Files\Java\jdk-22\bin;
USERNAME=ADMIN
OS=Windows_NT
PROCESSOR_IDENTIFIER=AMD64 Family 25 Model 68 Stepping 1, AuthenticAMD
TMP=C:\Users\ADMIN\AppData\Local\Temp
TEMP=C:\Users\ADMIN\AppData\Local\Temp




Periodic native trim disabled

---------------  S Y S T E M  ---------------

OS:
 Windows 11 , 64 bit Build 22621 (10.0.22621.3527)
OS uptime: 1 days 1:44 hours
Hyper-V role detected

CPU: total 12 (initial active 12) (12 cores per cpu, 2 threads per core) family 25 model 68 stepping 1 microcode 0x0, cx8, cmov, fxsr, ht, mmx, 3dnowpref, sse, sse2, sse3, ssse3, sse4a, sse4.1, sse4.2, popcnt, lzcnt, tsc, tscinvbit, avx, avx2, aes, erms, clmul, bmi1, bmi2, adx, sha, fma, vzeroupper, clflush, clflushopt, hv, rdtscp, rdpid, fsrm, f16c, cet_ss
Processor Information for processor 0
  Max Mhz: 3301, Current Mhz: 3301, Mhz Limit: 3301
Processor Information for processor 1
  Max Mhz: 3301, Current Mhz: 3301, Mhz Limit: 3301
Processor Information for processor 2
  Max Mhz: 3301, Current Mhz: 3301, Mhz Limit: 3301
Processor Information for processor 3
  Max Mhz: 3301, Current Mhz: 2503, Mhz Limit: 3301
Processor Information for processor 4
  Max Mhz: 3301, Current Mhz: 2503, Mhz Limit: 3301
Processor Information for processor 5
  Max Mhz: 3301, Current Mhz: 3301, Mhz Limit: 3301
Processor Information for processor 6
  Max Mhz: 3301, Current Mhz: 3301, Mhz Limit: 3301
Processor Information for processor 7
  Max Mhz: 3301, Current Mhz: 3301, Mhz Limit: 3301
Processor Information for processor 8
  Max Mhz: 3301, Current Mhz: 2503, Mhz Limit: 3301
Processor Information for processor 9
  Max Mhz: 3301, Current Mhz: 3301, Mhz Limit: 3301
Processor Information for processor 10
  Max Mhz: 3301, Current Mhz: 3301, Mhz Limit: 3301
Processor Information for processor 11
  Max Mhz: 3301, Current Mhz: 3301, Mhz Limit: 3301

Memory: 4k page, system-wide physical 14020M (1693M free)
TotalPageFile size 57028M (AvailPageFile size 8269M)
current process WorkingSet (physical memory assigned to process): 55M, peak: 84M
current process commit charge ("private bytes"): 326M, peak: 330M

vm_info: Java HotSpot(TM) 64-Bit Server VM (22+36-2370) for windows-amd64 JRE (22+36-2370), built on 2024-02-15T22:15:19Z by "mach5one" with MS VC++ 17.6 (VS2022)

END.
