#
# There is insufficient memory for the Java Runtime Environment to continue.
# Native memory allocation (mmap) failed to map 65536 bytes. Error detail: Failed to commit metaspace.
# Possible reasons:
#   The system is out of physical RAM or swap space
#   This process is running with CompressedOops enabled, and the Java Heap may be blocking the growth of the native heap
# Possible solutions:
#   Reduce memory load on the system
#   Increase physical memory or swap space
#   Check if swap backing store is full
#   Decrease Java heap size (-Xmx/-Xms)
#   Decrease number of Java threads
#   Decrease Java thread stack sizes (-Xss)
#   Set larger code cache with -XX:ReservedCodeCacheSize=
#   JVM is running with Zero Based Compressed Oops mode in which the Java heap is
#     placed in the first 32GB address space. The Java Heap base address is the
#     maximum limit for the native heap growth. Please use -XX:HeapBaseMinAddress
#     to set the Java Heap base and to place the Java Heap above 32GB virtual address.
# This output file may be truncated or incomplete.
#
#  Out of Memory Error (virtualSpaceNode.cpp:112), pid=35112, tid=35164
#
# JRE version: Java(TM) SE Runtime Environment (22.0+36) (build 22+36-2370)
# Java VM: Java HotSpot(TM) 64-Bit Server VM (22+36-2370, mixed mode, sharing, tiered, compressed oops, compressed class ptrs, g1 gc, windows-amd64)
# No core dump will be written. Minidumps are not enabled by default on client versions of Windows
#

---------------  S U M M A R Y ------------

Command Line: -Dclassworlds.conf=C:\Program Files\NetBeans-21\netbeans\java\maven\bin\m2.conf -Dmaven.home=C:\Program Files\NetBeans-21\netbeans\java\maven -Dlibrary.jansi.path=C:\Program Files\NetBeans-21\netbeans\java\maven\lib\jansi-native -Dmaven.multiModuleProjectDirectory=C:\Users\ADMIN\OneDrive\Documents\GitHub\Management_Project_Java\mavenproject1 org.codehaus.plexus.classworlds.launcher.Launcher -Dexec.vmArgs=--enable-preview -Dexec.args=${exec.vmArgs} -classpath %classpath ${exec.mainClass} ${exec.appArgs} -Dexec.appArgs= -Dexec.mainClass=GUI.Login -Dexec.executable=C:\Program Files\Java\jdk-22\bin\java.exe -Dmaven.ext.class.path=C:\Program Files\NetBeans-21\netbeans\java\maven-nblib\netbeans-eventspy.jar --no-transfer-progress process-classes org.codehaus.mojo:exec-maven-plugin:3.1.0:exec

Host: AMD Ryzen 5 6600HS Creator Edition             , 12 cores, 13G,  Windows 11 , 64 bit Build 22621 (10.0.22621.3527)
Time: Thu May 16 16:18:43 2024 SE Asia Standard Time elapsed time: 42.107468 seconds (0d 0h 0m 42s)

---------------  T H R E A D  ---------------

Current thread (0x000001df3c5ff710):  JavaThread "main"             [_thread_in_vm, id=35164, stack(0x00000049fe500000,0x00000049fe600000) (1024K)]

Stack: [0x00000049fe500000,0x00000049fe600000]
Native frames: (J=compiled Java code, j=interpreted, Vv=VM code, C=native code)
V  [jvm.dll+0x6e2349]  (no source info available)
V  [jvm.dll+0x874ed3]  (no source info available)
V  [jvm.dll+0x8772fe]  (no source info available)
V  [jvm.dll+0x8779d3]  (no source info available)
V  [jvm.dll+0x27fcb6]  (no source info available)
V  [jvm.dll+0x870b1e]  (no source info available)
V  [jvm.dll+0x6853b5]  (no source info available)
V  [jvm.dll+0x1e3e9c]  (no source info available)
V  [jvm.dll+0x1e3c6e]  (no source info available)
V  [jvm.dll+0x687d08]  (no source info available)
V  [jvm.dll+0x22509c]  (no source info available)
V  [jvm.dll+0x685dce]  (no source info available)
V  [jvm.dll+0x3c36bf]  (no source info available)
V  [jvm.dll+0x20d3bb]  (no source info available)
V  [jvm.dll+0x5c4749]  (no source info available)
V  [jvm.dll+0x7ec136]  (no source info available)
V  [jvm.dll+0x47cb26]  (no source info available)
V  [jvm.dll+0x4829d8]  (no source info available)
C  [java.dll+0x17e4]  (no source info available)
C  0x000001df4e5b4b8c  (no source info available)

The last pc belongs to native nmethod (printed below).
Java frames: (J=compiled Java code, j=interpreted, Vv=VM code)
J 880  java.lang.ClassLoader.defineClass1(Ljava/lang/ClassLoader;Ljava/lang/String;[BIILjava/security/ProtectionDomain;Ljava/lang/String;)Ljava/lang/Class; java.base@22 (0 bytes) @ 0x000001df4e5b4af1 [0x000001df4e5b4a20+0x00000000000000d1]
J 1098 c1 java.lang.ClassLoader.defineClass(Ljava/lang/String;[BIILjava/security/ProtectionDomain;)Ljava/lang/Class; java.base@22 (43 bytes) @ 0x000001df46c97a7c [0x000001df46c97720+0x000000000000035c]
J 1097 c1 java.security.SecureClassLoader.defineClass(Ljava/lang/String;[BIILjava/security/CodeSource;)Ljava/lang/Class; java.base@22 (16 bytes) @ 0x000001df46c9731c [0x000001df46c97240+0x00000000000000dc]
J 886 c1 java.net.URLClassLoader.defineClass(Ljava/lang/String;Ljdk/internal/loader/Resource;)Ljava/lang/Class; java.base@22 (224 bytes) @ 0x000001df46c2df54 [0x000001df46c2cca0+0x00000000000012b4]
J 890 c1 java.net.URLClassLoader$1.run()Ljava/lang/Class; java.base@22 (81 bytes) @ 0x000001df46c328ec [0x000001df46c31cc0+0x0000000000000c2c]
J 810 c1 java.net.URLClassLoader$1.run()Ljava/lang/Object; java.base@22 (5 bytes) @ 0x000001df46c0c3d4 [0x000001df46c0c340+0x0000000000000094]
J 725 c1 java.security.AccessController.doPrivileged(Ljava/security/PrivilegedExceptionAction;Ljava/security/AccessControlContext;)Ljava/lang/Object; java.base@22 (26 bytes) @ 0x000001df46bd8f14 [0x000001df46bd8d20+0x00000000000001f4]
J 808 c1 java.net.URLClassLoader.findClass(Ljava/lang/String;)Ljava/lang/Class; java.base@22 (47 bytes) @ 0x000001df46c0b6b4 [0x000001df46c0b500+0x00000000000001b4]
J 811 c1 org.codehaus.plexus.classworlds.realm.ClassRealm.loadClassFromSelf(Ljava/lang/String;)Ljava/lang/Class; (40 bytes) @ 0x000001df46c0cb2c [0x000001df46c0c7a0+0x000000000000038c]
J 751 c1 org.codehaus.plexus.classworlds.strategy.SelfFirstStrategy.loadClass(Ljava/lang/String;)Ljava/lang/Class; (50 bytes) @ 0x000001df46be379c [0x000001df46be33c0+0x00000000000003dc]
J 535 c1 org.codehaus.plexus.classworlds.realm.ClassRealm.loadClass(Ljava/lang/String;Z)Ljava/lang/Class; (33 bytes) @ 0x000001df46b73864 [0x000001df46b736e0+0x0000000000000184]
J 534 c1 org.codehaus.plexus.classworlds.realm.ClassRealm.loadClass(Ljava/lang/String;)Ljava/lang/Class; (7 bytes) @ 0x000001df46b73344 [0x000001df46b73240+0x0000000000000104]
J 751 c1 org.codehaus.plexus.classworlds.strategy.SelfFirstStrategy.loadClass(Ljava/lang/String;)Ljava/lang/Class; (50 bytes) @ 0x000001df46be3b04 [0x000001df46be33c0+0x0000000000000744]
J 535 c1 org.codehaus.plexus.classworlds.realm.ClassRealm.loadClass(Ljava/lang/String;Z)Ljava/lang/Class; (33 bytes) @ 0x000001df46b73864 [0x000001df46b736e0+0x0000000000000184]
J 534 c1 org.codehaus.plexus.classworlds.realm.ClassRealm.loadClass(Ljava/lang/String;)Ljava/lang/Class; (7 bytes) @ 0x000001df46b73344 [0x000001df46b73240+0x0000000000000104]
j  org.eclipse.sisu.space.URLClassSpace.loadClass(Ljava/lang/String;)Ljava/lang/Class;+5
j  org.eclipse.sisu.space.QualifiedTypeVisitor.leaveClass()V+26
j  org.eclipse.sisu.plexus.PlexusTypeVisitor.leaveClass()V+79
j  org.eclipse.sisu.space.SpaceScanner$1.visitEnd()V+4
j  org.eclipse.sisu.space.asm.ClassReader.accept(Lorg/eclipse/sisu/space/asm/ClassVisitor;[Lorg/eclipse/sisu/space/asm/Attribute;I)V+1397
j  org.eclipse.sisu.space.asm.ClassReader.accept(Lorg/eclipse/sisu/space/asm/ClassVisitor;I)V+7
j  org.eclipse.sisu.space.SpaceScanner.accept(Lorg/eclipse/sisu/space/ClassVisitor;Ljava/net/URL;)V+25
j  org.eclipse.sisu.space.SpaceScanner.accept(Lorg/eclipse/sisu/space/SpaceVisitor;)V+61
j  org.eclipse.sisu.space.SpaceModule.scanForElements(Lcom/google/inject/Binder;)V+25
j  org.eclipse.sisu.space.SpaceModule.configure(Lcom/google/inject/Binder;)V+42
j  org.eclipse.sisu.plexus.PlexusAnnotatedBeanModule.configure(Lcom/google/inject/Binder;)Lorg/eclipse/sisu/plexus/PlexusBeanSource;+13
j  org.eclipse.sisu.plexus.PlexusBindingModule.configure(Lcom/google/inject/Binder;)V+41
j  com.google.inject.spi.Elements$RecordingBinder.install(Lcom/google/inject/Module;)V+209
j  com.google.inject.spi.Elements.getElements(Lcom/google/inject/Stage;Ljava/lang/Iterable;)Ljava/util/List;+40
j  com.google.inject.spi.Elements.getElements(Ljava/lang/Iterable;)Ljava/util/List;+4
j  org.eclipse.sisu.wire.WireModule.configure(Lcom/google/inject/Binder;)V+13
j  com.google.inject.spi.Elements$RecordingBinder.install(Lcom/google/inject/Module;)V+209
j  com.google.inject.spi.Elements.getElements(Lcom/google/inject/Stage;Ljava/lang/Iterable;)Ljava/util/List;+40
j  com.google.inject.internal.InjectorShell$Builder.build(Lcom/google/inject/internal/Initializer;Lcom/google/inject/internal/ProcessedBindingData;Lcom/google/inject/internal/util/ContinuousStopwatch;Lcom/google/inject/internal/Errors;)Ljava/util/List;+163
j  com.google.inject.internal.InternalInjectorCreator.build()Lcom/google/inject/Injector;+48
j  com.google.inject.Guice.createInjector(Lcom/google/inject/Stage;Ljava/lang/Iterable;)Lcom/google/inject/Injector;+15
j  com.google.inject.Guice.createInjector(Ljava/lang/Iterable;)Lcom/google/inject/Injector;+4
j  com.google.inject.Guice.createInjector([Lcom/google/inject/Module;)Lcom/google/inject/Injector;+4
j  org.codehaus.plexus.DefaultPlexusContainer.addPlexusInjector(Ljava/util/List;[Lcom/google/inject/Module;)Lcom/google/inject/Injector;+88
j  org.codehaus.plexus.DefaultPlexusContainer.<init>(Lorg/codehaus/plexus/ContainerConfiguration;[Lcom/google/inject/Module;)V+400
j  org.apache.maven.cli.MavenCli.container(Lorg/apache/maven/cli/CliRequest;)Lorg/codehaus/plexus/PlexusContainer;+279
j  org.apache.maven.cli.MavenCli.doMain(Lorg/apache/maven/cli/CliRequest;)I+34
j  org.apache.maven.cli.MavenCli.main([Ljava/lang/String;Lorg/codehaus/plexus/classworlds/ClassWorld;)I+24
j  java.lang.invoke.DirectMethodHandle$Holder.invokeStatic(Ljava/lang/Object;Ljava/lang/Object;Ljava/lang/Object;)I+11 java.base@22
j  java.lang.invoke.LambdaForm$MH+0x000001df5f009400.invoke(Ljava/lang/Object;Ljava/lang/Object;Ljava/lang/Object;Ljava/lang/Object;)Ljava/lang/Object;+54 java.base@22
j  java.lang.invoke.LambdaForm$MH+0x000001df5f009800.invokeExact_MT(Ljava/lang/Object;Ljava/lang/Object;Ljava/lang/Object;Ljava/lang/Object;Ljava/lang/Object;)Ljava/lang/Object;+22 java.base@22
j  jdk.internal.reflect.DirectMethodHandleAccessor.invokeImpl(Ljava/lang/Object;[Ljava/lang/Object;)Ljava/lang/Object;+72 java.base@22
j  jdk.internal.reflect.DirectMethodHandleAccessor.invoke(Ljava/lang/Object;[Ljava/lang/Object;)Ljava/lang/Object;+23 java.base@22
j  java.lang.reflect.Method.invoke(Ljava/lang/Object;[Ljava/lang/Object;)Ljava/lang/Object;+102 java.base@22
j  org.codehaus.plexus.classworlds.launcher.Launcher.launchEnhanced([Ljava/lang/String;)V+45
j  org.codehaus.plexus.classworlds.launcher.Launcher.launch([Ljava/lang/String;)V+2
j  org.codehaus.plexus.classworlds.launcher.Launcher.mainWithExitCode([Ljava/lang/String;)I+108
j  org.codehaus.plexus.classworlds.launcher.Launcher.main([Ljava/lang/String;)V+1
v  ~StubRoutines::call_stub 0x000001df4dfd100d

Compiled method (n/a) 72741  880     n 0       java.lang.ClassLoader::defineClass1 (native)
 total in heap  [0x000001df4e5b4890,0x000001df4e5b4ed0] = 1600
 relocation     [0x000001df4e5b49e8,0x000001df4e5b4a20] = 56
 main code      [0x000001df4e5b4a20,0x000001df4e5b4ecf] = 1199
 stub code      [0x000001df4e5b4ecf,0x000001df4e5b4ed0] = 1

[Constant Pool (empty)]

[MachCode]
[Entry Point]
  # {method} {0x000001df5e3fec58} 'defineClass1' '(Ljava/lang/ClassLoader;Ljava/lang/String;[BIILjava/security/ProtectionDomain;Ljava/lang/String;)Ljava/lang/Class;' in 'java/lang/ClassLoader'
  # parm0:    rdx:rdx   = 'java/lang/ClassLoader'
  # parm1:    r8:r8     = 'java/lang/String'
  # parm2:    r9:r9     = '[B'
  # parm3:    rdi       = int
  # parm4:    rsi       = int
  # parm5:    rcx:rcx   = 'java/security/ProtectionDomain'
  # parm6:    [sp+0xa0]   = 'java/lang/String'  (sp of caller)
  0x000001df4e5b4a20: 448b 5208 | 49bb 0000 | 005e df01 | 0000 4d03 | d349 3bc2 | 0f84 0600 

  0x000001df4e5b4a38: ;   {runtime_call ic_miss_stub}
  0x000001df4e5b4a38: 0000 e941 | 9da6 ff90 
[Verified Entry Point]
  0x000001df4e5b4a40: 8984 2400 | 80ff ff55 | 488b ec48 | 81ec 9000 | 0000 6690 | 4181 7f20 | 0100 0000 

  0x000001df4e5b4a5c: ;   {runtime_call StubRoutines (final stubs)}
  0x000001df4e5b4a5c: 7405 e87d | 02a5 ff48 | 837d 1000 | 488d 4510 | 480f 4445 | 1048 8944 | 2440 4889 | 4c24 7048 
  0x000001df4e5b4a7c: 83f9 0048 | 8d44 2470 | 480f 4444 | 2470 4889 | 4424 3848 | 8974 2430 | 4889 7c24 | 284c 894c 
  0x000001df4e5b4a9c: 2458 4983 | f900 488d | 4424 5848 | 0f44 4424 | 5848 8944 | 2420 4c89 | 4424 5049 | 83f8 004c 
  0x000001df4e5b4abc: 8d4c 2450 | 4c0f 444c | 2450 4889 | 5424 4848 | 83fa 004c | 8d44 2448 | 4c0f 4444 

  0x000001df4e5b4ad8: ;   {oop(a 'java/lang/Class'{0x0000000731160830} = 'java/lang/ClassLoader')}
  0x000001df4e5b4ad8: 2448 49be | 3008 1631 | 0700 0000 | 4c89 7424 | 784c 8d74 | 2478 498b | d6c5 f877 

  0x000001df4e5b4af4: ;   {internal_word}
  0x000001df4e5b4af4: 49ba f14a | 5b4e df01 | 0000 4d89 | 97a8 0300 | 0049 89a7 | a003 0000 

  0x000001df4e5b4b0c: ;   {external_word}
  0x000001df4e5b4b0c: 49ba ac40 | 5eaa fb7f | 0000 4180 | 3a00 0f84 | 4e00 0000 | 5241 5041 

  0x000001df4e5b4b24: ;   {metadata({method} {0x000001df5e3fec58} 'defineClass1' '(Ljava/lang/ClassLoader;Ljava/lang/String;[BIILjava/security/ProtectionDomain;Ljava/lang/String;)Ljava/lang/Class;' in 'java/lang/ClassLoader')}
  0x000001df4e5b4b24: 5148 ba50 | ec3f 5edf | 0100 0049 | 8bcf 4883 | ec20 40f6 | c40f 0f84 | 1900 0000 | 4883 ec08 
  0x000001df4e5b4b44: ;   {runtime_call}
  0x000001df4e5b4b44: 48b8 00b6 | 0eaa fb7f | 0000 ffd0 | 4883 c408 | e90c 0000 

  0x000001df4e5b4b58: ;   {runtime_call}
  0x000001df4e5b4b58: 0048 b800 | b60e aafb | 7f00 00ff | d048 83c4 | 2041 5941 | 585a 498d | 8fc0 0300 | 0041 c787 
  0x000001df4e5b4b78: 5404 0000 | 0400 0000 

  0x000001df4e5b4b80: ;   {runtime_call}
  0x000001df4e5b4b80: 48b8 a416 | 8df7 fb7f | 0000 ffd0 | c5f8 7741 | c787 5404 | 0000 0500 | 0000 f083 | 4424 c000 
  0x000001df4e5b4ba0: 493b af58 | 0400 000f | 870e 0000 | 0041 83bf | 5004 0000 | 000f 842b | 0000 00c5 | f877 4889 
  0x000001df4e5b4bc0: 45f8 498b | cf4c 8be4 | 4883 ec20 | 4883 e4f0 

  0x000001df4e5b4bd0: ;   {runtime_call}
  0x000001df4e5b4bd0: 48b8 c01f | d9a9 fb7f | 0000 ffd0 | 498b e44d | 33e4 488b | 45f8 41c7 | 8754 0400 | 0008 0000 
  0x000001df4e5b4bf0: 0041 83bf | d004 0000 | 020f 84a3 

  0x000001df4e5b4bfc: ;   {external_word}
  0x000001df4e5b4bfc: 0200 0049 | baac 405e | aafb 7f00 | 0041 803a | 000f 844c | 0000 0048 

  0x000001df4e5b4c14: ;   {metadata({method} {0x000001df5e3fec58} 'defineClass1' '(Ljava/lang/ClassLoader;Ljava/lang/String;[BIILjava/security/ProtectionDomain;Ljava/lang/String;)Ljava/lang/Class;' in 'java/lang/ClassLoader')}
  0x000001df4e5b4c14: 8945 f848 | ba50 ec3f | 5edf 0100 | 0049 8bcf | 4883 ec20 | 40f6 c40f | 0f84 1900 | 0000 4883 
  0x000001df4e5b4c34: ;   {runtime_call}
  0x000001df4e5b4c34: ec08 48b8 | 00b6 0eaa | fb7f 0000 | ffd0 4883 | c408 e90c 

  0x000001df4e5b4c48: ;   {runtime_call}
  0x000001df4e5b4c48: 0000 0048 | b800 b60e | aafb 7f00 | 00ff d048 | 83c4 2048 | 8b45 f849 | c787 a003 | 0000 0000 
  0x000001df4e5b4c68: 0000 49c7 | 87a8 0300 | 0000 0000 | 00c5 f877 | 4885 c00f | 84fe 0100 | 00a8 030f | 8508 0000 
  0x000001df4e5b4c88: 0048 8b00 | e9ee 0100 | 00a8 010f | 8509 0000 | 0048 8b40 | fee9 dd01 | 0000 488b | 40ff 4180 
  0x000001df4e5b4ca8: 7f38 000f | 84ce 0100 | 0048 83f8 | 000f 84c4 | 0100 0049 | 8b4f 2848 | 83f9 000f | 8414 0000 
  0x000001df4e5b4cc8: 0048 83e9 | 0849 894f | 2849 034f | 3048 8901 | e9a2 0100 | 0048 81ec | d000 0000 | 4889 0424 
  0x000001df4e5b4ce8: 4889 4c24 | 0848 8954 | 2410 4889 | 7424 1848 | 897c 2420 | 4c89 4424 | 284c 894c | 2430 4c89 
  0x000001df4e5b4d08: 5424 384c | 895c 2440 | c5fb 1144 | 2450 c5fb | 114c 2458 | c5fb 1154 | 2460 c5fb | 115c 2468 
  0x000001df4e5b4d28: c5fb 1164 | 2470 c5fb | 116c 2478 | c5fb 11b4 | 2480 0000 | 00c5 fb11 | bc24 8800 | 0000 c57b 
  0x000001df4e5b4d48: ;   {no_reloc}
  0x000001df4e5b4d48: 1184 2490 | 0000 00c5 | 7b11 8c24 | 9800 0000 | c57b 1194 | 24a0 0000 | 00c5 7b11 | 9c24 a800 
  0x000001df4e5b4d68: 0000 c57b | 11a4 24b0 | 0000 00c5 | 7b11 ac24 | b800 0000 | c57b 11b4 | 24c0 0000 | 00c5 7b11 
  0x000001df4e5b4d88: bc24 c800 | 0000 498b | d748 8bc8 | 4883 ec20 | 40f6 c40f | 0f84 1900 | 0000 4883 

  0x000001df4e5b4da4: ;   {runtime_call}
  0x000001df4e5b4da4: ec08 48b8 | 303e cca9 | fb7f 0000 | ffd0 4883 | c408 e90c 

  0x000001df4e5b4db8: ;   {runtime_call}
  0x000001df4e5b4db8: 0000 0048 | b830 3ecc | a9fb 7f00 | 00ff d048 | 83c4 20c5 | 7b10 bc24 | c800 0000 | c57b 10b4 
  0x000001df4e5b4dd8: 24c0 0000 | 00c5 7b10 | ac24 b800 | 0000 c57b | 10a4 24b0 | 0000 00c5 | 7b10 9c24 | a800 0000 
  0x000001df4e5b4df8: c57b 1094 | 24a0 0000 | 00c5 7b10 | 8c24 9800 | 0000 c57b | 1084 2490 | 0000 00c5 | fb10 bc24 
  0x000001df4e5b4e18: 8800 0000 | c5fb 10b4 | 2480 0000 | 00c5 fb10 | 6c24 78c5 | fb10 6424 | 70c5 fb10 | 5c24 68c5 
  0x000001df4e5b4e38: fb10 5424 | 60c5 fb10 | 4c24 58c5 | fb10 4424 | 504c 8b5c | 2440 4c8b | 5424 384c | 8b4c 2430 
  0x000001df4e5b4e58: 4c8b 4424 | 2848 8b7c | 2420 488b | 7424 1848 | 8b54 2410 | 488b 4c24 | 0848 8b04 | 2448 81c4 
  0x000001df4e5b4e78: d000 0000 | c5f8 7749 | 8b8f 3004 | 0000 c781 | 0001 0000 | 0000 0000 | c949 837f | 0800 0f85 
  0x000001df4e5b4e98: 0100 0000 

  0x000001df4e5b4e9c: ;   {runtime_call StubRoutines (initial stubs)}
  0x000001df4e5b4e9c: c3e9 5ec0 | a1ff c5f8 | 7748 8945 | f84c 8be4 | 4883 ec20 | 4883 e4f0 

  0x000001df4e5b4eb4: ;   {runtime_call}
  0x000001df4e5b4eb4: 48b8 50ee | 0eaa fb7f | 0000 ffd0 | 498b e44d | 33e4 488b | 45f8 e930 | fdff fff4 
[/MachCode]


Compiled method (c1) 72809 1098       3       java.lang.ClassLoader::defineClass (43 bytes)
 total in heap  [0x000001df46c97510,0x000001df46c97e68] = 2392
 relocation     [0x000001df46c97668,0x000001df46c97708] = 160
 main code      [0x000001df46c97720,0x000001df46c97bc0] = 1184
 stub code      [0x000001df46c97bc0,0x000001df46c97c38] = 120
 metadata       [0x000001df46c97c38,0x000001df46c97c68] = 48
 scopes data    [0x000001df46c97c68,0x000001df46c97d58] = 240
 scopes pcs     [0x000001df46c97d58,0x000001df46c97e38] = 224
 dependencies   [0x000001df46c97e38,0x000001df46c97e40] = 8
 nul chk table  [0x000001df46c97e40,0x000001df46c97e68] = 40

[Constant Pool (empty)]

[MachCode]
[Entry Point]
  # {method} {0x000001df5e3fefd8} 'defineClass' '(Ljava/lang/String;[BIILjava/security/ProtectionDomain;)Ljava/lang/Class;' in 'java/lang/ClassLoader'
  # this:     rdx:rdx   = 'java/lang/ClassLoader'
  # parm0:    r8:r8     = 'java/lang/String'
  # parm1:    r9:r9     = '[B'
  # parm2:    rdi       = int
  # parm3:    rsi       = int
  # parm4:    rcx:rcx   = 'java/security/ProtectionDomain'
  #           [sp+0xc0]  (sp of caller)
  0x000001df46c97720: 448b 5208 | 49bb 0000 | 005e df01 | 0000 4d03 | d34c 3bd0 

  0x000001df46c97734: ;   {runtime_call ic_miss_stub}
  0x000001df46c97734: 0f85 4670 | 3807 660f | 1f44 0000 
[Verified Entry Point]
  0x000001df46c97740: 8984 2400 | 80ff ff55 | 4881 ecb0 | 0000 0090 | 4181 7f20 | 0100 0000 

  0x000001df46c97758: ;   {runtime_call StubRoutines (final stubs)}
  0x000001df46c97758: 7405 e881 | d536 0748 | 8954 2478 

  0x000001df46c97764: ;   {metadata(method data for {method} {0x000001df5e3fefd8} 'defineClass' '(Ljava/lang/String;[BIILjava/security/ProtectionDomain;)Ljava/lang/Class;' in 'java/lang/ClassLoader')}
  0x000001df46c97764: 48bb e89d | 1b9f df01 | 0000 8b83 | cc00 0000 | 83c0 0289 | 83cc 0000 | 0025 fe07 | 0000 85c0 
  0x000001df46c97784: 0f84 5803 | 0000 89b4 | 2494 0000 | 0089 bc24 | 9000 0000 | 4c89 8c24 | 8800 0000 

  0x000001df46c977a0: ;   {metadata(method data for {method} {0x000001df5e3fefd8} 'defineClass' '(Ljava/lang/String;[BIILjava/security/ProtectionDomain;)Ljava/lang/Class;' in 'java/lang/ClassLoader')}
  0x000001df46c977a0: 488b da48 | b8e8 9d1b | 9fdf 0100 | 0048 8380 | 1801 0000 | 0149 8bd8 | 4c8b c34c | 8bc9 488b 
  0x000001df46c977c0: ca48 8bd1 | 4889 9c24 | 8000 0000 

  0x000001df46c977cc: ;   {optimized virtual_call}
  0x000001df46c977cc: 6666 90e8 

  0x000001df46c977d0: ; ImmutableOopMap {[120]=Oop [128]=Oop [136]=Oop }
                      ;*invokevirtual preDefineClass {reexecute=0 rethrow=0 return_oop=0}
                      ; - java.lang.ClassLoader::defineClass@4 (line 1021)
  0x000001df46c977d0: ccd6 f8ff 

  0x000001df46c977d4: ;   {other}
  0x000001df46c977d4: 0f1f 8400 | c402 0000 | 4889 8424 | 9800 0000 | 488b 5424 

  0x000001df46c977e8: ;   {metadata(method data for {method} {0x000001df5e3fefd8} 'defineClass' '(Ljava/lang/String;[BIILjava/security/ProtectionDomain;)Ljava/lang/Class;' in 'java/lang/ClassLoader')}
  0x000001df46c977e8: 7849 b8e8 | 9d1b 9fdf | 0100 0049 | 8380 4801 

  0x000001df46c977f8: ;   {metadata(method data for {method} {0x000001df5e3fecc0} 'defineClassSourceLocation' '(Ljava/security/ProtectionDomain;)Ljava/lang/String;' in 'java/lang/ClassLoader')}
  0x000001df46c977f8: 0000 0149 | b808 841b | 9fdf 0100 | 0041 8b90 | cc00 0000 | 83c2 0241 | 8990 cc00 | 0000 81e2 
  0x000001df46c97818: feff 1f00 | 85d2 0f84 | df02 0000 

  0x000001df46c97824: ; implicit exception: dispatches to 0x000001df46c97b24
  0x000001df46c97824: 483b 004c 

  0x000001df46c97828: ;   {metadata(method data for {method} {0x000001df5e3fecc0} 'defineClassSourceLocation' '(Ljava/security/ProtectionDomain;)Ljava/lang/String;' in 'java/lang/ClassLoader')}
  0x000001df46c97828: 8bc0 48ba | 0884 1b9f | df01 0000 | 4883 8218 | 0100 0001 | 448b 4010 | 49c1 e003 

  0x000001df46c97844: ;   {metadata(method data for {method} {0x000001df5e3fecc0} 'defineClassSourceLocation' '(Ljava/security/ProtectionDomain;)Ljava/lang/String;' in 'java/lang/ClassLoader')}
  0x000001df46c97844: 4d85 c048 | ba08 841b | 9fdf 0100 | 0048 c7c6 | 5801 0000 | 7507 48c7 | c648 0100 | 0048 8b3c 
  0x000001df46c97864: 3248 8d7f | 0148 893c | 320f 850f 

  0x000001df46c97870: ;   {oop(nullptr)}
  0x000001df46c97870: 0000 0048 | bb00 0000 | 0000 0000 | 00e9 a501 | 0000 493b | 0049 8bd0 

  0x000001df46c97888: ;   {metadata(method data for {method} {0x000001df5e3fecc0} 'defineClassSourceLocation' '(Ljava/security/ProtectionDomain;)Ljava/lang/String;' in 'java/lang/ClassLoader')}
  0x000001df46c97888: 48be 0884 | 1b9f df01 | 0000 4883 | 8668 0100 | 0001 418b | 500c 48c1 | e203 4885 

  0x000001df46c978a4: ;   {metadata(method data for {method} {0x000001df5e3fecc0} 'defineClassSourceLocation' '(Ljava/security/ProtectionDomain;)Ljava/lang/String;' in 'java/lang/ClassLoader')}
  0x000001df46c978a4: d248 be08 | 841b 9fdf | 0100 0048 | c7c7 a801 | 0000 7507 | 48c7 c798 | 0100 0048 | 8b1c 3e48 
  0x000001df46c978c4: 8d5b 0148 | 891c 3e0f | 850f 0000 

  0x000001df46c978d0: ;   {oop(nullptr)}
  0x000001df46c978d0: 0048 bb00 | 0000 0000 | 0000 00e9 | 4701 0000 

  0x000001df46c978e0: ;   {metadata(method data for {method} {0x000001df5e3fecc0} 'defineClassSourceLocation' '(Ljava/security/ProtectionDomain;)Ljava/lang/String;' in 'java/lang/ClassLoader')}
  0x000001df46c978e0: 48be 0884 | 1b9f df01 | 0000 4883 | 86b8 0100 | 0001 483b | 024c 8bc2 

  0x000001df46c978f8: ;   {metadata(method data for {method} {0x000001df5e3fecc0} 'defineClassSourceLocation' '(Ljava/security/ProtectionDomain;)Ljava/lang/String;' in 'java/lang/ClassLoader')}
  0x000001df46c978f8: 48be 0884 | 1b9f df01 | 0000 4883 | 86e8 0100 

  0x000001df46c97908: ;   {metadata(method data for {method} {0x000001df5e01a690} 'toString' '()Ljava/lang/String;' in 'java/net/URL')}
  0x000001df46c97908: 0001 49b8 | e004 179f | df01 0000 | 418b b0cc | 0000 0083 | c602 4189 | b0cc 0000 | 0081 e6fe 
  0x000001df46c97928: ff1f 0085 | f60f 8400 | 0200 004c 

  0x000001df46c97934: ;   {metadata(method data for {method} {0x000001df5e01a690} 'toString' '()Ljava/lang/String;' in 'java/net/URL')}
  0x000001df46c97934: 8bc2 48be | e004 179f | df01 0000 | 4883 8618 | 0100 0001 

  0x000001df46c97948: ;   {metadata(method data for {method} {0x000001df5e3f38b8} 'toExternalForm' '()Ljava/lang/String;' in 'java/net/URL')}
  0x000001df46c97948: 49b8 4827 | 139f df01 | 0000 418b | b0cc 0000 | 0083 c602 | 4189 b0cc | 0000 0081 | e6fe ff1f 
  0x000001df46c97968: 0085 f60f | 84e3 0100 | 008b 7238 | 48c1 e603 

  0x000001df46c97978: ; implicit exception: dispatches to 0x000001df46c97b75
  0x000001df46c97978: 483b 064c 

  0x000001df46c9797c: ;   {metadata(method data for {method} {0x000001df5e3f38b8} 'toExternalForm' '()Ljava/lang/String;' in 'java/net/URL')}
  0x000001df46c9797c: 8bc6 48bf | 4827 139f | df01 0000 | 458b 4008 | 49ba 0000 | 005e df01 | 0000 4d03 | c24c 3b87 
  0x000001df46c9799c: 2001 0000 | 750d 4883 | 8728 0100 | 0001 e960 | 0000 004c | 3b87 3001 | 0000 750d | 4883 8738 
  0x000001df46c979bc: 0100 0001 | e94a 0000 | 0048 83bf | 2001 0000 | 0075 174c | 8987 2001 | 0000 48c7 | 8728 0100 
  0x000001df46c979dc: 0001 0000 | 00e9 2900 | 0000 4883 | bf30 0100 | 0000 7517 | 4c89 8730 | 0100 0048 | c787 3801 
  0x000001df46c979fc: 0000 0100 | 0000 e908 | 0000 0048 | 8387 1801 | 0000 014c | 8bc2 488b 

  0x000001df46c97a14: ;   {optimized virtual_call}
  0x000001df46c97a14: d666 90e8 

  0x000001df46c97a18: ; ImmutableOopMap {[120]=Oop [128]=Oop [136]=Oop [152]=Oop }
                      ;*invokevirtual toExternalForm {reexecute=0 rethrow=0 return_oop=0}
                      ; - java.net.URL::toExternalForm@5 (line 1203)
                      ; - java.net.URL::toString@1 (line 1189)
                      ; - java.lang.ClassLoader::defineClassSourceLocation@22 (line 925)
                      ; - java.lang.ClassLoader::defineClass@12 (line 1022)
  0x000001df46c97a18: 64ca f4ff 

  0x000001df46c97a1c: ;   {other}
  0x000001df46c97a1c: 0f1f 8400 | 0c05 0001 | 488b d848 | 8b84 2498 | 0000 008b | b424 9400 | 0000 8bbc | 2490 0000 
  0x000001df46c97a3c: 004c 8b8c | 2488 0000 | 004c 8b84 | 2480 0000 | 0048 8b54 

  0x000001df46c97a50: ;   {metadata(method data for {method} {0x000001df5e3fefd8} 'defineClass' '(Ljava/lang/String;[BIILjava/security/ProtectionDomain;)Ljava/lang/Class;' in 'java/lang/ClassLoader')}
  0x000001df46c97a50: 2478 48b9 | e89d 1b9f | df01 0000 | 4883 8178 | 0100 0001 | 4c8b da49 | 8bd3 488b | c848 891c 
  0x000001df46c97a70: 2466 0f1f 

  0x000001df46c97a74: ;   {static_call}
  0x000001df46c97a74: 4400 00e8 

  0x000001df46c97a78: ; ImmutableOopMap {[120]=Oop [152]=Oop }
                      ;*invokestatic defineClass1 {reexecute=0 rethrow=0 return_oop=0}
                      ; - java.lang.ClassLoader::defineClass@27 (line 1023)
  0x000001df46c97a78: c4cf 9107 

  0x000001df46c97a7c: ;   {other}
  0x000001df46c97a7c: 0f1f 8400 | 6c05 0002 | 488b 5424 

  0x000001df46c97a88: ;   {metadata(method data for {method} {0x000001df5e3fefd8} 'defineClass' '(Ljava/lang/String;[BIILjava/security/ProtectionDomain;)Ljava/lang/Class;' in 'java/lang/ClassLoader')}
  0x000001df46c97a88: 7849 b8e8 | 9d1b 9fdf | 0100 0049 | 8380 8801 | 0000 014c | 8bc0 4c8b | 8c24 9800 | 0000 488b 
  0x000001df46c97aa8: 5424 7848 | 8984 24a0 | 0000 000f 

  0x000001df46c97ab4: ;   {optimized virtual_call}
  0x000001df46c97ab4: 1f40 00e8 

  0x000001df46c97ab8: ; ImmutableOopMap {[160]=Oop }
                      ;*invokevirtual postDefineClass {reexecute=0 rethrow=0 return_oop=0}
                      ; - java.lang.ClassLoader::defineClass@37 (line 1024)
  0x000001df46c97ab8: 64ee f8ff 

  0x000001df46c97abc: ;   {other}
  0x000001df46c97abc: 0f1f 8400 | ac05 0003 | 488b 8424 | a000 0000 | 4881 c4b0 | 0000 005d 

  0x000001df46c97ad4: ;   {poll_return}
  0x000001df46c97ad4: 493b a758 | 0400 000f | 8799 0000 

  0x000001df46c97ae0: ;   {metadata({method} {0x000001df5e3fefd8} 'defineClass' '(Ljava/lang/String;[BIILjava/security/ProtectionDomain;)Ljava/lang/Class;' in 'java/lang/ClassLoader')}
  0x000001df46c97ae0: 00c3 49ba | d0ef 3f5e | df01 0000 | 4c89 5424 | 0848 c704 | 24ff ffff 

  0x000001df46c97af8: ;   {runtime_call counter_overflow Runtime1 stub}
  0x000001df46c97af8: ffe8 0233 

  0x000001df46c97afc: ; ImmutableOopMap {rdx=Oop r8=Oop r9=Oop rcx=Oop [120]=Oop }
                      ;*synchronization entry
                      ; - java.lang.ClassLoader::defineClass@-1 (line 1021)
  0x000001df46c97afc: 4507 e987 

  0x000001df46c97b00: ;   {metadata({method} {0x000001df5e3fecc0} 'defineClassSourceLocation' '(Ljava/security/ProtectionDomain;)Ljava/lang/String;' in 'java/lang/ClassLoader')}
  0x000001df46c97b00: fcff ff49 | bab8 ec3f | 5edf 0100 | 004c 8954 | 2408 48c7 | 0424 ffff 

  0x000001df46c97b18: ;   {runtime_call counter_overflow Runtime1 stub}
  0x000001df46c97b18: ffff e8e1 

  0x000001df46c97b1c: ; ImmutableOopMap {rax=Oop [120]=Oop [128]=Oop [136]=Oop [152]=Oop }
                      ;*synchronization entry
                      ; - java.lang.ClassLoader::defineClassSourceLocation@-1 (line 922)
                      ; - java.lang.ClassLoader::defineClass@12 (line 1022)
  0x000001df46c97b1c: 3245 07e9 | 00fd ffff 

  0x000001df46c97b24: ;   {runtime_call throw_null_pointer_exception Runtime1 stub}
  0x000001df46c97b24: e8d7 eb3b 

  0x000001df46c97b28: ; ImmutableOopMap {rax=Oop [120]=Oop [128]=Oop [136]=Oop [152]=Oop }
                      ;*invokevirtual getCodeSource {reexecute=0 rethrow=0 return_oop=0}
                      ; - java.lang.ClassLoader::defineClassSourceLocation@1 (line 922)
                      ; - java.lang.ClassLoader::defineClass@12 (line 1022)
                      ;   {runtime_call throw_null_pointer_exception Runtime1 stub}
  0x000001df46c97b28: 07e8 d2eb 

  0x000001df46c97b2c: ; ImmutableOopMap {rax=Oop r8=Oop [120]=Oop [128]=Oop [136]=Oop [152]=Oop }
                      ;*invokevirtual getLocation {reexecute=0 rethrow=0 return_oop=0}
                      ; - java.lang.ClassLoader::defineClassSourceLocation@12 (line 924)
                      ; - java.lang.ClassLoader::defineClass@12 (line 1022)
                      ;   {runtime_call throw_null_pointer_exception Runtime1 stub}
  0x000001df46c97b2c: 3b07 e8cd 

  0x000001df46c97b30: ; ImmutableOopMap {rdx=Oop [120]=Oop [128]=Oop [136]=Oop [152]=Oop }
                      ;*invokevirtual toString {reexecute=0 rethrow=0 return_oop=0}
                      ; - java.lang.ClassLoader::defineClassSourceLocation@22 (line 925)
                      ; - java.lang.ClassLoader::defineClass@12 (line 1022)
                      ;   {metadata({method} {0x000001df5e01a690} 'toString' '()Ljava/lang/String;' in 'java/net/URL')}
  0x000001df46c97b30: eb3b 0749 | ba88 a601 | 5edf 0100 | 004c 8954 | 2408 48c7 | 0424 ffff 

  0x000001df46c97b48: ;   {runtime_call counter_overflow Runtime1 stub}
  0x000001df46c97b48: ffff e8b1 

  0x000001df46c97b4c: ; ImmutableOopMap {rdx=Oop [120]=Oop [128]=Oop [136]=Oop [152]=Oop }
                      ;*synchronization entry
                      ; - java.net.URL::toString@-1 (line 1189)
                      ; - java.lang.ClassLoader::defineClassSourceLocation@22 (line 925)
                      ; - java.lang.ClassLoader::defineClass@12 (line 1022)
  0x000001df46c97b4c: 3245 07e9 | dffd ffff 

  0x000001df46c97b54: ;   {metadata({method} {0x000001df5e3f38b8} 'toExternalForm' '()Ljava/lang/String;' in 'java/net/URL')}
  0x000001df46c97b54: 49ba b038 | 3f5e df01 | 0000 4c89 | 5424 0848 | c704 24ff 

  0x000001df46c97b68: ;   {runtime_call counter_overflow Runtime1 stub}
  0x000001df46c97b68: ffff ffe8 

  0x000001df46c97b6c: ; ImmutableOopMap {rdx=Oop [120]=Oop [128]=Oop [136]=Oop [152]=Oop }
                      ;*synchronization entry
                      ; - java.net.URL::toExternalForm@-1 (line 1203)
                      ; - java.net.URL::toString@1 (line 1189)
                      ; - java.lang.ClassLoader::defineClassSourceLocation@22 (line 925)
                      ; - java.lang.ClassLoader::defineClass@12 (line 1022)
  0x000001df46c97b6c: 9032 4507 | e9fc fdff 

  0x000001df46c97b74: ;   {runtime_call throw_null_pointer_exception Runtime1 stub}
  0x000001df46c97b74: ffe8 86eb 

  0x000001df46c97b78: ; ImmutableOopMap {rdx=Oop rsi=Oop [120]=Oop [128]=Oop [136]=Oop [152]=Oop }
                      ;*invokevirtual toExternalForm {reexecute=0 rethrow=0 return_oop=0}
                      ; - java.net.URL::toExternalForm@5 (line 1203)
                      ; - java.net.URL::toString@1 (line 1189)
                      ; - java.lang.ClassLoader::defineClassSourceLocation@22 (line 925)
                      ; - java.lang.ClassLoader::defineClass@12 (line 1022)
                      ;   {internal_word}
  0x000001df46c97b78: 3b07 49ba | d47a c946 | df01 0000 | 4d89 9770 

  0x000001df46c97b88: ;   {runtime_call SafepointBlob}
  0x000001df46c97b88: 0400 00e9 | 70db 3807 | 498b 8708 | 0500 0049 | c787 0805 | 0000 0000 | 0000 49c7 | 8710 0500 
  0x000001df46c97ba8: 0000 0000 | 0048 81c4 | b000 0000 

  0x000001df46c97bb4: ;   {runtime_call unwind_exception Runtime1 stub}
  0x000001df46c97bb4: 5de9 46fa | 3b07 f4f4 | f4f4 f4f4 
[Stub Code]
  0x000001df46c97bc0: ;   {no_reloc}
  0x000001df46c97bc0: 0f1f 4400 

  0x000001df46c97bc4: ;   {static_stub}
  0x000001df46c97bc4: 0048 bb00 | 0000 0000 

  0x000001df46c97bcc: ;   {runtime_call}
  0x000001df46c97bcc: 0000 00e9 | fbff ffff 

  0x000001df46c97bd4: ;   {static_stub}
  0x000001df46c97bd4: 48bb 0000 | 0000 0000 

  0x000001df46c97bdc: ;   {runtime_call}
  0x000001df46c97bdc: 0000 e9fb 

  0x000001df46c97be0: ;   {static_stub}
  0x000001df46c97be0: ffff ff48 | bb00 0000 | 0000 0000 

  0x000001df46c97bec: ;   {runtime_call}
  0x000001df46c97bec: 00e9 fbff 

  0x000001df46c97bf0: ;   {static_stub}
  0x000001df46c97bf0: ffff 48bb | 0000 0000 | 0000 0000 

  0x000001df46c97bfc: ;   {runtime_call}
  0x000001df46c97bfc: e9fb ffff 

  0x000001df46c97c00: ;   {runtime_call handle_exception_from_callee Runtime1 stub}
  0x000001df46c97c00: ffe8 fafe 

  0x000001df46c97c04: ;   {external_word}
  0x000001df46c97c04: 4407 48b9 | c028 36aa | fb7f 0000 | 4883 e4f0 

  0x000001df46c97c14: ;   {runtime_call}
  0x000001df46c97c14: 48b8 9095 | fda9 fb7f | 0000 ffd0 

  0x000001df46c97c20: ;   {section_word}
  0x000001df46c97c20: f449 ba21 | 7cc9 46df | 0100 0041 

  0x000001df46c97c2c: ;   {runtime_call DeoptimizationBlob}
  0x000001df46c97c2c: 52e9 6ecd | 3807 f4f4 | f4f4 f4f4 
[/MachCode]


Compiled method (c1) 72921 1097       3       java.security.SecureClassLoader::defineClass (16 bytes)
 total in heap  [0x000001df46c97090,0x000001df46c97490] = 1024
 relocation     [0x000001df46c971e8,0x000001df46c97238] = 80
 main code      [0x000001df46c97240,0x000001df46c97398] = 344
 stub code      [0x000001df46c97398,0x000001df46c973e8] = 80
 metadata       [0x000001df46c973e8,0x000001df46c973f0] = 8
 scopes data    [0x000001df46c973f0,0x000001df46c97438] = 72
 scopes pcs     [0x000001df46c97438,0x000001df46c97488] = 80
 dependencies   [0x000001df46c97488,0x000001df46c97490] = 8

[Constant Pool (empty)]

[MachCode]
[Entry Point]
  # {method} {0x000001df5e0438c0} 'defineClass' '(Ljava/lang/String;[BIILjava/security/CodeSource;)Ljava/lang/Class;' in 'java/security/SecureClassLoader'
  # this:     rdx:rdx   = 'java/security/SecureClassLoader'
  # parm0:    r8:r8     = 'java/lang/String'
  # parm1:    r9:r9     = '[B'
  # parm2:    rdi       = int
  # parm3:    rsi       = int
  # parm4:    rcx:rcx   = 'java/security/CodeSource'
  #           [sp+0x80]  (sp of caller)
  0x000001df46c97240: 448b 5208 | 49bb 0000 | 005e df01 | 0000 4d03 | d34c 3bd0 

  0x000001df46c97254: ;   {runtime_call ic_miss_stub}
  0x000001df46c97254: 0f85 2675 | 3807 660f | 1f44 0000 
[Verified Entry Point]
  0x000001df46c97260: 8984 2400 | 80ff ff55 | 4883 ec70 | 4181 7f20 | 0100 0000 

  0x000001df46c97274: ;   {runtime_call StubRoutines (final stubs)}
  0x000001df46c97274: 7405 e865 

  0x000001df46c97278: ;   {metadata(method data for {method} {0x000001df5e0438c0} 'defineClass' '(Ljava/lang/String;[BIILjava/security/CodeSource;)Ljava/lang/Class;' in 'java/security/SecureClassLoader')}
  0x000001df46c97278: da36 0748 | bb08 9c1b | 9fdf 0100 | 008b 83cc | 0000 0083 | c002 8983 | cc00 0000 | 25fe 0700 
  0x000001df46c97298: 0085 c00f | 8496 0000 | 0089 7424 | 5c89 7c24 | 584c 894c | 2450 4c89 | 4424 4848 

  0x000001df46c972b4: ;   {metadata(method data for {method} {0x000001df5e0438c0} 'defineClass' '(Ljava/lang/String;[BIILjava/security/CodeSource;)Ljava/lang/Class;' in 'java/security/SecureClassLoader')}
  0x000001df46c972b4: 8bda 48b8 | 089c 1b9f | df01 0000 | 4883 8018 | 0100 0001 | 4c8b c148 | 8bc2 488b | d048 8944 
  0x000001df46c972d4: ;   {optimized virtual_call}
  0x000001df46c972d4: 2440 90e8 

  0x000001df46c972d8: ; ImmutableOopMap {[64]=Oop [72]=Oop [80]=Oop }
                      ;*invokevirtual getProtectionDomain {reexecute=0 rethrow=0 return_oop=0}
                      ; - java.security.SecureClassLoader::defineClass@9 (line 150)
  0x000001df46c972d8: c4f2 f6ff 

  0x000001df46c972dc: ;   {other}
  0x000001df46c972dc: 0f1f 8400 | 4c02 0000 | 488b 5424 

  0x000001df46c972e8: ;   {metadata(method data for {method} {0x000001df5e0438c0} 'defineClass' '(Ljava/lang/String;[BIILjava/security/CodeSource;)Ljava/lang/Class;' in 'java/security/SecureClassLoader')}
  0x000001df46c972e8: 4049 b808 | 9c1b 9fdf | 0100 0049 | 8380 4801 | 0000 014c | 8b44 2448 | 4c8b 4c24 | 508b 7c24 
  0x000001df46c97308: 588b 7424 | 5c48 8bc8 | 488b 5424 

  0x000001df46c97314: ;   {optimized virtual_call}
  0x000001df46c97314: 4066 90e8 

  0x000001df46c97318: ; ImmutableOopMap {}
                      ;*invokevirtual defineClass {reexecute=0 rethrow=0 return_oop=0}
                      ; - java.security.SecureClassLoader::defineClass@12 (line 150)
  0x000001df46c97318: 2404 0000 

  0x000001df46c9731c: ;   {other}
  0x000001df46c9731c: 0f1f 8400 | 8c02 0001 | 4883 c470 

  0x000001df46c97328: ;   {poll_return}
  0x000001df46c97328: 5d49 3ba7 | 5804 0000 | 0f87 2200 

  0x000001df46c97334: ;   {metadata({method} {0x000001df5e0438c0} 'defineClass' '(Ljava/lang/String;[BIILjava/security/CodeSource;)Ljava/lang/Class;' in 'java/security/SecureClassLoader')}
  0x000001df46c97334: 0000 c349 | bab8 3804 | 5edf 0100 | 004c 8954 | 2408 48c7 | 0424 ffff 

  0x000001df46c9734c: ;   {runtime_call counter_overflow Runtime1 stub}
  0x000001df46c9734c: ffff e8ad 

  0x000001df46c97350: ; ImmutableOopMap {rdx=Oop r8=Oop r9=Oop rcx=Oop }
                      ;*synchronization entry
                      ; - java.security.SecureClassLoader::defineClass@-1 (line 150)
  0x000001df46c97350: 3a45 07e9 | 49ff ffff 

  0x000001df46c97358: ;   {internal_word}
  0x000001df46c97358: 49ba 2973 | c946 df01 | 0000 4d89 | 9770 0400 

  0x000001df46c97368: ;   {runtime_call SafepointBlob}
  0x000001df46c97368: 00e9 92e3 | 3807 498b | 8708 0500 | 0049 c787 | 0805 0000 | 0000 0000 | 49c7 8710 | 0500 0000 
  0x000001df46c97388: 0000 0048 | 83c4 705d 

  0x000001df46c97390: ;   {runtime_call unwind_exception Runtime1 stub}
  0x000001df46c97390: e96b 023c | 07f4 f4f4 
[Stub Code]
  0x000001df46c97398: ;   {no_reloc}
  0x000001df46c97398: 48bb 0000 | 0000 0000 

  0x000001df46c973a0: ;   {runtime_call}
  0x000001df46c973a0: 0000 e9fb 

  0x000001df46c973a4: ;   {static_stub}
  0x000001df46c973a4: ffff ff48 | bb00 0000 | 0000 0000 

  0x000001df46c973b0: ;   {runtime_call}
  0x000001df46c973b0: 00e9 fbff 

  0x000001df46c973b4: ;   {runtime_call handle_exception_from_callee Runtime1 stub}
  0x000001df46c973b4: ffff e845 

  0x000001df46c973b8: ;   {external_word}
  0x000001df46c973b8: 0745 0748 | b9c0 2836 | aafb 7f00 | 0048 83e4 

  0x000001df46c973c8: ;   {runtime_call}
  0x000001df46c973c8: f048 b890 | 95fd a9fb | 7f00 00ff 

  0x000001df46c973d4: ;   {section_word}
  0x000001df46c973d4: d0f4 49ba | d673 c946 | df01 0000 

  0x000001df46c973e0: ;   {runtime_call DeoptimizationBlob}
  0x000001df46c973e0: 4152 e9b9 | d538 07f4 
[/MachCode]


---------------  P R O C E S S  ---------------

Threads class SMR info:
_java_thread_list=0x000001df5d312890, length=11, elements={
0x000001df3c5ff710, 0x000001df5d0de770, 0x000001df5d0df330, 0x000001df5d0e2f20,
0x000001df5d0e3980, 0x000001df5d0e43e0, 0x000001df5d0e4e40, 0x000001df5d0e5bd0,
0x000001df5d12a6c0, 0x000001df5d338460, 0x000001df5d33d300
}

Java Threads: ( => current thread )
=>0x000001df3c5ff710 JavaThread "main"                              [_thread_in_vm, id=35164, stack(0x00000049fe500000,0x00000049fe600000) (1024K)]
  0x000001df5d0de770 JavaThread "Reference Handler"          daemon [_thread_blocked, id=36548, stack(0x00000049fee00000,0x00000049fef00000) (1024K)]
  0x000001df5d0df330 JavaThread "Finalizer"                  daemon [_thread_blocked, id=36552, stack(0x00000049fef00000,0x00000049ff000000) (1024K)]
  0x000001df5d0e2f20 JavaThread "Signal Dispatcher"          daemon [_thread_blocked, id=36556, stack(0x00000049ff000000,0x00000049ff100000) (1024K)]
  0x000001df5d0e3980 JavaThread "Attach Listener"            daemon [_thread_blocked, id=36560, stack(0x00000049ff100000,0x00000049ff200000) (1024K)]
  0x000001df5d0e43e0 JavaThread "Service Thread"             daemon [_thread_blocked, id=36564, stack(0x00000049ff200000,0x00000049ff300000) (1024K)]
  0x000001df5d0e4e40 JavaThread "Monitor Deflation Thread"   daemon [_thread_blocked, id=36568, stack(0x00000049ff300000,0x00000049ff400000) (1024K)]
  0x000001df5d0e5bd0 JavaThread "C2 CompilerThread0"         daemon [_thread_blocked, id=36572, stack(0x00000049ff400000,0x00000049ff500000) (1024K)]
  0x000001df5d12a6c0 JavaThread "C1 CompilerThread0"         daemon [_thread_blocked, id=36636, stack(0x00000049ff500000,0x00000049ff600000) (1024K)]
  0x000001df5d338460 JavaThread "Notification Thread"        daemon [_thread_blocked, id=36716, stack(0x00000049ff600000,0x00000049ff700000) (1024K)]
  0x000001df5d33d300 JavaThread "Common-Cleaner"             daemon [_thread_blocked, id=36720, stack(0x00000049ff700000,0x00000049ff800000) (1024K)]
Total: 11

Other Threads:
  0x000001df5d0c1b50 VMThread "VM Thread"                           [id=36540, stack(0x00000049fed00000,0x00000049fee00000) (1024K)] _threads_hazard_ptr=0x000001df5d312890
  0x000001df5d0a9f70 WatcherThread "VM Periodic Task Thread"        [id=36536, stack(0x00000049fec00000,0x00000049fed00000) (1024K)]
  0x000001df3e7bd9c0 WorkerThread "GC Thread#0"                     [id=36424, stack(0x00000049fe700000,0x00000049fe800000) (1024K)]
  0x000001df5de29310 WorkerThread "GC Thread#1"                     [id=44480, stack(0x00000049ff800000,0x00000049ff900000) (1024K)]
  0x000001df5de296c0 WorkerThread "GC Thread#2"                     [id=44484, stack(0x00000049ff900000,0x00000049ffa00000) (1024K)]
  0x000001df5de29a70 WorkerThread "GC Thread#3"                     [id=44488, stack(0x00000049ffa00000,0x00000049ffb00000) (1024K)]
  0x000001df5d8ebef0 WorkerThread "GC Thread#4"                     [id=44492, stack(0x00000049ffb00000,0x00000049ffc00000) (1024K)]
  0x000001df5d504c80 WorkerThread "GC Thread#5"                     [id=44680, stack(0x00000049ffc00000,0x00000049ffd00000) (1024K)]
  0x000001df5d6f1c80 WorkerThread "GC Thread#6"                     [id=44684, stack(0x00000049ffd00000,0x00000049ffe00000) (1024K)]
  0x000001df5d7f5ec0 WorkerThread "GC Thread#7"                     [id=44688, stack(0x00000049ffe00000,0x00000049fff00000) (1024K)]
  0x000001df5d7f6270 WorkerThread "GC Thread#8"                     [id=44692, stack(0x00000049fff00000,0x0000004a00000000) (1024K)]
  0x000001df3e7cc3c0 ConcurrentGCThread "G1 Main Marker"            [id=36428, stack(0x00000049fe800000,0x00000049fe900000) (1024K)]
  0x000001df3e7ccdd0 WorkerThread "G1 Conc#0"                       [id=36432, stack(0x00000049fe900000,0x00000049fea00000) (1024K)]
  0x000001df5cf7c540 ConcurrentGCThread "G1 Refine#0"               [id=36436, stack(0x00000049fea00000,0x00000049feb00000) (1024K)]
  0x000001df5cf7cd70 ConcurrentGCThread "G1 Service"                [id=36440, stack(0x00000049feb00000,0x00000049fec00000) (1024K)]
Total: 15

Threads with active compile tasks:
Total: 0

VM state: not at safepoint (normal execution)

VM Mutex/Monitor currently owned by a thread:  ([mutex/lock_event])
[0x00007ffbaa60ab48] Metaspace_lock - owner thread: 0x000001df3c5ff710

Heap address: 0x0000000724e00000, size: 3506 MB, Compressed Oops mode: Zero based, Oop shift amount: 3

CDS archive(s) mapped at: [0x000001df5e000000-0x000001df5ec60000-0x000001df5ec60000), size 12976128, SharedBaseAddress: 0x000001df5e000000, ArchiveRelocationMode: 1.
Compressed class space mapped at: 0x000001df5f000000-0x000001df9f000000, reserved size: 1073741824
Narrow klass base: 0x000001df5e000000, Narrow klass shift: 0, Narrow klass range: 0x41000000

GC Precious Log:
 CardTable entry size: 512
 Card Set container configuration: InlinePtr #cards 4 size 8 Array Of Cards #cards 16 size 48 Howl #buckets 8 coarsen threshold 3686 Howl Bitmap #cards 512 size 80 coarsen threshold 460 Card regions per heap region 1 cards per card region 4096
 CPUs: 12 total, 12 available
 Memory: 14020M
 Large Page Support: Disabled
 NUMA Support: Disabled
 Compressed Oops: Enabled (Zero based)
 Heap Region Size: 2M
 Heap Min Capacity: 8M
 Heap Initial Capacity: 220M
 Heap Max Capacity: 3506M
 Pre-touch: Disabled
 Parallel Workers: 10
 Concurrent Workers: 3
 Concurrent Refinement Workers: 10
 Periodic GC: Disabled

Heap:
 garbage-first heap   total reserved 3590144K, committed 225280K, used 8064K [0x0000000724e00000, 0x0000000800000000)
  region size 2048K, 5 young (10240K), 2 survivors (4096K)
 Metaspace       used 6019K, committed 6208K, reserved 1114112K
  class space    used 708K, committed 768K, reserved 1048576K

Heap Regions: E=young(eden), S=young(survivor), O=old, HS=humongous(starts), HC=humongous(continues), CS=collection set, F=free, TAMS=top-at-mark-start, PB=parsable bottom
|   0|0x0000000724e00000, 0x0000000724e00000, 0x0000000725000000|  0%| F|  |TAMS 0x0000000724e00000| PB 0x0000000724e00000| Untracked |  0
|   1|0x0000000725000000, 0x0000000725000000, 0x0000000725200000|  0%| F|  |TAMS 0x0000000725000000| PB 0x0000000725000000| Untracked |  0
|   2|0x0000000725200000, 0x0000000725200000, 0x0000000725400000|  0%| F|  |TAMS 0x0000000725200000| PB 0x0000000725200000| Untracked |  0
|   3|0x0000000725400000, 0x0000000725400000, 0x0000000725600000|  0%| F|  |TAMS 0x0000000725400000| PB 0x0000000725400000| Untracked |  0
|   4|0x0000000725600000, 0x0000000725600000, 0x0000000725800000|  0%| F|  |TAMS 0x0000000725600000| PB 0x0000000725600000| Untracked |  0
|   5|0x0000000725800000, 0x0000000725800000, 0x0000000725a00000|  0%| F|  |TAMS 0x0000000725800000| PB 0x0000000725800000| Untracked |  0
|   6|0x0000000725a00000, 0x0000000725a00000, 0x0000000725c00000|  0%| F|  |TAMS 0x0000000725a00000| PB 0x0000000725a00000| Untracked |  0
|   7|0x0000000725c00000, 0x0000000725c00000, 0x0000000725e00000|  0%| F|  |TAMS 0x0000000725c00000| PB 0x0000000725c00000| Untracked |  0
|   8|0x0000000725e00000, 0x0000000725e00000, 0x0000000726000000|  0%| F|  |TAMS 0x0000000725e00000| PB 0x0000000725e00000| Untracked |  0
|   9|0x0000000726000000, 0x0000000726000000, 0x0000000726200000|  0%| F|  |TAMS 0x0000000726000000| PB 0x0000000726000000| Untracked |  0
|  10|0x0000000726200000, 0x0000000726200000, 0x0000000726400000|  0%| F|  |TAMS 0x0000000726200000| PB 0x0000000726200000| Untracked |  0
|  11|0x0000000726400000, 0x0000000726400000, 0x0000000726600000|  0%| F|  |TAMS 0x0000000726400000| PB 0x0000000726400000| Untracked |  0
|  12|0x0000000726600000, 0x0000000726600000, 0x0000000726800000|  0%| F|  |TAMS 0x0000000726600000| PB 0x0000000726600000| Untracked |  0
|  13|0x0000000726800000, 0x0000000726800000, 0x0000000726a00000|  0%| F|  |TAMS 0x0000000726800000| PB 0x0000000726800000| Untracked |  0
|  14|0x0000000726a00000, 0x0000000726a00000, 0x0000000726c00000|  0%| F|  |TAMS 0x0000000726a00000| PB 0x0000000726a00000| Untracked |  0
|  15|0x0000000726c00000, 0x0000000726c00000, 0x0000000726e00000|  0%| F|  |TAMS 0x0000000726c00000| PB 0x0000000726c00000| Untracked |  0
|  16|0x0000000726e00000, 0x0000000726e00000, 0x0000000727000000|  0%| F|  |TAMS 0x0000000726e00000| PB 0x0000000726e00000| Untracked |  0
|  17|0x0000000727000000, 0x0000000727000000, 0x0000000727200000|  0%| F|  |TAMS 0x0000000727000000| PB 0x0000000727000000| Untracked |  0
|  18|0x0000000727200000, 0x0000000727200000, 0x0000000727400000|  0%| F|  |TAMS 0x0000000727200000| PB 0x0000000727200000| Untracked |  0
|  19|0x0000000727400000, 0x0000000727400000, 0x0000000727600000|  0%| F|  |TAMS 0x0000000727400000| PB 0x0000000727400000| Untracked |  0
|  20|0x0000000727600000, 0x0000000727600000, 0x0000000727800000|  0%| F|  |TAMS 0x0000000727600000| PB 0x0000000727600000| Untracked |  0
|  21|0x0000000727800000, 0x0000000727800000, 0x0000000727a00000|  0%| F|  |TAMS 0x0000000727800000| PB 0x0000000727800000| Untracked |  0
|  22|0x0000000727a00000, 0x0000000727a00000, 0x0000000727c00000|  0%| F|  |TAMS 0x0000000727a00000| PB 0x0000000727a00000| Untracked |  0
|  23|0x0000000727c00000, 0x0000000727c00000, 0x0000000727e00000|  0%| F|  |TAMS 0x0000000727c00000| PB 0x0000000727c00000| Untracked |  0
|  24|0x0000000727e00000, 0x0000000727e00000, 0x0000000728000000|  0%| F|  |TAMS 0x0000000727e00000| PB 0x0000000727e00000| Untracked |  0
|  25|0x0000000728000000, 0x0000000728000000, 0x0000000728200000|  0%| F|  |TAMS 0x0000000728000000| PB 0x0000000728000000| Untracked |  0
|  26|0x0000000728200000, 0x0000000728200000, 0x0000000728400000|  0%| F|  |TAMS 0x0000000728200000| PB 0x0000000728200000| Untracked |  0
|  27|0x0000000728400000, 0x0000000728400000, 0x0000000728600000|  0%| F|  |TAMS 0x0000000728400000| PB 0x0000000728400000| Untracked |  0
|  28|0x0000000728600000, 0x0000000728600000, 0x0000000728800000|  0%| F|  |TAMS 0x0000000728600000| PB 0x0000000728600000| Untracked |  0
|  29|0x0000000728800000, 0x0000000728800000, 0x0000000728a00000|  0%| F|  |TAMS 0x0000000728800000| PB 0x0000000728800000| Untracked |  0
|  30|0x0000000728a00000, 0x0000000728a00000, 0x0000000728c00000|  0%| F|  |TAMS 0x0000000728a00000| PB 0x0000000728a00000| Untracked |  0
|  31|0x0000000728c00000, 0x0000000728c00000, 0x0000000728e00000|  0%| F|  |TAMS 0x0000000728c00000| PB 0x0000000728c00000| Untracked |  0
|  32|0x0000000728e00000, 0x0000000728e00000, 0x0000000729000000|  0%| F|  |TAMS 0x0000000728e00000| PB 0x0000000728e00000| Untracked |  0
|  33|0x0000000729000000, 0x0000000729000000, 0x0000000729200000|  0%| F|  |TAMS 0x0000000729000000| PB 0x0000000729000000| Untracked |  0
|  34|0x0000000729200000, 0x0000000729200000, 0x0000000729400000|  0%| F|  |TAMS 0x0000000729200000| PB 0x0000000729200000| Untracked |  0
|  35|0x0000000729400000, 0x0000000729400000, 0x0000000729600000|  0%| F|  |TAMS 0x0000000729400000| PB 0x0000000729400000| Untracked |  0
|  36|0x0000000729600000, 0x0000000729600000, 0x0000000729800000|  0%| F|  |TAMS 0x0000000729600000| PB 0x0000000729600000| Untracked |  0
|  37|0x0000000729800000, 0x0000000729800000, 0x0000000729a00000|  0%| F|  |TAMS 0x0000000729800000| PB 0x0000000729800000| Untracked |  0
|  38|0x0000000729a00000, 0x0000000729a00000, 0x0000000729c00000|  0%| F|  |TAMS 0x0000000729a00000| PB 0x0000000729a00000| Untracked |  0
|  39|0x0000000729c00000, 0x0000000729c00000, 0x0000000729e00000|  0%| F|  |TAMS 0x0000000729c00000| PB 0x0000000729c00000| Untracked |  0
|  40|0x0000000729e00000, 0x0000000729e00000, 0x000000072a000000|  0%| F|  |TAMS 0x0000000729e00000| PB 0x0000000729e00000| Untracked |  0
|  41|0x000000072a000000, 0x000000072a000000, 0x000000072a200000|  0%| F|  |TAMS 0x000000072a000000| PB 0x000000072a000000| Untracked |  0
|  42|0x000000072a200000, 0x000000072a200000, 0x000000072a400000|  0%| F|  |TAMS 0x000000072a200000| PB 0x000000072a200000| Untracked |  0
|  43|0x000000072a400000, 0x000000072a400000, 0x000000072a600000|  0%| F|  |TAMS 0x000000072a400000| PB 0x000000072a400000| Untracked |  0
|  44|0x000000072a600000, 0x000000072a600000, 0x000000072a800000|  0%| F|  |TAMS 0x000000072a600000| PB 0x000000072a600000| Untracked |  0
|  45|0x000000072a800000, 0x000000072a800000, 0x000000072aa00000|  0%| F|  |TAMS 0x000000072a800000| PB 0x000000072a800000| Untracked |  0
|  46|0x000000072aa00000, 0x000000072aa00000, 0x000000072ac00000|  0%| F|  |TAMS 0x000000072aa00000| PB 0x000000072aa00000| Untracked |  0
|  47|0x000000072ac00000, 0x000000072ac00000, 0x000000072ae00000|  0%| F|  |TAMS 0x000000072ac00000| PB 0x000000072ac00000| Untracked |  0
|  48|0x000000072ae00000, 0x000000072ae00000, 0x000000072b000000|  0%| F|  |TAMS 0x000000072ae00000| PB 0x000000072ae00000| Untracked |  0
|  49|0x000000072b000000, 0x000000072b000000, 0x000000072b200000|  0%| F|  |TAMS 0x000000072b000000| PB 0x000000072b000000| Untracked |  0
|  50|0x000000072b200000, 0x000000072b200000, 0x000000072b400000|  0%| F|  |TAMS 0x000000072b200000| PB 0x000000072b200000| Untracked |  0
|  51|0x000000072b400000, 0x000000072b400000, 0x000000072b600000|  0%| F|  |TAMS 0x000000072b400000| PB 0x000000072b400000| Untracked |  0
|  52|0x000000072b600000, 0x000000072b600000, 0x000000072b800000|  0%| F|  |TAMS 0x000000072b600000| PB 0x000000072b600000| Untracked |  0
|  53|0x000000072b800000, 0x000000072b800000, 0x000000072ba00000|  0%| F|  |TAMS 0x000000072b800000| PB 0x000000072b800000| Untracked |  0
|  54|0x000000072ba00000, 0x000000072ba00000, 0x000000072bc00000|  0%| F|  |TAMS 0x000000072ba00000| PB 0x000000072ba00000| Untracked |  0
|  55|0x000000072bc00000, 0x000000072bc00000, 0x000000072be00000|  0%| F|  |TAMS 0x000000072bc00000| PB 0x000000072bc00000| Untracked |  0
|  56|0x000000072be00000, 0x000000072be00000, 0x000000072c000000|  0%| F|  |TAMS 0x000000072be00000| PB 0x000000072be00000| Untracked |  0
|  57|0x000000072c000000, 0x000000072c000000, 0x000000072c200000|  0%| F|  |TAMS 0x000000072c000000| PB 0x000000072c000000| Untracked |  0
|  58|0x000000072c200000, 0x000000072c200000, 0x000000072c400000|  0%| F|  |TAMS 0x000000072c200000| PB 0x000000072c200000| Untracked |  0
|  59|0x000000072c400000, 0x000000072c400000, 0x000000072c600000|  0%| F|  |TAMS 0x000000072c400000| PB 0x000000072c400000| Untracked |  0
|  60|0x000000072c600000, 0x000000072c600000, 0x000000072c800000|  0%| F|  |TAMS 0x000000072c600000| PB 0x000000072c600000| Untracked |  0
|  61|0x000000072c800000, 0x000000072c800000, 0x000000072ca00000|  0%| F|  |TAMS 0x000000072c800000| PB 0x000000072c800000| Untracked |  0
|  62|0x000000072ca00000, 0x000000072ca00000, 0x000000072cc00000|  0%| F|  |TAMS 0x000000072ca00000| PB 0x000000072ca00000| Untracked |  0
|  63|0x000000072cc00000, 0x000000072cc00000, 0x000000072ce00000|  0%| F|  |TAMS 0x000000072cc00000| PB 0x000000072cc00000| Untracked |  0
|  64|0x000000072ce00000, 0x000000072ce00000, 0x000000072d000000|  0%| F|  |TAMS 0x000000072ce00000| PB 0x000000072ce00000| Untracked |  0
|  65|0x000000072d000000, 0x000000072d000000, 0x000000072d200000|  0%| F|  |TAMS 0x000000072d000000| PB 0x000000072d000000| Untracked |  0
|  66|0x000000072d200000, 0x000000072d200000, 0x000000072d400000|  0%| F|  |TAMS 0x000000072d200000| PB 0x000000072d200000| Untracked |  0
|  67|0x000000072d400000, 0x000000072d400000, 0x000000072d600000|  0%| F|  |TAMS 0x000000072d400000| PB 0x000000072d400000| Untracked |  0
|  68|0x000000072d600000, 0x000000072d600000, 0x000000072d800000|  0%| F|  |TAMS 0x000000072d600000| PB 0x000000072d600000| Untracked |  0
|  69|0x000000072d800000, 0x000000072d800000, 0x000000072da00000|  0%| F|  |TAMS 0x000000072d800000| PB 0x000000072d800000| Untracked |  0
|  70|0x000000072da00000, 0x000000072da00000, 0x000000072dc00000|  0%| F|  |TAMS 0x000000072da00000| PB 0x000000072da00000| Untracked |  0
|  71|0x000000072dc00000, 0x000000072dc00000, 0x000000072de00000|  0%| F|  |TAMS 0x000000072dc00000| PB 0x000000072dc00000| Untracked |  0
|  72|0x000000072de00000, 0x000000072de00000, 0x000000072e000000|  0%| F|  |TAMS 0x000000072de00000| PB 0x000000072de00000| Untracked |  0
|  73|0x000000072e000000, 0x000000072e000000, 0x000000072e200000|  0%| F|  |TAMS 0x000000072e000000| PB 0x000000072e000000| Untracked |  0
|  74|0x000000072e200000, 0x000000072e200000, 0x000000072e400000|  0%| F|  |TAMS 0x000000072e200000| PB 0x000000072e200000| Untracked |  0
|  75|0x000000072e400000, 0x000000072e400000, 0x000000072e600000|  0%| F|  |TAMS 0x000000072e400000| PB 0x000000072e400000| Untracked |  0
|  76|0x000000072e600000, 0x000000072e600000, 0x000000072e800000|  0%| F|  |TAMS 0x000000072e600000| PB 0x000000072e600000| Untracked |  0
|  77|0x000000072e800000, 0x000000072e800000, 0x000000072ea00000|  0%| F|  |TAMS 0x000000072e800000| PB 0x000000072e800000| Untracked |  0
|  78|0x000000072ea00000, 0x000000072ea00000, 0x000000072ec00000|  0%| F|  |TAMS 0x000000072ea00000| PB 0x000000072ea00000| Untracked |  0
|  79|0x000000072ec00000, 0x000000072ec00000, 0x000000072ee00000|  0%| F|  |TAMS 0x000000072ec00000| PB 0x000000072ec00000| Untracked |  0
|  80|0x000000072ee00000, 0x000000072ee00000, 0x000000072f000000|  0%| F|  |TAMS 0x000000072ee00000| PB 0x000000072ee00000| Untracked |  0
|  81|0x000000072f000000, 0x000000072f000000, 0x000000072f200000|  0%| F|  |TAMS 0x000000072f000000| PB 0x000000072f000000| Untracked |  0
|  82|0x000000072f200000, 0x000000072f200000, 0x000000072f400000|  0%| F|  |TAMS 0x000000072f200000| PB 0x000000072f200000| Untracked |  0
|  83|0x000000072f400000, 0x000000072f400000, 0x000000072f600000|  0%| F|  |TAMS 0x000000072f400000| PB 0x000000072f400000| Untracked |  0
|  84|0x000000072f600000, 0x000000072f600000, 0x000000072f800000|  0%| F|  |TAMS 0x000000072f600000| PB 0x000000072f600000| Untracked |  0
|  85|0x000000072f800000, 0x000000072f800000, 0x000000072fa00000|  0%| F|  |TAMS 0x000000072f800000| PB 0x000000072f800000| Untracked |  0
|  86|0x000000072fa00000, 0x000000072fa00000, 0x000000072fc00000|  0%| F|  |TAMS 0x000000072fa00000| PB 0x000000072fa00000| Untracked |  0
|  87|0x000000072fc00000, 0x000000072fc00000, 0x000000072fe00000|  0%| F|  |TAMS 0x000000072fc00000| PB 0x000000072fc00000| Untracked |  0
|  88|0x000000072fe00000, 0x000000072fe00000, 0x0000000730000000|  0%| F|  |TAMS 0x000000072fe00000| PB 0x000000072fe00000| Untracked |  0
|  89|0x0000000730000000, 0x0000000730000000, 0x0000000730200000|  0%| F|  |TAMS 0x0000000730000000| PB 0x0000000730000000| Untracked |  0
|  90|0x0000000730200000, 0x0000000730200000, 0x0000000730400000|  0%| F|  |TAMS 0x0000000730200000| PB 0x0000000730200000| Untracked |  0
|  91|0x0000000730400000, 0x0000000730400000, 0x0000000730600000|  0%| F|  |TAMS 0x0000000730400000| PB 0x0000000730400000| Untracked |  0
|  92|0x0000000730600000, 0x0000000730600000, 0x0000000730800000|  0%| F|  |TAMS 0x0000000730600000| PB 0x0000000730600000| Untracked |  0
|  93|0x0000000730800000, 0x0000000730800000, 0x0000000730a00000|  0%| F|  |TAMS 0x0000000730800000| PB 0x0000000730800000| Untracked |  0
|  94|0x0000000730a00000, 0x0000000730a00000, 0x0000000730c00000|  0%| F|  |TAMS 0x0000000730a00000| PB 0x0000000730a00000| Untracked |  0
|  95|0x0000000730c00000, 0x0000000730c00000, 0x0000000730e00000|  0%| F|  |TAMS 0x0000000730c00000| PB 0x0000000730c00000| Untracked |  0
|  96|0x0000000730e00000, 0x0000000730fe0000, 0x0000000731000000| 93%| S|CS|TAMS 0x0000000730e00000| PB 0x0000000730e00000| Complete |  0
|  97|0x0000000731000000, 0x0000000731200000, 0x0000000731200000|100%| S|CS|TAMS 0x0000000731000000| PB 0x0000000731000000| Complete |  0
|  98|0x0000000731200000, 0x0000000731200000, 0x0000000731400000|  0%| F|  |TAMS 0x0000000731200000| PB 0x0000000731200000| Untracked |  0
|  99|0x0000000731400000, 0x0000000731400000, 0x0000000731600000|  0%| F|  |TAMS 0x0000000731400000| PB 0x0000000731400000| Untracked |  0
| 100|0x0000000731600000, 0x0000000731600000, 0x0000000731800000|  0%| F|  |TAMS 0x0000000731600000| PB 0x0000000731600000| Untracked |  0
| 101|0x0000000731800000, 0x0000000731800000, 0x0000000731a00000|  0%| F|  |TAMS 0x0000000731800000| PB 0x0000000731800000| Untracked |  0
| 102|0x0000000731a00000, 0x0000000731a00000, 0x0000000731c00000|  0%| F|  |TAMS 0x0000000731a00000| PB 0x0000000731a00000| Untracked |  0
| 103|0x0000000731c00000, 0x0000000731c00000, 0x0000000731e00000|  0%| F|  |TAMS 0x0000000731c00000| PB 0x0000000731c00000| Untracked |  0
| 104|0x0000000731e00000, 0x0000000731e00000, 0x0000000732000000|  0%| F|  |TAMS 0x0000000731e00000| PB 0x0000000731e00000| Untracked |  0
| 105|0x0000000732000000, 0x0000000732000000, 0x0000000732200000|  0%| F|  |TAMS 0x0000000732000000| PB 0x0000000732000000| Untracked |  0
| 106|0x0000000732200000, 0x0000000732200000, 0x0000000732400000|  0%| F|  |TAMS 0x0000000732200000| PB 0x0000000732200000| Untracked |  0
| 107|0x0000000732400000, 0x000000073246fa58, 0x0000000732600000| 21%| E|  |TAMS 0x0000000732400000| PB 0x0000000732400000| Complete |  0
| 108|0x0000000732600000, 0x0000000732800000, 0x0000000732800000|100%| E|CS|TAMS 0x0000000732600000| PB 0x0000000732600000| Complete |  0
| 109|0x0000000732800000, 0x0000000732a00000, 0x0000000732a00000|100%| E|CS|TAMS 0x0000000732800000| PB 0x0000000732800000| Complete |  0

Card table byte_map: [0x000001df566d0000,0x000001df56db0000] _byte_map_base: 0x000001df52da9000

Marking Bits: (CMBitMap*) 0x000001df3e7bdfd0
 Bits: [0x000001df56db0000, 0x000001df5a478000)

Polling page: 0x000001df3c5b0000

Metaspace:

Usage:
  Non-class:      5.19 MB used.
      Class:    708.02 KB used.
       Both:      5.88 MB used.

Virtual space:
  Non-class space:       64.00 MB reserved,       5.31 MB (  8%) committed,  1 nodes.
      Class space:        1.00 GB reserved,     768.00 KB ( <1%) committed,  1 nodes.
             Both:        1.06 GB reserved,       6.06 MB ( <1%) committed. 

Chunk freelists:
   Non-Class:  8.97 MB
       Class:  15.23 MB
        Both:  24.20 MB

MaxMetaspaceSize: unlimited
CompressedClassSpaceSize: 1.00 GB
Initial GC threshold: 21.00 MB
Current GC threshold: 21.00 MB
CDS: on
 - commit_granule_bytes: 65536.
 - commit_granule_words: 8192.
 - virtual_space_node_default_size: 8388608.
 - enlarge_chunks_in_place: 1.
 - use_allocation_guard: 0.


Internal statistics:

num_allocs_failed_limit: 0.
num_arena_births: 54.
num_arena_deaths: 0.
num_vsnodes_births: 2.
num_vsnodes_deaths: 0.
num_space_committed: 97.
num_space_uncommitted: 0.
num_chunks_returned_to_freelist: 0.
num_chunks_taken_from_freelist: 222.
num_chunk_merges: 0.
num_chunk_splits: 144.
num_chunks_enlarged: 121.
num_inconsistent_stats: 0.

CodeHeap 'non-profiled nmethods': size=120000Kb used=445Kb max_used=445Kb free=119554Kb
 bounds [0x000001df4e570000, 0x000001df4e7e0000, 0x000001df55aa0000]
CodeHeap 'profiled nmethods': size=120000Kb used=2289Kb max_used=2289Kb free=117710Kb
 bounds [0x000001df46aa0000, 0x000001df46d10000, 0x000001df4dfd0000]
CodeHeap 'non-nmethods': size=5760Kb used=1362Kb max_used=1388Kb free=4397Kb
 bounds [0x000001df4dfd0000, 0x000001df4e240000, 0x000001df4e570000]
 total_blobs=1687 nmethods=1222 adapters=370
 compilation: enabled
              stopped_count=0, restarted_count=0
 full_count=0

Compilation events (20 events):
Event: 42.087 Thread 0x000001df5d12a6c0 1226       3       java.nio.HeapByteBuffer::ix (7 bytes)
Event: 42.087 Thread 0x000001df5d12a6c0 nmethod 1226 0x000001df46cd5d90 code [0x000001df46cd5f20, 0x000001df46cd6030]
Event: 42.087 Thread 0x000001df5d12a6c0 1227       1       sun.nio.fs.WindowsPath::getFileSystem (5 bytes)
Event: 42.087 Thread 0x000001df5d12a6c0 nmethod 1227 0x000001df4e5df110 code [0x000001df4e5df2a0, 0x000001df4e5df370]
Event: 42.089 Thread 0x000001df5d12a6c0 1228       3       java.nio.ByteBuffer::limit (8 bytes)
Event: 42.089 Thread 0x000001df5d12a6c0 nmethod 1228 0x000001df46cd6090 code [0x000001df46cd6240, 0x000001df46cd6390]
Event: 42.091 Thread 0x000001df5d12a6c0 1229       3       jdk.internal.jimage.ImageLocation::verify (218 bytes)
Event: 42.091 Thread 0x000001df5d0e5bd0 1230   !   4       jdk.internal.misc.ScopedMemoryAccess::getByte (16 bytes)
Event: 42.091 Thread 0x000001df5d0e5bd0 nmethod 1230 0x000001df4e5df410 code [0x000001df4e5df5a0, 0x000001df4e5df678]
Event: 42.091 Thread 0x000001df5d12a6c0 nmethod 1229 0x000001df46cd6410 code [0x000001df46cd66c0, 0x000001df46cd7378]
Event: 42.091 Thread 0x000001df5d12a6c0 1232       3       jdk.internal.jimage.ImageStringsReader::stringFromByteBufferMatches (138 bytes)
Event: 42.092 Thread 0x000001df5d12a6c0 nmethod 1232 0x000001df46cd7910 code [0x000001df46cd7be0, 0x000001df46cd8cd0]
Event: 42.093 Thread 0x000001df5d12a6c0 1231       3       jdk.internal.jimage.BasicImageReader::verifyLocation (39 bytes)
Event: 42.093 Thread 0x000001df5d12a6c0 nmethod 1231 0x000001df46cd9410 code [0x000001df46cd95e0, 0x000001df46cd98c8]
Event: 42.093 Thread 0x000001df5d12a6c0 1233       3       jdk.internal.jimage.ImageStringsReader::match (11 bytes)
Event: 42.093 Thread 0x000001df5d12a6c0 nmethod 1233 0x000001df46cd9a10 code [0x000001df46cd9bc0, 0x000001df46cd9d90]
Event: 42.093 Thread 0x000001df5d12a6c0 1234       3       jdk.internal.jimage.BasicImageReader::match (37 bytes)
Event: 42.093 Thread 0x000001df5d12a6c0 nmethod 1234 0x000001df46cd9e90 code [0x000001df46cda060, 0x000001df46cda308]
Event: 42.093 Thread 0x000001df5d12a6c0 1235       3       jdk.internal.jimage.ImageLocation::verifyName (161 bytes)
Event: 42.094 Thread 0x000001df5d12a6c0 nmethod 1235 0x000001df46cda410 code [0x000001df46cda760, 0x000001df46cdbcd8]

GC Heap History (2 events):
Event: 40.018 GC heap before
{Heap before GC invocations=0 (full 0):
 garbage-first heap   total reserved 3590144K, committed 225280K, used 24576K [0x0000000724e00000, 0x0000000800000000)
  region size 2048K, 12 young (24576K), 0 survivors (0K)
 Metaspace       used 5699K, committed 5888K, reserved 1114112K
  class space    used 673K, committed 768K, reserved 1048576K
}
Event: 40.873 GC heap after
{Heap after GC invocations=1 (full 0):
 garbage-first heap   total reserved 3590144K, committed 225280K, used 3968K [0x0000000724e00000, 0x0000000800000000)
  region size 2048K, 2 young (4096K), 2 survivors (4096K)
 Metaspace       used 5699K, committed 5888K, reserved 1114112K
  class space    used 673K, committed 768K, reserved 1048576K
}

Dll operation events (8 events):
Event: 2.259 Loaded shared library C:\Program Files\Java\jdk-22\bin\java.dll
Event: 2.584 Loaded shared library C:\Program Files\Java\jdk-22\bin\jsvml.dll
Event: 3.140 Loaded shared library C:\Program Files\Java\jdk-22\bin\net.dll
Event: 3.144 Loaded shared library C:\Program Files\Java\jdk-22\bin\nio.dll
Event: 5.753 Loaded shared library C:\Program Files\Java\jdk-22\bin\zip.dll
Event: 19.394 Loaded shared library C:\Program Files\Java\jdk-22\bin\jimage.dll
Event: 20.583 Loaded shared library C:\Program Files\NetBeans-21\netbeans\java\maven\lib\jansi-native\Windows\x86_64\jansi.dll
Event: 20.994 Loaded shared library C:\Program Files\Java\jdk-22\bin\verify.dll

Deoptimization events (20 events):
Event: 40.882 Thread 0x000001df5d0de770 Uncommon trap: trap_request=0xffffff45 fr.pc=0x000001df4e5c04c0 relative=0x0000000000000040
Event: 40.882 Thread 0x000001df5d0de770 Uncommon trap: reason=unstable_if action=reinterpret pc=0x000001df4e5c04c0 method=java.util.concurrent.locks.AbstractQueuedSynchronizer.signalNext(Ljava/util/concurrent/locks/AbstractQueuedSynchronizer$Node;)V @ 1 c2
Event: 40.882 Thread 0x000001df5d0de770 DEOPT PACKING pc=0x000001df4e5c04c0 sp=0x00000049feeff310
Event: 40.882 Thread 0x000001df5d0de770 DEOPT UNPACKING pc=0x000001df4e0246a2 sp=0x00000049feeff2a0 mode 2
Event: 40.882 Thread 0x000001df5d0de770 Uncommon trap: trap_request=0xffffff45 fr.pc=0x000001df4e5c0220 relative=0x0000000000000180
Event: 40.882 Thread 0x000001df5d0de770 Uncommon trap: reason=unstable_if action=reinterpret pc=0x000001df4e5c0220 method=java.util.concurrent.locks.ReentrantLock$NonfairSync.initialTryLock()Z @ 25 c2
Event: 40.882 Thread 0x000001df5d0de770 DEOPT PACKING pc=0x000001df4e5c0220 sp=0x00000049feeff2f0
Event: 40.882 Thread 0x000001df5d0de770 DEOPT UNPACKING pc=0x000001df4e0246a2 sp=0x00000049feeff290 mode 2
Event: 40.935 Thread 0x000001df3c5ff710 Uncommon trap: trap_request=0xffffff45 fr.pc=0x000001df4e5cea90 relative=0x0000000000000b30
Event: 40.935 Thread 0x000001df3c5ff710 Uncommon trap: reason=unstable_if action=reinterpret pc=0x000001df4e5cea90 method=org.codehaus.plexus.util.xml.pull.MXParser.nextImpl()I @ 241 c2
Event: 40.935 Thread 0x000001df3c5ff710 DEOPT PACKING pc=0x000001df4e5cea90 sp=0x00000049fe5fe450
Event: 40.935 Thread 0x000001df3c5ff710 DEOPT UNPACKING pc=0x000001df4e0246a2 sp=0x00000049fe5fe3e0 mode 2
Event: 42.084 Thread 0x000001df3c5ff710 Uncommon trap: trap_request=0xffffffde fr.pc=0x000001df4e5d1fcc relative=0x00000000000002ec
Event: 42.084 Thread 0x000001df3c5ff710 Uncommon trap: reason=class_check action=maybe_recompile pc=0x000001df4e5d1fcc method=java.util.HashMap.getNode(Ljava/lang/Object;)Ljava/util/HashMap$Node; @ 128 c2
Event: 42.084 Thread 0x000001df3c5ff710 DEOPT PACKING pc=0x000001df4e5d1fcc sp=0x00000049fe5fdd60
Event: 42.085 Thread 0x000001df3c5ff710 DEOPT UNPACKING pc=0x000001df4e0246a2 sp=0x00000049fe5fdcc8 mode 2
Event: 42.090 Thread 0x000001df3c5ff710 Uncommon trap: trap_request=0xffffffde fr.pc=0x000001df4e5d1fcc relative=0x00000000000002ec
Event: 42.090 Thread 0x000001df3c5ff710 Uncommon trap: reason=class_check action=maybe_recompile pc=0x000001df4e5d1fcc method=java.util.HashMap.getNode(Ljava/lang/Object;)Ljava/util/HashMap$Node; @ 128 c2
Event: 42.090 Thread 0x000001df3c5ff710 DEOPT PACKING pc=0x000001df4e5d1fcc sp=0x00000049fe5fdd60
Event: 42.090 Thread 0x000001df3c5ff710 DEOPT UNPACKING pc=0x000001df4e0246a2 sp=0x00000049fe5fdcc8 mode 2

Classes loaded (20 events):
Event: 37.790 Loading class java/lang/reflect/ParameterizedType
Event: 37.790 Loading class java/lang/reflect/ParameterizedType done
Event: 37.798 Loading class java/lang/reflect/WildcardType
Event: 38.228 Loading class java/lang/reflect/WildcardType done
Event: 38.233 Loading class sun/reflect/generics/tree/TypeVariableSignature
Event: 38.632 Loading class sun/reflect/generics/tree/TypeVariableSignature done
Event: 39.062 Loading class java/lang/annotation/IncompleteAnnotationException
Event: 39.062 Loading class java/lang/annotation/IncompleteAnnotationException done
Event: 39.325 Loading class java/lang/foreign/MemorySegment
Event: 39.805 Loading class java/lang/foreign/MemorySegment done
Event: 41.032 Loading class sun/reflect/generics/reflectiveObjects/TypeVariableImpl
Event: 41.266 Loading class sun/reflect/generics/reflectiveObjects/LazyReflectiveObjectGenerator
Event: 41.277 Loading class sun/reflect/generics/reflectiveObjects/LazyReflectiveObjectGenerator done
Event: 41.277 Loading class sun/reflect/generics/reflectiveObjects/TypeVariableImpl done
Event: 41.277 Loading class sun/reflect/generics/reflectiveObjects/ParameterizedTypeImpl
Event: 41.277 Loading class sun/reflect/generics/reflectiveObjects/ParameterizedTypeImpl done
Event: 41.562 Loading class jdk/internal/foreign/MemorySessionImpl
Event: 41.645 Loading class java/lang/foreign/MemorySegment$Scope
Event: 41.650 Loading class java/lang/foreign/MemorySegment$Scope done
Event: 41.650 Loading class jdk/internal/foreign/MemorySessionImpl done

Classes unloaded (0 events):
No events

Classes redefined (0 events):
No events

Internal exceptions (20 events):
Event: 20.595 Thread 0x000001df3c5ff710 Exception <a 'java/lang/NullPointerException'{0x00000007325d2e88}> (0x00000007325d2e88) 
thrown [s\open\src\hotspot\share\interpreter\linkResolver.cpp, line 1374]
Event: 20.595 Thread 0x000001df3c5ff710 Exception <a 'java/lang/NullPointerException'{0x00000007325d3168}> (0x00000007325d3168) 
thrown [s\open\src\hotspot\share\interpreter\linkResolver.cpp, line 1374]
Event: 20.894 Thread 0x000001df3c5ff710 Exception <a 'sun/nio/fs/WindowsException'{0x00000007325fc0c8}> (0x00000007325fc0c8) 
thrown [s\open\src\hotspot\share\prims\jni.cpp, line 520]
Event: 20.990 Thread 0x000001df3c5ff710 Exception <a 'sun/nio/fs/WindowsException'{0x00000007325fcb08}> (0x00000007325fcb08) 
thrown [s\open\src\hotspot\share\prims\jni.cpp, line 520]
Event: 20.990 Thread 0x000001df3c5ff710 Exception <a 'sun/nio/fs/WindowsException'{0x00000007325fd130}> (0x00000007325fd130) 
thrown [s\open\src\hotspot\share\prims\jni.cpp, line 520]
Event: 20.990 Thread 0x000001df3c5ff710 Exception <a 'sun/nio/fs/WindowsException'{0x00000007325fd730}> (0x00000007325fd730) 
thrown [s\open\src\hotspot\share\prims\jni.cpp, line 520]
Event: 20.990 Thread 0x000001df3c5ff710 Exception <a 'sun/nio/fs/WindowsException'{0x00000007325fdca8}> (0x00000007325fdca8) 
thrown [s\open\src\hotspot\share\prims\jni.cpp, line 520]
Event: 20.991 Thread 0x000001df3c5ff710 Exception <a 'sun/nio/fs/WindowsException'{0x00000007325fe200}> (0x00000007325fe200) 
thrown [s\open\src\hotspot\share\prims\jni.cpp, line 520]
Event: 20.991 Thread 0x000001df3c5ff710 Exception <a 'sun/nio/fs/WindowsException'{0x00000007325fe708}> (0x00000007325fe708) 
thrown [s\open\src\hotspot\share\prims\jni.cpp, line 520]
Event: 20.991 Thread 0x000001df3c5ff710 Exception <a 'sun/nio/fs/WindowsException'{0x00000007325febc8}> (0x00000007325febc8) 
thrown [s\open\src\hotspot\share\prims\jni.cpp, line 520]
Event: 21.516 Thread 0x000001df3c5ff710 Exception <a 'java/lang/NoSuchMethodError'{0x0000000732270740}: 'void java.lang.invoke.DirectMethodHandle$Holder.invokeStatic(java.lang.Object, java.lang.Object, java.lang.Object)'> (0x0000000732270740) 
thrown [s\open\src\hotspot\share\interpreter\linkResolver.cpp, line 774]
Event: 28.048 Thread 0x000001df3c5ff710 Exception <a 'java/lang/NoSuchMethodError'{0x0000000732022b08}: 'java.lang.Object java.lang.invoke.DirectMethodHandle$Holder.invokeSpecialIFC(java.lang.Object, java.lang.Object, java.lang.Object, java.lang.Object)'> (0x0000000732022b08) 
thrown [s\open\src\hotspot\share\interpreter\linkResolver.cpp, line 774]
Event: 34.992 Thread 0x000001df3c5ff710 Exception <a 'java/lang/NoSuchMethodError'{0x0000000731d92b18}: 'void java.lang.invoke.DirectMethodHandle$Holder.invokeSpecial(java.lang.Object, java.lang.Object, java.lang.Object)'> (0x0000000731d92b18) 
thrown [s\open\src\hotspot\share\interpreter\linkResolver.cpp, line 774]
Event: 35.717 Thread 0x000001df3c5ff710 Exception <a 'java/lang/NoSuchMethodError'{0x0000000731ad3788}: 'java.lang.Object java.lang.invoke.DirectMethodHandle$Holder.invokeInterface(java.lang.Object, java.lang.Object)'> (0x0000000731ad3788) 
thrown [s\open\src\hotspot\share\interpreter\linkResolver.cpp, line 774]
Event: 35.821 Thread 0x000001df3c5ff710 Exception <a 'java/lang/NoSuchMethodError'{0x0000000731b656d8}: 'int java.lang.invoke.DirectMethodHandle$Holder.invokeStatic(java.lang.Object, java.lang.Object, java.lang.Object, java.lang.Object)'> (0x0000000731b656d8) 
thrown [s\open\src\hotspot\share\interpreter\linkResolver.cpp, line 774]
Event: 35.827 Thread 0x000001df3c5ff710 Exception <a 'java/lang/NoSuchMethodError'{0x0000000731b68d98}: 'java.lang.Object java.lang.invoke.Invokers$Holder.invokeExact_MT(java.lang.Object, java.lang.Object, java.lang.Object, java.lang.Object, java.lang.Object, java.lang.Object)'> (0x0000000731b68d98) 
thrown [s\open\src\hotspot\share\interpreter\linkResolver.cpp, line 774]
Event: 35.831 Thread 0x000001df3c5ff710 Exception <a 'java/lang/NoSuchMethodError'{0x0000000731b77808}: 'int java.lang.invoke.DirectMethodHandle$Holder.invokeSpecialIFC(java.lang.Object, java.lang.Object, java.lang.Object, java.lang.Object, java.lang.Object)'> (0x0000000731b77808) 
thrown [s\open\src\hotspot\share\interpreter\linkResolver.cpp, line 774]
Event: 37.204 Thread 0x000001df3c5ff710 Exception <a 'java/lang/NoSuchMethodError'{0x00000007318ef968}: 'java.lang.Object java.lang.invoke.DirectMethodHandle$Holder.newInvokeSpecial(java.lang.Object, java.lang.Object, java.lang.Object, java.lang.Object, java.lang.Object)'> (0x00000007318ef968) 
thrown [s\open\src\hotspot\share\interpreter\linkResolver.cpp, line 774]
Event: 39.050 Thread 0x000001df3c5ff710 Exception <a 'java/lang/NoSuchMethodError'{0x00000007319e60b0}: 'int java.lang.invoke.DirectMethodHandle$Holder.invokeStaticInit(java.lang.Object, java.lang.Object)'> (0x00000007319e60b0) 
thrown [s\open\src\hotspot\share\interpreter\linkResolver.cpp, line 774]
Event: 39.063 Thread 0x000001df3c5ff710 Exception <a 'java/lang/NoClassDefFoundError'{0x000000073161b1a8}: javax/enterprise/inject/Typed> (0x000000073161b1a8) 
thrown [s\open\src\hotspot\share\classfile\systemDictionary.cpp, line 302]

ZGC Phase Switch (0 events):
No events

VM Operations (20 events):
Event: 32.427 Executing VM operation: Cleanup
Event: 32.428 Executing VM operation: Cleanup done
Event: 33.442 Executing VM operation: Cleanup
Event: 33.442 Executing VM operation: Cleanup done
Event: 34.455 Executing VM operation: Cleanup
Event: 34.455 Executing VM operation: Cleanup done
Event: 35.469 Executing VM operation: Cleanup
Event: 35.469 Executing VM operation: Cleanup done
Event: 36.470 Executing VM operation: Cleanup
Event: 36.470 Executing VM operation: Cleanup done
Event: 37.484 Executing VM operation: Cleanup
Event: 37.484 Executing VM operation: Cleanup done
Event: 38.496 Executing VM operation: Cleanup
Event: 38.635 Executing VM operation: Cleanup done
Event: 39.637 Executing VM operation: Cleanup
Event: 39.810 Executing VM operation: Cleanup done
Event: 40.018 Executing VM operation: G1CollectForAllocation (G1 Evacuation Pause)
Event: 40.873 Executing VM operation: G1CollectForAllocation (G1 Evacuation Pause) done
Event: 41.879 Executing VM operation: Cleanup
Event: 41.879 Executing VM operation: Cleanup done

Events (11 events):
Event: 2.526 Thread 0x000001df3c5ff710 Thread added: 0x000001df3c5ff710
Event: 2.576 Thread 0x000001df5d0de770 Thread added: 0x000001df5d0de770
Event: 2.576 Thread 0x000001df5d0df330 Thread added: 0x000001df5d0df330
Event: 2.576 Thread 0x000001df5d0e2f20 Thread added: 0x000001df5d0e2f20
Event: 2.576 Thread 0x000001df5d0e3980 Thread added: 0x000001df5d0e3980
Event: 2.576 Thread 0x000001df5d0e43e0 Thread added: 0x000001df5d0e43e0
Event: 2.576 Thread 0x000001df5d0e4e40 Thread added: 0x000001df5d0e4e40
Event: 2.577 Thread 0x000001df5d0e5bd0 Thread added: 0x000001df5d0e5bd0
Event: 2.837 Thread 0x000001df5d12a6c0 Thread added: 0x000001df5d12a6c0
Event: 3.128 Thread 0x000001df5d338460 Thread added: 0x000001df5d338460
Event: 3.135 Thread 0x000001df5d33d300 Thread added: 0x000001df5d33d300


Dynamic libraries:
0x00007ff7ed1d0000 - 0x00007ff7ed1e0000 	C:\Program Files\Java\jdk-22\bin\java.exe
0x00007ffc3f9d0000 - 0x00007ffc3fbe7000 	C:\WINDOWS\SYSTEM32\ntdll.dll
0x00007ffc3e920000 - 0x00007ffc3e9e4000 	C:\WINDOWS\System32\KERNEL32.DLL
0x00007ffc3cf80000 - 0x00007ffc3d327000 	C:\WINDOWS\System32\KERNELBASE.dll
0x00007ffc3ce60000 - 0x00007ffc3cf71000 	C:\WINDOWS\System32\ucrtbase.dll
0x00007ffc0f400000 - 0x00007ffc0f417000 	C:\Program Files\Java\jdk-22\bin\jli.dll
0x00007ffc3e9f0000 - 0x00007ffc3eaa2000 	C:\WINDOWS\System32\ADVAPI32.dll
0x00007ffc3eab0000 - 0x00007ffc3eb57000 	C:\WINDOWS\System32\msvcrt.dll
0x00007ffc3dbc0000 - 0x00007ffc3dc68000 	C:\WINDOWS\System32\sechost.dll
0x00007ffc3ce30000 - 0x00007ffc3ce58000 	C:\WINDOWS\System32\bcrypt.dll
0x00007ffc3f650000 - 0x00007ffc3f765000 	C:\WINDOWS\System32\RPCRT4.dll
0x00007ffc3e520000 - 0x00007ffc3e6ce000 	C:\WINDOWS\System32\USER32.dll
0x00007ffc3d4c0000 - 0x00007ffc3d4e6000 	C:\WINDOWS\System32\win32u.dll
0x00007ffc3db70000 - 0x00007ffc3db99000 	C:\WINDOWS\System32\GDI32.dll
0x00007ffc3d3a0000 - 0x00007ffc3d4b9000 	C:\WINDOWS\System32\gdi32full.dll
0x00007ffc3d4f0000 - 0x00007ffc3d58a000 	C:\WINDOWS\System32\msvcp_win.dll
0x00007ffbf78f0000 - 0x00007ffbf790b000 	C:\Program Files\Java\jdk-22\bin\VCRUNTIME140.dll
0x00007ffc10350000 - 0x00007ffc105e3000 	C:\WINDOWS\WinSxS\amd64_microsoft.windows.common-controls_6595b64144ccf1df_6.0.22621.3527_none_270e469b73872a76\COMCTL32.dll
0x00007ffc343d0000 - 0x00007ffc343da000 	C:\WINDOWS\SYSTEM32\VERSION.dll
0x00007ffc3f2b0000 - 0x00007ffc3f2e1000 	C:\WINDOWS\System32\IMM32.DLL
0x00007ffc0e880000 - 0x00007ffc0e88c000 	C:\Program Files\Java\jdk-22\bin\vcruntime140_1.dll
0x00007ffbd0ad0000 - 0x00007ffbd0b5e000 	C:\Program Files\Java\jdk-22\bin\msvcp140.dll
0x00007ffba99a0000 - 0x00007ffbaa6e8000 	C:\Program Files\Java\jdk-22\bin\server\jvm.dll
0x00007ffc3e6d0000 - 0x00007ffc3e741000 	C:\WINDOWS\System32\WS2_32.dll
0x00007ffc3cbb0000 - 0x00007ffc3cbfd000 	C:\WINDOWS\SYSTEM32\POWRPROF.dll
0x00007ffc345c0000 - 0x00007ffc345f4000 	C:\WINDOWS\SYSTEM32\WINMM.dll
0x00007ffc3cb90000 - 0x00007ffc3cba3000 	C:\WINDOWS\SYSTEM32\UMPDC.dll
0x00007ffc3bcd0000 - 0x00007ffc3bce8000 	C:\WINDOWS\SYSTEM32\kernel.appcore.dll
0x00007ffbf77d0000 - 0x00007ffbf77da000 	C:\Program Files\Java\jdk-22\bin\jimage.dll
0x00007ffc3a670000 - 0x00007ffc3a8a2000 	C:\WINDOWS\SYSTEM32\DBGHELP.DLL
0x00007ffc3d700000 - 0x00007ffc3da88000 	C:\WINDOWS\System32\combase.dll
0x00007ffc3da90000 - 0x00007ffc3db67000 	C:\WINDOWS\System32\OLEAUT32.dll
0x00007ffc2a930000 - 0x00007ffc2a962000 	C:\WINDOWS\SYSTEM32\dbgcore.DLL
0x00007ffc3cdb0000 - 0x00007ffc3ce29000 	C:\WINDOWS\System32\bcryptPrimitives.dll
0x00007ffbf78d0000 - 0x00007ffbf78ee000 	C:\Program Files\Java\jdk-22\bin\java.dll
0x00007ffc3dc70000 - 0x00007ffc3e4cc000 	C:\WINDOWS\System32\SHELL32.dll
0x00007ffc3f2f0000 - 0x00007ffc3f495000 	C:\WINDOWS\System32\ole32.dll
0x00007ffc3abe0000 - 0x00007ffc3b4d6000 	C:\WINDOWS\SYSTEM32\windows.storage.dll
0x00007ffc3aaa0000 - 0x00007ffc3abde000 	C:\WINDOWS\SYSTEM32\wintypes.dll
0x00007ffc3ed30000 - 0x00007ffc3ee25000 	C:\WINDOWS\System32\SHCORE.dll
0x00007ffc3ec60000 - 0x00007ffc3ecbe000 	C:\WINDOWS\System32\shlwapi.dll
0x00007ffc3cc20000 - 0x00007ffc3cc41000 	C:\WINDOWS\SYSTEM32\profapi.dll
0x00007ffbdd120000 - 0x00007ffbdd1f7000 	C:\Program Files\Java\jdk-22\bin\jsvml.dll
0x00007ffbf77c0000 - 0x00007ffbf77d0000 	C:\Program Files\Java\jdk-22\bin\net.dll
0x00007ffc3c130000 - 0x00007ffc3c199000 	C:\WINDOWS\system32\mswsock.dll
0x00007ffbdd100000 - 0x00007ffbdd116000 	C:\Program Files\Java\jdk-22\bin\nio.dll
0x00007ffbdd0e0000 - 0x00007ffbdd0f7000 	C:\Program Files\Java\jdk-22\bin\zip.dll
0x0000000069ac0000 - 0x0000000069ae4000 	C:\Program Files\NetBeans-21\netbeans\java\maven\lib\jansi-native\Windows\x86_64\jansi.dll
0x00007ffbf77b0000 - 0x00007ffbf77c0000 	C:\Program Files\Java\jdk-22\bin\verify.dll

dbghelp: loaded successfully - version: 4.0.5 - missing functions: none
symbol engine: initialized successfully - sym options: 0x614 - pdb path: .;C:\Program Files\Java\jdk-22\bin;C:\WINDOWS\SYSTEM32;C:\WINDOWS\WinSxS\amd64_microsoft.windows.common-controls_6595b64144ccf1df_6.0.22621.3527_none_270e469b73872a76;C:\Program Files\Java\jdk-22\bin\server;C:\Program Files\NetBeans-21\netbeans\java\maven\lib\jansi-native\Windows\x86_64

VM Arguments:
jvm_args: -Dclassworlds.conf=C:\Program Files\NetBeans-21\netbeans\java\maven\bin\m2.conf -Dmaven.home=C:\Program Files\NetBeans-21\netbeans\java\maven -Dlibrary.jansi.path=C:\Program Files\NetBeans-21\netbeans\java\maven\lib\jansi-native -Dmaven.multiModuleProjectDirectory=C:\Users\ADMIN\OneDrive\Documents\GitHub\Management_Project_Java\mavenproject1 
java_command: org.codehaus.plexus.classworlds.launcher.Launcher -Dexec.vmArgs=--enable-preview -Dexec.args=${exec.vmArgs} -classpath %classpath ${exec.mainClass} ${exec.appArgs} -Dexec.appArgs= -Dexec.mainClass=GUI.Login -Dexec.executable=C:\Program Files\Java\jdk-22\bin\java.exe -Dmaven.ext.class.path=C:\Program Files\NetBeans-21\netbeans\java\maven-nblib\netbeans-eventspy.jar --no-transfer-progress process-classes org.codehaus.mojo:exec-maven-plugin:3.1.0:exec
java_class_path (initial): C:\Program Files\NetBeans-21\netbeans\java\maven\boot\plexus-classworlds-2.7.0.jar
Launcher Type: SUN_STANDARD

[Global flags]
     intx CICompilerCount                          = 4                                         {product} {ergonomic}
     uint ConcGCThreads                            = 3                                         {product} {ergonomic}
     uint G1ConcRefinementThreads                  = 10                                        {product} {ergonomic}
   size_t G1HeapRegionSize                         = 2097152                                   {product} {ergonomic}
   size_t InitialHeapSize                          = 230686720                                 {product} {ergonomic}
   size_t MarkStackSize                            = 4194304                                   {product} {ergonomic}
   size_t MaxHeapSize                              = 3676307456                                {product} {ergonomic}
   size_t MaxNewSize                               = 2204106752                                {product} {ergonomic}
   size_t MinHeapDeltaBytes                        = 2097152                                   {product} {ergonomic}
   size_t MinHeapSize                              = 8388608                                   {product} {ergonomic}
    uintx NonNMethodCodeHeapSize                   = 5839372                                {pd product} {ergonomic}
    uintx NonProfiledCodeHeapSize                  = 122909434                              {pd product} {ergonomic}
    uintx ProfiledCodeHeapSize                     = 122909434                              {pd product} {ergonomic}
    uintx ReservedCodeCacheSize                    = 251658240                              {pd product} {ergonomic}
     bool SegmentedCodeCache                       = true                                      {product} {ergonomic}
   size_t SoftMaxHeapSize                          = 3676307456                             {manageable} {ergonomic}
     bool UseCompressedOops                        = true                           {product lp64_product} {ergonomic}
     bool UseG1GC                                  = true                                      {product} {ergonomic}
     bool UseLargePagesIndividualAllocation        = false                                  {pd product} {ergonomic}

Logging:
Log output configuration:
 #0: stdout all=warning uptime,level,tags foldmultilines=false
 #1: stderr all=off uptime,level,tags foldmultilines=false

Environment Variables:
JAVA_HOME=C:\Program Files\Java\jdk-22
PATH=C:\Program Files (x86)\VMware\VMware Workstation\bin\;C:\Program Files\Common Files\Oracle\Java\javapath;C:\Program Files (x86)\Common Files\Oracle\Java\javapath;C:\Windows\system32;C:\Windows;C:\Windows\System32\Wbem;C:\Windows\System32\WindowsPowerShell\v1.0\;C:\Windows\System32\OpenSSH\;C:\Program Files (x86)\NVIDIA Corporation\PhysX\Common;C:\Program Files\NVIDIA Corporation\NVIDIA NvDLISR;C:\msys64\mingw64\bin;C:\WINDOWS\system32;C:\WINDOWS;C:\WINDOWS\System32\Wbem;C:\WINDOWS\System32\WindowsPowerShell\v1.0\;C:\WINDOWS\System32\OpenSSH\;C:\Program Files (x86)\Microsoft SQL Server\110\Tools\Binn\;C:\Program Files\Microsoft SQL Server\110\Tools\Binn\;C:\Program Files\Microsoft SQL Server\110\DTS\Binn\;C:\Program Files (x86)\Microsoft SQL Server\110\Tools\Binn\ManagementStudio\;C:\Program Files (x86)\Microsoft SQL Server\110\DTS\Binn\;C:\Program Files\Microsoft SQL Server\150\Tools\Binn\;C:\Program Files\Microsoft SQL Server\Client SDK\ODBC\170\Tools\Binn\;C:\Program Files\dotnet\;C:\Program Files\Git\cmd;C:\Users\ADMIN\AppData\Local\Programs\Python\Python312\Scripts\;C:\Users\ADMIN\AppData\Local\Programs\Python\Python312\;C:\Users\ADMIN\AppData\Local\Programs\Python\Launcher\;C:\Users\ADMIN\AppData\Local\Microsoft\WindowsApps;C:\Users\ADMIN\.dotnet\tools;C:\Users\ADMIN\AppData\Local\Programs\Microsoft VS Code\bin;C:\Users\ADMIN\AppData\Local\GitHubDesktop\bin;C:\Program Files\Java\jdk-22\bin;
USERNAME=ADMIN
OS=Windows_NT
PROCESSOR_IDENTIFIER=AMD64 Family 25 Model 68 Stepping 1, AuthenticAMD
TMP=C:\Users\ADMIN\AppData\Local\Temp
TEMP=C:\Users\ADMIN\AppData\Local\Temp




Periodic native trim disabled

---------------  S Y S T E M  ---------------

OS:
 Windows 11 , 64 bit Build 22621 (10.0.22621.3527)
OS uptime: 1 days 1:44 hours
Hyper-V role detected

CPU: total 12 (initial active 12) (12 cores per cpu, 2 threads per core) family 25 model 68 stepping 1 microcode 0x0, cx8, cmov, fxsr, ht, mmx, 3dnowpref, sse, sse2, sse3, ssse3, sse4a, sse4.1, sse4.2, popcnt, lzcnt, tsc, tscinvbit, avx, avx2, aes, erms, clmul, bmi1, bmi2, adx, sha, fma, vzeroupper, clflush, clflushopt, hv, rdtscp, rdpid, fsrm, f16c, cet_ss
Processor Information for processor 0
  Max Mhz: 3301, Current Mhz: 3301, Mhz Limit: 3301
Processor Information for processor 1
  Max Mhz: 3301, Current Mhz: 3301, Mhz Limit: 3301
Processor Information for processor 2
  Max Mhz: 3301, Current Mhz: 3301, Mhz Limit: 3301
Processor Information for processor 3
  Max Mhz: 3301, Current Mhz: 3301, Mhz Limit: 3301
Processor Information for processor 4
  Max Mhz: 3301, Current Mhz: 3301, Mhz Limit: 3301
Processor Information for processor 5
  Max Mhz: 3301, Current Mhz: 3301, Mhz Limit: 3301
Processor Information for processor 6
  Max Mhz: 3301, Current Mhz: 3301, Mhz Limit: 3301
Processor Information for processor 7
  Max Mhz: 3301, Current Mhz: 3301, Mhz Limit: 3301
Processor Information for processor 8
  Max Mhz: 3301, Current Mhz: 3301, Mhz Limit: 3301
Processor Information for processor 9
  Max Mhz: 3301, Current Mhz: 3301, Mhz Limit: 3301
Processor Information for processor 10
  Max Mhz: 3301, Current Mhz: 3301, Mhz Limit: 3301
Processor Information for processor 11
  Max Mhz: 3301, Current Mhz: 2503, Mhz Limit: 3301

Memory: 4k page, system-wide physical 14020M (3201M free)
TotalPageFile size 53977M (AvailPageFile size 13989M)
current process WorkingSet (physical memory assigned to process): 68M, peak: 81M
current process commit charge ("private bytes"): 323M, peak: 324M

vm_info: Java HotSpot(TM) 64-Bit Server VM (22+36-2370) for windows-amd64 JRE (22+36-2370), built on 2024-02-15T22:15:19Z by "mach5one" with MS VC++ 17.6 (VS2022)

END.
