#
# There is insufficient memory for the Java Runtime Environment to continue.
# Native memory allocation (mmap) failed to map 65536 bytes. Error detail: Failed to commit metaspace.
# Possible reasons:
#   The system is out of physical RAM or swap space
#   This process is running with CompressedOops enabled, and the Java Heap may be blocking the growth of the native heap
# Possible solutions:
#   Reduce memory load on the system
#   Increase physical memory or swap space
#   Check if swap backing store is full
#   Decrease Java heap size (-Xmx/-Xms)
#   Decrease number of Java threads
#   Decrease Java thread stack sizes (-Xss)
#   Set larger code cache with -XX:ReservedCodeCacheSize=
#   JVM is running with Zero Based Compressed Oops mode in which the Java heap is
#     placed in the first 32GB address space. The Java Heap base address is the
#     maximum limit for the native heap growth. Please use -XX:HeapBaseMinAddress
#     to set the Java Heap base and to place the Java Heap above 32GB virtual address.
# This output file may be truncated or incomplete.
#
#  Out of Memory Error (virtualSpaceNode.cpp:112), pid=48292, tid=48852
#
# JRE version: Java(TM) SE Runtime Environment (22.0+36) (build 22+36-2370)
# Java VM: Java HotSpot(TM) 64-Bit Server VM (22+36-2370, mixed mode, sharing, tiered, compressed oops, compressed class ptrs, g1 gc, windows-amd64)
# No core dump will be written. Minidumps are not enabled by default on client versions of Windows
#

---------------  S U M M A R Y ------------

Command Line: -Dclassworlds.conf=C:\Program Files\NetBeans-21\netbeans\java\maven\bin\m2.conf -Dmaven.home=C:\Program Files\NetBeans-21\netbeans\java\maven -Dlibrary.jansi.path=C:\Program Files\NetBeans-21\netbeans\java\maven\lib\jansi-native -Dmaven.multiModuleProjectDirectory=C:\Users\ADMIN\OneDrive\Documents\GitHub\Management_Project_Java\mavenproject1 org.codehaus.plexus.classworlds.launcher.Launcher -Dexec.vmArgs=--enable-preview -Dexec.args=${exec.vmArgs} -classpath %classpath ${exec.mainClass} ${exec.appArgs} -Dexec.appArgs= -Dexec.mainClass=GUI.Login -Dexec.executable=C:\Program Files\Java\jdk-22\bin\java.exe -Dmaven.ext.class.path=C:\Program Files\NetBeans-21\netbeans\java\maven-nblib\netbeans-eventspy.jar --no-transfer-progress process-classes org.codehaus.mojo:exec-maven-plugin:3.1.0:exec

Host: AMD Ryzen 5 6600HS Creator Edition             , 12 cores, 13G,  Windows 11 , 64 bit Build 22621 (10.0.22621.3527)
Time: Thu May 16 16:19:58 2024 SE Asia Standard Time elapsed time: 12.898730 seconds (0d 0h 0m 12s)

---------------  T H R E A D  ---------------

Current thread (0x000002363efdf5d0):  JavaThread "main"             [_thread_in_vm, id=48852, stack(0x000000d766b00000,0x000000d766c00000) (1024K)]

Stack: [0x000000d766b00000,0x000000d766c00000]
Native frames: (J=compiled Java code, j=interpreted, Vv=VM code, C=native code)
V  [jvm.dll+0x6e2349]  (no source info available)
V  [jvm.dll+0x874ed3]  (no source info available)
V  [jvm.dll+0x8772fe]  (no source info available)
V  [jvm.dll+0x8779d3]  (no source info available)
V  [jvm.dll+0x27fcb6]  (no source info available)
V  [jvm.dll+0x870b1e]  (no source info available)
V  [jvm.dll+0x6853b5]  (no source info available)
V  [jvm.dll+0x1e3e9c]  (no source info available)
V  [jvm.dll+0x1e3c6e]  (no source info available)
V  [jvm.dll+0x687d08]  (no source info available)
V  [jvm.dll+0x22509c]  (no source info available)
V  [jvm.dll+0x685dce]  (no source info available)
V  [jvm.dll+0x26b0b6]  (no source info available)
V  [jvm.dll+0x215ce7]  (no source info available)
V  [jvm.dll+0x20b4de]  (no source info available)
V  [jvm.dll+0x5c471f]  (no source info available)
V  [jvm.dll+0x7ec136]  (no source info available)
V  [jvm.dll+0x47cb26]  (no source info available)
V  [jvm.dll+0x4829d8]  (no source info available)
C  [java.dll+0x17e4]  (no source info available)

Java frames: (J=compiled Java code, j=interpreted, Vv=VM code)
J 1113  java.lang.ClassLoader.defineClass1(Ljava/lang/ClassLoader;Ljava/lang/String;[BIILjava/security/ProtectionDomain;Ljava/lang/String;)Ljava/lang/Class; java.base@22 (0 bytes) @ 0x000002364ee41471 [0x000002364ee413a0+0x00000000000000d1]
J 1131 c1 java.lang.ClassLoader.defineClass(Ljava/lang/String;[BIILjava/security/ProtectionDomain;)Ljava/lang/Class; java.base@22 (43 bytes) @ 0x000002364752ea7c [0x000002364752e720+0x000000000000035c]
J 1130 c1 java.security.SecureClassLoader.defineClass(Ljava/lang/String;[BIILjava/security/CodeSource;)Ljava/lang/Class; java.base@22 (16 bytes) @ 0x000002364752e31c [0x000002364752e240+0x00000000000000dc]
J 924 c1 java.net.URLClassLoader.defineClass(Ljava/lang/String;Ljdk/internal/loader/Resource;)Ljava/lang/Class; java.base@22 (224 bytes) @ 0x00000236474c8fd4 [0x00000236474c7d20+0x00000000000012b4]
J 923 c1 java.net.URLClassLoader$1.run()Ljava/lang/Class; java.base@22 (81 bytes) @ 0x00000236474c66ec [0x00000236474c5ac0+0x0000000000000c2c]
J 859 c1 java.net.URLClassLoader$1.run()Ljava/lang/Object; java.base@22 (5 bytes) @ 0x00000236474ae9d4 [0x00000236474ae940+0x0000000000000094]
J 528 c1 java.security.AccessController.doPrivileged(Ljava/security/PrivilegedExceptionAction;Ljava/security/AccessControlContext;)Ljava/lang/Object; java.base@22 (26 bytes) @ 0x00000236473e7a94 [0x00000236473e78a0+0x00000000000001f4]
J 857 c1 java.net.URLClassLoader.findClass(Ljava/lang/String;)Ljava/lang/Class; java.base@22 (47 bytes) @ 0x00000236474adcb4 [0x00000236474adb00+0x00000000000001b4]
J 862 c1 org.codehaus.plexus.classworlds.realm.ClassRealm.loadClassFromSelf(Ljava/lang/String;)Ljava/lang/Class; (40 bytes) @ 0x00000236474afe2c [0x00000236474afaa0+0x000000000000038c]
J 793 c1 org.codehaus.plexus.classworlds.strategy.SelfFirstStrategy.loadClass(Ljava/lang/String;)Ljava/lang/Class; (50 bytes) @ 0x000002364747f99c [0x000002364747f5c0+0x00000000000003dc]
J 549 c1 org.codehaus.plexus.classworlds.realm.ClassRealm.loadClass(Ljava/lang/String;Z)Ljava/lang/Class; (33 bytes) @ 0x00000236473f6c64 [0x00000236473f6ae0+0x0000000000000184]
J 548 c1 org.codehaus.plexus.classworlds.realm.ClassRealm.loadClass(Ljava/lang/String;)Ljava/lang/Class; (7 bytes) @ 0x00000236473f6744 [0x00000236473f6640+0x0000000000000104]
v  ~StubRoutines::call_stub 0x000002364e85100d
j  org.apache.maven.project.DefaultProjectBuilder.getModelBuildingRequest(Lorg/apache/maven/project/DefaultProjectBuilder$InternalConfig;)Lorg/apache/maven/model/building/ModelBuildingRequest;+24
j  org.apache.maven.project.DefaultProjectBuilder.build(Ljava/util/List;Ljava/util/List;Ljava/util/Map;Ljava/io/File;Ljava/util/Set;ZZLorg/apache/maven/project/DefaultProjectBuilder$InternalConfig;)Z+6
j  org.apache.maven.project.DefaultProjectBuilder.build(Ljava/util/List;Ljava/util/List;Ljava/util/Map;Ljava/util/List;Ljava/util/Set;ZZLorg/apache/maven/project/DefaultProjectBuilder$InternalConfig;)Z+58
j  org.apache.maven.project.DefaultProjectBuilder.build(Ljava/util/List;ZLorg/apache/maven/project/ProjectBuildingRequest;)Ljava/util/List;+98
j  org.apache.maven.graph.DefaultGraphBuilder.collectProjects(Ljava/util/List;Ljava/util/List;Lorg/apache/maven/execution/MavenExecutionRequest;)V+21
j  org.apache.maven.graph.DefaultGraphBuilder.getProjectsForMavenReactor(Lorg/apache/maven/execution/MavenSession;)Ljava/util/List;+131
j  org.apache.maven.graph.DefaultGraphBuilder.build(Lorg/apache/maven/execution/MavenSession;)Lorg/apache/maven/model/building/Result;+12
j  org.apache.maven.DefaultMaven.buildGraph(Lorg/apache/maven/execution/MavenSession;Lorg/apache/maven/execution/MavenExecutionResult;)Lorg/apache/maven/model/building/Result;+5
j  org.apache.maven.DefaultMaven.doExecute(Lorg/apache/maven/execution/MavenExecutionRequest;Lorg/apache/maven/execution/MavenSession;Lorg/apache/maven/execution/MavenExecutionResult;Lorg/eclipse/aether/DefaultRepositorySystemSession;)Lorg/apache/maven/execution/MavenExecutionResult;+75
j  org.apache.maven.DefaultMaven.doExecute(Lorg/apache/maven/execution/MavenExecutionRequest;)Lorg/apache/maven/execution/MavenExecutionResult;+98
j  org.apache.maven.DefaultMaven.execute(Lorg/apache/maven/execution/MavenExecutionRequest;)Lorg/apache/maven/execution/MavenExecutionResult;+2
j  org.apache.maven.cli.MavenCli.execute(Lorg/apache/maven/cli/CliRequest;)I+27
j  org.apache.maven.cli.MavenCli.doMain(Lorg/apache/maven/cli/CliRequest;)I+66
j  org.apache.maven.cli.MavenCli.main([Ljava/lang/String;Lorg/codehaus/plexus/classworlds/ClassWorld;)I+24
j  java.lang.invoke.DirectMethodHandle$Holder.invokeStatic(Ljava/lang/Object;Ljava/lang/Object;Ljava/lang/Object;)I+11 java.base@22
j  java.lang.invoke.LambdaForm$MH+0x000002365f009400.invoke(Ljava/lang/Object;Ljava/lang/Object;Ljava/lang/Object;Ljava/lang/Object;)Ljava/lang/Object;+54 java.base@22
j  java.lang.invoke.LambdaForm$MH+0x000002365f009800.invokeExact_MT(Ljava/lang/Object;Ljava/lang/Object;Ljava/lang/Object;Ljava/lang/Object;Ljava/lang/Object;)Ljava/lang/Object;+22 java.base@22
j  jdk.internal.reflect.DirectMethodHandleAccessor.invokeImpl(Ljava/lang/Object;[Ljava/lang/Object;)Ljava/lang/Object;+72 java.base@22
j  jdk.internal.reflect.DirectMethodHandleAccessor.invoke(Ljava/lang/Object;[Ljava/lang/Object;)Ljava/lang/Object;+23 java.base@22
j  java.lang.reflect.Method.invoke(Ljava/lang/Object;[Ljava/lang/Object;)Ljava/lang/Object;+102 java.base@22
j  org.codehaus.plexus.classworlds.launcher.Launcher.launchEnhanced([Ljava/lang/String;)V+45
j  org.codehaus.plexus.classworlds.launcher.Launcher.launch([Ljava/lang/String;)V+2
j  org.codehaus.plexus.classworlds.launcher.Launcher.mainWithExitCode([Ljava/lang/String;)I+108
j  org.codehaus.plexus.classworlds.launcher.Launcher.main([Ljava/lang/String;)V+1
v  ~StubRoutines::call_stub 0x000002364e85100d

Compiled method (n/a) 13330 1113     n 0       java.lang.ClassLoader::defineClass1 (native)
 total in heap  [0x000002364ee41210,0x000002364ee41850] = 1600
 relocation     [0x000002364ee41368,0x000002364ee413a0] = 56
 main code      [0x000002364ee413a0,0x000002364ee4184f] = 1199
 stub code      [0x000002364ee4184f,0x000002364ee41850] = 1

[Constant Pool (empty)]

[MachCode]
[Entry Point]
  # {method} {0x000002365e3fec58} 'defineClass1' '(Ljava/lang/ClassLoader;Ljava/lang/String;[BIILjava/security/ProtectionDomain;Ljava/lang/String;)Ljava/lang/Class;' in 'java/lang/ClassLoader'
  # parm0:    rdx:rdx   = 'java/lang/ClassLoader'
  # parm1:    r8:r8     = 'java/lang/String'
  # parm2:    r9:r9     = '[B'
  # parm3:    rdi       = int
  # parm4:    rsi       = int
  # parm5:    rcx:rcx   = 'java/security/ProtectionDomain'
  # parm6:    [sp+0xa0]   = 'java/lang/String'  (sp of caller)
  0x000002364ee413a0: 448b 5208 | 49bb 0000 | 005e 3602 | 0000 4d03 | d349 3bc2 | 0f84 0600 

  0x000002364ee413b8: ;   {runtime_call ic_miss_stub}
  0x000002364ee413b8: 0000 e9c1 | d3a5 ff90 
[Verified Entry Point]
  0x000002364ee413c0: 8984 2400 | 80ff ff55 | 488b ec48 | 81ec 9000 | 0000 6690 | 4181 7f20 | 0100 0000 

  0x000002364ee413dc: ;   {runtime_call StubRoutines (final stubs)}
  0x000002364ee413dc: 7405 e8fd | 38a4 ff48 | 837d 1000 | 488d 4510 | 480f 4445 | 1048 8944 | 2440 4889 | 4c24 7048 
  0x000002364ee413fc: 83f9 0048 | 8d44 2470 | 480f 4444 | 2470 4889 | 4424 3848 | 8974 2430 | 4889 7c24 | 284c 894c 
  0x000002364ee4141c: 2458 4983 | f900 488d | 4424 5848 | 0f44 4424 | 5848 8944 | 2420 4c89 | 4424 5049 | 83f8 004c 
  0x000002364ee4143c: 8d4c 2450 | 4c0f 444c | 2450 4889 | 5424 4848 | 83fa 004c | 8d44 2448 | 4c0f 4444 

  0x000002364ee41458: ;   {oop(a 'java/lang/Class'{0x0000000724e3abf8} = 'java/lang/ClassLoader')}
  0x000002364ee41458: 2448 49be | f8ab e324 | 0700 0000 | 4c89 7424 | 784c 8d74 | 2478 498b | d6c5 f877 

  0x000002364ee41474: ;   {internal_word}
  0x000002364ee41474: 49ba 7114 | e44e 3602 | 0000 4d89 | 97a8 0300 | 0049 89a7 | a003 0000 

  0x000002364ee4148c: ;   {external_word}
  0x000002364ee4148c: 49ba ac40 | 5eaa fb7f | 0000 4180 | 3a00 0f84 | 4e00 0000 | 5241 5041 

  0x000002364ee414a4: ;   {metadata({method} {0x000002365e3fec58} 'defineClass1' '(Ljava/lang/ClassLoader;Ljava/lang/String;[BIILjava/security/ProtectionDomain;Ljava/lang/String;)Ljava/lang/Class;' in 'java/lang/ClassLoader')}
  0x000002364ee414a4: 5148 ba50 | ec3f 5e36 | 0200 0049 | 8bcf 4883 | ec20 40f6 | c40f 0f84 | 1900 0000 | 4883 ec08 
  0x000002364ee414c4: ;   {runtime_call}
  0x000002364ee414c4: 48b8 00b6 | 0eaa fb7f | 0000 ffd0 | 4883 c408 | e90c 0000 

  0x000002364ee414d8: ;   {runtime_call}
  0x000002364ee414d8: 0048 b800 | b60e aafb | 7f00 00ff | d048 83c4 | 2041 5941 | 585a 498d | 8fc0 0300 | 0041 c787 
  0x000002364ee414f8: 5404 0000 | 0400 0000 

  0x000002364ee41500: ;   {runtime_call}
  0x000002364ee41500: 48b8 a416 | 8df7 fb7f | 0000 ffd0 | c5f8 7741 | c787 5404 | 0000 0500 | 0000 f083 | 4424 c000 
  0x000002364ee41520: 493b af58 | 0400 000f | 870e 0000 | 0041 83bf | 5004 0000 | 000f 842b | 0000 00c5 | f877 4889 
  0x000002364ee41540: 45f8 498b | cf4c 8be4 | 4883 ec20 | 4883 e4f0 

  0x000002364ee41550: ;   {runtime_call}
  0x000002364ee41550: 48b8 c01f | d9a9 fb7f | 0000 ffd0 | 498b e44d | 33e4 488b | 45f8 41c7 | 8754 0400 | 0008 0000 
  0x000002364ee41570: 0041 83bf | d004 0000 | 020f 84a3 

  0x000002364ee4157c: ;   {external_word}
  0x000002364ee4157c: 0200 0049 | baac 405e | aafb 7f00 | 0041 803a | 000f 844c | 0000 0048 

  0x000002364ee41594: ;   {metadata({method} {0x000002365e3fec58} 'defineClass1' '(Ljava/lang/ClassLoader;Ljava/lang/String;[BIILjava/security/ProtectionDomain;Ljava/lang/String;)Ljava/lang/Class;' in 'java/lang/ClassLoader')}
  0x000002364ee41594: 8945 f848 | ba50 ec3f | 5e36 0200 | 0049 8bcf | 4883 ec20 | 40f6 c40f | 0f84 1900 | 0000 4883 
  0x000002364ee415b4: ;   {runtime_call}
  0x000002364ee415b4: ec08 48b8 | 00b6 0eaa | fb7f 0000 | ffd0 4883 | c408 e90c 

  0x000002364ee415c8: ;   {runtime_call}
  0x000002364ee415c8: 0000 0048 | b800 b60e | aafb 7f00 | 00ff d048 | 83c4 2048 | 8b45 f849 | c787 a003 | 0000 0000 
  0x000002364ee415e8: 0000 49c7 | 87a8 0300 | 0000 0000 | 00c5 f877 | 4885 c00f | 84fe 0100 | 00a8 030f | 8508 0000 
  0x000002364ee41608: 0048 8b00 | e9ee 0100 | 00a8 010f | 8509 0000 | 0048 8b40 | fee9 dd01 | 0000 488b | 40ff 4180 
  0x000002364ee41628: 7f38 000f | 84ce 0100 | 0048 83f8 | 000f 84c4 | 0100 0049 | 8b4f 2848 | 83f9 000f | 8414 0000 
  0x000002364ee41648: 0048 83e9 | 0849 894f | 2849 034f | 3048 8901 | e9a2 0100 | 0048 81ec | d000 0000 | 4889 0424 
  0x000002364ee41668: 4889 4c24 | 0848 8954 | 2410 4889 | 7424 1848 | 897c 2420 | 4c89 4424 | 284c 894c | 2430 4c89 
  0x000002364ee41688: 5424 384c | 895c 2440 | c5fb 1144 | 2450 c5fb | 114c 2458 | c5fb 1154 | 2460 c5fb | 115c 2468 
  0x000002364ee416a8: c5fb 1164 | 2470 c5fb | 116c 2478 | c5fb 11b4 | 2480 0000 | 00c5 fb11 | bc24 8800 | 0000 c57b 
  0x000002364ee416c8: ;   {no_reloc}
  0x000002364ee416c8: 1184 2490 | 0000 00c5 | 7b11 8c24 | 9800 0000 | c57b 1194 | 24a0 0000 | 00c5 7b11 | 9c24 a800 
  0x000002364ee416e8: 0000 c57b | 11a4 24b0 | 0000 00c5 | 7b11 ac24 | b800 0000 | c57b 11b4 | 24c0 0000 | 00c5 7b11 
  0x000002364ee41708: bc24 c800 | 0000 498b | d748 8bc8 | 4883 ec20 | 40f6 c40f | 0f84 1900 | 0000 4883 

  0x000002364ee41724: ;   {runtime_call}
  0x000002364ee41724: ec08 48b8 | 303e cca9 | fb7f 0000 | ffd0 4883 | c408 e90c 

  0x000002364ee41738: ;   {runtime_call}
  0x000002364ee41738: 0000 0048 | b830 3ecc | a9fb 7f00 | 00ff d048 | 83c4 20c5 | 7b10 bc24 | c800 0000 | c57b 10b4 
  0x000002364ee41758: 24c0 0000 | 00c5 7b10 | ac24 b800 | 0000 c57b | 10a4 24b0 | 0000 00c5 | 7b10 9c24 | a800 0000 
  0x000002364ee41778: c57b 1094 | 24a0 0000 | 00c5 7b10 | 8c24 9800 | 0000 c57b | 1084 2490 | 0000 00c5 | fb10 bc24 
  0x000002364ee41798: 8800 0000 | c5fb 10b4 | 2480 0000 | 00c5 fb10 | 6c24 78c5 | fb10 6424 | 70c5 fb10 | 5c24 68c5 
  0x000002364ee417b8: fb10 5424 | 60c5 fb10 | 4c24 58c5 | fb10 4424 | 504c 8b5c | 2440 4c8b | 5424 384c | 8b4c 2430 
  0x000002364ee417d8: 4c8b 4424 | 2848 8b7c | 2420 488b | 7424 1848 | 8b54 2410 | 488b 4c24 | 0848 8b04 | 2448 81c4 
  0x000002364ee417f8: d000 0000 | c5f8 7749 | 8b8f 3004 | 0000 c781 | 0001 0000 | 0000 0000 | c949 837f | 0800 0f85 
  0x000002364ee41818: 0100 0000 

  0x000002364ee4181c: ;   {runtime_call StubRoutines (initial stubs)}
  0x000002364ee4181c: c3e9 def6 | a0ff c5f8 | 7748 8945 | f84c 8be4 | 4883 ec20 | 4883 e4f0 

  0x000002364ee41834: ;   {runtime_call}
  0x000002364ee41834: 48b8 50ee | 0eaa fb7f | 0000 ffd0 | 498b e44d | 33e4 488b | 45f8 e930 | fdff fff4 
[/MachCode]


Compiled method (c1) 13346 1131       3       java.lang.ClassLoader::defineClass (43 bytes)
 total in heap  [0x000002364752e510,0x000002364752ee68] = 2392
 relocation     [0x000002364752e668,0x000002364752e708] = 160
 main code      [0x000002364752e720,0x000002364752ebc0] = 1184
 stub code      [0x000002364752ebc0,0x000002364752ec38] = 120
 metadata       [0x000002364752ec38,0x000002364752ec68] = 48
 scopes data    [0x000002364752ec68,0x000002364752ed58] = 240
 scopes pcs     [0x000002364752ed58,0x000002364752ee38] = 224
 dependencies   [0x000002364752ee38,0x000002364752ee40] = 8
 nul chk table  [0x000002364752ee40,0x000002364752ee68] = 40

[Constant Pool (empty)]

[MachCode]
[Entry Point]
  # {method} {0x000002365e3fefd8} 'defineClass' '(Ljava/lang/String;[BIILjava/security/ProtectionDomain;)Ljava/lang/Class;' in 'java/lang/ClassLoader'
  # this:     rdx:rdx   = 'java/lang/ClassLoader'
  # parm0:    r8:r8     = 'java/lang/String'
  # parm1:    r9:r9     = '[B'
  # parm2:    rdi       = int
  # parm3:    rsi       = int
  # parm4:    rcx:rcx   = 'java/security/ProtectionDomain'
  #           [sp+0xc0]  (sp of caller)
  0x000002364752e720: 448b 5208 | 49bb 0000 | 005e 3602 | 0000 4d03 | d34c 3bd0 

  0x000002364752e734: ;   {runtime_call ic_miss_stub}
  0x000002364752e734: 0f85 4600 | 3707 660f | 1f44 0000 
[Verified Entry Point]
  0x000002364752e740: 8984 2400 | 80ff ff55 | 4881 ecb0 | 0000 0090 | 4181 7f20 | 0100 0000 

  0x000002364752e758: ;   {runtime_call StubRoutines (final stubs)}
  0x000002364752e758: 7405 e881 | 6535 0748 | 8954 2478 

  0x000002364752e764: ;   {metadata(method data for {method} {0x000002365e3fefd8} 'defineClass' '(Ljava/lang/String;[BIILjava/security/ProtectionDomain;)Ljava/lang/Class;' in 'java/lang/ClassLoader')}
  0x000002364752e764: 48bb b0f5 | 1b9f 3602 | 0000 8b83 | cc00 0000 | 83c0 0289 | 83cc 0000 | 0025 fe07 | 0000 85c0 
  0x000002364752e784: 0f84 5803 | 0000 89b4 | 2494 0000 | 0089 bc24 | 9000 0000 | 4c89 8c24 | 8800 0000 

  0x000002364752e7a0: ;   {metadata(method data for {method} {0x000002365e3fefd8} 'defineClass' '(Ljava/lang/String;[BIILjava/security/ProtectionDomain;)Ljava/lang/Class;' in 'java/lang/ClassLoader')}
  0x000002364752e7a0: 488b da48 | b8b0 f51b | 9f36 0200 | 0048 8380 | 1801 0000 | 0149 8bd8 | 4c8b c34c | 8bc9 488b 
  0x000002364752e7c0: ca48 8bd1 | 4889 9c24 | 8000 0000 

  0x000002364752e7cc: ;   {optimized virtual_call}
  0x000002364752e7cc: 6666 90e8 

  0x000002364752e7d0: ; ImmutableOopMap {[120]=Oop [128]=Oop [136]=Oop }
                      ;*invokevirtual preDefineClass {reexecute=0 rethrow=0 return_oop=0}
                      ; - java.lang.ClassLoader::defineClass@4 (line 1021)
  0x000002364752e7d0: 4c40 f7ff 

  0x000002364752e7d4: ;   {other}
  0x000002364752e7d4: 0f1f 8400 | c402 0000 | 4889 8424 | 9800 0000 | 488b 5424 

  0x000002364752e7e8: ;   {metadata(method data for {method} {0x000002365e3fefd8} 'defineClass' '(Ljava/lang/String;[BIILjava/security/ProtectionDomain;)Ljava/lang/Class;' in 'java/lang/ClassLoader')}
  0x000002364752e7e8: 7849 b8b0 | f51b 9f36 | 0200 0049 | 8380 4801 

  0x000002364752e7f8: ;   {metadata(method data for {method} {0x000002365e3fecc0} 'defineClassSourceLocation' '(Ljava/security/ProtectionDomain;)Ljava/lang/String;' in 'java/lang/ClassLoader')}
  0x000002364752e7f8: 0000 0149 | b8a0 e11b | 9f36 0200 | 0041 8b90 | cc00 0000 | 83c2 0241 | 8990 cc00 | 0000 81e2 
  0x000002364752e818: feff 1f00 | 85d2 0f84 | df02 0000 

  0x000002364752e824: ; implicit exception: dispatches to 0x000002364752eb24
  0x000002364752e824: 483b 004c 

  0x000002364752e828: ;   {metadata(method data for {method} {0x000002365e3fecc0} 'defineClassSourceLocation' '(Ljava/security/ProtectionDomain;)Ljava/lang/String;' in 'java/lang/ClassLoader')}
  0x000002364752e828: 8bc0 48ba | a0e1 1b9f | 3602 0000 | 4883 8218 | 0100 0001 | 448b 4010 | 49c1 e003 

  0x000002364752e844: ;   {metadata(method data for {method} {0x000002365e3fecc0} 'defineClassSourceLocation' '(Ljava/security/ProtectionDomain;)Ljava/lang/String;' in 'java/lang/ClassLoader')}
  0x000002364752e844: 4d85 c048 | baa0 e11b | 9f36 0200 | 0048 c7c6 | 5801 0000 | 7507 48c7 | c648 0100 | 0048 8b3c 
  0x000002364752e864: 3248 8d7f | 0148 893c | 320f 850f 

  0x000002364752e870: ;   {oop(nullptr)}
  0x000002364752e870: 0000 0048 | bb00 0000 | 0000 0000 | 00e9 a501 | 0000 493b | 0049 8bd0 

  0x000002364752e888: ;   {metadata(method data for {method} {0x000002365e3fecc0} 'defineClassSourceLocation' '(Ljava/security/ProtectionDomain;)Ljava/lang/String;' in 'java/lang/ClassLoader')}
  0x000002364752e888: 48be a0e1 | 1b9f 3602 | 0000 4883 | 8668 0100 | 0001 418b | 500c 48c1 | e203 4885 

  0x000002364752e8a4: ;   {metadata(method data for {method} {0x000002365e3fecc0} 'defineClassSourceLocation' '(Ljava/security/ProtectionDomain;)Ljava/lang/String;' in 'java/lang/ClassLoader')}
  0x000002364752e8a4: d248 bea0 | e11b 9f36 | 0200 0048 | c7c7 a801 | 0000 7507 | 48c7 c798 | 0100 0048 | 8b1c 3e48 
  0x000002364752e8c4: 8d5b 0148 | 891c 3e0f | 850f 0000 

  0x000002364752e8d0: ;   {oop(nullptr)}
  0x000002364752e8d0: 0048 bb00 | 0000 0000 | 0000 00e9 | 4701 0000 

  0x000002364752e8e0: ;   {metadata(method data for {method} {0x000002365e3fecc0} 'defineClassSourceLocation' '(Ljava/security/ProtectionDomain;)Ljava/lang/String;' in 'java/lang/ClassLoader')}
  0x000002364752e8e0: 48be a0e1 | 1b9f 3602 | 0000 4883 | 86b8 0100 | 0001 483b | 024c 8bc2 

  0x000002364752e8f8: ;   {metadata(method data for {method} {0x000002365e3fecc0} 'defineClassSourceLocation' '(Ljava/security/ProtectionDomain;)Ljava/lang/String;' in 'java/lang/ClassLoader')}
  0x000002364752e8f8: 48be a0e1 | 1b9f 3602 | 0000 4883 | 86e8 0100 

  0x000002364752e908: ;   {metadata(method data for {method} {0x000002365e01a690} 'toString' '()Ljava/lang/String;' in 'java/net/URL')}
  0x000002364752e908: 0001 49b8 | d8bb 189f | 3602 0000 | 418b b0cc | 0000 0083 | c602 4189 | b0cc 0000 | 0081 e6fe 
  0x000002364752e928: ff1f 0085 | f60f 8400 | 0200 004c 

  0x000002364752e934: ;   {metadata(method data for {method} {0x000002365e01a690} 'toString' '()Ljava/lang/String;' in 'java/net/URL')}
  0x000002364752e934: 8bc2 48be | d8bb 189f | 3602 0000 | 4883 8618 | 0100 0001 

  0x000002364752e948: ;   {metadata(method data for {method} {0x000002365e3f38b8} 'toExternalForm' '()Ljava/lang/String;' in 'java/net/URL')}
  0x000002364752e948: 49b8 3853 | 139f 3602 | 0000 418b | b0cc 0000 | 0083 c602 | 4189 b0cc | 0000 0081 | e6fe ff1f 
  0x000002364752e968: 0085 f60f | 84e3 0100 | 008b 7238 | 48c1 e603 

  0x000002364752e978: ; implicit exception: dispatches to 0x000002364752eb75
  0x000002364752e978: 483b 064c 

  0x000002364752e97c: ;   {metadata(method data for {method} {0x000002365e3f38b8} 'toExternalForm' '()Ljava/lang/String;' in 'java/net/URL')}
  0x000002364752e97c: 8bc6 48bf | 3853 139f | 3602 0000 | 458b 4008 | 49ba 0000 | 005e 3602 | 0000 4d03 | c24c 3b87 
  0x000002364752e99c: 2001 0000 | 750d 4883 | 8728 0100 | 0001 e960 | 0000 004c | 3b87 3001 | 0000 750d | 4883 8738 
  0x000002364752e9bc: 0100 0001 | e94a 0000 | 0048 83bf | 2001 0000 | 0075 174c | 8987 2001 | 0000 48c7 | 8728 0100 
  0x000002364752e9dc: 0001 0000 | 00e9 2900 | 0000 4883 | bf30 0100 | 0000 7517 | 4c89 8730 | 0100 0048 | c787 3801 
  0x000002364752e9fc: 0000 0100 | 0000 e908 | 0000 0048 | 8387 1801 | 0000 014c | 8bc2 488b 

  0x000002364752ea14: ;   {optimized virtual_call}
  0x000002364752ea14: d666 90e8 

  0x000002364752ea18: ; ImmutableOopMap {[120]=Oop [128]=Oop [136]=Oop [152]=Oop }
                      ;*invokevirtual toExternalForm {reexecute=0 rethrow=0 return_oop=0}
                      ; - java.net.URL::toExternalForm@5 (line 1203)
                      ; - java.net.URL::toString@1 (line 1189)
                      ; - java.lang.ClassLoader::defineClassSourceLocation@22 (line 925)
                      ; - java.lang.ClassLoader::defineClass@12 (line 1022)
  0x000002364752ea18: 648d ecff 

  0x000002364752ea1c: ;   {other}
  0x000002364752ea1c: 0f1f 8400 | 0c05 0001 | 488b d848 | 8b84 2498 | 0000 008b | b424 9400 | 0000 8bbc | 2490 0000 
  0x000002364752ea3c: 004c 8b8c | 2488 0000 | 004c 8b84 | 2480 0000 | 0048 8b54 

  0x000002364752ea50: ;   {metadata(method data for {method} {0x000002365e3fefd8} 'defineClass' '(Ljava/lang/String;[BIILjava/security/ProtectionDomain;)Ljava/lang/Class;' in 'java/lang/ClassLoader')}
  0x000002364752ea50: 2478 48b9 | b0f5 1b9f | 3602 0000 | 4883 8178 | 0100 0001 | 4c8b da49 | 8bd3 488b | c848 891c 
  0x000002364752ea70: 2466 0f1f 

  0x000002364752ea74: ;   {static_call}
  0x000002364752ea74: 4400 00e8 

  0x000002364752ea78: ; ImmutableOopMap {[120]=Oop [152]=Oop }
                      ;*invokestatic defineClass1 {reexecute=0 rethrow=0 return_oop=0}
                      ; - java.lang.ClassLoader::defineClass@27 (line 1023)
  0x000002364752ea78: 4429 9107 

  0x000002364752ea7c: ;   {other}
  0x000002364752ea7c: 0f1f 8400 | 6c05 0002 | 488b 5424 

  0x000002364752ea88: ;   {metadata(method data for {method} {0x000002365e3fefd8} 'defineClass' '(Ljava/lang/String;[BIILjava/security/ProtectionDomain;)Ljava/lang/Class;' in 'java/lang/ClassLoader')}
  0x000002364752ea88: 7849 b8b0 | f51b 9f36 | 0200 0049 | 8380 8801 | 0000 014c | 8bc0 4c8b | 8c24 9800 | 0000 488b 
  0x000002364752eaa8: 5424 7848 | 8984 24a0 | 0000 000f 

  0x000002364752eab4: ;   {optimized virtual_call}
  0x000002364752eab4: 1f40 00e8 

  0x000002364752eab8: ; ImmutableOopMap {[160]=Oop }
                      ;*invokevirtual postDefineClass {reexecute=0 rethrow=0 return_oop=0}
                      ; - java.lang.ClassLoader::defineClass@37 (line 1024)
  0x000002364752eab8: e4e7 ffff 

  0x000002364752eabc: ;   {other}
  0x000002364752eabc: 0f1f 8400 | ac05 0003 | 488b 8424 | a000 0000 | 4881 c4b0 | 0000 005d 

  0x000002364752ead4: ;   {poll_return}
  0x000002364752ead4: 493b a758 | 0400 000f | 8799 0000 

  0x000002364752eae0: ;   {metadata({method} {0x000002365e3fefd8} 'defineClass' '(Ljava/lang/String;[BIILjava/security/ProtectionDomain;)Ljava/lang/Class;' in 'java/lang/ClassLoader')}
  0x000002364752eae0: 00c3 49ba | d0ef 3f5e | 3602 0000 | 4c89 5424 | 0848 c704 | 24ff ffff 

  0x000002364752eaf8: ;   {runtime_call counter_overflow Runtime1 stub}
  0x000002364752eaf8: ffe8 02fe 

  0x000002364752eafc: ; ImmutableOopMap {rdx=Oop r8=Oop r9=Oop rcx=Oop [120]=Oop }
                      ;*synchronization entry
                      ; - java.lang.ClassLoader::defineClass@-1 (line 1021)
  0x000002364752eafc: 4207 e987 

  0x000002364752eb00: ;   {metadata({method} {0x000002365e3fecc0} 'defineClassSourceLocation' '(Ljava/security/ProtectionDomain;)Ljava/lang/String;' in 'java/lang/ClassLoader')}
  0x000002364752eb00: fcff ff49 | bab8 ec3f | 5e36 0200 | 004c 8954 | 2408 48c7 | 0424 ffff 

  0x000002364752eb18: ;   {runtime_call counter_overflow Runtime1 stub}
  0x000002364752eb18: ffff e8e1 

  0x000002364752eb1c: ; ImmutableOopMap {rax=Oop [120]=Oop [128]=Oop [136]=Oop [152]=Oop }
                      ;*synchronization entry
                      ; - java.lang.ClassLoader::defineClassSourceLocation@-1 (line 922)
                      ; - java.lang.ClassLoader::defineClass@12 (line 1022)
  0x000002364752eb1c: fd42 07e9 | 00fd ffff 

  0x000002364752eb24: ;   {runtime_call throw_null_pointer_exception Runtime1 stub}
  0x000002364752eb24: e8d7 ac42 

  0x000002364752eb28: ; ImmutableOopMap {rax=Oop [120]=Oop [128]=Oop [136]=Oop [152]=Oop }
                      ;*invokevirtual getCodeSource {reexecute=0 rethrow=0 return_oop=0}
                      ; - java.lang.ClassLoader::defineClassSourceLocation@1 (line 922)
                      ; - java.lang.ClassLoader::defineClass@12 (line 1022)
                      ;   {runtime_call throw_null_pointer_exception Runtime1 stub}
  0x000002364752eb28: 07e8 d2ac 

  0x000002364752eb2c: ; ImmutableOopMap {rax=Oop r8=Oop [120]=Oop [128]=Oop [136]=Oop [152]=Oop }
                      ;*invokevirtual getLocation {reexecute=0 rethrow=0 return_oop=0}
                      ; - java.lang.ClassLoader::defineClassSourceLocation@12 (line 924)
                      ; - java.lang.ClassLoader::defineClass@12 (line 1022)
                      ;   {runtime_call throw_null_pointer_exception Runtime1 stub}
  0x000002364752eb2c: 4207 e8cd 

  0x000002364752eb30: ; ImmutableOopMap {rdx=Oop [120]=Oop [128]=Oop [136]=Oop [152]=Oop }
                      ;*invokevirtual toString {reexecute=0 rethrow=0 return_oop=0}
                      ; - java.lang.ClassLoader::defineClassSourceLocation@22 (line 925)
                      ; - java.lang.ClassLoader::defineClass@12 (line 1022)
                      ;   {metadata({method} {0x000002365e01a690} 'toString' '()Ljava/lang/String;' in 'java/net/URL')}
  0x000002364752eb30: ac42 0749 | ba88 a601 | 5e36 0200 | 004c 8954 | 2408 48c7 | 0424 ffff 

  0x000002364752eb48: ;   {runtime_call counter_overflow Runtime1 stub}
  0x000002364752eb48: ffff e8b1 

  0x000002364752eb4c: ; ImmutableOopMap {rdx=Oop [120]=Oop [128]=Oop [136]=Oop [152]=Oop }
                      ;*synchronization entry
                      ; - java.net.URL::toString@-1 (line 1189)
                      ; - java.lang.ClassLoader::defineClassSourceLocation@22 (line 925)
                      ; - java.lang.ClassLoader::defineClass@12 (line 1022)
  0x000002364752eb4c: fd42 07e9 | dffd ffff 

  0x000002364752eb54: ;   {metadata({method} {0x000002365e3f38b8} 'toExternalForm' '()Ljava/lang/String;' in 'java/net/URL')}
  0x000002364752eb54: 49ba b038 | 3f5e 3602 | 0000 4c89 | 5424 0848 | c704 24ff 

  0x000002364752eb68: ;   {runtime_call counter_overflow Runtime1 stub}
  0x000002364752eb68: ffff ffe8 

  0x000002364752eb6c: ; ImmutableOopMap {rdx=Oop [120]=Oop [128]=Oop [136]=Oop [152]=Oop }
                      ;*synchronization entry
                      ; - java.net.URL::toExternalForm@-1 (line 1203)
                      ; - java.net.URL::toString@1 (line 1189)
                      ; - java.lang.ClassLoader::defineClassSourceLocation@22 (line 925)
                      ; - java.lang.ClassLoader::defineClass@12 (line 1022)
  0x000002364752eb6c: 90fd 4207 | e9fc fdff 

  0x000002364752eb74: ;   {runtime_call throw_null_pointer_exception Runtime1 stub}
  0x000002364752eb74: ffe8 86ac 

  0x000002364752eb78: ; ImmutableOopMap {rdx=Oop rsi=Oop [120]=Oop [128]=Oop [136]=Oop [152]=Oop }
                      ;*invokevirtual toExternalForm {reexecute=0 rethrow=0 return_oop=0}
                      ; - java.net.URL::toExternalForm@5 (line 1203)
                      ; - java.net.URL::toString@1 (line 1189)
                      ; - java.lang.ClassLoader::defineClassSourceLocation@22 (line 925)
                      ; - java.lang.ClassLoader::defineClass@12 (line 1022)
                      ;   {internal_word}
  0x000002364752eb78: 4207 49ba | d4ea 5247 | 3602 0000 | 4d89 9770 

  0x000002364752eb88: ;   {runtime_call SafepointBlob}
  0x000002364752eb88: 0400 00e9 | 706b 3707 | 498b 8708 | 0500 0049 | c787 0805 | 0000 0000 | 0000 49c7 | 8710 0500 
  0x000002364752eba8: 0000 0000 | 0048 81c4 | b000 0000 

  0x000002364752ebb4: ;   {runtime_call unwind_exception Runtime1 stub}
  0x000002364752ebb4: 5de9 469d | 4207 f4f4 | f4f4 f4f4 
[Stub Code]
  0x000002364752ebc0: ;   {no_reloc}
  0x000002364752ebc0: 0f1f 4400 

  0x000002364752ebc4: ;   {static_stub}
  0x000002364752ebc4: 0048 bb00 | 0000 0000 

  0x000002364752ebcc: ;   {runtime_call}
  0x000002364752ebcc: 0000 00e9 | fbff ffff 

  0x000002364752ebd4: ;   {static_stub}
  0x000002364752ebd4: 48bb 0000 | 0000 0000 

  0x000002364752ebdc: ;   {runtime_call}
  0x000002364752ebdc: 0000 e9fb 

  0x000002364752ebe0: ;   {static_stub}
  0x000002364752ebe0: ffff ff48 | bb00 0000 | 0000 0000 

  0x000002364752ebec: ;   {runtime_call}
  0x000002364752ebec: 00e9 fbff 

  0x000002364752ebf0: ;   {static_stub}
  0x000002364752ebf0: ffff 48bb | 0000 0000 | 0000 0000 

  0x000002364752ebfc: ;   {runtime_call}
  0x000002364752ebfc: e9fb ffff 

  0x000002364752ec00: ;   {runtime_call handle_exception_from_callee Runtime1 stub}
  0x000002364752ec00: ffe8 fac9 

  0x000002364752ec04: ;   {external_word}
  0x000002364752ec04: 4207 48b9 | c028 36aa | fb7f 0000 | 4883 e4f0 

  0x000002364752ec14: ;   {runtime_call}
  0x000002364752ec14: 48b8 9095 | fda9 fb7f | 0000 ffd0 

  0x000002364752ec20: ;   {section_word}
  0x000002364752ec20: f449 ba21 | ec52 4736 | 0200 0041 

  0x000002364752ec2c: ;   {runtime_call DeoptimizationBlob}
  0x000002364752ec2c: 52e9 6e5d | 3707 f4f4 | f4f4 f4f4 
[/MachCode]


Compiled method (c1) 13362 1130       3       java.security.SecureClassLoader::defineClass (16 bytes)
 total in heap  [0x000002364752e090,0x000002364752e490] = 1024
 relocation     [0x000002364752e1e8,0x000002364752e238] = 80
 main code      [0x000002364752e240,0x000002364752e398] = 344
 stub code      [0x000002364752e398,0x000002364752e3e8] = 80
 metadata       [0x000002364752e3e8,0x000002364752e3f0] = 8
 scopes data    [0x000002364752e3f0,0x000002364752e438] = 72
 scopes pcs     [0x000002364752e438,0x000002364752e488] = 80
 dependencies   [0x000002364752e488,0x000002364752e490] = 8

[Constant Pool (empty)]

[MachCode]
[Entry Point]
  # {method} {0x000002365e0438c0} 'defineClass' '(Ljava/lang/String;[BIILjava/security/CodeSource;)Ljava/lang/Class;' in 'java/security/SecureClassLoader'
  # this:     rdx:rdx   = 'java/security/SecureClassLoader'
  # parm0:    r8:r8     = 'java/lang/String'
  # parm1:    r9:r9     = '[B'
  # parm2:    rdi       = int
  # parm3:    rsi       = int
  # parm4:    rcx:rcx   = 'java/security/CodeSource'
  #           [sp+0x80]  (sp of caller)
  0x000002364752e240: 448b 5208 | 49bb 0000 | 005e 3602 | 0000 4d03 | d34c 3bd0 

  0x000002364752e254: ;   {runtime_call ic_miss_stub}
  0x000002364752e254: 0f85 2605 | 3707 660f | 1f44 0000 
[Verified Entry Point]
  0x000002364752e260: 8984 2400 | 80ff ff55 | 4883 ec70 | 4181 7f20 | 0100 0000 

  0x000002364752e274: ;   {runtime_call StubRoutines (final stubs)}
  0x000002364752e274: 7405 e865 

  0x000002364752e278: ;   {metadata(method data for {method} {0x000002365e0438c0} 'defineClass' '(Ljava/lang/String;[BIILjava/security/CodeSource;)Ljava/lang/Class;' in 'java/security/SecureClassLoader')}
  0x000002364752e278: 6a35 0748 | bbd0 f31b | 9f36 0200 | 008b 83cc | 0000 0083 | c002 8983 | cc00 0000 | 25fe 0700 
  0x000002364752e298: 0085 c00f | 8496 0000 | 0089 7424 | 5c89 7c24 | 584c 894c | 2450 4c89 | 4424 4848 

  0x000002364752e2b4: ;   {metadata(method data for {method} {0x000002365e0438c0} 'defineClass' '(Ljava/lang/String;[BIILjava/security/CodeSource;)Ljava/lang/Class;' in 'java/security/SecureClassLoader')}
  0x000002364752e2b4: 8bda 48b8 | d0f3 1b9f | 3602 0000 | 4883 8018 | 0100 0001 | 4c8b c148 | 8bc2 488b | d048 8944 
  0x000002364752e2d4: ;   {optimized virtual_call}
  0x000002364752e2d4: 2440 90e8 

  0x000002364752e2d8: ; ImmutableOopMap {[64]=Oop [72]=Oop [80]=Oop }
                      ;*invokevirtual getProtectionDomain {reexecute=0 rethrow=0 return_oop=0}
                      ; - java.security.SecureClassLoader::defineClass@9 (line 150)
  0x000002364752e2d8: 4427 f7ff 

  0x000002364752e2dc: ;   {other}
  0x000002364752e2dc: 0f1f 8400 | 4c02 0000 | 488b 5424 

  0x000002364752e2e8: ;   {metadata(method data for {method} {0x000002365e0438c0} 'defineClass' '(Ljava/lang/String;[BIILjava/security/CodeSource;)Ljava/lang/Class;' in 'java/security/SecureClassLoader')}
  0x000002364752e2e8: 4049 b8d0 | f31b 9f36 | 0200 0049 | 8380 4801 | 0000 014c | 8b44 2448 | 4c8b 4c24 | 508b 7c24 
  0x000002364752e308: 588b 7424 | 5c48 8bc8 | 488b 5424 

  0x000002364752e314: ;   {optimized virtual_call}
  0x000002364752e314: 4066 90e8 

  0x000002364752e318: ; ImmutableOopMap {}
                      ;*invokevirtual defineClass {reexecute=0 rethrow=0 return_oop=0}
                      ; - java.security.SecureClassLoader::defineClass@12 (line 150)
  0x000002364752e318: 2404 0000 

  0x000002364752e31c: ;   {other}
  0x000002364752e31c: 0f1f 8400 | 8c02 0001 | 4883 c470 

  0x000002364752e328: ;   {poll_return}
  0x000002364752e328: 5d49 3ba7 | 5804 0000 | 0f87 2200 

  0x000002364752e334: ;   {metadata({method} {0x000002365e0438c0} 'defineClass' '(Ljava/lang/String;[BIILjava/security/CodeSource;)Ljava/lang/Class;' in 'java/security/SecureClassLoader')}
  0x000002364752e334: 0000 c349 | bab8 3804 | 5e36 0200 | 004c 8954 | 2408 48c7 | 0424 ffff 

  0x000002364752e34c: ;   {runtime_call counter_overflow Runtime1 stub}
  0x000002364752e34c: ffff e8ad 

  0x000002364752e350: ; ImmutableOopMap {rdx=Oop r8=Oop r9=Oop rcx=Oop }
                      ;*synchronization entry
                      ; - java.security.SecureClassLoader::defineClass@-1 (line 150)
  0x000002364752e350: 0543 07e9 | 49ff ffff 

  0x000002364752e358: ;   {internal_word}
  0x000002364752e358: 49ba 29e3 | 5247 3602 | 0000 4d89 | 9770 0400 

  0x000002364752e368: ;   {runtime_call SafepointBlob}
  0x000002364752e368: 00e9 9273 | 3707 498b | 8708 0500 | 0049 c787 | 0805 0000 | 0000 0000 | 49c7 8710 | 0500 0000 
  0x000002364752e388: 0000 0048 | 83c4 705d 

  0x000002364752e390: ;   {runtime_call unwind_exception Runtime1 stub}
  0x000002364752e390: e96b a542 | 07f4 f4f4 
[Stub Code]
  0x000002364752e398: ;   {no_reloc}
  0x000002364752e398: 48bb 0000 | 0000 0000 

  0x000002364752e3a0: ;   {runtime_call}
  0x000002364752e3a0: 0000 e9fb 

  0x000002364752e3a4: ;   {static_stub}
  0x000002364752e3a4: ffff ff48 | bb00 0000 | 0000 0000 

  0x000002364752e3b0: ;   {runtime_call}
  0x000002364752e3b0: 00e9 fbff 

  0x000002364752e3b4: ;   {runtime_call handle_exception_from_callee Runtime1 stub}
  0x000002364752e3b4: ffff e845 

  0x000002364752e3b8: ;   {external_word}
  0x000002364752e3b8: d242 0748 | b9c0 2836 | aafb 7f00 | 0048 83e4 

  0x000002364752e3c8: ;   {runtime_call}
  0x000002364752e3c8: f048 b890 | 95fd a9fb | 7f00 00ff 

  0x000002364752e3d4: ;   {section_word}
  0x000002364752e3d4: d0f4 49ba | d6e3 5247 | 3602 0000 

  0x000002364752e3e0: ;   {runtime_call DeoptimizationBlob}
  0x000002364752e3e0: 4152 e9b9 | 6537 07f4 
[/MachCode]


---------------  P R O C E S S  ---------------

Threads class SMR info:
_java_thread_list=0x00000236a38268f0, length=11, elements={
0x000002363efdf5d0, 0x000002365d961250, 0x000002365d962070, 0x000002365d963e40,
0x000002365d965ab0, 0x000002365d968520, 0x000002365d969720, 0x000002365d96afc0,
0x000002365d96e220, 0x000002365dbbc3a0, 0x000002365dbc2600
}

Java Threads: ( => current thread )
=>0x000002363efdf5d0 JavaThread "main"                              [_thread_in_vm, id=48852, stack(0x000000d766b00000,0x000000d766c00000) (1024K)]
  0x000002365d961250 JavaThread "Reference Handler"          daemon [_thread_blocked, id=49600, stack(0x000000d767300000,0x000000d767400000) (1024K)]
  0x000002365d962070 JavaThread "Finalizer"                  daemon [_thread_blocked, id=49604, stack(0x000000d767400000,0x000000d767500000) (1024K)]
  0x000002365d963e40 JavaThread "Signal Dispatcher"          daemon [_thread_blocked, id=49608, stack(0x000000d767500000,0x000000d767600000) (1024K)]
  0x000002365d965ab0 JavaThread "Attach Listener"            daemon [_thread_blocked, id=49612, stack(0x000000d767600000,0x000000d767700000) (1024K)]
  0x000002365d968520 JavaThread "Service Thread"             daemon [_thread_blocked, id=49616, stack(0x000000d767700000,0x000000d767800000) (1024K)]
  0x000002365d969720 JavaThread "Monitor Deflation Thread"   daemon [_thread_blocked, id=49620, stack(0x000000d767800000,0x000000d767900000) (1024K)]
  0x000002365d96afc0 JavaThread "C2 CompilerThread0"         daemon [_thread_blocked, id=49624, stack(0x000000d767900000,0x000000d767a00000) (1024K)]
  0x000002365d96e220 JavaThread "C1 CompilerThread0"         daemon [_thread_blocked, id=49628, stack(0x000000d767a00000,0x000000d767b00000) (1024K)]
  0x000002365dbbc3a0 JavaThread "Notification Thread"        daemon [_thread_blocked, id=49632, stack(0x000000d767b00000,0x000000d767c00000) (1024K)]
  0x000002365dbc2600 JavaThread "Common-Cleaner"             daemon [_thread_blocked, id=49636, stack(0x000000d767c00000,0x000000d767d00000) (1024K)]
Total: 11

Other Threads:
  0x000002365d941810 VMThread "VM Thread"                           [id=49292, stack(0x000000d767200000,0x000000d767300000) (1024K)]
  0x000002365d927cd0 WatcherThread "VM Periodic Task Thread"        [id=49288, stack(0x000000d767100000,0x000000d767200000) (1024K)]
  0x000002363f03bda0 WorkerThread "GC Thread#0"                     [id=49196, stack(0x000000d766c00000,0x000000d766d00000) (1024K)]
  0x00000236a33158f0 WorkerThread "GC Thread#1"                     [id=50904, stack(0x000000d767d00000,0x000000d767e00000) (1024K)]
  0x00000236a3315ca0 WorkerThread "GC Thread#2"                     [id=50908, stack(0x000000d767e00000,0x000000d767f00000) (1024K)]
  0x00000236a3316050 WorkerThread "GC Thread#3"                     [id=50912, stack(0x000000d767f00000,0x000000d768000000) (1024K)]
  0x00000236a3316400 WorkerThread "GC Thread#4"                     [id=50916, stack(0x000000d768000000,0x000000d768100000) (1024K)]
  0x000002365dd5fc90 WorkerThread "GC Thread#5"                     [id=50980, stack(0x000000d768100000,0x000000d768200000) (1024K)]
  0x000002365dd60040 WorkerThread "GC Thread#6"                     [id=50984, stack(0x000000d768200000,0x000000d768300000) (1024K)]
  0x000002365dd603f0 WorkerThread "GC Thread#7"                     [id=50988, stack(0x000000d768300000,0x000000d768400000) (1024K)]
  0x000002365dd607a0 WorkerThread "GC Thread#8"                     [id=50992, stack(0x000000d768400000,0x000000d768500000) (1024K)]
  0x00000236a3a48ae0 WorkerThread "GC Thread#9"                     [id=51452, stack(0x000000d768500000,0x000000d768600000) (1024K)]
  0x000002363f04a8a0 ConcurrentGCThread "G1 Main Marker"            [id=49208, stack(0x000000d766d00000,0x000000d766e00000) (1024K)]
  0x000002363f04b3b0 WorkerThread "G1 Conc#0"                       [id=49212, stack(0x000000d766e00000,0x000000d766f00000) (1024K)]
  0x000002363f09e710 ConcurrentGCThread "G1 Refine#0"               [id=49232, stack(0x000000d766f00000,0x000000d767000000) (1024K)]
  0x000002365d7fb890 ConcurrentGCThread "G1 Service"                [id=49236, stack(0x000000d767000000,0x000000d767100000) (1024K)]
Total: 16

Threads with active compile tasks:
Total: 0

VM state: not at safepoint (normal execution)

VM Mutex/Monitor currently owned by a thread:  ([mutex/lock_event])
[0x00007ffbaa60ab48] Metaspace_lock - owner thread: 0x000002363efdf5d0

Heap address: 0x0000000724e00000, size: 3506 MB, Compressed Oops mode: Zero based, Oop shift amount: 3

CDS archive(s) mapped at: [0x000002365e000000-0x000002365ec60000-0x000002365ec60000), size 12976128, SharedBaseAddress: 0x000002365e000000, ArchiveRelocationMode: 1.
Compressed class space mapped at: 0x000002365f000000-0x000002369f000000, reserved size: 1073741824
Narrow klass base: 0x000002365e000000, Narrow klass shift: 0, Narrow klass range: 0x41000000

GC Precious Log:
 CardTable entry size: 512
 Card Set container configuration: InlinePtr #cards 4 size 8 Array Of Cards #cards 16 size 48 Howl #buckets 8 coarsen threshold 3686 Howl Bitmap #cards 512 size 80 coarsen threshold 460 Card regions per heap region 1 cards per card region 4096
 CPUs: 12 total, 12 available
 Memory: 14020M
 Large Page Support: Disabled
 NUMA Support: Disabled
 Compressed Oops: Enabled (Zero based)
 Heap Region Size: 2M
 Heap Min Capacity: 8M
 Heap Initial Capacity: 220M
 Heap Max Capacity: 3506M
 Pre-touch: Disabled
 Parallel Workers: 10
 Concurrent Workers: 3
 Concurrent Refinement Workers: 10
 Periodic GC: Disabled

Heap:
 garbage-first heap   total reserved 3590144K, committed 225280K, used 18853K [0x0000000724e00000, 0x0000000800000000)
  region size 2048K, 9 young (18432K), 2 survivors (4096K)
 Metaspace       used 13870K, committed 14080K, reserved 1114112K
  class space    used 1702K, committed 1792K, reserved 1048576K

Heap Regions: E=young(eden), S=young(survivor), O=old, HS=humongous(starts), HC=humongous(continues), CS=collection set, F=free, TAMS=top-at-mark-start, PB=parsable bottom
|   0|0x0000000724e00000, 0x0000000725000000, 0x0000000725000000|100%| O|  |TAMS 0x0000000724e00000| PB 0x0000000724e00000| Untracked |  0
|   1|0x0000000725000000, 0x00000007251c3f20, 0x0000000725200000| 88%| O|  |TAMS 0x0000000725000000| PB 0x0000000725000000| Untracked |  0
|   2|0x0000000725200000, 0x0000000725200000, 0x0000000725400000|  0%| F|  |TAMS 0x0000000725200000| PB 0x0000000725200000| Untracked |  0
|   3|0x0000000725400000, 0x0000000725400000, 0x0000000725600000|  0%| F|  |TAMS 0x0000000725400000| PB 0x0000000725400000| Untracked |  0
|   4|0x0000000725600000, 0x0000000725600000, 0x0000000725800000|  0%| F|  |TAMS 0x0000000725600000| PB 0x0000000725600000| Untracked |  0
|   5|0x0000000725800000, 0x0000000725800000, 0x0000000725a00000|  0%| F|  |TAMS 0x0000000725800000| PB 0x0000000725800000| Untracked |  0
|   6|0x0000000725a00000, 0x0000000725a00000, 0x0000000725c00000|  0%| F|  |TAMS 0x0000000725a00000| PB 0x0000000725a00000| Untracked |  0
|   7|0x0000000725c00000, 0x0000000725c00000, 0x0000000725e00000|  0%| F|  |TAMS 0x0000000725c00000| PB 0x0000000725c00000| Untracked |  0
|   8|0x0000000725e00000, 0x0000000725e00000, 0x0000000726000000|  0%| F|  |TAMS 0x0000000725e00000| PB 0x0000000725e00000| Untracked |  0
|   9|0x0000000726000000, 0x0000000726000000, 0x0000000726200000|  0%| F|  |TAMS 0x0000000726000000| PB 0x0000000726000000| Untracked |  0
|  10|0x0000000726200000, 0x0000000726200000, 0x0000000726400000|  0%| F|  |TAMS 0x0000000726200000| PB 0x0000000726200000| Untracked |  0
|  11|0x0000000726400000, 0x0000000726400000, 0x0000000726600000|  0%| F|  |TAMS 0x0000000726400000| PB 0x0000000726400000| Untracked |  0
|  12|0x0000000726600000, 0x0000000726600000, 0x0000000726800000|  0%| F|  |TAMS 0x0000000726600000| PB 0x0000000726600000| Untracked |  0
|  13|0x0000000726800000, 0x0000000726800000, 0x0000000726a00000|  0%| F|  |TAMS 0x0000000726800000| PB 0x0000000726800000| Untracked |  0
|  14|0x0000000726a00000, 0x0000000726a00000, 0x0000000726c00000|  0%| F|  |TAMS 0x0000000726a00000| PB 0x0000000726a00000| Untracked |  0
|  15|0x0000000726c00000, 0x0000000726c00000, 0x0000000726e00000|  0%| F|  |TAMS 0x0000000726c00000| PB 0x0000000726c00000| Untracked |  0
|  16|0x0000000726e00000, 0x0000000726e00000, 0x0000000727000000|  0%| F|  |TAMS 0x0000000726e00000| PB 0x0000000726e00000| Untracked |  0
|  17|0x0000000727000000, 0x0000000727000000, 0x0000000727200000|  0%| F|  |TAMS 0x0000000727000000| PB 0x0000000727000000| Untracked |  0
|  18|0x0000000727200000, 0x0000000727200000, 0x0000000727400000|  0%| F|  |TAMS 0x0000000727200000| PB 0x0000000727200000| Untracked |  0
|  19|0x0000000727400000, 0x0000000727400000, 0x0000000727600000|  0%| F|  |TAMS 0x0000000727400000| PB 0x0000000727400000| Untracked |  0
|  20|0x0000000727600000, 0x0000000727600000, 0x0000000727800000|  0%| F|  |TAMS 0x0000000727600000| PB 0x0000000727600000| Untracked |  0
|  21|0x0000000727800000, 0x0000000727800000, 0x0000000727a00000|  0%| F|  |TAMS 0x0000000727800000| PB 0x0000000727800000| Untracked |  0
|  22|0x0000000727a00000, 0x0000000727a00000, 0x0000000727c00000|  0%| F|  |TAMS 0x0000000727a00000| PB 0x0000000727a00000| Untracked |  0
|  23|0x0000000727c00000, 0x0000000727c00000, 0x0000000727e00000|  0%| F|  |TAMS 0x0000000727c00000| PB 0x0000000727c00000| Untracked |  0
|  24|0x0000000727e00000, 0x0000000727e00000, 0x0000000728000000|  0%| F|  |TAMS 0x0000000727e00000| PB 0x0000000727e00000| Untracked |  0
|  25|0x0000000728000000, 0x0000000728000000, 0x0000000728200000|  0%| F|  |TAMS 0x0000000728000000| PB 0x0000000728000000| Untracked |  0
|  26|0x0000000728200000, 0x0000000728200000, 0x0000000728400000|  0%| F|  |TAMS 0x0000000728200000| PB 0x0000000728200000| Untracked |  0
|  27|0x0000000728400000, 0x0000000728400000, 0x0000000728600000|  0%| F|  |TAMS 0x0000000728400000| PB 0x0000000728400000| Untracked |  0
|  28|0x0000000728600000, 0x0000000728600000, 0x0000000728800000|  0%| F|  |TAMS 0x0000000728600000| PB 0x0000000728600000| Untracked |  0
|  29|0x0000000728800000, 0x0000000728800000, 0x0000000728a00000|  0%| F|  |TAMS 0x0000000728800000| PB 0x0000000728800000| Untracked |  0
|  30|0x0000000728a00000, 0x0000000728a00000, 0x0000000728c00000|  0%| F|  |TAMS 0x0000000728a00000| PB 0x0000000728a00000| Untracked |  0
|  31|0x0000000728c00000, 0x0000000728c00000, 0x0000000728e00000|  0%| F|  |TAMS 0x0000000728c00000| PB 0x0000000728c00000| Untracked |  0
|  32|0x0000000728e00000, 0x0000000728e00000, 0x0000000729000000|  0%| F|  |TAMS 0x0000000728e00000| PB 0x0000000728e00000| Untracked |  0
|  33|0x0000000729000000, 0x0000000729000000, 0x0000000729200000|  0%| F|  |TAMS 0x0000000729000000| PB 0x0000000729000000| Untracked |  0
|  34|0x0000000729200000, 0x0000000729200000, 0x0000000729400000|  0%| F|  |TAMS 0x0000000729200000| PB 0x0000000729200000| Untracked |  0
|  35|0x0000000729400000, 0x0000000729400000, 0x0000000729600000|  0%| F|  |TAMS 0x0000000729400000| PB 0x0000000729400000| Untracked |  0
|  36|0x0000000729600000, 0x0000000729600000, 0x0000000729800000|  0%| F|  |TAMS 0x0000000729600000| PB 0x0000000729600000| Untracked |  0
|  37|0x0000000729800000, 0x0000000729800000, 0x0000000729a00000|  0%| F|  |TAMS 0x0000000729800000| PB 0x0000000729800000| Untracked |  0
|  38|0x0000000729a00000, 0x0000000729a00000, 0x0000000729c00000|  0%| F|  |TAMS 0x0000000729a00000| PB 0x0000000729a00000| Untracked |  0
|  39|0x0000000729c00000, 0x0000000729c00000, 0x0000000729e00000|  0%| F|  |TAMS 0x0000000729c00000| PB 0x0000000729c00000| Untracked |  0
|  40|0x0000000729e00000, 0x0000000729e00000, 0x000000072a000000|  0%| F|  |TAMS 0x0000000729e00000| PB 0x0000000729e00000| Untracked |  0
|  41|0x000000072a000000, 0x000000072a000000, 0x000000072a200000|  0%| F|  |TAMS 0x000000072a000000| PB 0x000000072a000000| Untracked |  0
|  42|0x000000072a200000, 0x000000072a200000, 0x000000072a400000|  0%| F|  |TAMS 0x000000072a200000| PB 0x000000072a200000| Untracked |  0
|  43|0x000000072a400000, 0x000000072a400000, 0x000000072a600000|  0%| F|  |TAMS 0x000000072a400000| PB 0x000000072a400000| Untracked |  0
|  44|0x000000072a600000, 0x000000072a600000, 0x000000072a800000|  0%| F|  |TAMS 0x000000072a600000| PB 0x000000072a600000| Untracked |  0
|  45|0x000000072a800000, 0x000000072a800000, 0x000000072aa00000|  0%| F|  |TAMS 0x000000072a800000| PB 0x000000072a800000| Untracked |  0
|  46|0x000000072aa00000, 0x000000072aa00000, 0x000000072ac00000|  0%| F|  |TAMS 0x000000072aa00000| PB 0x000000072aa00000| Untracked |  0
|  47|0x000000072ac00000, 0x000000072ac00000, 0x000000072ae00000|  0%| F|  |TAMS 0x000000072ac00000| PB 0x000000072ac00000| Untracked |  0
|  48|0x000000072ae00000, 0x000000072ae00000, 0x000000072b000000|  0%| F|  |TAMS 0x000000072ae00000| PB 0x000000072ae00000| Untracked |  0
|  49|0x000000072b000000, 0x000000072b000000, 0x000000072b200000|  0%| F|  |TAMS 0x000000072b000000| PB 0x000000072b000000| Untracked |  0
|  50|0x000000072b200000, 0x000000072b200000, 0x000000072b400000|  0%| F|  |TAMS 0x000000072b200000| PB 0x000000072b200000| Untracked |  0
|  51|0x000000072b400000, 0x000000072b400000, 0x000000072b600000|  0%| F|  |TAMS 0x000000072b400000| PB 0x000000072b400000| Untracked |  0
|  52|0x000000072b600000, 0x000000072b600000, 0x000000072b800000|  0%| F|  |TAMS 0x000000072b600000| PB 0x000000072b600000| Untracked |  0
|  53|0x000000072b800000, 0x000000072b800000, 0x000000072ba00000|  0%| F|  |TAMS 0x000000072b800000| PB 0x000000072b800000| Untracked |  0
|  54|0x000000072ba00000, 0x000000072ba00000, 0x000000072bc00000|  0%| F|  |TAMS 0x000000072ba00000| PB 0x000000072ba00000| Untracked |  0
|  55|0x000000072bc00000, 0x000000072bc00000, 0x000000072be00000|  0%| F|  |TAMS 0x000000072bc00000| PB 0x000000072bc00000| Untracked |  0
|  56|0x000000072be00000, 0x000000072be00000, 0x000000072c000000|  0%| F|  |TAMS 0x000000072be00000| PB 0x000000072be00000| Untracked |  0
|  57|0x000000072c000000, 0x000000072c000000, 0x000000072c200000|  0%| F|  |TAMS 0x000000072c000000| PB 0x000000072c000000| Untracked |  0
|  58|0x000000072c200000, 0x000000072c200000, 0x000000072c400000|  0%| F|  |TAMS 0x000000072c200000| PB 0x000000072c200000| Untracked |  0
|  59|0x000000072c400000, 0x000000072c400000, 0x000000072c600000|  0%| F|  |TAMS 0x000000072c400000| PB 0x000000072c400000| Untracked |  0
|  60|0x000000072c600000, 0x000000072c600000, 0x000000072c800000|  0%| F|  |TAMS 0x000000072c600000| PB 0x000000072c600000| Untracked |  0
|  61|0x000000072c800000, 0x000000072c800000, 0x000000072ca00000|  0%| F|  |TAMS 0x000000072c800000| PB 0x000000072c800000| Untracked |  0
|  62|0x000000072ca00000, 0x000000072ca00000, 0x000000072cc00000|  0%| F|  |TAMS 0x000000072ca00000| PB 0x000000072ca00000| Untracked |  0
|  63|0x000000072cc00000, 0x000000072cc00000, 0x000000072ce00000|  0%| F|  |TAMS 0x000000072cc00000| PB 0x000000072cc00000| Untracked |  0
|  64|0x000000072ce00000, 0x000000072ce00000, 0x000000072d000000|  0%| F|  |TAMS 0x000000072ce00000| PB 0x000000072ce00000| Untracked |  0
|  65|0x000000072d000000, 0x000000072d000000, 0x000000072d200000|  0%| F|  |TAMS 0x000000072d000000| PB 0x000000072d000000| Untracked |  0
|  66|0x000000072d200000, 0x000000072d200000, 0x000000072d400000|  0%| F|  |TAMS 0x000000072d200000| PB 0x000000072d200000| Untracked |  0
|  67|0x000000072d400000, 0x000000072d400000, 0x000000072d600000|  0%| F|  |TAMS 0x000000072d400000| PB 0x000000072d400000| Untracked |  0
|  68|0x000000072d600000, 0x000000072d600000, 0x000000072d800000|  0%| F|  |TAMS 0x000000072d600000| PB 0x000000072d600000| Untracked |  0
|  69|0x000000072d800000, 0x000000072d800000, 0x000000072da00000|  0%| F|  |TAMS 0x000000072d800000| PB 0x000000072d800000| Untracked |  0
|  70|0x000000072da00000, 0x000000072da00000, 0x000000072dc00000|  0%| F|  |TAMS 0x000000072da00000| PB 0x000000072da00000| Untracked |  0
|  71|0x000000072dc00000, 0x000000072dc00000, 0x000000072de00000|  0%| F|  |TAMS 0x000000072dc00000| PB 0x000000072dc00000| Untracked |  0
|  72|0x000000072de00000, 0x000000072de00000, 0x000000072e000000|  0%| F|  |TAMS 0x000000072de00000| PB 0x000000072de00000| Untracked |  0
|  73|0x000000072e000000, 0x000000072e000000, 0x000000072e200000|  0%| F|  |TAMS 0x000000072e000000| PB 0x000000072e000000| Untracked |  0
|  74|0x000000072e200000, 0x000000072e200000, 0x000000072e400000|  0%| F|  |TAMS 0x000000072e200000| PB 0x000000072e200000| Untracked |  0
|  75|0x000000072e400000, 0x000000072e400000, 0x000000072e600000|  0%| F|  |TAMS 0x000000072e400000| PB 0x000000072e400000| Untracked |  0
|  76|0x000000072e600000, 0x000000072e600000, 0x000000072e800000|  0%| F|  |TAMS 0x000000072e600000| PB 0x000000072e600000| Untracked |  0
|  77|0x000000072e800000, 0x000000072e800000, 0x000000072ea00000|  0%| F|  |TAMS 0x000000072e800000| PB 0x000000072e800000| Untracked |  0
|  78|0x000000072ea00000, 0x000000072ea00000, 0x000000072ec00000|  0%| F|  |TAMS 0x000000072ea00000| PB 0x000000072ea00000| Untracked |  0
|  79|0x000000072ec00000, 0x000000072ec00000, 0x000000072ee00000|  0%| F|  |TAMS 0x000000072ec00000| PB 0x000000072ec00000| Untracked |  0
|  80|0x000000072ee00000, 0x000000072ee00000, 0x000000072f000000|  0%| F|  |TAMS 0x000000072ee00000| PB 0x000000072ee00000| Untracked |  0
|  81|0x000000072f000000, 0x000000072f000000, 0x000000072f200000|  0%| F|  |TAMS 0x000000072f000000| PB 0x000000072f000000| Untracked |  0
|  82|0x000000072f200000, 0x000000072f200000, 0x000000072f400000|  0%| F|  |TAMS 0x000000072f200000| PB 0x000000072f200000| Untracked |  0
|  83|0x000000072f400000, 0x000000072f400000, 0x000000072f600000|  0%| F|  |TAMS 0x000000072f400000| PB 0x000000072f400000| Untracked |  0
|  84|0x000000072f600000, 0x000000072f600000, 0x000000072f800000|  0%| F|  |TAMS 0x000000072f600000| PB 0x000000072f600000| Untracked |  0
|  85|0x000000072f800000, 0x000000072f800000, 0x000000072fa00000|  0%| F|  |TAMS 0x000000072f800000| PB 0x000000072f800000| Untracked |  0
|  86|0x000000072fa00000, 0x000000072fa00000, 0x000000072fc00000|  0%| F|  |TAMS 0x000000072fa00000| PB 0x000000072fa00000| Untracked |  0
|  87|0x000000072fc00000, 0x000000072fc00000, 0x000000072fe00000|  0%| F|  |TAMS 0x000000072fc00000| PB 0x000000072fc00000| Untracked |  0
|  88|0x000000072fe00000, 0x000000072fea56e0, 0x0000000730000000| 32%| S|CS|TAMS 0x000000072fe00000| PB 0x000000072fe00000| Complete |  0
|  89|0x0000000730000000, 0x0000000730200000, 0x0000000730200000|100%| S|CS|TAMS 0x0000000730000000| PB 0x0000000730000000| Complete |  0
|  90|0x0000000730200000, 0x0000000730200000, 0x0000000730400000|  0%| F|  |TAMS 0x0000000730200000| PB 0x0000000730200000| Untracked |  0
|  91|0x0000000730400000, 0x0000000730400000, 0x0000000730600000|  0%| F|  |TAMS 0x0000000730400000| PB 0x0000000730400000| Untracked |  0
|  92|0x0000000730600000, 0x0000000730600000, 0x0000000730800000|  0%| F|  |TAMS 0x0000000730600000| PB 0x0000000730600000| Untracked |  0
|  93|0x0000000730800000, 0x0000000730800000, 0x0000000730a00000|  0%| F|  |TAMS 0x0000000730800000| PB 0x0000000730800000| Untracked |  0
|  94|0x0000000730a00000, 0x0000000730a00000, 0x0000000730c00000|  0%| F|  |TAMS 0x0000000730a00000| PB 0x0000000730a00000| Untracked |  0
|  95|0x0000000730c00000, 0x0000000730c00000, 0x0000000730e00000|  0%| F|  |TAMS 0x0000000730c00000| PB 0x0000000730c00000| Untracked |  0
|  96|0x0000000730e00000, 0x0000000730e00000, 0x0000000731000000|  0%| F|  |TAMS 0x0000000730e00000| PB 0x0000000730e00000| Untracked |  0
|  97|0x0000000731000000, 0x0000000731000000, 0x0000000731200000|  0%| F|  |TAMS 0x0000000731000000| PB 0x0000000731000000| Untracked |  0
|  98|0x0000000731200000, 0x0000000731200000, 0x0000000731400000|  0%| F|  |TAMS 0x0000000731200000| PB 0x0000000731200000| Untracked |  0
|  99|0x0000000731400000, 0x0000000731400000, 0x0000000731600000|  0%| F|  |TAMS 0x0000000731400000| PB 0x0000000731400000| Untracked |  0
| 100|0x0000000731600000, 0x0000000731600000, 0x0000000731800000|  0%| F|  |TAMS 0x0000000731600000| PB 0x0000000731600000| Untracked |  0
| 101|0x0000000731800000, 0x0000000731800000, 0x0000000731a00000|  0%| F|  |TAMS 0x0000000731800000| PB 0x0000000731800000| Untracked |  0
| 102|0x0000000731a00000, 0x0000000731a00000, 0x0000000731c00000|  0%| F|  |TAMS 0x0000000731a00000| PB 0x0000000731a00000| Untracked |  0
| 103|0x0000000731c00000, 0x0000000731d63568, 0x0000000731e00000| 69%| E|  |TAMS 0x0000000731c00000| PB 0x0000000731c00000| Complete |  0
| 104|0x0000000731e00000, 0x0000000732000000, 0x0000000732000000|100%| E|CS|TAMS 0x0000000731e00000| PB 0x0000000731e00000| Complete |  0
| 105|0x0000000732000000, 0x0000000732200000, 0x0000000732200000|100%| E|CS|TAMS 0x0000000732000000| PB 0x0000000732000000| Complete |  0
| 106|0x0000000732200000, 0x0000000732400000, 0x0000000732400000|100%| E|CS|TAMS 0x0000000732200000| PB 0x0000000732200000| Complete |  0
| 107|0x0000000732400000, 0x0000000732600000, 0x0000000732600000|100%| E|CS|TAMS 0x0000000732400000| PB 0x0000000732400000| Complete |  0
| 108|0x0000000732600000, 0x0000000732800000, 0x0000000732800000|100%| E|CS|TAMS 0x0000000732600000| PB 0x0000000732600000| Complete |  0
| 109|0x0000000732800000, 0x0000000732a00000, 0x0000000732a00000|100%| E|CS|TAMS 0x0000000732800000| PB 0x0000000732800000| Complete |  0

Card table byte_map: [0x0000023656f50000,0x0000023657630000] _byte_map_base: 0x0000023653629000

Marking Bits: (CMBitMap*) 0x000002363f03c4b0
 Bits: [0x0000023657630000, 0x000002365acf8000)

Polling page: 0x000002363cf40000

Metaspace:

Usage:
  Non-class:     11.88 MB used.
      Class:      1.66 MB used.
       Both:     13.55 MB used.

Virtual space:
  Non-class space:       64.00 MB reserved,      12.00 MB ( 19%) committed,  1 nodes.
      Class space:        1.00 GB reserved,       1.75 MB ( <1%) committed,  1 nodes.
             Both:        1.06 GB reserved,      13.75 MB (  1%) committed. 

Chunk freelists:
   Non-Class:  3.30 MB
       Class:  14.07 MB
        Both:  17.37 MB

MaxMetaspaceSize: unlimited
CompressedClassSpaceSize: 1.00 GB
Initial GC threshold: 21.00 MB
Current GC threshold: 21.00 MB
CDS: on
 - commit_granule_bytes: 65536.
 - commit_granule_words: 8192.
 - virtual_space_node_default_size: 8388608.
 - enlarge_chunks_in_place: 1.
 - use_allocation_guard: 0.


Internal statistics:

num_allocs_failed_limit: 0.
num_arena_births: 134.
num_arena_deaths: 0.
num_vsnodes_births: 2.
num_vsnodes_deaths: 0.
num_space_committed: 220.
num_space_uncommitted: 0.
num_chunks_returned_to_freelist: 0.
num_chunks_taken_from_freelist: 587.
num_chunk_merges: 0.
num_chunk_splits: 403.
num_chunks_enlarged: 340.
num_inconsistent_stats: 0.

CodeHeap 'non-profiled nmethods': size=120000Kb used=965Kb max_used=965Kb free=119034Kb
 bounds [0x000002364edf0000, 0x000002364f060000, 0x0000023656320000]
CodeHeap 'profiled nmethods': size=120000Kb used=5318Kb max_used=5318Kb free=114681Kb
 bounds [0x0000023647320000, 0x0000023647860000, 0x000002364e850000]
CodeHeap 'non-nmethods': size=5760Kb used=1390Kb max_used=1415Kb free=4369Kb
 bounds [0x000002364e850000, 0x000002364eac0000, 0x000002364edf0000]
 total_blobs=3243 nmethods=2755 adapters=392
 compilation: enabled
              stopped_count=0, restarted_count=0
 full_count=0

Compilation events (20 events):
Event: 12.780 Thread 0x000002365d96e220 2746       3       jdk.internal.org.objectweb.asm.Handler::putExceptionTable (63 bytes)
Event: 12.781 Thread 0x000002365d96e220 nmethod 2746 0x000002364784ad10 code [0x000002364784af20, 0x000002364784b3b0]
Event: 12.790 Thread 0x000002365d96e220 2747       3       java.util.LinkedHashMap$LinkedEntryIterator::next (5 bytes)
Event: 12.790 Thread 0x000002365d96e220 nmethod 2747 0x000002364784b690 code [0x000002364784b840, 0x000002364784b9d8]
Event: 12.790 Thread 0x000002365d96e220 2748       3       java.util.LinkedHashMap$LinkedEntryIterator::next (5 bytes)
Event: 12.791 Thread 0x000002365d96e220 nmethod 2748 0x000002364784ba90 code [0x000002364784bc40, 0x000002364784bd78]
Event: 12.807 Thread 0x000002365d96e220 2749       3       java.util.ArrayList::<init> (12 bytes)
Event: 12.807 Thread 0x000002365d96e220 nmethod 2749 0x000002364784be10 code [0x000002364784bfc0, 0x000002364784c260]
Event: 12.812 Thread 0x000002365d96e220 2750       3       com.google.inject.internal.BindingImpl::getProvider (44 bytes)
Event: 12.812 Thread 0x000002365d96e220 nmethod 2750 0x000002364784c390 code [0x000002364784c560, 0x000002364784c888]
Event: 12.812 Thread 0x000002365d96e220 2751       1       com.google.inject.internal.InternalContext::getDependency (5 bytes)
Event: 12.812 Thread 0x000002365d96e220 nmethod 2751 0x000002364eee1390 code [0x000002364eee1520, 0x000002364eee15f0]
Event: 12.813 Thread 0x000002365d96e220 2752       3       com.google.inject.internal.Scoping$4::acceptVisitor (10 bytes)
Event: 12.813 Thread 0x000002365d96e220 nmethod 2752 0x000002364784c990 code [0x000002364784cb40, 0x000002364784cd28]
Event: 12.862 Thread 0x000002365d96e220 2753   !   3       java.util.concurrent.ConcurrentHashMap::transfer (849 bytes)
Event: 12.873 Thread 0x000002365d96e220 nmethod 2753 0x000002364784ce10 code [0x000002364784d260, 0x000002364784f8d0]
Event: 12.873 Thread 0x000002365d96e220 2755       3       java.util.regex.Pattern$$Lambda/0x800000032::is (9 bytes)
Event: 12.873 Thread 0x000002365d96e220 nmethod 2755 0x0000023647851090 code [0x0000023647851240, 0x00000236478514c8]
Event: 12.873 Thread 0x000002365d96e220 2754       3       java.util.Optional::ofNullable (19 bytes)
Event: 12.873 Thread 0x000002365d96e220 nmethod 2754 0x0000023647851590 code [0x0000023647851740, 0x00000236478519f8]

GC Heap History (4 events):
Event: 6.566 GC heap before
{Heap before GC invocations=0 (full 0):
 garbage-first heap   total reserved 3590144K, committed 225280K, used 24576K [0x0000000724e00000, 0x0000000800000000)
  region size 2048K, 12 young (24576K), 0 survivors (0K)
 Metaspace       used 5721K, committed 5952K, reserved 1114112K
  class space    used 672K, committed 768K, reserved 1048576K
}
Event: 6.628 GC heap after
{Heap after GC invocations=1 (full 0):
 garbage-first heap   total reserved 3590144K, committed 225280K, used 4048K [0x0000000724e00000, 0x0000000800000000)
  region size 2048K, 2 young (4096K), 2 survivors (4096K)
 Metaspace       used 5721K, committed 5952K, reserved 1114112K
  class space    used 672K, committed 768K, reserved 1048576K
}
Event: 9.034 GC heap before
{Heap before GC invocations=1 (full 0):
 garbage-first heap   total reserved 3590144K, committed 225280K, used 40912K [0x0000000724e00000, 0x0000000800000000)
  region size 2048K, 20 young (40960K), 2 survivors (4096K)
 Metaspace       used 11401K, committed 11584K, reserved 1114112K
  class space    used 1384K, committed 1472K, reserved 1048576K
}
Event: 9.042 GC heap after
{Heap after GC invocations=2 (full 0):
 garbage-first heap   total reserved 3590144K, committed 225280K, used 6565K [0x0000000724e00000, 0x0000000800000000)
  region size 2048K, 2 young (4096K), 2 survivors (4096K)
 Metaspace       used 11401K, committed 11584K, reserved 1114112K
  class space    used 1384K, committed 1472K, reserved 1048576K
}

Dll operation events (8 events):
Event: 0.337 Loaded shared library C:\Program Files\Java\jdk-22\bin\java.dll
Event: 1.108 Loaded shared library C:\Program Files\Java\jdk-22\bin\jsvml.dll
Event: 1.483 Loaded shared library C:\Program Files\Java\jdk-22\bin\net.dll
Event: 1.486 Loaded shared library C:\Program Files\Java\jdk-22\bin\nio.dll
Event: 1.538 Loaded shared library C:\Program Files\Java\jdk-22\bin\zip.dll
Event: 4.645 Loaded shared library C:\Program Files\Java\jdk-22\bin\jimage.dll
Event: 4.665 Loaded shared library C:\Program Files\NetBeans-21\netbeans\java\maven\lib\jansi-native\Windows\x86_64\jansi.dll
Event: 4.695 Loaded shared library C:\Program Files\Java\jdk-22\bin\verify.dll

Deoptimization events (20 events):
Event: 12.809 Thread 0x000002363efdf5d0 Uncommon trap: trap_request=0xffffffc6 fr.pc=0x000002364eedcdd4 relative=0x0000000000003154
Event: 12.809 Thread 0x000002363efdf5d0 Uncommon trap: reason=bimorphic_or_optimized_type_check action=maybe_recompile pc=0x000002364eedcdd4 method=java.net.URL.<init>(Ljava/net/URL;Ljava/lang/String;Ljava/net/URLStreamHandler;)V @ 504 c2
Event: 12.809 Thread 0x000002363efdf5d0 DEOPT PACKING pc=0x000002364eedcdd4 sp=0x000000d766bfe570
Event: 12.810 Thread 0x000002363efdf5d0 DEOPT UNPACKING pc=0x000002364e8a46a2 sp=0x000000d766bfe4f0 mode 2
Event: 12.860 Thread 0x000002363efdf5d0 Uncommon trap: trap_request=0xffffffde fr.pc=0x000002364ee5f2a8 relative=0x00000000000000e8
Event: 12.860 Thread 0x000002363efdf5d0 Uncommon trap: reason=class_check action=maybe_recompile pc=0x000002364ee5f2a8 method=sun.nio.cs.UTF_8.updatePositions(Ljava/nio/Buffer;ILjava/nio/Buffer;I)V @ 3 c2
Event: 12.860 Thread 0x000002363efdf5d0 DEOPT PACKING pc=0x000002364ee5f2a8 sp=0x000000d766bfddb0
Event: 12.860 Thread 0x000002363efdf5d0 DEOPT UNPACKING pc=0x000002364e8a46a2 sp=0x000000d766bfdd60 mode 2
Event: 12.861 Thread 0x000002363efdf5d0 Uncommon trap: trap_request=0xffffffde fr.pc=0x000002364ee5f2a8 relative=0x00000000000000e8
Event: 12.861 Thread 0x000002363efdf5d0 Uncommon trap: reason=class_check action=maybe_recompile pc=0x000002364ee5f2a8 method=sun.nio.cs.UTF_8.updatePositions(Ljava/nio/Buffer;ILjava/nio/Buffer;I)V @ 3 c2
Event: 12.861 Thread 0x000002363efdf5d0 DEOPT PACKING pc=0x000002364ee5f2a8 sp=0x000000d766bfde20
Event: 12.861 Thread 0x000002363efdf5d0 DEOPT UNPACKING pc=0x000002364e8a46a2 sp=0x000000d766bfddd0 mode 2
Event: 12.861 Thread 0x000002363efdf5d0 Uncommon trap: trap_request=0xffffffde fr.pc=0x000002364ee5f2a8 relative=0x00000000000000e8
Event: 12.861 Thread 0x000002363efdf5d0 Uncommon trap: reason=class_check action=maybe_recompile pc=0x000002364ee5f2a8 method=sun.nio.cs.UTF_8.updatePositions(Ljava/nio/Buffer;ILjava/nio/Buffer;I)V @ 3 c2
Event: 12.861 Thread 0x000002363efdf5d0 DEOPT PACKING pc=0x000002364ee5f2a8 sp=0x000000d766bfdf00
Event: 12.861 Thread 0x000002363efdf5d0 DEOPT UNPACKING pc=0x000002364e8a46a2 sp=0x000000d766bfdeb0 mode 2
Event: 12.861 Thread 0x000002363efdf5d0 Uncommon trap: trap_request=0xffffffde fr.pc=0x000002364ee5f2a8 relative=0x00000000000000e8
Event: 12.861 Thread 0x000002363efdf5d0 Uncommon trap: reason=class_check action=maybe_recompile pc=0x000002364ee5f2a8 method=sun.nio.cs.UTF_8.updatePositions(Ljava/nio/Buffer;ILjava/nio/Buffer;I)V @ 3 c2
Event: 12.861 Thread 0x000002363efdf5d0 DEOPT PACKING pc=0x000002364ee5f2a8 sp=0x000000d766bfdf80
Event: 12.861 Thread 0x000002363efdf5d0 DEOPT UNPACKING pc=0x000002364e8a46a2 sp=0x000000d766bfdf30 mode 2

Classes loaded (20 events):
Event: 12.796 Loading class jdk/internal/misc/ThreadTracker
Event: 12.796 Loading class jdk/internal/misc/ThreadTracker done
Event: 12.798 Loading class jdk/internal/misc/ThreadTracker$ThreadRef
Event: 12.799 Loading class jdk/internal/misc/ThreadTracker$ThreadRef done
Event: 12.799 Loading class java/net/URL$2
Event: 12.799 Loading class java/net/URL$2 done
Event: 12.799 Loading class java/net/URL$1
Event: 12.799 Loading class java/net/URL$1 done
Event: 12.799 Loading class java/net/spi/URLStreamHandlerProvider
Event: 12.800 Loading class java/net/spi/URLStreamHandlerProvider done
Event: 12.800 Loading class sun/net/www/protocol/https/Handler
Event: 12.800 Loading class sun/net/www/protocol/http/Handler
Event: 12.800 Loading class sun/net/www/protocol/http/Handler done
Event: 12.800 Loading class sun/net/www/protocol/https/Handler done
Event: 12.808 Loading class java/util/regex/Pattern$Pos
Event: 12.808 Loading class java/util/regex/Pattern$Pos done
Event: 12.813 Loading class java/util/ArrayList$SubList$1
Event: 12.813 Loading class java/util/ArrayList$SubList$1 done
Event: 12.817 Loading class java/util/concurrent/atomic/AtomicReference
Event: 12.838 Loading class java/util/concurrent/atomic/AtomicReference done

Classes unloaded (0 events):
No events

Classes redefined (0 events):
No events

Internal exceptions (20 events):
Event: 5.735 Thread 0x000002363efdf5d0 Exception <a 'java/lang/NoSuchMethodError'{0x0000000731b6b920}: 'int java.lang.invoke.DirectMethodHandle$Holder.invokeStatic(java.lang.Object, java.lang.Object, java.lang.Object, java.lang.Object)'> (0x0000000731b6b920) 
thrown [s\open\src\hotspot\share\interpreter\linkResolver.cpp, line 774]
Event: 5.735 Thread 0x000002363efdf5d0 Exception <a 'java/lang/NoSuchMethodError'{0x0000000731b6efe0}: 'java.lang.Object java.lang.invoke.Invokers$Holder.invokeExact_MT(java.lang.Object, java.lang.Object, java.lang.Object, java.lang.Object, java.lang.Object, java.lang.Object)'> (0x0000000731b6efe0) 
thrown [s\open\src\hotspot\share\interpreter\linkResolver.cpp, line 774]
Event: 5.738 Thread 0x000002363efdf5d0 Exception <a 'java/lang/NoSuchMethodError'{0x0000000731b7da50}: 'int java.lang.invoke.DirectMethodHandle$Holder.invokeSpecialIFC(java.lang.Object, java.lang.Object, java.lang.Object, java.lang.Object, java.lang.Object)'> (0x0000000731b7da50) 
thrown [s\open\src\hotspot\share\interpreter\linkResolver.cpp, line 774]
Event: 5.857 Thread 0x000002363efdf5d0 Exception <a 'java/lang/NoSuchMethodError'{0x00000007318f5a70}: 'java.lang.Object java.lang.invoke.DirectMethodHandle$Holder.newInvokeSpecial(java.lang.Object, java.lang.Object, java.lang.Object, java.lang.Object, java.lang.Object)'> (0x00000007318f5a70) 
thrown [s\open\src\hotspot\share\interpreter\linkResolver.cpp, line 774]
Event: 5.989 Thread 0x000002363efdf5d0 Exception <a 'java/lang/NoSuchMethodError'{0x00000007319ec398}: 'int java.lang.invoke.DirectMethodHandle$Holder.invokeStaticInit(java.lang.Object, java.lang.Object)'> (0x00000007319ec398) 
thrown [s\open\src\hotspot\share\interpreter\linkResolver.cpp, line 774]
Event: 6.002 Thread 0x000002363efdf5d0 Exception <a 'java/lang/NoClassDefFoundError'{0x0000000731620a18}: javax/enterprise/inject/Typed> (0x0000000731620a18) 
thrown [s\open\src\hotspot\share\classfile\systemDictionary.cpp, line 302]
Event: 8.706 Thread 0x000002363efdf5d0 Exception <a 'java/lang/NoSuchMethodError'{0x00000007307ce5e8}: 'void java.lang.invoke.DirectMethodHandle$Holder.invokeStaticInit(java.lang.Object, java.lang.Object, java.lang.Object)'> (0x00000007307ce5e8) 
thrown [s\open\src\hotspot\share\interpreter\linkResolver.cpp, line 774]
Event: 8.734 Thread 0x000002363efdf5d0 Exception <a 'java/lang/ExceptionInInitializerError'{0x00000007307f6c08}> (0x00000007307f6c08) 
thrown [s\open\src\hotspot\share\oops\instanceKlass.cpp, line 1247]
Event: 8.796 Thread 0x000002363efdf5d0 Exception <a 'java/lang/NoSuchMethodError'{0x00000007304ffae8}: 'long java.lang.invoke.DirectMethodHandle$Holder.invokeStatic(java.lang.Object, java.lang.Object, int)'> (0x00000007304ffae8) 
thrown [s\open\src\hotspot\share\interpreter\linkResolver.cpp, line 774]
Event: 8.799 Thread 0x000002363efdf5d0 Exception <a 'java/lang/NoSuchMethodError'{0x0000000730513000}: 'java.lang.Object java.lang.invoke.DirectMethodHandle$Holder.invokeStatic(java.lang.Object, java.lang.Object, java.lang.Object, java.lang.Object, int)'> (0x0000000730513000) 
thrown [s\open\src\hotspot\share\interpreter\linkResolver.cpp, line 774]
Event: 8.801 Thread 0x000002363efdf5d0 Exception <a 'java/lang/NoSuchMethodError'{0x000000073051b1b8}: 'java.lang.Object java.lang.invoke.DirectMethodHandle$Holder.invokeSpecial(java.lang.Object, java.lang.Object, java.lang.Object, java.lang.Object, long)'> (0x000000073051b1b8) 
thrown [s\open\src\hotspot\share\interpreter\linkResolver.cpp, line 774]
Event: 8.810 Thread 0x000002363efdf5d0 Exception <a 'java/lang/NoSuchMethodError'{0x0000000730526f88}: 'java.lang.Object java.lang.invoke.DirectMethodHandle$Holder.invokeSpecial(java.lang.Object, java.lang.Object, java.lang.Object, int, java.lang.Object)'> (0x0000000730526f88) 
thrown [s\open\src\hotspot\share\interpreter\linkResolver.cpp, line 774]
Event: 8.815 Thread 0x000002363efdf5d0 Exception <a 'java/lang/NoSuchMethodError'{0x000000073052f578}: 'int java.lang.invoke.DirectMethodHandle$Holder.invokeSpecial(java.lang.Object, java.lang.Object, java.lang.Object, int)'> (0x000000073052f578) 
thrown [s\open\src\hotspot\share\interpreter\linkResolver.cpp, line 774]
Event: 8.851 Thread 0x000002363efdf5d0 Implicit null exception at 0x000002364ee6d73a to 0x000002364ee6d934
Event: 8.856 Thread 0x000002363efdf5d0 Exception <a 'java/lang/NoSuchMethodError'{0x0000000730553e58}: 'java.lang.Object java.lang.invoke.Invokers$Holder.invokeExact_MT(java.lang.Object, int, java.lang.Object)'> (0x0000000730553e58) 
thrown [s\open\src\hotspot\share\interpreter\linkResolver.cpp, line 774]
Event: 8.872 Thread 0x000002363efdf5d0 Exception <a 'java/lang/NoSuchMethodError'{0x00000007305a7e50}: 'void java.lang.invoke.DirectMethodHandle$Holder.invokeStatic(java.lang.Object, java.lang.Object)'> (0x00000007305a7e50) 
thrown [s\open\src\hotspot\share\interpreter\linkResolver.cpp, line 774]
Event: 9.394 Thread 0x000002363efdf5d0 Exception <a 'java/lang/NoSuchMethodError'{0x00000007325a6670}: 'void java.lang.invoke.Invokers$Holder.invokeExact_MT(java.lang.Object, java.lang.Object, java.lang.Object, java.lang.Object)'> (0x00000007325a6670) 
thrown [s\open\src\hotspot\share\interpreter\linkResolver.cpp, line 774]
Event: 9.436 Thread 0x000002363efdf5d0 Exception <a 'java/lang/NoClassDefFoundError'{0x000000073222fef0}: com/google/inject/servlet/ServletModuleTargetVisitor> (0x000000073222fef0) 
thrown [s\open\src\hotspot\share\classfile\systemDictionary.cpp, line 302]
Event: 9.904 Thread 0x000002363efdf5d0 Exception <a 'java/lang/NoSuchMethodError'{0x00000007320ec518}: 'void java.lang.invoke.DirectMethodHandle$Holder.invokeVirtual(java.lang.Object, java.lang.Object)'> (0x00000007320ec518) 
thrown [s\open\src\hotspot\share\interpreter\linkResolver.cpp, line 774]
Event: 10.412 Thread 0x000002363efdf5d0 Exception <a 'java/lang/NoSuchMethodError'{0x000000073217a718}: 'java.lang.Object java.lang.invoke.DirectMethodHandle$Holder.invokeStaticInit(java.lang.Object, int, int, int, int)'> (0x000000073217a718) 
thrown [s\open\src\hotspot\share\interpreter\linkResolver.cpp, line 774]

ZGC Phase Switch (0 events):
No events

VM Operations (20 events):
Event: 9.034 Executing VM operation: G1CollectForAllocation (G1 Evacuation Pause)
Event: 9.043 Executing VM operation: G1CollectForAllocation (G1 Evacuation Pause) done
Event: 9.098 Executing VM operation: HandshakeAllThreads (Deoptimize)
Event: 9.098 Executing VM operation: HandshakeAllThreads (Deoptimize) done
Event: 9.375 Executing VM operation: HandshakeAllThreads (Deoptimize)
Event: 9.375 Executing VM operation: HandshakeAllThreads (Deoptimize) done
Event: 10.164 Executing VM operation: HandshakeAllThreads (Deoptimize)
Event: 10.164 Executing VM operation: HandshakeAllThreads (Deoptimize) done
Event: 10.164 Executing VM operation: Cleanup
Event: 10.175 Executing VM operation: Cleanup done
Event: 10.436 Executing VM operation: HandshakeAllThreads (Deoptimize)
Event: 10.436 Executing VM operation: HandshakeAllThreads (Deoptimize) done
Event: 10.652 Executing VM operation: HandshakeAllThreads (Deoptimize)
Event: 10.652 Executing VM operation: HandshakeAllThreads (Deoptimize) done
Event: 11.661 Executing VM operation: Cleanup
Event: 11.796 Executing VM operation: Cleanup done
Event: 12.801 Executing VM operation: HandshakeAllThreads (Deoptimize)
Event: 12.801 Executing VM operation: HandshakeAllThreads (Deoptimize) done
Event: 12.801 Executing VM operation: Cleanup
Event: 12.801 Executing VM operation: Cleanup done

Events (13 events):
Event: 0.534 Thread 0x000002363efdf5d0 Thread added: 0x000002363efdf5d0
Event: 1.101 Thread 0x000002365d961250 Thread added: 0x000002365d961250
Event: 1.101 Thread 0x000002365d962070 Thread added: 0x000002365d962070
Event: 1.101 Thread 0x000002365d963e40 Thread added: 0x000002365d963e40
Event: 1.101 Thread 0x000002365d965ab0 Thread added: 0x000002365d965ab0
Event: 1.101 Thread 0x000002365d968520 Thread added: 0x000002365d968520
Event: 1.101 Thread 0x000002365d969720 Thread added: 0x000002365d969720
Event: 1.102 Thread 0x000002365d96afc0 Thread added: 0x000002365d96afc0
Event: 1.102 Thread 0x000002365d96e220 Thread added: 0x000002365d96e220
Event: 1.131 Thread 0x000002365dbbc3a0 Thread added: 0x000002365dbbc3a0
Event: 1.136 Thread 0x000002365dbc2600 Thread added: 0x000002365dbc2600
Event: 6.752 Thread 0x000002365daee0f0 Thread added: 0x000002365daee0f0
Event: 7.499 Thread 0x000002365daee0f0 Thread exited: 0x000002365daee0f0


Dynamic libraries:
0x00007ff7ed1d0000 - 0x00007ff7ed1e0000 	C:\Program Files\Java\jdk-22\bin\java.exe
0x00007ffc3f9d0000 - 0x00007ffc3fbe7000 	C:\WINDOWS\SYSTEM32\ntdll.dll
0x00007ffc3e920000 - 0x00007ffc3e9e4000 	C:\WINDOWS\System32\KERNEL32.DLL
0x00007ffc3cf80000 - 0x00007ffc3d327000 	C:\WINDOWS\System32\KERNELBASE.dll
0x00007ffc3ce60000 - 0x00007ffc3cf71000 	C:\WINDOWS\System32\ucrtbase.dll
0x00007ffbf78f0000 - 0x00007ffbf790b000 	C:\Program Files\Java\jdk-22\bin\VCRUNTIME140.dll
0x00007ffc0f400000 - 0x00007ffc0f417000 	C:\Program Files\Java\jdk-22\bin\jli.dll
0x00007ffc3e9f0000 - 0x00007ffc3eaa2000 	C:\WINDOWS\System32\ADVAPI32.dll
0x00007ffc3eab0000 - 0x00007ffc3eb57000 	C:\WINDOWS\System32\msvcrt.dll
0x00007ffc3dbc0000 - 0x00007ffc3dc68000 	C:\WINDOWS\System32\sechost.dll
0x00007ffc3ce30000 - 0x00007ffc3ce58000 	C:\WINDOWS\System32\bcrypt.dll
0x00007ffc3f650000 - 0x00007ffc3f765000 	C:\WINDOWS\System32\RPCRT4.dll
0x00007ffc3e520000 - 0x00007ffc3e6ce000 	C:\WINDOWS\System32\USER32.dll
0x00007ffc3d4c0000 - 0x00007ffc3d4e6000 	C:\WINDOWS\System32\win32u.dll
0x00007ffc3db70000 - 0x00007ffc3db99000 	C:\WINDOWS\System32\GDI32.dll
0x00007ffc3d3a0000 - 0x00007ffc3d4b9000 	C:\WINDOWS\System32\gdi32full.dll
0x00007ffc10350000 - 0x00007ffc105e3000 	C:\WINDOWS\WinSxS\amd64_microsoft.windows.common-controls_6595b64144ccf1df_6.0.22621.3527_none_270e469b73872a76\COMCTL32.dll
0x00007ffc3d4f0000 - 0x00007ffc3d58a000 	C:\WINDOWS\System32\msvcp_win.dll
0x00007ffc343d0000 - 0x00007ffc343da000 	C:\WINDOWS\SYSTEM32\VERSION.dll
0x00007ffc3f2b0000 - 0x00007ffc3f2e1000 	C:\WINDOWS\System32\IMM32.DLL
0x00007ffc0e880000 - 0x00007ffc0e88c000 	C:\Program Files\Java\jdk-22\bin\vcruntime140_1.dll
0x00007ffbd0ad0000 - 0x00007ffbd0b5e000 	C:\Program Files\Java\jdk-22\bin\msvcp140.dll
0x00007ffba99a0000 - 0x00007ffbaa6e8000 	C:\Program Files\Java\jdk-22\bin\server\jvm.dll
0x00007ffc3e6d0000 - 0x00007ffc3e741000 	C:\WINDOWS\System32\WS2_32.dll
0x00007ffc3cbb0000 - 0x00007ffc3cbfd000 	C:\WINDOWS\SYSTEM32\POWRPROF.dll
0x00007ffc345c0000 - 0x00007ffc345f4000 	C:\WINDOWS\SYSTEM32\WINMM.dll
0x00007ffc3cb90000 - 0x00007ffc3cba3000 	C:\WINDOWS\SYSTEM32\UMPDC.dll
0x00007ffc3bcd0000 - 0x00007ffc3bce8000 	C:\WINDOWS\SYSTEM32\kernel.appcore.dll
0x00007ffbf77d0000 - 0x00007ffbf77da000 	C:\Program Files\Java\jdk-22\bin\jimage.dll
0x00007ffc3a670000 - 0x00007ffc3a8a2000 	C:\WINDOWS\SYSTEM32\DBGHELP.DLL
0x00007ffc3d700000 - 0x00007ffc3da88000 	C:\WINDOWS\System32\combase.dll
0x00007ffc3da90000 - 0x00007ffc3db67000 	C:\WINDOWS\System32\OLEAUT32.dll
0x00007ffc2a930000 - 0x00007ffc2a962000 	C:\WINDOWS\SYSTEM32\dbgcore.DLL
0x00007ffc3cdb0000 - 0x00007ffc3ce29000 	C:\WINDOWS\System32\bcryptPrimitives.dll
0x00007ffbf78d0000 - 0x00007ffbf78ee000 	C:\Program Files\Java\jdk-22\bin\java.dll
0x00007ffc3dc70000 - 0x00007ffc3e4cc000 	C:\WINDOWS\System32\SHELL32.dll
0x00007ffc3f2f0000 - 0x00007ffc3f495000 	C:\WINDOWS\System32\ole32.dll
0x00007ffc3abe0000 - 0x00007ffc3b4d6000 	C:\WINDOWS\SYSTEM32\windows.storage.dll
0x00007ffc3aaa0000 - 0x00007ffc3abde000 	C:\WINDOWS\SYSTEM32\wintypes.dll
0x00007ffc3ed30000 - 0x00007ffc3ee25000 	C:\WINDOWS\System32\SHCORE.dll
0x00007ffc3ec60000 - 0x00007ffc3ecbe000 	C:\WINDOWS\System32\shlwapi.dll
0x00007ffc3cc20000 - 0x00007ffc3cc41000 	C:\WINDOWS\SYSTEM32\profapi.dll
0x00007ffbdd120000 - 0x00007ffbdd1f7000 	C:\Program Files\Java\jdk-22\bin\jsvml.dll
0x00007ffbf77c0000 - 0x00007ffbf77d0000 	C:\Program Files\Java\jdk-22\bin\net.dll
0x00007ffc3c130000 - 0x00007ffc3c199000 	C:\WINDOWS\system32\mswsock.dll
0x00007ffbdd100000 - 0x00007ffbdd116000 	C:\Program Files\Java\jdk-22\bin\nio.dll
0x00007ffbdd0e0000 - 0x00007ffbdd0f7000 	C:\Program Files\Java\jdk-22\bin\zip.dll
0x0000000069ac0000 - 0x0000000069ae4000 	C:\Program Files\NetBeans-21\netbeans\java\maven\lib\jansi-native\Windows\x86_64\jansi.dll
0x00007ffbf77b0000 - 0x00007ffbf77c0000 	C:\Program Files\Java\jdk-22\bin\verify.dll

dbghelp: loaded successfully - version: 4.0.5 - missing functions: none
symbol engine: initialized successfully - sym options: 0x614 - pdb path: .;C:\Program Files\Java\jdk-22\bin;C:\WINDOWS\SYSTEM32;C:\WINDOWS\WinSxS\amd64_microsoft.windows.common-controls_6595b64144ccf1df_6.0.22621.3527_none_270e469b73872a76;C:\Program Files\Java\jdk-22\bin\server;C:\Program Files\NetBeans-21\netbeans\java\maven\lib\jansi-native\Windows\x86_64

VM Arguments:
jvm_args: -Dclassworlds.conf=C:\Program Files\NetBeans-21\netbeans\java\maven\bin\m2.conf -Dmaven.home=C:\Program Files\NetBeans-21\netbeans\java\maven -Dlibrary.jansi.path=C:\Program Files\NetBeans-21\netbeans\java\maven\lib\jansi-native -Dmaven.multiModuleProjectDirectory=C:\Users\ADMIN\OneDrive\Documents\GitHub\Management_Project_Java\mavenproject1 
java_command: org.codehaus.plexus.classworlds.launcher.Launcher -Dexec.vmArgs=--enable-preview -Dexec.args=${exec.vmArgs} -classpath %classpath ${exec.mainClass} ${exec.appArgs} -Dexec.appArgs= -Dexec.mainClass=GUI.Login -Dexec.executable=C:\Program Files\Java\jdk-22\bin\java.exe -Dmaven.ext.class.path=C:\Program Files\NetBeans-21\netbeans\java\maven-nblib\netbeans-eventspy.jar --no-transfer-progress process-classes org.codehaus.mojo:exec-maven-plugin:3.1.0:exec
java_class_path (initial): C:\Program Files\NetBeans-21\netbeans\java\maven\boot\plexus-classworlds-2.7.0.jar
Launcher Type: SUN_STANDARD

[Global flags]
     intx CICompilerCount                          = 4                                         {product} {ergonomic}
     uint ConcGCThreads                            = 3                                         {product} {ergonomic}
     uint G1ConcRefinementThreads                  = 10                                        {product} {ergonomic}
   size_t G1HeapRegionSize                         = 2097152                                   {product} {ergonomic}
   size_t InitialHeapSize                          = 230686720                                 {product} {ergonomic}
   size_t MarkStackSize                            = 4194304                                   {product} {ergonomic}
   size_t MaxHeapSize                              = 3676307456                                {product} {ergonomic}
   size_t MaxNewSize                               = 2204106752                                {product} {ergonomic}
   size_t MinHeapDeltaBytes                        = 2097152                                   {product} {ergonomic}
   size_t MinHeapSize                              = 8388608                                   {product} {ergonomic}
    uintx NonNMethodCodeHeapSize                   = 5839372                                {pd product} {ergonomic}
    uintx NonProfiledCodeHeapSize                  = 122909434                              {pd product} {ergonomic}
    uintx ProfiledCodeHeapSize                     = 122909434                              {pd product} {ergonomic}
    uintx ReservedCodeCacheSize                    = 251658240                              {pd product} {ergonomic}
     bool SegmentedCodeCache                       = true                                      {product} {ergonomic}
   size_t SoftMaxHeapSize                          = 3676307456                             {manageable} {ergonomic}
     bool UseCompressedOops                        = true                           {product lp64_product} {ergonomic}
     bool UseG1GC                                  = true                                      {product} {ergonomic}
     bool UseLargePagesIndividualAllocation        = false                                  {pd product} {ergonomic}

Logging:
Log output configuration:
 #0: stdout all=warning uptime,level,tags foldmultilines=false
 #1: stderr all=off uptime,level,tags foldmultilines=false

Environment Variables:
JAVA_HOME=C:\Program Files\Java\jdk-22
PATH=C:\Program Files (x86)\VMware\VMware Workstation\bin\;C:\Program Files\Common Files\Oracle\Java\javapath;C:\Program Files (x86)\Common Files\Oracle\Java\javapath;C:\Windows\system32;C:\Windows;C:\Windows\System32\Wbem;C:\Windows\System32\WindowsPowerShell\v1.0\;C:\Windows\System32\OpenSSH\;C:\Program Files (x86)\NVIDIA Corporation\PhysX\Common;C:\Program Files\NVIDIA Corporation\NVIDIA NvDLISR;C:\msys64\mingw64\bin;C:\WINDOWS\system32;C:\WINDOWS;C:\WINDOWS\System32\Wbem;C:\WINDOWS\System32\WindowsPowerShell\v1.0\;C:\WINDOWS\System32\OpenSSH\;C:\Program Files (x86)\Microsoft SQL Server\110\Tools\Binn\;C:\Program Files\Microsoft SQL Server\110\Tools\Binn\;C:\Program Files\Microsoft SQL Server\110\DTS\Binn\;C:\Program Files (x86)\Microsoft SQL Server\110\Tools\Binn\ManagementStudio\;C:\Program Files (x86)\Microsoft SQL Server\110\DTS\Binn\;C:\Program Files\Microsoft SQL Server\150\Tools\Binn\;C:\Program Files\Microsoft SQL Server\Client SDK\ODBC\170\Tools\Binn\;C:\Program Files\dotnet\;C:\Program Files\Git\cmd;C:\Users\ADMIN\AppData\Local\Programs\Python\Python312\Scripts\;C:\Users\ADMIN\AppData\Local\Programs\Python\Python312\;C:\Users\ADMIN\AppData\Local\Programs\Python\Launcher\;C:\Users\ADMIN\AppData\Local\Microsoft\WindowsApps;C:\Users\ADMIN\.dotnet\tools;C:\Users\ADMIN\AppData\Local\Programs\Microsoft VS Code\bin;C:\Users\ADMIN\AppData\Local\GitHubDesktop\bin;C:\Program Files\Java\jdk-22\bin;
USERNAME=ADMIN
OS=Windows_NT
PROCESSOR_IDENTIFIER=AMD64 Family 25 Model 68 Stepping 1, AuthenticAMD
TMP=C:\Users\ADMIN\AppData\Local\Temp
TEMP=C:\Users\ADMIN\AppData\Local\Temp




Periodic native trim disabled

---------------  S Y S T E M  ---------------

OS:
 Windows 11 , 64 bit Build 22621 (10.0.22621.3527)
OS uptime: 1 days 1:45 hours
Hyper-V role detected

CPU: total 12 (initial active 12) (12 cores per cpu, 2 threads per core) family 25 model 68 stepping 1 microcode 0x0, cx8, cmov, fxsr, ht, mmx, 3dnowpref, sse, sse2, sse3, ssse3, sse4a, sse4.1, sse4.2, popcnt, lzcnt, tsc, tscinvbit, avx, avx2, aes, erms, clmul, bmi1, bmi2, adx, sha, fma, vzeroupper, clflush, clflushopt, hv, rdtscp, rdpid, fsrm, f16c, cet_ss
Processor Information for processor 0
  Max Mhz: 3301, Current Mhz: 3301, Mhz Limit: 3301
Processor Information for processor 1
  Max Mhz: 3301, Current Mhz: 3301, Mhz Limit: 3301
Processor Information for processor 2
  Max Mhz: 3301, Current Mhz: 3301, Mhz Limit: 3301
Processor Information for processor 3
  Max Mhz: 3301, Current Mhz: 3301, Mhz Limit: 3301
Processor Information for processor 4
  Max Mhz: 3301, Current Mhz: 3301, Mhz Limit: 3301
Processor Information for processor 5
  Max Mhz: 3301, Current Mhz: 2503, Mhz Limit: 3301
Processor Information for processor 6
  Max Mhz: 3301, Current Mhz: 2503, Mhz Limit: 3301
Processor Information for processor 7
  Max Mhz: 3301, Current Mhz: 3301, Mhz Limit: 3301
Processor Information for processor 8
  Max Mhz: 3301, Current Mhz: 3301, Mhz Limit: 3301
Processor Information for processor 9
  Max Mhz: 3301, Current Mhz: 3301, Mhz Limit: 3301
Processor Information for processor 10
  Max Mhz: 3301, Current Mhz: 3301, Mhz Limit: 3301
Processor Information for processor 11
  Max Mhz: 3301, Current Mhz: 2503, Mhz Limit: 3301

Memory: 4k page, system-wide physical 14020M (100M free)
TotalPageFile size 57028M (AvailPageFile size 49M)
current process WorkingSet (physical memory assigned to process): 117M, peak: 120M
current process commit charge ("private bytes"): 339M, peak: 342M

vm_info: Java HotSpot(TM) 64-Bit Server VM (22+36-2370) for windows-amd64 JRE (22+36-2370), built on 2024-02-15T22:15:19Z by "mach5one" with MS VC++ 17.6 (VS2022)

END.
