#
# There is insufficient memory for the Java Runtime Environment to continue.
# Native memory allocation (mmap) failed to map 65536 bytes. Error detail: Failed to commit metaspace.
# Possible reasons:
#   The system is out of physical RAM or swap space
#   This process is running with CompressedOops enabled, and the Java Heap may be blocking the growth of the native heap
# Possible solutions:
#   Reduce memory load on the system
#   Increase physical memory or swap space
#   Check if swap backing store is full
#   Decrease Java heap size (-Xmx/-Xms)
#   Decrease number of Java threads
#   Decrease Java thread stack sizes (-Xss)
#   Set larger code cache with -XX:ReservedCodeCacheSize=
#   JVM is running with Zero Based Compressed Oops mode in which the Java heap is
#     placed in the first 32GB address space. The Java Heap base address is the
#     maximum limit for the native heap growth. Please use -XX:HeapBaseMinAddress
#     to set the Java Heap base and to place the Java Heap above 32GB virtual address.
# This output file may be truncated or incomplete.
#
#  Out of Memory Error (virtualSpaceNode.cpp:112), pid=35280, tid=35584
#
# JRE version: Java(TM) SE Runtime Environment (22.0+36) (build 22+36-2370)
# Java VM: Java HotSpot(TM) 64-Bit Server VM (22+36-2370, mixed mode, sharing, tiered, compressed oops, compressed class ptrs, g1 gc, windows-amd64)
# No core dump will be written. Minidumps are not enabled by default on client versions of Windows
#

---------------  S U M M A R Y ------------

Command Line: -Dclassworlds.conf=C:\Program Files\NetBeans-21\netbeans\java\maven\bin\m2.conf -Dmaven.home=C:\Program Files\NetBeans-21\netbeans\java\maven -Dlibrary.jansi.path=C:\Program Files\NetBeans-21\netbeans\java\maven\lib\jansi-native -Dmaven.multiModuleProjectDirectory=C:\Users\ADMIN\OneDrive\Documents\GitHub\Management_Project_Java\mavenproject1 org.codehaus.plexus.classworlds.launcher.Launcher -Dexec.vmArgs=--enable-preview -Dexec.args=${exec.vmArgs} -classpath %classpath ${exec.mainClass} ${exec.appArgs} -Dexec.appArgs= -Dexec.mainClass=GUI.Login -Dexec.executable=C:\Program Files\Java\jdk-22\bin\java.exe -Dmaven.ext.class.path=C:\Program Files\NetBeans-21\netbeans\java\maven-nblib\netbeans-eventspy.jar --no-transfer-progress process-classes org.codehaus.mojo:exec-maven-plugin:3.1.0:exec

Host: AMD Ryzen 5 6600HS Creator Edition             , 12 cores, 13G,  Windows 11 , 64 bit Build 22621 (10.0.22621.3527)
Time: Thu May 16 16:18:44 2024 SE Asia Standard Time elapsed time: 41.668439 seconds (0d 0h 0m 41s)

---------------  T H R E A D  ---------------

Current thread (0x00000213ecbaf710):  JavaThread "main"             [_thread_in_vm, id=35584, stack(0x000000c508600000,0x000000c508700000) (1024K)]

Stack: [0x000000c508600000,0x000000c508700000]
Native frames: (J=compiled Java code, j=interpreted, Vv=VM code, C=native code)
V  [jvm.dll+0x6e2349]  (no source info available)
V  [jvm.dll+0x874ed3]  (no source info available)
V  [jvm.dll+0x8772fe]  (no source info available)
V  [jvm.dll+0x8779d3]  (no source info available)
V  [jvm.dll+0x27fcb6]  (no source info available)
V  [jvm.dll+0x870b1e]  (no source info available)
V  [jvm.dll+0x6853b5]  (no source info available)
V  [jvm.dll+0x1e3e9c]  (no source info available)
V  [jvm.dll+0x1e3c6e]  (no source info available)
V  [jvm.dll+0x687d08]  (no source info available)
V  [jvm.dll+0x22509c]  (no source info available)
V  [jvm.dll+0x685dce]  (no source info available)
V  [jvm.dll+0x3c36bf]  (no source info available)
V  [jvm.dll+0x20d3bb]  (no source info available)
V  [jvm.dll+0x5c4749]  (no source info available)
V  [jvm.dll+0x7ec136]  (no source info available)
V  [jvm.dll+0x47cb26]  (no source info available)
V  [jvm.dll+0x4829d8]  (no source info available)
C  [java.dll+0x17e4]  (no source info available)
C  0x0000021387b2d58c  (no source info available)

The last pc belongs to native nmethod (printed below).
Java frames: (J=compiled Java code, j=interpreted, Vv=VM code)
J 1105  java.lang.ClassLoader.defineClass1(Ljava/lang/ClassLoader;Ljava/lang/String;[BIILjava/security/ProtectionDomain;Ljava/lang/String;)Ljava/lang/Class; java.base@22 (0 bytes) @ 0x0000021387b2d4f1 [0x0000021387b2d420+0x00000000000000d1]
J 1109 c1 java.lang.ClassLoader.defineClass(Ljava/lang/String;[BIILjava/security/ProtectionDomain;)Ljava/lang/Class; java.base@22 (43 bytes) @ 0x0000021380203dfc [0x0000021380203aa0+0x000000000000035c]
J 1108 c1 java.security.SecureClassLoader.defineClass(Ljava/lang/String;[BIILjava/security/CodeSource;)Ljava/lang/Class; java.base@22 (16 bytes) @ 0x000002138020369c [0x00000213802035c0+0x00000000000000dc]
J 895 c1 java.net.URLClassLoader.defineClass(Ljava/lang/String;Ljdk/internal/loader/Resource;)Ljava/lang/Class; java.base@22 (224 bytes) @ 0x00000213801a0354 [0x000002138019f0a0+0x00000000000012b4]
J 894 c1 java.net.URLClassLoader$1.run()Ljava/lang/Class; java.base@22 (81 bytes) @ 0x000002138019cf6c [0x000002138019c340+0x0000000000000c2c]
J 893 c1 java.net.URLClassLoader$1.run()Ljava/lang/Object; java.base@22 (5 bytes) @ 0x000002138019be3c [0x000002138019bdc0+0x000000000000007c]
J 746 c1 java.security.AccessController.doPrivileged(Ljava/security/PrivilegedExceptionAction;Ljava/security/AccessControlContext;)Ljava/lang/Object; java.base@22 (26 bytes) @ 0x000002138013aa94 [0x000002138013a8a0+0x00000000000001f4]
J 891 c1 java.net.URLClassLoader.findClass(Ljava/lang/String;)Ljava/lang/Class; java.base@22 (47 bytes) @ 0x000002138019adb4 [0x000002138019ac00+0x00000000000001b4]
J 897 c1 org.codehaus.plexus.classworlds.realm.ClassRealm.loadClassFromSelf(Ljava/lang/String;)Ljava/lang/Class; (40 bytes) @ 0x000002138019e72c [0x000002138019e3a0+0x000000000000038c]
J 824 c1 org.codehaus.plexus.classworlds.strategy.SelfFirstStrategy.loadClass(Ljava/lang/String;)Ljava/lang/Class; (50 bytes) @ 0x000002138018291c [0x0000021380182540+0x00000000000003dc]
J 757 c1 org.codehaus.plexus.classworlds.realm.ClassRealm.loadClass(Ljava/lang/String;Z)Ljava/lang/Class; (33 bytes) @ 0x000002138013e9d4 [0x000002138013e860+0x0000000000000174]
J 545 c1 org.codehaus.plexus.classworlds.realm.ClassRealm.loadClass(Ljava/lang/String;)Ljava/lang/Class; (7 bytes) @ 0x00000213800d8044 [0x00000213800d7f40+0x0000000000000104]
J 824 c1 org.codehaus.plexus.classworlds.strategy.SelfFirstStrategy.loadClass(Ljava/lang/String;)Ljava/lang/Class; (50 bytes) @ 0x0000021380182c84 [0x0000021380182540+0x0000000000000744]
J 757 c1 org.codehaus.plexus.classworlds.realm.ClassRealm.loadClass(Ljava/lang/String;Z)Ljava/lang/Class; (33 bytes) @ 0x000002138013e9d4 [0x000002138013e860+0x0000000000000174]
J 545 c1 org.codehaus.plexus.classworlds.realm.ClassRealm.loadClass(Ljava/lang/String;)Ljava/lang/Class; (7 bytes) @ 0x00000213800d8044 [0x00000213800d7f40+0x0000000000000104]
j  org.eclipse.sisu.space.URLClassSpace.loadClass(Ljava/lang/String;)Ljava/lang/Class;+5
j  org.eclipse.sisu.space.QualifiedTypeVisitor.leaveClass()V+26
j  org.eclipse.sisu.plexus.PlexusTypeVisitor.leaveClass()V+79
j  org.eclipse.sisu.space.SpaceScanner$1.visitEnd()V+4
j  org.eclipse.sisu.space.asm.ClassReader.accept(Lorg/eclipse/sisu/space/asm/ClassVisitor;[Lorg/eclipse/sisu/space/asm/Attribute;I)V+1397
j  org.eclipse.sisu.space.asm.ClassReader.accept(Lorg/eclipse/sisu/space/asm/ClassVisitor;I)V+7
j  org.eclipse.sisu.space.SpaceScanner.accept(Lorg/eclipse/sisu/space/ClassVisitor;Ljava/net/URL;)V+25
j  org.eclipse.sisu.space.SpaceScanner.accept(Lorg/eclipse/sisu/space/SpaceVisitor;)V+61
j  org.eclipse.sisu.space.SpaceModule.scanForElements(Lcom/google/inject/Binder;)V+25
j  org.eclipse.sisu.space.SpaceModule.configure(Lcom/google/inject/Binder;)V+42
j  org.eclipse.sisu.plexus.PlexusAnnotatedBeanModule.configure(Lcom/google/inject/Binder;)Lorg/eclipse/sisu/plexus/PlexusBeanSource;+13
j  org.eclipse.sisu.plexus.PlexusBindingModule.configure(Lcom/google/inject/Binder;)V+41
j  com.google.inject.spi.Elements$RecordingBinder.install(Lcom/google/inject/Module;)V+209
j  com.google.inject.spi.Elements.getElements(Lcom/google/inject/Stage;Ljava/lang/Iterable;)Ljava/util/List;+40
j  com.google.inject.spi.Elements.getElements(Ljava/lang/Iterable;)Ljava/util/List;+4
j  org.eclipse.sisu.wire.WireModule.configure(Lcom/google/inject/Binder;)V+13
j  com.google.inject.spi.Elements$RecordingBinder.install(Lcom/google/inject/Module;)V+209
j  com.google.inject.spi.Elements.getElements(Lcom/google/inject/Stage;Ljava/lang/Iterable;)Ljava/util/List;+40
j  com.google.inject.internal.InjectorShell$Builder.build(Lcom/google/inject/internal/Initializer;Lcom/google/inject/internal/ProcessedBindingData;Lcom/google/inject/internal/util/ContinuousStopwatch;Lcom/google/inject/internal/Errors;)Ljava/util/List;+163
j  com.google.inject.internal.InternalInjectorCreator.build()Lcom/google/inject/Injector;+48
j  com.google.inject.Guice.createInjector(Lcom/google/inject/Stage;Ljava/lang/Iterable;)Lcom/google/inject/Injector;+15
j  com.google.inject.Guice.createInjector(Ljava/lang/Iterable;)Lcom/google/inject/Injector;+4
j  com.google.inject.Guice.createInjector([Lcom/google/inject/Module;)Lcom/google/inject/Injector;+4
j  org.codehaus.plexus.DefaultPlexusContainer.addPlexusInjector(Ljava/util/List;[Lcom/google/inject/Module;)Lcom/google/inject/Injector;+88
j  org.codehaus.plexus.DefaultPlexusContainer.<init>(Lorg/codehaus/plexus/ContainerConfiguration;[Lcom/google/inject/Module;)V+400
j  org.apache.maven.cli.MavenCli.container(Lorg/apache/maven/cli/CliRequest;)Lorg/codehaus/plexus/PlexusContainer;+279
j  org.apache.maven.cli.MavenCli.doMain(Lorg/apache/maven/cli/CliRequest;)I+34
j  org.apache.maven.cli.MavenCli.main([Ljava/lang/String;Lorg/codehaus/plexus/classworlds/ClassWorld;)I+24
j  java.lang.invoke.DirectMethodHandle$Holder.invokeStatic(Ljava/lang/Object;Ljava/lang/Object;Ljava/lang/Object;)I+11 java.base@22
j  java.lang.invoke.LambdaForm$MH+0x0000021390009400.invoke(Ljava/lang/Object;Ljava/lang/Object;Ljava/lang/Object;Ljava/lang/Object;)Ljava/lang/Object;+54 java.base@22
j  java.lang.invoke.LambdaForm$MH+0x0000021390009800.invokeExact_MT(Ljava/lang/Object;Ljava/lang/Object;Ljava/lang/Object;Ljava/lang/Object;Ljava/lang/Object;)Ljava/lang/Object;+22 java.base@22
j  jdk.internal.reflect.DirectMethodHandleAccessor.invokeImpl(Ljava/lang/Object;[Ljava/lang/Object;)Ljava/lang/Object;+72 java.base@22
j  jdk.internal.reflect.DirectMethodHandleAccessor.invoke(Ljava/lang/Object;[Ljava/lang/Object;)Ljava/lang/Object;+23 java.base@22
j  java.lang.reflect.Method.invoke(Ljava/lang/Object;[Ljava/lang/Object;)Ljava/lang/Object;+102 java.base@22
j  org.codehaus.plexus.classworlds.launcher.Launcher.launchEnhanced([Ljava/lang/String;)V+45
j  org.codehaus.plexus.classworlds.launcher.Launcher.launch([Ljava/lang/String;)V+2
j  org.codehaus.plexus.classworlds.launcher.Launcher.mainWithExitCode([Ljava/lang/String;)I+108
j  org.codehaus.plexus.classworlds.launcher.Launcher.main([Ljava/lang/String;)V+1
v  ~StubRoutines::call_stub 0x000002138753100d

Compiled method (n/a) 71398 1105     n 0       java.lang.ClassLoader::defineClass1 (native)
 total in heap  [0x0000021387b2d290,0x0000021387b2d8d0] = 1600
 relocation     [0x0000021387b2d3e8,0x0000021387b2d420] = 56
 main code      [0x0000021387b2d420,0x0000021387b2d8cf] = 1199
 stub code      [0x0000021387b2d8cf,0x0000021387b2d8d0] = 1

[Constant Pool (empty)]

[MachCode]
[Entry Point]
  # {method} {0x000002138f3fec58} 'defineClass1' '(Ljava/lang/ClassLoader;Ljava/lang/String;[BIILjava/security/ProtectionDomain;Ljava/lang/String;)Ljava/lang/Class;' in 'java/lang/ClassLoader'
  # parm0:    rdx:rdx   = 'java/lang/ClassLoader'
  # parm1:    r8:r8     = 'java/lang/String'
  # parm2:    r9:r9     = '[B'
  # parm3:    rdi       = int
  # parm4:    rsi       = int
  # parm5:    rcx:rcx   = 'java/security/ProtectionDomain'
  # parm6:    [sp+0xa0]   = 'java/lang/String'  (sp of caller)
  0x0000021387b2d420: 448b 5208 | 49bb 0000 | 008f 1302 | 0000 4d03 | d349 3bc2 | 0f84 0600 

  0x0000021387b2d438: ;   {runtime_call ic_miss_stub}
  0x0000021387b2d438: 0000 e941 | 13a5 ff90 
[Verified Entry Point]
  0x0000021387b2d440: 8984 2400 | 80ff ff55 | 488b ec48 | 81ec 9000 | 0000 6690 | 4181 7f20 | 0100 0000 

  0x0000021387b2d45c: ;   {runtime_call StubRoutines (final stubs)}
  0x0000021387b2d45c: 7405 e87d | 78a3 ff48 | 837d 1000 | 488d 4510 | 480f 4445 | 1048 8944 | 2440 4889 | 4c24 7048 
  0x0000021387b2d47c: 83f9 0048 | 8d44 2470 | 480f 4444 | 2470 4889 | 4424 3848 | 8974 2430 | 4889 7c24 | 284c 894c 
  0x0000021387b2d49c: 2458 4983 | f900 488d | 4424 5848 | 0f44 4424 | 5848 8944 | 2420 4c89 | 4424 5049 | 83f8 004c 
  0x0000021387b2d4bc: 8d4c 2450 | 4c0f 444c | 2450 4889 | 5424 4848 | 83fa 004c | 8d44 2448 | 4c0f 4444 

  0x0000021387b2d4d8: ;   {oop(a 'java/lang/Class'{0x000000073116e068} = 'java/lang/ClassLoader')}
  0x0000021387b2d4d8: 2448 49be | 68e0 1631 | 0700 0000 | 4c89 7424 | 784c 8d74 | 2478 498b | d6c5 f877 

  0x0000021387b2d4f4: ;   {internal_word}
  0x0000021387b2d4f4: 49ba f1d4 | b287 1302 | 0000 4d89 | 97a8 0300 | 0049 89a7 | a003 0000 

  0x0000021387b2d50c: ;   {external_word}
  0x0000021387b2d50c: 49ba ac40 | 5eaa fb7f | 0000 4180 | 3a00 0f84 | 4e00 0000 | 5241 5041 

  0x0000021387b2d524: ;   {metadata({method} {0x000002138f3fec58} 'defineClass1' '(Ljava/lang/ClassLoader;Ljava/lang/String;[BIILjava/security/ProtectionDomain;Ljava/lang/String;)Ljava/lang/Class;' in 'java/lang/ClassLoader')}
  0x0000021387b2d524: 5148 ba50 | ec3f 8f13 | 0200 0049 | 8bcf 4883 | ec20 40f6 | c40f 0f84 | 1900 0000 | 4883 ec08 
  0x0000021387b2d544: ;   {runtime_call}
  0x0000021387b2d544: 48b8 00b6 | 0eaa fb7f | 0000 ffd0 | 4883 c408 | e90c 0000 

  0x0000021387b2d558: ;   {runtime_call}
  0x0000021387b2d558: 0048 b800 | b60e aafb | 7f00 00ff | d048 83c4 | 2041 5941 | 585a 498d | 8fc0 0300 | 0041 c787 
  0x0000021387b2d578: 5404 0000 | 0400 0000 

  0x0000021387b2d580: ;   {runtime_call}
  0x0000021387b2d580: 48b8 a416 | 8df7 fb7f | 0000 ffd0 | c5f8 7741 | c787 5404 | 0000 0500 | 0000 f083 | 4424 c000 
  0x0000021387b2d5a0: 493b af58 | 0400 000f | 870e 0000 | 0041 83bf | 5004 0000 | 000f 842b | 0000 00c5 | f877 4889 
  0x0000021387b2d5c0: 45f8 498b | cf4c 8be4 | 4883 ec20 | 4883 e4f0 

  0x0000021387b2d5d0: ;   {runtime_call}
  0x0000021387b2d5d0: 48b8 c01f | d9a9 fb7f | 0000 ffd0 | 498b e44d | 33e4 488b | 45f8 41c7 | 8754 0400 | 0008 0000 
  0x0000021387b2d5f0: 0041 83bf | d004 0000 | 020f 84a3 

  0x0000021387b2d5fc: ;   {external_word}
  0x0000021387b2d5fc: 0200 0049 | baac 405e | aafb 7f00 | 0041 803a | 000f 844c | 0000 0048 

  0x0000021387b2d614: ;   {metadata({method} {0x000002138f3fec58} 'defineClass1' '(Ljava/lang/ClassLoader;Ljava/lang/String;[BIILjava/security/ProtectionDomain;Ljava/lang/String;)Ljava/lang/Class;' in 'java/lang/ClassLoader')}
  0x0000021387b2d614: 8945 f848 | ba50 ec3f | 8f13 0200 | 0049 8bcf | 4883 ec20 | 40f6 c40f | 0f84 1900 | 0000 4883 
  0x0000021387b2d634: ;   {runtime_call}
  0x0000021387b2d634: ec08 48b8 | 00b6 0eaa | fb7f 0000 | ffd0 4883 | c408 e90c 

  0x0000021387b2d648: ;   {runtime_call}
  0x0000021387b2d648: 0000 0048 | b800 b60e | aafb 7f00 | 00ff d048 | 83c4 2048 | 8b45 f849 | c787 a003 | 0000 0000 
  0x0000021387b2d668: 0000 49c7 | 87a8 0300 | 0000 0000 | 00c5 f877 | 4885 c00f | 84fe 0100 | 00a8 030f | 8508 0000 
  0x0000021387b2d688: 0048 8b00 | e9ee 0100 | 00a8 010f | 8509 0000 | 0048 8b40 | fee9 dd01 | 0000 488b | 40ff 4180 
  0x0000021387b2d6a8: 7f38 000f | 84ce 0100 | 0048 83f8 | 000f 84c4 | 0100 0049 | 8b4f 2848 | 83f9 000f | 8414 0000 
  0x0000021387b2d6c8: 0048 83e9 | 0849 894f | 2849 034f | 3048 8901 | e9a2 0100 | 0048 81ec | d000 0000 | 4889 0424 
  0x0000021387b2d6e8: 4889 4c24 | 0848 8954 | 2410 4889 | 7424 1848 | 897c 2420 | 4c89 4424 | 284c 894c | 2430 4c89 
  0x0000021387b2d708: 5424 384c | 895c 2440 | c5fb 1144 | 2450 c5fb | 114c 2458 | c5fb 1154 | 2460 c5fb | 115c 2468 
  0x0000021387b2d728: c5fb 1164 | 2470 c5fb | 116c 2478 | c5fb 11b4 | 2480 0000 | 00c5 fb11 | bc24 8800 | 0000 c57b 
  0x0000021387b2d748: ;   {no_reloc}
  0x0000021387b2d748: 1184 2490 | 0000 00c5 | 7b11 8c24 | 9800 0000 | c57b 1194 | 24a0 0000 | 00c5 7b11 | 9c24 a800 
  0x0000021387b2d768: 0000 c57b | 11a4 24b0 | 0000 00c5 | 7b11 ac24 | b800 0000 | c57b 11b4 | 24c0 0000 | 00c5 7b11 
  0x0000021387b2d788: bc24 c800 | 0000 498b | d748 8bc8 | 4883 ec20 | 40f6 c40f | 0f84 1900 | 0000 4883 

  0x0000021387b2d7a4: ;   {runtime_call}
  0x0000021387b2d7a4: ec08 48b8 | 303e cca9 | fb7f 0000 | ffd0 4883 | c408 e90c 

  0x0000021387b2d7b8: ;   {runtime_call}
  0x0000021387b2d7b8: 0000 0048 | b830 3ecc | a9fb 7f00 | 00ff d048 | 83c4 20c5 | 7b10 bc24 | c800 0000 | c57b 10b4 
  0x0000021387b2d7d8: 24c0 0000 | 00c5 7b10 | ac24 b800 | 0000 c57b | 10a4 24b0 | 0000 00c5 | 7b10 9c24 | a800 0000 
  0x0000021387b2d7f8: c57b 1094 | 24a0 0000 | 00c5 7b10 | 8c24 9800 | 0000 c57b | 1084 2490 | 0000 00c5 | fb10 bc24 
  0x0000021387b2d818: 8800 0000 | c5fb 10b4 | 2480 0000 | 00c5 fb10 | 6c24 78c5 | fb10 6424 | 70c5 fb10 | 5c24 68c5 
  0x0000021387b2d838: fb10 5424 | 60c5 fb10 | 4c24 58c5 | fb10 4424 | 504c 8b5c | 2440 4c8b | 5424 384c | 8b4c 2430 
  0x0000021387b2d858: 4c8b 4424 | 2848 8b7c | 2420 488b | 7424 1848 | 8b54 2410 | 488b 4c24 | 0848 8b04 | 2448 81c4 
  0x0000021387b2d878: d000 0000 | c5f8 7749 | 8b8f 3004 | 0000 c781 | 0001 0000 | 0000 0000 | c949 837f | 0800 0f85 
  0x0000021387b2d898: 0100 0000 

  0x0000021387b2d89c: ;   {runtime_call StubRoutines (initial stubs)}
  0x0000021387b2d89c: c3e9 5e36 | a0ff c5f8 | 7748 8945 | f84c 8be4 | 4883 ec20 | 4883 e4f0 

  0x0000021387b2d8b4: ;   {runtime_call}
  0x0000021387b2d8b4: 48b8 50ee | 0eaa fb7f | 0000 ffd0 | 498b e44d | 33e4 488b | 45f8 e930 | fdff fff4 
[/MachCode]


Compiled method (c1) 71435 1109       3       java.lang.ClassLoader::defineClass (43 bytes)
 total in heap  [0x0000021380203890,0x00000213802041e8] = 2392
 relocation     [0x00000213802039e8,0x0000021380203a88] = 160
 main code      [0x0000021380203aa0,0x0000021380203f40] = 1184
 stub code      [0x0000021380203f40,0x0000021380203fb8] = 120
 metadata       [0x0000021380203fb8,0x0000021380203fe8] = 48
 scopes data    [0x0000021380203fe8,0x00000213802040d8] = 240
 scopes pcs     [0x00000213802040d8,0x00000213802041b8] = 224
 dependencies   [0x00000213802041b8,0x00000213802041c0] = 8
 nul chk table  [0x00000213802041c0,0x00000213802041e8] = 40

[Constant Pool (empty)]

[MachCode]
[Entry Point]
  # {method} {0x000002138f3fefd8} 'defineClass' '(Ljava/lang/String;[BIILjava/security/ProtectionDomain;)Ljava/lang/Class;' in 'java/lang/ClassLoader'
  # this:     rdx:rdx   = 'java/lang/ClassLoader'
  # parm0:    r8:r8     = 'java/lang/String'
  # parm1:    r9:r9     = '[B'
  # parm2:    rdi       = int
  # parm3:    rsi       = int
  # parm4:    rcx:rcx   = 'java/security/ProtectionDomain'
  #           [sp+0xc0]  (sp of caller)
  0x0000021380203aa0: 448b 5208 | 49bb 0000 | 008f 1302 | 0000 4d03 | d34c 3bd0 

  0x0000021380203ab4: ;   {runtime_call ic_miss_stub}
  0x0000021380203ab4: 0f85 c6ac | 3707 660f | 1f44 0000 
[Verified Entry Point]
  0x0000021380203ac0: 8984 2400 | 80ff ff55 | 4881 ecb0 | 0000 0090 | 4181 7f20 | 0100 0000 

  0x0000021380203ad8: ;   {runtime_call StubRoutines (final stubs)}
  0x0000021380203ad8: 7405 e801 | 1236 0748 | 8954 2478 

  0x0000021380203ae4: ;   {metadata(method data for {method} {0x000002138f3fefd8} 'defineClass' '(Ljava/lang/String;[BIILjava/security/ProtectionDomain;)Ljava/lang/Class;' in 'java/lang/ClassLoader')}
  0x0000021380203ae4: 48bb 48b5 | 1bd0 1302 | 0000 8b83 | cc00 0000 | 83c0 0289 | 83cc 0000 | 0025 fe07 | 0000 85c0 
  0x0000021380203b04: 0f84 5803 | 0000 89b4 | 2494 0000 | 0089 bc24 | 9000 0000 | 4c89 8c24 | 8800 0000 

  0x0000021380203b20: ;   {metadata(method data for {method} {0x000002138f3fefd8} 'defineClass' '(Ljava/lang/String;[BIILjava/security/ProtectionDomain;)Ljava/lang/Class;' in 'java/lang/ClassLoader')}
  0x0000021380203b20: 488b da48 | b848 b51b | d013 0200 | 0048 8380 | 1801 0000 | 0149 8bd8 | 4c8b c34c | 8bc9 488b 
  0x0000021380203b40: ca48 8bd1 | 4889 9c24 | 8000 0000 

  0x0000021380203b4c: ;   {optimized virtual_call}
  0x0000021380203b4c: 6666 90e8 

  0x0000021380203b50: ; ImmutableOopMap {[120]=Oop [128]=Oop [136]=Oop }
                      ;*invokevirtual preDefineClass {reexecute=0 rethrow=0 return_oop=0}
                      ; - java.lang.ClassLoader::defineClass@4 (line 1021)
  0x0000021380203b50: 4c05 f7ff 

  0x0000021380203b54: ;   {other}
  0x0000021380203b54: 0f1f 8400 | c402 0000 | 4889 8424 | 9800 0000 | 488b 5424 

  0x0000021380203b68: ;   {metadata(method data for {method} {0x000002138f3fefd8} 'defineClass' '(Ljava/lang/String;[BIILjava/security/ProtectionDomain;)Ljava/lang/Class;' in 'java/lang/ClassLoader')}
  0x0000021380203b68: 7849 b848 | b51b d013 | 0200 0049 | 8380 4801 

  0x0000021380203b78: ;   {metadata(method data for {method} {0x000002138f3fecc0} 'defineClassSourceLocation' '(Ljava/security/ProtectionDomain;)Ljava/lang/String;' in 'java/lang/ClassLoader')}
  0x0000021380203b78: 0000 0149 | b878 be18 | d013 0200 | 0041 8b90 | cc00 0000 | 83c2 0241 | 8990 cc00 | 0000 81e2 
  0x0000021380203b98: feff 1f00 | 85d2 0f84 | df02 0000 

  0x0000021380203ba4: ; implicit exception: dispatches to 0x0000021380203ea4
  0x0000021380203ba4: 483b 004c 

  0x0000021380203ba8: ;   {metadata(method data for {method} {0x000002138f3fecc0} 'defineClassSourceLocation' '(Ljava/security/ProtectionDomain;)Ljava/lang/String;' in 'java/lang/ClassLoader')}
  0x0000021380203ba8: 8bc0 48ba | 78be 18d0 | 1302 0000 | 4883 8218 | 0100 0001 | 448b 4010 | 49c1 e003 

  0x0000021380203bc4: ;   {metadata(method data for {method} {0x000002138f3fecc0} 'defineClassSourceLocation' '(Ljava/security/ProtectionDomain;)Ljava/lang/String;' in 'java/lang/ClassLoader')}
  0x0000021380203bc4: 4d85 c048 | ba78 be18 | d013 0200 | 0048 c7c6 | 5801 0000 | 7507 48c7 | c648 0100 | 0048 8b3c 
  0x0000021380203be4: 3248 8d7f | 0148 893c | 320f 850f 

  0x0000021380203bf0: ;   {oop(nullptr)}
  0x0000021380203bf0: 0000 0048 | bb00 0000 | 0000 0000 | 00e9 a501 | 0000 493b | 0049 8bd0 

  0x0000021380203c08: ;   {metadata(method data for {method} {0x000002138f3fecc0} 'defineClassSourceLocation' '(Ljava/security/ProtectionDomain;)Ljava/lang/String;' in 'java/lang/ClassLoader')}
  0x0000021380203c08: 48be 78be | 18d0 1302 | 0000 4883 | 8668 0100 | 0001 418b | 500c 48c1 | e203 4885 

  0x0000021380203c24: ;   {metadata(method data for {method} {0x000002138f3fecc0} 'defineClassSourceLocation' '(Ljava/security/ProtectionDomain;)Ljava/lang/String;' in 'java/lang/ClassLoader')}
  0x0000021380203c24: d248 be78 | be18 d013 | 0200 0048 | c7c7 a801 | 0000 7507 | 48c7 c798 | 0100 0048 | 8b1c 3e48 
  0x0000021380203c44: 8d5b 0148 | 891c 3e0f | 850f 0000 

  0x0000021380203c50: ;   {oop(nullptr)}
  0x0000021380203c50: 0048 bb00 | 0000 0000 | 0000 00e9 | 4701 0000 

  0x0000021380203c60: ;   {metadata(method data for {method} {0x000002138f3fecc0} 'defineClassSourceLocation' '(Ljava/security/ProtectionDomain;)Ljava/lang/String;' in 'java/lang/ClassLoader')}
  0x0000021380203c60: 48be 78be | 18d0 1302 | 0000 4883 | 86b8 0100 | 0001 483b | 024c 8bc2 

  0x0000021380203c78: ;   {metadata(method data for {method} {0x000002138f3fecc0} 'defineClassSourceLocation' '(Ljava/security/ProtectionDomain;)Ljava/lang/String;' in 'java/lang/ClassLoader')}
  0x0000021380203c78: 48be 78be | 18d0 1302 | 0000 4883 | 86e8 0100 

  0x0000021380203c88: ;   {metadata(method data for {method} {0x000002138f01a690} 'toString' '()Ljava/lang/String;' in 'java/net/URL')}
  0x0000021380203c88: 0001 49b8 | b81b 17d0 | 1302 0000 | 418b b0cc | 0000 0083 | c602 4189 | b0cc 0000 | 0081 e6fe 
  0x0000021380203ca8: ff1f 0085 | f60f 8400 | 0200 004c 

  0x0000021380203cb4: ;   {metadata(method data for {method} {0x000002138f01a690} 'toString' '()Ljava/lang/String;' in 'java/net/URL')}
  0x0000021380203cb4: 8bc2 48be | b81b 17d0 | 1302 0000 | 4883 8618 | 0100 0001 

  0x0000021380203cc8: ;   {metadata(method data for {method} {0x000002138f3f38b8} 'toExternalForm' '()Ljava/lang/String;' in 'java/net/URL')}
  0x0000021380203cc8: 49b8 401d | 17d0 1302 | 0000 418b | b0cc 0000 | 0083 c602 | 4189 b0cc | 0000 0081 | e6fe ff1f 
  0x0000021380203ce8: 0085 f60f | 84e3 0100 | 008b 7238 | 48c1 e603 

  0x0000021380203cf8: ; implicit exception: dispatches to 0x0000021380203ef5
  0x0000021380203cf8: 483b 064c 

  0x0000021380203cfc: ;   {metadata(method data for {method} {0x000002138f3f38b8} 'toExternalForm' '()Ljava/lang/String;' in 'java/net/URL')}
  0x0000021380203cfc: 8bc6 48bf | 401d 17d0 | 1302 0000 | 458b 4008 | 49ba 0000 | 008f 1302 | 0000 4d03 | c24c 3b87 
  0x0000021380203d1c: 2001 0000 | 750d 4883 | 8728 0100 | 0001 e960 | 0000 004c | 3b87 3001 | 0000 750d | 4883 8738 
  0x0000021380203d3c: 0100 0001 | e94a 0000 | 0048 83bf | 2001 0000 | 0075 174c | 8987 2001 | 0000 48c7 | 8728 0100 
  0x0000021380203d5c: 0001 0000 | 00e9 2900 | 0000 4883 | bf30 0100 | 0000 7517 | 4c89 8730 | 0100 0048 | c787 3801 
  0x0000021380203d7c: 0000 0100 | 0000 e908 | 0000 0048 | 8387 1801 | 0000 014c | 8bc2 488b 

  0x0000021380203d94: ;   {optimized virtual_call}
  0x0000021380203d94: d666 90e8 

  0x0000021380203d98: ; ImmutableOopMap {[120]=Oop [128]=Oop [136]=Oop [152]=Oop }
                      ;*invokevirtual toExternalForm {reexecute=0 rethrow=0 return_oop=0}
                      ; - java.net.URL::toExternalForm@5 (line 1203)
                      ; - java.net.URL::toString@1 (line 1189)
                      ; - java.lang.ClassLoader::defineClassSourceLocation@22 (line 925)
                      ; - java.lang.ClassLoader::defineClass@12 (line 1022)
  0x0000021380203d98: 6476 f6ff 

  0x0000021380203d9c: ;   {other}
  0x0000021380203d9c: 0f1f 8400 | 0c05 0001 | 488b d848 | 8b84 2498 | 0000 008b | b424 9400 | 0000 8bbc | 2490 0000 
  0x0000021380203dbc: 004c 8b8c | 2488 0000 | 004c 8b84 | 2480 0000 | 0048 8b54 

  0x0000021380203dd0: ;   {metadata(method data for {method} {0x000002138f3fefd8} 'defineClass' '(Ljava/lang/String;[BIILjava/security/ProtectionDomain;)Ljava/lang/Class;' in 'java/lang/ClassLoader')}
  0x0000021380203dd0: 2478 48b9 | 48b5 1bd0 | 1302 0000 | 4883 8178 | 0100 0001 | 4c8b da49 | 8bd3 488b | c848 891c 
  0x0000021380203df0: 2466 0f1f 

  0x0000021380203df4: ;   {static_call}
  0x0000021380203df4: 4400 00e8 

  0x0000021380203df8: ; ImmutableOopMap {[120]=Oop [152]=Oop }
                      ;*invokestatic defineClass1 {reexecute=0 rethrow=0 return_oop=0}
                      ; - java.lang.ClassLoader::defineClass@27 (line 1023)
  0x0000021380203df8: 4496 9207 

  0x0000021380203dfc: ;   {other}
  0x0000021380203dfc: 0f1f 8400 | 6c05 0002 | 488b 5424 

  0x0000021380203e08: ;   {metadata(method data for {method} {0x000002138f3fefd8} 'defineClass' '(Ljava/lang/String;[BIILjava/security/ProtectionDomain;)Ljava/lang/Class;' in 'java/lang/ClassLoader')}
  0x0000021380203e08: 7849 b848 | b51b d013 | 0200 0049 | 8380 8801 | 0000 014c | 8bc0 4c8b | 8c24 9800 | 0000 488b 
  0x0000021380203e28: 5424 7848 | 8984 24a0 | 0000 000f 

  0x0000021380203e34: ;   {optimized virtual_call}
  0x0000021380203e34: 1f40 00e8 

  0x0000021380203e38: ; ImmutableOopMap {[160]=Oop }
                      ;*invokevirtual postDefineClass {reexecute=0 rethrow=0 return_oop=0}
                      ; - java.lang.ClassLoader::defineClass@37 (line 1024)
  0x0000021380203e38: 644e f7ff 

  0x0000021380203e3c: ;   {other}
  0x0000021380203e3c: 0f1f 8400 | ac05 0003 | 488b 8424 | a000 0000 | 4881 c4b0 | 0000 005d 

  0x0000021380203e54: ;   {poll_return}
  0x0000021380203e54: 493b a758 | 0400 000f | 8799 0000 

  0x0000021380203e60: ;   {metadata({method} {0x000002138f3fefd8} 'defineClass' '(Ljava/lang/String;[BIILjava/security/ProtectionDomain;)Ljava/lang/Class;' in 'java/lang/ClassLoader')}
  0x0000021380203e60: 00c3 49ba | d0ef 3f8f | 1302 0000 | 4c89 5424 | 0848 c704 | 24ff ffff 

  0x0000021380203e78: ;   {runtime_call counter_overflow Runtime1 stub}
  0x0000021380203e78: ffe8 0265 

  0x0000021380203e7c: ; ImmutableOopMap {rdx=Oop r8=Oop r9=Oop rcx=Oop [120]=Oop }
                      ;*synchronization entry
                      ; - java.lang.ClassLoader::defineClass@-1 (line 1021)
  0x0000021380203e7c: 4407 e987 

  0x0000021380203e80: ;   {metadata({method} {0x000002138f3fecc0} 'defineClassSourceLocation' '(Ljava/security/ProtectionDomain;)Ljava/lang/String;' in 'java/lang/ClassLoader')}
  0x0000021380203e80: fcff ff49 | bab8 ec3f | 8f13 0200 | 004c 8954 | 2408 48c7 | 0424 ffff 

  0x0000021380203e98: ;   {runtime_call counter_overflow Runtime1 stub}
  0x0000021380203e98: ffff e8e1 

  0x0000021380203e9c: ; ImmutableOopMap {rax=Oop [120]=Oop [128]=Oop [136]=Oop [152]=Oop }
                      ;*synchronization entry
                      ; - java.lang.ClassLoader::defineClassSourceLocation@-1 (line 922)
                      ; - java.lang.ClassLoader::defineClass@12 (line 1022)
  0x0000021380203e9c: 6444 07e9 | 00fd ffff 

  0x0000021380203ea4: ;   {runtime_call throw_null_pointer_exception Runtime1 stub}
  0x0000021380203ea4: e857 283b 

  0x0000021380203ea8: ; ImmutableOopMap {rax=Oop [120]=Oop [128]=Oop [136]=Oop [152]=Oop }
                      ;*invokevirtual getCodeSource {reexecute=0 rethrow=0 return_oop=0}
                      ; - java.lang.ClassLoader::defineClassSourceLocation@1 (line 922)
                      ; - java.lang.ClassLoader::defineClass@12 (line 1022)
                      ;   {runtime_call throw_null_pointer_exception Runtime1 stub}
  0x0000021380203ea8: 07e8 5228 

  0x0000021380203eac: ; ImmutableOopMap {rax=Oop r8=Oop [120]=Oop [128]=Oop [136]=Oop [152]=Oop }
                      ;*invokevirtual getLocation {reexecute=0 rethrow=0 return_oop=0}
                      ; - java.lang.ClassLoader::defineClassSourceLocation@12 (line 924)
                      ; - java.lang.ClassLoader::defineClass@12 (line 1022)
                      ;   {runtime_call throw_null_pointer_exception Runtime1 stub}
  0x0000021380203eac: 3b07 e84d 

  0x0000021380203eb0: ; ImmutableOopMap {rdx=Oop [120]=Oop [128]=Oop [136]=Oop [152]=Oop }
                      ;*invokevirtual toString {reexecute=0 rethrow=0 return_oop=0}
                      ; - java.lang.ClassLoader::defineClassSourceLocation@22 (line 925)
                      ; - java.lang.ClassLoader::defineClass@12 (line 1022)
                      ;   {metadata({method} {0x000002138f01a690} 'toString' '()Ljava/lang/String;' in 'java/net/URL')}
  0x0000021380203eb0: 283b 0749 | ba88 a601 | 8f13 0200 | 004c 8954 | 2408 48c7 | 0424 ffff 

  0x0000021380203ec8: ;   {runtime_call counter_overflow Runtime1 stub}
  0x0000021380203ec8: ffff e8b1 

  0x0000021380203ecc: ; ImmutableOopMap {rdx=Oop [120]=Oop [128]=Oop [136]=Oop [152]=Oop }
                      ;*synchronization entry
                      ; - java.net.URL::toString@-1 (line 1189)
                      ; - java.lang.ClassLoader::defineClassSourceLocation@22 (line 925)
                      ; - java.lang.ClassLoader::defineClass@12 (line 1022)
  0x0000021380203ecc: 6444 07e9 | dffd ffff 

  0x0000021380203ed4: ;   {metadata({method} {0x000002138f3f38b8} 'toExternalForm' '()Ljava/lang/String;' in 'java/net/URL')}
  0x0000021380203ed4: 49ba b038 | 3f8f 1302 | 0000 4c89 | 5424 0848 | c704 24ff 

  0x0000021380203ee8: ;   {runtime_call counter_overflow Runtime1 stub}
  0x0000021380203ee8: ffff ffe8 

  0x0000021380203eec: ; ImmutableOopMap {rdx=Oop [120]=Oop [128]=Oop [136]=Oop [152]=Oop }
                      ;*synchronization entry
                      ; - java.net.URL::toExternalForm@-1 (line 1203)
                      ; - java.net.URL::toString@1 (line 1189)
                      ; - java.lang.ClassLoader::defineClassSourceLocation@22 (line 925)
                      ; - java.lang.ClassLoader::defineClass@12 (line 1022)
  0x0000021380203eec: 9064 4407 | e9fc fdff 

  0x0000021380203ef4: ;   {runtime_call throw_null_pointer_exception Runtime1 stub}
  0x0000021380203ef4: ffe8 0628 

  0x0000021380203ef8: ; ImmutableOopMap {rdx=Oop rsi=Oop [120]=Oop [128]=Oop [136]=Oop [152]=Oop }
                      ;*invokevirtual toExternalForm {reexecute=0 rethrow=0 return_oop=0}
                      ; - java.net.URL::toExternalForm@5 (line 1203)
                      ; - java.net.URL::toString@1 (line 1189)
                      ; - java.lang.ClassLoader::defineClassSourceLocation@22 (line 925)
                      ; - java.lang.ClassLoader::defineClass@12 (line 1022)
                      ;   {internal_word}
  0x0000021380203ef8: 3b07 49ba | 543e 2080 | 1302 0000 | 4d89 9770 

  0x0000021380203f08: ;   {runtime_call SafepointBlob}
  0x0000021380203f08: 0400 00e9 | f017 3807 | 498b 8708 | 0500 0049 | c787 0805 | 0000 0000 | 0000 49c7 | 8710 0500 
  0x0000021380203f28: 0000 0000 | 0048 81c4 | b000 0000 

  0x0000021380203f34: ;   {runtime_call unwind_exception Runtime1 stub}
  0x0000021380203f34: 5de9 c636 | 3b07 f4f4 | f4f4 f4f4 
[Stub Code]
  0x0000021380203f40: ;   {no_reloc}
  0x0000021380203f40: 0f1f 4400 

  0x0000021380203f44: ;   {static_stub}
  0x0000021380203f44: 0048 bb00 | 0000 0000 

  0x0000021380203f4c: ;   {runtime_call}
  0x0000021380203f4c: 0000 00e9 | fbff ffff 

  0x0000021380203f54: ;   {static_stub}
  0x0000021380203f54: 48bb 0000 | 0000 0000 

  0x0000021380203f5c: ;   {runtime_call}
  0x0000021380203f5c: 0000 e9fb 

  0x0000021380203f60: ;   {static_stub}
  0x0000021380203f60: ffff ff48 | bb00 0000 | 0000 0000 

  0x0000021380203f6c: ;   {runtime_call}
  0x0000021380203f6c: 00e9 fbff 

  0x0000021380203f70: ;   {static_stub}
  0x0000021380203f70: ffff 48bb | 0000 0000 | 0000 0000 

  0x0000021380203f7c: ;   {runtime_call}
  0x0000021380203f7c: e9fb ffff 

  0x0000021380203f80: ;   {runtime_call handle_exception_from_callee Runtime1 stub}
  0x0000021380203f80: ffe8 7a09 

  0x0000021380203f84: ;   {external_word}
  0x0000021380203f84: 3b07 48b9 | c028 36aa | fb7f 0000 | 4883 e4f0 

  0x0000021380203f94: ;   {runtime_call}
  0x0000021380203f94: 48b8 9095 | fda9 fb7f | 0000 ffd0 

  0x0000021380203fa0: ;   {section_word}
  0x0000021380203fa0: f449 baa1 | 3f20 8013 | 0200 0041 

  0x0000021380203fac: ;   {runtime_call DeoptimizationBlob}
  0x0000021380203fac: 52e9 ee09 | 3807 f4f4 | f4f4 f4f4 
[/MachCode]


Compiled method (c1) 71453 1108       3       java.security.SecureClassLoader::defineClass (16 bytes)
 total in heap  [0x0000021380203410,0x0000021380203810] = 1024
 relocation     [0x0000021380203568,0x00000213802035b8] = 80
 main code      [0x00000213802035c0,0x0000021380203718] = 344
 stub code      [0x0000021380203718,0x0000021380203768] = 80
 metadata       [0x0000021380203768,0x0000021380203770] = 8
 scopes data    [0x0000021380203770,0x00000213802037b8] = 72
 scopes pcs     [0x00000213802037b8,0x0000021380203808] = 80
 dependencies   [0x0000021380203808,0x0000021380203810] = 8

[Constant Pool (empty)]

[MachCode]
[Entry Point]
  # {method} {0x000002138f0438c0} 'defineClass' '(Ljava/lang/String;[BIILjava/security/CodeSource;)Ljava/lang/Class;' in 'java/security/SecureClassLoader'
  # this:     rdx:rdx   = 'java/security/SecureClassLoader'
  # parm0:    r8:r8     = 'java/lang/String'
  # parm1:    r9:r9     = '[B'
  # parm2:    rdi       = int
  # parm3:    rsi       = int
  # parm4:    rcx:rcx   = 'java/security/CodeSource'
  #           [sp+0x80]  (sp of caller)
  0x00000213802035c0: 448b 5208 | 49bb 0000 | 008f 1302 | 0000 4d03 | d34c 3bd0 

  0x00000213802035d4: ;   {runtime_call ic_miss_stub}
  0x00000213802035d4: 0f85 a6b1 | 3707 660f | 1f44 0000 
[Verified Entry Point]
  0x00000213802035e0: 8984 2400 | 80ff ff55 | 4883 ec70 | 4181 7f20 | 0100 0000 

  0x00000213802035f4: ;   {runtime_call StubRoutines (final stubs)}
  0x00000213802035f4: 7405 e8e5 

  0x00000213802035f8: ;   {metadata(method data for {method} {0x000002138f0438c0} 'defineClass' '(Ljava/lang/String;[BIILjava/security/CodeSource;)Ljava/lang/Class;' in 'java/security/SecureClassLoader')}
  0x00000213802035f8: 1636 0748 | bb68 b31b | d013 0200 | 008b 83cc | 0000 0083 | c002 8983 | cc00 0000 | 25fe 0700 
  0x0000021380203618: 0085 c00f | 8496 0000 | 0089 7424 | 5c89 7c24 | 584c 894c | 2450 4c89 | 4424 4848 

  0x0000021380203634: ;   {metadata(method data for {method} {0x000002138f0438c0} 'defineClass' '(Ljava/lang/String;[BIILjava/security/CodeSource;)Ljava/lang/Class;' in 'java/security/SecureClassLoader')}
  0x0000021380203634: 8bda 48b8 | 68b3 1bd0 | 1302 0000 | 4883 8018 | 0100 0001 | 4c8b c148 | 8bc2 488b | d048 8944 
  0x0000021380203654: ;   {optimized virtual_call}
  0x0000021380203654: 2440 90e8 

  0x0000021380203658: ; ImmutableOopMap {[64]=Oop [72]=Oop [80]=Oop }
                      ;*invokevirtual getProtectionDomain {reexecute=0 rethrow=0 return_oop=0}
                      ; - java.security.SecureClassLoader::defineClass@9 (line 150)
  0x0000021380203658: c4e6 f2ff 

  0x000002138020365c: ;   {other}
  0x000002138020365c: 0f1f 8400 | 4c02 0000 | 488b 5424 

  0x0000021380203668: ;   {metadata(method data for {method} {0x000002138f0438c0} 'defineClass' '(Ljava/lang/String;[BIILjava/security/CodeSource;)Ljava/lang/Class;' in 'java/security/SecureClassLoader')}
  0x0000021380203668: 4049 b868 | b31b d013 | 0200 0049 | 8380 4801 | 0000 014c | 8b44 2448 | 4c8b 4c24 | 508b 7c24 
  0x0000021380203688: 588b 7424 | 5c48 8bc8 | 488b 5424 

  0x0000021380203694: ;   {optimized virtual_call}
  0x0000021380203694: 4066 90e8 

  0x0000021380203698: ; ImmutableOopMap {}
                      ;*invokevirtual defineClass {reexecute=0 rethrow=0 return_oop=0}
                      ; - java.security.SecureClassLoader::defineClass@12 (line 150)
  0x0000021380203698: 2404 0000 

  0x000002138020369c: ;   {other}
  0x000002138020369c: 0f1f 8400 | 8c02 0001 | 4883 c470 

  0x00000213802036a8: ;   {poll_return}
  0x00000213802036a8: 5d49 3ba7 | 5804 0000 | 0f87 2200 

  0x00000213802036b4: ;   {metadata({method} {0x000002138f0438c0} 'defineClass' '(Ljava/lang/String;[BIILjava/security/CodeSource;)Ljava/lang/Class;' in 'java/security/SecureClassLoader')}
  0x00000213802036b4: 0000 c349 | bab8 3804 | 8f13 0200 | 004c 8954 | 2408 48c7 | 0424 ffff 

  0x00000213802036cc: ;   {runtime_call counter_overflow Runtime1 stub}
  0x00000213802036cc: ffff e8ad 

  0x00000213802036d0: ; ImmutableOopMap {rdx=Oop r8=Oop r9=Oop rcx=Oop }
                      ;*synchronization entry
                      ; - java.security.SecureClassLoader::defineClass@-1 (line 150)
  0x00000213802036d0: 6c44 07e9 | 49ff ffff 

  0x00000213802036d8: ;   {internal_word}
  0x00000213802036d8: 49ba a936 | 2080 1302 | 0000 4d89 | 9770 0400 

  0x00000213802036e8: ;   {runtime_call SafepointBlob}
  0x00000213802036e8: 00e9 1220 | 3807 498b | 8708 0500 | 0049 c787 | 0805 0000 | 0000 0000 | 49c7 8710 | 0500 0000 
  0x0000021380203708: 0000 0048 | 83c4 705d 

  0x0000021380203710: ;   {runtime_call unwind_exception Runtime1 stub}
  0x0000021380203710: e9eb 3e3b | 07f4 f4f4 
[Stub Code]
  0x0000021380203718: ;   {no_reloc}
  0x0000021380203718: 48bb 0000 | 0000 0000 

  0x0000021380203720: ;   {runtime_call}
  0x0000021380203720: 0000 e9fb 

  0x0000021380203724: ;   {static_stub}
  0x0000021380203724: ffff ff48 | bb00 0000 | 0000 0000 

  0x0000021380203730: ;   {runtime_call}
  0x0000021380203730: 00e9 fbff 

  0x0000021380203734: ;   {runtime_call handle_exception_from_callee Runtime1 stub}
  0x0000021380203734: ffff e8c5 

  0x0000021380203738: ;   {external_word}
  0x0000021380203738: 113b 0748 | b9c0 2836 | aafb 7f00 | 0048 83e4 

  0x0000021380203748: ;   {runtime_call}
  0x0000021380203748: f048 b890 | 95fd a9fb | 7f00 00ff 

  0x0000021380203754: ;   {section_word}
  0x0000021380203754: d0f4 49ba | 5637 2080 | 1302 0000 

  0x0000021380203760: ;   {runtime_call DeoptimizationBlob}
  0x0000021380203760: 4152 e939 | 1238 07f4 
[/MachCode]


---------------  P R O C E S S  ---------------

Threads class SMR info:
_java_thread_list=0x00000213d422da80, length=11, elements={
0x00000213ecbaf710, 0x00000213fe7dfa00, 0x00000213fe7e01d0, 0x00000213fe7e5920,
0x00000213fe7e5f90, 0x00000213fe7ea610, 0x00000213fe7eec90, 0x00000213fe7ef630,
0x00000213d416cad0, 0x00000213d42538d0, 0x00000213d4258b80
}

Java Threads: ( => current thread )
=>0x00000213ecbaf710 JavaThread "main"                              [_thread_in_vm, id=35584, stack(0x000000c508600000,0x000000c508700000) (1024K)]
  0x00000213fe7dfa00 JavaThread "Reference Handler"          daemon [_thread_blocked, id=36852, stack(0x000000c508f00000,0x000000c509000000) (1024K)]
  0x00000213fe7e01d0 JavaThread "Finalizer"                  daemon [_thread_blocked, id=36856, stack(0x000000c509000000,0x000000c509100000) (1024K)]
  0x00000213fe7e5920 JavaThread "Signal Dispatcher"          daemon [_thread_blocked, id=35920, stack(0x000000c509100000,0x000000c509200000) (1024K)]
  0x00000213fe7e5f90 JavaThread "Attach Listener"            daemon [_thread_blocked, id=35924, stack(0x000000c509200000,0x000000c509300000) (1024K)]
  0x00000213fe7ea610 JavaThread "Service Thread"             daemon [_thread_blocked, id=35880, stack(0x000000c509300000,0x000000c509400000) (1024K)]
  0x00000213fe7eec90 JavaThread "Monitor Deflation Thread"   daemon [_thread_blocked, id=35904, stack(0x000000c509400000,0x000000c509500000) (1024K)]
  0x00000213fe7ef630 JavaThread "C2 CompilerThread0"         daemon [_thread_blocked, id=35884, stack(0x000000c509500000,0x000000c509600000) (1024K)]
  0x00000213d416cad0 JavaThread "C1 CompilerThread0"         daemon [_thread_blocked, id=36868, stack(0x000000c509600000,0x000000c509700000) (1024K)]
  0x00000213d42538d0 JavaThread "Notification Thread"        daemon [_thread_blocked, id=36884, stack(0x000000c509700000,0x000000c509800000) (1024K)]
  0x00000213d4258b80 JavaThread "Common-Cleaner"             daemon [_thread_blocked, id=36888, stack(0x000000c509800000,0x000000c509900000) (1024K)]
Total: 11

Other Threads:
  0x00000213fe7c2f80 VMThread "VM Thread"                           [id=36844, stack(0x000000c508e00000,0x000000c508f00000) (1024K)] _threads_hazard_ptr=0x00000213d422da80
  0x00000213fe7abd30 WatcherThread "VM Periodic Task Thread"        [id=36820, stack(0x000000c508d00000,0x000000c508e00000) (1024K)]
  0x00000213eeecd9c0 WorkerThread "GC Thread#0"                     [id=36100, stack(0x000000c508800000,0x000000c508900000) (1024K)]
  0x00000213d480d040 WorkerThread "GC Thread#1"                     [id=44432, stack(0x000000c509900000,0x000000c509a00000) (1024K)]
  0x00000213d480d3f0 WorkerThread "GC Thread#2"                     [id=44436, stack(0x000000c509a00000,0x000000c509b00000) (1024K)]
  0x00000213d4832640 WorkerThread "GC Thread#3"                     [id=44440, stack(0x000000c509b00000,0x000000c509c00000) (1024K)]
  0x00000213d48329f0 WorkerThread "GC Thread#4"                     [id=44444, stack(0x000000c509c00000,0x000000c509d00000) (1024K)]
  0x00000213d480c9a0 WorkerThread "GC Thread#5"                     [id=44612, stack(0x000000c509d00000,0x000000c509e00000) (1024K)]
  0x00000213d4c56cd0 WorkerThread "GC Thread#6"                     [id=44620, stack(0x000000c509e00000,0x000000c509f00000) (1024K)]
  0x00000213d4c57080 WorkerThread "GC Thread#7"                     [id=44628, stack(0x000000c509f00000,0x000000c50a000000) (1024K)]
  0x00000213d4c58d00 WorkerThread "GC Thread#8"                     [id=44636, stack(0x000000c50a000000,0x000000c50a100000) (1024K)]
  0x00000213eeedc3c0 ConcurrentGCThread "G1 Main Marker"            [id=36104, stack(0x000000c508900000,0x000000c508a00000) (1024K)]
  0x00000213eeedd720 WorkerThread "G1 Conc#0"                       [id=36108, stack(0x000000c508a00000,0x000000c508b00000) (1024K)]
  0x00000213eef2e410 ConcurrentGCThread "G1 Refine#0"               [id=36112, stack(0x000000c508b00000,0x000000c508c00000) (1024K)]
  0x00000213eef2eaa0 ConcurrentGCThread "G1 Service"                [id=36116, stack(0x000000c508c00000,0x000000c508d00000) (1024K)]
Total: 15

Threads with active compile tasks:
Total: 0

VM state: synchronizing (normal execution)

VM Mutex/Monitor currently owned by a thread:  ([mutex/lock_event])
[0x00007ffbaa60ab48] Metaspace_lock - owner thread: 0x00000213ecbaf710
[0x00007ffbaa60cbc8] Threads_lock - owner thread: 0x00000213fe7c2f80

Heap address: 0x0000000724e00000, size: 3506 MB, Compressed Oops mode: Zero based, Oop shift amount: 3

CDS archive(s) mapped at: [0x000002138f000000-0x000002138fc60000-0x000002138fc60000), size 12976128, SharedBaseAddress: 0x000002138f000000, ArchiveRelocationMode: 1.
Compressed class space mapped at: 0x0000021390000000-0x00000213d0000000, reserved size: 1073741824
Narrow klass base: 0x000002138f000000, Narrow klass shift: 0, Narrow klass range: 0x41000000

GC Precious Log:
 CardTable entry size: 512
 Card Set container configuration: InlinePtr #cards 4 size 8 Array Of Cards #cards 16 size 48 Howl #buckets 8 coarsen threshold 3686 Howl Bitmap #cards 512 size 80 coarsen threshold 460 Card regions per heap region 1 cards per card region 4096
 CPUs: 12 total, 12 available
 Memory: 14020M
 Large Page Support: Disabled
 NUMA Support: Disabled
 Compressed Oops: Enabled (Zero based)
 Heap Region Size: 2M
 Heap Min Capacity: 8M
 Heap Initial Capacity: 220M
 Heap Max Capacity: 3506M
 Pre-touch: Disabled
 Parallel Workers: 10
 Concurrent Workers: 3
 Concurrent Refinement Workers: 10
 Periodic GC: Disabled

Heap:
 garbage-first heap   total reserved 3590144K, committed 225280K, used 8128K [0x0000000724e00000, 0x0000000800000000)
  region size 2048K, 5 young (10240K), 2 survivors (4096K)
 Metaspace       used 6018K, committed 6208K, reserved 1114112K
  class space    used 708K, committed 768K, reserved 1048576K

Heap Regions: E=young(eden), S=young(survivor), O=old, HS=humongous(starts), HC=humongous(continues), CS=collection set, F=free, TAMS=top-at-mark-start, PB=parsable bottom
|   0|0x0000000724e00000, 0x0000000724e00000, 0x0000000725000000|  0%| F|  |TAMS 0x0000000724e00000| PB 0x0000000724e00000| Untracked |  0
|   1|0x0000000725000000, 0x0000000725000000, 0x0000000725200000|  0%| F|  |TAMS 0x0000000725000000| PB 0x0000000725000000| Untracked |  0
|   2|0x0000000725200000, 0x0000000725200000, 0x0000000725400000|  0%| F|  |TAMS 0x0000000725200000| PB 0x0000000725200000| Untracked |  0
|   3|0x0000000725400000, 0x0000000725400000, 0x0000000725600000|  0%| F|  |TAMS 0x0000000725400000| PB 0x0000000725400000| Untracked |  0
|   4|0x0000000725600000, 0x0000000725600000, 0x0000000725800000|  0%| F|  |TAMS 0x0000000725600000| PB 0x0000000725600000| Untracked |  0
|   5|0x0000000725800000, 0x0000000725800000, 0x0000000725a00000|  0%| F|  |TAMS 0x0000000725800000| PB 0x0000000725800000| Untracked |  0
|   6|0x0000000725a00000, 0x0000000725a00000, 0x0000000725c00000|  0%| F|  |TAMS 0x0000000725a00000| PB 0x0000000725a00000| Untracked |  0
|   7|0x0000000725c00000, 0x0000000725c00000, 0x0000000725e00000|  0%| F|  |TAMS 0x0000000725c00000| PB 0x0000000725c00000| Untracked |  0
|   8|0x0000000725e00000, 0x0000000725e00000, 0x0000000726000000|  0%| F|  |TAMS 0x0000000725e00000| PB 0x0000000725e00000| Untracked |  0
|   9|0x0000000726000000, 0x0000000726000000, 0x0000000726200000|  0%| F|  |TAMS 0x0000000726000000| PB 0x0000000726000000| Untracked |  0
|  10|0x0000000726200000, 0x0000000726200000, 0x0000000726400000|  0%| F|  |TAMS 0x0000000726200000| PB 0x0000000726200000| Untracked |  0
|  11|0x0000000726400000, 0x0000000726400000, 0x0000000726600000|  0%| F|  |TAMS 0x0000000726400000| PB 0x0000000726400000| Untracked |  0
|  12|0x0000000726600000, 0x0000000726600000, 0x0000000726800000|  0%| F|  |TAMS 0x0000000726600000| PB 0x0000000726600000| Untracked |  0
|  13|0x0000000726800000, 0x0000000726800000, 0x0000000726a00000|  0%| F|  |TAMS 0x0000000726800000| PB 0x0000000726800000| Untracked |  0
|  14|0x0000000726a00000, 0x0000000726a00000, 0x0000000726c00000|  0%| F|  |TAMS 0x0000000726a00000| PB 0x0000000726a00000| Untracked |  0
|  15|0x0000000726c00000, 0x0000000726c00000, 0x0000000726e00000|  0%| F|  |TAMS 0x0000000726c00000| PB 0x0000000726c00000| Untracked |  0
|  16|0x0000000726e00000, 0x0000000726e00000, 0x0000000727000000|  0%| F|  |TAMS 0x0000000726e00000| PB 0x0000000726e00000| Untracked |  0
|  17|0x0000000727000000, 0x0000000727000000, 0x0000000727200000|  0%| F|  |TAMS 0x0000000727000000| PB 0x0000000727000000| Untracked |  0
|  18|0x0000000727200000, 0x0000000727200000, 0x0000000727400000|  0%| F|  |TAMS 0x0000000727200000| PB 0x0000000727200000| Untracked |  0
|  19|0x0000000727400000, 0x0000000727400000, 0x0000000727600000|  0%| F|  |TAMS 0x0000000727400000| PB 0x0000000727400000| Untracked |  0
|  20|0x0000000727600000, 0x0000000727600000, 0x0000000727800000|  0%| F|  |TAMS 0x0000000727600000| PB 0x0000000727600000| Untracked |  0
|  21|0x0000000727800000, 0x0000000727800000, 0x0000000727a00000|  0%| F|  |TAMS 0x0000000727800000| PB 0x0000000727800000| Untracked |  0
|  22|0x0000000727a00000, 0x0000000727a00000, 0x0000000727c00000|  0%| F|  |TAMS 0x0000000727a00000| PB 0x0000000727a00000| Untracked |  0
|  23|0x0000000727c00000, 0x0000000727c00000, 0x0000000727e00000|  0%| F|  |TAMS 0x0000000727c00000| PB 0x0000000727c00000| Untracked |  0
|  24|0x0000000727e00000, 0x0000000727e00000, 0x0000000728000000|  0%| F|  |TAMS 0x0000000727e00000| PB 0x0000000727e00000| Untracked |  0
|  25|0x0000000728000000, 0x0000000728000000, 0x0000000728200000|  0%| F|  |TAMS 0x0000000728000000| PB 0x0000000728000000| Untracked |  0
|  26|0x0000000728200000, 0x0000000728200000, 0x0000000728400000|  0%| F|  |TAMS 0x0000000728200000| PB 0x0000000728200000| Untracked |  0
|  27|0x0000000728400000, 0x0000000728400000, 0x0000000728600000|  0%| F|  |TAMS 0x0000000728400000| PB 0x0000000728400000| Untracked |  0
|  28|0x0000000728600000, 0x0000000728600000, 0x0000000728800000|  0%| F|  |TAMS 0x0000000728600000| PB 0x0000000728600000| Untracked |  0
|  29|0x0000000728800000, 0x0000000728800000, 0x0000000728a00000|  0%| F|  |TAMS 0x0000000728800000| PB 0x0000000728800000| Untracked |  0
|  30|0x0000000728a00000, 0x0000000728a00000, 0x0000000728c00000|  0%| F|  |TAMS 0x0000000728a00000| PB 0x0000000728a00000| Untracked |  0
|  31|0x0000000728c00000, 0x0000000728c00000, 0x0000000728e00000|  0%| F|  |TAMS 0x0000000728c00000| PB 0x0000000728c00000| Untracked |  0
|  32|0x0000000728e00000, 0x0000000728e00000, 0x0000000729000000|  0%| F|  |TAMS 0x0000000728e00000| PB 0x0000000728e00000| Untracked |  0
|  33|0x0000000729000000, 0x0000000729000000, 0x0000000729200000|  0%| F|  |TAMS 0x0000000729000000| PB 0x0000000729000000| Untracked |  0
|  34|0x0000000729200000, 0x0000000729200000, 0x0000000729400000|  0%| F|  |TAMS 0x0000000729200000| PB 0x0000000729200000| Untracked |  0
|  35|0x0000000729400000, 0x0000000729400000, 0x0000000729600000|  0%| F|  |TAMS 0x0000000729400000| PB 0x0000000729400000| Untracked |  0
|  36|0x0000000729600000, 0x0000000729600000, 0x0000000729800000|  0%| F|  |TAMS 0x0000000729600000| PB 0x0000000729600000| Untracked |  0
|  37|0x0000000729800000, 0x0000000729800000, 0x0000000729a00000|  0%| F|  |TAMS 0x0000000729800000| PB 0x0000000729800000| Untracked |  0
|  38|0x0000000729a00000, 0x0000000729a00000, 0x0000000729c00000|  0%| F|  |TAMS 0x0000000729a00000| PB 0x0000000729a00000| Untracked |  0
|  39|0x0000000729c00000, 0x0000000729c00000, 0x0000000729e00000|  0%| F|  |TAMS 0x0000000729c00000| PB 0x0000000729c00000| Untracked |  0
|  40|0x0000000729e00000, 0x0000000729e00000, 0x000000072a000000|  0%| F|  |TAMS 0x0000000729e00000| PB 0x0000000729e00000| Untracked |  0
|  41|0x000000072a000000, 0x000000072a000000, 0x000000072a200000|  0%| F|  |TAMS 0x000000072a000000| PB 0x000000072a000000| Untracked |  0
|  42|0x000000072a200000, 0x000000072a200000, 0x000000072a400000|  0%| F|  |TAMS 0x000000072a200000| PB 0x000000072a200000| Untracked |  0
|  43|0x000000072a400000, 0x000000072a400000, 0x000000072a600000|  0%| F|  |TAMS 0x000000072a400000| PB 0x000000072a400000| Untracked |  0
|  44|0x000000072a600000, 0x000000072a600000, 0x000000072a800000|  0%| F|  |TAMS 0x000000072a600000| PB 0x000000072a600000| Untracked |  0
|  45|0x000000072a800000, 0x000000072a800000, 0x000000072aa00000|  0%| F|  |TAMS 0x000000072a800000| PB 0x000000072a800000| Untracked |  0
|  46|0x000000072aa00000, 0x000000072aa00000, 0x000000072ac00000|  0%| F|  |TAMS 0x000000072aa00000| PB 0x000000072aa00000| Untracked |  0
|  47|0x000000072ac00000, 0x000000072ac00000, 0x000000072ae00000|  0%| F|  |TAMS 0x000000072ac00000| PB 0x000000072ac00000| Untracked |  0
|  48|0x000000072ae00000, 0x000000072ae00000, 0x000000072b000000|  0%| F|  |TAMS 0x000000072ae00000| PB 0x000000072ae00000| Untracked |  0
|  49|0x000000072b000000, 0x000000072b000000, 0x000000072b200000|  0%| F|  |TAMS 0x000000072b000000| PB 0x000000072b000000| Untracked |  0
|  50|0x000000072b200000, 0x000000072b200000, 0x000000072b400000|  0%| F|  |TAMS 0x000000072b200000| PB 0x000000072b200000| Untracked |  0
|  51|0x000000072b400000, 0x000000072b400000, 0x000000072b600000|  0%| F|  |TAMS 0x000000072b400000| PB 0x000000072b400000| Untracked |  0
|  52|0x000000072b600000, 0x000000072b600000, 0x000000072b800000|  0%| F|  |TAMS 0x000000072b600000| PB 0x000000072b600000| Untracked |  0
|  53|0x000000072b800000, 0x000000072b800000, 0x000000072ba00000|  0%| F|  |TAMS 0x000000072b800000| PB 0x000000072b800000| Untracked |  0
|  54|0x000000072ba00000, 0x000000072ba00000, 0x000000072bc00000|  0%| F|  |TAMS 0x000000072ba00000| PB 0x000000072ba00000| Untracked |  0
|  55|0x000000072bc00000, 0x000000072bc00000, 0x000000072be00000|  0%| F|  |TAMS 0x000000072bc00000| PB 0x000000072bc00000| Untracked |  0
|  56|0x000000072be00000, 0x000000072be00000, 0x000000072c000000|  0%| F|  |TAMS 0x000000072be00000| PB 0x000000072be00000| Untracked |  0
|  57|0x000000072c000000, 0x000000072c000000, 0x000000072c200000|  0%| F|  |TAMS 0x000000072c000000| PB 0x000000072c000000| Untracked |  0
|  58|0x000000072c200000, 0x000000072c200000, 0x000000072c400000|  0%| F|  |TAMS 0x000000072c200000| PB 0x000000072c200000| Untracked |  0
|  59|0x000000072c400000, 0x000000072c400000, 0x000000072c600000|  0%| F|  |TAMS 0x000000072c400000| PB 0x000000072c400000| Untracked |  0
|  60|0x000000072c600000, 0x000000072c600000, 0x000000072c800000|  0%| F|  |TAMS 0x000000072c600000| PB 0x000000072c600000| Untracked |  0
|  61|0x000000072c800000, 0x000000072c800000, 0x000000072ca00000|  0%| F|  |TAMS 0x000000072c800000| PB 0x000000072c800000| Untracked |  0
|  62|0x000000072ca00000, 0x000000072ca00000, 0x000000072cc00000|  0%| F|  |TAMS 0x000000072ca00000| PB 0x000000072ca00000| Untracked |  0
|  63|0x000000072cc00000, 0x000000072cc00000, 0x000000072ce00000|  0%| F|  |TAMS 0x000000072cc00000| PB 0x000000072cc00000| Untracked |  0
|  64|0x000000072ce00000, 0x000000072ce00000, 0x000000072d000000|  0%| F|  |TAMS 0x000000072ce00000| PB 0x000000072ce00000| Untracked |  0
|  65|0x000000072d000000, 0x000000072d000000, 0x000000072d200000|  0%| F|  |TAMS 0x000000072d000000| PB 0x000000072d000000| Untracked |  0
|  66|0x000000072d200000, 0x000000072d200000, 0x000000072d400000|  0%| F|  |TAMS 0x000000072d200000| PB 0x000000072d200000| Untracked |  0
|  67|0x000000072d400000, 0x000000072d400000, 0x000000072d600000|  0%| F|  |TAMS 0x000000072d400000| PB 0x000000072d400000| Untracked |  0
|  68|0x000000072d600000, 0x000000072d600000, 0x000000072d800000|  0%| F|  |TAMS 0x000000072d600000| PB 0x000000072d600000| Untracked |  0
|  69|0x000000072d800000, 0x000000072d800000, 0x000000072da00000|  0%| F|  |TAMS 0x000000072d800000| PB 0x000000072d800000| Untracked |  0
|  70|0x000000072da00000, 0x000000072da00000, 0x000000072dc00000|  0%| F|  |TAMS 0x000000072da00000| PB 0x000000072da00000| Untracked |  0
|  71|0x000000072dc00000, 0x000000072dc00000, 0x000000072de00000|  0%| F|  |TAMS 0x000000072dc00000| PB 0x000000072dc00000| Untracked |  0
|  72|0x000000072de00000, 0x000000072de00000, 0x000000072e000000|  0%| F|  |TAMS 0x000000072de00000| PB 0x000000072de00000| Untracked |  0
|  73|0x000000072e000000, 0x000000072e000000, 0x000000072e200000|  0%| F|  |TAMS 0x000000072e000000| PB 0x000000072e000000| Untracked |  0
|  74|0x000000072e200000, 0x000000072e200000, 0x000000072e400000|  0%| F|  |TAMS 0x000000072e200000| PB 0x000000072e200000| Untracked |  0
|  75|0x000000072e400000, 0x000000072e400000, 0x000000072e600000|  0%| F|  |TAMS 0x000000072e400000| PB 0x000000072e400000| Untracked |  0
|  76|0x000000072e600000, 0x000000072e600000, 0x000000072e800000|  0%| F|  |TAMS 0x000000072e600000| PB 0x000000072e600000| Untracked |  0
|  77|0x000000072e800000, 0x000000072e800000, 0x000000072ea00000|  0%| F|  |TAMS 0x000000072e800000| PB 0x000000072e800000| Untracked |  0
|  78|0x000000072ea00000, 0x000000072ea00000, 0x000000072ec00000|  0%| F|  |TAMS 0x000000072ea00000| PB 0x000000072ea00000| Untracked |  0
|  79|0x000000072ec00000, 0x000000072ec00000, 0x000000072ee00000|  0%| F|  |TAMS 0x000000072ec00000| PB 0x000000072ec00000| Untracked |  0
|  80|0x000000072ee00000, 0x000000072ee00000, 0x000000072f000000|  0%| F|  |TAMS 0x000000072ee00000| PB 0x000000072ee00000| Untracked |  0
|  81|0x000000072f000000, 0x000000072f000000, 0x000000072f200000|  0%| F|  |TAMS 0x000000072f000000| PB 0x000000072f000000| Untracked |  0
|  82|0x000000072f200000, 0x000000072f200000, 0x000000072f400000|  0%| F|  |TAMS 0x000000072f200000| PB 0x000000072f200000| Untracked |  0
|  83|0x000000072f400000, 0x000000072f400000, 0x000000072f600000|  0%| F|  |TAMS 0x000000072f400000| PB 0x000000072f400000| Untracked |  0
|  84|0x000000072f600000, 0x000000072f600000, 0x000000072f800000|  0%| F|  |TAMS 0x000000072f600000| PB 0x000000072f600000| Untracked |  0
|  85|0x000000072f800000, 0x000000072f800000, 0x000000072fa00000|  0%| F|  |TAMS 0x000000072f800000| PB 0x000000072f800000| Untracked |  0
|  86|0x000000072fa00000, 0x000000072fa00000, 0x000000072fc00000|  0%| F|  |TAMS 0x000000072fa00000| PB 0x000000072fa00000| Untracked |  0
|  87|0x000000072fc00000, 0x000000072fc00000, 0x000000072fe00000|  0%| F|  |TAMS 0x000000072fc00000| PB 0x000000072fc00000| Untracked |  0
|  88|0x000000072fe00000, 0x000000072fe00000, 0x0000000730000000|  0%| F|  |TAMS 0x000000072fe00000| PB 0x000000072fe00000| Untracked |  0
|  89|0x0000000730000000, 0x0000000730000000, 0x0000000730200000|  0%| F|  |TAMS 0x0000000730000000| PB 0x0000000730000000| Untracked |  0
|  90|0x0000000730200000, 0x0000000730200000, 0x0000000730400000|  0%| F|  |TAMS 0x0000000730200000| PB 0x0000000730200000| Untracked |  0
|  91|0x0000000730400000, 0x0000000730400000, 0x0000000730600000|  0%| F|  |TAMS 0x0000000730400000| PB 0x0000000730400000| Untracked |  0
|  92|0x0000000730600000, 0x0000000730600000, 0x0000000730800000|  0%| F|  |TAMS 0x0000000730600000| PB 0x0000000730600000| Untracked |  0
|  93|0x0000000730800000, 0x0000000730800000, 0x0000000730a00000|  0%| F|  |TAMS 0x0000000730800000| PB 0x0000000730800000| Untracked |  0
|  94|0x0000000730a00000, 0x0000000730a00000, 0x0000000730c00000|  0%| F|  |TAMS 0x0000000730a00000| PB 0x0000000730a00000| Untracked |  0
|  95|0x0000000730c00000, 0x0000000730c00000, 0x0000000730e00000|  0%| F|  |TAMS 0x0000000730c00000| PB 0x0000000730c00000| Untracked |  0
|  96|0x0000000730e00000, 0x0000000730ff0000, 0x0000000731000000| 96%| S|CS|TAMS 0x0000000730e00000| PB 0x0000000730e00000| Complete |  0
|  97|0x0000000731000000, 0x0000000731200000, 0x0000000731200000|100%| S|CS|TAMS 0x0000000731000000| PB 0x0000000731000000| Complete |  0
|  98|0x0000000731200000, 0x0000000731200000, 0x0000000731400000|  0%| F|  |TAMS 0x0000000731200000| PB 0x0000000731200000| Untracked |  0
|  99|0x0000000731400000, 0x0000000731400000, 0x0000000731600000|  0%| F|  |TAMS 0x0000000731400000| PB 0x0000000731400000| Untracked |  0
| 100|0x0000000731600000, 0x0000000731600000, 0x0000000731800000|  0%| F|  |TAMS 0x0000000731600000| PB 0x0000000731600000| Untracked |  0
| 101|0x0000000731800000, 0x0000000731800000, 0x0000000731a00000|  0%| F|  |TAMS 0x0000000731800000| PB 0x0000000731800000| Untracked |  0
| 102|0x0000000731a00000, 0x0000000731a00000, 0x0000000731c00000|  0%| F|  |TAMS 0x0000000731a00000| PB 0x0000000731a00000| Untracked |  0
| 103|0x0000000731c00000, 0x0000000731c00000, 0x0000000731e00000|  0%| F|  |TAMS 0x0000000731c00000| PB 0x0000000731c00000| Untracked |  0
| 104|0x0000000731e00000, 0x0000000731e00000, 0x0000000732000000|  0%| F|  |TAMS 0x0000000731e00000| PB 0x0000000731e00000| Untracked |  0
| 105|0x0000000732000000, 0x0000000732000000, 0x0000000732200000|  0%| F|  |TAMS 0x0000000732000000| PB 0x0000000732000000| Untracked |  0
| 106|0x0000000732200000, 0x0000000732200000, 0x0000000732400000|  0%| F|  |TAMS 0x0000000732200000| PB 0x0000000732200000| Untracked |  0
| 107|0x0000000732400000, 0x0000000732464e08, 0x0000000732600000| 19%| E|  |TAMS 0x0000000732400000| PB 0x0000000732400000| Complete |  0
| 108|0x0000000732600000, 0x0000000732800000, 0x0000000732800000|100%| E|CS|TAMS 0x0000000732600000| PB 0x0000000732600000| Complete |  0
| 109|0x0000000732800000, 0x0000000732a00000, 0x0000000732a00000|100%| E|CS|TAMS 0x0000000732800000| PB 0x0000000732800000| Complete |  0

Card table byte_map: [0x00000213f7de0000,0x00000213f84c0000] _byte_map_base: 0x00000213f44b9000

Marking Bits: (CMBitMap*) 0x00000213eeecdfd0
 Bits: [0x00000213f84c0000, 0x00000213fbb88000)

Polling page: 0x00000213ecde0000

Metaspace:

Usage:
  Non-class:      5.19 MB used.
      Class:    708.02 KB used.
       Both:      5.88 MB used.

Virtual space:
  Non-class space:       64.00 MB reserved,       5.31 MB (  8%) committed,  1 nodes.
      Class space:        1.00 GB reserved,     768.00 KB ( <1%) committed,  1 nodes.
             Both:        1.06 GB reserved,       6.06 MB ( <1%) committed. 

Chunk freelists:
   Non-Class:  8.97 MB
       Class:  15.23 MB
        Both:  24.20 MB

MaxMetaspaceSize: unlimited
CompressedClassSpaceSize: 1.00 GB
Initial GC threshold: 21.00 MB
Current GC threshold: 21.00 MB
CDS: on
 - commit_granule_bytes: 65536.
 - commit_granule_words: 8192.
 - virtual_space_node_default_size: 8388608.
 - enlarge_chunks_in_place: 1.
 - use_allocation_guard: 0.


Internal statistics:

num_allocs_failed_limit: 0.
num_arena_births: 54.
num_arena_deaths: 0.
num_vsnodes_births: 2.
num_vsnodes_deaths: 0.
num_space_committed: 97.
num_space_uncommitted: 0.
num_chunks_returned_to_freelist: 0.
num_chunks_taken_from_freelist: 222.
num_chunk_merges: 0.
num_chunk_splits: 144.
num_chunks_enlarged: 121.
num_inconsistent_stats: 0.

CodeHeap 'non-profiled nmethods': size=120000Kb used=440Kb max_used=440Kb free=119559Kb
 bounds [0x0000021387ad0000, 0x0000021387d40000, 0x000002138f000000]
CodeHeap 'profiled nmethods': size=120000Kb used=2336Kb max_used=2336Kb free=117663Kb
 bounds [0x0000021380000000, 0x0000021380270000, 0x0000021387530000]
CodeHeap 'non-nmethods': size=5760Kb used=1362Kb max_used=1387Kb free=4397Kb
 bounds [0x0000021387530000, 0x00000213877a0000, 0x0000021387ad0000]
 total_blobs=1698 nmethods=1233 adapters=370
 compilation: enabled
              stopped_count=0, restarted_count=0
 full_count=0

Compilation events (20 events):
Event: 41.141 Thread 0x00000213d416cad0 1238       1       sun.nio.fs.WindowsFileAttributes::fileKey (2 bytes)
Event: 41.141 Thread 0x00000213d416cad0 nmethod 1238 0x0000021387b3da10 code [0x0000021387b3dba0, 0x0000021387b3dc70]
Event: 41.143 Thread 0x00000213d416cad0 1239       3       java.io.BufferedReader::implReadLine (301 bytes)
Event: 41.144 Thread 0x00000213d416cad0 nmethod 1239 0x0000021380241a10 code [0x0000021380241d00, 0x0000021380242cf0]
Event: 41.147 Thread 0x00000213d416cad0 1240       3       java.nio.HeapByteBuffer::ix (7 bytes)
Event: 41.147 Thread 0x00000213d416cad0 nmethod 1240 0x0000021380243390 code [0x0000021380243520, 0x0000021380243630]
Event: 41.147 Thread 0x00000213d416cad0 1241       1       sun.nio.fs.WindowsPath::getFileSystem (5 bytes)
Event: 41.147 Thread 0x00000213d416cad0 nmethod 1241 0x0000021387b3dd10 code [0x0000021387b3dea0, 0x0000021387b3df70]
Event: 41.153 Thread 0x00000213d416cad0 1242       3       java.nio.ByteBuffer::limit (8 bytes)
Event: 41.153 Thread 0x00000213d416cad0 nmethod 1242 0x0000021380243690 code [0x0000021380243840, 0x0000021380243990]
Event: 41.155 Thread 0x00000213fe7ef630 1243   !   4       jdk.internal.misc.ScopedMemoryAccess::getByte (16 bytes)
Event: 41.155 Thread 0x00000213d416cad0 1244       3       jdk.internal.jimage.ImageStringsReader::stringFromByteBufferMatches (138 bytes)
Event: 41.156 Thread 0x00000213fe7ef630 nmethod 1243 0x0000021387b3e010 code [0x0000021387b3e1a0, 0x0000021387b3e278]
Event: 41.156 Thread 0x00000213d416cad0 nmethod 1244 0x0000021380243a10 code [0x0000021380243ce0, 0x0000021380244dd0]
Event: 41.156 Thread 0x00000213d416cad0 1245       3       jdk.internal.jimage.ImageStringsReader::match (11 bytes)
Event: 41.156 Thread 0x00000213d416cad0 nmethod 1245 0x0000021380245510 code [0x00000213802456c0, 0x0000021380245890]
Event: 41.156 Thread 0x00000213d416cad0 1246       3       jdk.internal.jimage.BasicImageReader::match (37 bytes)
Event: 41.156 Thread 0x00000213d416cad0 nmethod 1246 0x0000021380245990 code [0x0000021380245b60, 0x0000021380245e08]
Event: 41.156 Thread 0x00000213d416cad0 1247       3       jdk.internal.jimage.ImageLocation::verifyName (161 bytes)
Event: 41.158 Thread 0x00000213d416cad0 nmethod 1247 0x0000021380245f10 code [0x0000021380246260, 0x00000213802477d8]

GC Heap History (2 events):
Event: 39.002 GC heap before
{Heap before GC invocations=0 (full 0):
 garbage-first heap   total reserved 3590144K, committed 225280K, used 24576K [0x0000000724e00000, 0x0000000800000000)
  region size 2048K, 12 young (24576K), 0 survivors (0K)
 Metaspace       used 5706K, committed 5888K, reserved 1114112K
  class space    used 673K, committed 768K, reserved 1048576K
}
Event: 39.641 GC heap after
{Heap after GC invocations=1 (full 0):
 garbage-first heap   total reserved 3590144K, committed 225280K, used 4032K [0x0000000724e00000, 0x0000000800000000)
  region size 2048K, 2 young (4096K), 2 survivors (4096K)
 Metaspace       used 5706K, committed 5888K, reserved 1114112K
  class space    used 673K, committed 768K, reserved 1048576K
}

Dll operation events (8 events):
Event: 0.580 Loaded shared library C:\Program Files\Java\jdk-22\bin\java.dll
Event: 2.791 Loaded shared library C:\Program Files\Java\jdk-22\bin\jsvml.dll
Event: 3.124 Loaded shared library C:\Program Files\Java\jdk-22\bin\net.dll
Event: 3.126 Loaded shared library C:\Program Files\Java\jdk-22\bin\nio.dll
Event: 3.379 Loaded shared library C:\Program Files\Java\jdk-22\bin\zip.dll
Event: 21.847 Loaded shared library C:\Program Files\Java\jdk-22\bin\jimage.dll
Event: 21.867 Loaded shared library C:\Program Files\NetBeans-21\netbeans\java\maven\lib\jansi-native\Windows\x86_64\jansi.dll
Event: 23.456 Loaded shared library C:\Program Files\Java\jdk-22\bin\verify.dll

Deoptimization events (20 events):
Event: 38.101 Thread 0x00000213ecbaf710 DEOPT PACKING pc=0x0000021387afcc00 sp=0x000000c5086fe0c0
Event: 38.101 Thread 0x00000213ecbaf710 DEOPT UNPACKING pc=0x00000213875846a2 sp=0x000000c5086fe078 mode 2
Event: 38.102 Thread 0x00000213ecbaf710 Uncommon trap: trap_request=0xffffff45 fr.pc=0x0000021387af5ce4 relative=0x00000000000000c4
Event: 38.102 Thread 0x00000213ecbaf710 Uncommon trap: reason=unstable_if action=reinterpret pc=0x0000021387af5ce4 method=org.codehaus.plexus.util.xml.pull.MXParser.more()C @ 8 c2
Event: 38.102 Thread 0x00000213ecbaf710 DEOPT PACKING pc=0x0000021387af5ce4 sp=0x000000c5086fe490
Event: 38.102 Thread 0x00000213ecbaf710 DEOPT UNPACKING pc=0x00000213875846a2 sp=0x000000c5086fe420 mode 2
Event: 38.248 Thread 0x00000213ecbaf710 DEOPT PACKING pc=0x0000021380056f98 sp=0x000000c5086fd800
Event: 38.248 Thread 0x00000213ecbaf710 DEOPT UNPACKING pc=0x0000021387584e42 sp=0x000000c5086fccb0 mode 0
Event: 38.943 Thread 0x00000213ecbaf710 Uncommon trap: trap_request=0xffffff45 fr.pc=0x0000021387b30398 relative=0x0000000000000a38
Event: 38.945 Thread 0x00000213ecbaf710 Uncommon trap: reason=unstable_if action=reinterpret pc=0x0000021387b30398 method=org.codehaus.plexus.util.xml.pull.MXParser.nextImpl()I @ 200 c2
Event: 38.946 Thread 0x00000213ecbaf710 DEOPT PACKING pc=0x0000021387b30398 sp=0x000000c5086fe620
Event: 38.946 Thread 0x00000213ecbaf710 DEOPT UNPACKING pc=0x00000213875846a2 sp=0x000000c5086fe5a0 mode 2
Event: 39.645 Thread 0x00000213fe7dfa00 Uncommon trap: trap_request=0xffffff45 fr.pc=0x0000021387b20740 relative=0x0000000000000040
Event: 39.646 Thread 0x00000213fe7dfa00 Uncommon trap: reason=unstable_if action=reinterpret pc=0x0000021387b20740 method=java.util.concurrent.locks.AbstractQueuedSynchronizer.signalNext(Ljava/util/concurrent/locks/AbstractQueuedSynchronizer$Node;)V @ 1 c2
Event: 39.651 Thread 0x00000213fe7dfa00 DEOPT PACKING pc=0x0000021387b20740 sp=0x000000c508fff390
Event: 39.651 Thread 0x00000213fe7dfa00 DEOPT UNPACKING pc=0x00000213875846a2 sp=0x000000c508fff320 mode 2
Event: 39.653 Thread 0x00000213fe7dfa00 Uncommon trap: trap_request=0xffffff45 fr.pc=0x0000021387b201a0 relative=0x0000000000000180
Event: 39.654 Thread 0x00000213fe7dfa00 Uncommon trap: reason=unstable_if action=reinterpret pc=0x0000021387b201a0 method=java.util.concurrent.locks.ReentrantLock$NonfairSync.initialTryLock()Z @ 25 c2
Event: 39.662 Thread 0x00000213fe7dfa00 DEOPT PACKING pc=0x0000021387b201a0 sp=0x000000c508fff370
Event: 39.662 Thread 0x00000213fe7dfa00 DEOPT UNPACKING pc=0x00000213875846a2 sp=0x000000c508fff310 mode 2

Classes loaded (20 events):
Event: 36.730 Loading class java/lang/reflect/ParameterizedType
Event: 36.730 Loading class java/lang/reflect/ParameterizedType done
Event: 36.735 Loading class java/lang/reflect/WildcardType
Event: 37.105 Loading class java/lang/reflect/WildcardType done
Event: 37.124 Loading class sun/reflect/generics/tree/TypeVariableSignature
Event: 37.124 Loading class sun/reflect/generics/tree/TypeVariableSignature done
Event: 37.147 Loading class java/lang/annotation/IncompleteAnnotationException
Event: 37.147 Loading class java/lang/annotation/IncompleteAnnotationException done
Event: 38.378 Loading class java/lang/foreign/MemorySegment
Event: 38.612 Loading class java/lang/foreign/MemorySegment done
Event: 39.870 Loading class sun/reflect/generics/reflectiveObjects/TypeVariableImpl
Event: 39.870 Loading class sun/reflect/generics/reflectiveObjects/LazyReflectiveObjectGenerator
Event: 39.870 Loading class sun/reflect/generics/reflectiveObjects/LazyReflectiveObjectGenerator done
Event: 39.870 Loading class sun/reflect/generics/reflectiveObjects/TypeVariableImpl done
Event: 39.870 Loading class sun/reflect/generics/reflectiveObjects/ParameterizedTypeImpl
Event: 39.994 Loading class sun/reflect/generics/reflectiveObjects/ParameterizedTypeImpl done
Event: 40.025 Loading class jdk/internal/foreign/MemorySessionImpl
Event: 40.327 Loading class java/lang/foreign/MemorySegment$Scope
Event: 40.333 Loading class java/lang/foreign/MemorySegment$Scope done
Event: 40.333 Loading class jdk/internal/foreign/MemorySessionImpl done

Classes unloaded (0 events):
No events

Classes redefined (0 events):
No events

Internal exceptions (20 events):
Event: 21.873 Thread 0x00000213ecbaf710 Exception <a 'java/lang/NullPointerException'{0x00000007325d29e8}> (0x00000007325d29e8) 
thrown [s\open\src\hotspot\share\interpreter\linkResolver.cpp, line 1374]
Event: 21.873 Thread 0x00000213ecbaf710 Exception <a 'java/lang/NullPointerException'{0x00000007325d2cc8}> (0x00000007325d2cc8) 
thrown [s\open\src\hotspot\share\interpreter\linkResolver.cpp, line 1374]
Event: 23.095 Thread 0x00000213ecbaf710 Exception <a 'sun/nio/fs/WindowsException'{0x00000007325fbc48}> (0x00000007325fbc48) 
thrown [s\open\src\hotspot\share\prims\jni.cpp, line 520]
Event: 23.096 Thread 0x00000213ecbaf710 Exception <a 'sun/nio/fs/WindowsException'{0x00000007325fc688}> (0x00000007325fc688) 
thrown [s\open\src\hotspot\share\prims\jni.cpp, line 520]
Event: 23.096 Thread 0x00000213ecbaf710 Exception <a 'sun/nio/fs/WindowsException'{0x00000007325fccb0}> (0x00000007325fccb0) 
thrown [s\open\src\hotspot\share\prims\jni.cpp, line 520]
Event: 23.096 Thread 0x00000213ecbaf710 Exception <a 'sun/nio/fs/WindowsException'{0x00000007325fd2b0}> (0x00000007325fd2b0) 
thrown [s\open\src\hotspot\share\prims\jni.cpp, line 520]
Event: 23.096 Thread 0x00000213ecbaf710 Exception <a 'sun/nio/fs/WindowsException'{0x00000007325fd828}> (0x00000007325fd828) 
thrown [s\open\src\hotspot\share\prims\jni.cpp, line 520]
Event: 23.096 Thread 0x00000213ecbaf710 Exception <a 'sun/nio/fs/WindowsException'{0x00000007325fdd80}> (0x00000007325fdd80) 
thrown [s\open\src\hotspot\share\prims\jni.cpp, line 520]
Event: 23.096 Thread 0x00000213ecbaf710 Exception <a 'sun/nio/fs/WindowsException'{0x00000007325fe288}> (0x00000007325fe288) 
thrown [s\open\src\hotspot\share\prims\jni.cpp, line 520]
Event: 23.096 Thread 0x00000213ecbaf710 Exception <a 'sun/nio/fs/WindowsException'{0x00000007325fe748}> (0x00000007325fe748) 
thrown [s\open\src\hotspot\share\prims\jni.cpp, line 520]
Event: 24.429 Thread 0x00000213ecbaf710 Exception <a 'java/lang/NoSuchMethodError'{0x00000007322704b8}: 'void java.lang.invoke.DirectMethodHandle$Holder.invokeStatic(java.lang.Object, java.lang.Object, java.lang.Object)'> (0x00000007322704b8) 
thrown [s\open\src\hotspot\share\interpreter\linkResolver.cpp, line 774]
Event: 29.955 Thread 0x00000213ecbaf710 Exception <a 'java/lang/NoSuchMethodError'{0x0000000732024118}: 'java.lang.Object java.lang.invoke.DirectMethodHandle$Holder.invokeSpecialIFC(java.lang.Object, java.lang.Object, java.lang.Object, java.lang.Object)'> (0x0000000732024118) 
thrown [s\open\src\hotspot\share\interpreter\linkResolver.cpp, line 774]
Event: 34.336 Thread 0x00000213ecbaf710 Exception <a 'java/lang/NoSuchMethodError'{0x0000000731d973d0}: 'void java.lang.invoke.DirectMethodHandle$Holder.invokeSpecial(java.lang.Object, java.lang.Object, java.lang.Object)'> (0x0000000731d973d0) 
thrown [s\open\src\hotspot\share\interpreter\linkResolver.cpp, line 774]
Event: 34.804 Thread 0x00000213ecbaf710 Exception <a 'java/lang/NoSuchMethodError'{0x0000000731ad8320}: 'java.lang.Object java.lang.invoke.DirectMethodHandle$Holder.invokeInterface(java.lang.Object, java.lang.Object)'> (0x0000000731ad8320) 
thrown [s\open\src\hotspot\share\interpreter\linkResolver.cpp, line 774]
Event: 34.914 Thread 0x00000213ecbaf710 Exception <a 'java/lang/NoSuchMethodError'{0x0000000731b6a3e8}: 'int java.lang.invoke.DirectMethodHandle$Holder.invokeStatic(java.lang.Object, java.lang.Object, java.lang.Object, java.lang.Object)'> (0x0000000731b6a3e8) 
thrown [s\open\src\hotspot\share\interpreter\linkResolver.cpp, line 774]
Event: 34.914 Thread 0x00000213ecbaf710 Exception <a 'java/lang/NoSuchMethodError'{0x0000000731b6daa8}: 'java.lang.Object java.lang.invoke.Invokers$Holder.invokeExact_MT(java.lang.Object, java.lang.Object, java.lang.Object, java.lang.Object, java.lang.Object, java.lang.Object)'> (0x0000000731b6daa8) 
thrown [s\open\src\hotspot\share\interpreter\linkResolver.cpp, line 774]
Event: 34.918 Thread 0x00000213ecbaf710 Exception <a 'java/lang/NoSuchMethodError'{0x0000000731b7c848}: 'int java.lang.invoke.DirectMethodHandle$Holder.invokeSpecialIFC(java.lang.Object, java.lang.Object, java.lang.Object, java.lang.Object, java.lang.Object)'> (0x0000000731b7c848) 
thrown [s\open\src\hotspot\share\interpreter\linkResolver.cpp, line 774]
Event: 35.078 Thread 0x00000213ecbaf710 Exception <a 'java/lang/NoSuchMethodError'{0x00000007318f3430}: 'java.lang.Object java.lang.invoke.DirectMethodHandle$Holder.newInvokeSpecial(java.lang.Object, java.lang.Object, java.lang.Object, java.lang.Object, java.lang.Object)'> (0x00000007318f3430) 
thrown [s\open\src\hotspot\share\interpreter\linkResolver.cpp, line 774]
Event: 37.132 Thread 0x00000213ecbaf710 Exception <a 'java/lang/NoSuchMethodError'{0x00000007319e8c80}: 'int java.lang.invoke.DirectMethodHandle$Holder.invokeStaticInit(java.lang.Object, java.lang.Object)'> (0x00000007319e8c80) 
thrown [s\open\src\hotspot\share\interpreter\linkResolver.cpp, line 774]
Event: 37.148 Thread 0x00000213ecbaf710 Exception <a 'java/lang/NoClassDefFoundError'{0x000000073161d4e0}: javax/enterprise/inject/Typed> (0x000000073161d4e0) 
thrown [s\open\src\hotspot\share\classfile\systemDictionary.cpp, line 302]

ZGC Phase Switch (0 events):
No events

VM Operations (20 events):
Event: 30.109 Executing VM operation: Cleanup
Event: 30.672 Executing VM operation: Cleanup done
Event: 31.685 Executing VM operation: Cleanup
Event: 31.689 Executing VM operation: Cleanup done
Event: 32.700 Executing VM operation: Cleanup
Event: 32.700 Executing VM operation: Cleanup done
Event: 33.713 Executing VM operation: Cleanup
Event: 33.752 Executing VM operation: Cleanup done
Event: 34.760 Executing VM operation: Cleanup
Event: 34.776 Executing VM operation: Cleanup done
Event: 35.802 Executing VM operation: Cleanup
Event: 35.802 Executing VM operation: Cleanup done
Event: 36.804 Executing VM operation: Cleanup
Event: 37.114 Executing VM operation: Cleanup done
Event: 38.127 Executing VM operation: Cleanup
Event: 38.142 Executing VM operation: Cleanup done
Event: 39.001 Executing VM operation: G1CollectForAllocation (G1 Evacuation Pause)
Event: 39.641 Executing VM operation: G1CollectForAllocation (G1 Evacuation Pause) done
Event: 40.653 Executing VM operation: Cleanup
Event: 40.653 Executing VM operation: Cleanup done

Events (11 events):
Event: 2.519 Thread 0x00000213ecbaf710 Thread added: 0x00000213ecbaf710
Event: 2.563 Thread 0x00000213fe7dfa00 Thread added: 0x00000213fe7dfa00
Event: 2.563 Thread 0x00000213fe7e01d0 Thread added: 0x00000213fe7e01d0
Event: 2.749 Thread 0x00000213fe7e5920 Thread added: 0x00000213fe7e5920
Event: 2.750 Thread 0x00000213fe7e5f90 Thread added: 0x00000213fe7e5f90
Event: 2.750 Thread 0x00000213fe7ea610 Thread added: 0x00000213fe7ea610
Event: 2.750 Thread 0x00000213fe7eec90 Thread added: 0x00000213fe7eec90
Event: 2.751 Thread 0x00000213fe7ef630 Thread added: 0x00000213fe7ef630
Event: 2.980 Thread 0x00000213d416cad0 Thread added: 0x00000213d416cad0
Event: 3.116 Thread 0x00000213d42538d0 Thread added: 0x00000213d42538d0
Event: 3.119 Thread 0x00000213d4258b80 Thread added: 0x00000213d4258b80


Dynamic libraries:
0x00007ff7ed1d0000 - 0x00007ff7ed1e0000 	C:\Program Files\Java\jdk-22\bin\java.exe
0x00007ffc3f9d0000 - 0x00007ffc3fbe7000 	C:\WINDOWS\SYSTEM32\ntdll.dll
0x00007ffc3e920000 - 0x00007ffc3e9e4000 	C:\WINDOWS\System32\KERNEL32.DLL
0x00007ffc3cf80000 - 0x00007ffc3d327000 	C:\WINDOWS\System32\KERNELBASE.dll
0x00007ffc3ce60000 - 0x00007ffc3cf71000 	C:\WINDOWS\System32\ucrtbase.dll
0x00007ffc0f400000 - 0x00007ffc0f417000 	C:\Program Files\Java\jdk-22\bin\jli.dll
0x00007ffc3e9f0000 - 0x00007ffc3eaa2000 	C:\WINDOWS\System32\ADVAPI32.dll
0x00007ffc3eab0000 - 0x00007ffc3eb57000 	C:\WINDOWS\System32\msvcrt.dll
0x00007ffc3dbc0000 - 0x00007ffc3dc68000 	C:\WINDOWS\System32\sechost.dll
0x00007ffc3ce30000 - 0x00007ffc3ce58000 	C:\WINDOWS\System32\bcrypt.dll
0x00007ffc3f650000 - 0x00007ffc3f765000 	C:\WINDOWS\System32\RPCRT4.dll
0x00007ffc3e520000 - 0x00007ffc3e6ce000 	C:\WINDOWS\System32\USER32.dll
0x00007ffc3d4c0000 - 0x00007ffc3d4e6000 	C:\WINDOWS\System32\win32u.dll
0x00007ffc3db70000 - 0x00007ffc3db99000 	C:\WINDOWS\System32\GDI32.dll
0x00007ffc3d3a0000 - 0x00007ffc3d4b9000 	C:\WINDOWS\System32\gdi32full.dll
0x00007ffc3d4f0000 - 0x00007ffc3d58a000 	C:\WINDOWS\System32\msvcp_win.dll
0x00007ffbf78f0000 - 0x00007ffbf790b000 	C:\Program Files\Java\jdk-22\bin\VCRUNTIME140.dll
0x00007ffc10350000 - 0x00007ffc105e3000 	C:\WINDOWS\WinSxS\amd64_microsoft.windows.common-controls_6595b64144ccf1df_6.0.22621.3527_none_270e469b73872a76\COMCTL32.dll
0x00007ffc343d0000 - 0x00007ffc343da000 	C:\WINDOWS\SYSTEM32\VERSION.dll
0x00007ffc3f2b0000 - 0x00007ffc3f2e1000 	C:\WINDOWS\System32\IMM32.DLL
0x00007ffc0e880000 - 0x00007ffc0e88c000 	C:\Program Files\Java\jdk-22\bin\vcruntime140_1.dll
0x00007ffbd0ad0000 - 0x00007ffbd0b5e000 	C:\Program Files\Java\jdk-22\bin\msvcp140.dll
0x00007ffba99a0000 - 0x00007ffbaa6e8000 	C:\Program Files\Java\jdk-22\bin\server\jvm.dll
0x00007ffc3e6d0000 - 0x00007ffc3e741000 	C:\WINDOWS\System32\WS2_32.dll
0x00007ffc3cbb0000 - 0x00007ffc3cbfd000 	C:\WINDOWS\SYSTEM32\POWRPROF.dll
0x00007ffc345c0000 - 0x00007ffc345f4000 	C:\WINDOWS\SYSTEM32\WINMM.dll
0x00007ffc3cb90000 - 0x00007ffc3cba3000 	C:\WINDOWS\SYSTEM32\UMPDC.dll
0x00007ffc3bcd0000 - 0x00007ffc3bce8000 	C:\WINDOWS\SYSTEM32\kernel.appcore.dll
0x00007ffbf77d0000 - 0x00007ffbf77da000 	C:\Program Files\Java\jdk-22\bin\jimage.dll
0x00007ffc3a670000 - 0x00007ffc3a8a2000 	C:\WINDOWS\SYSTEM32\DBGHELP.DLL
0x00007ffc3d700000 - 0x00007ffc3da88000 	C:\WINDOWS\System32\combase.dll
0x00007ffc3da90000 - 0x00007ffc3db67000 	C:\WINDOWS\System32\OLEAUT32.dll
0x00007ffc2a930000 - 0x00007ffc2a962000 	C:\WINDOWS\SYSTEM32\dbgcore.DLL
0x00007ffc3cdb0000 - 0x00007ffc3ce29000 	C:\WINDOWS\System32\bcryptPrimitives.dll
0x00007ffbf78d0000 - 0x00007ffbf78ee000 	C:\Program Files\Java\jdk-22\bin\java.dll
0x00007ffc3dc70000 - 0x00007ffc3e4cc000 	C:\WINDOWS\System32\SHELL32.dll
0x00007ffc3f2f0000 - 0x00007ffc3f495000 	C:\WINDOWS\System32\ole32.dll
0x00007ffc3abe0000 - 0x00007ffc3b4d6000 	C:\WINDOWS\SYSTEM32\windows.storage.dll
0x00007ffc3aaa0000 - 0x00007ffc3abde000 	C:\WINDOWS\SYSTEM32\wintypes.dll
0x00007ffc3ed30000 - 0x00007ffc3ee25000 	C:\WINDOWS\System32\SHCORE.dll
0x00007ffc3ec60000 - 0x00007ffc3ecbe000 	C:\WINDOWS\System32\shlwapi.dll
0x00007ffc3cc20000 - 0x00007ffc3cc41000 	C:\WINDOWS\SYSTEM32\profapi.dll
0x00007ffbdd120000 - 0x00007ffbdd1f7000 	C:\Program Files\Java\jdk-22\bin\jsvml.dll
0x00007ffbf77c0000 - 0x00007ffbf77d0000 	C:\Program Files\Java\jdk-22\bin\net.dll
0x00007ffc3c130000 - 0x00007ffc3c199000 	C:\WINDOWS\system32\mswsock.dll
0x00007ffbdd100000 - 0x00007ffbdd116000 	C:\Program Files\Java\jdk-22\bin\nio.dll
0x00007ffbdd0e0000 - 0x00007ffbdd0f7000 	C:\Program Files\Java\jdk-22\bin\zip.dll
0x0000000069ac0000 - 0x0000000069ae4000 	C:\Program Files\NetBeans-21\netbeans\java\maven\lib\jansi-native\Windows\x86_64\jansi.dll
0x00007ffbf77b0000 - 0x00007ffbf77c0000 	C:\Program Files\Java\jdk-22\bin\verify.dll

dbghelp: loaded successfully - version: 4.0.5 - missing functions: none
symbol engine: initialized successfully - sym options: 0x614 - pdb path: .;C:\Program Files\Java\jdk-22\bin;C:\WINDOWS\SYSTEM32;C:\WINDOWS\WinSxS\amd64_microsoft.windows.common-controls_6595b64144ccf1df_6.0.22621.3527_none_270e469b73872a76;C:\Program Files\Java\jdk-22\bin\server;C:\Program Files\NetBeans-21\netbeans\java\maven\lib\jansi-native\Windows\x86_64

VM Arguments:
jvm_args: -Dclassworlds.conf=C:\Program Files\NetBeans-21\netbeans\java\maven\bin\m2.conf -Dmaven.home=C:\Program Files\NetBeans-21\netbeans\java\maven -Dlibrary.jansi.path=C:\Program Files\NetBeans-21\netbeans\java\maven\lib\jansi-native -Dmaven.multiModuleProjectDirectory=C:\Users\ADMIN\OneDrive\Documents\GitHub\Management_Project_Java\mavenproject1 
java_command: org.codehaus.plexus.classworlds.launcher.Launcher -Dexec.vmArgs=--enable-preview -Dexec.args=${exec.vmArgs} -classpath %classpath ${exec.mainClass} ${exec.appArgs} -Dexec.appArgs= -Dexec.mainClass=GUI.Login -Dexec.executable=C:\Program Files\Java\jdk-22\bin\java.exe -Dmaven.ext.class.path=C:\Program Files\NetBeans-21\netbeans\java\maven-nblib\netbeans-eventspy.jar --no-transfer-progress process-classes org.codehaus.mojo:exec-maven-plugin:3.1.0:exec
java_class_path (initial): C:\Program Files\NetBeans-21\netbeans\java\maven\boot\plexus-classworlds-2.7.0.jar
Launcher Type: SUN_STANDARD

[Global flags]
     intx CICompilerCount                          = 4                                         {product} {ergonomic}
     uint ConcGCThreads                            = 3                                         {product} {ergonomic}
     uint G1ConcRefinementThreads                  = 10                                        {product} {ergonomic}
   size_t G1HeapRegionSize                         = 2097152                                   {product} {ergonomic}
   size_t InitialHeapSize                          = 230686720                                 {product} {ergonomic}
   size_t MarkStackSize                            = 4194304                                   {product} {ergonomic}
   size_t MaxHeapSize                              = 3676307456                                {product} {ergonomic}
   size_t MaxNewSize                               = 2204106752                                {product} {ergonomic}
   size_t MinHeapDeltaBytes                        = 2097152                                   {product} {ergonomic}
   size_t MinHeapSize                              = 8388608                                   {product} {ergonomic}
    uintx NonNMethodCodeHeapSize                   = 5839372                                {pd product} {ergonomic}
    uintx NonProfiledCodeHeapSize                  = 122909434                              {pd product} {ergonomic}
    uintx ProfiledCodeHeapSize                     = 122909434                              {pd product} {ergonomic}
    uintx ReservedCodeCacheSize                    = 251658240                              {pd product} {ergonomic}
     bool SegmentedCodeCache                       = true                                      {product} {ergonomic}
   size_t SoftMaxHeapSize                          = 3676307456                             {manageable} {ergonomic}
     bool UseCompressedOops                        = true                           {product lp64_product} {ergonomic}
     bool UseG1GC                                  = true                                      {product} {ergonomic}
     bool UseLargePagesIndividualAllocation        = false                                  {pd product} {ergonomic}

Logging:
Log output configuration:
 #0: stdout all=warning uptime,level,tags foldmultilines=false
 #1: stderr all=off uptime,level,tags foldmultilines=false

Environment Variables:
JAVA_HOME=C:\Program Files\Java\jdk-22
PATH=C:\Program Files (x86)\VMware\VMware Workstation\bin\;C:\Program Files\Common Files\Oracle\Java\javapath;C:\Program Files (x86)\Common Files\Oracle\Java\javapath;C:\Windows\system32;C:\Windows;C:\Windows\System32\Wbem;C:\Windows\System32\WindowsPowerShell\v1.0\;C:\Windows\System32\OpenSSH\;C:\Program Files (x86)\NVIDIA Corporation\PhysX\Common;C:\Program Files\NVIDIA Corporation\NVIDIA NvDLISR;C:\msys64\mingw64\bin;C:\WINDOWS\system32;C:\WINDOWS;C:\WINDOWS\System32\Wbem;C:\WINDOWS\System32\WindowsPowerShell\v1.0\;C:\WINDOWS\System32\OpenSSH\;C:\Program Files (x86)\Microsoft SQL Server\110\Tools\Binn\;C:\Program Files\Microsoft SQL Server\110\Tools\Binn\;C:\Program Files\Microsoft SQL Server\110\DTS\Binn\;C:\Program Files (x86)\Microsoft SQL Server\110\Tools\Binn\ManagementStudio\;C:\Program Files (x86)\Microsoft SQL Server\110\DTS\Binn\;C:\Program Files\Microsoft SQL Server\150\Tools\Binn\;C:\Program Files\Microsoft SQL Server\Client SDK\ODBC\170\Tools\Binn\;C:\Program Files\dotnet\;C:\Program Files\Git\cmd;C:\Users\ADMIN\AppData\Local\Programs\Python\Python312\Scripts\;C:\Users\ADMIN\AppData\Local\Programs\Python\Python312\;C:\Users\ADMIN\AppData\Local\Programs\Python\Launcher\;C:\Users\ADMIN\AppData\Local\Microsoft\WindowsApps;C:\Users\ADMIN\.dotnet\tools;C:\Users\ADMIN\AppData\Local\Programs\Microsoft VS Code\bin;C:\Users\ADMIN\AppData\Local\GitHubDesktop\bin;C:\Program Files\Java\jdk-22\bin;
USERNAME=ADMIN
OS=Windows_NT
PROCESSOR_IDENTIFIER=AMD64 Family 25 Model 68 Stepping 1, AuthenticAMD
TMP=C:\Users\ADMIN\AppData\Local\Temp
TEMP=C:\Users\ADMIN\AppData\Local\Temp




Periodic native trim disabled

---------------  S Y S T E M  ---------------

OS:
 Windows 11 , 64 bit Build 22621 (10.0.22621.3527)
OS uptime: 1 days 1:44 hours
Hyper-V role detected

CPU: total 12 (initial active 12) (12 cores per cpu, 2 threads per core) family 25 model 68 stepping 1 microcode 0x0, cx8, cmov, fxsr, ht, mmx, 3dnowpref, sse, sse2, sse3, ssse3, sse4a, sse4.1, sse4.2, popcnt, lzcnt, tsc, tscinvbit, avx, avx2, aes, erms, clmul, bmi1, bmi2, adx, sha, fma, vzeroupper, clflush, clflushopt, hv, rdtscp, rdpid, fsrm, f16c, cet_ss
Processor Information for all 12 processors :
  Max Mhz: 3301, Current Mhz: 3301, Mhz Limit: 3301

Memory: 4k page, system-wide physical 14020M (2733M free)
TotalPageFile size 53977M (AvailPageFile size 11158M)
current process WorkingSet (physical memory assigned to process): 68M, peak: 82M
current process commit charge ("private bytes"): 324M, peak: 324M

vm_info: Java HotSpot(TM) 64-Bit Server VM (22+36-2370) for windows-amd64 JRE (22+36-2370), built on 2024-02-15T22:15:19Z by "mach5one" with MS VC++ 17.6 (VS2022)

END.
