#
# There is insufficient memory for the Java Runtime Environment to continue.
# Native memory allocation (mmap) failed to map 65536 bytes. Error detail: Failed to commit metaspace.
# Possible reasons:
#   The system is out of physical RAM or swap space
#   This process is running with CompressedOops enabled, and the Java Heap may be blocking the growth of the native heap
# Possible solutions:
#   Reduce memory load on the system
#   Increase physical memory or swap space
#   Check if swap backing store is full
#   Decrease Java heap size (-Xmx/-Xms)
#
#  , pid=48048
#
#   (no source info available)
V  [jvm.dll+0x874ed3]  (no source info available)
V  [jvm.dll+0x8772fe]  (no source info available)
V  [jvm.dll+0x8779d3]  (no source info available)
V  [jvm.dll+0x27fcb6]  (no source info available)
V  [jvm.dll+0x870b1e]  (no source info available)
V  [jvm.dll+0x6853b5]  (no source info available)
V  [jvm.dll+0x68541a]  (no source info available)
V  [jvm.dll+0x687c5a]  (no source info available)
V  [jvm.dll+0x22509c]  (no source info available)
V  [jvm.dll+0x685dce]  (no source info available)
V  [jvm.dll+0x269e9f]  (no source info available)
V  [jvm.dll+0x690024]  (no source info available)
V  [jvm.dll+0x2152f1]  (no source info available)
V  [jvm.dll+0x21577a]  (no source info available)
V  [jvm.dll+0x2161a1]  (no source info available)
V  [jvm.dll+0x20b4de]  (no source info available)
V  [jvm.dll+0x5c471f]  (no source info available)
V  [jvm.dll+0x21cc5a]  (no source info available)
V  [jvm.dll+0x7eb79c]  (no source info available)
V  [jvm.dll+0x7ec836]  (no source info available)
V  [jvm.dll+0x7ece44]  (no source info available)
V  [jvm.dll+0x7ecac8]  (no source info available)
V  [jvm.dll+0x26d70b]  (no source info available)
V  [jvm.dll+0x3d9a9e]  (no source info available)
C  0x000002e673c8abf4  (no source info available)

The last pc belongs to new (printed below).
Java frames: (J=compiled Java code, j=interpreted, Vv=VM code)
j  java.lang.reflect.Proxy.lambda$getProxyConstructor$0(Ljava/lang/ClassLoader;Ljdk/internal/loader/AbstractClassLoaderValue$Sub;)Ljava/lang/reflect/Constructor;+0 java.base@22
j  java.lang.reflect.Proxy$$Lambda+0x000002e60506db58.apply(Ljava/lang/Object;Ljava/lang/Object;)Ljava/lang/Object;+8 java.base@22
j  jdk.internal.loader.AbstractClassLoaderValue$Memoizer.get()Ljava/lang/Object;+75 java.base@22
j  jdk.internal.loader.AbstractClassLoaderValue.computeIfAbsent(Ljava/lang/ClassLoader;Ljava/util/function/BiFunction;)Ljava/lang/Object;+63 java.base@22
j  java.lang.reflect.Proxy.getProxyConstructor(Ljava/lang/Class;Ljava/lang/ClassLoader;[Ljava/lang/Class;)Ljava/lang/reflect/Constructor;+40 java.base@22
j  java.lang.reflect.Proxy.newProxyInstance(Ljava/lang/ClassLoader;[Ljava/lang/Class;Ljava/lang/reflect/InvocationHandler;)Ljava/lang/Object;+22 java.base@22
j  sun.reflect.annotation.AnnotationParser$1.run()Ljava/lang/annotation/Annotation;+33 java.base@22
j  sun.reflect.annotation.AnnotationParser$1.run()Ljava/lang/Object;+1 java.base@22
j  java.security.AccessController.executePrivileged(Ljava/security/PrivilegedAction;Ljava/security/AccessControlContext;Ljava/lang/Class;)Ljava/lang/Object;+29 java.base@22
j  java.security.AccessController.doPrivileged(Ljava/security/PrivilegedAction;)Ljava/lang/Object;+5 java.base@22
j  sun.reflect.annotation.AnnotationParser.annotationForMap(Ljava/lang/Class;Ljava/util/Map;)Ljava/lang/annotation/Annotation;+9 java.base@22
j  sun.reflect.annotation.AnnotationParser.parseAnnotation2(Ljava/nio/ByteBuffer;Ljdk/internal/reflect/ConstantPool;Ljava/lang/Class;Z[Ljava/lang/Class;)Ljava/lang/annotation/Annotation;+271 java.base@22
j  sun.reflect.annotation.AnnotationParser.parseAnnotations2([BLjdk/internal/reflect/ConstantPool;Ljava/lang/Class;[Ljava/lang/Class;)Ljava/util/Map;+41 java.base@22
j  sun.reflect.annotation.AnnotationParser.parseSelectAnnotations([BLjdk/internal/reflect/ConstantPool;Ljava/lang/Class;[Ljava/lang/Class;)Ljava/util/Map;+12 java.base@22
j  sun.reflect.annotation.AnnotationType.<init>(Ljava/lang/Class;)V+291 java.base@22
j  sun.reflect.annotation.AnnotationType.getInstance(Ljava/lang/Class;)Lsun/reflect/annotation/AnnotationType;+21 java.base@22
j  sun.reflect.annotation.AnnotationParser.parseAnnotation2(Ljava/nio/ByteBuffer;Ljdk/internal/reflect/ConstantPool;Ljava/lang/Class;Z[Ljava/lang/Class;)Ljava/lang/annotation/Annotation;+103 java.base@22
j  sun.reflect.annotation.AnnotationParser.parseAnnotations2([BLjdk/internal/reflect/ConstantPool;Ljava/lang/Class;[Ljava/lang/Class;)Ljava/util/Map;+41 java.base@22
j  sun.reflect.annotation.AnnotationParser.parseAnnotations([BLjdk/internal/reflect/ConstantPool;Ljava/lang/Class;)Ljava/util/Map;+12 java.base@22
j  java.lang.reflect.Executable.declaredAnnotations()Ljava/util/Map;+62 java.base@22
j  java.lang.reflect.Executable.declaredAnnotations()Ljava/util/Map;+35 java.base@22
j  java.lang.reflect.Executable.getAnnotation(Ljava/lang/Class;)Ljava/lang/annotation/Annotation;+7 java.base@22
j  java.lang.reflect.Method.getAnnotation(Ljava/lang/Class;)Ljava/lang/annotation/Annotation;+2 java.base@22
j  com.google.inject.internal.Annotations.determineAnnotationToStringConfig()Lcom/google/inject/internal/Annotations$AnnotationToStringConfig;+14
j  com.google.inject.internal.Annotations.<clinit>()V+34
v  ~StubRoutines::call_stub 0x000002e673c7100d
j  com.google.inject.Key.strategyFor(Ljava/lang/Class;)Lcom/google/inject/Key$AnnotationStrategy;+1
j  com.google.inject.Key.get(Ljava/lang/Class;Ljava/lang/Class;)Lcom/google/inject/Key;+6
j  org.eclipse.sisu.wire.ParameterKeys.<clinit>()V+4
v  ~StubRoutines::call_stub 0x000002e673c7100d
j  org.eclipse.sisu.wire.DependencyAnalyzer.<init>()V+30
j  org.eclipse.sisu.wire.ElementAnalyzer.<init>(Lcom/google/inject/Binder;)V+20
j  org.eclipse.sisu.wire.WireModule.configure(Lcom/google/inject/Binder;)V+5
j  com.google.inject.spi.Elements$RecordingBinder.install(Lcom/google/inject/Module;)V+209
j  com.google.inject.spi.Elements.getElements(Lcom/google/inject/Stage;Ljava/lang/Iterable;)Ljava/util/List;+40
j  com.google.inject.internal.InjectorShell$Builder.build(Lcom/google/inject/internal/Initializer;Lcom/google/inject/internal/ProcessedBindingData;Lcom/google/inject/internal/util/ContinuousStopwatch;Lcom/google/inject/internal/Errors;)Ljava/util/List;+163
j  com.google.inject.internal.InternalInjectorCreator.build()Lcom/google/inject/Injector;+48
j  com.google.inject.Guice.createInjector(Lcom/google/inject/Stage;Ljava/lang/Iterable;)Lcom/google/inject/Injector;+15
j  com.google.inject.Guice.createInjector(Ljava/lang/Iterable;)Lcom/google/inject/Injector;+4
j  com.google.inject.Guice.createInjector([Lcom/google/inject/Module;)Lcom/google/inject/Injector;+4
j  org.codehaus.plexus.DefaultPlexusContainer.addPlexusInjector(Ljava/util/List;[Lcom/google/inject/Module;)Lcom/google/inject/Injector;+88
j  org.codehaus.plexus.DefaultPlexusContainer.<init>(Lorg/codehaus/plexus/ContainerConfiguration;[Lcom/google/inject/Module;)V+400
j  org.apache.maven.cli.MavenCli.container(Lorg/apache/maven/cli/CliRequest;)Lorg/codehaus/plexus/PlexusContainer;+279
j  org.apache.maven.cli.MavenCli.doMain(Lorg/apache/maven/cli/CliRequest;)I+34
j  org.apache.maven.cli.MavenCli.main([Ljava/lang/String;Lorg/codehaus/plexus/classworlds/ClassWorld;)I+24
j  java.lang.invoke.DirectMethodHandle$Holder.invokeStatic(Ljava/lang/Object;Ljava/lang/Object;Ljava/lang/Object;)I+11 java.base@22
j  java.lang.invoke.LambdaForm$MH+0x000002e605009400.invoke(Ljava/lang/Object;Ljava/lang/Object;Ljava/lang/Object;Ljava/lang/Object;)Ljava/lang/Object;+54 java.base@22
j  java.lang.invoke.LambdaForm$MH+0x000002e605009800.invokeExact_MT(Ljava/lang/Object;Ljava/lang/Object;Ljava/lang/Object;Ljava/lang/Object;Ljava/lang/Object;)Ljava/lang/Object;+22 java.base@22
j  jdk.internal.reflect.DirectMethodHandleAccessor.invokeImpl(Ljava/lang/Object;[Ljava/lang/Object;)Ljava/lang/Object;+72 java.base@22
j  jdk.internal.reflect.DirectMethodHandleAccessor.invoke(Ljava/lang/Object;[Ljava/lang/Object;)Ljava/lang/Object;+23 java.base@22
j  java.lang.reflect.Method.invoke(Ljava/lang/Object;[Ljava/lang/Object;)Ljava/lang/Object;+102 java.base@22
j  org.codehaus.plexus.classworlds.launcher.Launcher.launchEnhanced([Ljava/lang/String;)V+45
j  org.codehaus.plexus.classworlds.launcher.Launcher.launch([Ljava/lang/String;)V+2
j  org.codehaus.plexus.classworlds.launcher.Launcher.mainWithExitCode([Ljava/lang/String;)I+108
j  org.codehaus.plexus.classworlds.launcher.Launcher.main([Ljava/lang/String;)V+1
v  ~StubRoutines::call_stub 0x000002e673c7100d
new  187 new  [0x000002e673c8aa60, 0x000002e673c8ac68]  520 bytes
[MachCode]
  0x000002e673c8aa60: 4883 ec08 | c5fa 1104 | 24eb 1f48 | 83ec 10c5 | fb11 0424 | eb14 4883 | ec10 4889 | 0424 48c7 
  0x000002e673c8aa80: 4424 0800 | 0000 00eb | 0150 410f | b755 010f | cac1 ea10 | 488b 4de8 | 488b 4908 | 488b 4908 
  0x000002e673c8aaa0: 488b 4108 | 807c 1004 | 070f 85d3 | 0000 0066 | 8b54 d148 | 488b 4928 | 488b 4cd1 | 0851 80b9 
  0x000002e673c8aac0: 2001 0000 | 050f 85b6 | 0000 008b | 5108 f6c2 | 010f 85aa | 0000 0049 | 8b87 b801 | 0000 488d 
  0x000002e673c8aae0: 1c10 493b | 9fc8 0100 | 000f 8792 | 0000 0049 | 899f b801 | 0000 4883 | ea10 0f84 | 0f00 0000 
  0x000002e673c8ab00: 33c9 c1ea | 0348 894c | d008 48ff | ca75 f648 | c700 0100 | 0000 5933 | f689 700c | 49ba 0000 
  0x000002e673c8ab20: 0004 e602 | 0000 492b | ca89 4808 | 49ba ad40 | 5eaa fb7f | 0000 4180 | 3a00 0f84 | 3c00 0000 
  0x000002e673c8ab40: 5048 8bc8 | 4883 ec20 | 40f6 c40f | 0f84 1900 | 0000 4883 | ec08 48b8 | 40b6 0eaa | fb7f 0000 
  0x000002e673c8ab60: ffd0 4883 | c408 e90c | 0000 0048 | b840 b60e | aafb 7f00 | 00ff d048 | 83c4 2058 | e9cb 0000 
  0x000002e673c8ab80: 0059 488b | 55e8 488b | 5208 488b | 5208 450f | b745 0141 | 0fc8 41c1 | e810 e805 | 0000 00e9 
  0x000002e673c8aba0: a800 0000 | 488d 4424 | 084c 896d | c049 8bcf | c5f8 7749 | 89af b003 | 0000 4989 | 87a0 0300 
  0x000002e673c8abc0: 0048 83ec | 2040 f6c4 | 0f0f 8419 | 0000 0048 | 83ec 0848 | b850 9ad7 | a9fb 7f00 | 00ff d048 
  0x000002e673c8abe0: 83c4 08e9 | 0c00 0000 | 48b8 509a | d7a9 fb7f | 0000 ffd0 | 4883 c420 | 49c7 87a0 | 0300 0000 
  0x000002e673c8ac00: 0000 0049 | c787 b003 | 0000 0000 | 0000 49c7 | 87a8 0300 | 0000 0000 | 00c5 f877 | 4983 7f08 
  0x000002e673c8ac20: 000f 8405 | 0000 00e9 | d462 feff | 498b 87f8 | 0300 0049 | c787 f803 | 0000 0000 | 0000 4c8b 
  0x000002e673c8ac40: 6dc0 4c8b | 75c8 4e8d | 74f5 00c3 | 410f b65d | 0349 83c5 | 0349 baf0 | 0962 aafb | 7f00 0041 
  0x000002e673c8ac60: ff24 da0f | 1f44 0000 
[/MachCode]

---------------  P R O C E S S  ---------------

Threads class SMR info:
_java_thread_list=0x000002e603925f00, length=11, elements={
0x000002e6621b1500, 0x000002e67f6c2b80, 0x000002e67f6c39a0, 0x000002e67f6c5d30,
0x000002e67f6c9bd0, 0x000002e67f6ccf60, 0x000002e67f6cdbd0, 0x000002e67f6cf2b0,
0x000002e67f6cfd60, 0x000002e60391e920, 0x000002e603927be0
}

Java Threads: ( => current thread )
=>0x000002e6621b1500 JavaThread "main"                              [_thread_in_vm, id=48984, stack(0x000000f0acb00000,0x000000f0acc00000) (1024K)]
  0x000002e67f6c2b80 JavaThread "Reference Handler"          daemon [_thread_blocked, id=49524, stack(0x000000f0ad300000,0x000000f0ad400000) (1024K)]
  0x000002e67f6c39a0 JavaThread "Finalizer"                  daemon [_thread_blocked, id=49528, stack(0x000000f0ad400000,0x000000f0ad500000) (1024K)]
  0x000002e67f6c5d30 JavaThread "Signal Dispatcher"          daemon [_thread_blocked, id=49532, stack(0x000000f0ad500000,0x000000f0ad600000) (1024K)]
  0x000002e67f6c9bd0 JavaThread "Attach Listener"            daemon [_thread_blocked, id=49536, stack(0x000000f0ad600000,0x000000f0ad700000) (1024K)]
  0x000002e67f6ccf60 JavaThread "Service Thread"             daemon [_thread_blocked, id=49540, stack(0x000000f0ad700000,0x000000f0ad800000) (1024K)]
  0x000002e67f6cdbd0 JavaThread "Monitor Deflation Thread"   daemon [_thread_blocked, id=49544, stack(0x000000f0ad800000,0x000000f0ad900000) (1024K)]
  0x000002e67f6cf2b0 JavaThread "C2 CompilerThread0"         daemon [_thread_blocked, id=49548, stack(0x000000f0ad900000,0x000000f0ada00000) (1024K)]
  0x000002e67f6cfd60 JavaThread "C1 CompilerThread0"         daemon [_thread_blocked, id=49552, stack(0x000000f0ada00000,0x000000f0adb00000) (1024K)]
  0x000002e60391e920 JavaThread "Notification Thread"        daemon [_thread_blocked, id=49584, stack(0x000000f0adb00000,0x000000f0adc00000) (1024K)]
  0x000002e603927be0 JavaThread "Common-Cleaner"             daemon [_thread_blocked, id=49592, stack(0x000000f0adc00000,0x000000f0add00000) (1024K)]
Total: 11

Other Threads:
  0x000002e67f69fc50 VMThread "VM Thread"                           [id=49320, stack(0x000000f0ad200000,0x000000f0ad300000) (1024K)]
  0x000002e67f688710 WatcherThread "VM Periodic Task Thread"        [id=49316, stack(0x000000f0ad100000,0x000000f0ad200000) (1024K)]
  0x000002e66445b740 WorkerThread "GC Thread#0"                     [id=49172, stack(0x000000f0acc00000,0x000000f0acd00000) (1024K)]
  0x000002e66446a240 ConcurrentGCThread "G1 Main Marker"            [id=49180, stack(0x000000f0acd00000,0x000000f0ace00000) (1024K)]
  0x000002e66446ad50 WorkerThread "G1 Conc#0"                       [id=49184, stack(0x000000f0ace00000,0x000000f0acf00000) (1024K)]
  0x000002e6644be970 ConcurrentGCThread "G1 Refine#0"               [id=49200, stack(0x000000f0acf00000,0x000000f0ad000000) (1024K)]
  0x000002e67f55b690 ConcurrentGCThread "G1 Service"                [id=49204, stack(0x000000f0ad000000,0x000000f0ad100000) (1024K)]
Total: 7

Threads with active compile tasks:
Total: 0

VM state: not at safepoint (normal execution)

VM Mutex/Monitor currently owned by a thread:  ([mutex/lock_event])
[0x00007ffbaa60ab48] Metaspace_lock - owner thread: 0x000002e6621b1500

Heap address: 0x0000000724e00000, size: 3506 MB, Compressed Oops mode: Zero based, Oop shift amount: 3

CDS archive(s) mapped at: [0x000002e604000000-0x000002e604c60000-0x000002e604c60000), size 12976128, SharedBaseAddress: 0x000002e604000000, ArchiveRelocationMode: 1.
Compressed class space mapped at: 0x000002e605000000-0x000002e645000000, reserved size: 1073741824
Narrow klass base: 0x000002e604000000, Narrow klass shift: 0, Narrow klass range: 0x41000000

GC Precious Log:
 CardTable entry size: 512
 Card Set container configuration: InlinePtr #cards 4 size 8 Array Of Cards #cards 16 size 48 Howl #buckets 8 coarsen threshold 3686 Howl Bitmap #cards 512 size 80 coarsen threshold 460 Card regions per heap region 1 cards per card region 4096
 CPUs: 12 total, 12 available
 Memory: 14020M
 Large Page Support: Disabled
 NUMA Support: Disabled
 Compressed Oops: Enabled (Zero based)
 Heap Region Size: 2M
 Heap Min Capacity: 8M
 Heap Initial Capacity: 220M
 Heap Max Capacity: 3506M
 Pre-touch: Disabled
 Parallel Workers: 10
 Concurrent Workers: 3
 Concurrent Refinement Workers: 10
 Periodic GC: Disabled

Heap:
 garbage-first heap   total reserved 3590144K, committed 225280K, used 16384K [0x0000000724e00000, 0x0000000800000000)
  region size 2048K, 9 young (18432K), 0 survivors (0K)
 Metaspace       used 4981K, committed 5120K, reserved 1114112K
  class space    used 573K, committed 640K, reserved 1048576K

Heap Regions: E=young(eden), S=young(survivor), O=old, HS=humongous(starts), HC=humongous(continues), CS=collection set, F=free, TAMS=top-at-mark-start, PB=parsable bottom
|   0|0x0000000724e00000, 0x0000000724e00000, 0x0000000725000000|  0%| F|  |TAMS 0x0000000724e00000| PB 0x0000000724e00000| Untracked |  0
|   1|0x0000000725000000, 0x0000000725000000, 0x0000000725200000|  0%| F|  |TAMS 0x0000000725000000| PB 0x0000000725000000| Untracked |  0
|   2|0x0000000725200000, 0x0000000725200000, 0x0000000725400000|  0%| F|  |TAMS 0x0000000725200000| PB 0x0000000725200000| Untracked |  0
|   3|0x0000000725400000, 0x0000000725400000, 0x0000000725600000|  0%| F|  |TAMS 0x0000000725400000| PB 0x0000000725400000| Untracked |  0
|   4|0x0000000725600000, 0x0000000725600000, 0x0000000725800000|  0%| F|  |TAMS 0x0000000725600000| PB 0x0000000725600000| Untracked |  0
|   5|0x0000000725800000, 0x0000000725800000, 0x0000000725a00000|  0%| F|  |TAMS 0x0000000725800000| PB 0x0000000725800000| Untracked |  0
|   6|0x0000000725a00000, 0x0000000725a00000, 0x0000000725c00000|  0%| F|  |TAMS 0x0000000725a00000| PB 0x0000000725a00000| Untracked |  0
|   7|0x0000000725c00000, 0x0000000725c00000, 0x0000000725e00000|  0%| F|  |TAMS 0x0000000725c00000| PB 0x0000000725c00000| Untracked |  0
|   8|0x0000000725e00000, 0x0000000725e00000, 0x0000000726000000|  0%| F|  |TAMS 0x0000000725e00000| PB 0x0000000725e00000| Untracked |  0
|   9|0x0000000726000000, 0x0000000726000000, 0x0000000726200000|  0%| F|  |TAMS 0x0000000726000000| PB 0x0000000726000000| Untracked |  0
|  10|0x0000000726200000, 0x0000000726200000, 0x0000000726400000|  0%| F|  |TAMS 0x0000000726200000| PB 0x0000000726200000| Untracked |  0
|  11|0x0000000726400000, 0x0000000726400000, 0x0000000726600000|  0%| F|  |TAMS 0x0000000726400000| PB 0x0000000726400000| Untracked |  0
|  12|0x0000000726600000, 0x0000000726600000, 0x0000000726800000|  0%| F|  |TAMS 0x0000000726600000| PB 0x0000000726600000| Untracked |  0
|  13|0x0000000726800000, 0x0000000726800000, 0x0000000726a00000|  0%| F|  |TAMS 0x0000000726800000| PB 0x0000000726800000| Untracked |  0
|  14|0x0000000726a00000, 0x0000000726a00000, 0x0000000726c00000|  0%| F|  |TAMS 0x0000000726a00000| PB 0x0000000726a00000| Untracked |  0
|  15|0x0000000726c00000, 0x0000000726c00000, 0x0000000726e00000|  0%| F|  |TAMS 0x0000000726c00000| PB 0x0000000726c00000| Untracked |  0
|  16|0x0000000726e00000, 0x0000000726e00000, 0x0000000727000000|  0%| F|  |TAMS 0x0000000726e00000| PB 0x0000000726e00000| Untracked |  0
|  17|0x0000000727000000, 0x0000000727000000, 0x0000000727200000|  0%| F|  |TAMS 0x0000000727000000| PB 0x0000000727000000| Untracked |  0
|  18|0x0000000727200000, 0x0000000727200000, 0x0000000727400000|  0%| F|  |TAMS 0x0000000727200000| PB 0x0000000727200000| Untracked |  0
|  19|0x0000000727400000, 0x0000000727400000, 0x0000000727600000|  0%| F|  |TAMS 0x0000000727400000| PB 0x0000000727400000| Untracked |  0
|  20|0x0000000727600000, 0x0000000727600000, 0x0000000727800000|  0%| F|  |TAMS 0x0000000727600000| PB 0x0000000727600000| Untracked |  0
|  21|0x0000000727800000, 0x0000000727800000, 0x0000000727a00000|  0%| F|  |TAMS 0x0000000727800000| PB 0x0000000727800000| Untracked |  0
|  22|0x0000000727a00000, 0x0000000727a00000, 0x0000000727c00000|  0%| F|  |TAMS 0x0000000727a00000| PB 0x0000000727a00000| Untracked |  0
|  23|0x0000000727c00000, 0x0000000727c00000, 0x0000000727e00000|  0%| F|  |TAMS 0x0000000727c00000| PB 0x0000000727c00000| Untracked |  0
|  24|0x0000000727e00000, 0x0000000727e00000, 0x0000000728000000|  0%| F|  |TAMS 0x0000000727e00000| PB 0x0000000727e00000| Untracked |  0
|  25|0x0000000728000000, 0x0000000728000000, 0x0000000728200000|  0%| F|  |TAMS 0x0000000728000000| PB 0x0000000728000000| Untracked |  0
|  26|0x0000000728200000, 0x0000000728200000, 0x0000000728400000|  0%| F|  |TAMS 0x0000000728200000| PB 0x0000000728200000| Untracked |  0
|  27|0x0000000728400000, 0x0000000728400000, 0x0000000728600000|  0%| F|  |TAMS 0x0000000728400000| PB 0x0000000728400000| Untracked |  0
|  28|0x0000000728600000, 0x0000000728600000, 0x0000000728800000|  0%| F|  |TAMS 0x0000000728600000| PB 0x0000000728600000| Untracked |  0
|  29|0x0000000728800000, 0x0000000728800000, 0x0000000728a00000|  0%| F|  |TAMS 0x0000000728800000| PB 0x0000000728800000| Untracked |  0
|  30|0x0000000728a00000, 0x0000000728a00000, 0x0000000728c00000|  0%| F|  |TAMS 0x0000000728a00000| PB 0x0000000728a00000| Untracked |  0
|  31|0x0000000728c00000, 0x0000000728c00000, 0x0000000728e00000|  0%| F|  |TAMS 0x0000000728c00000| PB 0x0000000728c00000| Untracked |  0
|  32|0x0000000728e00000, 0x0000000728e00000, 0x0000000729000000|  0%| F|  |TAMS 0x0000000728e00000| PB 0x0000000728e00000| Untracked |  0
|  33|0x0000000729000000, 0x0000000729000000, 0x0000000729200000|  0%| F|  |TAMS 0x0000000729000000| PB 0x0000000729000000| Untracked |  0
|  34|0x0000000729200000, 0x0000000729200000, 0x0000000729400000|  0%| F|  |TAMS 0x0000000729200000| PB 0x0000000729200000| Untracked |  0
|  35|0x0000000729400000, 0x0000000729400000, 0x0000000729600000|  0%| F|  |TAMS 0x0000000729400000| PB 0x0000000729400000| Untracked |  0
|  36|0x0000000729600000, 0x0000000729600000, 0x0000000729800000|  0%| F|  |TAMS 0x0000000729600000| PB 0x0000000729600000| Untracked |  0
|  37|0x0000000729800000, 0x0000000729800000, 0x0000000729a00000|  0%| F|  |TAMS 0x0000000729800000| PB 0x0000000729800000| Untracked |  0
|  38|0x0000000729a00000, 0x0000000729a00000, 0x0000000729c00000|  0%| F|  |TAMS 0x0000000729a00000| PB 0x0000000729a00000| Untracked |  0
|  39|0x0000000729c00000, 0x0000000729c00000, 0x0000000729e00000|  0%| F|  |TAMS 0x0000000729c00000| PB 0x0000000729c00000| Untracked |  0
|  40|0x0000000729e00000, 0x0000000729e00000, 0x000000072a000000|  0%| F|  |TAMS 0x0000000729e00000| PB 0x0000000729e00000| Untracked |  0
|  41|0x000000072a000000, 0x000000072a000000, 0x000000072a200000|  0%| F|  |TAMS 0x000000072a000000| PB 0x000000072a000000| Untracked |  0
|  42|0x000000072a200000, 0x000000072a200000, 0x000000072a400000|  0%| F|  |TAMS 0x000000072a200000| PB 0x000000072a200000| Untracked |  0
|  43|0x000000072a400000, 0x000000072a400000, 0x000000072a600000|  0%| F|  |TAMS 0x000000072a400000| PB 0x000000072a400000| Untracked |  0
|  44|0x000000072a600000, 0x000000072a600000, 0x000000072a800000|  0%| F|  |TAMS 0x000000072a600000| PB 0x000000072a600000| Untracked |  0
|  45|0x000000072a800000, 0x000000072a800000, 0x000000072aa00000|  0%| F|  |TAMS 0x000000072a800000| PB 0x000000072a800000| Untracked |  0
|  46|0x000000072aa00000, 0x000000072aa00000, 0x000000072ac00000|  0%| F|  |TAMS 0x000000072aa00000| PB 0x000000072aa00000| Untracked |  0
|  47|0x000000072ac00000, 0x000000072ac00000, 0x000000072ae00000|  0%| F|  |TAMS 0x000000072ac00000| PB 0x000000072ac00000| Untracked |  0
|  48|0x000000072ae00000, 0x000000072ae00000, 0x000000072b000000|  0%| F|  |TAMS 0x000000072ae00000| PB 0x000000072ae00000| Untracked |  0
|  49|0x000000072b000000, 0x000000072b000000, 0x000000072b200000|  0%| F|  |TAMS 0x000000072b000000| PB 0x000000072b000000| Untracked |  0
|  50|0x000000072b200000, 0x000000072b200000, 0x000000072b400000|  0%| F|  |TAMS 0x000000072b200000| PB 0x000000072b200000| Untracked |  0
|  51|0x000000072b400000, 0x000000072b400000, 0x000000072b600000|  0%| F|  |TAMS 0x000000072b400000| PB 0x000000072b400000| Untracked |  0
|  52|0x000000072b600000, 0x000000072b600000, 0x000000072b800000|  0%| F|  |TAMS 0x000000072b600000| PB 0x000000072b600000| Untracked |  0
|  53|0x000000072b800000, 0x000000072b800000, 0x000000072ba00000|  0%| F|  |TAMS 0x000000072b800000| PB 0x000000072b800000| Untracked |  0
|  54|0x000000072ba00000, 0x000000072ba00000, 0x000000072bc00000|  0%| F|  |TAMS 0x000000072ba00000| PB 0x000000072ba00000| Untracked |  0
|  55|0x000000072bc00000, 0x000000072bc00000, 0x000000072be00000|  0%| F|  |TAMS 0x000000072bc00000| PB 0x000000072bc00000| Untracked |  0
|  56|0x000000072be00000, 0x000000072be00000, 0x000000072c000000|  0%| F|  |TAMS 0x000000072be00000| PB 0x000000072be00000| Untracked |  0
|  57|0x000000072c000000, 0x000000072c000000, 0x000000072c200000|  0%| F|  |TAMS 0x000000072c000000| PB 0x000000072c000000| Untracked |  0
|  58|0x000000072c200000, 0x000000072c200000, 0x000000072c400000|  0%| F|  |TAMS 0x000000072c200000| PB 0x000000072c200000| Untracked |  0
|  59|0x000000072c400000, 0x000000072c400000, 0x000000072c600000|  0%| F|  |TAMS 0x000000072c400000| PB 0x000000072c400000| Untracked |  0
|  60|0x000000072c600000, 0x000000072c600000, 0x000000072c800000|  0%| F|  |TAMS 0x000000072c600000| PB 0x000000072c600000| Untracked |  0
|  61|0x000000072c800000, 0x000000072c800000, 0x000000072ca00000|  0%| F|  |TAMS 0x000000072c800000| PB 0x000000072c800000| Untracked |  0
|  62|0x000000072ca00000, 0x000000072ca00000, 0x000000072cc00000|  0%| F|  |TAMS 0x000000072ca00000| PB 0x000000072ca00000| Untracked |  0
|  63|0x000000072cc00000, 0x000000072cc00000, 0x000000072ce00000|  0%| F|  |TAMS 0x000000072cc00000| PB 0x000000072cc00000| Untracked |  0
|  64|0x000000072ce00000, 0x000000072ce00000, 0x000000072d000000|  0%| F|  |TAMS 0x000000072ce00000| PB 0x000000072ce00000| Untracked |  0
|  65|0x000000072d000000, 0x000000072d000000, 0x000000072d200000|  0%| F|  |TAMS 0x000000072d000000| PB 0x000000072d000000| Untracked |  0
|  66|0x000000072d200000, 0x000000072d200000, 0x000000072d400000|  0%| F|  |TAMS 0x000000072d200000| PB 0x000000072d200000| Untracked |  0
|  67|0x000000072d400000, 0x000000072d400000, 0x000000072d600000|  0%| F|  |TAMS 0x000000072d400000| PB 0x000000072d400000| Untracked |  0
|  68|0x000000072d600000, 0x000000072d600000, 0x000000072d800000|  0%| F|  |TAMS 0x000000072d600000| PB 0x000000072d600000| Untracked |  0
|  69|0x000000072d800000, 0x000000072d800000, 0x000000072da00000|  0%| F|  |TAMS 0x000000072d800000| PB 0x000000072d800000| Untracked |  0
|  70|0x000000072da00000, 0x000000072da00000, 0x000000072dc00000|  0%| F|  |TAMS 0x000000072da00000| PB 0x000000072da00000| Untracked |  0
|  71|0x000000072dc00000, 0x000000072dc00000, 0x000000072de00000|  0%| F|  |TAMS 0x000000072dc00000| PB 0x000000072dc00000| Untracked |  0
|  72|0x000000072de00000, 0x000000072de00000, 0x000000072e000000|  0%| F|  |TAMS 0x000000072de00000| PB 0x000000072de00000| Untracked |  0
|  73|0x000000072e000000, 0x000000072e000000, 0x000000072e200000|  0%| F|  |TAMS 0x000000072e000000| PB 0x000000072e000000| Untracked |  0
|  74|0x000000072e200000, 0x000000072e200000, 0x000000072e400000|  0%| F|  |TAMS 0x000000072e200000| PB 0x000000072e200000| Untracked |  0
|  75|0x000000072e400000, 0x000000072e400000, 0x000000072e600000|  0%| F|  |TAMS 0x000000072e400000| PB 0x000000072e400000| Untracked |  0
|  76|0x000000072e600000, 0x000000072e600000, 0x000000072e800000|  0%| F|  |TAMS 0x000000072e600000| PB 0x000000072e600000| Untracked |  0
|  77|0x000000072e800000, 0x000000072e800000, 0x000000072ea00000|  0%| F|  |TAMS 0x000000072e800000| PB 0x000000072e800000| Untracked |  0
|  78|0x000000072ea00000, 0x000000072ea00000, 0x000000072ec00000|  0%| F|  |TAMS 0x000000072ea00000| PB 0x000000072ea00000| Untracked |  0
|  79|0x000000072ec00000, 0x000000072ec00000, 0x000000072ee00000|  0%| F|  |TAMS 0x000000072ec00000| PB 0x000000072ec00000| Untracked |  0
|  80|0x000000072ee00000, 0x000000072ee00000, 0x000000072f000000|  0%| F|  |TAMS 0x000000072ee00000| PB 0x000000072ee00000| Untracked |  0
|  81|0x000000072f000000, 0x000000072f000000, 0x000000072f200000|  0%| F|  |TAMS 0x000000072f000000| PB 0x000000072f000000| Untracked |  0
|  82|0x000000072f200000, 0x000000072f200000, 0x000000072f400000|  0%| F|  |TAMS 0x000000072f200000| PB 0x000000072f200000| Untracked |  0
|  83|0x000000072f400000, 0x000000072f400000, 0x000000072f600000|  0%| F|  |TAMS 0x000000072f400000| PB 0x000000072f400000| Untracked |  0
|  84|0x000000072f600000, 0x000000072f600000, 0x000000072f800000|  0%| F|  |TAMS 0x000000072f600000| PB 0x000000072f600000| Untracked |  0
|  85|0x000000072f800000, 0x000000072f800000, 0x000000072fa00000|  0%| F|  |TAMS 0x000000072f800000| PB 0x000000072f800000| Untracked |  0
|  86|0x000000072fa00000, 0x000000072fa00000, 0x000000072fc00000|  0%| F|  |TAMS 0x000000072fa00000| PB 0x000000072fa00000| Untracked |  0
|  87|0x000000072fc00000, 0x000000072fc00000, 0x000000072fe00000|  0%| F|  |TAMS 0x000000072fc00000| PB 0x000000072fc00000| Untracked |  0
|  88|0x000000072fe00000, 0x000000072fe00000, 0x0000000730000000|  0%| F|  |TAMS 0x000000072fe00000| PB 0x000000072fe00000| Untracked |  0
|  89|0x0000000730000000, 0x0000000730000000, 0x0000000730200000|  0%| F|  |TAMS 0x0000000730000000| PB 0x0000000730000000| Untracked |  0
|  90|0x0000000730200000, 0x0000000730200000, 0x0000000730400000|  0%| F|  |TAMS 0x0000000730200000| PB 0x0000000730200000| Untracked |  0
|  91|0x0000000730400000, 0x0000000730400000, 0x0000000730600000|  0%| F|  |TAMS 0x0000000730400000| PB 0x0000000730400000| Untracked |  0
|  92|0x0000000730600000, 0x0000000730600000, 0x0000000730800000|  0%| F|  |TAMS 0x0000000730600000| PB 0x0000000730600000| Untracked |  0
|  93|0x0000000730800000, 0x0000000730800000, 0x0000000730a00000|  0%| F|  |TAMS 0x0000000730800000| PB 0x0000000730800000| Untracked |  0
|  94|0x0000000730a00000, 0x0000000730a00000, 0x0000000730c00000|  0%| F|  |TAMS 0x0000000730a00000| PB 0x0000000730a00000| Untracked |  0
|  95|0x0000000730c00000, 0x0000000730c00000, 0x0000000730e00000|  0%| F|  |TAMS 0x0000000730c00000| PB 0x0000000730c00000| Untracked |  0
|  96|0x0000000730e00000, 0x0000000730e00000, 0x0000000731000000|  0%| F|  |TAMS 0x0000000730e00000| PB 0x0000000730e00000| Untracked |  0
|  97|0x0000000731000000, 0x0000000731000000, 0x0000000731200000|  0%| F|  |TAMS 0x0000000731000000| PB 0x0000000731000000| Untracked |  0
|  98|0x0000000731200000, 0x0000000731200000, 0x0000000731400000|  0%| F|  |TAMS 0x0000000731200000| PB 0x0000000731200000| Untracked |  0
|  99|0x0000000731400000, 0x0000000731400000, 0x0000000731600000|  0%| F|  |TAMS 0x0000000731400000| PB 0x0000000731400000| Untracked |  0
| 100|0x0000000731600000, 0x0000000731600000, 0x0000000731800000|  0%| F|  |TAMS 0x0000000731600000| PB 0x0000000731600000| Untracked |  0
| 101|0x0000000731800000, 0x00000007318fa568, 0x0000000731a00000| 48%| E|  |TAMS 0x0000000731800000| PB 0x0000000731800000| Complete |  0
| 102|0x0000000731a00000, 0x0000000731c00000, 0x0000000731c00000|100%| E|CS|TAMS 0x0000000731a00000| PB 0x0000000731a00000| Complete |  0
| 103|0x0000000731c00000, 0x0000000731e00000, 0x0000000731e00000|100%| E|CS|TAMS 0x0000000731c00000| PB 0x0000000731c00000| Complete |  0
| 104|0x0000000731e00000, 0x0000000732000000, 0x0000000732000000|100%| E|CS|TAMS 0x0000000731e00000| PB 0x0000000731e00000| Complete |  0
| 105|0x0000000732000000, 0x0000000732200000, 0x0000000732200000|100%| E|CS|TAMS 0x0000000732000000| PB 0x0000000732000000| Complete |  0
| 106|0x0000000732200000, 0x0000000732400000, 0x0000000732400000|100%| E|CS|TAMS 0x0000000732200000| PB 0x0000000732200000| Complete |  0
| 107|0x0000000732400000, 0x0000000732600000, 0x0000000732600000|100%| E|CS|TAMS 0x0000000732400000| PB 0x0000000732400000| Complete |  0
| 108|0x0000000732600000, 0x0000000732800000, 0x0000000732800000|100%| E|CS|TAMS 0x0000000732600000| PB 0x0000000732600000| Complete |  0
| 109|0x0000000732800000, 0x0000000732a00000, 0x0000000732a00000|100%| E|CS|TAMS 0x0000000732800000| PB 0x0000000732800000| Complete |  0

Card table byte_map: [0x000002e67c380000,0x000002e67ca60000] _byte_map_base: 0x000002e678a59000

Marking Bits: (CMBitMap*) 0x000002e66445be50
 Bits: [0x000002e600000000, 0x000002e6036c8000)

Polling page: 0x000002e662170000

Metaspace:

Usage:
  Non-class:      4.30 MB used.
      Class:    573.03 KB used.
       Both:      4.86 MB used.

Virtual space:
  Non-class space:       64.00 MB reserved,       4.38 MB (  7%) committed,  1 nodes.
      Class space:        1.00 GB reserved,     640.00 KB ( <1%) committed,  1 nodes.
             Both:        1.06 GB reserved,       5.00 MB ( <1%) committed. 

Chunk freelists:
   Non-Class:  9.53 MB
       Class:  15.34 MB
        Both:  24.88 MB

MaxMetaspaceSize: unlimited
CompressedClassSpaceSize: 1.00 GB
Initial GC threshold: 21.00 MB
Current GC threshold: 21.00 MB
CDS: on
 - commit_granule_bytes: 65536.
 - commit_granule_words: 8192.
 - virtual_space_node_default_size: 8388608.
 - enlarge_chunks_in_place: 1.
 - use_allocation_guard: 0.


Internal statistics:

num_allocs_failed_limit: 0.
num_arena_births: 46.
num_arena_deaths: 0.
num_vsnodes_births: 2.
num_vsnodes_deaths: 0.
num_space_committed: 80.
num_space_uncommitted: 0.
num_chunks_returned_to_freelist: 0.
num_chunks_taken_from_freelist: 183.
num_chunk_merges: 0.
num_chunk_splits: 120.
num_chunks_enlarged: 100.
num_inconsistent_stats: 0.

CodeHeap 'non-profiled nmethods': size=120000Kb used=284Kb max_used=284Kb free=119715Kb
 bounds [0x000002e674210000, 0x000002e674480000, 0x000002e67b740000]
CodeHeap 'profiled nmethods': size=120000Kb used=1775Kb max_used=1775Kb free=118224Kb
 bounds [0x000002e66c740000, 0x000002e66c9b0000, 0x000002e673c70000]
CodeHeap 'non-nmethods': size=5760Kb used=1360Kb max_used=1376Kb free=4399Kb
 bounds [0x000002e673c70000, 0x000002e673ee0000, 0x000002e674210000]
 total_blobs=1417 nmethods=954 adapters=368
 compilation: enabled
              stopped_count=0, restarted_count=0
 full_count=0

Compilation events (20 events):
Event: 12.608 Thread 0x000002e67f6cfd60  946       3       jdk.internal.loader.URLClassPath$JarLoader$2::getCodeSigners (8 bytes)
Event: 12.608 Thread 0x000002e67f6cfd60 nmethod 946 0x000002e66c8f7a90 code [0x000002e66c8f7c40, 0x000002e66c8f7e20]
Event: 12.608 Thread 0x000002e67f6cfd60  940       3       java.lang.ClassLoader::checkCerts (121 bytes)
Event: 12.609 Thread 0x000002e67f6cfd60 nmethod 940 0x000002e66c8f7f10 code [0x000002e66c8f8200, 0x000002e66c8f8f98]
Event: 12.609 Thread 0x000002e67f6cfd60  941       3       java.lang.ClassLoader::defineClassSourceLocation (28 bytes)
Event: 12.609 Thread 0x000002e67f6cfd60 nmethod 941 0x000002e66c8f9510 code [0x000002e66c8f96e0, 0x000002e66c8f9a60]
Event: 12.609 Thread 0x000002e67f6cfd60  947   !   3       java.util.jar.JarFile$JarFileEntry::getCodeSigners (77 bytes)
Event: 12.609 Thread 0x000002e67f6cfd60 nmethod 947 0x000002e66c8f9c10 code [0x000002e66c8f9e20, 0x000002e66c8fa378]
Event: 12.611 Thread 0x000002e67f6cfd60  948       3       java.util.TreeMap$PrivateEntryIterator::<init> (28 bytes)
Event: 12.612 Thread 0x000002e67f6cfd60 nmethod 948 0x000002e66c8fa590 code [0x000002e66c8fa740, 0x000002e66c8fa9b0]
Event: 12.612 Thread 0x000002e67f6cfd60  949       3       jdk.internal.misc.VM::isModuleSystemInited (13 bytes)
Event: 12.612 Thread 0x000002e67f6cfd60 nmethod 949 0x000002e66c8faa90 code [0x000002e66c8fac20, 0x000002e66c8fad70]
Event: 12.624 Thread 0x000002e67f6cfd60  950       3       java.lang.ClassLoader::getDefinedPackage (36 bytes)
Event: 12.624 Thread 0x000002e67f6cfd60 nmethod 950 0x000002e66c8fae10 code [0x000002e66c8fb000, 0x000002e66c8fb560]
Event: 12.624 Thread 0x000002e67f6cfd60  951       3       java.security.SecureClassLoader::defineClass (16 bytes)
Event: 12.625 Thread 0x000002e67f6cfd60 nmethod 951 0x000002e66c8fb710 code [0x000002e66c8fb8c0, 0x000002e66c8fba68]
Event: 12.658 Thread 0x000002e67f6cfd60  952       1       java.lang.reflect.Method::getName (5 bytes)
Event: 12.658 Thread 0x000002e67f6cfd60 nmethod 952 0x000002e674256c10 code [0x000002e674256da0, 0x000002e674256e70]
Event: 12.664 Thread 0x000002e67f6cfd60  953       3       java.nio.ByteBuffer::position (8 bytes)
Event: 12.664 Thread 0x000002e67f6cfd60 nmethod 953 0x000002e66c8fbb90 code [0x000002e66c8fbd40, 0x000002e66c8fbe90]

GC Heap History (0 events):
No events

Dll operation events (8 events):
Event: 0.124 Loaded shared library C:\Program Files\Java\jdk-22\bin\java.dll
Event: 0.770 Loaded shared library C:\Program Files\Java\jdk-22\bin\jsvml.dll
Event: 1.271 Loaded shared library C:\Program Files\Java\jdk-22\bin\net.dll
Event: 1.274 Loaded shared library C:\Program Files\Java\jdk-22\bin\nio.dll
Event: 1.336 Loaded shared library C:\Program Files\Java\jdk-22\bin\zip.dll
Event: 5.933 Loaded shared library C:\Program Files\Java\jdk-22\bin\jimage.dll
Event: 6.367 Loaded shared library C:\Program Files\NetBeans-21\netbeans\java\maven\lib\jansi-native\Windows\x86_64\jansi.dll
Event: 7.316 Loaded shared library C:\Program Files\Java\jdk-22\bin\verify.dll

Deoptimization events (20 events):
Event: 5.706 Thread 0x000002e6621b1500 Uncommon trap: trap_request=0xffffff45 fr.pc=0x000002e67421b3cc relative=0x000000000000012c
Event: 5.706 Thread 0x000002e6621b1500 Uncommon trap: reason=unstable_if action=reinterpret pc=0x000002e67421b3cc method=java.lang.StringCoding.countPositives([BII)I @ 17 c2
Event: 5.706 Thread 0x000002e6621b1500 DEOPT PACKING pc=0x000002e67421b3cc sp=0x000000f0acbfa730
Event: 5.706 Thread 0x000002e6621b1500 DEOPT UNPACKING pc=0x000002e673cc46a2 sp=0x000000f0acbfa6d0 mode 2
Event: 8.369 Thread 0x000002e6621b1500 Uncommon trap: trap_request=0xffffff45 fr.pc=0x000002e67421bec0 relative=0x00000000000004e0
Event: 8.369 Thread 0x000002e6621b1500 Uncommon trap: reason=unstable_if action=reinterpret pc=0x000002e67421bec0 method=java.lang.StringLatin1.canEncode(C)Z @ 4 c2
Event: 8.369 Thread 0x000002e6621b1500 DEOPT PACKING pc=0x000002e67421bec0 sp=0x000000f0acbfe590
Event: 8.369 Thread 0x000002e6621b1500 DEOPT UNPACKING pc=0x000002e673cc46a2 sp=0x000000f0acbfe4c0 mode 2
Event: 8.369 Thread 0x000002e6621b1500 Uncommon trap: trap_request=0xffffff45 fr.pc=0x000002e674233590 relative=0x00000000000004b0
Event: 8.369 Thread 0x000002e6621b1500 Uncommon trap: reason=unstable_if action=reinterpret pc=0x000002e674233590 method=java.lang.AbstractStringBuilder.isLatin1()Z @ 10 c2
Event: 8.369 Thread 0x000002e6621b1500 DEOPT PACKING pc=0x000002e674233590 sp=0x000000f0acbfe5b0
Event: 8.369 Thread 0x000002e6621b1500 DEOPT UNPACKING pc=0x000002e673cc46a2 sp=0x000000f0acbfe540 mode 2
Event: 8.411 Thread 0x000002e6621b1500 DEOPT PACKING pc=0x000002e66c79f4a5 sp=0x000000f0acbfd450
Event: 8.411 Thread 0x000002e6621b1500 DEOPT UNPACKING pc=0x000002e673cc4e42 sp=0x000000f0acbfc8a0 mode 0
Event: 8.481 Thread 0x000002e6621b1500 DEOPT PACKING pc=0x000002e66c78fc98 sp=0x000000f0acbfd6b0
Event: 8.481 Thread 0x000002e6621b1500 DEOPT UNPACKING pc=0x000002e673cc4e42 sp=0x000000f0acbfcb60 mode 0
Event: 9.964 Thread 0x000002e6621b1500 DEOPT PACKING pc=0x000002e66c782343 sp=0x000000f0acbf9e40
Event: 9.964 Thread 0x000002e6621b1500 DEOPT UNPACKING pc=0x000002e673cc4e42 sp=0x000000f0acbf92b8 mode 0
Event: 10.058 Thread 0x000002e6621b1500 DEOPT PACKING pc=0x000002e66c78d0c9 sp=0x000000f0acbfdb30
Event: 10.058 Thread 0x000002e6621b1500 DEOPT UNPACKING pc=0x000002e673cc4e42 sp=0x000000f0acbfcfa0 mode 0

Classes loaded (20 events):
Event: 12.664 Loading class java/lang/annotation/Retention done
Event: 12.664 Loading class java/lang/annotation/Inherited
Event: 12.664 Loading class java/lang/annotation/Inherited done
Event: 12.664 Loading class java/lang/annotation/RetentionPolicy
Event: 12.664 Loading class java/lang/annotation/RetentionPolicy done
Event: 12.665 Loading class sun/reflect/annotation/AnnotationTypeMismatchExceptionProxy
Event: 12.665 Loading class sun/reflect/annotation/ExceptionProxy
Event: 12.665 Loading class sun/reflect/annotation/ExceptionProxy done
Event: 12.665 Loading class sun/reflect/annotation/AnnotationTypeMismatchExceptionProxy done
Event: 12.665 Loading class sun/reflect/annotation/AnnotationParser$1
Event: 12.665 Loading class sun/reflect/annotation/AnnotationParser$1 done
Event: 12.665 Loading class sun/reflect/annotation/AnnotationInvocationHandler
Event: 12.665 Loading class sun/reflect/annotation/AnnotationInvocationHandler done
Event: 12.665 Loading class java/lang/reflect/Proxy
Event: 12.671 Loading class java/lang/reflect/Proxy done
Event: 12.671 Loading class java/lang/reflect/Proxy$1
Event: 12.681 Loading class java/lang/reflect/Proxy$1 done
Event: 12.681 Loading class jdk/internal/loader/AbstractClassLoaderValue$Sub
Event: 12.730 Loading class jdk/internal/loader/AbstractClassLoaderValue$Sub done
Event: 12.731 Loading class java/lang/reflect/Proxy$ProxyBuilder

Classes unloaded (0 events):
No events

Classes redefined (0 events):
No events

Internal exceptions (20 events):
Event: 6.630 Thread 0x000002e6621b1500 Exception <a 'java/lang/NullPointerException'{0x00000007325c2fa8}> (0x00000007325c2fa8) 
thrown [s\open\src\hotspot\share\interpreter\linkResolver.cpp, line 1374]
Event: 6.634 Thread 0x000002e6621b1500 Exception <a 'java/lang/NullPointerException'{0x00000007325d5f10}> (0x00000007325d5f10) 
thrown [s\open\src\hotspot\share\interpreter\linkResolver.cpp, line 1374]
Event: 6.634 Thread 0x000002e6621b1500 Exception <a 'java/lang/NullPointerException'{0x00000007325d61f0}> (0x00000007325d61f0) 
thrown [s\open\src\hotspot\share\interpreter\linkResolver.cpp, line 1374]
Event: 6.634 Thread 0x000002e6621b1500 Exception <a 'java/lang/NullPointerException'{0x00000007325d64d0}> (0x00000007325d64d0) 
thrown [s\open\src\hotspot\share\interpreter\linkResolver.cpp, line 1374]
Event: 6.634 Thread 0x000002e6621b1500 Exception <a 'java/lang/NullPointerException'{0x00000007325d67b0}> (0x00000007325d67b0) 
thrown [s\open\src\hotspot\share\interpreter\linkResolver.cpp, line 1374]
Event: 7.313 Thread 0x000002e6621b1500 Exception <a 'sun/nio/fs/WindowsException'{0x00000007325ff9a0}> (0x00000007325ff9a0) 
thrown [s\open\src\hotspot\share\prims\jni.cpp, line 520]
Event: 7.314 Thread 0x000002e6621b1500 Exception <a 'sun/nio/fs/WindowsException'{0x00000007322003c0}> (0x00000007322003c0) 
thrown [s\open\src\hotspot\share\prims\jni.cpp, line 520]
Event: 7.314 Thread 0x000002e6621b1500 Exception <a 'sun/nio/fs/WindowsException'{0x00000007322009e8}> (0x00000007322009e8) 
thrown [s\open\src\hotspot\share\prims\jni.cpp, line 520]
Event: 7.314 Thread 0x000002e6621b1500 Exception <a 'sun/nio/fs/WindowsException'{0x0000000732200fe8}> (0x0000000732200fe8) 
thrown [s\open\src\hotspot\share\prims\jni.cpp, line 520]
Event: 7.314 Thread 0x000002e6621b1500 Exception <a 'sun/nio/fs/WindowsException'{0x0000000732201560}> (0x0000000732201560) 
thrown [s\open\src\hotspot\share\prims\jni.cpp, line 520]
Event: 7.314 Thread 0x000002e6621b1500 Exception <a 'sun/nio/fs/WindowsException'{0x0000000732201ab8}> (0x0000000732201ab8) 
thrown [s\open\src\hotspot\share\prims\jni.cpp, line 520]
Event: 7.314 Thread 0x000002e6621b1500 Exception <a 'sun/nio/fs/WindowsException'{0x0000000732201fc0}> (0x0000000732201fc0) 
thrown [s\open\src\hotspot\share\prims\jni.cpp, line 520]
Event: 7.314 Thread 0x000002e6621b1500 Exception <a 'sun/nio/fs/WindowsException'{0x0000000732202480}> (0x0000000732202480) 
thrown [s\open\src\hotspot\share\prims\jni.cpp, line 520]
Event: 7.469 Thread 0x000002e6621b1500 Exception <a 'java/lang/NoSuchMethodError'{0x0000000732273d20}: 'void java.lang.invoke.DirectMethodHandle$Holder.invokeStatic(java.lang.Object, java.lang.Object, java.lang.Object)'> (0x0000000732273d20) 
thrown [s\open\src\hotspot\share\interpreter\linkResolver.cpp, line 774]
Event: 8.199 Thread 0x000002e6621b1500 Exception <a 'java/lang/NoSuchMethodError'{0x0000000732027068}: 'java.lang.Object java.lang.invoke.DirectMethodHandle$Holder.invokeSpecialIFC(java.lang.Object, java.lang.Object, java.lang.Object, java.lang.Object)'> (0x0000000732027068) 
thrown [s\open\src\hotspot\share\interpreter\linkResolver.cpp, line 774]
Event: 9.872 Thread 0x000002e6621b1500 Exception <a 'java/lang/NoSuchMethodError'{0x0000000731d98140}: 'void java.lang.invoke.DirectMethodHandle$Holder.invokeSpecial(java.lang.Object, java.lang.Object, java.lang.Object)'> (0x0000000731d98140) 
thrown [s\open\src\hotspot\share\interpreter\linkResolver.cpp, line 774]
Event: 10.401 Thread 0x000002e6621b1500 Exception <a 'java/lang/NoSuchMethodError'{0x0000000731ad9890}: 'java.lang.Object java.lang.invoke.DirectMethodHandle$Holder.invokeInterface(java.lang.Object, java.lang.Object)'> (0x0000000731ad9890) 
thrown [s\open\src\hotspot\share\interpreter\linkResolver.cpp, line 774]
Event: 10.470 Thread 0x000002e6621b1500 Exception <a 'java/lang/NoSuchMethodError'{0x0000000731b6b7e0}: 'int java.lang.invoke.DirectMethodHandle$Holder.invokeStatic(java.lang.Object, java.lang.Object, java.lang.Object, java.lang.Object)'> (0x0000000731b6b7e0) 
thrown [s\open\src\hotspot\share\interpreter\linkResolver.cpp, line 774]
Event: 10.470 Thread 0x000002e6621b1500 Exception <a 'java/lang/NoSuchMethodError'{0x0000000731b6eea0}: 'java.lang.Object java.lang.invoke.Invokers$Holder.invokeExact_MT(java.lang.Object, java.lang.Object, java.lang.Object, java.lang.Object, java.lang.Object, java.lang.Object)'> (0x0000000731b6eea0) 
thrown [s\open\src\hotspot\share\interpreter\linkResolver.cpp, line 774]
Event: 10.474 Thread 0x000002e6621b1500 Exception <a 'java/lang/NoSuchMethodError'{0x0000000731b7d910}: 'int java.lang.invoke.DirectMethodHandle$Holder.invokeSpecialIFC(java.lang.Object, java.lang.Object, java.lang.Object, java.lang.Object, java.lang.Object)'> (0x0000000731b7d910) 
thrown [s\open\src\hotspot\share\interpreter\linkResolver.cpp, line 774]

ZGC Phase Switch (0 events):
No events

VM Operations (20 events):
Event: 2.346 Executing VM operation: Cleanup
Event: 2.346 Executing VM operation: Cleanup done
Event: 4.383 Executing VM operation: Cleanup
Event: 4.383 Executing VM operation: Cleanup done
Event: 5.862 Executing VM operation: HandshakeAllThreads (Deoptimize)
Event: 5.862 Executing VM operation: HandshakeAllThreads (Deoptimize) done
Event: 5.862 Executing VM operation: Cleanup
Event: 5.862 Executing VM operation: Cleanup done
Event: 5.938 Executing VM operation: HandshakeAllThreads (Deoptimize)
Event: 5.938 Executing VM operation: HandshakeAllThreads (Deoptimize) done
Event: 6.951 Executing VM operation: Cleanup
Event: 7.017 Executing VM operation: Cleanup done
Event: 8.026 Executing VM operation: Cleanup
Event: 8.026 Executing VM operation: Cleanup done
Event: 9.038 Executing VM operation: Cleanup
Event: 9.038 Executing VM operation: Cleanup done
Event: 10.051 Executing VM operation: Cleanup
Event: 10.053 Executing VM operation: Cleanup done
Event: 11.060 Executing VM operation: Cleanup
Event: 11.574 Executing VM operation: Cleanup done

Events (11 events):
Event: 0.388 Thread 0x000002e6621b1500 Thread added: 0x000002e6621b1500
Event: 0.763 Thread 0x000002e67f6c2b80 Thread added: 0x000002e67f6c2b80
Event: 0.763 Thread 0x000002e67f6c39a0 Thread added: 0x000002e67f6c39a0
Event: 0.764 Thread 0x000002e67f6c5d30 Thread added: 0x000002e67f6c5d30
Event: 0.764 Thread 0x000002e67f6c9bd0 Thread added: 0x000002e67f6c9bd0
Event: 0.764 Thread 0x000002e67f6ccf60 Thread added: 0x000002e67f6ccf60
Event: 0.764 Thread 0x000002e67f6cdbd0 Thread added: 0x000002e67f6cdbd0
Event: 0.764 Thread 0x000002e67f6cf2b0 Thread added: 0x000002e67f6cf2b0
Event: 0.764 Thread 0x000002e67f6cfd60 Thread added: 0x000002e67f6cfd60
Event: 0.870 Thread 0x000002e60391e920 Thread added: 0x000002e60391e920
Event: 0.874 Thread 0x000002e603927be0 Thread added: 0x000002e603927be0


Dynamic libraries:
0x00007ff7ed1d0000 - 0x00007ff7ed1e0000 	C:\Program Files\Java\jdk-22\bin\java.exe
0x00007ffc3f9d0000 - 0x00007ffc3fbe7000 	C:\WINDOWS\SYSTEM32\ntdll.dll
0x00007ffc3e920000 - 0x00007ffc3e9e4000 	C:\WINDOWS\System32\KERNEL32.DLL
0x00007ffc3cf80000 - 0x00007ffc3d327000 	C:\WINDOWS\System32\KERNELBASE.dll
0x00007ffc3ce60000 - 0x00007ffc3cf71000 	C:\WINDOWS\System32\ucrtbase.dll
0x00007ffc0f400000 - 0x00007ffc0f417000 	C:\Program Files\Java\jdk-22\bin\jli.dll
0x00007ffc3e9f0000 - 0x00007ffc3eaa2000 	C:\WINDOWS\System32\ADVAPI32.dll
0x00007ffbf78f0000 - 0x00007ffbf790b000 	C:\Program Files\Java\jdk-22\bin\VCRUNTIME140.dll
0x00007ffc3eab0000 - 0x00007ffc3eb57000 	C:\WINDOWS\System32\msvcrt.dll
0x00007ffc3dbc0000 - 0x00007ffc3dc68000 	C:\WINDOWS\System32\sechost.dll
0x00007ffc3ce30000 - 0x00007ffc3ce58000 	C:\WINDOWS\System32\bcrypt.dll
0x00007ffc3f650000 - 0x00007ffc3f765000 	C:\WINDOWS\System32\RPCRT4.dll
0x00007ffc3e520000 - 0x00007ffc3e6ce000 	C:\WINDOWS\System32\USER32.dll
0x00007ffc3d4c0000 - 0x00007ffc3d4e6000 	C:\WINDOWS\System32\win32u.dll
0x00007ffc3db70000 - 0x00007ffc3db99000 	C:\WINDOWS\System32\GDI32.dll
0x00007ffc3d3a0000 - 0x00007ffc3d4b9000 	C:\WINDOWS\System32\gdi32full.dll
0x00007ffc3d4f0000 - 0x00007ffc3d58a000 	C:\WINDOWS\System32\msvcp_win.dll
0x00007ffc343d0000 - 0x00007ffc343da000 	C:\WINDOWS\SYSTEM32\VERSION.dll
0x00007ffc10350000 - 0x00007ffc105e3000 	C:\WINDOWS\WinSxS\amd64_microsoft.windows.common-controls_6595b64144ccf1df_6.0.22621.3527_none_270e469b73872a76\COMCTL32.dll
0x00007ffc3f2b0000 - 0x00007ffc3f2e1000 	C:\WINDOWS\System32\IMM32.DLL
0x00007ffc0e880000 - 0x00007ffc0e88c000 	C:\Program Files\Java\jdk-22\bin\vcruntime140_1.dll
0x00007ffbd0ad0000 - 0x00007ffbd0b5e000 	C:\Program Files\Java\jdk-22\bin\msvcp140.dll
0x00007ffba99a0000 - 0x00007ffbaa6e8000 	C:\Program Files\Java\jdk-22\bin\server\jvm.dll
0x00007ffc3e6d0000 - 0x00007ffc3e741000 	C:\WINDOWS\System32\WS2_32.dll
0x00007ffc3cbb0000 - 0x00007ffc3cbfd000 	C:\WINDOWS\SYSTEM32\POWRPROF.dll
0x00007ffc345c0000 - 0x00007ffc345f4000 	C:\WINDOWS\SYSTEM32\WINMM.dll
0x00007ffc3cb90000 - 0x00007ffc3cba3000 	C:\WINDOWS\SYSTEM32\UMPDC.dll
0x00007ffc3bcd0000 - 0x00007ffc3bce8000 	C:\WINDOWS\SYSTEM32\kernel.appcore.dll
0x00007ffbf77d0000 - 0x00007ffbf77da000 	C:\Program Files\Java\jdk-22\bin\jimage.dll
0x00007ffc3a670000 - 0x00007ffc3a8a2000 	C:\WINDOWS\SYSTEM32\DBGHELP.DLL
0x00007ffc3d700000 - 0x00007ffc3da88000 	C:\WINDOWS\System32\combase.dll
0x00007ffc3da90000 - 0x00007ffc3db67000 	C:\WINDOWS\System32\OLEAUT32.dll
0x00007ffc2a930000 - 0x00007ffc2a962000 	C:\WINDOWS\SYSTEM32\dbgcore.DLL
0x00007ffc3cdb0000 - 0x00007ffc3ce29000 	C:\WINDOWS\System32\bcryptPrimitives.dll
0x00007ffbf78d0000 - 0x00007ffbf78ee000 	C:\Program Files\Java\jdk-22\bin\java.dll
0x00007ffc3dc70000 - 0x00007ffc3e4cc000 	C:\WINDOWS\System32\SHELL32.dll
0x00007ffc3f2f0000 - 0x00007ffc3f495000 	C:\WINDOWS\System32\ole32.dll
0x00007ffc3abe0000 - 0x00007ffc3b4d6000 	C:\WINDOWS\SYSTEM32\windows.storage.dll
0x00007ffc3aaa0000 - 0x00007ffc3abde000 	C:\WINDOWS\SYSTEM32\wintypes.dll
0x00007ffc3ed30000 - 0x00007ffc3ee25000 	C:\WINDOWS\System32\SHCORE.dll
0x00007ffc3ec60000 - 0x00007ffc3ecbe000 	C:\WINDOWS\System32\shlwapi.dll
0x00007ffc3cc20000 - 0x00007ffc3cc41000 	C:\WINDOWS\SYSTEM32\profapi.dll
0x00007ffbdd120000 - 0x00007ffbdd1f7000 	C:\Program Files\Java\jdk-22\bin\jsvml.dll
0x00007ffbf77c0000 - 0x00007ffbf77d0000 	C:\Program Files\Java\jdk-22\bin\net.dll
0x00007ffc3c130000 - 0x00007ffc3c199000 	C:\WINDOWS\system32\mswsock.dll
0x00007ffbdd100000 - 0x00007ffbdd116000 	C:\Program Files\Java\jdk-22\bin\nio.dll
0x00007ffbdd0e0000 - 0x00007ffbdd0f7000 	C:\Program Files\Java\jdk-22\bin\zip.dll
0x0000000069ac0000 - 0x0000000069ae4000 	C:\Program Files\NetBeans-21\netbeans\java\maven\lib\jansi-native\Windows\x86_64\jansi.dll
0x00007ffbf77b0000 - 0x00007ffbf77c0000 	C:\Program Files\Java\jdk-22\bin\verify.dll

dbghelp: loaded successfully - version: 4.0.5 - missing functions: none
symbol engine: initialized successfully - sym options: 0x614 - pdb path: .;C:\Program Files\Java\jdk-22\bin;C:\WINDOWS\SYSTEM32;C:\WINDOWS\WinSxS\amd64_microsoft.windows.common-controls_6595b64144ccf1df_6.0.22621.3527_none_270e469b73872a76;C:\Program Files\Java\jdk-22\bin\server;C:\Program Files\NetBeans-21\netbeans\java\maven\lib\jansi-native\Windows\x86_64

VM Arguments:
jvm_args: -Dclassworlds.conf=C:\Program Files\NetBeans-21\netbeans\java\maven\bin\m2.conf -Dmaven.home=C:\Program Files\NetBeans-21\netbeans\java\maven -Dlibrary.jansi.path=C:\Program Files\NetBeans-21\netbeans\java\maven\lib\jansi-native -Dmaven.multiModuleProjectDirectory=C:\Users\ADMIN\OneDrive\Documents\GitHub\Management_Project_Java\mavenproject1 
java_command: org.codehaus.plexus.classworlds.launcher.Launcher -Dexec.vmArgs=--enable-preview -Dexec.args=${exec.vmArgs} -classpath %classpath ${exec.mainClass} ${exec.appArgs} -Dexec.appArgs= -Dexec.mainClass=GUI.Login -Dexec.executable=C:\Program Files\Java\jdk-22\bin\java.exe -Dmaven.ext.class.path=C:\Program Files\NetBeans-21\netbeans\java\maven-nblib\netbeans-eventspy.jar --no-transfer-progress process-classes org.codehaus.mojo:exec-maven-plugin:3.1.0:exec
java_class_path (initial): C:\Program Files\NetBeans-21\netbeans\java\maven\boot\plexus-classworlds-2.7.0.jar
Launcher Type: SUN_STANDARD

[Global flags]
     intx CICompilerCount                          = 4                                         {product} {ergonomic}
     uint ConcGCThreads                            = 3                                         {product} {ergonomic}
     uint G1ConcRefinementThreads                  = 10                                        {product} {ergonomic}
   size_t G1HeapRegionSize                         = 2097152                                   {product} {ergonomic}
   size_t InitialHeapSize                          = 230686720                                 {product} {ergonomic}
   size_t MarkStackSize                            = 4194304                                   {product} {ergonomic}
   size_t MaxHeapSize                              = 3676307456                                {product} {ergonomic}
   size_t MaxNewSize                               = 2204106752                                {product} {ergonomic}
   size_t MinHeapDeltaBytes                        = 2097152                                   {product} {ergonomic}
   size_t MinHeapSize                              = 8388608                                   {product} {ergonomic}
    uintx NonNMethodCodeHeapSize                   = 5839372                                {pd product} {ergonomic}
    uintx NonProfiledCodeHeapSize                  = 122909434                              {pd product} {ergonomic}
    uintx ProfiledCodeHeapSize                     = 122909434                              {pd product} {ergonomic}
    uintx ReservedCodeCacheSize                    = 251658240                              {pd product} {ergonomic}
     bool SegmentedCodeCache                       = true                                      {product} {ergonomic}
   size_t SoftMaxHeapSize                          = 3676307456                             {manageable} {ergonomic}
     bool UseCompressedOops                        = true                           {product lp64_product} {ergonomic}
     bool UseG1GC                                  = true                                      {product} {ergonomic}
     bool UseLargePagesIndividualAllocation        = false                                  {pd product} {ergonomic}

Logging:
Log output configuration:
 #0: stdout all=warning uptime,level,tags foldmultilines=false
 #1: stderr all=off uptime,level,tags foldmultilines=false

Environment Variables:
JAVA_HOME=C:\Program Files\Java\jdk-22
PATH=C:\Program Files (x86)\VMware\VMware Workstation\bin\;C:\Program Files\Common Files\Oracle\Java\javapath;C:\Program Files (x86)\Common Files\Oracle\Java\javapath;C:\Windows\system32;C:\Windows;C:\Windows\System32\Wbem;C:\Windows\System32\WindowsPowerShell\v1.0\;C:\Windows\System32\OpenSSH\;C:\Program Files (x86)\NVIDIA Corporation\PhysX\Common;C:\Program Files\NVIDIA Corporation\NVIDIA NvDLISR;C:\msys64\mingw64\bin;C:\WINDOWS\system32;C:\WINDOWS;C:\WINDOWS\System32\Wbem;C:\WINDOWS\System32\WindowsPowerShell\v1.0\;C:\WINDOWS\System32\OpenSSH\;C:\Program Files (x86)\Microsoft SQL Server\110\Tools\Binn\;C:\Program Files\Microsoft SQL Server\110\Tools\Binn\;C:\Program Files\Microsoft SQL Server\110\DTS\Binn\;C:\Program Files (x86)\Microsoft SQL Server\110\Tools\Binn\ManagementStudio\;C:\Program Files (x86)\Microsoft SQL Server\110\DTS\Binn\;C:\Program Files\Microsoft SQL Server\150\Tools\Binn\;C:\Program Files\Microsoft SQL Server\Client SDK\ODBC\170\Tools\Binn\;C:\Program Files\dotnet\;C:\Program Files\Git\cmd;C:\Users\ADMIN\AppData\Local\Programs\Python\Python312\Scripts\;C:\Users\ADMIN\AppData\Local\Programs\Python\Python312\;C:\Users\ADMIN\AppData\Local\Programs\Python\Launcher\;C:\Users\ADMIN\AppData\Local\Microsoft\WindowsApps;C:\Users\ADMIN\.dotnet\tools;C:\Users\ADMIN\AppData\Local\Programs\Microsoft VS Code\bin;C:\Users\ADMIN\AppData\Local\GitHubDesktop\bin;C:\Program Files\Java\jdk-22\bin;
USERNAME=ADMIN
OS=Windows_NT
PROCESSOR_IDENTIFIER=AMD64 Family 25 Model 68 Stepping 1, AuthenticAMD
TMP=C:\Users\ADMIN\AppData\Local\Temp
TEMP=C:\Users\ADMIN\AppData\Local\Temp




Periodic native trim disabled

---------------  S Y S T E M  ---------------

OS:
 Windows 11 , 64 bit Build 22621 (10.0.22621.3527)
OS uptime: 1 days 1:45 hours
Hyper-V role detected

CPU: total 12 (initial active 12) (12 cores per cpu, 2 threads per core) family 25 model 68 stepping 1 microcode 0x0, cx8, cmov, fxsr, ht, mmx, 3dnowpref, sse, sse2, sse3, ssse3, sse4a, sse4.1, sse4.2, popcnt, lzcnt, tsc, tscinvbit, avx, avx2, aes, erms, clmul, bmi1, bmi2, adx, sha, fma, vzeroupper, clflush, clflushopt, hv, rdtscp, rdpid, fsrm, f16c, cet_ss
Processor Information for all 12 processors :
  Max Mhz: 3301, Current Mhz: 3301, Mhz Limit: 3301

Memory: 4k page, system-wide physical 14020M (140M free)
TotalPageFile size 57028M (AvailPageFile size 107M)
current process WorkingSet (physical memory assigned to process): 61M, peak: 66M
current process commit charge ("private bytes"): 316M, peak: 321M

vm_info: Java HotSpot(TM) 64-Bit Server VM (22+36-2370) for windows-amd64 JRE (22+36-2370), built on 2024-02-15T22:15:19Z by "mach5one" with MS VC++ 17.6 (VS2022)

END.
