#
# There is insufficient memory for the Java Runtime Environment to continue.
# Native memory allocation (mmap) failed to map 65536 bytes. Error detail: Failed to commit metaspace.
# Possible reasons:
#   The system is out of physical RAM or swap space
#   This process is running with CompressedOops enabled, and the Java Heap may be blocking the growth of the native heap
# Possible solutions:
#   Reduce memory load on the system
#   Increase physical memory or swap space
#   Check if swap backing store is full
#   Decrease Java heap size (-Xmx/-Xms)
#   Decrease number of Java threads
#   Decrease Java thread stack sizes (-Xss)
#   Set larger code cache with -XX:ReservedCodeCacheSize=
#   JVM is running with Zero Based Compressed Oops mode in which the Java heap is
#     placed in the first 32GB address space. The Java Heap base address is the
#     maximum limit for the native heap growth. Please use -XX:HeapBaseMinAddress
#     to set the Java Heap base and to place the Java Heap above 32GB virtual address.
# This output file may be truncated or incomplete.
#
#  Out of Memory Error (virtualSpaceNode.cpp:112), pid=34428, tid=34524
#
# JRE version: Java(TM) SE Runtime Environment (22.0+36) (build 22+36-2370)
# Java VM: Java HotSpot(TM) 64-Bit Server VM (22+36-2370, mixed mode, sharing, tiered, compressed oops, compressed class ptrs, g1 gc, windows-amd64)
# No core dump will be written. Minidumps are not enabled by default on client versions of Windows
#

---------------  S U M M A R Y ------------

Command Line: -Dclassworlds.conf=C:\Program Files\NetBeans-21\netbeans\java\maven\bin\m2.conf -Dmaven.home=C:\Program Files\NetBeans-21\netbeans\java\maven -Dlibrary.jansi.path=C:\Program Files\NetBeans-21\netbeans\java\maven\lib\jansi-native -Dmaven.multiModuleProjectDirectory=C:\Users\ADMIN\OneDrive\Documents\GitHub\Management_Project_Java\mavenproject1 org.codehaus.plexus.classworlds.launcher.Launcher -Dexec.vmArgs=--enable-preview -Dexec.args=${exec.vmArgs} -classpath %classpath ${exec.mainClass} ${exec.appArgs} -Dexec.appArgs= -Dexec.mainClass=GUI.Login -Dexec.executable=C:\Program Files\Java\jdk-22\bin\java.exe -Dmaven.ext.class.path=C:\Program Files\NetBeans-21\netbeans\java\maven-nblib\netbeans-eventspy.jar --no-transfer-progress process-classes org.codehaus.mojo:exec-maven-plugin:3.1.0:exec

Host: AMD Ryzen 5 6600HS Creator Edition             , 12 cores, 13G,  Windows 11 , 64 bit Build 22621 (10.0.22621.3527)
Time: Thu May 16 16:18:44 2024 SE Asia Standard Time elapsed time: 44.576044 seconds (0d 0h 0m 44s)

---------------  T H R E A D  ---------------

Current thread (0x000002247940f710):  JavaThread "main"             [_thread_in_vm, id=34524, stack(0x000000ade6c00000,0x000000ade6d00000) (1024K)]

Stack: [0x000000ade6c00000,0x000000ade6d00000]
Native frames: (J=compiled Java code, j=interpreted, Vv=VM code, C=native code)
V  [jvm.dll+0x6e2349]  (no source info available)
V  [jvm.dll+0x874ed3]  (no source info available)
V  [jvm.dll+0x8772fe]  (no source info available)
V  [jvm.dll+0x8779d3]  (no source info available)
V  [jvm.dll+0x27fcb6]  (no source info available)
V  [jvm.dll+0x870b1e]  (no source info available)
V  [jvm.dll+0x6853b5]  (no source info available)
V  [jvm.dll+0x1e3e9c]  (no source info available)
V  [jvm.dll+0x1e3c6e]  (no source info available)
V  [jvm.dll+0x687d08]  (no source info available)
V  [jvm.dll+0x22509c]  (no source info available)
V  [jvm.dll+0x685dce]  (no source info available)
V  [jvm.dll+0x269e9f]  (no source info available)
V  [jvm.dll+0x690024]  (no source info available)
V  [jvm.dll+0x2152f1]  (no source info available)
V  [jvm.dll+0x21577a]  (no source info available)
V  [jvm.dll+0x2161a1]  (no source info available)
V  [jvm.dll+0x20b4de]  (no source info available)
V  [jvm.dll+0x5c471f]  (no source info available)
V  [jvm.dll+0x7ec136]  (no source info available)
V  [jvm.dll+0x47cb26]  (no source info available)
V  [jvm.dll+0x4829d8]  (no source info available)
C  [java.dll+0x17e4]  (no source info available)
C  0x000002240f7bcfc7  (no source info available)

The last pc belongs to native method entry point (kind = native) (printed below).
Java frames: (J=compiled Java code, j=interpreted, Vv=VM code)
j  java.lang.ClassLoader.defineClass1(Ljava/lang/ClassLoader;Ljava/lang/String;[BIILjava/security/ProtectionDomain;Ljava/lang/String;)Ljava/lang/Class;+0 java.base@22
j  java.lang.ClassLoader.defineClass(Ljava/lang/String;[BIILjava/security/ProtectionDomain;)Ljava/lang/Class;+27 java.base@22
j  java.security.SecureClassLoader.defineClass(Ljava/lang/String;[BIILjava/security/CodeSource;)Ljava/lang/Class;+12 java.base@22
j  java.net.URLClassLoader.defineClass(Ljava/lang/String;Ljdk/internal/loader/Resource;)Ljava/lang/Class;+220 java.base@22
j  java.net.URLClassLoader$1.run()Ljava/lang/Class;+43 java.base@22
j  java.net.URLClassLoader$1.run()Ljava/lang/Object;+1 java.base@22
J 540 c1 java.security.AccessController.doPrivileged(Ljava/security/PrivilegedExceptionAction;Ljava/security/AccessControlContext;)Ljava/lang/Object; java.base@22 (26 bytes) @ 0x0000022408355214 [0x0000022408355020+0x00000000000001f4]
j  java.net.URLClassLoader.findClass(Ljava/lang/String;)Ljava/lang/Class;+13 java.base@22
j  org.codehaus.plexus.classworlds.realm.ClassRealm.findClassInternal(Ljava/lang/String;)Ljava/lang/Class;+2
j  org.codehaus.plexus.classworlds.realm.ClassRealm.loadClassFromSelf(Ljava/lang/String;)Ljava/lang/Class;+20
j  org.codehaus.plexus.classworlds.strategy.SelfFirstStrategy.loadClass(Ljava/lang/String;)Ljava/lang/Class;+18
j  org.codehaus.plexus.classworlds.realm.ClassRealm.unsynchronizedLoadClass(Ljava/lang/String;Z)Ljava/lang/Class;+13
j  org.codehaus.plexus.classworlds.realm.ClassRealm.loadClass(Ljava/lang/String;Z)Ljava/lang/Class;+9
j  org.codehaus.plexus.classworlds.realm.ClassRealm.loadClass(Ljava/lang/String;)Ljava/lang/Class;+3
v  ~StubRoutines::call_stub 0x000002240f7b100d
j  org.apache.maven.cli.MavenCli.container(Lorg/apache/maven/cli/CliRequest;)Lorg/codehaus/plexus/PlexusContainer;+256
j  org.apache.maven.cli.MavenCli.doMain(Lorg/apache/maven/cli/CliRequest;)I+34
j  org.apache.maven.cli.MavenCli.main([Ljava/lang/String;Lorg/codehaus/plexus/classworlds/ClassWorld;)I+24
j  java.lang.invoke.DirectMethodHandle$Holder.invokeStatic(Ljava/lang/Object;Ljava/lang/Object;Ljava/lang/Object;)I+11 java.base@22
j  java.lang.invoke.LambdaForm$MH+0x000002241c009400.invoke(Ljava/lang/Object;Ljava/lang/Object;Ljava/lang/Object;Ljava/lang/Object;)Ljava/lang/Object;+54 java.base@22
j  java.lang.invoke.LambdaForm$MH+0x000002241c009800.invokeExact_MT(Ljava/lang/Object;Ljava/lang/Object;Ljava/lang/Object;Ljava/lang/Object;Ljava/lang/Object;)Ljava/lang/Object;+22 java.base@22
j  jdk.internal.reflect.DirectMethodHandleAccessor.invokeImpl(Ljava/lang/Object;[Ljava/lang/Object;)Ljava/lang/Object;+72 java.base@22
j  jdk.internal.reflect.DirectMethodHandleAccessor.invoke(Ljava/lang/Object;[Ljava/lang/Object;)Ljava/lang/Object;+23 java.base@22
j  java.lang.reflect.Method.invoke(Ljava/lang/Object;[Ljava/lang/Object;)Ljava/lang/Object;+102 java.base@22
j  org.codehaus.plexus.classworlds.launcher.Launcher.launchEnhanced([Ljava/lang/String;)V+45
j  org.codehaus.plexus.classworlds.launcher.Launcher.launch([Ljava/lang/String;)V+2
j  org.codehaus.plexus.classworlds.launcher.Launcher.mainWithExitCode([Ljava/lang/String;)I+108
j  org.codehaus.plexus.classworlds.launcher.Launcher.main([Ljava/lang/String;)V+1
v  ~StubRoutines::call_stub 0x000002240f7b100d
native method entry point (kind = native)  [0x000002240f7bcba0, 0x000002240f7bd6c0]  2848 bytes
[MachCode]
  0x000002240f7bcba0: 488b 4b08 | 0fb7 492e | 584c 8d74 | ccf8 6800 | 0000 0068 | 0000 0000 | 5055 488b | ec41 5568 
  0x000002240f7bcbc0: 0000 0000 | 4c8b 6b08 | 4d8d 6d38 | 5348 8b53 | 0848 8b52 | 0848 8b52 | 1848 8b52 | 7048 8b12 
  0x000002240f7bcbe0: 5248 8b53 | 1048 85d2 | 0f84 0700 | 0000 4881 | c210 0100 | 0052 488b | 5308 488b | 5208 488b 
  0x000002240f7bcc00: 5210 5249 | 8bc6 482b | c548 c1e8 | 0350 6800 | 0000 0068 | f7ff ffff | 41c6 8781 | 0400 0001 
  0x000002240f7bcc20: 488b 4310 | 4885 c074 | 208b 88cc | 0000 0083 | c102 8988 | cc00 0000 | 2388 e000 | 0000 0f84 
  0x000002240f7bcc40: cb09 0000 | e9cf 0000 | 0048 8b43 | 1848 85c0 | 0f85 b000 | 0000 e805 | 0000 00e9 | 9900 0000 
  0x000002240f7bcc60: 488b d348 | 8d44 2408 | 4c89 6dc0 | 498b cfc5 | f877 4989 | afb0 0300 | 0049 8987 | a003 0000 
  0x000002240f7bcc80: 4883 ec20 | 40f6 c40f | 0f84 1900 | 0000 4883 | ec08 48b8 | f0a2 d7a9 | fb7f 0000 | ffd0 4883 
  0x000002240f7bcca0: c408 e90c | 0000 0048 | b8f0 a2d7 | a9fb 7f00 | 00ff d048 | 83c4 2049 | c787 a003 | 0000 0000 
  0x000002240f7bccc0: 0000 49c7 | 87b0 0300 | 0000 0000 | 0049 c787 | a803 0000 | 0000 0000 | c5f8 7749 | 837f 0800 
  0x000002240f7bcce0: 0f84 0500 | 0000 e915 | 42ff ff4c | 8b6d c04c | 8b75 c84e | 8d74 f500 | c348 8b43 | 1848 85c0 
  0x000002240f7bcd00: 0f84 1200 | 0000 8b48 | 0883 c102 | 8948 0823 | 481c 0f84 | f708 0000 | 493b a7f0 | 0400 000f 
  0x000002240f7bcd20: 8748 0000 | 0089 8424 | 00f0 ffff | 8984 2400 | e0ff ff89 | 8424 00d0 | ffff 8984 | 2400 c0ff 
  0x000002240f7bcd40: ff89 8424 | 00b0 ffff | 8984 2400 | a0ff ff89 | 8424 0090 | ffff 8984 | 2400 80ff | ff49 3ba7 
  0x000002240f7bcd60: e804 0000 | 7607 4989 | a7f0 0400 | 0041 c687 | 8104 0000 | 0049 baac | 405e aafb | 7f00 0041 
  0x000002240f7bcd80: 803a 000f | 843e 0000 | 0048 8b55 | e849 8bcf | 4883 ec20 | 40f6 c40f | 0f84 1900 | 0000 4883 
  0x000002240f7bcda0: ec08 48b8 | 00b6 0eaa | fb7f 0000 | ffd0 4883 | c408 e90c | 0000 0048 | b800 b60e | aafb 7f00 
  0x000002240f7bcdc0: 00ff d048 | 83c4 2048 | 8b5d e84c | 8b5b 0845 | 0fb7 5b2e | 41c1 e303 | 492b e348 | 83ec 2048 
  0x000002240f7bcde0: 83e4 f04c | 8b5b 604d | 85db 0f85 | ab00 0000 | e805 0000 | 00e9 9900 | 0000 488b | d348 8d44 
  0x000002240f7bce00: 2408 4c89 | 6dc0 498b | cfc5 f877 | 4989 afb0 | 0300 0049 | 8987 a003 | 0000 4883 | ec20 40f6 
  0x000002240f7bce20: c40f 0f84 | 1900 0000 | 4883 ec08 | 48b8 10ca | d7a9 fb7f | 0000 ffd0 | 4883 c408 | e90c 0000 
  0x000002240f7bce40: 0048 b810 | cad7 a9fb | 7f00 00ff | d048 83c4 | 2049 c787 | a003 0000 | 0000 0000 | 49c7 87b0 
  0x000002240f7bce60: 0300 0000 | 0000 0049 | c787 a803 | 0000 0000 | 0000 c5f8 | 7749 837f | 0800 0f84 | 0500 0000 
  0x000002240f7bce80: e97b 40ff | ff4c 8b6d | c04c 8b75 | c84e 8d74 | f500 c348 | 8b5d e84c | 8b5b 6041 | ffd3 488b 
  0x000002240f7bcea0: 5de8 4889 | 4518 448b | 5b28 41f6 | c308 0f84 | 1b00 0000 | 4c8b 5b08 | 4d8b 5b08 | 4d8b 5b18 
  0x000002240f7bcec0: 4d8b 5b70 | 4d8b 1b4c | 895d 1048 | 8d55 1048 | 8b43 5849 | ba00 0d0f | aafb 7f00 | 0049 3bc2 
  0x000002240f7bcee0: 0f85 ab00 | 0000 e805 | 0000 00e9 | 9900 0000 | 488b d348 | 8d44 2408 | 4c89 6dc0 | 498b cfc5 
  0x000002240f7bcf00: f877 4989 | afb0 0300 | 0049 8987 | a003 0000 | 4883 ec20 | 40f6 c40f | 0f84 1900 | 0000 4883 
  0x000002240f7bcf20: ec08 48b8 | 10ca d7a9 | fb7f 0000 | ffd0 4883 | c408 e90c | 0000 0048 | b810 cad7 | a9fb 7f00 
  0x000002240f7bcf40: 00ff d048 | 83c4 2049 | c787 a003 | 0000 0000 | 0000 49c7 | 87b0 0300 | 0000 0000 | 0049 c787 
  0x000002240f7bcf60: a803 0000 | 0000 0000 | c5f8 7749 | 837f 0800 | 0f84 0500 | 0000 e985 | 3fff ff4c | 8b6d c04c 
  0x000002240f7bcf80: 8b75 c84e | 8d74 f500 | c348 8b5d | e848 8b43 | 5849 8d8f | c003 0000 | c5f8 7749 | 89af b003 
  0x000002240f7bcfa0: 0000 49ba | 98cf 7b0f | 2402 0000 | 4d89 97a8 | 0300 0049 | 89a7 a003 | 0000 41c7 | 8754 0400 
  0x000002240f7bcfc0: 0004 0000 | 00ff d0c5 | f877 4883 | ec10 c5fb | 1104 2448 | 83ec 1048 | 8904 2448 | c744 2408 
  0x000002240f7bcfe0: 0000 0000 | 41c7 8754 | 0400 0005 | 0000 00f0 | 8344 24c0 | 0049 3baf | 5804 0000 | 0f87 0e00 
  0x000002240f7bd000: 0000 4183 | bf50 0400 | 0000 0f84 | 2000 0000 | 498b cf4c | 8be4 4883 | ec20 4883 | e4f0 48b8 
  0x000002240f7bd020: c01f d9a9 | fb7f 0000 | ffd0 498b | e44d 33e4 | 41c7 8754 | 0400 0008 | 0000 0049 | c787 a003 
  0x000002240f7bd040: 0000 0000 | 0000 49c7 | 87b0 0300 | 0000 0000 | 0049 c787 | a803 0000 | 0000 0000 | c5f8 774d 
  0x000002240f7bd060: 8b9f 3004 | 0000 41c7 | 8300 0100 | 0000 0000 | 0049 bb1a | a57b 0f24 | 0200 004c | 3b5d 180f 
  0x000002240f7bd080: 8524 0200 | 0048 8b04 | 2448 83c4 | 1048 85c0 | 0f84 fe01 | 0000 a803 | 0f85 0800 | 0000 488b 
  0x000002240f7bd0a0: 00e9 ee01 | 0000 a801 | 0f85 0900 | 0000 488b | 40fe e9dd | 0100 0048 | 8b40 ff41 | 807f 3800 
  0x000002240f7bd0c0: 0f84 ce01 | 0000 4883 | f800 0f84 | c401 0000 | 4d8b 5f28 | 4983 fb00 | 0f84 1400 | 0000 4983 
  0x000002240f7bd0e0: eb08 4d89 | 5f28 4d03 | 5f30 4989 | 03e9 a201 | 0000 4881 | ecd0 0000 | 0048 8904 | 2448 894c 
  0x000002240f7bd100: 2408 4889 | 5424 1048 | 8974 2418 | 4889 7c24 | 204c 8944 | 2428 4c89 | 4c24 304c | 8954 2438 
  0x000002240f7bd120: 4c89 5c24 | 40c5 fb11 | 4424 50c5 | fb11 4c24 | 58c5 fb11 | 5424 60c5 | fb11 5c24 | 68c5 fb11 
  0x000002240f7bd140: 6424 70c5 | fb11 6c24 | 78c5 fb11 | b424 8000 | 0000 c5fb | 11bc 2488 | 0000 00c5 | 7b11 8424 
  0x000002240f7bd160: 9000 0000 | c57b 118c | 2498 0000 | 00c5 7b11 | 9424 a000 | 0000 c57b | 119c 24a8 | 0000 00c5 
  0x000002240f7bd180: 7b11 a424 | b000 0000 | c57b 11ac | 24b8 0000 | 00c5 7b11 | b424 c000 | 0000 c57b | 11bc 24c8 
  0x000002240f7bd1a0: 0000 0049 | 8bd7 488b | c848 83ec | 2040 f6c4 | 0f0f 8419 | 0000 0048 | 83ec 0848 | b830 3ecc 
  0x000002240f7bd1c0: a9fb 7f00 | 00ff d048 | 83c4 08e9 | 0c00 0000 | 48b8 303e | cca9 fb7f | 0000 ffd0 | 4883 c420 
  0x000002240f7bd1e0: c57b 10bc | 24c8 0000 | 00c5 7b10 | b424 c000 | 0000 c57b | 10ac 24b8 | 0000 00c5 | 7b10 a424 
  0x000002240f7bd200: b000 0000 | c57b 109c | 24a8 0000 | 00c5 7b10 | 9424 a000 | 0000 c57b | 108c 2498 | 0000 00c5 
  0x000002240f7bd220: 7b10 8424 | 9000 0000 | c5fb 10bc | 2488 0000 | 00c5 fb10 | b424 8000 | 0000 c5fb | 106c 2478 
  0x000002240f7bd240: c5fb 1064 | 2470 c5fb | 105c 2468 | c5fb 1054 | 2460 c5fb | 104c 2458 | c5fb 1044 | 2450 4c8b 
  0x000002240f7bd260: 5c24 404c | 8b54 2438 | 4c8b 4c24 | 304c 8b44 | 2428 488b | 7c24 2048 | 8b74 2418 | 488b 5424 
  0x000002240f7bd280: 1048 8b4c | 2408 488b | 0424 4881 | c4d0 0000 | 00c5 f877 | 4889 4510 | 4883 ec10 | 4889 0424 
  0x000002240f7bd2a0: 48c7 4424 | 0800 0000 | 0041 83bf | d004 0000 | 020f 85bf | 0000 0048 | 81ec 8000 | 0000 4889 
  0x000002240f7bd2c0: 4424 7848 | 894c 2470 | 4889 5424 | 6848 895c | 2460 4889 | 6c24 5048 | 8974 2448 | 4889 7c24 
  0x000002240f7bd2e0: 404c 8944 | 2438 4c89 | 4c24 304c | 8954 2428 | 4c89 5c24 | 204c 8964 | 2418 4c89 | 6c24 104c 
  0x000002240f7bd300: 8974 2408 | 4c89 3c24 | 4c8b e448 | 83ec 2048 | 83e4 f048 | b850 ee0e | aafb 7f00 | 00ff d049 
  0x000002240f7bd320: 8be4 4c8b | 3c24 4c8b | 7424 084c | 8b6c 2410 | 4c8b 6424 | 184c 8b5c | 2420 4c8b | 5424 284c 
  0x000002240f7bd340: 8b4c 2430 | 4c8b 4424 | 3848 8b7c | 2440 488b | 7424 4848 | 8b6c 2450 | 488b 5c24 | 6048 8b54 
  0x000002240f7bd360: 2468 488b | 4c24 7048 | 8b44 2478 | 4881 c480 | 0000 004d | 33e4 488b | 5de8 4c8b | 6b08 4d8d 
  0x000002240f7bd380: 6d38 4983 | 7f08 000f | 84bb 0000 | 00e8 0500 | 0000 e996 | 0000 0048 | 8d44 2408 | 4c89 6dc0 
  0x000002240f7bd3a0: 498b cfc5 | f877 4989 | afb0 0300 | 0049 8987 | a003 0000 | 4883 ec20 | 40f6 c40f | 0f84 1900 
  0x000002240f7bd3c0: 0000 4883 | ec08 48b8 | 50e8 d7a9 | fb7f 0000 | ffd0 4883 | c408 e90c | 0000 0048 | b850 e8d7 
  0x000002240f7bd3e0: a9fb 7f00 | 00ff d048 | 83c4 2049 | c787 a003 | 0000 0000 | 0000 49c7 | 87b0 0300 | 0000 0000 
  0x000002240f7bd400: 0049 c787 | a803 0000 | 0000 0000 | c5f8 7749 | 837f 0800 | 0f84 0500 | 0000 e9e1 | 3aff ff4c 
  0x000002240f7bd420: 8b6d c04c | 8b75 c84e | 8d74 f500 | c348 b9c0 | 2836 aafb | 7f00 0048 | 83e4 f048 | b890 95fd 
  0x000002240f7bd440: a9fb 7f00 | 00ff d0f4 | 448b 5b28 | 41f6 c320 | 0f84 4401 | 0000 488d | 55a8 4c8b | 5a08 4d85 
  0x000002240f7bd460: db0f 85bb | 0000 00e8 | 0500 0000 | e996 0000 | 0048 8d44 | 2408 4c89 | 6dc0 498b | cfc5 f877 
  0x000002240f7bd480: 4989 afb0 | 0300 0049 | 8987 a003 | 0000 4883 | ec20 40f6 | c40f 0f84 | 1900 0000 | 4883 ec08 
  0x000002240f7bd4a0: 48b8 80e7 | d7a9 fb7f | 0000 ffd0 | 4883 c408 | e90c 0000 | 0048 b880 | e7d7 a9fb | 7f00 00ff 
  0x000002240f7bd4c0: d048 83c4 | 2049 c787 | a003 0000 | 0000 0000 | 49c7 87b0 | 0300 0000 | 0000 0049 | c787 a803 
  0x000002240f7bd4e0: 0000 0000 | 0000 c5f8 | 7749 837f | 0800 0f84 | 0500 0000 | e907 3aff | ff4c 8b6d | c04c 8b75 
  0x000002240f7bd500: c84e 8d74 | f500 c348 | b9c0 2836 | aafb 7f00 | 0048 83e4 | f048 b890 | 95fd a9fb | 7f00 00ff 
  0x000002240f7bd520: d0f4 4c89 | 6dc0 488d | 024c 8b4a | 0848 c742 | 0800 0000 | 004c 8b00 | 4d85 c00f | 840b 0000 
  0x000002240f7bd540: 00f0 4d0f | b101 0f85 | 0c00 0000 | 49ff 8f58 | 0500 00e9 | 3e00 0000 | 4c89 4a08 | 488b ca48 
  0x000002240f7bd560: 83ec 2040 | f6c4 0f0f | 8419 0000 | 0048 83ec | 0848 b810 | bad7 a9fb | 7f00 00ff | d048 83c4 
  0x000002240f7bd580: 08e9 0c00 | 0000 48b8 | 10ba d7a9 | fb7f 0000 | ffd0 4883 | c420 4c8b | 6dc0 49ba | ac40 5eaa 
  0x000002240f7bd5a0: fb7f 0000 | 4180 3a00 | 0f84 3e00 | 0000 488b | 55e8 498b | cf48 83ec | 2040 f6c4 | 0f0f 8419 
  0x000002240f7bd5c0: 0000 0048 | 83ec 0848 | b800 b60e | aafb 7f00 | 00ff d048 | 83c4 08e9 | 0c00 0000 | 48b8 00b6 
  0x000002240f7bd5e0: 0eaa fb7f | 0000 ffd0 | 4883 c420 | 488b 0424 | 4883 c410 | c5fb 1004 | 2448 83c4 | 104c 8b5d 
  0x000002240f7bd600: 1841 ffd3 | 4c8b 5df8 | c95f 498b | e3ff e7ba | 0000 0000 | e805 0000 | 00e9 9600 | 0000 488d 
  0x000002240f7bd620: 4424 084c | 896d c049 | 8bcf c5f8 | 7749 89af | b003 0000 | 4989 87a0 | 0300 0048 | 83ec 2040 
  0x000002240f7bd640: f6c4 0f0f | 8419 0000 | 0048 83ec | 0848 b8d0 | add7 a9fb | 7f00 00ff | d048 83c4 | 08e9 0c00 
  0x000002240f7bd660: 0000 48b8 | d0ad d7a9 | fb7f 0000 | ffd0 4883 | c420 49c7 | 87a0 0300 | 0000 0000 | 0049 c787 
  0x000002240f7bd680: b003 0000 | 0000 0000 | 49c7 87a8 | 0300 0000 | 0000 00c5 | f877 4983 | 7f08 000f | 8405 0000 
  0x000002240f7bd6a0: 00e9 5a38 | ffff 4c8b | 6dc0 4c8b | 75c8 4e8d | 74f5 00c3 | 488b 5de8 | e95b f6ff | ff66 6690 
[/MachCode]

Compiled method (c1) 73920  540   !   3       java.security.AccessController::doPrivileged (26 bytes)
 total in heap  [0x0000022408354e10,0x00000224083557e8] = 2520
 relocation     [0x0000022408354f68,0x0000022408355020] = 184
 main code      [0x0000022408355020,0x00000224083554b0] = 1168
 stub code      [0x00000224083554b0,0x0000022408355538] = 136
 metadata       [0x0000022408355538,0x0000022408355558] = 32
 scopes data    [0x0000022408355558,0x0000022408355640] = 232
 scopes pcs     [0x0000022408355640,0x0000022408355740] = 256
 dependencies   [0x0000022408355740,0x0000022408355748] = 8
 handler table  [0x0000022408355748,0x00000224083557d8] = 144
 nul chk table  [0x00000224083557d8,0x00000224083557e8] = 16

[Constant Pool (empty)]

[MachCode]
[Verified Entry Point]
  # {method} {0x000002241b435798} 'doPrivileged' '(Ljava/security/PrivilegedExceptionAction;Ljava/security/AccessControlContext;)Ljava/lang/Object;' in 'java/security/AccessController'
  # parm0:    rdx:rdx   = 'java/security/PrivilegedExceptionAction'
  # parm1:    r8:r8     = 'java/security/AccessControlContext'
  #           [sp+0x90]  (sp of caller)
  0x0000022408355020: 8984 2400 | 80ff ff55 | 4881 ec80 | 0000 0090 | 4181 7f20 | 0100 0000 

  0x0000022408355038: ;   {runtime_call StubRoutines (final stubs)}
  0x0000022408355038: 7405 e8a1 

  0x000002240835503c: ;   {metadata(method data for {method} {0x000002241b435798} 'doPrivileged' '(Ljava/security/PrivilegedExceptionAction;Ljava/security/AccessControlContext;)Ljava/lang/Object;' in 'java/security/AccessController')}
  0x000002240835503c: fc48 0748 | be00 550a | 5c24 0200 | 008b becc | 0000 0083 | c702 89be | cc00 0000 | 81e7 fe07 
  0x000002240835505c: 0000 85ff | 0f84 3803 | 0000 4c89 | 4424 4048 | 8954 2448 

  0x0000022408355070: ;   {metadata(method data for {method} {0x000002241b435798} 'doPrivileged' '(Ljava/security/PrivilegedExceptionAction;Ljava/security/AccessControlContext;)Ljava/lang/Object;' in 'java/security/AccessController')}
  0x0000022408355070: 48be 0055 | 0a5c 2402 | 0000 4883 | 8618 0100 | 0001 0f1f 

  0x0000022408355084: ;   {static_call}
  0x0000022408355084: 4400 00e8 

  0x0000022408355088: ; ImmutableOopMap {[64]=Oop [72]=Oop }
                      ;*invokestatic getCallerClass {reexecute=0 rethrow=0 return_oop=0}
                      ; - java.security.AccessController::doPrivileged@0 (line 711)
  0x0000022408355088: 34cd a107 

  0x000002240835508c: ;   {other}
  0x000002240835508c: 0f1f 8400 | 7c02 0000 | 4889 4424 

  0x0000022408355098: ;   {metadata(method data for {method} {0x000002241b435798} 'doPrivileged' '(Ljava/security/PrivilegedExceptionAction;Ljava/security/AccessControlContext;)Ljava/lang/Object;' in 'java/security/AccessController')}
  0x0000022408355098: 5048 ba00 | 550a 5c24 | 0200 0048 | 8382 2801 | 0000 0148 | 8b54 2440 | 4c8b c00f 

  0x00000224083550b4: ;   {static_call}
  0x00000224083550b4: 1f40 00e8 

  0x00000224083550b8: ; ImmutableOopMap {[72]=Oop [80]=Oop }
                      ;*invokestatic checkContext {reexecute=0 rethrow=0 return_oop=0}
                      ; - java.security.AccessController::doPrivileged@6 (line 712)
  0x00000224083550b8: 2704 0000 

  0x00000224083550bc: ;   {other}
  0x00000224083550bc: 0f1f 8400 | ac02 0001 | 4889 4424 

  0x00000224083550c8: ;   {metadata(method data for {method} {0x000002241b435798} 'doPrivileged' '(Ljava/security/PrivilegedExceptionAction;Ljava/security/AccessControlContext;)Ljava/lang/Object;' in 'java/security/AccessController')}
  0x00000224083550c8: 5848 ba00 | 550a 5c24 | 0200 0048 | 8382 3801 

  0x00000224083550d8: ;   {metadata(method data for {method} {0x000002241b435a20} 'executePrivileged' '(Ljava/security/PrivilegedExceptionAction;Ljava/security/AccessControlContext;Ljava/lang/Class;)Ljava/lang/Object;' in 'java/security/AccessController')}
  0x00000224083550d8: 0000 0148 | ba50 1613 | 5c24 0200 | 008b b2cc | 0000 0083 | c602 89b2 | cc00 0000 | 81e6 feff 
  0x00000224083550f8: 1f00 85f6 | 0f84 bd02 | 0000 4885 

  0x0000022408355104: ;   {metadata(method data for {method} {0x000002241b435a20} 'executePrivileged' '(Ljava/security/PrivilegedExceptionAction;Ljava/security/AccessControlContext;Ljava/lang/Class;)Ljava/lang/Object;' in 'java/security/AccessController')}
  0x0000022408355104: c048 ba50 | 1613 5c24 | 0200 0048 | c7c6 1801 | 0000 7407 | 48c7 c628 | 0100 0048 | 8b3c 3248 
  0x0000022408355124: 8d7f 0148 | 893c 320f | 8423 0000 

  0x0000022408355130: ;   {metadata(method data for {method} {0x000002241b435a20} 'executePrivileged' '(Ljava/security/PrivilegedExceptionAction;Ljava/security/AccessControlContext;Ljava/lang/Class;)Ljava/lang/Object;' in 'java/security/AccessController')}
  0x0000022408355130: 0048 ba50 | 1613 5c24 | 0200 0048 | 8382 3801 | 0000 0148 

  0x0000022408355144: ;   {static_call}
  0x0000022408355144: 8bd0 90e8 

  0x0000022408355148: ; ImmutableOopMap {[72]=Oop [80]=Oop [88]=Oop }
                      ;*invokestatic ensureMaterializedForStackWalk {reexecute=0 rethrow=0 return_oop=0}
                      ; - java.security.AccessController::executePrivileged@5 (line 812)
                      ; - java.security.AccessController::doPrivileged@13 (line 714)
  0x0000022408355148: 74c2 a107 

  0x000002240835514c: ;   {other}
  0x000002240835514c: 0f1f 8400 | 3c03 0002 

  0x0000022408355154: ;   {metadata(method data for {method} {0x000002241b435a20} 'executePrivileged' '(Ljava/security/PrivilegedExceptionAction;Ljava/security/AccessControlContext;Ljava/lang/Class;)Ljava/lang/Object;' in 'java/security/AccessController')}
  0x0000022408355154: 48ba 5016 | 135c 2402 | 0000 ff82 | 4801 0000 | 488b 5424 | 4848 3b02 

  0x000002240835516c: ;   {metadata(method data for {method} {0x000002241b435a20} 'executePrivileged' '(Ljava/security/PrivilegedExceptionAction;Ljava/security/AccessControlContext;Ljava/lang/Class;)Ljava/lang/Object;' in 'java/security/AccessController')}
  0x000002240835516c: 488b f248 | bf50 1613 | 5c24 0200 | 008b 7608 | 49ba 0000 | 001b 2402 | 0000 4903 | f248 3bb7 
  0x000002240835518c: b001 0000 | 750d 4883 | 87b8 0100 | 0001 e960 | 0000 0048 | 3bb7 c001 | 0000 750d | 4883 87c8 
  0x00000224083551ac: 0100 0001 | e94a 0000 | 0048 83bf | b001 0000 | 0075 1748 | 89b7 b001 | 0000 48c7 | 87b8 0100 
  0x00000224083551cc: 0001 0000 | 00e9 2900 | 0000 4883 | bfc0 0100 | 0000 7517 | 4889 b7c0 | 0100 0048 | c787 c801 
  0x00000224083551ec: 0000 0100 | 0000 e908 | 0000 0048 | 8387 a801 | 0000 0166 | 0f1f 4400 | 0048 b8ff | ffff ffff 
  0x000002240835520c: ;   {virtual_call}
  0x000002240835520c: ffff ffe8 

  0x0000022408355210: ; ImmutableOopMap {[80]=Oop [88]=Oop }
                      ;*invokeinterface run {reexecute=0 rethrow=0 return_oop=0}
                      ; - java.security.AccessController::executePrivileged@29 (line 816)
                      ; - java.security.AccessController::doPrivileged@13 (line 714)
  0x0000022408355210: 4c66 4a07 

  0x0000022408355214: ;   {other}
  0x0000022408355214: 0f1f 8400 | 0404 0003 

  0x000002240835521c: ;   {metadata(method data for {method} {0x000002241b435a20} 'executePrivileged' '(Ljava/security/PrivilegedExceptionAction;Ljava/security/AccessControlContext;Ljava/lang/Class;)Ljava/lang/Object;' in 'java/security/AccessController')}
  0x000002240835521c: 48ba 5016 | 135c 2402 | 0000 ff82 | d801 0000 

  0x000002240835522c: ;   {metadata(method data for {method} {0x000002241b435a20} 'executePrivileged' '(Ljava/security/PrivilegedExceptionAction;Ljava/security/AccessControlContext;Ljava/lang/Class;)Ljava/lang/Object;' in 'java/security/AccessController')}
  0x000002240835522c: 48ba 5016 | 135c 2402 | 0000 4883 | 8238 0200 | 0001 488b | d048 8944 

  0x0000022408355244: ;   {static_call}
  0x0000022408355244: 2460 90e8 

  0x0000022408355248: ; ImmutableOopMap {[80]=Oop [88]=Oop [96]=Oop }
                      ;*invokestatic ensureMaterializedForStackWalk {reexecute=0 rethrow=0 return_oop=0}
                      ; - java.security.AccessController::executePrivileged@56 (line 824)
                      ; - java.security.AccessController::doPrivileged@13 (line 714)
  0x0000022408355248: 74c1 a107 

  0x000002240835524c: ;   {other}
  0x000002240835524c: 0f1f 8400 | 3c04 0004 

  0x0000022408355254: ;   {metadata(method data for {method} {0x000002241b435a20} 'executePrivileged' '(Ljava/security/PrivilegedExceptionAction;Ljava/security/AccessControlContext;Ljava/lang/Class;)Ljava/lang/Object;' in 'java/security/AccessController')}
  0x0000022408355254: 48b8 5016 | 135c 2402 | 0000 4883 | 8048 0200 

  0x0000022408355264: ;   {metadata(method data for {method} {0x000002241b037300} 'reachabilityFence' '(Ljava/lang/Object;)V' in 'java/lang/ref/Reference')}
  0x0000022408355264: 0001 48b8 | 0035 085c | 2402 0000 | 8b90 cc00 | 0000 83c2 | 0289 90cc | 0000 0081 | e2fe ff1f 
  0x0000022408355284: 0085 d20f | 8458 0100 

  0x000002240835528c: ;   {metadata(method data for {method} {0x000002241b435a20} 'executePrivileged' '(Ljava/security/PrivilegedExceptionAction;Ljava/security/AccessControlContext;Ljava/lang/Class;)Ljava/lang/Object;' in 'java/security/AccessController')}
  0x000002240835528c: 0048 b850 | 1613 5c24 | 0200 0048 | 8380 5802 

  0x000002240835529c: ;   {metadata(method data for {method} {0x000002241b037300} 'reachabilityFence' '(Ljava/lang/Object;)V' in 'java/lang/ref/Reference')}
  0x000002240835529c: 0000 0148 | b800 3508 | 5c24 0200 | 008b 90cc | 0000 0083 | c202 8990 | cc00 0000 | 81e2 feff 
  0x00000224083552bc: 1f00 85d2 | 0f84 4001 | 0000 488b | 4424 6048 | 81c4 8000 

  0x00000224083552d0: ;   {poll_return}
  0x00000224083552d0: 0000 5d49 | 3ba7 5804 | 0000 0f87 | 4701 0000 | c349 8b87 | 0805 0000 | 4d33 d24d | 8997 0805 
  0x00000224083552f0: 0000 4d33 | d24d 8997 | 1005 0000 

  0x00000224083552fc: ;   {metadata(method data for {method} {0x000002241b435798} 'doPrivileged' '(Ljava/security/PrivilegedExceptionAction;Ljava/security/AccessControlContext;)Ljava/lang/Object;' in 'java/security/AccessController')}
  0x00000224083552fc: 4c8b c048 | ba00 550a | 5c24 0200 | 0048 8382 | 4801 0000 

  0x0000022408355310: ;   {metadata(method data for {method} {0x000002241b435358} 'wrapException' '(Ljava/lang/Exception;)Ljava/security/PrivilegedActionException;' in 'java/security/AccessController')}
  0x0000022408355310: 0148 ba08 | 1913 5c24 | 0200 008b | 82cc 0000 | 0083 c002 | 8982 cc00 | 0000 25fe | ff1f 0085 
  0x0000022408355330: c00f 8406 | 0100 0090 

  0x0000022408355338: ;   {no_reloc}
  0x0000022408355338: e930 0100 | 0000 0000 | 0000 e930 | 0100 0048 

  0x0000022408355348: ;   {metadata(method data for {method} {0x000002241b435358} 'wrapException' '(Ljava/lang/Exception;)Ljava/security/PrivilegedActionException;' in 'java/security/AccessController')}
  0x0000022408355348: 8bd0 48be | 0819 135c | 2402 0000 | 4883 8618 | 0100 0001 | 488b d048 | 8944 2468 

  0x0000022408355364: ;   {optimized virtual_call}
  0x0000022408355364: 6666 90e8 

  0x0000022408355368: ; ImmutableOopMap {[104]=Oop }
                      ;*invokespecial <init> {reexecute=0 rethrow=0 return_oop=0}
                      ; - java.security.AccessController::wrapException@5 (line 844)
                      ; - java.security.AccessController::doPrivileged@22 (line 718)
  0x0000022408355368: 1497 4a07 

  0x000002240835536c: ;   {other}
  0x000002240835536c: 0f1f 8400 | 5c05 0005 | 488b 4424 | 68e9 2301 | 0000 498b | 8708 0500 | 004d 33d2 | 4d89 9708 
  0x000002240835538c: 0500 004d | 33d2 4d89 | 9710 0500 | 00e9 0301 

  0x000002240835539c: ;   {metadata({method} {0x000002241b435798} 'doPrivileged' '(Ljava/security/PrivilegedExceptionAction;Ljava/security/AccessControlContext;)Ljava/lang/Object;' in 'java/security/AccessController')}
  0x000002240835539c: 0000 49ba | 9057 431b | 2402 0000 | 4c89 5424 | 0848 c704 | 24ff ffff 

  0x00000224083553b4: ;   {runtime_call counter_overflow Runtime1 stub}
  0x00000224083553b4: ffe8 c6c1 

  0x00000224083553b8: ; ImmutableOopMap {rdx=Oop r8=Oop }
                      ;*synchronization entry
                      ; - java.security.AccessController::doPrivileged@-1 (line 711)
  0x00000224083553b8: 5707 e9a7 

  0x00000224083553bc: ;   {metadata({method} {0x000002241b435a20} 'executePrivileged' '(Ljava/security/PrivilegedExceptionAction;Ljava/security/AccessControlContext;Ljava/lang/Class;)Ljava/lang/Object;' in 'java/security/AccessController')}
  0x00000224083553bc: fcff ff49 | ba18 5a43 | 1b24 0200 | 004c 8954 | 2408 48c7 | 0424 ffff 

  0x00000224083553d4: ;   {runtime_call counter_overflow Runtime1 stub}
  0x00000224083553d4: ffff e8a5 

  0x00000224083553d8: ; ImmutableOopMap {rax=Oop [72]=Oop [80]=Oop [88]=Oop }
                      ;*synchronization entry
                      ; - java.security.AccessController::executePrivileged@-1 (line 811)
                      ; - java.security.AccessController::doPrivileged@13 (line 714)
  0x00000224083553d8: c157 07e9 | 22fd ffff 

  0x00000224083553e0: ;   {runtime_call throw_null_pointer_exception Runtime1 stub}
  0x00000224083553e0: e89b 7057 

  0x00000224083553e4: ; ImmutableOopMap {rdx=Oop [80]=Oop [88]=Oop }
                      ;*invokeinterface run {reexecute=0 rethrow=0 return_oop=0}
                      ; - java.security.AccessController::executePrivileged@29 (line 816)
                      ; - java.security.AccessController::doPrivileged@13 (line 714)
                      ;   {metadata({method} {0x000002241b037300} 'reachabilityFence' '(Ljava/lang/Object;)V' in 'java/lang/ref/Reference')}
  0x00000224083553e4: 0749 baf8 | 7203 1b24 | 0200 004c | 8954 2408 | 48c7 0424 | ffff ffff 

  0x00000224083553fc: ;   {runtime_call counter_overflow Runtime1 stub}
  0x00000224083553fc: e87f c157 

  0x0000022408355400: ; ImmutableOopMap {[80]=Oop [96]=Oop }
                      ;*synchronization entry
                      ; - java.lang.ref.Reference::reachabilityFence@-1 (line 628)
                      ; - java.security.AccessController::executePrivileged@60 (line 828)
                      ; - java.security.AccessController::doPrivileged@13 (line 714)
  0x0000022408355400: 07e9 87fe 

  0x0000022408355404: ;   {metadata({method} {0x000002241b037300} 'reachabilityFence' '(Ljava/lang/Object;)V' in 'java/lang/ref/Reference')}
  0x0000022408355404: ffff 49ba | f872 031b | 2402 0000 | 4c89 5424 | 0848 c704 | 24ff ffff 

  0x000002240835541c: ;   {runtime_call counter_overflow Runtime1 stub}
  0x000002240835541c: ffe8 5ec1 

  0x0000022408355420: ; ImmutableOopMap {[96]=Oop }
                      ;*synchronization entry
                      ; - java.lang.ref.Reference::reachabilityFence@-1 (line 628)
                      ; - java.security.AccessController::executePrivileged@64 (line 829)
                      ; - java.security.AccessController::doPrivileged@13 (line 714)
  0x0000022408355420: 5707 e99f 

  0x0000022408355424: ;   {internal_word}
  0x0000022408355424: feff ff49 | bad3 5235 | 0824 0200 | 004d 8997 | 7004 0000 

  0x0000022408355438: ;   {runtime_call SafepointBlob}
  0x0000022408355438: e9c3 024b 

  0x000002240835543c: ;   {metadata({method} {0x000002241b435358} 'wrapException' '(Ljava/lang/Exception;)Ljava/security/PrivilegedActionException;' in 'java/security/AccessController')}
  0x000002240835543c: 0749 ba50 | 5343 1b24 | 0200 004c | 8954 2408 | 48c7 0424 | ffff ffff 

  0x0000022408355454: ;   {runtime_call counter_overflow Runtime1 stub}
  0x0000022408355454: e827 c157 

  0x0000022408355458: ; ImmutableOopMap {r8=Oop }
                      ;*synchronization entry
                      ; - java.security.AccessController::wrapException@-1 (line 844)
                      ; - java.security.AccessController::doPrivileged@22 (line 718)
  0x0000022408355458: 07e9 d9fe 

  0x000002240835545c: ;   {metadata(nullptr)}
  0x000002240835545c: ffff 48ba | 0000 0000 | 0000 0000 | b800 0f05 

  0x000002240835546c: ;   {runtime_call load_klass_patching Runtime1 stub}
  0x000002240835546c: 0ae8 8eb0 

  0x0000022408355470: ; ImmutableOopMap {r8=Oop }
                      ;*new {reexecute=1 rethrow=0 return_oop=0}
                      ; - (reexecute) java.security.AccessController::wrapException@0 (line 844)
                      ; - java.security.AccessController::doPrivileged@22 (line 718)
  0x0000022408355470: 5707 e9c1 | feff ff48 

  0x0000022408355478: ;   {runtime_call new_instance Runtime1 stub}
  0x0000022408355478: 8bd2 e801 

  0x000002240835547c: ; ImmutableOopMap {r8=Oop }
                      ;*new {reexecute=0 rethrow=0 return_oop=0}
                      ; - java.security.AccessController::wrapException@0 (line 844)
                      ; - java.security.AccessController::doPrivileged@22 (line 718)
  0x000002240835547c: 7657 07e9 | c3fe ffff | 498b 8708 | 0500 0049 | c787 0805 | 0000 0000 | 0000 49c7 | 8710 0500 
  0x000002240835549c: 0000 0000 | 0048 81c4 | 8000 0000 

  0x00000224083554a8: ;   {runtime_call unwind_exception Runtime1 stub}
  0x00000224083554a8: 5de9 d260 | 5707 f4f4 
[Stub Code]
  0x00000224083554b0: ;   {no_reloc}
  0x00000224083554b0: 0f1f 4400 

  0x00000224083554b4: ;   {static_stub}
  0x00000224083554b4: 0048 bb00 | 0000 0000 

  0x00000224083554bc: ;   {runtime_call}
  0x00000224083554bc: 0000 00e9 | fbff ffff 

  0x00000224083554c4: ;   {static_stub}
  0x00000224083554c4: 9048 bb00 | 0000 0000 

  0x00000224083554cc: ;   {runtime_call}
  0x00000224083554cc: 0000 00e9 | fbff ffff 

  0x00000224083554d4: ;   {static_stub}
  0x00000224083554d4: 48bb 0000 | 0000 0000 

  0x00000224083554dc: ;   {runtime_call}
  0x00000224083554dc: 0000 e9fb 

  0x00000224083554e0: ;   {static_stub}
  0x00000224083554e0: ffff ff48 | bb00 5443 | 1b24 0200 

  0x00000224083554ec: ;   {runtime_call I2C/C2I adapters}
  0x00000224083554ec: 00e9 f5ec 

  0x00000224083554f0: ;   {static_stub}
  0x00000224083554f0: 4a07 48bb | 0000 0000 | 0000 0000 

  0x00000224083554fc: ;   {runtime_call}
  0x00000224083554fc: e9fb ffff 

  0x0000022408355500: ;   {runtime_call handle_exception_from_callee Runtime1 stub}
  0x0000022408355500: ffe8 7a8d 

  0x0000022408355504: ;   {external_word}
  0x0000022408355504: 5707 48b9 | c028 36aa | fb7f 0000 | 4883 e4f0 

  0x0000022408355514: ;   {runtime_call}
  0x0000022408355514: 48b8 9095 | fda9 fb7f | 0000 ffd0 

  0x0000022408355520: ;   {section_word}
  0x0000022408355520: f449 ba21 | 5535 0824 | 0200 0041 

  0x000002240835552c: ;   {runtime_call DeoptimizationBlob}
  0x000002240835552c: 52e9 6ef4 | 4a07 f4f4 | f4f4 f4f4 
[/MachCode]


---------------  P R O C E S S  ---------------

Threads class SMR info:
_java_thread_list=0x000002241ab72cb0, length=11, elements={
0x000002247940f710, 0x000002247f62e770, 0x000002247f62f330, 0x000002247f630f00,
0x000002247f632970, 0x000002247f6333d0, 0x000002247f633e30, 0x000002247f634bc0,
0x000002247f67b6c0, 0x000002241ab9b2d0, 0x000002241aba0170
}

Java Threads: ( => current thread )
=>0x000002247940f710 JavaThread "main"                              [_thread_in_vm, id=34524, stack(0x000000ade6c00000,0x000000ade6d00000) (1024K)]
  0x000002247f62e770 JavaThread "Reference Handler"          daemon [_thread_blocked, id=36460, stack(0x000000ade7500000,0x000000ade7600000) (1024K)]
  0x000002247f62f330 JavaThread "Finalizer"                  daemon [_thread_blocked, id=36464, stack(0x000000ade7600000,0x000000ade7700000) (1024K)]
  0x000002247f630f00 JavaThread "Signal Dispatcher"          daemon [_thread_blocked, id=36468, stack(0x000000ade7700000,0x000000ade7800000) (1024K)]
  0x000002247f632970 JavaThread "Attach Listener"            daemon [_thread_blocked, id=36472, stack(0x000000ade7800000,0x000000ade7900000) (1024K)]
  0x000002247f6333d0 JavaThread "Service Thread"             daemon [_thread_blocked, id=36476, stack(0x000000ade7900000,0x000000ade7a00000) (1024K)]
  0x000002247f633e30 JavaThread "Monitor Deflation Thread"   daemon [_thread_blocked, id=36480, stack(0x000000ade7a00000,0x000000ade7b00000) (1024K)]
  0x000002247f634bc0 JavaThread "C2 CompilerThread0"         daemon [_thread_blocked, id=36484, stack(0x000000ade7b00000,0x000000ade7c00000) (1024K)]
  0x000002247f67b6c0 JavaThread "C1 CompilerThread0"         daemon [_thread_blocked, id=36544, stack(0x000000ade7c00000,0x000000ade7d00000) (1024K)]
  0x000002241ab9b2d0 JavaThread "Notification Thread"        daemon [_thread_blocked, id=36644, stack(0x000000ade7d00000,0x000000ade7e00000) (1024K)]
  0x000002241aba0170 JavaThread "Common-Cleaner"             daemon [_thread_blocked, id=36692, stack(0x000000ade7e00000,0x000000ade7f00000) (1024K)]
Total: 11

Other Threads:
  0x000002247f611b50 VMThread "VM Thread"                           [id=36448, stack(0x000000ade7400000,0x000000ade7500000) (1024K)] _threads_hazard_ptr=0x000002241ab72cb0
  0x000002247f5f9f70 WatcherThread "VM Periodic Task Thread"        [id=36416, stack(0x000000ade7300000,0x000000ade7400000) (1024K)]
  0x000002247b65d9c0 WorkerThread "GC Thread#0"                     [id=35072, stack(0x000000ade6e00000,0x000000ade6f00000) (1024K)]
  0x000002247b66c3c0 ConcurrentGCThread "G1 Main Marker"            [id=35076, stack(0x000000ade6f00000,0x000000ade7000000) (1024K)]
  0x000002247b66cf80 WorkerThread "G1 Conc#0"                       [id=35080, stack(0x000000ade7000000,0x000000ade7100000) (1024K)]
  0x000002247f4cc540 ConcurrentGCThread "G1 Refine#0"               [id=35084, stack(0x000000ade7100000,0x000000ade7200000) (1024K)]
  0x000002247f4ccf20 ConcurrentGCThread "G1 Service"                [id=35092, stack(0x000000ade7200000,0x000000ade7300000) (1024K)]
Total: 7

Threads with active compile tasks:
Total: 0

VM state: synchronizing (normal execution)

VM Mutex/Monitor currently owned by a thread:  ([mutex/lock_event])
[0x00007ffbaa60ab48] Metaspace_lock - owner thread: 0x000002247940f710
[0x00007ffbaa60cbc8] Threads_lock - owner thread: 0x000002247f611b50

Heap address: 0x0000000724e00000, size: 3506 MB, Compressed Oops mode: Zero based, Oop shift amount: 3

CDS archive(s) mapped at: [0x000002241b000000-0x000002241bc60000-0x000002241bc60000), size 12976128, SharedBaseAddress: 0x000002241b000000, ArchiveRelocationMode: 1.
Compressed class space mapped at: 0x000002241c000000-0x000002245c000000, reserved size: 1073741824
Narrow klass base: 0x000002241b000000, Narrow klass shift: 0, Narrow klass range: 0x41000000

GC Precious Log:
 CardTable entry size: 512
 Card Set container configuration: InlinePtr #cards 4 size 8 Array Of Cards #cards 16 size 48 Howl #buckets 8 coarsen threshold 3686 Howl Bitmap #cards 512 size 80 coarsen threshold 460 Card regions per heap region 1 cards per card region 4096
 CPUs: 12 total, 12 available
 Memory: 14020M
 Large Page Support: Disabled
 NUMA Support: Disabled
 Compressed Oops: Enabled (Zero based)
 Heap Region Size: 2M
 Heap Min Capacity: 8M
 Heap Initial Capacity: 220M
 Heap Max Capacity: 3506M
 Pre-touch: Disabled
 Parallel Workers: 10
 Concurrent Workers: 3
 Concurrent Refinement Workers: 10
 Periodic GC: Disabled

Heap:
 garbage-first heap   total reserved 3590144K, committed 225280K, used 8192K [0x0000000724e00000, 0x0000000800000000)
  region size 2048K, 5 young (10240K), 0 survivors (0K)
 Metaspace       used 2384K, committed 2560K, reserved 1114112K
  class space    used 219K, committed 320K, reserved 1048576K

Heap Regions: E=young(eden), S=young(survivor), O=old, HS=humongous(starts), HC=humongous(continues), CS=collection set, F=free, TAMS=top-at-mark-start, PB=parsable bottom
|   0|0x0000000724e00000, 0x0000000724e00000, 0x0000000725000000|  0%| F|  |TAMS 0x0000000724e00000| PB 0x0000000724e00000| Untracked |  0
|   1|0x0000000725000000, 0x0000000725000000, 0x0000000725200000|  0%| F|  |TAMS 0x0000000725000000| PB 0x0000000725000000| Untracked |  0
|   2|0x0000000725200000, 0x0000000725200000, 0x0000000725400000|  0%| F|  |TAMS 0x0000000725200000| PB 0x0000000725200000| Untracked |  0
|   3|0x0000000725400000, 0x0000000725400000, 0x0000000725600000|  0%| F|  |TAMS 0x0000000725400000| PB 0x0000000725400000| Untracked |  0
|   4|0x0000000725600000, 0x0000000725600000, 0x0000000725800000|  0%| F|  |TAMS 0x0000000725600000| PB 0x0000000725600000| Untracked |  0
|   5|0x0000000725800000, 0x0000000725800000, 0x0000000725a00000|  0%| F|  |TAMS 0x0000000725800000| PB 0x0000000725800000| Untracked |  0
|   6|0x0000000725a00000, 0x0000000725a00000, 0x0000000725c00000|  0%| F|  |TAMS 0x0000000725a00000| PB 0x0000000725a00000| Untracked |  0
|   7|0x0000000725c00000, 0x0000000725c00000, 0x0000000725e00000|  0%| F|  |TAMS 0x0000000725c00000| PB 0x0000000725c00000| Untracked |  0
|   8|0x0000000725e00000, 0x0000000725e00000, 0x0000000726000000|  0%| F|  |TAMS 0x0000000725e00000| PB 0x0000000725e00000| Untracked |  0
|   9|0x0000000726000000, 0x0000000726000000, 0x0000000726200000|  0%| F|  |TAMS 0x0000000726000000| PB 0x0000000726000000| Untracked |  0
|  10|0x0000000726200000, 0x0000000726200000, 0x0000000726400000|  0%| F|  |TAMS 0x0000000726200000| PB 0x0000000726200000| Untracked |  0
|  11|0x0000000726400000, 0x0000000726400000, 0x0000000726600000|  0%| F|  |TAMS 0x0000000726400000| PB 0x0000000726400000| Untracked |  0
|  12|0x0000000726600000, 0x0000000726600000, 0x0000000726800000|  0%| F|  |TAMS 0x0000000726600000| PB 0x0000000726600000| Untracked |  0
|  13|0x0000000726800000, 0x0000000726800000, 0x0000000726a00000|  0%| F|  |TAMS 0x0000000726800000| PB 0x0000000726800000| Untracked |  0
|  14|0x0000000726a00000, 0x0000000726a00000, 0x0000000726c00000|  0%| F|  |TAMS 0x0000000726a00000| PB 0x0000000726a00000| Untracked |  0
|  15|0x0000000726c00000, 0x0000000726c00000, 0x0000000726e00000|  0%| F|  |TAMS 0x0000000726c00000| PB 0x0000000726c00000| Untracked |  0
|  16|0x0000000726e00000, 0x0000000726e00000, 0x0000000727000000|  0%| F|  |TAMS 0x0000000726e00000| PB 0x0000000726e00000| Untracked |  0
|  17|0x0000000727000000, 0x0000000727000000, 0x0000000727200000|  0%| F|  |TAMS 0x0000000727000000| PB 0x0000000727000000| Untracked |  0
|  18|0x0000000727200000, 0x0000000727200000, 0x0000000727400000|  0%| F|  |TAMS 0x0000000727200000| PB 0x0000000727200000| Untracked |  0
|  19|0x0000000727400000, 0x0000000727400000, 0x0000000727600000|  0%| F|  |TAMS 0x0000000727400000| PB 0x0000000727400000| Untracked |  0
|  20|0x0000000727600000, 0x0000000727600000, 0x0000000727800000|  0%| F|  |TAMS 0x0000000727600000| PB 0x0000000727600000| Untracked |  0
|  21|0x0000000727800000, 0x0000000727800000, 0x0000000727a00000|  0%| F|  |TAMS 0x0000000727800000| PB 0x0000000727800000| Untracked |  0
|  22|0x0000000727a00000, 0x0000000727a00000, 0x0000000727c00000|  0%| F|  |TAMS 0x0000000727a00000| PB 0x0000000727a00000| Untracked |  0
|  23|0x0000000727c00000, 0x0000000727c00000, 0x0000000727e00000|  0%| F|  |TAMS 0x0000000727c00000| PB 0x0000000727c00000| Untracked |  0
|  24|0x0000000727e00000, 0x0000000727e00000, 0x0000000728000000|  0%| F|  |TAMS 0x0000000727e00000| PB 0x0000000727e00000| Untracked |  0
|  25|0x0000000728000000, 0x0000000728000000, 0x0000000728200000|  0%| F|  |TAMS 0x0000000728000000| PB 0x0000000728000000| Untracked |  0
|  26|0x0000000728200000, 0x0000000728200000, 0x0000000728400000|  0%| F|  |TAMS 0x0000000728200000| PB 0x0000000728200000| Untracked |  0
|  27|0x0000000728400000, 0x0000000728400000, 0x0000000728600000|  0%| F|  |TAMS 0x0000000728400000| PB 0x0000000728400000| Untracked |  0
|  28|0x0000000728600000, 0x0000000728600000, 0x0000000728800000|  0%| F|  |TAMS 0x0000000728600000| PB 0x0000000728600000| Untracked |  0
|  29|0x0000000728800000, 0x0000000728800000, 0x0000000728a00000|  0%| F|  |TAMS 0x0000000728800000| PB 0x0000000728800000| Untracked |  0
|  30|0x0000000728a00000, 0x0000000728a00000, 0x0000000728c00000|  0%| F|  |TAMS 0x0000000728a00000| PB 0x0000000728a00000| Untracked |  0
|  31|0x0000000728c00000, 0x0000000728c00000, 0x0000000728e00000|  0%| F|  |TAMS 0x0000000728c00000| PB 0x0000000728c00000| Untracked |  0
|  32|0x0000000728e00000, 0x0000000728e00000, 0x0000000729000000|  0%| F|  |TAMS 0x0000000728e00000| PB 0x0000000728e00000| Untracked |  0
|  33|0x0000000729000000, 0x0000000729000000, 0x0000000729200000|  0%| F|  |TAMS 0x0000000729000000| PB 0x0000000729000000| Untracked |  0
|  34|0x0000000729200000, 0x0000000729200000, 0x0000000729400000|  0%| F|  |TAMS 0x0000000729200000| PB 0x0000000729200000| Untracked |  0
|  35|0x0000000729400000, 0x0000000729400000, 0x0000000729600000|  0%| F|  |TAMS 0x0000000729400000| PB 0x0000000729400000| Untracked |  0
|  36|0x0000000729600000, 0x0000000729600000, 0x0000000729800000|  0%| F|  |TAMS 0x0000000729600000| PB 0x0000000729600000| Untracked |  0
|  37|0x0000000729800000, 0x0000000729800000, 0x0000000729a00000|  0%| F|  |TAMS 0x0000000729800000| PB 0x0000000729800000| Untracked |  0
|  38|0x0000000729a00000, 0x0000000729a00000, 0x0000000729c00000|  0%| F|  |TAMS 0x0000000729a00000| PB 0x0000000729a00000| Untracked |  0
|  39|0x0000000729c00000, 0x0000000729c00000, 0x0000000729e00000|  0%| F|  |TAMS 0x0000000729c00000| PB 0x0000000729c00000| Untracked |  0
|  40|0x0000000729e00000, 0x0000000729e00000, 0x000000072a000000|  0%| F|  |TAMS 0x0000000729e00000| PB 0x0000000729e00000| Untracked |  0
|  41|0x000000072a000000, 0x000000072a000000, 0x000000072a200000|  0%| F|  |TAMS 0x000000072a000000| PB 0x000000072a000000| Untracked |  0
|  42|0x000000072a200000, 0x000000072a200000, 0x000000072a400000|  0%| F|  |TAMS 0x000000072a200000| PB 0x000000072a200000| Untracked |  0
|  43|0x000000072a400000, 0x000000072a400000, 0x000000072a600000|  0%| F|  |TAMS 0x000000072a400000| PB 0x000000072a400000| Untracked |  0
|  44|0x000000072a600000, 0x000000072a600000, 0x000000072a800000|  0%| F|  |TAMS 0x000000072a600000| PB 0x000000072a600000| Untracked |  0
|  45|0x000000072a800000, 0x000000072a800000, 0x000000072aa00000|  0%| F|  |TAMS 0x000000072a800000| PB 0x000000072a800000| Untracked |  0
|  46|0x000000072aa00000, 0x000000072aa00000, 0x000000072ac00000|  0%| F|  |TAMS 0x000000072aa00000| PB 0x000000072aa00000| Untracked |  0
|  47|0x000000072ac00000, 0x000000072ac00000, 0x000000072ae00000|  0%| F|  |TAMS 0x000000072ac00000| PB 0x000000072ac00000| Untracked |  0
|  48|0x000000072ae00000, 0x000000072ae00000, 0x000000072b000000|  0%| F|  |TAMS 0x000000072ae00000| PB 0x000000072ae00000| Untracked |  0
|  49|0x000000072b000000, 0x000000072b000000, 0x000000072b200000|  0%| F|  |TAMS 0x000000072b000000| PB 0x000000072b000000| Untracked |  0
|  50|0x000000072b200000, 0x000000072b200000, 0x000000072b400000|  0%| F|  |TAMS 0x000000072b200000| PB 0x000000072b200000| Untracked |  0
|  51|0x000000072b400000, 0x000000072b400000, 0x000000072b600000|  0%| F|  |TAMS 0x000000072b400000| PB 0x000000072b400000| Untracked |  0
|  52|0x000000072b600000, 0x000000072b600000, 0x000000072b800000|  0%| F|  |TAMS 0x000000072b600000| PB 0x000000072b600000| Untracked |  0
|  53|0x000000072b800000, 0x000000072b800000, 0x000000072ba00000|  0%| F|  |TAMS 0x000000072b800000| PB 0x000000072b800000| Untracked |  0
|  54|0x000000072ba00000, 0x000000072ba00000, 0x000000072bc00000|  0%| F|  |TAMS 0x000000072ba00000| PB 0x000000072ba00000| Untracked |  0
|  55|0x000000072bc00000, 0x000000072bc00000, 0x000000072be00000|  0%| F|  |TAMS 0x000000072bc00000| PB 0x000000072bc00000| Untracked |  0
|  56|0x000000072be00000, 0x000000072be00000, 0x000000072c000000|  0%| F|  |TAMS 0x000000072be00000| PB 0x000000072be00000| Untracked |  0
|  57|0x000000072c000000, 0x000000072c000000, 0x000000072c200000|  0%| F|  |TAMS 0x000000072c000000| PB 0x000000072c000000| Untracked |  0
|  58|0x000000072c200000, 0x000000072c200000, 0x000000072c400000|  0%| F|  |TAMS 0x000000072c200000| PB 0x000000072c200000| Untracked |  0
|  59|0x000000072c400000, 0x000000072c400000, 0x000000072c600000|  0%| F|  |TAMS 0x000000072c400000| PB 0x000000072c400000| Untracked |  0
|  60|0x000000072c600000, 0x000000072c600000, 0x000000072c800000|  0%| F|  |TAMS 0x000000072c600000| PB 0x000000072c600000| Untracked |  0
|  61|0x000000072c800000, 0x000000072c800000, 0x000000072ca00000|  0%| F|  |TAMS 0x000000072c800000| PB 0x000000072c800000| Untracked |  0
|  62|0x000000072ca00000, 0x000000072ca00000, 0x000000072cc00000|  0%| F|  |TAMS 0x000000072ca00000| PB 0x000000072ca00000| Untracked |  0
|  63|0x000000072cc00000, 0x000000072cc00000, 0x000000072ce00000|  0%| F|  |TAMS 0x000000072cc00000| PB 0x000000072cc00000| Untracked |  0
|  64|0x000000072ce00000, 0x000000072ce00000, 0x000000072d000000|  0%| F|  |TAMS 0x000000072ce00000| PB 0x000000072ce00000| Untracked |  0
|  65|0x000000072d000000, 0x000000072d000000, 0x000000072d200000|  0%| F|  |TAMS 0x000000072d000000| PB 0x000000072d000000| Untracked |  0
|  66|0x000000072d200000, 0x000000072d200000, 0x000000072d400000|  0%| F|  |TAMS 0x000000072d200000| PB 0x000000072d200000| Untracked |  0
|  67|0x000000072d400000, 0x000000072d400000, 0x000000072d600000|  0%| F|  |TAMS 0x000000072d400000| PB 0x000000072d400000| Untracked |  0
|  68|0x000000072d600000, 0x000000072d600000, 0x000000072d800000|  0%| F|  |TAMS 0x000000072d600000| PB 0x000000072d600000| Untracked |  0
|  69|0x000000072d800000, 0x000000072d800000, 0x000000072da00000|  0%| F|  |TAMS 0x000000072d800000| PB 0x000000072d800000| Untracked |  0
|  70|0x000000072da00000, 0x000000072da00000, 0x000000072dc00000|  0%| F|  |TAMS 0x000000072da00000| PB 0x000000072da00000| Untracked |  0
|  71|0x000000072dc00000, 0x000000072dc00000, 0x000000072de00000|  0%| F|  |TAMS 0x000000072dc00000| PB 0x000000072dc00000| Untracked |  0
|  72|0x000000072de00000, 0x000000072de00000, 0x000000072e000000|  0%| F|  |TAMS 0x000000072de00000| PB 0x000000072de00000| Untracked |  0
|  73|0x000000072e000000, 0x000000072e000000, 0x000000072e200000|  0%| F|  |TAMS 0x000000072e000000| PB 0x000000072e000000| Untracked |  0
|  74|0x000000072e200000, 0x000000072e200000, 0x000000072e400000|  0%| F|  |TAMS 0x000000072e200000| PB 0x000000072e200000| Untracked |  0
|  75|0x000000072e400000, 0x000000072e400000, 0x000000072e600000|  0%| F|  |TAMS 0x000000072e400000| PB 0x000000072e400000| Untracked |  0
|  76|0x000000072e600000, 0x000000072e600000, 0x000000072e800000|  0%| F|  |TAMS 0x000000072e600000| PB 0x000000072e600000| Untracked |  0
|  77|0x000000072e800000, 0x000000072e800000, 0x000000072ea00000|  0%| F|  |TAMS 0x000000072e800000| PB 0x000000072e800000| Untracked |  0
|  78|0x000000072ea00000, 0x000000072ea00000, 0x000000072ec00000|  0%| F|  |TAMS 0x000000072ea00000| PB 0x000000072ea00000| Untracked |  0
|  79|0x000000072ec00000, 0x000000072ec00000, 0x000000072ee00000|  0%| F|  |TAMS 0x000000072ec00000| PB 0x000000072ec00000| Untracked |  0
|  80|0x000000072ee00000, 0x000000072ee00000, 0x000000072f000000|  0%| F|  |TAMS 0x000000072ee00000| PB 0x000000072ee00000| Untracked |  0
|  81|0x000000072f000000, 0x000000072f000000, 0x000000072f200000|  0%| F|  |TAMS 0x000000072f000000| PB 0x000000072f000000| Untracked |  0
|  82|0x000000072f200000, 0x000000072f200000, 0x000000072f400000|  0%| F|  |TAMS 0x000000072f200000| PB 0x000000072f200000| Untracked |  0
|  83|0x000000072f400000, 0x000000072f400000, 0x000000072f600000|  0%| F|  |TAMS 0x000000072f400000| PB 0x000000072f400000| Untracked |  0
|  84|0x000000072f600000, 0x000000072f600000, 0x000000072f800000|  0%| F|  |TAMS 0x000000072f600000| PB 0x000000072f600000| Untracked |  0
|  85|0x000000072f800000, 0x000000072f800000, 0x000000072fa00000|  0%| F|  |TAMS 0x000000072f800000| PB 0x000000072f800000| Untracked |  0
|  86|0x000000072fa00000, 0x000000072fa00000, 0x000000072fc00000|  0%| F|  |TAMS 0x000000072fa00000| PB 0x000000072fa00000| Untracked |  0
|  87|0x000000072fc00000, 0x000000072fc00000, 0x000000072fe00000|  0%| F|  |TAMS 0x000000072fc00000| PB 0x000000072fc00000| Untracked |  0
|  88|0x000000072fe00000, 0x000000072fe00000, 0x0000000730000000|  0%| F|  |TAMS 0x000000072fe00000| PB 0x000000072fe00000| Untracked |  0
|  89|0x0000000730000000, 0x0000000730000000, 0x0000000730200000|  0%| F|  |TAMS 0x0000000730000000| PB 0x0000000730000000| Untracked |  0
|  90|0x0000000730200000, 0x0000000730200000, 0x0000000730400000|  0%| F|  |TAMS 0x0000000730200000| PB 0x0000000730200000| Untracked |  0
|  91|0x0000000730400000, 0x0000000730400000, 0x0000000730600000|  0%| F|  |TAMS 0x0000000730400000| PB 0x0000000730400000| Untracked |  0
|  92|0x0000000730600000, 0x0000000730600000, 0x0000000730800000|  0%| F|  |TAMS 0x0000000730600000| PB 0x0000000730600000| Untracked |  0
|  93|0x0000000730800000, 0x0000000730800000, 0x0000000730a00000|  0%| F|  |TAMS 0x0000000730800000| PB 0x0000000730800000| Untracked |  0
|  94|0x0000000730a00000, 0x0000000730a00000, 0x0000000730c00000|  0%| F|  |TAMS 0x0000000730a00000| PB 0x0000000730a00000| Untracked |  0
|  95|0x0000000730c00000, 0x0000000730c00000, 0x0000000730e00000|  0%| F|  |TAMS 0x0000000730c00000| PB 0x0000000730c00000| Untracked |  0
|  96|0x0000000730e00000, 0x0000000730e00000, 0x0000000731000000|  0%| F|  |TAMS 0x0000000730e00000| PB 0x0000000730e00000| Untracked |  0
|  97|0x0000000731000000, 0x0000000731000000, 0x0000000731200000|  0%| F|  |TAMS 0x0000000731000000| PB 0x0000000731000000| Untracked |  0
|  98|0x0000000731200000, 0x0000000731200000, 0x0000000731400000|  0%| F|  |TAMS 0x0000000731200000| PB 0x0000000731200000| Untracked |  0
|  99|0x0000000731400000, 0x0000000731400000, 0x0000000731600000|  0%| F|  |TAMS 0x0000000731400000| PB 0x0000000731400000| Untracked |  0
| 100|0x0000000731600000, 0x0000000731600000, 0x0000000731800000|  0%| F|  |TAMS 0x0000000731600000| PB 0x0000000731600000| Untracked |  0
| 101|0x0000000731800000, 0x0000000731800000, 0x0000000731a00000|  0%| F|  |TAMS 0x0000000731800000| PB 0x0000000731800000| Untracked |  0
| 102|0x0000000731a00000, 0x0000000731a00000, 0x0000000731c00000|  0%| F|  |TAMS 0x0000000731a00000| PB 0x0000000731a00000| Untracked |  0
| 103|0x0000000731c00000, 0x0000000731c00000, 0x0000000731e00000|  0%| F|  |TAMS 0x0000000731c00000| PB 0x0000000731c00000| Untracked |  0
| 104|0x0000000731e00000, 0x0000000731e00000, 0x0000000732000000|  0%| F|  |TAMS 0x0000000731e00000| PB 0x0000000731e00000| Untracked |  0
| 105|0x0000000732000000, 0x000000073207ae78, 0x0000000732200000| 24%| E|  |TAMS 0x0000000732000000| PB 0x0000000732000000| Complete |  0
| 106|0x0000000732200000, 0x0000000732400000, 0x0000000732400000|100%| E|CS|TAMS 0x0000000732200000| PB 0x0000000732200000| Complete |  0
| 107|0x0000000732400000, 0x0000000732600000, 0x0000000732600000|100%| E|CS|TAMS 0x0000000732400000| PB 0x0000000732400000| Complete |  0
| 108|0x0000000732600000, 0x0000000732800000, 0x0000000732800000|100%| E|CS|TAMS 0x0000000732600000| PB 0x0000000732600000| Complete |  0
| 109|0x0000000732800000, 0x0000000732a00000, 0x0000000732a00000|100%| E|CS|TAMS 0x0000000732800000| PB 0x0000000732800000| Complete |  0

Card table byte_map: [0x000002247c300000,0x000002247c9e0000] _byte_map_base: 0x00000224789d9000

Marking Bits: (CMBitMap*) 0x000002247b65dfd0
 Bits: [0x0000022417280000, 0x000002241a948000)

Polling page: 0x00000224793c0000

Metaspace:

Usage:
  Non-class:      2.11 MB used.
      Class:    219.82 KB used.
       Both:      2.33 MB used.

Virtual space:
  Non-class space:       64.00 MB reserved,       2.19 MB (  3%) committed,  1 nodes.
      Class space:        1.00 GB reserved,     320.00 KB ( <1%) committed,  1 nodes.
             Both:        1.06 GB reserved,       2.50 MB ( <1%) committed. 

Chunk freelists:
   Non-Class:  11.05 MB
       Class:  15.62 MB
        Both:  26.67 MB

MaxMetaspaceSize: unlimited
CompressedClassSpaceSize: 1.00 GB
Initial GC threshold: 21.00 MB
Current GC threshold: 21.00 MB
CDS: on
 - commit_granule_bytes: 65536.
 - commit_granule_words: 8192.
 - virtual_space_node_default_size: 8388608.
 - enlarge_chunks_in_place: 1.
 - use_allocation_guard: 0.


Internal statistics:

num_allocs_failed_limit: 0.
num_arena_births: 32.
num_arena_deaths: 0.
num_vsnodes_births: 2.
num_vsnodes_deaths: 0.
num_space_committed: 40.
num_space_uncommitted: 0.
num_chunks_returned_to_freelist: 0.
num_chunks_taken_from_freelist: 85.
num_chunk_merges: 0.
num_chunk_splits: 57.
num_chunks_enlarged: 45.
num_inconsistent_stats: 0.

CodeHeap 'non-profiled nmethods': size=120000Kb used=156Kb max_used=156Kb free=119843Kb
 bounds [0x000002240fd50000, 0x000002240ffc0000, 0x0000022417280000]
CodeHeap 'profiled nmethods': size=120000Kb used=863Kb max_used=863Kb free=119136Kb
 bounds [0x0000022408280000, 0x00000224084f0000, 0x000002240f7b0000]
CodeHeap 'non-nmethods': size=5760Kb used=1310Kb max_used=1326Kb free=4449Kb
 bounds [0x000002240f7b0000, 0x000002240fa20000, 0x000002240fd50000]
 total_blobs=961 nmethods=539 adapters=327
 compilation: enabled
              stopped_count=0, restarted_count=0
 full_count=0

Compilation events (20 events):
Event: 44.153 Thread 0x000002247f67b6c0  536       3       java.lang.invoke.MemberName::isConstructor (8 bytes)
Event: 44.153 Thread 0x000002247f67b6c0 nmethod 536 0x000002240834b090 code [0x000002240834b220, 0x000002240834b3e8]
Event: 44.153 Thread 0x000002247f67b6c0  537       3       java.lang.invoke.LambdaForm$BasicType::basicType (8 bytes)
Event: 44.154 Thread 0x000002247f67b6c0 nmethod 537 0x000002240834b490 code [0x000002240834b660, 0x000002240834b8a0]
Event: 44.154 Thread 0x000002247f67b6c0  538       3       sun.invoke.util.Wrapper::basicTypeChar (18 bytes)
Event: 44.154 Thread 0x000002247f67b6c0 nmethod 538 0x000002240834ba10 code [0x000002240834bbc0, 0x000002240834bd90]
Event: 44.154 Thread 0x000002247f67b6c0  539       3       jdk.internal.org.objectweb.asm.Frame::execute (2305 bytes)
Event: 44.161 Thread 0x000002247f67b6c0 nmethod 539 0x000002240834be90 code [0x000002240834ccc0, 0x0000022408353178]
Event: 44.161 Thread 0x000002247f67b6c0  540   !   3       java.security.AccessController::doPrivileged (26 bytes)
Event: 44.162 Thread 0x000002247f67b6c0 nmethod 540 0x0000022408354e10 code [0x0000022408355020, 0x0000022408355538]
Event: 44.166 Thread 0x000002247f67b6c0  542       3       java.lang.ReflectiveOperationException::<init> (7 bytes)
Event: 44.166 Thread 0x000002247f67b6c0 nmethod 542 0x0000022408355810 code [0x00000224083559c0, 0x0000022408355b58]
Event: 44.166 Thread 0x000002247f67b6c0  543       3       java.lang.Exception::<init> (7 bytes)
Event: 44.166 Thread 0x000002247f67b6c0 nmethod 543 0x0000022408355c10 code [0x0000022408355dc0, 0x0000022408355ef8]
Event: 44.166 Thread 0x000002247f67b6c0  544       3       java.util.LinkedHashMap::get (29 bytes)
Event: 44.166 Thread 0x000002247f67b6c0 nmethod 544 0x0000022408355f90 code [0x0000022408356160, 0x00000224083563b0]
Event: 44.166 Thread 0x000002247f634bc0  545       4       java.lang.AbstractStringBuilder::append (77 bytes)
Event: 44.168 Thread 0x000002247f67b6c0  546       3       sun.net.util.URLUtil::urlNoFragString (143 bytes)
Event: 44.169 Thread 0x000002247f67b6c0 nmethod 546 0x0000022408356490 code [0x00000224083567c0, 0x0000022408357750]
Event: 44.172 Thread 0x000002247f634bc0 nmethod 545 0x000002240fd76710 code [0x000002240fd768e0, 0x000002240fd76f20]

GC Heap History (0 events):
No events

Dll operation events (8 events):
Event: 0.590 Loaded shared library C:\Program Files\Java\jdk-22\bin\java.dll
Event: 3.605 Loaded shared library C:\Program Files\Java\jdk-22\bin\jsvml.dll
Event: 4.288 Loaded shared library C:\Program Files\Java\jdk-22\bin\net.dll
Event: 4.292 Loaded shared library C:\Program Files\Java\jdk-22\bin\nio.dll
Event: 6.731 Loaded shared library C:\Program Files\Java\jdk-22\bin\zip.dll
Event: 30.402 Loaded shared library C:\Program Files\Java\jdk-22\bin\jimage.dll
Event: 34.239 Loaded shared library C:\Program Files\NetBeans-21\netbeans\java\maven\lib\jansi-native\Windows\x86_64\jansi.dll
Event: 35.201 Loaded shared library C:\Program Files\Java\jdk-22\bin\verify.dll

Deoptimization events (14 events):
Event: 6.920 Thread 0x000002247940f710 Uncommon trap: trap_request=0xffffff45 fr.pc=0x000002240fd59278 relative=0x00000000000002b8
Event: 6.920 Thread 0x000002247940f710 Uncommon trap: reason=unstable_if action=reinterpret pc=0x000002240fd59278 method=java.lang.StringLatin1.hashCode([B)I @ 2 c2
Event: 6.921 Thread 0x000002247940f710 DEOPT PACKING pc=0x000002240fd59278 sp=0x000000ade6cfdc90
Event: 6.921 Thread 0x000002247940f710 DEOPT UNPACKING pc=0x000002240f8046a2 sp=0x000000ade6cfdbc8 mode 2
Event: 7.338 Thread 0x000002247940f710 DEOPT PACKING pc=0x00000224082802a8 sp=0x000000ade6cfe450
Event: 7.338 Thread 0x000002247940f710 DEOPT UNPACKING pc=0x000002240f804e42 sp=0x000000ade6cfd8c8 mode 0
Event: 7.852 Thread 0x000002247940f710 Uncommon trap: trap_request=0xffffff45 fr.pc=0x000002240fd5be4c relative=0x000000000000012c
Event: 7.852 Thread 0x000002247940f710 Uncommon trap: reason=unstable_if action=reinterpret pc=0x000002240fd5be4c method=java.lang.StringCoding.countPositives([BII)I @ 17 c2
Event: 7.852 Thread 0x000002247940f710 DEOPT PACKING pc=0x000002240fd5be4c sp=0x000000ade6cfa880
Event: 7.852 Thread 0x000002247940f710 DEOPT UNPACKING pc=0x000002240f8046a2 sp=0x000000ade6cfa820 mode 2
Event: 29.831 Thread 0x000002247940f710 Uncommon trap: trap_request=0xffffff45 fr.pc=0x000002240fd63770 relative=0x0000000000000070
Event: 29.831 Thread 0x000002247940f710 Uncommon trap: reason=unstable_if action=reinterpret pc=0x000002240fd63770 method=java.io.WinNTFileSystem.isSlash(C)Z @ 9 c2
Event: 29.831 Thread 0x000002247940f710 DEOPT PACKING pc=0x000002240fd63770 sp=0x000000ade6cfeab0
Event: 29.831 Thread 0x000002247940f710 DEOPT UNPACKING pc=0x000002240f8046a2 sp=0x000000ade6cfea38 mode 2

Classes loaded (20 events):
Event: 43.715 Loading class java/lang/IndexOutOfBoundsException done
Event: 43.715 Loading class java/lang/StringIndexOutOfBoundsException done
Event: 43.715 Loading class java/util/StringTokenizer
Event: 43.717 Loading class java/util/StringTokenizer done
Event: 43.724 Loading class java/io/StringReader
Event: 43.724 Loading class java/io/StringReader done
Event: 43.725 Loading class java/util/regex/Pattern$BnM
Event: 43.728 Loading class java/util/regex/Pattern$BnM done
Event: 43.728 Loading class java/util/regex/Pattern$SliceS
Event: 43.730 Loading class java/util/regex/Pattern$SliceS done
Event: 43.731 Loading class java/text/MessageFormat
Event: 43.731 Loading class java/text/MessageFormat done
Event: 43.732 Loading class java/io/FileReader
Event: 43.736 Loading class java/io/FileReader done
Event: 43.740 Loading class java/io/EOFException
Event: 43.740 Loading class java/io/EOFException done
Event: 43.746 Loading class java/io/StringWriter
Event: 43.746 Loading class java/io/StringWriter done
Event: 44.167 Loading class java/lang/TypeNotPresentException
Event: 44.167 Loading class java/lang/TypeNotPresentException done

Classes unloaded (0 events):
No events

Classes redefined (0 events):
No events

Internal exceptions (20 events):
Event: 30.122 Thread 0x000002247940f710 Exception <a 'java/lang/NoSuchMethodError'{0x0000000732523d08}: 'java.lang.Object java.lang.invoke.Invokers$Holder.invokeExact_MT(java.lang.Object, java.lang.Object, java.lang.Object, java.lang.Object, java.lang.Object)'> (0x0000000732523d08) 
thrown [s\open\src\hotspot\share\interpreter\linkResolver.cpp, line 774]
Event: 30.161 Thread 0x000002247940f710 Exception <a 'java/lang/NullPointerException'{0x000000073257a298}> (0x000000073257a298) 
thrown [s\open\src\hotspot\share\interpreter\linkResolver.cpp, line 1374]
Event: 34.241 Thread 0x000002247940f710 Exception <a 'java/lang/NullPointerException'{0x00000007325bb1e0}> (0x00000007325bb1e0) 
thrown [s\open\src\hotspot\share\interpreter\linkResolver.cpp, line 1374]
Event: 34.241 Thread 0x000002247940f710 Exception <a 'java/lang/NullPointerException'{0x00000007325bb4c0}> (0x00000007325bb4c0) 
thrown [s\open\src\hotspot\share\interpreter\linkResolver.cpp, line 1374]
Event: 34.241 Thread 0x000002247940f710 Exception <a 'java/lang/NullPointerException'{0x00000007325bb7a0}> (0x00000007325bb7a0) 
thrown [s\open\src\hotspot\share\interpreter\linkResolver.cpp, line 1374]
Event: 34.242 Thread 0x000002247940f710 Exception <a 'java/lang/NullPointerException'{0x00000007325c0508}> (0x00000007325c0508) 
thrown [s\open\src\hotspot\share\interpreter\linkResolver.cpp, line 1374]
Event: 34.247 Thread 0x000002247940f710 Exception <a 'java/lang/NullPointerException'{0x00000007325d3470}> (0x00000007325d3470) 
thrown [s\open\src\hotspot\share\interpreter\linkResolver.cpp, line 1374]
Event: 34.247 Thread 0x000002247940f710 Exception <a 'java/lang/NullPointerException'{0x00000007325d3750}> (0x00000007325d3750) 
thrown [s\open\src\hotspot\share\interpreter\linkResolver.cpp, line 1374]
Event: 34.247 Thread 0x000002247940f710 Exception <a 'java/lang/NullPointerException'{0x00000007325d3a30}> (0x00000007325d3a30) 
thrown [s\open\src\hotspot\share\interpreter\linkResolver.cpp, line 1374]
Event: 34.247 Thread 0x000002247940f710 Exception <a 'java/lang/NullPointerException'{0x00000007325d3d10}> (0x00000007325d3d10) 
thrown [s\open\src\hotspot\share\interpreter\linkResolver.cpp, line 1374]
Event: 34.843 Thread 0x000002247940f710 Exception <a 'sun/nio/fs/WindowsException'{0x00000007325fd278}> (0x00000007325fd278) 
thrown [s\open\src\hotspot\share\prims\jni.cpp, line 520]
Event: 34.843 Thread 0x000002247940f710 Exception <a 'sun/nio/fs/WindowsException'{0x00000007325fda50}> (0x00000007325fda50) 
thrown [s\open\src\hotspot\share\prims\jni.cpp, line 520]
Event: 34.843 Thread 0x000002247940f710 Exception <a 'sun/nio/fs/WindowsException'{0x00000007325fe078}> (0x00000007325fe078) 
thrown [s\open\src\hotspot\share\prims\jni.cpp, line 520]
Event: 34.843 Thread 0x000002247940f710 Exception <a 'sun/nio/fs/WindowsException'{0x00000007325fe678}> (0x00000007325fe678) 
thrown [s\open\src\hotspot\share\prims\jni.cpp, line 520]
Event: 34.843 Thread 0x000002247940f710 Exception <a 'sun/nio/fs/WindowsException'{0x00000007325febf0}> (0x00000007325febf0) 
thrown [s\open\src\hotspot\share\prims\jni.cpp, line 520]
Event: 34.843 Thread 0x000002247940f710 Exception <a 'sun/nio/fs/WindowsException'{0x00000007325ff148}> (0x00000007325ff148) 
thrown [s\open\src\hotspot\share\prims\jni.cpp, line 520]
Event: 34.843 Thread 0x000002247940f710 Exception <a 'sun/nio/fs/WindowsException'{0x00000007325ff650}> (0x00000007325ff650) 
thrown [s\open\src\hotspot\share\prims\jni.cpp, line 520]
Event: 34.843 Thread 0x000002247940f710 Exception <a 'sun/nio/fs/WindowsException'{0x00000007325ffb10}> (0x00000007325ffb10) 
thrown [s\open\src\hotspot\share\prims\jni.cpp, line 520]
Event: 36.076 Thread 0x000002247940f710 Exception <a 'java/lang/NoSuchMethodError'{0x00000007322716a0}: 'void java.lang.invoke.DirectMethodHandle$Holder.invokeStatic(java.lang.Object, java.lang.Object, java.lang.Object)'> (0x00000007322716a0) 
thrown [s\open\src\hotspot\share\interpreter\linkResolver.cpp, line 774]
Event: 44.153 Thread 0x000002247940f710 Exception <a 'java/lang/NoSuchMethodError'{0x0000000732023d28}: 'java.lang.Object java.lang.invoke.DirectMethodHandle$Holder.invokeSpecialIFC(java.lang.Object, java.lang.Object, java.lang.Object, java.lang.Object)'> (0x0000000732023d28) 
thrown [s\open\src\hotspot\share\interpreter\linkResolver.cpp, line 774]

ZGC Phase Switch (0 events):
No events

VM Operations (20 events):
Event: 30.004 Executing VM operation: Cleanup
Event: 30.101 Executing VM operation: Cleanup done
Event: 30.143 Executing VM operation: HandshakeAllThreads (Deoptimize)
Event: 30.144 Executing VM operation: HandshakeAllThreads (Deoptimize) done
Event: 31.113 Executing VM operation: HandshakeAllThreads (Deoptimize)
Event: 31.113 Executing VM operation: HandshakeAllThreads (Deoptimize) done
Event: 31.113 Executing VM operation: Cleanup
Event: 31.113 Executing VM operation: Cleanup done
Event: 32.117 Executing VM operation: Cleanup
Event: 32.117 Executing VM operation: Cleanup done
Event: 36.172 Executing VM operation: Cleanup
Event: 36.339 Executing VM operation: Cleanup done
Event: 37.347 Executing VM operation: Cleanup
Event: 37.347 Executing VM operation: Cleanup done
Event: 38.362 Executing VM operation: Cleanup
Event: 38.362 Executing VM operation: Cleanup done
Event: 40.388 Executing VM operation: Cleanup
Event: 40.388 Executing VM operation: Cleanup done
Event: 42.412 Executing VM operation: Cleanup
Event: 42.524 Executing VM operation: Cleanup done

Events (11 events):
Event: 3.504 Thread 0x000002247940f710 Thread added: 0x000002247940f710
Event: 3.601 Thread 0x000002247f62e770 Thread added: 0x000002247f62e770
Event: 3.601 Thread 0x000002247f62f330 Thread added: 0x000002247f62f330
Event: 3.602 Thread 0x000002247f630f00 Thread added: 0x000002247f630f00
Event: 3.602 Thread 0x000002247f632970 Thread added: 0x000002247f632970
Event: 3.602 Thread 0x000002247f6333d0 Thread added: 0x000002247f6333d0
Event: 3.602 Thread 0x000002247f633e30 Thread added: 0x000002247f633e30
Event: 3.602 Thread 0x000002247f634bc0 Thread added: 0x000002247f634bc0
Event: 3.807 Thread 0x000002247f67b6c0 Thread added: 0x000002247f67b6c0
Event: 4.107 Thread 0x000002241ab9b2d0 Thread added: 0x000002241ab9b2d0
Event: 4.176 Thread 0x000002241aba0170 Thread added: 0x000002241aba0170


Dynamic libraries:
0x00007ff7ed1d0000 - 0x00007ff7ed1e0000 	C:\Program Files\Java\jdk-22\bin\java.exe
0x00007ffc3f9d0000 - 0x00007ffc3fbe7000 	C:\WINDOWS\SYSTEM32\ntdll.dll
0x00007ffc3e920000 - 0x00007ffc3e9e4000 	C:\WINDOWS\System32\KERNEL32.DLL
0x00007ffc3cf80000 - 0x00007ffc3d327000 	C:\WINDOWS\System32\KERNELBASE.dll
0x00007ffc3ce60000 - 0x00007ffc3cf71000 	C:\WINDOWS\System32\ucrtbase.dll
0x00007ffc0f400000 - 0x00007ffc0f417000 	C:\Program Files\Java\jdk-22\bin\jli.dll
0x00007ffc3e9f0000 - 0x00007ffc3eaa2000 	C:\WINDOWS\System32\ADVAPI32.dll
0x00007ffc3eab0000 - 0x00007ffc3eb57000 	C:\WINDOWS\System32\msvcrt.dll
0x00007ffc3dbc0000 - 0x00007ffc3dc68000 	C:\WINDOWS\System32\sechost.dll
0x00007ffc3ce30000 - 0x00007ffc3ce58000 	C:\WINDOWS\System32\bcrypt.dll
0x00007ffc3f650000 - 0x00007ffc3f765000 	C:\WINDOWS\System32\RPCRT4.dll
0x00007ffc3e520000 - 0x00007ffc3e6ce000 	C:\WINDOWS\System32\USER32.dll
0x00007ffc3d4c0000 - 0x00007ffc3d4e6000 	C:\WINDOWS\System32\win32u.dll
0x00007ffc3db70000 - 0x00007ffc3db99000 	C:\WINDOWS\System32\GDI32.dll
0x00007ffc3d3a0000 - 0x00007ffc3d4b9000 	C:\WINDOWS\System32\gdi32full.dll
0x00007ffc3d4f0000 - 0x00007ffc3d58a000 	C:\WINDOWS\System32\msvcp_win.dll
0x00007ffbf78f0000 - 0x00007ffbf790b000 	C:\Program Files\Java\jdk-22\bin\VCRUNTIME140.dll
0x00007ffc10350000 - 0x00007ffc105e3000 	C:\WINDOWS\WinSxS\amd64_microsoft.windows.common-controls_6595b64144ccf1df_6.0.22621.3527_none_270e469b73872a76\COMCTL32.dll
0x00007ffc343d0000 - 0x00007ffc343da000 	C:\WINDOWS\SYSTEM32\VERSION.dll
0x00007ffc3f2b0000 - 0x00007ffc3f2e1000 	C:\WINDOWS\System32\IMM32.DLL
0x00007ffc0e880000 - 0x00007ffc0e88c000 	C:\Program Files\Java\jdk-22\bin\vcruntime140_1.dll
0x00007ffbd0ad0000 - 0x00007ffbd0b5e000 	C:\Program Files\Java\jdk-22\bin\msvcp140.dll
0x00007ffba99a0000 - 0x00007ffbaa6e8000 	C:\Program Files\Java\jdk-22\bin\server\jvm.dll
0x00007ffc3e6d0000 - 0x00007ffc3e741000 	C:\WINDOWS\System32\WS2_32.dll
0x00007ffc3cbb0000 - 0x00007ffc3cbfd000 	C:\WINDOWS\SYSTEM32\POWRPROF.dll
0x00007ffc345c0000 - 0x00007ffc345f4000 	C:\WINDOWS\SYSTEM32\WINMM.dll
0x00007ffc3cb90000 - 0x00007ffc3cba3000 	C:\WINDOWS\SYSTEM32\UMPDC.dll
0x00007ffc3bcd0000 - 0x00007ffc3bce8000 	C:\WINDOWS\SYSTEM32\kernel.appcore.dll
0x00007ffbf77d0000 - 0x00007ffbf77da000 	C:\Program Files\Java\jdk-22\bin\jimage.dll
0x00007ffc3a670000 - 0x00007ffc3a8a2000 	C:\WINDOWS\SYSTEM32\DBGHELP.DLL
0x00007ffc3d700000 - 0x00007ffc3da88000 	C:\WINDOWS\System32\combase.dll
0x00007ffc3da90000 - 0x00007ffc3db67000 	C:\WINDOWS\System32\OLEAUT32.dll
0x00007ffc2a930000 - 0x00007ffc2a962000 	C:\WINDOWS\SYSTEM32\dbgcore.DLL
0x00007ffc3cdb0000 - 0x00007ffc3ce29000 	C:\WINDOWS\System32\bcryptPrimitives.dll
0x00007ffbf78d0000 - 0x00007ffbf78ee000 	C:\Program Files\Java\jdk-22\bin\java.dll
0x00007ffc3dc70000 - 0x00007ffc3e4cc000 	C:\WINDOWS\System32\SHELL32.dll
0x00007ffc3f2f0000 - 0x00007ffc3f495000 	C:\WINDOWS\System32\ole32.dll
0x00007ffc3abe0000 - 0x00007ffc3b4d6000 	C:\WINDOWS\SYSTEM32\windows.storage.dll
0x00007ffc3aaa0000 - 0x00007ffc3abde000 	C:\WINDOWS\SYSTEM32\wintypes.dll
0x00007ffc3ed30000 - 0x00007ffc3ee25000 	C:\WINDOWS\System32\SHCORE.dll
0x00007ffc3ec60000 - 0x00007ffc3ecbe000 	C:\WINDOWS\System32\shlwapi.dll
0x00007ffc3cc20000 - 0x00007ffc3cc41000 	C:\WINDOWS\SYSTEM32\profapi.dll
0x00007ffbdd120000 - 0x00007ffbdd1f7000 	C:\Program Files\Java\jdk-22\bin\jsvml.dll
0x00007ffbf77c0000 - 0x00007ffbf77d0000 	C:\Program Files\Java\jdk-22\bin\net.dll
0x00007ffc3c130000 - 0x00007ffc3c199000 	C:\WINDOWS\system32\mswsock.dll
0x00007ffbdd100000 - 0x00007ffbdd116000 	C:\Program Files\Java\jdk-22\bin\nio.dll
0x00007ffbdd0e0000 - 0x00007ffbdd0f7000 	C:\Program Files\Java\jdk-22\bin\zip.dll
0x0000000069ac0000 - 0x0000000069ae4000 	C:\Program Files\NetBeans-21\netbeans\java\maven\lib\jansi-native\Windows\x86_64\jansi.dll
0x00007ffbf77b0000 - 0x00007ffbf77c0000 	C:\Program Files\Java\jdk-22\bin\verify.dll

dbghelp: loaded successfully - version: 4.0.5 - missing functions: none
symbol engine: initialized successfully - sym options: 0x614 - pdb path: .;C:\Program Files\Java\jdk-22\bin;C:\WINDOWS\SYSTEM32;C:\WINDOWS\WinSxS\amd64_microsoft.windows.common-controls_6595b64144ccf1df_6.0.22621.3527_none_270e469b73872a76;C:\Program Files\Java\jdk-22\bin\server;C:\Program Files\NetBeans-21\netbeans\java\maven\lib\jansi-native\Windows\x86_64

VM Arguments:
jvm_args: -Dclassworlds.conf=C:\Program Files\NetBeans-21\netbeans\java\maven\bin\m2.conf -Dmaven.home=C:\Program Files\NetBeans-21\netbeans\java\maven -Dlibrary.jansi.path=C:\Program Files\NetBeans-21\netbeans\java\maven\lib\jansi-native -Dmaven.multiModuleProjectDirectory=C:\Users\ADMIN\OneDrive\Documents\GitHub\Management_Project_Java\mavenproject1 
java_command: org.codehaus.plexus.classworlds.launcher.Launcher -Dexec.vmArgs=--enable-preview -Dexec.args=${exec.vmArgs} -classpath %classpath ${exec.mainClass} ${exec.appArgs} -Dexec.appArgs= -Dexec.mainClass=GUI.Login -Dexec.executable=C:\Program Files\Java\jdk-22\bin\java.exe -Dmaven.ext.class.path=C:\Program Files\NetBeans-21\netbeans\java\maven-nblib\netbeans-eventspy.jar --no-transfer-progress process-classes org.codehaus.mojo:exec-maven-plugin:3.1.0:exec
java_class_path (initial): C:\Program Files\NetBeans-21\netbeans\java\maven\boot\plexus-classworlds-2.7.0.jar
Launcher Type: SUN_STANDARD

[Global flags]
     intx CICompilerCount                          = 4                                         {product} {ergonomic}
     uint ConcGCThreads                            = 3                                         {product} {ergonomic}
     uint G1ConcRefinementThreads                  = 10                                        {product} {ergonomic}
   size_t G1HeapRegionSize                         = 2097152                                   {product} {ergonomic}
   size_t InitialHeapSize                          = 230686720                                 {product} {ergonomic}
   size_t MarkStackSize                            = 4194304                                   {product} {ergonomic}
   size_t MaxHeapSize                              = 3676307456                                {product} {ergonomic}
   size_t MaxNewSize                               = 2204106752                                {product} {ergonomic}
   size_t MinHeapDeltaBytes                        = 2097152                                   {product} {ergonomic}
   size_t MinHeapSize                              = 8388608                                   {product} {ergonomic}
    uintx NonNMethodCodeHeapSize                   = 5839372                                {pd product} {ergonomic}
    uintx NonProfiledCodeHeapSize                  = 122909434                              {pd product} {ergonomic}
    uintx ProfiledCodeHeapSize                     = 122909434                              {pd product} {ergonomic}
    uintx ReservedCodeCacheSize                    = 251658240                              {pd product} {ergonomic}
     bool SegmentedCodeCache                       = true                                      {product} {ergonomic}
   size_t SoftMaxHeapSize                          = 3676307456                             {manageable} {ergonomic}
     bool UseCompressedOops                        = true                           {product lp64_product} {ergonomic}
     bool UseG1GC                                  = true                                      {product} {ergonomic}
     bool UseLargePagesIndividualAllocation        = false                                  {pd product} {ergonomic}

Logging:
Log output configuration:
 #0: stdout all=warning uptime,level,tags foldmultilines=false
 #1: stderr all=off uptime,level,tags foldmultilines=false

Environment Variables:
JAVA_HOME=C:\Program Files\Java\jdk-22
PATH=C:\Program Files (x86)\VMware\VMware Workstation\bin\;C:\Program Files\Common Files\Oracle\Java\javapath;C:\Program Files (x86)\Common Files\Oracle\Java\javapath;C:\Windows\system32;C:\Windows;C:\Windows\System32\Wbem;C:\Windows\System32\WindowsPowerShell\v1.0\;C:\Windows\System32\OpenSSH\;C:\Program Files (x86)\NVIDIA Corporation\PhysX\Common;C:\Program Files\NVIDIA Corporation\NVIDIA NvDLISR;C:\msys64\mingw64\bin;C:\WINDOWS\system32;C:\WINDOWS;C:\WINDOWS\System32\Wbem;C:\WINDOWS\System32\WindowsPowerShell\v1.0\;C:\WINDOWS\System32\OpenSSH\;C:\Program Files (x86)\Microsoft SQL Server\110\Tools\Binn\;C:\Program Files\Microsoft SQL Server\110\Tools\Binn\;C:\Program Files\Microsoft SQL Server\110\DTS\Binn\;C:\Program Files (x86)\Microsoft SQL Server\110\Tools\Binn\ManagementStudio\;C:\Program Files (x86)\Microsoft SQL Server\110\DTS\Binn\;C:\Program Files\Microsoft SQL Server\150\Tools\Binn\;C:\Program Files\Microsoft SQL Server\Client SDK\ODBC\170\Tools\Binn\;C:\Program Files\dotnet\;C:\Program Files\Git\cmd;C:\Users\ADMIN\AppData\Local\Programs\Python\Python312\Scripts\;C:\Users\ADMIN\AppData\Local\Programs\Python\Python312\;C:\Users\ADMIN\AppData\Local\Programs\Python\Launcher\;C:\Users\ADMIN\AppData\Local\Microsoft\WindowsApps;C:\Users\ADMIN\.dotnet\tools;C:\Users\ADMIN\AppData\Local\Programs\Microsoft VS Code\bin;C:\Users\ADMIN\AppData\Local\GitHubDesktop\bin;C:\Program Files\Java\jdk-22\bin;
USERNAME=ADMIN
OS=Windows_NT
PROCESSOR_IDENTIFIER=AMD64 Family 25 Model 68 Stepping 1, AuthenticAMD
TMP=C:\Users\ADMIN\AppData\Local\Temp
TEMP=C:\Users\ADMIN\AppData\Local\Temp




Periodic native trim disabled

---------------  S Y S T E M  ---------------

OS:
 Windows 11 , 64 bit Build 22621 (10.0.22621.3527)
OS uptime: 1 days 1:44 hours
Hyper-V role detected

CPU: total 12 (initial active 12) (12 cores per cpu, 2 threads per core) family 25 model 68 stepping 1 microcode 0x0, cx8, cmov, fxsr, ht, mmx, 3dnowpref, sse, sse2, sse3, ssse3, sse4a, sse4.1, sse4.2, popcnt, lzcnt, tsc, tscinvbit, avx, avx2, aes, erms, clmul, bmi1, bmi2, adx, sha, fma, vzeroupper, clflush, clflushopt, hv, rdtscp, rdpid, fsrm, f16c, cet_ss
Processor Information for all 12 processors :
  Max Mhz: 3301, Current Mhz: 3301, Mhz Limit: 3301

Memory: 4k page, system-wide physical 14020M (2940M free)
TotalPageFile size 53977M (AvailPageFile size 12777M)
current process WorkingSet (physical memory assigned to process): 33M, peak: 44M
current process commit charge ("private bytes"): 313M, peak: 313M

vm_info: Java HotSpot(TM) 64-Bit Server VM (22+36-2370) for windows-amd64 JRE (22+36-2370), built on 2024-02-15T22:15:19Z by "mach5one" with MS VC++ 17.6 (VS2022)

END.
