#
# There is insufficient memory for the Java Runtime Environment to continue.
# Native memory allocation (mmap) failed to map 65536 bytes. Error detail: Failed to commit metaspace.
# Possible reasons:
#   The system is out of physical RAM or swap space
#   This process is running with CompressedOops enabled, and the Java Heap may be blocking the growth of the native heap
# Possible solutions:
#   Reduce memory load on the system
#   Increase physical memory or swap space
#   Check if swap backing store is full
#   Decrease Java heap size (-Xmx/-Xms)
#   Decrease number of Java threads
#   Decrease Java thread stack sizes (-Xss)
#   Set larger code cache with -XX:ReservedCodeCacheSize=
#   JVM is running with Zero Based Compressed Oops mode in which the Java heap is
#     placed in the first 32GB address space. The Java Heap base address is the
#     maximum limit for the native heap growth. Please use -XX:HeapBaseMinAddress
#     to set the Java Heap base and to place the Java Heap above 32GB virtual address.
# This output file may be truncated or incomplete.
#
#  Out of Memory Error (virtualSpaceNode.cpp:112), pid=39720, tid=39992
#
# JRE version: Java(TM) SE Runtime Environment (22.0+36) (build 22+36-2370)
# Java VM: Java HotSpot(TM) 64-Bit Server VM (22+36-2370, mixed mode, sharing, tiered, compressed oops, compressed class ptrs, g1 gc, windows-amd64)
# No core dump will be written. Minidumps are not enabled by default on client versions of Windows
#

---------------  S U M M A R Y ------------

Command Line: -Dclassworlds.conf=C:\Program Files\NetBeans-21\netbeans\java\maven\bin\m2.conf -Dmaven.home=C:\Program Files\NetBeans-21\netbeans\java\maven -Dlibrary.jansi.path=C:\Program Files\NetBeans-21\netbeans\java\maven\lib\jansi-native -Dmaven.multiModuleProjectDirectory=C:\Users\ADMIN\OneDrive\Documents\GitHub\Management_Project_Java\mavenproject1 org.codehaus.plexus.classworlds.launcher.Launcher -Dexec.vmArgs=--enable-preview -Dexec.args=${exec.vmArgs} -classpath %classpath ${exec.mainClass} ${exec.appArgs} -Dexec.appArgs= -Dexec.mainClass=GUI.Login -Dexec.executable=C:\Program Files\Java\jdk-22\bin\java.exe -Dmaven.ext.class.path=C:\Program Files\NetBeans-21\netbeans\java\maven-nblib\netbeans-eventspy.jar --no-transfer-progress process-classes org.codehaus.mojo:exec-maven-plugin:3.1.0:exec

Host: AMD Ryzen 5 6600HS Creator Edition             , 12 cores, 13G,  Windows 11 , 64 bit Build 22621 (10.0.22621.3527)
Time: Thu May 16 16:18:43 2024 SE Asia Standard Time elapsed time: 22.869928 seconds (0d 0h 0m 22s)

---------------  T H R E A D  ---------------

Current thread (0x000001b7ee8ff570):  JavaThread "main"             [_thread_in_vm, id=39992, stack(0x00000075a7600000,0x00000075a7700000) (1024K)]

Stack: [0x00000075a7600000,0x00000075a7700000]
Native frames: (J=compiled Java code, j=interpreted, Vv=VM code, C=native code)
V  [jvm.dll+0x6e2349]  (no source info available)
V  [jvm.dll+0x874ed3]  (no source info available)
V  [jvm.dll+0x8772fe]  (no source info available)
V  [jvm.dll+0x8779d3]  (no source info available)
V  [jvm.dll+0x27fcb6]  (no source info available)
V  [jvm.dll+0x870b1e]  (no source info available)
V  [jvm.dll+0x6853b5]  (no source info available)
V  [jvm.dll+0x1e3e9c]  (no source info available)
V  [jvm.dll+0x1e3c6e]  (no source info available)
V  [jvm.dll+0x687d08]  (no source info available)
V  [jvm.dll+0x22509c]  (no source info available)
V  [jvm.dll+0x685dce]  (no source info available)
V  [jvm.dll+0x26b100]  (no source info available)
V  [jvm.dll+0x215ce7]  (no source info available)
V  [jvm.dll+0x20b4de]  (no source info available)
V  [jvm.dll+0x5c471f]  (no source info available)
V  [jvm.dll+0x7ec136]  (no source info available)
V  [jvm.dll+0x47cb26]  (no source info available)
V  [jvm.dll+0x4829d8]  (no source info available)
C  [java.dll+0x17e4]  (no source info available)
C  0x000001b787b2598c  (no source info available)

The last pc belongs to native nmethod (printed below).
Java frames: (J=compiled Java code, j=interpreted, Vv=VM code)
J 1096  java.lang.ClassLoader.defineClass1(Ljava/lang/ClassLoader;Ljava/lang/String;[BIILjava/security/ProtectionDomain;Ljava/lang/String;)Ljava/lang/Class; java.base@22 (0 bytes) @ 0x000001b787b258f1 [0x000001b787b25820+0x00000000000000d1]
J 902 c1 java.lang.ClassLoader.defineClass(Ljava/lang/String;[BIILjava/security/ProtectionDomain;)Ljava/lang/Class; java.base@22 (43 bytes) @ 0x000001b78019e77c [0x000001b78019e420+0x000000000000035c]
J 901 c1 java.security.SecureClassLoader.defineClass(Ljava/lang/String;[BIILjava/security/CodeSource;)Ljava/lang/Class; java.base@22 (16 bytes) @ 0x000001b78019e01c [0x000001b78019df40+0x00000000000000dc]
J 907 c1 java.net.URLClassLoader.defineClass(Ljava/lang/String;Ljdk/internal/loader/Resource;)Ljava/lang/Class; java.base@22 (224 bytes) @ 0x000001b7801a3054 [0x000001b7801a1da0+0x00000000000012b4]
J 906 c1 java.net.URLClassLoader$1.run()Ljava/lang/Class; java.base@22 (81 bytes) @ 0x000001b7801a076c [0x000001b78019fb40+0x0000000000000c2c]
J 905 c1 java.net.URLClassLoader$1.run()Ljava/lang/Object; java.base@22 (5 bytes) @ 0x000001b78019f63c [0x000001b78019f5c0+0x000000000000007c]
J 507 c1 java.security.AccessController.doPrivileged(Ljava/security/PrivilegedExceptionAction;Ljava/security/AccessControlContext;)Ljava/lang/Object; java.base@22 (26 bytes) @ 0x000001b7800c8e94 [0x000001b7800c8ca0+0x00000000000001f4]
J 832 c1 java.net.URLClassLoader.findClass(Ljava/lang/String;)Ljava/lang/Class; java.base@22 (47 bytes) @ 0x000001b7801837b4 [0x000001b780183600+0x00000000000001b4]
J 835 c1 org.codehaus.plexus.classworlds.realm.ClassRealm.loadClassFromSelf(Ljava/lang/String;)Ljava/lang/Class; (40 bytes) @ 0x000001b78018522c [0x000001b780184ea0+0x000000000000038c]
J 775 c1 org.codehaus.plexus.classworlds.strategy.SelfFirstStrategy.loadClass(Ljava/lang/String;)Ljava/lang/Class; (50 bytes) @ 0x000001b78015139c [0x000001b780150fc0+0x00000000000003dc]
J 516 c1 org.codehaus.plexus.classworlds.realm.ClassRealm.loadClass(Ljava/lang/String;Z)Ljava/lang/Class; (33 bytes) @ 0x000001b7800ccce4 [0x000001b7800ccb60+0x0000000000000184]
J 515 c1 org.codehaus.plexus.classworlds.realm.ClassRealm.loadClass(Ljava/lang/String;)Ljava/lang/Class; (7 bytes) @ 0x000001b7800cc7c4 [0x000001b7800cc6c0+0x0000000000000104]
v  ~StubRoutines::call_stub 0x000001b78753100d
J 1830  java.lang.Class.getDeclaredMethods0(Z)[Ljava/lang/reflect/Method; java.base@22 (0 bytes) @ 0x000001b787b79973 [0x000001b787b79920+0x0000000000000053]
J 1278 c1 java.lang.Class.privateGetDeclaredMethods(Z)[Ljava/lang/reflect/Method; java.base@22 (64 bytes) @ 0x000001b7802472c4 [0x000001b780247140+0x0000000000000184]
J 1438 c1 java.lang.Class.getDeclaredMethods()[Ljava/lang/reflect/Method; java.base@22 (27 bytes) @ 0x000001b78027ec94 [0x000001b78027eb60+0x0000000000000134]
J 1731 c1 com.google.inject.internal.DeclaredMembers.getDeclaredMethods(Ljava/lang/Class;)[Ljava/lang/reflect/Method; (76 bytes) @ 0x000001b780321bc4 [0x000001b780321b60+0x0000000000000064]
J 1667 c1 com.google.inject.spi.InjectionPoint.getInjectionPoints(Lcom/google/inject/TypeLiteral;ZLcom/google/inject/internal/Errors;)Ljava/util/Set; (491 bytes) @ 0x000001b7802fbf54 [0x000001b7802fb2e0+0x0000000000000c74]
J 1815 c1 com.google.inject.spi.InjectionPoint.forInstanceMethodsAndFields(Lcom/google/inject/TypeLiteral;)Ljava/util/Set; (40 bytes) @ 0x000001b780348f04 [0x000001b780348d40+0x00000000000001c4]
J 1853 c1 org.eclipse.sisu.wire.DependencyAnalyzer.analyzeImplementation(Lcom/google/inject/TypeLiteral;Z)Ljava/lang/Boolean; (131 bytes) @ 0x000001b780357d9c [0x000001b780357480+0x000000000000091c]
j  org.eclipse.sisu.wire.DependencyAnalyzer.visit(Lcom/google/inject/spi/UntargettedBinding;)Ljava/lang/Boolean;+11
j  org.eclipse.sisu.wire.DependencyAnalyzer.visit(Lcom/google/inject/spi/UntargettedBinding;)Ljava/lang/Object;+2
j  com.google.inject.internal.UntargettedBindingImpl.acceptTargetVisitor(Lcom/google/inject/spi/BindingTargetVisitor;)Ljava/lang/Object;+2
j  org.eclipse.sisu.wire.ElementAnalyzer.visit(Lcom/google/inject/Binding;)Ljava/lang/Void;+43
j  org.eclipse.sisu.wire.ElementAnalyzer.visit(Lcom/google/inject/Binding;)Ljava/lang/Object;+2
J 1841 c1 com.google.inject.internal.BindingImpl.acceptVisitor(Lcom/google/inject/spi/ElementVisitor;)Ljava/lang/Object; (8 bytes) @ 0x000001b780353a54 [0x000001b780353940+0x0000000000000114]
j  org.eclipse.sisu.wire.WireModule.configure(Lcom/google/inject/Binder;)V+45
j  com.google.inject.spi.Elements$RecordingBinder.install(Lcom/google/inject/Module;)V+209
j  com.google.inject.spi.Elements.getElements(Lcom/google/inject/Stage;Ljava/lang/Iterable;)Ljava/util/List;+40
j  com.google.inject.internal.InjectorShell$Builder.build(Lcom/google/inject/internal/Initializer;Lcom/google/inject/internal/ProcessedBindingData;Lcom/google/inject/internal/util/ContinuousStopwatch;Lcom/google/inject/internal/Errors;)Ljava/util/List;+163
j  com.google.inject.internal.InternalInjectorCreator.build()Lcom/google/inject/Injector;+48
j  com.google.inject.Guice.createInjector(Lcom/google/inject/Stage;Ljava/lang/Iterable;)Lcom/google/inject/Injector;+15
j  com.google.inject.Guice.createInjector(Ljava/lang/Iterable;)Lcom/google/inject/Injector;+4
j  com.google.inject.Guice.createInjector([Lcom/google/inject/Module;)Lcom/google/inject/Injector;+4
j  org.codehaus.plexus.DefaultPlexusContainer.addPlexusInjector(Ljava/util/List;[Lcom/google/inject/Module;)Lcom/google/inject/Injector;+88
j  org.codehaus.plexus.DefaultPlexusContainer.<init>(Lorg/codehaus/plexus/ContainerConfiguration;[Lcom/google/inject/Module;)V+400
j  org.apache.maven.cli.MavenCli.container(Lorg/apache/maven/cli/CliRequest;)Lorg/codehaus/plexus/PlexusContainer;+279
j  org.apache.maven.cli.MavenCli.doMain(Lorg/apache/maven/cli/CliRequest;)I+34
j  org.apache.maven.cli.MavenCli.main([Ljava/lang/String;Lorg/codehaus/plexus/classworlds/ClassWorld;)I+24
j  java.lang.invoke.DirectMethodHandle$Holder.invokeStatic(Ljava/lang/Object;Ljava/lang/Object;Ljava/lang/Object;)I+11 java.base@22
j  java.lang.invoke.LambdaForm$MH+0x000001b791009400.invoke(Ljava/lang/Object;Ljava/lang/Object;Ljava/lang/Object;Ljava/lang/Object;)Ljava/lang/Object;+54 java.base@22
j  java.lang.invoke.LambdaForm$MH+0x000001b791009800.invokeExact_MT(Ljava/lang/Object;Ljava/lang/Object;Ljava/lang/Object;Ljava/lang/Object;Ljava/lang/Object;)Ljava/lang/Object;+22 java.base@22
j  jdk.internal.reflect.DirectMethodHandleAccessor.invokeImpl(Ljava/lang/Object;[Ljava/lang/Object;)Ljava/lang/Object;+72 java.base@22
j  jdk.internal.reflect.DirectMethodHandleAccessor.invoke(Ljava/lang/Object;[Ljava/lang/Object;)Ljava/lang/Object;+23 java.base@22
j  java.lang.reflect.Method.invoke(Ljava/lang/Object;[Ljava/lang/Object;)Ljava/lang/Object;+102 java.base@22
j  org.codehaus.plexus.classworlds.launcher.Launcher.launchEnhanced([Ljava/lang/String;)V+45
j  org.codehaus.plexus.classworlds.launcher.Launcher.launch([Ljava/lang/String;)V+2
j  org.codehaus.plexus.classworlds.launcher.Launcher.mainWithExitCode([Ljava/lang/String;)I+108
j  org.codehaus.plexus.classworlds.launcher.Launcher.main([Ljava/lang/String;)V+1
v  ~StubRoutines::call_stub 0x000001b78753100d

Compiled method (n/a) 52117 1096     n 0       java.lang.ClassLoader::defineClass1 (native)
 total in heap  [0x000001b787b25690,0x000001b787b25cd0] = 1600
 relocation     [0x000001b787b257e8,0x000001b787b25820] = 56
 main code      [0x000001b787b25820,0x000001b787b25ccf] = 1199
 stub code      [0x000001b787b25ccf,0x000001b787b25cd0] = 1

[Constant Pool (empty)]

[MachCode]
[Entry Point]
  # {method} {0x000001b7903fec58} 'defineClass1' '(Ljava/lang/ClassLoader;Ljava/lang/String;[BIILjava/security/ProtectionDomain;Ljava/lang/String;)Ljava/lang/Class;' in 'java/lang/ClassLoader'
  # parm0:    rdx:rdx   = 'java/lang/ClassLoader'
  # parm1:    r8:r8     = 'java/lang/String'
  # parm2:    r9:r9     = '[B'
  # parm3:    rdi       = int
  # parm4:    rsi       = int
  # parm5:    rcx:rcx   = 'java/security/ProtectionDomain'
  # parm6:    [sp+0xa0]   = 'java/lang/String'  (sp of caller)
  0x000001b787b25820: 448b 5208 | 49bb 0000 | 0090 b701 | 0000 4d03 | d349 3bc2 | 0f84 0600 

  0x000001b787b25838: ;   {runtime_call ic_miss_stub}
  0x000001b787b25838: 0000 e941 | 8fa5 ff90 
[Verified Entry Point]
  0x000001b787b25840: 8984 2400 | 80ff ff55 | 488b ec48 | 81ec 9000 | 0000 6690 | 4181 7f20 | 0100 0000 

  0x000001b787b2585c: ;   {runtime_call StubRoutines (final stubs)}
  0x000001b787b2585c: 7405 e87d | f4a3 ff48 | 837d 1000 | 488d 4510 | 480f 4445 | 1048 8944 | 2440 4889 | 4c24 7048 
  0x000001b787b2587c: 83f9 0048 | 8d44 2470 | 480f 4444 | 2470 4889 | 4424 3848 | 8974 2430 | 4889 7c24 | 284c 894c 
  0x000001b787b2589c: 2458 4983 | f900 488d | 4424 5848 | 0f44 4424 | 5848 8944 | 2420 4c89 | 4424 5049 | 83f8 004c 
  0x000001b787b258bc: 8d4c 2450 | 4c0f 444c | 2450 4889 | 5424 4848 | 83fa 004c | 8d44 2448 | 4c0f 4444 

  0x000001b787b258d8: ;   {oop(a 'java/lang/Class'{0x0000000731072d30} = 'java/lang/ClassLoader')}
  0x000001b787b258d8: 2448 49be | 302d 0731 | 0700 0000 | 4c89 7424 | 784c 8d74 | 2478 498b | d6c5 f877 

  0x000001b787b258f4: ;   {internal_word}
  0x000001b787b258f4: 49ba f158 | b287 b701 | 0000 4d89 | 97a8 0300 | 0049 89a7 | a003 0000 

  0x000001b787b2590c: ;   {external_word}
  0x000001b787b2590c: 49ba ac40 | 5eaa fb7f | 0000 4180 | 3a00 0f84 | 4e00 0000 | 5241 5041 

  0x000001b787b25924: ;   {metadata({method} {0x000001b7903fec58} 'defineClass1' '(Ljava/lang/ClassLoader;Ljava/lang/String;[BIILjava/security/ProtectionDomain;Ljava/lang/String;)Ljava/lang/Class;' in 'java/lang/ClassLoader')}
  0x000001b787b25924: 5148 ba50 | ec3f 90b7 | 0100 0049 | 8bcf 4883 | ec20 40f6 | c40f 0f84 | 1900 0000 | 4883 ec08 
  0x000001b787b25944: ;   {runtime_call}
  0x000001b787b25944: 48b8 00b6 | 0eaa fb7f | 0000 ffd0 | 4883 c408 | e90c 0000 

  0x000001b787b25958: ;   {runtime_call}
  0x000001b787b25958: 0048 b800 | b60e aafb | 7f00 00ff | d048 83c4 | 2041 5941 | 585a 498d | 8fc0 0300 | 0041 c787 
  0x000001b787b25978: 5404 0000 | 0400 0000 

  0x000001b787b25980: ;   {runtime_call}
  0x000001b787b25980: 48b8 a416 | 8df7 fb7f | 0000 ffd0 | c5f8 7741 | c787 5404 | 0000 0500 | 0000 f083 | 4424 c000 
  0x000001b787b259a0: 493b af58 | 0400 000f | 870e 0000 | 0041 83bf | 5004 0000 | 000f 842b | 0000 00c5 | f877 4889 
  0x000001b787b259c0: 45f8 498b | cf4c 8be4 | 4883 ec20 | 4883 e4f0 

  0x000001b787b259d0: ;   {runtime_call}
  0x000001b787b259d0: 48b8 c01f | d9a9 fb7f | 0000 ffd0 | 498b e44d | 33e4 488b | 45f8 41c7 | 8754 0400 | 0008 0000 
  0x000001b787b259f0: 0041 83bf | d004 0000 | 020f 84a3 

  0x000001b787b259fc: ;   {external_word}
  0x000001b787b259fc: 0200 0049 | baac 405e | aafb 7f00 | 0041 803a | 000f 844c | 0000 0048 

  0x000001b787b25a14: ;   {metadata({method} {0x000001b7903fec58} 'defineClass1' '(Ljava/lang/ClassLoader;Ljava/lang/String;[BIILjava/security/ProtectionDomain;Ljava/lang/String;)Ljava/lang/Class;' in 'java/lang/ClassLoader')}
  0x000001b787b25a14: 8945 f848 | ba50 ec3f | 90b7 0100 | 0049 8bcf | 4883 ec20 | 40f6 c40f | 0f84 1900 | 0000 4883 
  0x000001b787b25a34: ;   {runtime_call}
  0x000001b787b25a34: ec08 48b8 | 00b6 0eaa | fb7f 0000 | ffd0 4883 | c408 e90c 

  0x000001b787b25a48: ;   {runtime_call}
  0x000001b787b25a48: 0000 0048 | b800 b60e | aafb 7f00 | 00ff d048 | 83c4 2048 | 8b45 f849 | c787 a003 | 0000 0000 
  0x000001b787b25a68: 0000 49c7 | 87a8 0300 | 0000 0000 | 00c5 f877 | 4885 c00f | 84fe 0100 | 00a8 030f | 8508 0000 
  0x000001b787b25a88: 0048 8b00 | e9ee 0100 | 00a8 010f | 8509 0000 | 0048 8b40 | fee9 dd01 | 0000 488b | 40ff 4180 
  0x000001b787b25aa8: 7f38 000f | 84ce 0100 | 0048 83f8 | 000f 84c4 | 0100 0049 | 8b4f 2848 | 83f9 000f | 8414 0000 
  0x000001b787b25ac8: 0048 83e9 | 0849 894f | 2849 034f | 3048 8901 | e9a2 0100 | 0048 81ec | d000 0000 | 4889 0424 
  0x000001b787b25ae8: 4889 4c24 | 0848 8954 | 2410 4889 | 7424 1848 | 897c 2420 | 4c89 4424 | 284c 894c | 2430 4c89 
  0x000001b787b25b08: 5424 384c | 895c 2440 | c5fb 1144 | 2450 c5fb | 114c 2458 | c5fb 1154 | 2460 c5fb | 115c 2468 
  0x000001b787b25b28: c5fb 1164 | 2470 c5fb | 116c 2478 | c5fb 11b4 | 2480 0000 | 00c5 fb11 | bc24 8800 | 0000 c57b 
  0x000001b787b25b48: ;   {no_reloc}
  0x000001b787b25b48: 1184 2490 | 0000 00c5 | 7b11 8c24 | 9800 0000 | c57b 1194 | 24a0 0000 | 00c5 7b11 | 9c24 a800 
  0x000001b787b25b68: 0000 c57b | 11a4 24b0 | 0000 00c5 | 7b11 ac24 | b800 0000 | c57b 11b4 | 24c0 0000 | 00c5 7b11 
  0x000001b787b25b88: bc24 c800 | 0000 498b | d748 8bc8 | 4883 ec20 | 40f6 c40f | 0f84 1900 | 0000 4883 

  0x000001b787b25ba4: ;   {runtime_call}
  0x000001b787b25ba4: ec08 48b8 | 303e cca9 | fb7f 0000 | ffd0 4883 | c408 e90c 

  0x000001b787b25bb8: ;   {runtime_call}
  0x000001b787b25bb8: 0000 0048 | b830 3ecc | a9fb 7f00 | 00ff d048 | 83c4 20c5 | 7b10 bc24 | c800 0000 | c57b 10b4 
  0x000001b787b25bd8: 24c0 0000 | 00c5 7b10 | ac24 b800 | 0000 c57b | 10a4 24b0 | 0000 00c5 | 7b10 9c24 | a800 0000 
  0x000001b787b25bf8: c57b 1094 | 24a0 0000 | 00c5 7b10 | 8c24 9800 | 0000 c57b | 1084 2490 | 0000 00c5 | fb10 bc24 
  0x000001b787b25c18: 8800 0000 | c5fb 10b4 | 2480 0000 | 00c5 fb10 | 6c24 78c5 | fb10 6424 | 70c5 fb10 | 5c24 68c5 
  0x000001b787b25c38: fb10 5424 | 60c5 fb10 | 4c24 58c5 | fb10 4424 | 504c 8b5c | 2440 4c8b | 5424 384c | 8b4c 2430 
  0x000001b787b25c58: 4c8b 4424 | 2848 8b7c | 2420 488b | 7424 1848 | 8b54 2410 | 488b 4c24 | 0848 8b04 | 2448 81c4 
  0x000001b787b25c78: d000 0000 | c5f8 7749 | 8b8f 3004 | 0000 c781 | 0001 0000 | 0000 0000 | c949 837f | 0800 0f85 
  0x000001b787b25c98: 0100 0000 

  0x000001b787b25c9c: ;   {runtime_call StubRoutines (initial stubs)}
  0x000001b787b25c9c: c3e9 5eb2 | a0ff c5f8 | 7748 8945 | f84c 8be4 | 4883 ec20 | 4883 e4f0 

  0x000001b787b25cb4: ;   {runtime_call}
  0x000001b787b25cb4: 48b8 50ee | 0eaa fb7f | 0000 ffd0 | 498b e44d | 33e4 488b | 45f8 e930 | fdff fff4 
[/MachCode]


Compiled method (c1) 52130  902       3       java.lang.ClassLoader::defineClass (43 bytes)
 total in heap  [0x000001b78019e210,0x000001b78019eb68] = 2392
 relocation     [0x000001b78019e368,0x000001b78019e408] = 160
 main code      [0x000001b78019e420,0x000001b78019e8c0] = 1184
 stub code      [0x000001b78019e8c0,0x000001b78019e938] = 120
 metadata       [0x000001b78019e938,0x000001b78019e968] = 48
 scopes data    [0x000001b78019e968,0x000001b78019ea58] = 240
 scopes pcs     [0x000001b78019ea58,0x000001b78019eb38] = 224
 dependencies   [0x000001b78019eb38,0x000001b78019eb40] = 8
 nul chk table  [0x000001b78019eb40,0x000001b78019eb68] = 40

[Constant Pool (empty)]

[MachCode]
[Entry Point]
  # {method} {0x000001b7903fefd8} 'defineClass' '(Ljava/lang/String;[BIILjava/security/ProtectionDomain;)Ljava/lang/Class;' in 'java/lang/ClassLoader'
  # this:     rdx:rdx   = 'java/lang/ClassLoader'
  # parm0:    r8:r8     = 'java/lang/String'
  # parm1:    r9:r9     = '[B'
  # parm2:    rdi       = int
  # parm3:    rsi       = int
  # parm4:    rcx:rcx   = 'java/security/ProtectionDomain'
  #           [sp+0xc0]  (sp of caller)
  0x000001b78019e420: 448b 5208 | 49bb 0000 | 0090 b701 | 0000 4d03 | d34c 3bd0 

  0x000001b78019e434: ;   {runtime_call ic_miss_stub}
  0x000001b78019e434: 0f85 4603 | 3e07 660f | 1f44 0000 
[Verified Entry Point]
  0x000001b78019e440: 8984 2400 | 80ff ff55 | 4881 ecb0 | 0000 0090 | 4181 7f20 | 0100 0000 

  0x000001b78019e458: ;   {runtime_call StubRoutines (final stubs)}
  0x000001b78019e458: 7405 e881 | 683c 0748 | 8954 2478 

  0x000001b78019e464: ;   {metadata(method data for {method} {0x000001b7903fefd8} 'defineClass' '(Ljava/lang/String;[BIILjava/security/ProtectionDomain;)Ljava/lang/Class;' in 'java/lang/ClassLoader')}
  0x000001b78019e464: 48bb 80a9 | 1bd1 b701 | 0000 8b83 | cc00 0000 | 83c0 0289 | 83cc 0000 | 0025 fe07 | 0000 85c0 
  0x000001b78019e484: 0f84 5803 | 0000 89b4 | 2494 0000 | 0089 bc24 | 9000 0000 | 4c89 8c24 | 8800 0000 

  0x000001b78019e4a0: ;   {metadata(method data for {method} {0x000001b7903fefd8} 'defineClass' '(Ljava/lang/String;[BIILjava/security/ProtectionDomain;)Ljava/lang/Class;' in 'java/lang/ClassLoader')}
  0x000001b78019e4a0: 488b da48 | b880 a91b | d1b7 0100 | 0048 8380 | 1801 0000 | 0149 8bd8 | 4c8b c34c | 8bc9 488b 
  0x000001b78019e4c0: ca48 8bd1 | 4889 9c24 | 8000 0000 

  0x000001b78019e4cc: ;   {optimized virtual_call}
  0x000001b78019e4cc: 6666 90e8 

  0x000001b78019e4d0: ; ImmutableOopMap {[120]=Oop [128]=Oop [136]=Oop }
                      ;*invokevirtual preDefineClass {reexecute=0 rethrow=0 return_oop=0}
                      ; - java.lang.ClassLoader::defineClass@4 (line 1021)
  0x000001b78019e4d0: 4c6d fdff 

  0x000001b78019e4d4: ;   {other}
  0x000001b78019e4d4: 0f1f 8400 | c402 0000 | 4889 8424 | 9800 0000 | 488b 5424 

  0x000001b78019e4e8: ;   {metadata(method data for {method} {0x000001b7903fefd8} 'defineClass' '(Ljava/lang/String;[BIILjava/security/ProtectionDomain;)Ljava/lang/Class;' in 'java/lang/ClassLoader')}
  0x000001b78019e4e8: 7849 b880 | a91b d1b7 | 0100 0049 | 8380 4801 

  0x000001b78019e4f8: ;   {metadata(method data for {method} {0x000001b7903fecc0} 'defineClassSourceLocation' '(Ljava/security/ProtectionDomain;)Ljava/lang/String;' in 'java/lang/ClassLoader')}
  0x000001b78019e4f8: 0000 0149 | b880 9b1b | d1b7 0100 | 0041 8b90 | cc00 0000 | 83c2 0241 | 8990 cc00 | 0000 81e2 
  0x000001b78019e518: feff 1f00 | 85d2 0f84 | df02 0000 

  0x000001b78019e524: ; implicit exception: dispatches to 0x000001b78019e824
  0x000001b78019e524: 483b 004c 

  0x000001b78019e528: ;   {metadata(method data for {method} {0x000001b7903fecc0} 'defineClassSourceLocation' '(Ljava/security/ProtectionDomain;)Ljava/lang/String;' in 'java/lang/ClassLoader')}
  0x000001b78019e528: 8bc0 48ba | 809b 1bd1 | b701 0000 | 4883 8218 | 0100 0001 | 448b 4010 | 49c1 e003 

  0x000001b78019e544: ;   {metadata(method data for {method} {0x000001b7903fecc0} 'defineClassSourceLocation' '(Ljava/security/ProtectionDomain;)Ljava/lang/String;' in 'java/lang/ClassLoader')}
  0x000001b78019e544: 4d85 c048 | ba80 9b1b | d1b7 0100 | 0048 c7c6 | 5801 0000 | 7507 48c7 | c648 0100 | 0048 8b3c 
  0x000001b78019e564: 3248 8d7f | 0148 893c | 320f 850f 

  0x000001b78019e570: ;   {oop(nullptr)}
  0x000001b78019e570: 0000 0048 | bb00 0000 | 0000 0000 | 00e9 a501 | 0000 493b | 0049 8bd0 

  0x000001b78019e588: ;   {metadata(method data for {method} {0x000001b7903fecc0} 'defineClassSourceLocation' '(Ljava/security/ProtectionDomain;)Ljava/lang/String;' in 'java/lang/ClassLoader')}
  0x000001b78019e588: 48be 809b | 1bd1 b701 | 0000 4883 | 8668 0100 | 0001 418b | 500c 48c1 | e203 4885 

  0x000001b78019e5a4: ;   {metadata(method data for {method} {0x000001b7903fecc0} 'defineClassSourceLocation' '(Ljava/security/ProtectionDomain;)Ljava/lang/String;' in 'java/lang/ClassLoader')}
  0x000001b78019e5a4: d248 be80 | 9b1b d1b7 | 0100 0048 | c7c7 a801 | 0000 7507 | 48c7 c798 | 0100 0048 | 8b1c 3e48 
  0x000001b78019e5c4: 8d5b 0148 | 891c 3e0f | 850f 0000 

  0x000001b78019e5d0: ;   {oop(nullptr)}
  0x000001b78019e5d0: 0048 bb00 | 0000 0000 | 0000 00e9 | 4701 0000 

  0x000001b78019e5e0: ;   {metadata(method data for {method} {0x000001b7903fecc0} 'defineClassSourceLocation' '(Ljava/security/ProtectionDomain;)Ljava/lang/String;' in 'java/lang/ClassLoader')}
  0x000001b78019e5e0: 48be 809b | 1bd1 b701 | 0000 4883 | 86b8 0100 | 0001 483b | 024c 8bc2 

  0x000001b78019e5f8: ;   {metadata(method data for {method} {0x000001b7903fecc0} 'defineClassSourceLocation' '(Ljava/security/ProtectionDomain;)Ljava/lang/String;' in 'java/lang/ClassLoader')}
  0x000001b78019e5f8: 48be 809b | 1bd1 b701 | 0000 4883 | 86e8 0100 

  0x000001b78019e608: ;   {metadata(method data for {method} {0x000001b79001a690} 'toString' '()Ljava/lang/String;' in 'java/net/URL')}
  0x000001b78019e608: 0001 49b8 | 5045 17d1 | b701 0000 | 418b b0cc | 0000 0083 | c602 4189 | b0cc 0000 | 0081 e6fe 
  0x000001b78019e628: ff1f 0085 | f60f 8400 | 0200 004c 

  0x000001b78019e634: ;   {metadata(method data for {method} {0x000001b79001a690} 'toString' '()Ljava/lang/String;' in 'java/net/URL')}
  0x000001b78019e634: 8bc2 48be | 5045 17d1 | b701 0000 | 4883 8618 | 0100 0001 

  0x000001b78019e648: ;   {metadata(method data for {method} {0x000001b7903f38b8} 'toExternalForm' '()Ljava/lang/String;' in 'java/net/URL')}
  0x000001b78019e648: 49b8 c8ff | 12d1 b701 | 0000 418b | b0cc 0000 | 0083 c602 | 4189 b0cc | 0000 0081 | e6fe ff1f 
  0x000001b78019e668: 0085 f60f | 84e3 0100 | 008b 7238 | 48c1 e603 

  0x000001b78019e678: ; implicit exception: dispatches to 0x000001b78019e875
  0x000001b78019e678: 483b 064c 

  0x000001b78019e67c: ;   {metadata(method data for {method} {0x000001b7903f38b8} 'toExternalForm' '()Ljava/lang/String;' in 'java/net/URL')}
  0x000001b78019e67c: 8bc6 48bf | c8ff 12d1 | b701 0000 | 458b 4008 | 49ba 0000 | 0090 b701 | 0000 4d03 | c24c 3b87 
  0x000001b78019e69c: 2001 0000 | 750d 4883 | 8728 0100 | 0001 e960 | 0000 004c | 3b87 3001 | 0000 750d | 4883 8738 
  0x000001b78019e6bc: 0100 0001 | e94a 0000 | 0048 83bf | 2001 0000 | 0075 174c | 8987 2001 | 0000 48c7 | 8728 0100 
  0x000001b78019e6dc: 0001 0000 | 00e9 2900 | 0000 4883 | bf30 0100 | 0000 7517 | 4c89 8730 | 0100 0048 | c787 3801 
  0x000001b78019e6fc: 0000 0100 | 0000 e908 | 0000 0048 | 8387 1801 | 0000 014c | 8bc2 488b 

  0x000001b78019e714: ;   {optimized virtual_call}
  0x000001b78019e714: d666 90e8 

  0x000001b78019e718: ; ImmutableOopMap {[120]=Oop [128]=Oop [136]=Oop [152]=Oop }
                      ;*invokevirtual toExternalForm {reexecute=0 rethrow=0 return_oop=0}
                      ; - java.net.URL::toExternalForm@5 (line 1203)
                      ; - java.net.URL::toString@1 (line 1189)
                      ; - java.lang.ClassLoader::defineClassSourceLocation@22 (line 925)
                      ; - java.lang.ClassLoader::defineClass@12 (line 1022)
  0x000001b78019e718: e405 f3ff 

  0x000001b78019e71c: ;   {other}
  0x000001b78019e71c: 0f1f 8400 | 0c05 0001 | 488b d848 | 8b84 2498 | 0000 008b | b424 9400 | 0000 8bbc | 2490 0000 
  0x000001b78019e73c: 004c 8b8c | 2488 0000 | 004c 8b84 | 2480 0000 | 0048 8b54 

  0x000001b78019e750: ;   {metadata(method data for {method} {0x000001b7903fefd8} 'defineClass' '(Ljava/lang/String;[BIILjava/security/ProtectionDomain;)Ljava/lang/Class;' in 'java/lang/ClassLoader')}
  0x000001b78019e750: 2478 48b9 | 80a9 1bd1 | b701 0000 | 4883 8178 | 0100 0001 | 4c8b da49 | 8bd3 488b | c848 891c 
  0x000001b78019e770: 2466 0f1f 

  0x000001b78019e774: ;   {static_call}
  0x000001b78019e774: 4400 00e8 

  0x000001b78019e778: ; ImmutableOopMap {[120]=Oop [152]=Oop }
                      ;*invokestatic defineClass1 {reexecute=0 rethrow=0 return_oop=0}
                      ; - java.lang.ClassLoader::defineClass@27 (line 1023)
  0x000001b78019e778: c470 9807 

  0x000001b78019e77c: ;   {other}
  0x000001b78019e77c: 0f1f 8400 | 6c05 0002 | 488b 5424 

  0x000001b78019e788: ;   {metadata(method data for {method} {0x000001b7903fefd8} 'defineClass' '(Ljava/lang/String;[BIILjava/security/ProtectionDomain;)Ljava/lang/Class;' in 'java/lang/ClassLoader')}
  0x000001b78019e788: 7849 b880 | a91b d1b7 | 0100 0049 | 8380 8801 | 0000 014c | 8bc0 4c8b | 8c24 9800 | 0000 488b 
  0x000001b78019e7a8: 5424 7848 | 8984 24a0 | 0000 000f 

  0x000001b78019e7b4: ;   {optimized virtual_call}
  0x000001b78019e7b4: 1f40 00e8 

  0x000001b78019e7b8: ; ImmutableOopMap {[160]=Oop }
                      ;*invokevirtual postDefineClass {reexecute=0 rethrow=0 return_oop=0}
                      ; - java.lang.ClassLoader::defineClass@37 (line 1024)
  0x000001b78019e7b8: e48f fdff 

  0x000001b78019e7bc: ;   {other}
  0x000001b78019e7bc: 0f1f 8400 | ac05 0003 | 488b 8424 | a000 0000 | 4881 c4b0 | 0000 005d 

  0x000001b78019e7d4: ;   {poll_return}
  0x000001b78019e7d4: 493b a758 | 0400 000f | 8799 0000 

  0x000001b78019e7e0: ;   {metadata({method} {0x000001b7903fefd8} 'defineClass' '(Ljava/lang/String;[BIILjava/security/ProtectionDomain;)Ljava/lang/Class;' in 'java/lang/ClassLoader')}
  0x000001b78019e7e0: 00c3 49ba | d0ef 3f90 | b701 0000 | 4c89 5424 | 0848 c704 | 24ff ffff 

  0x000001b78019e7f8: ;   {runtime_call counter_overflow Runtime1 stub}
  0x000001b78019e7f8: ffe8 02fe 

  0x000001b78019e7fc: ; ImmutableOopMap {rdx=Oop r8=Oop r9=Oop rcx=Oop [120]=Oop }
                      ;*synchronization entry
                      ; - java.lang.ClassLoader::defineClass@-1 (line 1021)
  0x000001b78019e7fc: 4a07 e987 

  0x000001b78019e800: ;   {metadata({method} {0x000001b7903fecc0} 'defineClassSourceLocation' '(Ljava/security/ProtectionDomain;)Ljava/lang/String;' in 'java/lang/ClassLoader')}
  0x000001b78019e800: fcff ff49 | bab8 ec3f | 90b7 0100 | 004c 8954 | 2408 48c7 | 0424 ffff 

  0x000001b78019e818: ;   {runtime_call counter_overflow Runtime1 stub}
  0x000001b78019e818: ffff e8e1 

  0x000001b78019e81c: ; ImmutableOopMap {rax=Oop [120]=Oop [128]=Oop [136]=Oop [152]=Oop }
                      ;*synchronization entry
                      ; - java.lang.ClassLoader::defineClassSourceLocation@-1 (line 922)
                      ; - java.lang.ClassLoader::defineClass@12 (line 1022)
  0x000001b78019e81c: fd4a 07e9 | 00fd ffff 

  0x000001b78019e824: ;   {runtime_call throw_null_pointer_exception Runtime1 stub}
  0x000001b78019e824: e8d7 a24a 

  0x000001b78019e828: ; ImmutableOopMap {rax=Oop [120]=Oop [128]=Oop [136]=Oop [152]=Oop }
                      ;*invokevirtual getCodeSource {reexecute=0 rethrow=0 return_oop=0}
                      ; - java.lang.ClassLoader::defineClassSourceLocation@1 (line 922)
                      ; - java.lang.ClassLoader::defineClass@12 (line 1022)
                      ;   {runtime_call throw_null_pointer_exception Runtime1 stub}
  0x000001b78019e828: 07e8 d2a2 

  0x000001b78019e82c: ; ImmutableOopMap {rax=Oop r8=Oop [120]=Oop [128]=Oop [136]=Oop [152]=Oop }
                      ;*invokevirtual getLocation {reexecute=0 rethrow=0 return_oop=0}
                      ; - java.lang.ClassLoader::defineClassSourceLocation@12 (line 924)
                      ; - java.lang.ClassLoader::defineClass@12 (line 1022)
                      ;   {runtime_call throw_null_pointer_exception Runtime1 stub}
  0x000001b78019e82c: 4a07 e8cd 

  0x000001b78019e830: ; ImmutableOopMap {rdx=Oop [120]=Oop [128]=Oop [136]=Oop [152]=Oop }
                      ;*invokevirtual toString {reexecute=0 rethrow=0 return_oop=0}
                      ; - java.lang.ClassLoader::defineClassSourceLocation@22 (line 925)
                      ; - java.lang.ClassLoader::defineClass@12 (line 1022)
                      ;   {metadata({method} {0x000001b79001a690} 'toString' '()Ljava/lang/String;' in 'java/net/URL')}
  0x000001b78019e830: a24a 0749 | ba88 a601 | 90b7 0100 | 004c 8954 | 2408 48c7 | 0424 ffff 

  0x000001b78019e848: ;   {runtime_call counter_overflow Runtime1 stub}
  0x000001b78019e848: ffff e8b1 

  0x000001b78019e84c: ; ImmutableOopMap {rdx=Oop [120]=Oop [128]=Oop [136]=Oop [152]=Oop }
                      ;*synchronization entry
                      ; - java.net.URL::toString@-1 (line 1189)
                      ; - java.lang.ClassLoader::defineClassSourceLocation@22 (line 925)
                      ; - java.lang.ClassLoader::defineClass@12 (line 1022)
  0x000001b78019e84c: fd4a 07e9 | dffd ffff 

  0x000001b78019e854: ;   {metadata({method} {0x000001b7903f38b8} 'toExternalForm' '()Ljava/lang/String;' in 'java/net/URL')}
  0x000001b78019e854: 49ba b038 | 3f90 b701 | 0000 4c89 | 5424 0848 | c704 24ff 

  0x000001b78019e868: ;   {runtime_call counter_overflow Runtime1 stub}
  0x000001b78019e868: ffff ffe8 

  0x000001b78019e86c: ; ImmutableOopMap {rdx=Oop [120]=Oop [128]=Oop [136]=Oop [152]=Oop }
                      ;*synchronization entry
                      ; - java.net.URL::toExternalForm@-1 (line 1203)
                      ; - java.net.URL::toString@1 (line 1189)
                      ; - java.lang.ClassLoader::defineClassSourceLocation@22 (line 925)
                      ; - java.lang.ClassLoader::defineClass@12 (line 1022)
  0x000001b78019e86c: 90fd 4a07 | e9fc fdff 

  0x000001b78019e874: ;   {runtime_call throw_null_pointer_exception Runtime1 stub}
  0x000001b78019e874: ffe8 86a2 

  0x000001b78019e878: ; ImmutableOopMap {rdx=Oop rsi=Oop [120]=Oop [128]=Oop [136]=Oop [152]=Oop }
                      ;*invokevirtual toExternalForm {reexecute=0 rethrow=0 return_oop=0}
                      ; - java.net.URL::toExternalForm@5 (line 1203)
                      ; - java.net.URL::toString@1 (line 1189)
                      ; - java.lang.ClassLoader::defineClassSourceLocation@22 (line 925)
                      ; - java.lang.ClassLoader::defineClass@12 (line 1022)
                      ;   {internal_word}
  0x000001b78019e878: 4a07 49ba | d4e7 1980 | b701 0000 | 4d89 9770 

  0x000001b78019e888: ;   {runtime_call SafepointBlob}
  0x000001b78019e888: 0400 00e9 | 706e 3e07 | 498b 8708 | 0500 0049 | c787 0805 | 0000 0000 | 0000 49c7 | 8710 0500 
  0x000001b78019e8a8: 0000 0000 | 0048 81c4 | b000 0000 

  0x000001b78019e8b4: ;   {runtime_call unwind_exception Runtime1 stub}
  0x000001b78019e8b4: 5de9 4693 | 4a07 f4f4 | f4f4 f4f4 
[Stub Code]
  0x000001b78019e8c0: ;   {no_reloc}
  0x000001b78019e8c0: 0f1f 4400 

  0x000001b78019e8c4: ;   {static_stub}
  0x000001b78019e8c4: 0048 bb00 | 0000 0000 

  0x000001b78019e8cc: ;   {runtime_call}
  0x000001b78019e8cc: 0000 00e9 | fbff ffff 

  0x000001b78019e8d4: ;   {static_stub}
  0x000001b78019e8d4: 48bb 0000 | 0000 0000 

  0x000001b78019e8dc: ;   {runtime_call}
  0x000001b78019e8dc: 0000 e9fb 

  0x000001b78019e8e0: ;   {static_stub}
  0x000001b78019e8e0: ffff ff48 | bb50 ec3f | 90b7 0100 

  0x000001b78019e8ec: ;   {runtime_call I2C/C2I adapters}
  0x000001b78019e8ec: 00e9 104d 

  0x000001b78019e8f0: ;   {static_stub}
  0x000001b78019e8f0: 3d07 48bb | 0000 0000 | 0000 0000 

  0x000001b78019e8fc: ;   {runtime_call}
  0x000001b78019e8fc: e9fb ffff 

  0x000001b78019e900: ;   {runtime_call handle_exception_from_callee Runtime1 stub}
  0x000001b78019e900: ffe8 fabf 

  0x000001b78019e904: ;   {external_word}
  0x000001b78019e904: 4a07 48b9 | c028 36aa | fb7f 0000 | 4883 e4f0 

  0x000001b78019e914: ;   {runtime_call}
  0x000001b78019e914: 48b8 9095 | fda9 fb7f | 0000 ffd0 

  0x000001b78019e920: ;   {section_word}
  0x000001b78019e920: f449 ba21 | e919 80b7 | 0100 0041 

  0x000001b78019e92c: ;   {runtime_call DeoptimizationBlob}
  0x000001b78019e92c: 52e9 6e60 | 3e07 f4f4 | f4f4 f4f4 
[/MachCode]


Compiled method (c1) 52360  901       3       java.security.SecureClassLoader::defineClass (16 bytes)
 total in heap  [0x000001b78019dd90,0x000001b78019e190] = 1024
 relocation     [0x000001b78019dee8,0x000001b78019df38] = 80
 main code      [0x000001b78019df40,0x000001b78019e098] = 344
 stub code      [0x000001b78019e098,0x000001b78019e0e8] = 80
 metadata       [0x000001b78019e0e8,0x000001b78019e0f0] = 8
 scopes data    [0x000001b78019e0f0,0x000001b78019e138] = 72
 scopes pcs     [0x000001b78019e138,0x000001b78019e188] = 80
 dependencies   [0x000001b78019e188,0x000001b78019e190] = 8

[Constant Pool (empty)]

[MachCode]
[Entry Point]
  # {method} {0x000001b7900438c0} 'defineClass' '(Ljava/lang/String;[BIILjava/security/CodeSource;)Ljava/lang/Class;' in 'java/security/SecureClassLoader'
  # this:     rdx:rdx   = 'java/security/SecureClassLoader'
  # parm0:    r8:r8     = 'java/lang/String'
  # parm1:    r9:r9     = '[B'
  # parm2:    rdi       = int
  # parm3:    rsi       = int
  # parm4:    rcx:rcx   = 'java/security/CodeSource'
  #           [sp+0x80]  (sp of caller)
  0x000001b78019df40: 448b 5208 | 49bb 0000 | 0090 b701 | 0000 4d03 | d34c 3bd0 

  0x000001b78019df54: ;   {runtime_call ic_miss_stub}
  0x000001b78019df54: 0f85 2608 | 3e07 660f | 1f44 0000 
[Verified Entry Point]
  0x000001b78019df60: 8984 2400 | 80ff ff55 | 4883 ec70 | 4181 7f20 | 0100 0000 

  0x000001b78019df74: ;   {runtime_call StubRoutines (final stubs)}
  0x000001b78019df74: 7405 e865 

  0x000001b78019df78: ;   {metadata(method data for {method} {0x000001b7900438c0} 'defineClass' '(Ljava/lang/String;[BIILjava/security/CodeSource;)Ljava/lang/Class;' in 'java/security/SecureClassLoader')}
  0x000001b78019df78: 6d3c 0748 | bba0 a71b | d1b7 0100 | 008b 83cc | 0000 0083 | c002 8983 | cc00 0000 | 25fe 0700 
  0x000001b78019df98: 0085 c00f | 8496 0000 | 0089 7424 | 5c89 7c24 | 584c 894c | 2450 4c89 | 4424 4848 

  0x000001b78019dfb4: ;   {metadata(method data for {method} {0x000001b7900438c0} 'defineClass' '(Ljava/lang/String;[BIILjava/security/CodeSource;)Ljava/lang/Class;' in 'java/security/SecureClassLoader')}
  0x000001b78019dfb4: 8bda 48b8 | a0a7 1bd1 | b701 0000 | 4883 8018 | 0100 0001 | 4c8b c148 | 8bc2 488b | d048 8944 
  0x000001b78019dfd4: ;   {optimized virtual_call}
  0x000001b78019dfd4: 2440 90e8 

  0x000001b78019dfd8: ; ImmutableOopMap {[64]=Oop [72]=Oop [80]=Oop }
                      ;*invokevirtual getProtectionDomain {reexecute=0 rethrow=0 return_oop=0}
                      ; - java.security.SecureClassLoader::defineClass@9 (line 150)
  0x000001b78019dfd8: 4458 fdff 

  0x000001b78019dfdc: ;   {other}
  0x000001b78019dfdc: 0f1f 8400 | 4c02 0000 | 488b 5424 

  0x000001b78019dfe8: ;   {metadata(method data for {method} {0x000001b7900438c0} 'defineClass' '(Ljava/lang/String;[BIILjava/security/CodeSource;)Ljava/lang/Class;' in 'java/security/SecureClassLoader')}
  0x000001b78019dfe8: 4049 b8a0 | a71b d1b7 | 0100 0049 | 8380 4801 | 0000 014c | 8b44 2448 | 4c8b 4c24 | 508b 7c24 
  0x000001b78019e008: 588b 7424 | 5c48 8bc8 | 488b 5424 

  0x000001b78019e014: ;   {optimized virtual_call}
  0x000001b78019e014: 4066 90e8 

  0x000001b78019e018: ; ImmutableOopMap {}
                      ;*invokevirtual defineClass {reexecute=0 rethrow=0 return_oop=0}
                      ; - java.security.SecureClassLoader::defineClass@12 (line 150)
  0x000001b78019e018: 2404 0000 

  0x000001b78019e01c: ;   {other}
  0x000001b78019e01c: 0f1f 8400 | 8c02 0001 | 4883 c470 

  0x000001b78019e028: ;   {poll_return}
  0x000001b78019e028: 5d49 3ba7 | 5804 0000 | 0f87 2200 

  0x000001b78019e034: ;   {metadata({method} {0x000001b7900438c0} 'defineClass' '(Ljava/lang/String;[BIILjava/security/CodeSource;)Ljava/lang/Class;' in 'java/security/SecureClassLoader')}
  0x000001b78019e034: 0000 c349 | bab8 3804 | 90b7 0100 | 004c 8954 | 2408 48c7 | 0424 ffff 

  0x000001b78019e04c: ;   {runtime_call counter_overflow Runtime1 stub}
  0x000001b78019e04c: ffff e8ad 

  0x000001b78019e050: ; ImmutableOopMap {rdx=Oop r8=Oop r9=Oop rcx=Oop }
                      ;*synchronization entry
                      ; - java.security.SecureClassLoader::defineClass@-1 (line 150)
  0x000001b78019e050: 054b 07e9 | 49ff ffff 

  0x000001b78019e058: ;   {internal_word}
  0x000001b78019e058: 49ba 29e0 | 1980 b701 | 0000 4d89 | 9770 0400 

  0x000001b78019e068: ;   {runtime_call SafepointBlob}
  0x000001b78019e068: 00e9 9276 | 3e07 498b | 8708 0500 | 0049 c787 | 0805 0000 | 0000 0000 | 49c7 8710 | 0500 0000 
  0x000001b78019e088: 0000 0048 | 83c4 705d 

  0x000001b78019e090: ;   {runtime_call unwind_exception Runtime1 stub}
  0x000001b78019e090: e96b 9b4a | 07f4 f4f4 
[Stub Code]
  0x000001b78019e098: ;   {no_reloc}
  0x000001b78019e098: 48bb 0000 | 0000 0000 

  0x000001b78019e0a0: ;   {runtime_call}
  0x000001b78019e0a0: 0000 e9fb 

  0x000001b78019e0a4: ;   {static_stub}
  0x000001b78019e0a4: ffff ff48 | bb00 0000 | 0000 0000 

  0x000001b78019e0b0: ;   {runtime_call}
  0x000001b78019e0b0: 00e9 fbff 

  0x000001b78019e0b4: ;   {runtime_call handle_exception_from_callee Runtime1 stub}
  0x000001b78019e0b4: ffff e845 

  0x000001b78019e0b8: ;   {external_word}
  0x000001b78019e0b8: c84a 0748 | b9c0 2836 | aafb 7f00 | 0048 83e4 

  0x000001b78019e0c8: ;   {runtime_call}
  0x000001b78019e0c8: f048 b890 | 95fd a9fb | 7f00 00ff 

  0x000001b78019e0d4: ;   {section_word}
  0x000001b78019e0d4: d0f4 49ba | d6e0 1980 | b701 0000 

  0x000001b78019e0e0: ;   {runtime_call DeoptimizationBlob}
  0x000001b78019e0e0: 4152 e9b9 | 683e 07f4 
[/MachCode]


---------------  P R O C E S S  ---------------

Threads class SMR info:
_java_thread_list=0x000001b7d59fd1d0, length=11, elements={
0x000001b7ee8ff570, 0x000001b78f4e0940, 0x000001b78f4e1500, 0x000001b78f4e40e0,
0x000001b78f4e4b40, 0x000001b78f4e55a0, 0x000001b78f4e6000, 0x000001b78f4e6d90,
0x000001b78f4e7840, 0x000001b78f7a6970, 0x000001b78f7b3450
}

Java Threads: ( => current thread )
=>0x000001b7ee8ff570 JavaThread "main"                              [_thread_in_vm, id=39992, stack(0x00000075a7600000,0x00000075a7700000) (1024K)]
  0x000001b78f4e0940 JavaThread "Reference Handler"          daemon [_thread_blocked, id=40044, stack(0x00000075a7e00000,0x00000075a7f00000) (1024K)]
  0x000001b78f4e1500 JavaThread "Finalizer"                  daemon [_thread_blocked, id=40048, stack(0x00000075a7f00000,0x00000075a8000000) (1024K)]
  0x000001b78f4e40e0 JavaThread "Signal Dispatcher"          daemon [_thread_blocked, id=40052, stack(0x00000075a8000000,0x00000075a8100000) (1024K)]
  0x000001b78f4e4b40 JavaThread "Attach Listener"            daemon [_thread_blocked, id=40056, stack(0x00000075a8100000,0x00000075a8200000) (1024K)]
  0x000001b78f4e55a0 JavaThread "Service Thread"             daemon [_thread_blocked, id=40060, stack(0x00000075a8200000,0x00000075a8300000) (1024K)]
  0x000001b78f4e6000 JavaThread "Monitor Deflation Thread"   daemon [_thread_blocked, id=40064, stack(0x00000075a8300000,0x00000075a8400000) (1024K)]
  0x000001b78f4e6d90 JavaThread "C2 CompilerThread0"         daemon [_thread_blocked, id=40068, stack(0x00000075a8400000,0x00000075a8500000) (1024K)]
  0x000001b78f4e7840 JavaThread "C1 CompilerThread0"         daemon [_thread_blocked, id=40072, stack(0x00000075a8500000,0x00000075a8600000) (1024K)]
  0x000001b78f7a6970 JavaThread "Notification Thread"        daemon [_thread_blocked, id=40076, stack(0x00000075a8600000,0x00000075a8700000) (1024K)]
  0x000001b78f7b3450 JavaThread "Common-Cleaner"             daemon [_thread_blocked, id=40080, stack(0x00000075a8700000,0x00000075a8800000) (1024K)]
Total: 11

Other Threads:
  0x000001b78f4c0eb0 VMThread "VM Thread"                           [id=40040, stack(0x00000075a7d00000,0x00000075a7e00000) (1024K)] _threads_hazard_ptr=0x000001b7d59fd1d0
  0x000001b78f4a92d0 WatcherThread "VM Periodic Task Thread"        [id=40036, stack(0x00000075a7c00000,0x00000075a7d00000) (1024K)]
  0x000001b7eebcd5f0 WorkerThread "GC Thread#0"                     [id=40008, stack(0x00000075a7700000,0x00000075a7800000) (1024K)]
  0x000001b7d5990010 WorkerThread "GC Thread#1"                     [id=43072, stack(0x00000075a8900000,0x00000075a8a00000) (1024K)]
  0x000001b7d59903c0 WorkerThread "GC Thread#2"                     [id=43076, stack(0x00000075a8a00000,0x00000075a8b00000) (1024K)]
  0x000001b7d57f9540 WorkerThread "GC Thread#3"                     [id=43080, stack(0x00000075a8b00000,0x00000075a8c00000) (1024K)]
  0x000001b7d57f98f0 WorkerThread "GC Thread#4"                     [id=43084, stack(0x00000075a8c00000,0x00000075a8d00000) (1024K)]
  0x000001b7d5ae86a0 WorkerThread "GC Thread#5"                     [id=43264, stack(0x00000075a8d00000,0x00000075a8e00000) (1024K)]
  0x000001b7d5ae8e60 WorkerThread "GC Thread#6"                     [id=43268, stack(0x00000075a8e00000,0x00000075a8f00000) (1024K)]
  0x000001b7d5ae9210 WorkerThread "GC Thread#7"                     [id=43272, stack(0x00000075a8f00000,0x00000075a9000000) (1024K)]
  0x000001b7d5ae95c0 WorkerThread "GC Thread#8"                     [id=43276, stack(0x00000075a9000000,0x00000075a9100000) (1024K)]
  0x000001b7eebdc1a0 ConcurrentGCThread "G1 Main Marker"            [id=40012, stack(0x00000075a7800000,0x00000075a7900000) (1024K)]
  0x000001b7eebdcbb0 WorkerThread "G1 Conc#0"                       [id=40016, stack(0x00000075a7900000,0x00000075a7a00000) (1024K)]
  0x000001b7eec2e8a0 ConcurrentGCThread "G1 Refine#0"               [id=40020, stack(0x00000075a7a00000,0x00000075a7b00000) (1024K)]
  0x000001b78f37c930 ConcurrentGCThread "G1 Service"                [id=40024, stack(0x00000075a7b00000,0x00000075a7c00000) (1024K)]
Total: 15

Threads with active compile tasks:
Total: 0

VM state: synchronizing (normal execution)

VM Mutex/Monitor currently owned by a thread:  ([mutex/lock_event])
[0x00007ffbaa60ab48] Metaspace_lock - owner thread: 0x000001b7ee8ff570
[0x00007ffbaa60cbc8] Threads_lock - owner thread: 0x000001b78f4c0eb0

Heap address: 0x0000000724e00000, size: 3506 MB, Compressed Oops mode: Zero based, Oop shift amount: 3

CDS archive(s) mapped at: [0x000001b790000000-0x000001b790c60000-0x000001b790c60000), size 12976128, SharedBaseAddress: 0x000001b790000000, ArchiveRelocationMode: 1.
Compressed class space mapped at: 0x000001b791000000-0x000001b7d1000000, reserved size: 1073741824
Narrow klass base: 0x000001b790000000, Narrow klass shift: 0, Narrow klass range: 0x41000000

GC Precious Log:
 CardTable entry size: 512
 Card Set container configuration: InlinePtr #cards 4 size 8 Array Of Cards #cards 16 size 48 Howl #buckets 8 coarsen threshold 3686 Howl Bitmap #cards 512 size 80 coarsen threshold 460 Card regions per heap region 1 cards per card region 4096
 CPUs: 12 total, 12 available
 Memory: 14020M
 Large Page Support: Disabled
 NUMA Support: Disabled
 Compressed Oops: Enabled (Zero based)
 Heap Region Size: 2M
 Heap Min Capacity: 8M
 Heap Initial Capacity: 220M
 Heap Max Capacity: 3506M
 Pre-touch: Disabled
 Parallel Workers: 10
 Concurrent Workers: 3
 Concurrent Refinement Workers: 10
 Periodic GC: Disabled

Heap:
 garbage-first heap   total reserved 3590144K, committed 225280K, used 32512K [0x0000000724e00000, 0x0000000800000000)
  region size 2048K, 17 young (34816K), 2 survivors (4096K)
 Metaspace       used 10073K, committed 10176K, reserved 1114112K
  class space    used 1222K, committed 1280K, reserved 1048576K

Heap Regions: E=young(eden), S=young(survivor), O=old, HS=humongous(starts), HC=humongous(continues), CS=collection set, F=free, TAMS=top-at-mark-start, PB=parsable bottom
|   0|0x0000000724e00000, 0x0000000724e00000, 0x0000000725000000|  0%| F|  |TAMS 0x0000000724e00000| PB 0x0000000724e00000| Untracked |  0
|   1|0x0000000725000000, 0x0000000725000000, 0x0000000725200000|  0%| F|  |TAMS 0x0000000725000000| PB 0x0000000725000000| Untracked |  0
|   2|0x0000000725200000, 0x0000000725200000, 0x0000000725400000|  0%| F|  |TAMS 0x0000000725200000| PB 0x0000000725200000| Untracked |  0
|   3|0x0000000725400000, 0x0000000725400000, 0x0000000725600000|  0%| F|  |TAMS 0x0000000725400000| PB 0x0000000725400000| Untracked |  0
|   4|0x0000000725600000, 0x0000000725600000, 0x0000000725800000|  0%| F|  |TAMS 0x0000000725600000| PB 0x0000000725600000| Untracked |  0
|   5|0x0000000725800000, 0x0000000725800000, 0x0000000725a00000|  0%| F|  |TAMS 0x0000000725800000| PB 0x0000000725800000| Untracked |  0
|   6|0x0000000725a00000, 0x0000000725a00000, 0x0000000725c00000|  0%| F|  |TAMS 0x0000000725a00000| PB 0x0000000725a00000| Untracked |  0
|   7|0x0000000725c00000, 0x0000000725c00000, 0x0000000725e00000|  0%| F|  |TAMS 0x0000000725c00000| PB 0x0000000725c00000| Untracked |  0
|   8|0x0000000725e00000, 0x0000000725e00000, 0x0000000726000000|  0%| F|  |TAMS 0x0000000725e00000| PB 0x0000000725e00000| Untracked |  0
|   9|0x0000000726000000, 0x0000000726000000, 0x0000000726200000|  0%| F|  |TAMS 0x0000000726000000| PB 0x0000000726000000| Untracked |  0
|  10|0x0000000726200000, 0x0000000726200000, 0x0000000726400000|  0%| F|  |TAMS 0x0000000726200000| PB 0x0000000726200000| Untracked |  0
|  11|0x0000000726400000, 0x0000000726400000, 0x0000000726600000|  0%| F|  |TAMS 0x0000000726400000| PB 0x0000000726400000| Untracked |  0
|  12|0x0000000726600000, 0x0000000726600000, 0x0000000726800000|  0%| F|  |TAMS 0x0000000726600000| PB 0x0000000726600000| Untracked |  0
|  13|0x0000000726800000, 0x0000000726800000, 0x0000000726a00000|  0%| F|  |TAMS 0x0000000726800000| PB 0x0000000726800000| Untracked |  0
|  14|0x0000000726a00000, 0x0000000726a00000, 0x0000000726c00000|  0%| F|  |TAMS 0x0000000726a00000| PB 0x0000000726a00000| Untracked |  0
|  15|0x0000000726c00000, 0x0000000726c00000, 0x0000000726e00000|  0%| F|  |TAMS 0x0000000726c00000| PB 0x0000000726c00000| Untracked |  0
|  16|0x0000000726e00000, 0x0000000726e00000, 0x0000000727000000|  0%| F|  |TAMS 0x0000000726e00000| PB 0x0000000726e00000| Untracked |  0
|  17|0x0000000727000000, 0x0000000727000000, 0x0000000727200000|  0%| F|  |TAMS 0x0000000727000000| PB 0x0000000727000000| Untracked |  0
|  18|0x0000000727200000, 0x0000000727200000, 0x0000000727400000|  0%| F|  |TAMS 0x0000000727200000| PB 0x0000000727200000| Untracked |  0
|  19|0x0000000727400000, 0x0000000727400000, 0x0000000727600000|  0%| F|  |TAMS 0x0000000727400000| PB 0x0000000727400000| Untracked |  0
|  20|0x0000000727600000, 0x0000000727600000, 0x0000000727800000|  0%| F|  |TAMS 0x0000000727600000| PB 0x0000000727600000| Untracked |  0
|  21|0x0000000727800000, 0x0000000727800000, 0x0000000727a00000|  0%| F|  |TAMS 0x0000000727800000| PB 0x0000000727800000| Untracked |  0
|  22|0x0000000727a00000, 0x0000000727a00000, 0x0000000727c00000|  0%| F|  |TAMS 0x0000000727a00000| PB 0x0000000727a00000| Untracked |  0
|  23|0x0000000727c00000, 0x0000000727c00000, 0x0000000727e00000|  0%| F|  |TAMS 0x0000000727c00000| PB 0x0000000727c00000| Untracked |  0
|  24|0x0000000727e00000, 0x0000000727e00000, 0x0000000728000000|  0%| F|  |TAMS 0x0000000727e00000| PB 0x0000000727e00000| Untracked |  0
|  25|0x0000000728000000, 0x0000000728000000, 0x0000000728200000|  0%| F|  |TAMS 0x0000000728000000| PB 0x0000000728000000| Untracked |  0
|  26|0x0000000728200000, 0x0000000728200000, 0x0000000728400000|  0%| F|  |TAMS 0x0000000728200000| PB 0x0000000728200000| Untracked |  0
|  27|0x0000000728400000, 0x0000000728400000, 0x0000000728600000|  0%| F|  |TAMS 0x0000000728400000| PB 0x0000000728400000| Untracked |  0
|  28|0x0000000728600000, 0x0000000728600000, 0x0000000728800000|  0%| F|  |TAMS 0x0000000728600000| PB 0x0000000728600000| Untracked |  0
|  29|0x0000000728800000, 0x0000000728800000, 0x0000000728a00000|  0%| F|  |TAMS 0x0000000728800000| PB 0x0000000728800000| Untracked |  0
|  30|0x0000000728a00000, 0x0000000728a00000, 0x0000000728c00000|  0%| F|  |TAMS 0x0000000728a00000| PB 0x0000000728a00000| Untracked |  0
|  31|0x0000000728c00000, 0x0000000728c00000, 0x0000000728e00000|  0%| F|  |TAMS 0x0000000728c00000| PB 0x0000000728c00000| Untracked |  0
|  32|0x0000000728e00000, 0x0000000728e00000, 0x0000000729000000|  0%| F|  |TAMS 0x0000000728e00000| PB 0x0000000728e00000| Untracked |  0
|  33|0x0000000729000000, 0x0000000729000000, 0x0000000729200000|  0%| F|  |TAMS 0x0000000729000000| PB 0x0000000729000000| Untracked |  0
|  34|0x0000000729200000, 0x0000000729200000, 0x0000000729400000|  0%| F|  |TAMS 0x0000000729200000| PB 0x0000000729200000| Untracked |  0
|  35|0x0000000729400000, 0x0000000729400000, 0x0000000729600000|  0%| F|  |TAMS 0x0000000729400000| PB 0x0000000729400000| Untracked |  0
|  36|0x0000000729600000, 0x0000000729600000, 0x0000000729800000|  0%| F|  |TAMS 0x0000000729600000| PB 0x0000000729600000| Untracked |  0
|  37|0x0000000729800000, 0x0000000729800000, 0x0000000729a00000|  0%| F|  |TAMS 0x0000000729800000| PB 0x0000000729800000| Untracked |  0
|  38|0x0000000729a00000, 0x0000000729a00000, 0x0000000729c00000|  0%| F|  |TAMS 0x0000000729a00000| PB 0x0000000729a00000| Untracked |  0
|  39|0x0000000729c00000, 0x0000000729c00000, 0x0000000729e00000|  0%| F|  |TAMS 0x0000000729c00000| PB 0x0000000729c00000| Untracked |  0
|  40|0x0000000729e00000, 0x0000000729e00000, 0x000000072a000000|  0%| F|  |TAMS 0x0000000729e00000| PB 0x0000000729e00000| Untracked |  0
|  41|0x000000072a000000, 0x000000072a000000, 0x000000072a200000|  0%| F|  |TAMS 0x000000072a000000| PB 0x000000072a000000| Untracked |  0
|  42|0x000000072a200000, 0x000000072a200000, 0x000000072a400000|  0%| F|  |TAMS 0x000000072a200000| PB 0x000000072a200000| Untracked |  0
|  43|0x000000072a400000, 0x000000072a400000, 0x000000072a600000|  0%| F|  |TAMS 0x000000072a400000| PB 0x000000072a400000| Untracked |  0
|  44|0x000000072a600000, 0x000000072a600000, 0x000000072a800000|  0%| F|  |TAMS 0x000000072a600000| PB 0x000000072a600000| Untracked |  0
|  45|0x000000072a800000, 0x000000072a800000, 0x000000072aa00000|  0%| F|  |TAMS 0x000000072a800000| PB 0x000000072a800000| Untracked |  0
|  46|0x000000072aa00000, 0x000000072aa00000, 0x000000072ac00000|  0%| F|  |TAMS 0x000000072aa00000| PB 0x000000072aa00000| Untracked |  0
|  47|0x000000072ac00000, 0x000000072ac00000, 0x000000072ae00000|  0%| F|  |TAMS 0x000000072ac00000| PB 0x000000072ac00000| Untracked |  0
|  48|0x000000072ae00000, 0x000000072ae00000, 0x000000072b000000|  0%| F|  |TAMS 0x000000072ae00000| PB 0x000000072ae00000| Untracked |  0
|  49|0x000000072b000000, 0x000000072b000000, 0x000000072b200000|  0%| F|  |TAMS 0x000000072b000000| PB 0x000000072b000000| Untracked |  0
|  50|0x000000072b200000, 0x000000072b200000, 0x000000072b400000|  0%| F|  |TAMS 0x000000072b200000| PB 0x000000072b200000| Untracked |  0
|  51|0x000000072b400000, 0x000000072b400000, 0x000000072b600000|  0%| F|  |TAMS 0x000000072b400000| PB 0x000000072b400000| Untracked |  0
|  52|0x000000072b600000, 0x000000072b600000, 0x000000072b800000|  0%| F|  |TAMS 0x000000072b600000| PB 0x000000072b600000| Untracked |  0
|  53|0x000000072b800000, 0x000000072b800000, 0x000000072ba00000|  0%| F|  |TAMS 0x000000072b800000| PB 0x000000072b800000| Untracked |  0
|  54|0x000000072ba00000, 0x000000072ba00000, 0x000000072bc00000|  0%| F|  |TAMS 0x000000072ba00000| PB 0x000000072ba00000| Untracked |  0
|  55|0x000000072bc00000, 0x000000072bc00000, 0x000000072be00000|  0%| F|  |TAMS 0x000000072bc00000| PB 0x000000072bc00000| Untracked |  0
|  56|0x000000072be00000, 0x000000072be00000, 0x000000072c000000|  0%| F|  |TAMS 0x000000072be00000| PB 0x000000072be00000| Untracked |  0
|  57|0x000000072c000000, 0x000000072c000000, 0x000000072c200000|  0%| F|  |TAMS 0x000000072c000000| PB 0x000000072c000000| Untracked |  0
|  58|0x000000072c200000, 0x000000072c200000, 0x000000072c400000|  0%| F|  |TAMS 0x000000072c200000| PB 0x000000072c200000| Untracked |  0
|  59|0x000000072c400000, 0x000000072c400000, 0x000000072c600000|  0%| F|  |TAMS 0x000000072c400000| PB 0x000000072c400000| Untracked |  0
|  60|0x000000072c600000, 0x000000072c600000, 0x000000072c800000|  0%| F|  |TAMS 0x000000072c600000| PB 0x000000072c600000| Untracked |  0
|  61|0x000000072c800000, 0x000000072c800000, 0x000000072ca00000|  0%| F|  |TAMS 0x000000072c800000| PB 0x000000072c800000| Untracked |  0
|  62|0x000000072ca00000, 0x000000072ca00000, 0x000000072cc00000|  0%| F|  |TAMS 0x000000072ca00000| PB 0x000000072ca00000| Untracked |  0
|  63|0x000000072cc00000, 0x000000072cc00000, 0x000000072ce00000|  0%| F|  |TAMS 0x000000072cc00000| PB 0x000000072cc00000| Untracked |  0
|  64|0x000000072ce00000, 0x000000072ce00000, 0x000000072d000000|  0%| F|  |TAMS 0x000000072ce00000| PB 0x000000072ce00000| Untracked |  0
|  65|0x000000072d000000, 0x000000072d000000, 0x000000072d200000|  0%| F|  |TAMS 0x000000072d000000| PB 0x000000072d000000| Untracked |  0
|  66|0x000000072d200000, 0x000000072d200000, 0x000000072d400000|  0%| F|  |TAMS 0x000000072d200000| PB 0x000000072d200000| Untracked |  0
|  67|0x000000072d400000, 0x000000072d400000, 0x000000072d600000|  0%| F|  |TAMS 0x000000072d400000| PB 0x000000072d400000| Untracked |  0
|  68|0x000000072d600000, 0x000000072d600000, 0x000000072d800000|  0%| F|  |TAMS 0x000000072d600000| PB 0x000000072d600000| Untracked |  0
|  69|0x000000072d800000, 0x000000072d800000, 0x000000072da00000|  0%| F|  |TAMS 0x000000072d800000| PB 0x000000072d800000| Untracked |  0
|  70|0x000000072da00000, 0x000000072da00000, 0x000000072dc00000|  0%| F|  |TAMS 0x000000072da00000| PB 0x000000072da00000| Untracked |  0
|  71|0x000000072dc00000, 0x000000072dc00000, 0x000000072de00000|  0%| F|  |TAMS 0x000000072dc00000| PB 0x000000072dc00000| Untracked |  0
|  72|0x000000072de00000, 0x000000072de00000, 0x000000072e000000|  0%| F|  |TAMS 0x000000072de00000| PB 0x000000072de00000| Untracked |  0
|  73|0x000000072e000000, 0x000000072e000000, 0x000000072e200000|  0%| F|  |TAMS 0x000000072e000000| PB 0x000000072e000000| Untracked |  0
|  74|0x000000072e200000, 0x000000072e200000, 0x000000072e400000|  0%| F|  |TAMS 0x000000072e200000| PB 0x000000072e200000| Untracked |  0
|  75|0x000000072e400000, 0x000000072e400000, 0x000000072e600000|  0%| F|  |TAMS 0x000000072e400000| PB 0x000000072e400000| Untracked |  0
|  76|0x000000072e600000, 0x000000072e600000, 0x000000072e800000|  0%| F|  |TAMS 0x000000072e600000| PB 0x000000072e600000| Untracked |  0
|  77|0x000000072e800000, 0x000000072e800000, 0x000000072ea00000|  0%| F|  |TAMS 0x000000072e800000| PB 0x000000072e800000| Untracked |  0
|  78|0x000000072ea00000, 0x000000072ea00000, 0x000000072ec00000|  0%| F|  |TAMS 0x000000072ea00000| PB 0x000000072ea00000| Untracked |  0
|  79|0x000000072ec00000, 0x000000072ec00000, 0x000000072ee00000|  0%| F|  |TAMS 0x000000072ec00000| PB 0x000000072ec00000| Untracked |  0
|  80|0x000000072ee00000, 0x000000072ee00000, 0x000000072f000000|  0%| F|  |TAMS 0x000000072ee00000| PB 0x000000072ee00000| Untracked |  0
|  81|0x000000072f000000, 0x000000072f000000, 0x000000072f200000|  0%| F|  |TAMS 0x000000072f000000| PB 0x000000072f000000| Untracked |  0
|  82|0x000000072f200000, 0x000000072f200000, 0x000000072f400000|  0%| F|  |TAMS 0x000000072f200000| PB 0x000000072f200000| Untracked |  0
|  83|0x000000072f400000, 0x000000072f400000, 0x000000072f600000|  0%| F|  |TAMS 0x000000072f400000| PB 0x000000072f400000| Untracked |  0
|  84|0x000000072f600000, 0x000000072f600000, 0x000000072f800000|  0%| F|  |TAMS 0x000000072f600000| PB 0x000000072f600000| Untracked |  0
|  85|0x000000072f800000, 0x000000072f800000, 0x000000072fa00000|  0%| F|  |TAMS 0x000000072f800000| PB 0x000000072f800000| Untracked |  0
|  86|0x000000072fa00000, 0x000000072fa00000, 0x000000072fc00000|  0%| F|  |TAMS 0x000000072fa00000| PB 0x000000072fa00000| Untracked |  0
|  87|0x000000072fc00000, 0x000000072fc00000, 0x000000072fe00000|  0%| F|  |TAMS 0x000000072fc00000| PB 0x000000072fc00000| Untracked |  0
|  88|0x000000072fe00000, 0x000000072fe00000, 0x0000000730000000|  0%| F|  |TAMS 0x000000072fe00000| PB 0x000000072fe00000| Untracked |  0
|  89|0x0000000730000000, 0x0000000730000000, 0x0000000730200000|  0%| F|  |TAMS 0x0000000730000000| PB 0x0000000730000000| Untracked |  0
|  90|0x0000000730200000, 0x0000000730200000, 0x0000000730400000|  0%| F|  |TAMS 0x0000000730200000| PB 0x0000000730200000| Untracked |  0
|  91|0x0000000730400000, 0x0000000730400000, 0x0000000730600000|  0%| F|  |TAMS 0x0000000730400000| PB 0x0000000730400000| Untracked |  0
|  92|0x0000000730600000, 0x0000000730600000, 0x0000000730800000|  0%| F|  |TAMS 0x0000000730600000| PB 0x0000000730600000| Untracked |  0
|  93|0x0000000730800000, 0x00000007309ec158, 0x0000000730a00000| 96%| E|  |TAMS 0x0000000730800000| PB 0x0000000730800000| Complete |  0
|  94|0x0000000730a00000, 0x0000000730c00000, 0x0000000730c00000|100%| E|CS|TAMS 0x0000000730a00000| PB 0x0000000730a00000| Complete |  0
|  95|0x0000000730c00000, 0x0000000730e00000, 0x0000000730e00000|100%| E|CS|TAMS 0x0000000730c00000| PB 0x0000000730c00000| Complete |  0
|  96|0x0000000730e00000, 0x0000000730fc0000, 0x0000000731000000| 87%| S|CS|TAMS 0x0000000730e00000| PB 0x0000000730e00000| Complete |  0
|  97|0x0000000731000000, 0x0000000731200000, 0x0000000731200000|100%| S|CS|TAMS 0x0000000731000000| PB 0x0000000731000000| Complete |  0
|  98|0x0000000731200000, 0x0000000731400000, 0x0000000731400000|100%| E|CS|TAMS 0x0000000731200000| PB 0x0000000731200000| Complete |  0
|  99|0x0000000731400000, 0x0000000731600000, 0x0000000731600000|100%| E|CS|TAMS 0x0000000731400000| PB 0x0000000731400000| Complete |  0
| 100|0x0000000731600000, 0x0000000731800000, 0x0000000731800000|100%| E|CS|TAMS 0x0000000731600000| PB 0x0000000731600000| Complete |  0
| 101|0x0000000731800000, 0x0000000731a00000, 0x0000000731a00000|100%| E|CS|TAMS 0x0000000731800000| PB 0x0000000731800000| Complete |  0
| 102|0x0000000731a00000, 0x0000000731c00000, 0x0000000731c00000|100%| E|CS|TAMS 0x0000000731a00000| PB 0x0000000731a00000| Complete |  0
| 103|0x0000000731c00000, 0x0000000731e00000, 0x0000000731e00000|100%| E|CS|TAMS 0x0000000731c00000| PB 0x0000000731c00000| Complete |  0
| 104|0x0000000731e00000, 0x0000000732000000, 0x0000000732000000|100%| E|CS|TAMS 0x0000000731e00000| PB 0x0000000731e00000| Complete |  0
| 105|0x0000000732000000, 0x0000000732200000, 0x0000000732200000|100%| E|CS|TAMS 0x0000000732000000| PB 0x0000000732000000| Complete |  0
| 106|0x0000000732200000, 0x0000000732400000, 0x0000000732400000|100%| E|CS|TAMS 0x0000000732200000| PB 0x0000000732200000| Complete |  0
| 107|0x0000000732400000, 0x0000000732600000, 0x0000000732600000|100%| E|CS|TAMS 0x0000000732400000| PB 0x0000000732400000| Complete |  0
| 108|0x0000000732600000, 0x0000000732800000, 0x0000000732800000|100%| E|CS|TAMS 0x0000000732600000| PB 0x0000000732600000| Complete |  0
| 109|0x0000000732800000, 0x0000000732a00000, 0x0000000732a00000|100%| E|CS|TAMS 0x0000000732800000| PB 0x0000000732800000| Complete |  0

Card table byte_map: [0x000001b7f9a30000,0x000001b7fa110000] _byte_map_base: 0x000001b7f6109000

Marking Bits: (CMBitMap*) 0x000001b7eebcdc00
 Bits: [0x000001b7fa110000, 0x000001b7fd7d8000)

Polling page: 0x000001b7eec30000

Metaspace:

Usage:
  Non-class:      8.64 MB used.
      Class:      1.19 MB used.
       Both:      9.84 MB used.

Virtual space:
  Non-class space:       64.00 MB reserved,       8.69 MB ( 14%) committed,  1 nodes.
      Class space:        1.00 GB reserved,       1.25 MB ( <1%) committed,  1 nodes.
             Both:        1.06 GB reserved,       9.94 MB ( <1%) committed. 

Chunk freelists:
   Non-Class:  5.80 MB
       Class:  14.75 MB
        Both:  20.55 MB

MaxMetaspaceSize: unlimited
CompressedClassSpaceSize: 1.00 GB
Initial GC threshold: 21.00 MB
Current GC threshold: 21.00 MB
CDS: on
 - commit_granule_bytes: 65536.
 - commit_granule_words: 8192.
 - virtual_space_node_default_size: 8388608.
 - enlarge_chunks_in_place: 1.
 - use_allocation_guard: 0.


Internal statistics:

num_allocs_failed_limit: 0.
num_arena_births: 62.
num_arena_deaths: 0.
num_vsnodes_births: 2.
num_vsnodes_deaths: 0.
num_space_committed: 159.
num_space_uncommitted: 0.
num_chunks_returned_to_freelist: 0.
num_chunks_taken_from_freelist: 379.
num_chunk_merges: 0.
num_chunk_splits: 267.
num_chunks_enlarged: 231.
num_inconsistent_stats: 0.

CodeHeap 'non-profiled nmethods': size=120000Kb used=686Kb max_used=686Kb free=119313Kb
 bounds [0x000001b787ad0000, 0x000001b787d40000, 0x000001b78f000000]
CodeHeap 'profiled nmethods': size=120000Kb used=3460Kb max_used=3460Kb free=116539Kb
 bounds [0x000001b780000000, 0x000001b780370000, 0x000001b787530000]
CodeHeap 'non-nmethods': size=5760Kb used=1370Kb max_used=1394Kb free=4389Kb
 bounds [0x000001b787530000, 0x000001b7877a0000, 0x000001b787ad0000]
 total_blobs=2303 nmethods=1832 adapters=375
 compilation: enabled
              stopped_count=0, restarted_count=0
 full_count=0

Compilation events (20 events):
Event: 22.557 Thread 0x000001b78f4e7840 1855       1       com.google.inject.Key$NullAnnotationStrategy::hasAttributes (2 bytes)
Event: 22.557 Thread 0x000001b78f4e7840 nmethod 1855 0x000001b787b7b190 code [0x000001b787b7b320, 0x000001b787b7b3e8]
Event: 22.560 Thread 0x000001b78f4e7840 1856       3       java.util.stream.ReferencePipeline$2$1::accept (27 bytes)
Event: 22.560 Thread 0x000001b78f4e7840 nmethod 1856 0x000001b780358a10 code [0x000001b780358bc0, 0x000001b780358ec0]
Event: 22.561 Thread 0x000001b78f4e7840 1858       3       com.google.inject.spi.InjectionPoint$InjectableMember::<init> (50 bytes)
Event: 22.561 Thread 0x000001b78f4e7840 nmethod 1858 0x000001b780359010 code [0x000001b7803591e0, 0x000001b780359680]
Event: 22.563 Thread 0x000001b78f4e7840 1859       3       com.google.inject.spi.InjectionPoint$InjectableMembers::add (42 bytes)
Event: 22.563 Thread 0x000001b78f4e7840 nmethod 1859 0x000001b780359810 code [0x000001b7803599c0, 0x000001b780359d48]
Event: 22.564 Thread 0x000001b78f4e7840 1860       3       sun.reflect.annotation.AnnotatedTypeFactory::nestingForType (129 bytes)
Event: 22.564 Thread 0x000001b78f4e7840 nmethod 1860 0x000001b780359e90 code [0x000001b78035a180, 0x000001b78035b490]
Event: 22.564 Thread 0x000001b78f4e7840 1861       3       sun.reflect.annotation.AnnotatedTypeFactory::buildAnnotatedType (156 bytes)
Event: 22.565 Thread 0x000001b78f4e7840 nmethod 1861 0x000001b78035b890 code [0x000001b78035bc40, 0x000001b78035d6f8]
Event: 22.565 Thread 0x000001b78f4e7840 1862       3       java.lang.Class::isEnum (27 bytes)
Event: 22.565 Thread 0x000001b78f4e7840 nmethod 1862 0x000001b78035dd90 code [0x000001b78035df40, 0x000001b78035e138]
Event: 22.565 Thread 0x000001b78f4e7840 1863       3       java.lang.Class::newReflectionData (66 bytes)
Event: 22.566 Thread 0x000001b78f4e7840 nmethod 1863 0x000001b78035e210 code [0x000001b78035e420, 0x000001b78035ece8]
Event: 22.567 Thread 0x000001b78f4e7840 1864       3       sun.reflect.annotation.TypeAnnotationParser::mapTypeAnnotations (128 bytes)
Event: 22.568 Thread 0x000001b78f4e7840 nmethod 1864 0x000001b78035f010 code [0x000001b78035f340, 0x000001b780360360]
Event: 22.569 Thread 0x000001b78f4e7840 1865       3       java.lang.AbstractStringBuilder::append (55 bytes)
Event: 22.569 Thread 0x000001b78f4e7840 nmethod 1865 0x000001b780360a10 code [0x000001b780360c00, 0x000001b780360f50]

GC Heap History (2 events):
Event: 14.279 GC heap before
{Heap before GC invocations=0 (full 0):
 garbage-first heap   total reserved 3590144K, committed 225280K, used 24576K [0x0000000724e00000, 0x0000000800000000)
  region size 2048K, 12 young (24576K), 0 survivors (0K)
 Metaspace       used 5693K, committed 5888K, reserved 1114112K
  class space    used 673K, committed 768K, reserved 1048576K
}
Event: 14.956 GC heap after
{Heap after GC invocations=1 (full 0):
 garbage-first heap   total reserved 3590144K, committed 225280K, used 3840K [0x0000000724e00000, 0x0000000800000000)
  region size 2048K, 2 young (4096K), 2 survivors (4096K)
 Metaspace       used 5693K, committed 5888K, reserved 1114112K
  class space    used 673K, committed 768K, reserved 1048576K
}

Dll operation events (8 events):
Event: 0.032 Loaded shared library C:\Program Files\Java\jdk-22\bin\java.dll
Event: 0.126 Loaded shared library C:\Program Files\Java\jdk-22\bin\jsvml.dll
Event: 0.149 Loaded shared library C:\Program Files\Java\jdk-22\bin\net.dll
Event: 0.154 Loaded shared library C:\Program Files\Java\jdk-22\bin\nio.dll
Event: 0.160 Loaded shared library C:\Program Files\Java\jdk-22\bin\zip.dll
Event: 7.582 Loaded shared library C:\Program Files\Java\jdk-22\bin\jimage.dll
Event: 7.937 Loaded shared library C:\Program Files\NetBeans-21\netbeans\java\maven\lib\jansi-native\Windows\x86_64\jansi.dll
Event: 7.954 Loaded shared library C:\Program Files\Java\jdk-22\bin\verify.dll

Deoptimization events (20 events):
Event: 22.184 Thread 0x000001b7ee8ff570 Uncommon trap: trap_request=0xffffffd6 fr.pc=0x000001b787b75698 relative=0x0000000000000178
Event: 22.184 Thread 0x000001b7ee8ff570 Uncommon trap: reason=array_check action=maybe_recompile pc=0x000001b787b75698 method=java.util.stream.Nodes$FixedNodeBuilder.accept(Ljava/lang/Object;)V @ 28 c2
Event: 22.184 Thread 0x000001b7ee8ff570 DEOPT PACKING pc=0x000001b787b75698 sp=0x00000075a76fe480
Event: 22.184 Thread 0x000001b7ee8ff570 DEOPT UNPACKING pc=0x000001b7875846a2 sp=0x00000075a76fe420 mode 2
Event: 22.215 Thread 0x000001b7ee8ff570 Uncommon trap: trap_request=0xffffffc6 fr.pc=0x000001b787b44e30 relative=0x0000000000000330
Event: 22.215 Thread 0x000001b7ee8ff570 Uncommon trap: reason=bimorphic_or_optimized_type_check action=maybe_recompile pc=0x000001b787b44e30 method=java.util.HashMap.getNode(Ljava/lang/Object;)Ljava/util/HashMap$Node; @ 63 c2
Event: 22.216 Thread 0x000001b7ee8ff570 DEOPT PACKING pc=0x000001b787b44e30 sp=0x00000075a76fea60
Event: 22.216 Thread 0x000001b7ee8ff570 DEOPT UNPACKING pc=0x000001b7875846a2 sp=0x00000075a76fe9c8 mode 2
Event: 22.226 Thread 0x000001b7ee8ff570 Uncommon trap: trap_request=0xffffffc6 fr.pc=0x000001b787b73438 relative=0x00000000000002d8
Event: 22.226 Thread 0x000001b7ee8ff570 Uncommon trap: reason=bimorphic_or_optimized_type_check action=maybe_recompile pc=0x000001b787b73438 method=java.util.HashMap.getNode(Ljava/lang/Object;)Ljava/util/HashMap$Node; @ 128 c2
Event: 22.227 Thread 0x000001b7ee8ff570 DEOPT PACKING pc=0x000001b787b73438 sp=0x00000075a76fe930
Event: 22.227 Thread 0x000001b7ee8ff570 DEOPT UNPACKING pc=0x000001b7875846a2 sp=0x00000075a76fe838 mode 2
Event: 22.243 Thread 0x000001b7ee8ff570 Uncommon trap: trap_request=0xffffffc6 fr.pc=0x000001b787b73438 relative=0x00000000000002d8
Event: 22.243 Thread 0x000001b7ee8ff570 Uncommon trap: reason=bimorphic_or_optimized_type_check action=maybe_recompile pc=0x000001b787b73438 method=java.util.HashMap.getNode(Ljava/lang/Object;)Ljava/util/HashMap$Node; @ 128 c2
Event: 22.243 Thread 0x000001b7ee8ff570 DEOPT PACKING pc=0x000001b787b73438 sp=0x00000075a76fe930
Event: 22.243 Thread 0x000001b7ee8ff570 DEOPT UNPACKING pc=0x000001b7875846a2 sp=0x00000075a76fe838 mode 2
Event: 22.245 Thread 0x000001b7ee8ff570 Uncommon trap: trap_request=0xffffffc6 fr.pc=0x000001b787b44e30 relative=0x0000000000000330
Event: 22.245 Thread 0x000001b7ee8ff570 Uncommon trap: reason=bimorphic_or_optimized_type_check action=maybe_recompile pc=0x000001b787b44e30 method=java.util.HashMap.getNode(Ljava/lang/Object;)Ljava/util/HashMap$Node; @ 63 c2
Event: 22.245 Thread 0x000001b7ee8ff570 DEOPT PACKING pc=0x000001b787b44e30 sp=0x00000075a76fe7b0
Event: 22.245 Thread 0x000001b7ee8ff570 DEOPT UNPACKING pc=0x000001b7875846a2 sp=0x00000075a76fe718 mode 2

Classes loaded (20 events):
Event: 19.778 Loading class sun/reflect/generics/scope/ConstructorScope
Event: 19.778 Loading class sun/reflect/generics/scope/ConstructorScope done
Event: 19.778 Loading class sun/reflect/generics/repository/ConstructorRepository
Event: 19.778 Loading class sun/reflect/generics/repository/ConstructorRepository done
Event: 19.778 Loading class sun/reflect/generics/tree/VoidDescriptor
Event: 19.778 Loading class sun/reflect/generics/tree/VoidDescriptor done
Event: 19.778 Loading class sun/reflect/generics/tree/MethodTypeSignature
Event: 19.778 Loading class sun/reflect/generics/tree/MethodTypeSignature done
Event: 19.905 Loading class java/util/concurrent/atomic/AtomicBoolean
Event: 22.003 Loading class java/util/concurrent/atomic/AtomicBoolean done
Event: 22.030 Loading class java/util/concurrent/CompletionService
Event: 22.036 Loading class java/util/concurrent/CompletionService done
Event: 22.361 Loading class sun/reflect/generics/repository/FieldRepository
Event: 22.361 Loading class sun/reflect/generics/repository/FieldRepository done
Event: 22.391 Loading class java/io/UncheckedIOException
Event: 22.391 Loading class java/io/UncheckedIOException done
Event: 22.558 Loading class java/nio/channels/OverlappingFileLockException
Event: 22.558 Loading class java/nio/channels/OverlappingFileLockException done
Event: 22.558 Loading class java/nio/channels/FileLock
Event: 22.558 Loading class java/nio/channels/FileLock done

Classes unloaded (0 events):
No events

Classes redefined (0 events):
No events

Internal exceptions (20 events):
Event: 7.944 Thread 0x000001b7ee8ff570 Exception <a 'java/lang/NullPointerException'{0x00000007325d32c0}> (0x00000007325d32c0) 
thrown [s\open\src\hotspot\share\interpreter\linkResolver.cpp, line 1374]
Event: 7.944 Thread 0x000001b7ee8ff570 Exception <a 'java/lang/NullPointerException'{0x00000007325d35a0}> (0x00000007325d35a0) 
thrown [s\open\src\hotspot\share\interpreter\linkResolver.cpp, line 1374]
Event: 7.952 Thread 0x000001b7ee8ff570 Exception <a 'sun/nio/fs/WindowsException'{0x00000007325fc5e0}> (0x00000007325fc5e0) 
thrown [s\open\src\hotspot\share\prims\jni.cpp, line 520]
Event: 7.952 Thread 0x000001b7ee8ff570 Exception <a 'sun/nio/fs/WindowsException'{0x00000007325fcdb8}> (0x00000007325fcdb8) 
thrown [s\open\src\hotspot\share\prims\jni.cpp, line 520]
Event: 7.952 Thread 0x000001b7ee8ff570 Exception <a 'sun/nio/fs/WindowsException'{0x00000007325fd3e0}> (0x00000007325fd3e0) 
thrown [s\open\src\hotspot\share\prims\jni.cpp, line 520]
Event: 7.952 Thread 0x000001b7ee8ff570 Exception <a 'sun/nio/fs/WindowsException'{0x00000007325fd9e0}> (0x00000007325fd9e0) 
thrown [s\open\src\hotspot\share\prims\jni.cpp, line 520]
Event: 7.952 Thread 0x000001b7ee8ff570 Exception <a 'sun/nio/fs/WindowsException'{0x00000007325fdf58}> (0x00000007325fdf58) 
thrown [s\open\src\hotspot\share\prims\jni.cpp, line 520]
Event: 7.952 Thread 0x000001b7ee8ff570 Exception <a 'sun/nio/fs/WindowsException'{0x00000007325fe4b0}> (0x00000007325fe4b0) 
thrown [s\open\src\hotspot\share\prims\jni.cpp, line 520]
Event: 7.953 Thread 0x000001b7ee8ff570 Exception <a 'sun/nio/fs/WindowsException'{0x00000007325fe9b8}> (0x00000007325fe9b8) 
thrown [s\open\src\hotspot\share\prims\jni.cpp, line 520]
Event: 7.953 Thread 0x000001b7ee8ff570 Exception <a 'sun/nio/fs/WindowsException'{0x00000007325fee78}> (0x00000007325fee78) 
thrown [s\open\src\hotspot\share\prims\jni.cpp, line 520]
Event: 7.999 Thread 0x000001b7ee8ff570 Exception <a 'java/lang/NoSuchMethodError'{0x0000000732270960}: 'void java.lang.invoke.DirectMethodHandle$Holder.invokeStatic(java.lang.Object, java.lang.Object, java.lang.Object)'> (0x0000000732270960) 
thrown [s\open\src\hotspot\share\interpreter\linkResolver.cpp, line 774]
Event: 10.513 Thread 0x000001b7ee8ff570 Exception <a 'java/lang/NoSuchMethodError'{0x0000000732022b08}: 'java.lang.Object java.lang.invoke.DirectMethodHandle$Holder.invokeSpecialIFC(java.lang.Object, java.lang.Object, java.lang.Object, java.lang.Object)'> (0x0000000732022b08) 
thrown [s\open\src\hotspot\share\interpreter\linkResolver.cpp, line 774]
Event: 11.852 Thread 0x000001b7ee8ff570 Exception <a 'java/lang/NoSuchMethodError'{0x0000000731d95888}: 'void java.lang.invoke.DirectMethodHandle$Holder.invokeSpecial(java.lang.Object, java.lang.Object, java.lang.Object)'> (0x0000000731d95888) 
thrown [s\open\src\hotspot\share\interpreter\linkResolver.cpp, line 774]
Event: 12.507 Thread 0x000001b7ee8ff570 Exception <a 'java/lang/NoSuchMethodError'{0x0000000731ad6458}: 'java.lang.Object java.lang.invoke.DirectMethodHandle$Holder.invokeInterface(java.lang.Object, java.lang.Object)'> (0x0000000731ad6458) 
thrown [s\open\src\hotspot\share\interpreter\linkResolver.cpp, line 774]
Event: 12.526 Thread 0x000001b7ee8ff570 Exception <a 'java/lang/NoSuchMethodError'{0x0000000731b68400}: 'int java.lang.invoke.DirectMethodHandle$Holder.invokeStatic(java.lang.Object, java.lang.Object, java.lang.Object, java.lang.Object)'> (0x0000000731b68400) 
thrown [s\open\src\hotspot\share\interpreter\linkResolver.cpp, line 774]
Event: 12.526 Thread 0x000001b7ee8ff570 Exception <a 'java/lang/NoSuchMethodError'{0x0000000731b6bac0}: 'java.lang.Object java.lang.invoke.Invokers$Holder.invokeExact_MT(java.lang.Object, java.lang.Object, java.lang.Object, java.lang.Object, java.lang.Object, java.lang.Object)'> (0x0000000731b6bac0) 
thrown [s\open\src\hotspot\share\interpreter\linkResolver.cpp, line 774]
Event: 12.529 Thread 0x000001b7ee8ff570 Exception <a 'java/lang/NoSuchMethodError'{0x0000000731b7aa00}: 'int java.lang.invoke.DirectMethodHandle$Holder.invokeSpecialIFC(java.lang.Object, java.lang.Object, java.lang.Object, java.lang.Object, java.lang.Object)'> (0x0000000731b7aa00) 
thrown [s\open\src\hotspot\share\interpreter\linkResolver.cpp, line 774]
Event: 13.214 Thread 0x000001b7ee8ff570 Exception <a 'java/lang/NoSuchMethodError'{0x00000007318f0ef0}: 'java.lang.Object java.lang.invoke.DirectMethodHandle$Holder.newInvokeSpecial(java.lang.Object, java.lang.Object, java.lang.Object, java.lang.Object, java.lang.Object)'> (0x00000007318f0ef0) 
thrown [s\open\src\hotspot\share\interpreter\linkResolver.cpp, line 774]
Event: 13.878 Thread 0x000001b7ee8ff570 Exception <a 'java/lang/NoSuchMethodError'{0x00000007319e7df0}: 'int java.lang.invoke.DirectMethodHandle$Holder.invokeStaticInit(java.lang.Object, java.lang.Object)'> (0x00000007319e7df0) 
thrown [s\open\src\hotspot\share\interpreter\linkResolver.cpp, line 774]
Event: 13.949 Thread 0x000001b7ee8ff570 Exception <a 'java/lang/NoClassDefFoundError'{0x000000073161ccd0}: javax/enterprise/inject/Typed> (0x000000073161ccd0) 
thrown [s\open\src\hotspot\share\classfile\systemDictionary.cpp, line 302]

ZGC Phase Switch (0 events):
No events

VM Operations (20 events):
Event: 11.631 Executing VM operation: Cleanup
Event: 11.647 Executing VM operation: Cleanup done
Event: 12.662 Executing VM operation: Cleanup
Event: 13.115 Executing VM operation: Cleanup done
Event: 14.279 Executing VM operation: G1CollectForAllocation (G1 Evacuation Pause)
Event: 14.956 Executing VM operation: G1CollectForAllocation (G1 Evacuation Pause) done
Event: 15.968 Executing VM operation: Cleanup
Event: 16.218 Executing VM operation: Cleanup done
Event: 17.220 Executing VM operation: Cleanup
Event: 17.235 Executing VM operation: Cleanup done
Event: 18.249 Executing VM operation: Cleanup
Event: 18.249 Executing VM operation: Cleanup done
Event: 19.237 Executing VM operation: HandshakeAllThreads (Deoptimize)
Event: 19.237 Executing VM operation: HandshakeAllThreads (Deoptimize) done
Event: 19.436 Executing VM operation: HandshakeAllThreads (Deoptimize)
Event: 19.436 Executing VM operation: HandshakeAllThreads (Deoptimize) done
Event: 19.436 Executing VM operation: Cleanup
Event: 19.437 Executing VM operation: Cleanup done
Event: 20.449 Executing VM operation: Cleanup
Event: 22.009 Executing VM operation: Cleanup done

Events (13 events):
Event: 0.074 Thread 0x000001b7ee8ff570 Thread added: 0x000001b7ee8ff570
Event: 0.107 Thread 0x000001b78f4e0940 Thread added: 0x000001b78f4e0940
Event: 0.107 Thread 0x000001b78f4e1500 Thread added: 0x000001b78f4e1500
Event: 0.108 Thread 0x000001b78f4e40e0 Thread added: 0x000001b78f4e40e0
Event: 0.108 Thread 0x000001b78f4e4b40 Thread added: 0x000001b78f4e4b40
Event: 0.108 Thread 0x000001b78f4e55a0 Thread added: 0x000001b78f4e55a0
Event: 0.108 Thread 0x000001b78f4e6000 Thread added: 0x000001b78f4e6000
Event: 0.109 Thread 0x000001b78f4e6d90 Thread added: 0x000001b78f4e6d90
Event: 0.109 Thread 0x000001b78f4e7840 Thread added: 0x000001b78f4e7840
Event: 0.138 Thread 0x000001b78f7a6970 Thread added: 0x000001b78f7a6970
Event: 0.145 Thread 0x000001b78f7b3450 Thread added: 0x000001b78f7b3450
Event: 14.086 Thread 0x000001b7d58040a0 Thread added: 0x000001b7d58040a0
Event: 15.182 Thread 0x000001b7d58040a0 Thread exited: 0x000001b7d58040a0


Dynamic libraries:
0x00007ff7ed1d0000 - 0x00007ff7ed1e0000 	C:\Program Files\Java\jdk-22\bin\java.exe
0x00007ffc3f9d0000 - 0x00007ffc3fbe7000 	C:\WINDOWS\SYSTEM32\ntdll.dll
0x00007ffc3e920000 - 0x00007ffc3e9e4000 	C:\WINDOWS\System32\KERNEL32.DLL
0x00007ffc3cf80000 - 0x00007ffc3d327000 	C:\WINDOWS\System32\KERNELBASE.dll
0x00007ffc3ce60000 - 0x00007ffc3cf71000 	C:\WINDOWS\System32\ucrtbase.dll
0x00007ffc0f400000 - 0x00007ffc0f417000 	C:\Program Files\Java\jdk-22\bin\jli.dll
0x00007ffc3e9f0000 - 0x00007ffc3eaa2000 	C:\WINDOWS\System32\ADVAPI32.dll
0x00007ffc3eab0000 - 0x00007ffc3eb57000 	C:\WINDOWS\System32\msvcrt.dll
0x00007ffc3dbc0000 - 0x00007ffc3dc68000 	C:\WINDOWS\System32\sechost.dll
0x00007ffc3ce30000 - 0x00007ffc3ce58000 	C:\WINDOWS\System32\bcrypt.dll
0x00007ffc3f650000 - 0x00007ffc3f765000 	C:\WINDOWS\System32\RPCRT4.dll
0x00007ffc3e520000 - 0x00007ffc3e6ce000 	C:\WINDOWS\System32\USER32.dll
0x00007ffc3d4c0000 - 0x00007ffc3d4e6000 	C:\WINDOWS\System32\win32u.dll
0x00007ffc3db70000 - 0x00007ffc3db99000 	C:\WINDOWS\System32\GDI32.dll
0x00007ffc3d3a0000 - 0x00007ffc3d4b9000 	C:\WINDOWS\System32\gdi32full.dll
0x00007ffc3d4f0000 - 0x00007ffc3d58a000 	C:\WINDOWS\System32\msvcp_win.dll
0x00007ffbf78f0000 - 0x00007ffbf790b000 	C:\Program Files\Java\jdk-22\bin\VCRUNTIME140.dll
0x00007ffc10350000 - 0x00007ffc105e3000 	C:\WINDOWS\WinSxS\amd64_microsoft.windows.common-controls_6595b64144ccf1df_6.0.22621.3527_none_270e469b73872a76\COMCTL32.dll
0x00007ffc343d0000 - 0x00007ffc343da000 	C:\WINDOWS\SYSTEM32\VERSION.dll
0x00007ffc3f2b0000 - 0x00007ffc3f2e1000 	C:\WINDOWS\System32\IMM32.DLL
0x00007ffc0e880000 - 0x00007ffc0e88c000 	C:\Program Files\Java\jdk-22\bin\vcruntime140_1.dll
0x00007ffbd0ad0000 - 0x00007ffbd0b5e000 	C:\Program Files\Java\jdk-22\bin\msvcp140.dll
0x00007ffba99a0000 - 0x00007ffbaa6e8000 	C:\Program Files\Java\jdk-22\bin\server\jvm.dll
0x00007ffc3e6d0000 - 0x00007ffc3e741000 	C:\WINDOWS\System32\WS2_32.dll
0x00007ffc3cbb0000 - 0x00007ffc3cbfd000 	C:\WINDOWS\SYSTEM32\POWRPROF.dll
0x00007ffc345c0000 - 0x00007ffc345f4000 	C:\WINDOWS\SYSTEM32\WINMM.dll
0x00007ffc3cb90000 - 0x00007ffc3cba3000 	C:\WINDOWS\SYSTEM32\UMPDC.dll
0x00007ffc3bcd0000 - 0x00007ffc3bce8000 	C:\WINDOWS\SYSTEM32\kernel.appcore.dll
0x00007ffbf77d0000 - 0x00007ffbf77da000 	C:\Program Files\Java\jdk-22\bin\jimage.dll
0x00007ffc3a670000 - 0x00007ffc3a8a2000 	C:\WINDOWS\SYSTEM32\DBGHELP.DLL
0x00007ffc3d700000 - 0x00007ffc3da88000 	C:\WINDOWS\System32\combase.dll
0x00007ffc3da90000 - 0x00007ffc3db67000 	C:\WINDOWS\System32\OLEAUT32.dll
0x00007ffc2a930000 - 0x00007ffc2a962000 	C:\WINDOWS\SYSTEM32\dbgcore.DLL
0x00007ffc3cdb0000 - 0x00007ffc3ce29000 	C:\WINDOWS\System32\bcryptPrimitives.dll
0x00007ffbf78d0000 - 0x00007ffbf78ee000 	C:\Program Files\Java\jdk-22\bin\java.dll
0x00007ffc3dc70000 - 0x00007ffc3e4cc000 	C:\WINDOWS\System32\SHELL32.dll
0x00007ffc3f2f0000 - 0x00007ffc3f495000 	C:\WINDOWS\System32\ole32.dll
0x00007ffc3abe0000 - 0x00007ffc3b4d6000 	C:\WINDOWS\SYSTEM32\windows.storage.dll
0x00007ffc3aaa0000 - 0x00007ffc3abde000 	C:\WINDOWS\SYSTEM32\wintypes.dll
0x00007ffc3ed30000 - 0x00007ffc3ee25000 	C:\WINDOWS\System32\SHCORE.dll
0x00007ffc3ec60000 - 0x00007ffc3ecbe000 	C:\WINDOWS\System32\shlwapi.dll
0x00007ffc3cc20000 - 0x00007ffc3cc41000 	C:\WINDOWS\SYSTEM32\profapi.dll
0x00007ffbdd120000 - 0x00007ffbdd1f7000 	C:\Program Files\Java\jdk-22\bin\jsvml.dll
0x00007ffbf77c0000 - 0x00007ffbf77d0000 	C:\Program Files\Java\jdk-22\bin\net.dll
0x00007ffc3c130000 - 0x00007ffc3c199000 	C:\WINDOWS\system32\mswsock.dll
0x00007ffbdd100000 - 0x00007ffbdd116000 	C:\Program Files\Java\jdk-22\bin\nio.dll
0x00007ffbdd0e0000 - 0x00007ffbdd0f7000 	C:\Program Files\Java\jdk-22\bin\zip.dll
0x0000000069ac0000 - 0x0000000069ae4000 	C:\Program Files\NetBeans-21\netbeans\java\maven\lib\jansi-native\Windows\x86_64\jansi.dll
0x00007ffbf77b0000 - 0x00007ffbf77c0000 	C:\Program Files\Java\jdk-22\bin\verify.dll

dbghelp: loaded successfully - version: 4.0.5 - missing functions: none
symbol engine: initialized successfully - sym options: 0x614 - pdb path: .;C:\Program Files\Java\jdk-22\bin;C:\WINDOWS\SYSTEM32;C:\WINDOWS\WinSxS\amd64_microsoft.windows.common-controls_6595b64144ccf1df_6.0.22621.3527_none_270e469b73872a76;C:\Program Files\Java\jdk-22\bin\server;C:\Program Files\NetBeans-21\netbeans\java\maven\lib\jansi-native\Windows\x86_64

VM Arguments:
jvm_args: -Dclassworlds.conf=C:\Program Files\NetBeans-21\netbeans\java\maven\bin\m2.conf -Dmaven.home=C:\Program Files\NetBeans-21\netbeans\java\maven -Dlibrary.jansi.path=C:\Program Files\NetBeans-21\netbeans\java\maven\lib\jansi-native -Dmaven.multiModuleProjectDirectory=C:\Users\ADMIN\OneDrive\Documents\GitHub\Management_Project_Java\mavenproject1 
java_command: org.codehaus.plexus.classworlds.launcher.Launcher -Dexec.vmArgs=--enable-preview -Dexec.args=${exec.vmArgs} -classpath %classpath ${exec.mainClass} ${exec.appArgs} -Dexec.appArgs= -Dexec.mainClass=GUI.Login -Dexec.executable=C:\Program Files\Java\jdk-22\bin\java.exe -Dmaven.ext.class.path=C:\Program Files\NetBeans-21\netbeans\java\maven-nblib\netbeans-eventspy.jar --no-transfer-progress process-classes org.codehaus.mojo:exec-maven-plugin:3.1.0:exec
java_class_path (initial): C:\Program Files\NetBeans-21\netbeans\java\maven\boot\plexus-classworlds-2.7.0.jar
Launcher Type: SUN_STANDARD

[Global flags]
     intx CICompilerCount                          = 4                                         {product} {ergonomic}
     uint ConcGCThreads                            = 3                                         {product} {ergonomic}
     uint G1ConcRefinementThreads                  = 10                                        {product} {ergonomic}
   size_t G1HeapRegionSize                         = 2097152                                   {product} {ergonomic}
   size_t InitialHeapSize                          = 230686720                                 {product} {ergonomic}
   size_t MarkStackSize                            = 4194304                                   {product} {ergonomic}
   size_t MaxHeapSize                              = 3676307456                                {product} {ergonomic}
   size_t MaxNewSize                               = 2204106752                                {product} {ergonomic}
   size_t MinHeapDeltaBytes                        = 2097152                                   {product} {ergonomic}
   size_t MinHeapSize                              = 8388608                                   {product} {ergonomic}
    uintx NonNMethodCodeHeapSize                   = 5839372                                {pd product} {ergonomic}
    uintx NonProfiledCodeHeapSize                  = 122909434                              {pd product} {ergonomic}
    uintx ProfiledCodeHeapSize                     = 122909434                              {pd product} {ergonomic}
    uintx ReservedCodeCacheSize                    = 251658240                              {pd product} {ergonomic}
     bool SegmentedCodeCache                       = true                                      {product} {ergonomic}
   size_t SoftMaxHeapSize                          = 3676307456                             {manageable} {ergonomic}
     bool UseCompressedOops                        = true                           {product lp64_product} {ergonomic}
     bool UseG1GC                                  = true                                      {product} {ergonomic}
     bool UseLargePagesIndividualAllocation        = false                                  {pd product} {ergonomic}

Logging:
Log output configuration:
 #0: stdout all=warning uptime,level,tags foldmultilines=false
 #1: stderr all=off uptime,level,tags foldmultilines=false

Environment Variables:
JAVA_HOME=C:\Program Files\Java\jdk-22
PATH=C:\Program Files (x86)\VMware\VMware Workstation\bin\;C:\Program Files\Common Files\Oracle\Java\javapath;C:\Program Files (x86)\Common Files\Oracle\Java\javapath;C:\Windows\system32;C:\Windows;C:\Windows\System32\Wbem;C:\Windows\System32\WindowsPowerShell\v1.0\;C:\Windows\System32\OpenSSH\;C:\Program Files (x86)\NVIDIA Corporation\PhysX\Common;C:\Program Files\NVIDIA Corporation\NVIDIA NvDLISR;C:\msys64\mingw64\bin;C:\WINDOWS\system32;C:\WINDOWS;C:\WINDOWS\System32\Wbem;C:\WINDOWS\System32\WindowsPowerShell\v1.0\;C:\WINDOWS\System32\OpenSSH\;C:\Program Files (x86)\Microsoft SQL Server\110\Tools\Binn\;C:\Program Files\Microsoft SQL Server\110\Tools\Binn\;C:\Program Files\Microsoft SQL Server\110\DTS\Binn\;C:\Program Files (x86)\Microsoft SQL Server\110\Tools\Binn\ManagementStudio\;C:\Program Files (x86)\Microsoft SQL Server\110\DTS\Binn\;C:\Program Files\Microsoft SQL Server\150\Tools\Binn\;C:\Program Files\Microsoft SQL Server\Client SDK\ODBC\170\Tools\Binn\;C:\Program Files\dotnet\;C:\Program Files\Git\cmd;C:\Users\ADMIN\AppData\Local\Programs\Python\Python312\Scripts\;C:\Users\ADMIN\AppData\Local\Programs\Python\Python312\;C:\Users\ADMIN\AppData\Local\Programs\Python\Launcher\;C:\Users\ADMIN\AppData\Local\Microsoft\WindowsApps;C:\Users\ADMIN\.dotnet\tools;C:\Users\ADMIN\AppData\Local\Programs\Microsoft VS Code\bin;C:\Users\ADMIN\AppData\Local\GitHubDesktop\bin;C:\Program Files\Java\jdk-22\bin;
USERNAME=ADMIN
OS=Windows_NT
PROCESSOR_IDENTIFIER=AMD64 Family 25 Model 68 Stepping 1, AuthenticAMD
TMP=C:\Users\ADMIN\AppData\Local\Temp
TEMP=C:\Users\ADMIN\AppData\Local\Temp




Periodic native trim disabled

---------------  S Y S T E M  ---------------

OS:
 Windows 11 , 64 bit Build 22621 (10.0.22621.3527)
OS uptime: 1 days 1:44 hours
Hyper-V role detected

CPU: total 12 (initial active 12) (12 cores per cpu, 2 threads per core) family 25 model 68 stepping 1 microcode 0x0, cx8, cmov, fxsr, ht, mmx, 3dnowpref, sse, sse2, sse3, ssse3, sse4a, sse4.1, sse4.2, popcnt, lzcnt, tsc, tscinvbit, avx, avx2, aes, erms, clmul, bmi1, bmi2, adx, sha, fma, vzeroupper, clflush, clflushopt, hv, rdtscp, rdpid, fsrm, f16c, cet_ss
Processor Information for all 12 processors :
  Max Mhz: 3301, Current Mhz: 3301, Mhz Limit: 3301

Memory: 4k page, system-wide physical 14020M (1088M free)
TotalPageFile size 57028M (AvailPageFile size 2339M)
current process WorkingSet (physical memory assigned to process): 79M, peak: 91M
current process commit charge ("private bytes"): 326M, peak: 330M

vm_info: Java HotSpot(TM) 64-Bit Server VM (22+36-2370) for windows-amd64 JRE (22+36-2370), built on 2024-02-15T22:15:19Z by "mach5one" with MS VC++ 17.6 (VS2022)

END.
