#
# There is insufficient memory for the Java Runtime Environment to continue.
# Native memory allocation (malloc) failed to allocate 32784 bytes. Error detail: Chunk::new
# Possible reasons:
#   The system is out of physical RAM or swap space
#   This process is running with CompressedOops enabled, and the Java Heap may be blocking the growth of the native heap
# Possible solutions:
#   Reduce memory load on the system
#   Increase physical memory or swap space
#   Check if swap backing store is full
#   Decrease Java heap size (-Xmx/-Xms)
#   Decrease number of Java threads
#   Decrease Java thread stack sizes (-Xss)
#   Set larger code cache with -XX:ReservedCodeCacheSize=
#   JVM is running with Zero Based Compressed Oops mode in which the Java heap is
#     placed in the first 32GB address space. The Java Heap base address is the
#     maximum limit for the native heap growth. Please use -XX:HeapBaseMinAddress
#     to set the Java Heap base and to place the Java Heap above 32GB virtual address.
# This output file may be truncated or incomplete.
#
#  Out of Memory Error (arena.cpp:150), pid=24648, tid=28444
#
# JRE version: Java(TM) SE Runtime Environment (22.0+36) (build 22+36-2370)
# Java VM: Java HotSpot(TM) 64-Bit Server VM (22+36-2370, mixed mode, sharing, tiered, compressed oops, compressed class ptrs, g1 gc, windows-amd64)
# No core dump will be written. Minidumps are not enabled by default on client versions of Windows
#

---------------  S U M M A R Y ------------

Command Line: -Dclassworlds.conf=C:\Program Files\NetBeans-21\netbeans\java\maven\bin\m2.conf -Dmaven.home=C:\Program Files\NetBeans-21\netbeans\java\maven -Dlibrary.jansi.path=C:\Program Files\NetBeans-21\netbeans\java\maven\lib\jansi-native -Dmaven.multiModuleProjectDirectory=C:\Users\ADMIN\OneDrive\Documents\GitHub\Management_Project_Java\mavenproject1 org.codehaus.plexus.classworlds.launcher.Launcher -Dexec.vmArgs=--enable-preview -Dexec.args=${exec.vmArgs} -classpath %classpath ${exec.mainClass} ${exec.appArgs} -Dexec.appArgs= -Dexec.mainClass=GUI.Login -Dexec.executable=C:\Program Files\Java\jdk-22\bin\java.exe -Dmaven.ext.class.path=C:\Program Files\NetBeans-21\netbeans\java\maven-nblib\netbeans-eventspy.jar --no-transfer-progress process-classes org.codehaus.mojo:exec-maven-plugin:3.1.0:exec

Host: AMD Ryzen 5 6600HS Creator Edition             , 12 cores, 13G,  Windows 11 , 64 bit Build 22621 (10.0.22621.3527)
Time: Thu May 16 16:18:44 2024 SE Asia Standard Time elapsed time: 59.486124 seconds (0d 0h 0m 59s)

---------------  T H R E A D  ---------------

Current thread (0x0000021dff91b9d0):  JavaThread "C2 CompilerThread0" daemon [_thread_in_native, id=28444, stack(0x000000aba7c00000,0x000000aba7d00000) (1024K)]


Current CompileTask:
C2:59486 4416   !   4       com.sun.tools.javac.parser.JavaTokenizer::
[error occurred during error reporting (printing current compile task), id 0xe0000001, Out of Memory Error (s\open\src\hotspot\share\memory\arena.cpp:150)]
Stack: [0x000000aba7c00000,0x000000aba7d00000]
Native frames: (J=compiled Java code, j=interpreted, Vv=VM code, C=native code)
V  [jvm.dll+0x6e2349]  (no source info available)
V  [jvm.dll+0x874ed3]  (no source info available)
V  [jvm.dll+0x8772fe]  (no source info available)
V  [jvm.dll+0x8779d3]  (no source info available)
V  [jvm.dll+0x27fcb6]  (no source info available)
V  [jvm.dll+0xc3d0f]  (no source info available)
V  [jvm.dll+0xc3f6b]  (no source info available)
V  [jvm.dll+0x7de74d]  (no source info available)
V  [jvm.dll+0x694985]  (no source info available)
V  [jvm.dll+0x25ab77]  (no source info available)
V  [jvm.dll+0x25b177]  (no source info available)
V  [jvm.dll+0x874d37]  (no source info available)
V  [jvm.dll+0x8772fe]  (no source info available)
V  [jvm.dll+0x8779d3]  (no source info available)
V  [jvm.dll+0x27fcb6]  (no source info available)
V  [jvm.dll+0xc3d0f]  (no source info available)
V  [jvm.dll+0xc40fb]  (no source info available)
V  [jvm.dll+0xc3bbb]  (no source info available)
V  [jvm.dll+0x709dff]  (no source info available)
V  [jvm.dll+0x398a12]  (no source info available)
V  [jvm.dll+0x39665e]  (no source info available)
V  [jvm.dll+0x6f93e9]  (no source info available)
V  [jvm.dll+0x6fcd30]  (no source info available)
V  [jvm.dll+0x6f509f]  (no source info available)
V  [jvm.dll+0x6f4657]  (no source info available)
V  [jvm.dll+0x6f2834]  (no source info available)
V  [jvm.dll+0x1c805c]  (no source info available)
V  [jvm.dll+0x246c1b]  (no source info available)
V  [jvm.dll+0x1c4e90]  (no source info available)
V  [jvm.dll+0x25699e]  (no source info available)
V  [jvm.dll+0x254c5a]  (no source info available)
V  [jvm.dll+0x3f5426]  (no source info available)
V  [jvm.dll+0x81d50b]  (no source info available)
V  [jvm.dll+0x6e09e5]  (no source info available)
C  [ucrtbase.dll+0x29333]  (no source info available)
C  [KERNEL32.DLL+0x1257d]  (no source info available)
C  [ntdll.dll+0x5aa48]  (no source info available)


---------------  P R O C E S S  ---------------

Threads class SMR info:
_java_thread_list=0x0000021dd7a2b330, length=11, elements={
0x0000021defe1f710, 0x0000021dff9122a0, 0x0000021dff913010, 0x0000021dff917d30,
0x0000021dff919420, 0x0000021dff919e80, 0x0000021dff91a8e0, 0x0000021dff91b9d0,
0x0000021dff94f4f0, 0x0000021dd629dba0, 0x0000021dd62a2c10
}

Java Threads: ( => current thread )
  0x0000021defe1f710 JavaThread "main"                              [_thread_in_native, id=26364, stack(0x000000aba6d00000,0x000000aba6e00000) (1024K)]
  0x0000021dff9122a0 JavaThread "Reference Handler"          daemon [_thread_blocked, id=26180, stack(0x000000aba7600000,0x000000aba7700000) (1024K)]
  0x0000021dff913010 JavaThread "Finalizer"                  daemon [_thread_blocked, id=12236, stack(0x000000aba7700000,0x000000aba7800000) (1024K)]
  0x0000021dff917d30 JavaThread "Signal Dispatcher"          daemon [_thread_blocked, id=13460, stack(0x000000aba7800000,0x000000aba7900000) (1024K)]
  0x0000021dff919420 JavaThread "Attach Listener"            daemon [_thread_blocked, id=25056, stack(0x000000aba7900000,0x000000aba7a00000) (1024K)]
  0x0000021dff919e80 JavaThread "Service Thread"             daemon [_thread_blocked, id=13128, stack(0x000000aba7a00000,0x000000aba7b00000) (1024K)]
  0x0000021dff91a8e0 JavaThread "Monitor Deflation Thread"   daemon [_thread_blocked, id=29232, stack(0x000000aba7b00000,0x000000aba7c00000) (1024K)]
=>0x0000021dff91b9d0 JavaThread "C2 CompilerThread0"         daemon [_thread_in_native, id=28444, stack(0x000000aba7c00000,0x000000aba7d00000) (1024K)]
  0x0000021dff94f4f0 JavaThread "C1 CompilerThread0"         daemon [_thread_in_native, id=29308, stack(0x000000aba7d00000,0x000000aba7e00000) (1024K)]
  0x0000021dd629dba0 JavaThread "Notification Thread"        daemon [_thread_blocked, id=25680, stack(0x000000aba7e00000,0x000000aba7f00000) (1024K)]
  0x0000021dd62a2c10 JavaThread "Common-Cleaner"             daemon [_thread_blocked, id=16220, stack(0x000000aba7f00000,0x000000aba8000000) (1024K)]
Total: 11

Other Threads:
  0x0000021dff8f3c60 VMThread "VM Thread"                           [id=25076, stack(0x000000aba7500000,0x000000aba7600000) (1024K)]
  0x0000021dff8dc820 WatcherThread "VM Periodic Task Thread"        [id=16340, stack(0x000000aba7400000,0x000000aba7500000) (1024K)]
  0x0000021df1ffd9c0 WorkerThread "GC Thread#0"                     [id=11120, stack(0x000000aba6f00000,0x000000aba7000000) (1024K)]
  0x0000021dd6ed16f0 WorkerThread "GC Thread#1"                     [id=13152, stack(0x000000aba8200000,0x000000aba8300000) (1024K)]
  0x0000021dd6ed1aa0 WorkerThread "GC Thread#2"                     [id=10980, stack(0x000000aba8300000,0x000000aba8400000) (1024K)]
  0x0000021dd6f57aa0 WorkerThread "GC Thread#3"                     [id=14288, stack(0x000000aba8400000,0x000000aba8500000) (1024K)]
  0x0000021dd6f57e50 WorkerThread "GC Thread#4"                     [id=20596, stack(0x000000aba8500000,0x000000aba8600000) (1024K)]
  0x0000021dd6f45150 WorkerThread "GC Thread#5"                     [id=29812, stack(0x000000aba8600000,0x000000aba8700000) (1024K)]
  0x0000021dd6f45500 WorkerThread "GC Thread#6"                     [id=29816, stack(0x000000aba8700000,0x000000aba8800000) (1024K)]
  0x0000021dd6f458b0 WorkerThread "GC Thread#7"                     [id=29820, stack(0x000000aba8800000,0x000000aba8900000) (1024K)]
  0x0000021dd6f45c60 WorkerThread "GC Thread#8"                     [id=29824, stack(0x000000aba8900000,0x000000aba8a00000) (1024K)]
  0x0000021dd6b9b1b0 WorkerThread "GC Thread#9"                     [id=31408, stack(0x000000aba8100000,0x000000aba8200000) (1024K)]
  0x0000021df200c3c0 ConcurrentGCThread "G1 Main Marker"            [id=12076, stack(0x000000aba7000000,0x000000aba7100000) (1024K)]
  0x0000021df200d720 WorkerThread "G1 Conc#0"                       [id=17932, stack(0x000000aba7100000,0x000000aba7200000) (1024K)]
  0x0000021dd7150830 WorkerThread "G1 Conc#1"                       [id=2796, stack(0x000000aba8000000,0x000000aba8100000) (1024K)]
  0x0000021dd7c14050 WorkerThread "G1 Conc#2"                       [id=21452, stack(0x000000aba8a00000,0x000000aba8b00000) (1024K)]
  0x0000021df205e5b0 ConcurrentGCThread "G1 Refine#0"               [id=11036, stack(0x000000aba7200000,0x000000aba7300000) (1024K)]
  0x0000021dff7ad860 ConcurrentGCThread "G1 Service"                [id=26428, stack(0x000000aba7300000,0x000000aba7400000) (1024K)]
Total: 18

Threads with active compile tasks:
C2 CompilerThread0  59535 4416   !   4       com.sun.tools.javac.parser.JavaTokenizer::readToken (1877 bytes)
C1 CompilerThread0  59535 4438       3       com.sun.tools.javac.parser.JavacParser::creator (660 bytes)
Total: 2

VM state: not at safepoint (normal execution)

VM Mutex/Monitor currently owned by a thread: None

Heap address: 0x0000000724e00000, size: 3506 MB, Compressed Oops mode: Zero based, Oop shift amount: 3

CDS archive(s) mapped at: [0x0000021d91000000-0x0000021d91c60000-0x0000021d91c60000), size 12976128, SharedBaseAddress: 0x0000021d91000000, ArchiveRelocationMode: 1.
Compressed class space mapped at: 0x0000021d92000000-0x0000021dd2000000, reserved size: 1073741824
Narrow klass base: 0x0000021d91000000, Narrow klass shift: 0, Narrow klass range: 0x41000000

GC Precious Log:
 CardTable entry size: 512
 Card Set container configuration: InlinePtr #cards 4 size 8 Array Of Cards #cards 16 size 48 Howl #buckets 8 coarsen threshold 3686 Howl Bitmap #cards 512 size 80 coarsen threshold 460 Card regions per heap region 1 cards per card region 4096
 CPUs: 12 total, 12 available
 Memory: 14020M
 Large Page Support: Disabled
 NUMA Support: Disabled
 Compressed Oops: Enabled (Zero based)
 Heap Region Size: 2M
 Heap Min Capacity: 8M
 Heap Initial Capacity: 220M
 Heap Max Capacity: 3506M
 Pre-touch: Disabled
 Parallel Workers: 10
 Concurrent Workers: 3
 Concurrent Refinement Workers: 10
 Periodic GC: Disabled

Heap:
 garbage-first heap   total reserved 3590144K, committed 40960K, used 17999K [0x0000000724e00000, 0x0000000800000000)
  region size 2048K, 9 young (18432K), 4 survivors (8192K)
 Metaspace       used 23974K, committed 24320K, reserved 1114112K
  class space    used 2836K, committed 3008K, reserved 1048576K

Heap Regions: E=young(eden), S=young(survivor), O=old, HS=humongous(starts), HC=humongous(continues), CS=collection set, F=free, TAMS=top-at-mark-start, PB=parsable bottom
|   0|0x0000000724e00000, 0x0000000725000000, 0x0000000725000000|100%| O|  |TAMS 0x0000000724e00000| PB 0x0000000724e00000| Untracked |  0
|   1|0x0000000725000000, 0x00000007251c2740, 0x0000000725200000| 87%| O|Cm|TAMS 0x0000000725000000| PB 0x0000000725000000| Complete |  0
|   2|0x0000000725200000, 0x0000000725200000, 0x0000000725400000|  0%| F|  |TAMS 0x0000000725200000| PB 0x0000000725200000| Untracked |  0
|   3|0x0000000725400000, 0x0000000725400000, 0x0000000725600000|  0%| F|  |TAMS 0x0000000725400000| PB 0x0000000725400000| Untracked |  0
|   4|0x0000000725600000, 0x0000000725600000, 0x0000000725800000|  0%| F|  |TAMS 0x0000000725600000| PB 0x0000000725600000| Untracked |  0
|   5|0x0000000725800000, 0x0000000725800000, 0x0000000725a00000|  0%| F|  |TAMS 0x0000000725800000| PB 0x0000000725800000| Untracked |  0
|   6|0x0000000725a00000, 0x0000000725a00000, 0x0000000725c00000|  0%| F|  |TAMS 0x0000000725a00000| PB 0x0000000725a00000| Untracked |  0
|   7|0x0000000725c00000, 0x0000000725c00000, 0x0000000725e00000|  0%| F|  |TAMS 0x0000000725c00000| PB 0x0000000725c00000| Untracked |  0
|   8|0x0000000725e00000, 0x0000000725e00000, 0x0000000726000000|  0%| F|  |TAMS 0x0000000725e00000| PB 0x0000000725e00000| Untracked |  0
|   9|0x0000000726000000, 0x0000000726000000, 0x0000000726200000|  0%| F|  |TAMS 0x0000000726000000| PB 0x0000000726000000| Untracked |  0
|  10|0x0000000726200000, 0x0000000726200000, 0x0000000726400000|  0%| F|  |TAMS 0x0000000726200000| PB 0x0000000726200000| Untracked |  0
|  11|0x0000000726400000, 0x0000000726600000, 0x0000000726600000|100%| E|  |TAMS 0x0000000726400000| PB 0x0000000726400000| Complete |  0
|  12|0x0000000726600000, 0x0000000726800000, 0x0000000726800000|100%| E|CS|TAMS 0x0000000726600000| PB 0x0000000726600000| Complete |  0
|  13|0x0000000726800000, 0x0000000726a00000, 0x0000000726a00000|100%| E|CS|TAMS 0x0000000726800000| PB 0x0000000726800000| Complete |  0
|  14|0x0000000726a00000, 0x0000000726c00000, 0x0000000726c00000|100%| E|  |TAMS 0x0000000726a00000| PB 0x0000000726a00000| Complete |  0
|  70|0x000000072da00000, 0x000000072dbd18a0, 0x000000072dc00000| 90%| S|CS|TAMS 0x000000072da00000| PB 0x000000072da00000| Complete |  0
|  71|0x000000072dc00000, 0x000000072de00000, 0x000000072de00000|100%| S|CS|TAMS 0x000000072dc00000| PB 0x000000072dc00000| Complete |  0
|  72|0x000000072de00000, 0x000000072e000000, 0x000000072e000000|100%| S|CS|TAMS 0x000000072de00000| PB 0x000000072de00000| Complete |  0
|  73|0x000000072e000000, 0x000000072e200000, 0x000000072e200000|100%| S|CS|TAMS 0x000000072e000000| PB 0x000000072e000000| Complete |  0
| 109|0x0000000732800000, 0x0000000732a00000, 0x0000000732a00000|100%| E|CS|TAMS 0x0000000732800000| PB 0x0000000732800000| Complete |  0

Card table byte_map: [0x0000021dfaf10000,0x0000021dfb5f0000] _byte_map_base: 0x0000021df75e9000

Marking Bits: (CMBitMap*) 0x0000021df1ffdfd0
 Bits: [0x0000021dfb5f0000, 0x0000021dfecb8000)

Polling page: 0x0000021defef0000

Metaspace:

Usage:
  Non-class:     20.64 MB used.
      Class:      2.77 MB used.
       Both:     23.41 MB used.

Virtual space:
  Non-class space:       64.00 MB reserved,      20.81 MB ( 33%) committed,  1 nodes.
      Class space:        1.00 GB reserved,       2.94 MB ( <1%) committed,  1 nodes.
             Both:        1.06 GB reserved,      23.75 MB (  2%) committed. 

Chunk freelists:
   Non-Class:  11.20 MB
       Class:  12.98 MB
        Both:  24.19 MB

MaxMetaspaceSize: unlimited
CompressedClassSpaceSize: 1.00 GB
Initial GC threshold: 21.00 MB
Current GC threshold: 36.06 MB
CDS: on
 - commit_granule_bytes: 65536.
 - commit_granule_words: 8192.
 - virtual_space_node_default_size: 8388608.
 - enlarge_chunks_in_place: 1.
 - use_allocation_guard: 0.


Internal statistics:

num_allocs_failed_limit: 6.
num_arena_births: 206.
num_arena_deaths: 0.
num_vsnodes_births: 2.
num_vsnodes_deaths: 0.
num_space_committed: 380.
num_space_uncommitted: 0.
num_chunks_returned_to_freelist: 6.
num_chunks_taken_from_freelist: 1033.
num_chunk_merges: 6.
num_chunk_splits: 751.
num_chunks_enlarged: 618.
num_inconsistent_stats: 0.

CodeHeap 'non-profiled nmethods': size=120000Kb used=2168Kb max_used=2168Kb free=117831Kb
 bounds [0x0000021d87ad0000, 0x0000021d87d40000, 0x0000021d8f000000]
CodeHeap 'profiled nmethods': size=120000Kb used=9338Kb max_used=9338Kb free=110661Kb
 bounds [0x0000021d80000000, 0x0000021d80920000, 0x0000021d87530000]
CodeHeap 'non-nmethods': size=5760Kb used=1439Kb max_used=1471Kb free=4320Kb
 bounds [0x0000021d87530000, 0x0000021d877a0000, 0x0000021d87ad0000]
 total_blobs=4948 nmethods=4425 adapters=427
 compilation: enabled
              stopped_count=0, restarted_count=0
 full_count=0

Compilation events (20 events):
Event: 57.202 Thread 0x0000021dff91b9d0 4402       4       com.sun.tools.javac.parser.JavacParser::annotationsOpt (93 bytes)
Event: 57.202 Thread 0x0000021dff91b9d0 nmethod 4402 0x0000021d87ce0390 code [0x0000021d87ce0520, 0x0000021d87ce05f8]
Event: 57.203 Thread 0x0000021dff94f4f0 4403       3       com.sun.tools.javac.tree.JCTree$JCIdent::getTag (4 bytes)
Event: 57.203 Thread 0x0000021dff91b9d0 4405       4       java.util.HashMap::computeIfAbsent (330 bytes)
Event: 57.203 Thread 0x0000021dff94f4f0 nmethod 4403 0x0000021d80903810 code [0x0000021d809039a0, 0x0000021d80903ab8]
Event: 57.203 Thread 0x0000021dff94f4f0 4404       3       com.sun.tools.javac.tree.JCTree$JCMethodInvocation::getTag (4 bytes)
Event: 57.203 Thread 0x0000021dff94f4f0 nmethod 4404 0x0000021d80903b90 code [0x0000021d80903d20, 0x0000021d80903e38]
Event: 57.203 Thread 0x0000021dff94f4f0 4406 %     3       com.sun.tools.javac.util.Position$LineMapImpl::build @ 25 (128 bytes)
Event: 57.204 Thread 0x0000021dff94f4f0 nmethod 4406% 0x0000021d80903f10 code [0x0000021d80904120, 0x0000021d80904ac8]
Event: 57.214 Thread 0x0000021dff91b9d0 nmethod 4405 0x0000021d87ce0710 code [0x0000021d87ce0920, 0x0000021d87ce1358]
Event: 58.487 Thread 0x0000021dff94f4f0 4407       3       com.sun.tools.javac.parser.Tokens$Token::deprecatedFlag (46 bytes)
Event: 58.488 Thread 0x0000021dff94f4f0 nmethod 4407 0x0000021d80904e10 code [0x0000021d80905040, 0x0000021d80905a98]
Event: 58.488 Thread 0x0000021dff94f4f0 4408       3       com.sun.tools.javac.parser.JavacParser::bracketsOpt (116 bytes)
Event: 58.489 Thread 0x0000021dff94f4f0 nmethod 4408 0x0000021d80905d90 code [0x0000021d809060c0, 0x0000021d809078a8]
Event: 59.359 Thread 0x0000021dff94f4f0 4409       3       com.sun.tools.javac.parser.JavaTokenizer::scanOperator (73 bytes)
Event: 59.360 Thread 0x0000021dff94f4f0 nmethod 4409 0x0000021d80908090 code [0x0000021d809083a0, 0x0000021d80909740]
Event: 59.360 Thread 0x0000021dff94f4f0 4411       3       com.sun.tools.javac.parser.JavaTokenizer::scanDigits (98 bytes)
Event: 59.360 Thread 0x0000021dff91b9d0 4416   !   4       com.sun.tools.javac.parser.JavaTokenizer::readToken (1877 bytes)
Event: 59.361 Thread 0x0000021dff94f4f0 nmethod 4411 0x0000021d80909d90 code [0x0000021d8090a0c0, 0x0000021d8090bb50]
Event: 59.361 Thread 0x0000021dff94f4f0 4415   !   3       com.sun.tools.javac.parser.JavacParser::literal (693 bytes)

GC Heap History (6 events):
Event: 3.729 GC heap before
{Heap before GC invocations=0 (full 0):
 garbage-first heap   total reserved 3590144K, committed 225280K, used 24576K [0x0000000724e00000, 0x0000000800000000)
  region size 2048K, 12 young (24576K), 0 survivors (0K)
 Metaspace       used 5720K, committed 5952K, reserved 1114112K
  class space    used 673K, committed 768K, reserved 1048576K
}
Event: 3.964 GC heap after
{Heap after GC invocations=1 (full 0):
 garbage-first heap   total reserved 3590144K, committed 225280K, used 3840K [0x0000000724e00000, 0x0000000800000000)
  region size 2048K, 2 young (4096K), 2 survivors (4096K)
 Metaspace       used 5720K, committed 5952K, reserved 1114112K
  class space    used 673K, committed 768K, reserved 1048576K
}
Event: 8.732 GC heap before
{Heap before GC invocations=1 (full 0):
 garbage-first heap   total reserved 3590144K, committed 225280K, used 40704K [0x0000000724e00000, 0x0000000800000000)
  region size 2048K, 20 young (40960K), 2 survivors (4096K)
 Metaspace       used 11398K, committed 11584K, reserved 1114112K
  class space    used 1385K, committed 1472K, reserved 1048576K
}
Event: 8.740 GC heap after
{Heap after GC invocations=2 (full 0):
 garbage-first heap   total reserved 3590144K, committed 225280K, used 6695K [0x0000000724e00000, 0x0000000800000000)
  region size 2048K, 2 young (4096K), 2 survivors (4096K)
 Metaspace       used 11398K, committed 11584K, reserved 1114112K
  class space    used 1385K, committed 1472K, reserved 1048576K
}
Event: 49.033 GC heap before
{Heap before GC invocations=2 (full 0):
 garbage-first heap   total reserved 3590144K, committed 225280K, used 74279K [0x0000000724e00000, 0x0000000800000000)
  region size 2048K, 36 young (73728K), 2 survivors (4096K)
 Metaspace       used 21184K, committed 21504K, reserved 1114112K
  class space    used 2561K, committed 2688K, reserved 1048576K
}
Event: 49.041 GC heap after
{Heap after GC invocations=3 (full 0):
 garbage-first heap   total reserved 3590144K, committed 225280K, used 11855K [0x0000000724e00000, 0x0000000800000000)
  region size 2048K, 4 young (8192K), 4 survivors (8192K)
 Metaspace       used 21184K, committed 21504K, reserved 1114112K
  class space    used 2561K, committed 2688K, reserved 1048576K
}

Dll operation events (8 events):
Event: 0.224 Loaded shared library C:\Program Files\Java\jdk-22\bin\java.dll
Event: 0.312 Loaded shared library C:\Program Files\Java\jdk-22\bin\jsvml.dll
Event: 0.347 Loaded shared library C:\Program Files\Java\jdk-22\bin\net.dll
Event: 0.350 Loaded shared library C:\Program Files\Java\jdk-22\bin\nio.dll
Event: 0.355 Loaded shared library C:\Program Files\Java\jdk-22\bin\zip.dll
Event: 1.639 Loaded shared library C:\Program Files\Java\jdk-22\bin\jimage.dll
Event: 1.656 Loaded shared library C:\Program Files\NetBeans-21\netbeans\java\maven\lib\jansi-native\Windows\x86_64\jansi.dll
Event: 1.682 Loaded shared library C:\Program Files\Java\jdk-22\bin\verify.dll

Deoptimization events (20 events):
Event: 51.450 Thread 0x0000021defe1f710 Uncommon trap: trap_request=0xffffffde fr.pc=0x0000021d87b04d18 relative=0x0000000000000798
Event: 51.450 Thread 0x0000021defe1f710 Uncommon trap: reason=class_check action=maybe_recompile pc=0x0000021d87b04d18 method=jdk.internal.loader.URLClassPath.getLoader(I)Ljdk/internal/loader/URLClassPath$Loader; @ 88 c2
Event: 51.450 Thread 0x0000021defe1f710 DEOPT PACKING pc=0x0000021d87b04d18 sp=0x000000aba6dfd400
Event: 51.450 Thread 0x0000021defe1f710 DEOPT UNPACKING pc=0x0000021d875846a2 sp=0x000000aba6dfd3d0 mode 2
Event: 51.625 Thread 0x0000021defe1f710 Uncommon trap: trap_request=0xffffffde fr.pc=0x0000021d87b04d18 relative=0x0000000000000798
Event: 51.625 Thread 0x0000021defe1f710 Uncommon trap: reason=class_check action=maybe_recompile pc=0x0000021d87b04d18 method=jdk.internal.loader.URLClassPath.getLoader(I)Ljdk/internal/loader/URLClassPath$Loader; @ 88 c2
Event: 51.625 Thread 0x0000021defe1f710 DEOPT PACKING pc=0x0000021d87b04d18 sp=0x000000aba6dfd400
Event: 51.625 Thread 0x0000021defe1f710 DEOPT UNPACKING pc=0x0000021d875846a2 sp=0x000000aba6dfd3d0 mode 2
Event: 52.780 Thread 0x0000021defe1f710 Uncommon trap: trap_request=0xffffff45 fr.pc=0x0000021d87ba223c relative=0x00000000000004fc
Event: 52.780 Thread 0x0000021defe1f710 Uncommon trap: reason=unstable_if action=reinterpret pc=0x0000021d87ba223c method=java.lang.String.<init>(Ljava/lang/AbstractStringBuilder;Ljava/lang/Void;)V @ 19 c2
Event: 52.780 Thread 0x0000021defe1f710 DEOPT PACKING pc=0x0000021d87ba223c sp=0x000000aba6dfc430
Event: 52.780 Thread 0x0000021defe1f710 DEOPT UNPACKING pc=0x0000021d875846a2 sp=0x000000aba6dfc330 mode 2
Event: 52.780 Thread 0x0000021defe1f710 Uncommon trap: trap_request=0xffffff45 fr.pc=0x0000021d87bcf580 relative=0x00000000000004c0
Event: 52.780 Thread 0x0000021defe1f710 Uncommon trap: reason=unstable_if action=reinterpret pc=0x0000021d87bcf580 method=java.lang.String.<init>(Ljava/lang/AbstractStringBuilder;Ljava/lang/Void;)V @ 19 c2
Event: 52.781 Thread 0x0000021defe1f710 DEOPT PACKING pc=0x0000021d87bcf580 sp=0x000000aba6dfc670
Event: 52.781 Thread 0x0000021defe1f710 DEOPT UNPACKING pc=0x0000021d875846a2 sp=0x000000aba6dfc628 mode 2
Event: 54.858 Thread 0x0000021defe1f710 Uncommon trap: trap_request=0xffffff45 fr.pc=0x0000021d87cd2c7c relative=0x00000000000059bc
Event: 54.858 Thread 0x0000021defe1f710 Uncommon trap: reason=unstable_if action=reinterpret pc=0x0000021d87cd2c7c method=com.sun.tools.javac.parser.JavaTokenizer.readToken()Lcom/sun/tools/javac/parser/Tokens$Token; @ 90 c2
Event: 54.858 Thread 0x0000021defe1f710 DEOPT PACKING pc=0x0000021d87cd2c7c sp=0x000000aba6dfcc40
Event: 54.858 Thread 0x0000021defe1f710 DEOPT UNPACKING pc=0x0000021d875846a2 sp=0x000000aba6dfcc10 mode 2

Classes loaded (20 events):
Event: 49.993 Loading class jdk/internal/jrtfs/JrtFileSystem
Event: 50.744 Loading class jdk/internal/jrtfs/JrtFileSystem done
Event: 50.744 Loading class jdk/internal/jrtfs/JrtPath
Event: 50.745 Loading class jdk/internal/jrtfs/JrtPath done
Event: 50.746 Loading class jdk/internal/jrtfs/SystemImage
Event: 50.764 Loading class jdk/internal/jrtfs/SystemImage done
Event: 50.765 Loading class java/security/AllPermissionCollection
Event: 50.768 Loading class java/security/AllPermissionCollection done
Event: 50.769 Loading class jdk/internal/jrtfs/SystemImage$2
Event: 50.769 Loading class jdk/internal/jrtfs/SystemImage$2 done
Event: 51.048 Loading class jdk/internal/jimage/ImageReader$Directory
Event: 51.424 Loading class jdk/internal/jimage/ImageReader$Node
Event: 51.432 Loading class jdk/internal/jimage/ImageReader$Node done
Event: 51.432 Loading class jdk/internal/jimage/ImageReader$Directory done
Event: 51.432 Loading class jdk/internal/jrtfs/SystemImage$1
Event: 51.436 Loading class jdk/internal/jrtfs/SystemImage$1 done
Event: 51.626 Loading class java/lang/UnsupportedClassVersionError
Event: 51.626 Loading class java/lang/UnsupportedClassVersionError done
Event: 52.836 Loading class java/util/BitSet
Event: 53.135 Loading class java/util/BitSet done

Classes unloaded (0 events):
No events

Classes redefined (0 events):
No events

Internal exceptions (20 events):
Event: 10.025 Thread 0x0000021defe1f710 Exception <a 'java/lang/NoSuchMethodError'{0x00000007320f3bd0}: 'void java.lang.invoke.DirectMethodHandle$Holder.invokeVirtual(java.lang.Object, java.lang.Object)'> (0x00000007320f3bd0) 
thrown [s\open\src\hotspot\share\interpreter\linkResolver.cpp, line 774]
Event: 10.377 Thread 0x0000021defe1f710 Exception <a 'java/lang/NoSuchMethodError'{0x0000000732181cd0}: 'java.lang.Object java.lang.invoke.DirectMethodHandle$Holder.invokeStaticInit(java.lang.Object, int, int, int, int)'> (0x0000000732181cd0) 
thrown [s\open\src\hotspot\share\interpreter\linkResolver.cpp, line 774]
Event: 11.399 Thread 0x0000021defe1f710 Exception <a 'java/lang/NoSuchMethodError'{0x0000000731b2ea10}: 'void java.lang.invoke.DirectMethodHandle$Holder.invokeVirtual(java.lang.Object, java.lang.Object, int)'> (0x0000000731b2ea10) 
thrown [s\open\src\hotspot\share\interpreter\linkResolver.cpp, line 774]
Event: 11.400 Thread 0x0000021defe1f710 Exception <a 'java/lang/NoSuchMethodError'{0x0000000731b35bc8}: 'void java.lang.invoke.DelegatingMethodHandle$Holder.reinvoke_L(java.lang.Object, java.lang.Object, int)'> (0x0000000731b35bc8) 
thrown [s\open\src\hotspot\share\interpreter\linkResolver.cpp, line 774]
Event: 17.060 Thread 0x0000021defe1f710 Implicit null exception at 0x0000021d87b8211b to 0x0000021d87b82318
Event: 17.061 Thread 0x0000021defe1f710 Implicit null exception at 0x0000021d87bf866d to 0x0000021d87bf8eec
Event: 17.062 Thread 0x0000021defe1f710 Implicit null exception at 0x0000021d87b82b1b to 0x0000021d87b82d14
Event: 17.063 Thread 0x0000021defe1f710 Implicit null exception at 0x0000021d87bae0bd to 0x0000021d87bae13d
Event: 19.472 Thread 0x0000021defe1f710 Implicit null exception at 0x0000021d87c34be5 to 0x0000021d87c34de8
Event: 20.172 Thread 0x0000021defe1f710 Exception <a 'java/lang/NoSuchMethodError'{0x0000000730284978}: 'java.lang.Object java.lang.invoke.DirectMethodHandle$Holder.newInvokeSpecial(java.lang.Object, java.lang.Object, java.lang.Object, java.lang.Object, java.lang.Object, java.lang.Object, java.lang.Object)'> (0x0000000730284978) 
thrown [s\open\src\hotspot\share\interpreter\linkResolver.cpp, line 774]
Event: 28.914 Thread 0x0000021defe1f710 Exception <a 'java/lang/NoSuchMethodError'{0x000000072f6c9f80}: 'java.lang.Object java.lang.invoke.DirectMethodHandle$Holder.invokeVirtual(java.lang.Object, java.lang.Object, java.lang.Object)'> (0x000000072f6c9f80) 
thrown [s\open\src\hotspot\share\interpreter\linkResolver.cpp, line 774]
Event: 28.915 Thread 0x0000021defe1f710 Exception <a 'java/lang/NoSuchMethodError'{0x000000072f6d0948}: 'void java.lang.invoke.DirectMethodHandle$Holder.invokeSpecial(java.lang.Object, java.lang.Object, java.lang.Object, java.lang.Object, java.lang.Object, java.lang.Object)'> (0x000000072f6d0948) 
thrown [s\open\src\hotspot\share\interpreter\linkResolver.cpp, line 774]
Event: 28.916 Thread 0x0000021defe1f710 Exception <a 'java/lang/NoSuchMethodError'{0x000000072f6dac68}: 'int java.lang.invoke.DirectMethodHandle$Holder.invokeVirtual(java.lang.Object, java.lang.Object)'> (0x000000072f6dac68) 
thrown [s\open\src\hotspot\share\interpreter\linkResolver.cpp, line 774]
Event: 29.283 Thread 0x0000021defe1f710 Exception <a 'java/lang/NoSuchMethodError'{0x000000072f7aeaa0}: 'void java.lang.invoke.Invokers$Holder.invokeExact_MT(java.lang.Object, java.lang.Object, int, java.lang.Object)'> (0x000000072f7aeaa0) 
thrown [s\open\src\hotspot\share\interpreter\linkResolver.cpp, line 774]
Event: 45.152 Thread 0x0000021defe1f710 Exception <a 'java/lang/NoSuchMethodError'{0x000000072e773750}: 'int java.lang.invoke.DirectMethodHandle$Holder.invokeInterface(java.lang.Object, java.lang.Object)'> (0x000000072e773750) 
thrown [s\open\src\hotspot\share\interpreter\linkResolver.cpp, line 774]
Event: 47.006 Thread 0x0000021defe1f710 Exception <a 'sun/nio/fs/WindowsException'{0x000000072e2ad7c8}> (0x000000072e2ad7c8) 
thrown [s\open\src\hotspot\share\prims\jni.cpp, line 520]
Event: 47.006 Thread 0x0000021defe1f710 Exception <a 'java/lang/NoSuchMethodError'{0x000000072e2b15e8}: 'int java.lang.invoke.DirectMethodHandle$Holder.invokeVirtual(java.lang.Object, java.lang.Object, java.lang.Object)'> (0x000000072e2b15e8) 
thrown [s\open\src\hotspot\share\interpreter\linkResolver.cpp, line 774]
Event: 47.007 Thread 0x0000021defe1f710 Exception <a 'java/lang/NoSuchMethodError'{0x000000072e2b7100}: 'void java.lang.invoke.DirectMethodHandle$Holder.invokeInterface(java.lang.Object, java.lang.Object, java.lang.Object)'> (0x000000072e2b7100) 
thrown [s\open\src\hotspot\share\interpreter\linkResolver.cpp, line 774]
Event: 49.629 Thread 0x0000021defe1f710 Exception <a 'java/lang/NoSuchMethodError'{0x00000007328a8380}: 'java.lang.Object java.lang.invoke.DirectMethodHandle$Holder.newInvokeSpecial(java.lang.Object, java.lang.Object, java.lang.Object, java.lang.Object, java.lang.Object, java.lang.Object)'> (0x00000007328a8380) 
thrown [s\open\src\hotspot\share\interpreter\linkResolver.cpp, line 774]
Event: 49.992 Thread 0x0000021defe1f710 Exception <a 'sun/nio/fs/WindowsException'{0x00000007328f9650}> (0x00000007328f9650) 
thrown [s\open\src\hotspot\share\prims\jni.cpp, line 520]

ZGC Phase Switch (0 events):
No events

VM Operations (20 events):
Event: 49.033 Executing VM operation: CollectForMetadataAllocation (Metadata GC Threshold)
Event: 49.041 Executing VM operation: CollectForMetadataAllocation (Metadata GC Threshold) done
Event: 49.054 Executing VM operation: CollectForMetadataAllocation (Metadata GC Threshold)
Event: 49.055 Executing VM operation: CollectForMetadataAllocation (Metadata GC Threshold) done
Event: 49.069 Executing VM operation: G1PauseRemark
Event: 49.092 Executing VM operation: G1PauseRemark done
Event: 49.094 Executing VM operation: G1PauseCleanup
Event: 49.095 Executing VM operation: G1PauseCleanup done
Event: 50.746 Executing VM operation: HandshakeAllThreads (Deoptimize)
Event: 50.746 Executing VM operation: HandshakeAllThreads (Deoptimize) done
Event: 51.752 Executing VM operation: Cleanup
Event: 51.752 Executing VM operation: Cleanup done
Event: 52.753 Executing VM operation: Cleanup
Event: 52.769 Executing VM operation: Cleanup done
Event: 53.782 Executing VM operation: Cleanup
Event: 53.782 Executing VM operation: Cleanup done
Event: 55.811 Executing VM operation: Cleanup
Event: 55.811 Executing VM operation: Cleanup done
Event: 57.819 Executing VM operation: Cleanup
Event: 57.819 Executing VM operation: Cleanup done

Events (20 events):
Event: 0.308 Thread 0x0000021dff91b9d0 Thread added: 0x0000021dff91b9d0
Event: 0.309 Thread 0x0000021dff94f4f0 Thread added: 0x0000021dff94f4f0
Event: 0.334 Thread 0x0000021dd629dba0 Thread added: 0x0000021dd629dba0
Event: 0.338 Thread 0x0000021dd62a2c10 Thread added: 0x0000021dd62a2c10
Event: 3.502 Thread 0x0000021dd6dec420 Thread added: 0x0000021dd6dec420
Event: 3.502 Thread 0x0000021dd6decef0 Thread added: 0x0000021dd6decef0
Event: 4.294 Thread 0x0000021dd6decef0 Thread exited: 0x0000021dd6decef0
Event: 4.294 Thread 0x0000021dd6dec420 Thread exited: 0x0000021dd6dec420
Event: 8.702 Thread 0x0000021dd6a0e3f0 Thread added: 0x0000021dd6a0e3f0
Event: 8.848 Thread 0x0000021dd6a0e3f0 Thread exited: 0x0000021dd6a0e3f0
Event: 9.355 Thread 0x0000021dd6e74d70 Thread added: 0x0000021dd6e74d70
Event: 9.543 Thread 0x0000021dd6e74d70 Thread exited: 0x0000021dd6e74d70
Event: 13.825 Thread 0x0000021dd6cb31a0 Thread added: 0x0000021dd6cb31a0
Event: 14.018 Thread 0x0000021dd6cb31a0 Thread exited: 0x0000021dd6cb31a0
Event: 15.025 Thread 0x0000021dd69e0250 Thread added: 0x0000021dd69e0250
Event: 15.527 Thread 0x0000021dd69e0250 Thread exited: 0x0000021dd69e0250
Event: 17.070 Thread 0x0000021dd7a2f440 Thread added: 0x0000021dd7a2f440
Event: 17.265 Thread 0x0000021dd7a2f440 Thread exited: 0x0000021dd7a2f440
Event: 17.675 Thread 0x0000021dd685b4f0 Thread added: 0x0000021dd685b4f0
Event: 18.796 Thread 0x0000021dd685b4f0 Thread exited: 0x0000021dd685b4f0


Dynamic libraries:
0x00007ff7ed1d0000 - 0x00007ff7ed1e0000 	C:\Program Files\Java\jdk-22\bin\java.exe
0x00007ffc3f9d0000 - 0x00007ffc3fbe7000 	C:\WINDOWS\SYSTEM32\ntdll.dll
0x00007ffc3e920000 - 0x00007ffc3e9e4000 	C:\WINDOWS\System32\KERNEL32.DLL
0x00007ffc3cf80000 - 0x00007ffc3d327000 	C:\WINDOWS\System32\KERNELBASE.dll
0x00007ffc3ce60000 - 0x00007ffc3cf71000 	C:\WINDOWS\System32\ucrtbase.dll
0x00007ffc0f400000 - 0x00007ffc0f417000 	C:\Program Files\Java\jdk-22\bin\jli.dll
0x00007ffc3e9f0000 - 0x00007ffc3eaa2000 	C:\WINDOWS\System32\ADVAPI32.dll
0x00007ffc3eab0000 - 0x00007ffc3eb57000 	C:\WINDOWS\System32\msvcrt.dll
0x00007ffc3dbc0000 - 0x00007ffc3dc68000 	C:\WINDOWS\System32\sechost.dll
0x00007ffc3ce30000 - 0x00007ffc3ce58000 	C:\WINDOWS\System32\bcrypt.dll
0x00007ffc3f650000 - 0x00007ffc3f765000 	C:\WINDOWS\System32\RPCRT4.dll
0x00007ffc3e520000 - 0x00007ffc3e6ce000 	C:\WINDOWS\System32\USER32.dll
0x00007ffc3d4c0000 - 0x00007ffc3d4e6000 	C:\WINDOWS\System32\win32u.dll
0x00007ffc3db70000 - 0x00007ffc3db99000 	C:\WINDOWS\System32\GDI32.dll
0x00007ffc3d3a0000 - 0x00007ffc3d4b9000 	C:\WINDOWS\System32\gdi32full.dll
0x00007ffc3d4f0000 - 0x00007ffc3d58a000 	C:\WINDOWS\System32\msvcp_win.dll
0x00007ffbf78f0000 - 0x00007ffbf790b000 	C:\Program Files\Java\jdk-22\bin\VCRUNTIME140.dll
0x00007ffc10350000 - 0x00007ffc105e3000 	C:\WINDOWS\WinSxS\amd64_microsoft.windows.common-controls_6595b64144ccf1df_6.0.22621.3527_none_270e469b73872a76\COMCTL32.dll
0x00007ffc343d0000 - 0x00007ffc343da000 	C:\WINDOWS\SYSTEM32\VERSION.dll
0x00007ffc3f2b0000 - 0x00007ffc3f2e1000 	C:\WINDOWS\System32\IMM32.DLL
0x00007ffc0e880000 - 0x00007ffc0e88c000 	C:\Program Files\Java\jdk-22\bin\vcruntime140_1.dll
0x00007ffbd0ad0000 - 0x00007ffbd0b5e000 	C:\Program Files\Java\jdk-22\bin\msvcp140.dll
0x00007ffba99a0000 - 0x00007ffbaa6e8000 	C:\Program Files\Java\jdk-22\bin\server\jvm.dll
0x00007ffc3e6d0000 - 0x00007ffc3e741000 	C:\WINDOWS\System32\WS2_32.dll
0x00007ffc3cbb0000 - 0x00007ffc3cbfd000 	C:\WINDOWS\SYSTEM32\POWRPROF.dll
0x00007ffc345c0000 - 0x00007ffc345f4000 	C:\WINDOWS\SYSTEM32\WINMM.dll
0x00007ffc3cb90000 - 0x00007ffc3cba3000 	C:\WINDOWS\SYSTEM32\UMPDC.dll
0x00007ffc3bcd0000 - 0x00007ffc3bce8000 	C:\WINDOWS\SYSTEM32\kernel.appcore.dll
0x00007ffbf77d0000 - 0x00007ffbf77da000 	C:\Program Files\Java\jdk-22\bin\jimage.dll
0x00007ffc3a670000 - 0x00007ffc3a8a2000 	C:\WINDOWS\SYSTEM32\DBGHELP.DLL
0x00007ffc3d700000 - 0x00007ffc3da88000 	C:\WINDOWS\System32\combase.dll
0x00007ffc3da90000 - 0x00007ffc3db67000 	C:\WINDOWS\System32\OLEAUT32.dll
0x00007ffc2a930000 - 0x00007ffc2a962000 	C:\WINDOWS\SYSTEM32\dbgcore.DLL
0x00007ffc3cdb0000 - 0x00007ffc3ce29000 	C:\WINDOWS\System32\bcryptPrimitives.dll
0x00007ffbf78d0000 - 0x00007ffbf78ee000 	C:\Program Files\Java\jdk-22\bin\java.dll
0x00007ffc3dc70000 - 0x00007ffc3e4cc000 	C:\WINDOWS\System32\SHELL32.dll
0x00007ffc3f2f0000 - 0x00007ffc3f495000 	C:\WINDOWS\System32\ole32.dll
0x00007ffc3abe0000 - 0x00007ffc3b4d6000 	C:\WINDOWS\SYSTEM32\windows.storage.dll
0x00007ffc3aaa0000 - 0x00007ffc3abde000 	C:\WINDOWS\SYSTEM32\wintypes.dll
0x00007ffc3ed30000 - 0x00007ffc3ee25000 	C:\WINDOWS\System32\SHCORE.dll
0x00007ffc3ec60000 - 0x00007ffc3ecbe000 	C:\WINDOWS\System32\shlwapi.dll
0x00007ffc3cc20000 - 0x00007ffc3cc41000 	C:\WINDOWS\SYSTEM32\profapi.dll
0x00007ffbdd120000 - 0x00007ffbdd1f7000 	C:\Program Files\Java\jdk-22\bin\jsvml.dll
0x00007ffbf77c0000 - 0x00007ffbf77d0000 	C:\Program Files\Java\jdk-22\bin\net.dll
0x00007ffc3c130000 - 0x00007ffc3c199000 	C:\WINDOWS\system32\mswsock.dll
0x00007ffbdd100000 - 0x00007ffbdd116000 	C:\Program Files\Java\jdk-22\bin\nio.dll
0x00007ffbdd0e0000 - 0x00007ffbdd0f7000 	C:\Program Files\Java\jdk-22\bin\zip.dll
0x0000000069ac0000 - 0x0000000069ae4000 	C:\Program Files\NetBeans-21\netbeans\java\maven\lib\jansi-native\Windows\x86_64\jansi.dll
0x00007ffbf77b0000 - 0x00007ffbf77c0000 	C:\Program Files\Java\jdk-22\bin\verify.dll

dbghelp: loaded successfully - version: 4.0.5 - missing functions: none
symbol engine: initialized successfully - sym options: 0x614 - pdb path: .;C:\Program Files\Java\jdk-22\bin;C:\WINDOWS\SYSTEM32;C:\WINDOWS\WinSxS\amd64_microsoft.windows.common-controls_6595b64144ccf1df_6.0.22621.3527_none_270e469b73872a76;C:\Program Files\Java\jdk-22\bin\server;C:\Program Files\NetBeans-21\netbeans\java\maven\lib\jansi-native\Windows\x86_64

VM Arguments:
jvm_args: -Dclassworlds.conf=C:\Program Files\NetBeans-21\netbeans\java\maven\bin\m2.conf -Dmaven.home=C:\Program Files\NetBeans-21\netbeans\java\maven -Dlibrary.jansi.path=C:\Program Files\NetBeans-21\netbeans\java\maven\lib\jansi-native -Dmaven.multiModuleProjectDirectory=C:\Users\ADMIN\OneDrive\Documents\GitHub\Management_Project_Java\mavenproject1 
java_command: org.codehaus.plexus.classworlds.launcher.Launcher -Dexec.vmArgs=--enable-preview -Dexec.args=${exec.vmArgs} -classpath %classpath ${exec.mainClass} ${exec.appArgs} -Dexec.appArgs= -Dexec.mainClass=GUI.Login -Dexec.executable=C:\Program Files\Java\jdk-22\bin\java.exe -Dmaven.ext.class.path=C:\Program Files\NetBeans-21\netbeans\java\maven-nblib\netbeans-eventspy.jar --no-transfer-progress process-classes org.codehaus.mojo:exec-maven-plugin:3.1.0:exec
java_class_path (initial): C:\Program Files\NetBeans-21\netbeans\java\maven\boot\plexus-classworlds-2.7.0.jar
Launcher Type: SUN_STANDARD

[Global flags]
     intx CICompilerCount                          = 4                                         {product} {ergonomic}
     uint ConcGCThreads                            = 3                                         {product} {ergonomic}
     uint G1ConcRefinementThreads                  = 10                                        {product} {ergonomic}
   size_t G1HeapRegionSize                         = 2097152                                   {product} {ergonomic}
   size_t InitialHeapSize                          = 230686720                                 {product} {ergonomic}
   size_t MarkStackSize                            = 4194304                                   {product} {ergonomic}
   size_t MaxHeapSize                              = 3676307456                                {product} {ergonomic}
   size_t MaxNewSize                               = 2204106752                                {product} {ergonomic}
   size_t MinHeapDeltaBytes                        = 2097152                                   {product} {ergonomic}
   size_t MinHeapSize                              = 8388608                                   {product} {ergonomic}
    uintx NonNMethodCodeHeapSize                   = 5839372                                {pd product} {ergonomic}
    uintx NonProfiledCodeHeapSize                  = 122909434                              {pd product} {ergonomic}
    uintx ProfiledCodeHeapSize                     = 122909434                              {pd product} {ergonomic}
    uintx ReservedCodeCacheSize                    = 251658240                              {pd product} {ergonomic}
     bool SegmentedCodeCache                       = true                                      {product} {ergonomic}
   size_t SoftMaxHeapSize                          = 3676307456                             {manageable} {ergonomic}
     bool UseCompressedOops                        = true                           {product lp64_product} {ergonomic}
     bool UseG1GC                                  = true                                      {product} {ergonomic}
     bool UseLargePagesIndividualAllocation        = false                                  {pd product} {ergonomic}

Logging:
Log output configuration:
 #0: stdout all=warning uptime,level,tags foldmultilines=false
 #1: stderr all=off uptime,level,tags foldmultilines=false

Environment Variables:
JAVA_HOME=C:\Program Files\Java\jdk-22
PATH=C:\Program Files (x86)\VMware\VMware Workstation\bin\;C:\Program Files\Common Files\Oracle\Java\javapath;C:\Program Files (x86)\Common Files\Oracle\Java\javapath;C:\Windows\system32;C:\Windows;C:\Windows\System32\Wbem;C:\Windows\System32\WindowsPowerShell\v1.0\;C:\Windows\System32\OpenSSH\;C:\Program Files (x86)\NVIDIA Corporation\PhysX\Common;C:\Program Files\NVIDIA Corporation\NVIDIA NvDLISR;C:\msys64\mingw64\bin;C:\WINDOWS\system32;C:\WINDOWS;C:\WINDOWS\System32\Wbem;C:\WINDOWS\System32\WindowsPowerShell\v1.0\;C:\WINDOWS\System32\OpenSSH\;C:\Program Files (x86)\Microsoft SQL Server\110\Tools\Binn\;C:\Program Files\Microsoft SQL Server\110\Tools\Binn\;C:\Program Files\Microsoft SQL Server\110\DTS\Binn\;C:\Program Files (x86)\Microsoft SQL Server\110\Tools\Binn\ManagementStudio\;C:\Program Files (x86)\Microsoft SQL Server\110\DTS\Binn\;C:\Program Files\Microsoft SQL Server\150\Tools\Binn\;C:\Program Files\Microsoft SQL Server\Client SDK\ODBC\170\Tools\Binn\;C:\Program Files\dotnet\;C:\Program Files\Git\cmd;C:\Users\ADMIN\AppData\Local\Programs\Python\Python312\Scripts\;C:\Users\ADMIN\AppData\Local\Programs\Python\Python312\;C:\Users\ADMIN\AppData\Local\Programs\Python\Launcher\;C:\Users\ADMIN\AppData\Local\Microsoft\WindowsApps;C:\Users\ADMIN\.dotnet\tools;C:\Users\ADMIN\AppData\Local\Programs\Microsoft VS Code\bin;C:\Users\ADMIN\AppData\Local\GitHubDesktop\bin;C:\Program Files\Java\jdk-22\bin;
USERNAME=ADMIN
OS=Windows_NT
PROCESSOR_IDENTIFIER=AMD64 Family 25 Model 68 Stepping 1, AuthenticAMD
TMP=C:\Users\ADMIN\AppData\Local\Temp
TEMP=C:\Users\ADMIN\AppData\Local\Temp




Periodic native trim disabled

---------------  S Y S T E M  ---------------

OS:
 Windows 11 , 64 bit Build 22621 (10.0.22621.3527)
OS uptime: 1 days 1:44 hours
Hyper-V role detected

CPU: total 12 (initial active 12) (12 cores per cpu, 2 threads per core) family 25 model 68 stepping 1 microcode 0x0, cx8, cmov, fxsr, ht, mmx, 3dnowpref, sse, sse2, sse3, ssse3, sse4a, sse4.1, sse4.2, popcnt, lzcnt, tsc, tscinvbit, avx, avx2, aes, erms, clmul, bmi1, bmi2, adx, sha, fma, vzeroupper, clflush, clflushopt, hv, rdtscp, rdpid, fsrm, f16c, cet_ss
Processor Information for processor 0
  Max Mhz: 3301, Current Mhz: 3301, Mhz Limit: 3301
Processor Information for processor 1
  Max Mhz: 3301, Current Mhz: 2503, Mhz Limit: 3301
Processor Information for processor 2
  Max Mhz: 3301, Current Mhz: 3301, Mhz Limit: 3301
Processor Information for processor 3
  Max Mhz: 3301, Current Mhz: 3301, Mhz Limit: 3301
Processor Information for processor 4
  Max Mhz: 3301, Current Mhz: 3301, Mhz Limit: 3301
Processor Information for processor 5
  Max Mhz: 3301, Current Mhz: 3301, Mhz Limit: 3301
Processor Information for processor 6
  Max Mhz: 3301, Current Mhz: 3301, Mhz Limit: 3301
Processor Information for processor 7
  Max Mhz: 3301, Current Mhz: 3301, Mhz Limit: 3301
Processor Information for processor 8
  Max Mhz: 3301, Current Mhz: 2503, Mhz Limit: 3301
Processor Information for processor 9
  Max Mhz: 3301, Current Mhz: 3301, Mhz Limit: 3301
Processor Information for processor 10
  Max Mhz: 3301, Current Mhz: 2503, Mhz Limit: 3301
Processor Information for processor 11
  Max Mhz: 3301, Current Mhz: 3301, Mhz Limit: 3301

Memory: 4k page, system-wide physical 14020M (89M free)
TotalPageFile size 57028M (AvailPageFile size 328M)
current process WorkingSet (physical memory assigned to process): 90M, peak: 167M
current process commit charge ("private bytes"): 174M, peak: 363M

vm_info: Java HotSpot(TM) 64-Bit Server VM (22+36-2370) for windows-amd64 JRE (22+36-2370), built on 2024-02-15T22:15:19Z by "mach5one" with MS VC++ 17.6 (VS2022)

END.
