#
# There is insufficient memory for the Java Runtime Environment to continue.
# Native memory allocation (mmap) failed to map 65536 bytes. Error detail: Failed to commit metaspace.
# Possible reasons:
#   The system is out of physical RAM or swap space
#   This process is running with CompressedOops enabled, and the Java Heap may be blocking the growth of the native heap
# Possible solutions:
#   Reduce memory load on the system
#   Increase physical memory or swap space
#   Check if swap backing store is full
#   Decrease Java heap size (-Xmx/-Xms)
#
#  , pid=48224
#
# org.codehaus.plexus.classworlds.launcher.Launcher -Dexec.vmArgs=--enable-preview -Dexec.args=${exec.vmArgs} -classpath %classpath ${exec.mainClass} ${exec.appArgs} -Dexec.appArgs= -Dexec.mainClass=GUI.Login -Dexec.executable=C:\Program Files\Java\jdk-22\bin\java.exe -Dmaven.ext.class.path=C:\Program Files\NetBeans-21\netbeans\java\maven-nblib\netbeans-eventspy.jar --no-transfer-progress process-classes org.codehaus.mojo:exec-maven-plugin:3.1.0:exec

Host: AMD Ryzen 5 6600HS Creator Edition             , 12 cores, 13G,  Windows 11 , 64 bit Build 22621 (10.0.22621.3527)
Time: Thu May 16 16:19:58 2024 SE Asia Standard Time elapsed time: 13.180711 seconds (0d 0h 0m 13s)

---------------  T H R E A D  ---------------

Current thread (0x000001cf1f4d27a0):  JavaThread "main"             [_thread_in_vm, id=48692, stack(0x0000008e26f00000,0x0000008e27000000) (1024K)]

Stack: [0x0000008e26f00000,0x0000008e27000000]
Native frames: (J=compiled Java code, j=interpreted, Vv=VM code, C=native code)
V  [jvm.dll+0x6e2349]  (no source info available)
V  [jvm.dll+0x874ed3]  (no source info available)
V  [jvm.dll+0x8772fe]  (no source info available)
V  [jvm.dll+0x8779d3]  (no source info available)
V  [jvm.dll+0x27fcb6]  (no source info available)
V  [jvm.dll+0x870b1e]  (no source info available)
V  [jvm.dll+0x6853b5]  (no source info available)
V  [jvm.dll+0x1e3e9c]  (no source info available)
V  [jvm.dll+0x1e3c6e]  (no source info available)
V  [jvm.dll+0x687d08]  (no source info available)
V  [jvm.dll+0x22509c]  (no source info available)
V  [jvm.dll+0x685dce]  (no source info available)
V  [jvm.dll+0x26b0b6]  (no source info available)
V  [jvm.dll+0x215ce7]  (no source info available)
V  [jvm.dll+0x20b4de]  (no source info available)
V  [jvm.dll+0x5c471f]  (no source info available)
V  [jvm.dll+0x7ec136]  (no source info available)
V  [jvm.dll+0x47cb26]  (no source info available)
V  [jvm.dll+0x4829d8]  (no source info available)
C  [java.dll+0x17e4]  (no source info available)
C  0x000001cf3100cfc7  (no source info available)

The last pc belongs to native method entry point (kind = native) (printed below).
Java frames: (J=compiled Java code, j=interpreted, Vv=VM code)
j  java.lang.ClassLoader.defineClass1(Ljava/lang/ClassLoader;Ljava/lang/String;[BIILjava/security/ProtectionDomain;Ljava/lang/String;)Ljava/lang/Class;+0 java.base@22
j  java.lang.ClassLoader.defineClass(Ljava/lang/String;[BIILjava/security/ProtectionDomain;)Ljava/lang/Class;+27 java.base@22
J 790 c1 java.security.SecureClassLoader.defineClass(Ljava/lang/String;[BIILjava/security/CodeSource;)Ljava/lang/Class; java.base@22 (16 bytes) @ 0x000001cf29c3531c [0x000001cf29c35240+0x00000000000000dc]
j  java.net.URLClassLoader.defineClass(Ljava/lang/String;Ljdk/internal/loader/Resource;)Ljava/lang/Class;+220 java.base@22
j  java.net.URLClassLoader$1.run()Ljava/lang/Class;+43 java.base@22
j  java.net.URLClassLoader$1.run()Ljava/lang/Object;+1 java.base@22
J 803 c1 java.security.AccessController.doPrivileged(Ljava/security/PrivilegedExceptionAction;Ljava/security/AccessControlContext;)Ljava/lang/Object; java.base@22 (26 bytes) @ 0x000001cf29c3f894 [0x000001cf29c3f6a0+0x00000000000001f4]
j  java.net.URLClassLoader.findClass(Ljava/lang/String;)Ljava/lang/Class;+13 java.base@22
j  org.codehaus.plexus.classworlds.realm.ClassRealm.findClassInternal(Ljava/lang/String;)Ljava/lang/Class;+2
j  org.codehaus.plexus.classworlds.realm.ClassRealm.loadClassFromSelf(Ljava/lang/String;)Ljava/lang/Class;+20
J 844 c1 org.codehaus.plexus.classworlds.strategy.SelfFirstStrategy.loadClass(Ljava/lang/String;)Ljava/lang/Class; (50 bytes) @ 0x000001cf29c51d9c [0x000001cf29c519c0+0x00000000000003dc]
J 552 c1 org.codehaus.plexus.classworlds.realm.ClassRealm.loadClass(Ljava/lang/String;Z)Ljava/lang/Class; (33 bytes) @ 0x000001cf29bad8e4 [0x000001cf29bad760+0x0000000000000184]
J 551 c1 org.codehaus.plexus.classworlds.realm.ClassRealm.loadClass(Ljava/lang/String;)Ljava/lang/Class; (7 bytes) @ 0x000001cf29bad3c4 [0x000001cf29bad2c0+0x0000000000000104]
v  ~StubRoutines::call_stub 0x000001cf3100100d
j  com.google.common.collect.SingletonImmutableSet.iterator()Lcom/google/common/collect/UnmodifiableIterator;+4
j  com.google.common.collect.SingletonImmutableSet.iterator()Ljava/util/Iterator;+1
j  com.google.inject.internal.util.SourceProvider.<init>(Lcom/google/inject/internal/util/SourceProvider;Ljava/lang/Iterable;)V+14
j  com.google.inject.internal.util.SourceProvider.<init>(Ljava/lang/Iterable;)V+3
j  com.google.inject.internal.util.SourceProvider.<clinit>()V+17
v  ~StubRoutines::call_stub 0x000001cf3100100d
j  com.google.inject.internal.Errors.<init>()V+15
j  com.google.inject.internal.InternalInjectorCreator.<init>()V+23
j  com.google.inject.Guice.createInjector(Lcom/google/inject/Stage;Ljava/lang/Iterable;)Lcom/google/inject/Injector;+4
j  com.google.inject.Guice.createInjector(Ljava/lang/Iterable;)Lcom/google/inject/Injector;+4
j  com.google.inject.Guice.createInjector([Lcom/google/inject/Module;)Lcom/google/inject/Injector;+4
j  org.codehaus.plexus.DefaultPlexusContainer.addPlexusInjector(Ljava/util/List;[Lcom/google/inject/Module;)Lcom/google/inject/Injector;+88
j  org.codehaus.plexus.DefaultPlexusContainer.<init>(Lorg/codehaus/plexus/ContainerConfiguration;[Lcom/google/inject/Module;)V+400
j  org.apache.maven.cli.MavenCli.container(Lorg/apache/maven/cli/CliRequest;)Lorg/codehaus/plexus/PlexusContainer;+279
j  org.apache.maven.cli.MavenCli.doMain(Lorg/apache/maven/cli/CliRequest;)I+34
j  org.apache.maven.cli.MavenCli.main([Ljava/lang/String;Lorg/codehaus/plexus/classworlds/ClassWorld;)I+24
j  java.lang.invoke.DirectMethodHandle$Holder.invokeStatic(Ljava/lang/Object;Ljava/lang/Object;Ljava/lang/Object;)I+11 java.base@22
j  java.lang.invoke.LambdaForm$MH+0x000001cf42009400.invoke(Ljava/lang/Object;Ljava/lang/Object;Ljava/lang/Object;Ljava/lang/Object;)Ljava/lang/Object;+54 java.base@22
j  java.lang.invoke.LambdaForm$MH+0x000001cf42009800.invokeExact_MT(Ljava/lang/Object;Ljava/lang/Object;Ljava/lang/Object;Ljava/lang/Object;Ljava/lang/Object;)Ljava/lang/Object;+22 java.base@22
j  jdk.internal.reflect.DirectMethodHandleAccessor.invokeImpl(Ljava/lang/Object;[Ljava/lang/Object;)Ljava/lang/Object;+72 java.base@22
j  jdk.internal.reflect.DirectMethodHandleAccessor.invoke(Ljava/lang/Object;[Ljava/lang/Object;)Ljava/lang/Object;+23 java.base@22
j  java.lang.reflect.Method.invoke(Ljava/lang/Object;[Ljava/lang/Object;)Ljava/lang/Object;+102 java.base@22
j  org.codehaus.plexus.classworlds.launcher.Launcher.launchEnhanced([Ljava/lang/String;)V+45
j  org.codehaus.plexus.classworlds.launcher.Launcher.launch([Ljava/lang/String;)V+2
j  org.codehaus.plexus.classworlds.launcher.Launcher.mainWithExitCode([Ljava/lang/String;)I+108
j  org.codehaus.plexus.classworlds.launcher.Launcher.main([Ljava/lang/String;)V+1
v  ~StubRoutines::call_stub 0x000001cf3100100d
native method entry point (kind = native)  [0x000001cf3100cba0, 0x000001cf3100d6c0]  2848 bytes
[MachCode]
  0x000001cf3100cba0: 488b 4b08 | 0fb7 492e | 584c 8d74 | ccf8 6800 | 0000 0068 | 0000 0000 | 5055 488b | ec41 5568 
  0x000001cf3100cbc0: 0000 0000 | 4c8b 6b08 | 4d8d 6d38 | 5348 8b53 | 0848 8b52 | 0848 8b52 | 1848 8b52 | 7048 8b12 
  0x000001cf3100cbe0: 5248 8b53 | 1048 85d2 | 0f84 0700 | 0000 4881 | c210 0100 | 0052 488b | 5308 488b | 5208 488b 
  0x000001cf3100cc00: 5210 5249 | 8bc6 482b | c548 c1e8 | 0350 6800 | 0000 0068 | f7ff ffff | 41c6 8781 | 0400 0001 
  0x000001cf3100cc20: 488b 4310 | 4885 c074 | 208b 88cc | 0000 0083 | c102 8988 | cc00 0000 | 2388 e000 | 0000 0f84 
  0x000001cf3100cc40: cb09 0000 | e9cf 0000 | 0048 8b43 | 1848 85c0 | 0f85 b000 | 0000 e805 | 0000 00e9 | 9900 0000 
  0x000001cf3100cc60: 488b d348 | 8d44 2408 | 4c89 6dc0 | 498b cfc5 | f877 4989 | afb0 0300 | 0049 8987 | a003 0000 
  0x000001cf3100cc80: 4883 ec20 | 40f6 c40f | 0f84 1900 | 0000 4883 | ec08 48b8 | f0a2 d7a9 | fb7f 0000 | ffd0 4883 
  0x000001cf3100cca0: c408 e90c | 0000 0048 | b8f0 a2d7 | a9fb 7f00 | 00ff d048 | 83c4 2049 | c787 a003 | 0000 0000 
  0x000001cf3100ccc0: 0000 49c7 | 87b0 0300 | 0000 0000 | 0049 c787 | a803 0000 | 0000 0000 | c5f8 7749 | 837f 0800 
  0x000001cf3100cce0: 0f84 0500 | 0000 e915 | 42ff ff4c | 8b6d c04c | 8b75 c84e | 8d74 f500 | c348 8b43 | 1848 85c0 
  0x000001cf3100cd00: 0f84 1200 | 0000 8b48 | 0883 c102 | 8948 0823 | 481c 0f84 | f708 0000 | 493b a7f0 | 0400 000f 
  0x000001cf3100cd20: 8748 0000 | 0089 8424 | 00f0 ffff | 8984 2400 | e0ff ff89 | 8424 00d0 | ffff 8984 | 2400 c0ff 
  0x000001cf3100cd40: ff89 8424 | 00b0 ffff | 8984 2400 | a0ff ff89 | 8424 0090 | ffff 8984 | 2400 80ff | ff49 3ba7 
  0x000001cf3100cd60: e804 0000 | 7607 4989 | a7f0 0400 | 0041 c687 | 8104 0000 | 0049 baac | 405e aafb | 7f00 0041 
  0x000001cf3100cd80: 803a 000f | 843e 0000 | 0048 8b55 | e849 8bcf | 4883 ec20 | 40f6 c40f | 0f84 1900 | 0000 4883 
  0x000001cf3100cda0: ec08 48b8 | 00b6 0eaa | fb7f 0000 | ffd0 4883 | c408 e90c | 0000 0048 | b800 b60e | aafb 7f00 
  0x000001cf3100cdc0: 00ff d048 | 83c4 2048 | 8b5d e84c | 8b5b 0845 | 0fb7 5b2e | 41c1 e303 | 492b e348 | 83ec 2048 
  0x000001cf3100cde0: 83e4 f04c | 8b5b 604d | 85db 0f85 | ab00 0000 | e805 0000 | 00e9 9900 | 0000 488b | d348 8d44 
  0x000001cf3100ce00: 2408 4c89 | 6dc0 498b | cfc5 f877 | 4989 afb0 | 0300 0049 | 8987 a003 | 0000 4883 | ec20 40f6 
  0x000001cf3100ce20: c40f 0f84 | 1900 0000 | 4883 ec08 | 48b8 10ca | d7a9 fb7f | 0000 ffd0 | 4883 c408 | e90c 0000 
  0x000001cf3100ce40: 0048 b810 | cad7 a9fb | 7f00 00ff | d048 83c4 | 2049 c787 | a003 0000 | 0000 0000 | 49c7 87b0 
  0x000001cf3100ce60: 0300 0000 | 0000 0049 | c787 a803 | 0000 0000 | 0000 c5f8 | 7749 837f | 0800 0f84 | 0500 0000 
  0x000001cf3100ce80: e97b 40ff | ff4c 8b6d | c04c 8b75 | c84e 8d74 | f500 c348 | 8b5d e84c | 8b5b 6041 | ffd3 488b 
  0x000001cf3100cea0: 5de8 4889 | 4518 448b | 5b28 41f6 | c308 0f84 | 1b00 0000 | 4c8b 5b08 | 4d8b 5b08 | 4d8b 5b18 
  0x000001cf3100cec0: 4d8b 5b70 | 4d8b 1b4c | 895d 1048 | 8d55 1048 | 8b43 5849 | ba00 0d0f | aafb 7f00 | 0049 3bc2 
  0x000001cf3100cee0: 0f85 ab00 | 0000 e805 | 0000 00e9 | 9900 0000 | 488b d348 | 8d44 2408 | 4c89 6dc0 | 498b cfc5 
  0x000001cf3100cf00: f877 4989 | afb0 0300 | 0049 8987 | a003 0000 | 4883 ec20 | 40f6 c40f | 0f84 1900 | 0000 4883 
  0x000001cf3100cf20: ec08 48b8 | 10ca d7a9 | fb7f 0000 | ffd0 4883 | c408 e90c | 0000 0048 | b810 cad7 | a9fb 7f00 
  0x000001cf3100cf40: 00ff d048 | 83c4 2049 | c787 a003 | 0000 0000 | 0000 49c7 | 87b0 0300 | 0000 0000 | 0049 c787 
  0x000001cf3100cf60: a803 0000 | 0000 0000 | c5f8 7749 | 837f 0800 | 0f84 0500 | 0000 e985 | 3fff ff4c | 8b6d c04c 
  0x000001cf3100cf80: 8b75 c84e | 8d74 f500 | c348 8b5d | e848 8b43 | 5849 8d8f | c003 0000 | c5f8 7749 | 89af b003 
  0x000001cf3100cfa0: 0000 49ba | 98cf 0031 | cf01 0000 | 4d89 97a8 | 0300 0049 | 89a7 a003 | 0000 41c7 | 8754 0400 
  0x000001cf3100cfc0: 0004 0000 | 00ff d0c5 | f877 4883 | ec10 c5fb | 1104 2448 | 83ec 1048 | 8904 2448 | c744 2408 
  0x000001cf3100cfe0: 0000 0000 | 41c7 8754 | 0400 0005 | 0000 00f0 | 8344 24c0 | 0049 3baf | 5804 0000 | 0f87 0e00 
  0x000001cf3100d000: 0000 4183 | bf50 0400 | 0000 0f84 | 2000 0000 | 498b cf4c | 8be4 4883 | ec20 4883 | e4f0 48b8 
  0x000001cf3100d020: c01f d9a9 | fb7f 0000 | ffd0 498b | e44d 33e4 | 41c7 8754 | 0400 0008 | 0000 0049 | c787 a003 
  0x000001cf3100d040: 0000 0000 | 0000 49c7 | 87b0 0300 | 0000 0000 | 0049 c787 | a803 0000 | 0000 0000 | c5f8 774d 
  0x000001cf3100d060: 8b9f 3004 | 0000 41c7 | 8300 0100 | 0000 0000 | 0049 bb1a | a500 31cf | 0100 004c | 3b5d 180f 
  0x000001cf3100d080: 8524 0200 | 0048 8b04 | 2448 83c4 | 1048 85c0 | 0f84 fe01 | 0000 a803 | 0f85 0800 | 0000 488b 
  0x000001cf3100d0a0: 00e9 ee01 | 0000 a801 | 0f85 0900 | 0000 488b | 40fe e9dd | 0100 0048 | 8b40 ff41 | 807f 3800 
  0x000001cf3100d0c0: 0f84 ce01 | 0000 4883 | f800 0f84 | c401 0000 | 4d8b 5f28 | 4983 fb00 | 0f84 1400 | 0000 4983 
  0x000001cf3100d0e0: eb08 4d89 | 5f28 4d03 | 5f30 4989 | 03e9 a201 | 0000 4881 | ecd0 0000 | 0048 8904 | 2448 894c 
  0x000001cf3100d100: 2408 4889 | 5424 1048 | 8974 2418 | 4889 7c24 | 204c 8944 | 2428 4c89 | 4c24 304c | 8954 2438 
  0x000001cf3100d120: 4c89 5c24 | 40c5 fb11 | 4424 50c5 | fb11 4c24 | 58c5 fb11 | 5424 60c5 | fb11 5c24 | 68c5 fb11 
  0x000001cf3100d140: 6424 70c5 | fb11 6c24 | 78c5 fb11 | b424 8000 | 0000 c5fb | 11bc 2488 | 0000 00c5 | 7b11 8424 
  0x000001cf3100d160: 9000 0000 | c57b 118c | 2498 0000 | 00c5 7b11 | 9424 a000 | 0000 c57b | 119c 24a8 | 0000 00c5 
  0x000001cf3100d180: 7b11 a424 | b000 0000 | c57b 11ac | 24b8 0000 | 00c5 7b11 | b424 c000 | 0000 c57b | 11bc 24c8 
  0x000001cf3100d1a0: 0000 0049 | 8bd7 488b | c848 83ec | 2040 f6c4 | 0f0f 8419 | 0000 0048 | 83ec 0848 | b830 3ecc 
  0x000001cf3100d1c0: a9fb 7f00 | 00ff d048 | 83c4 08e9 | 0c00 0000 | 48b8 303e | cca9 fb7f | 0000 ffd0 | 4883 c420 
  0x000001cf3100d1e0: c57b 10bc | 24c8 0000 | 00c5 7b10 | b424 c000 | 0000 c57b | 10ac 24b8 | 0000 00c5 | 7b10 a424 
  0x000001cf3100d200: b000 0000 | c57b 109c | 24a8 0000 | 00c5 7b10 | 9424 a000 | 0000 c57b | 108c 2498 | 0000 00c5 
  0x000001cf3100d220: 7b10 8424 | 9000 0000 | c5fb 10bc | 2488 0000 | 00c5 fb10 | b424 8000 | 0000 c5fb | 106c 2478 
  0x000001cf3100d240: c5fb 1064 | 2470 c5fb | 105c 2468 | c5fb 1054 | 2460 c5fb | 104c 2458 | c5fb 1044 | 2450 4c8b 
  0x000001cf3100d260: 5c24 404c | 8b54 2438 | 4c8b 4c24 | 304c 8b44 | 2428 488b | 7c24 2048 | 8b74 2418 | 488b 5424 
  0x000001cf3100d280: 1048 8b4c | 2408 488b | 0424 4881 | c4d0 0000 | 00c5 f877 | 4889 4510 | 4883 ec10 | 4889 0424 
  0x000001cf3100d2a0: 48c7 4424 | 0800 0000 | 0041 83bf | d004 0000 | 020f 85bf | 0000 0048 | 81ec 8000 | 0000 4889 
  0x000001cf3100d2c0: 4424 7848 | 894c 2470 | 4889 5424 | 6848 895c | 2460 4889 | 6c24 5048 | 8974 2448 | 4889 7c24 
  0x000001cf3100d2e0: 404c 8944 | 2438 4c89 | 4c24 304c | 8954 2428 | 4c89 5c24 | 204c 8964 | 2418 4c89 | 6c24 104c 
  0x000001cf3100d300: 8974 2408 | 4c89 3c24 | 4c8b e448 | 83ec 2048 | 83e4 f048 | b850 ee0e | aafb 7f00 | 00ff d049 
  0x000001cf3100d320: 8be4 4c8b | 3c24 4c8b | 7424 084c | 8b6c 2410 | 4c8b 6424 | 184c 8b5c | 2420 4c8b | 5424 284c 
  0x000001cf3100d340: 8b4c 2430 | 4c8b 4424 | 3848 8b7c | 2440 488b | 7424 4848 | 8b6c 2450 | 488b 5c24 | 6048 8b54 
  0x000001cf3100d360: 2468 488b | 4c24 7048 | 8b44 2478 | 4881 c480 | 0000 004d | 33e4 488b | 5de8 4c8b | 6b08 4d8d 
  0x000001cf3100d380: 6d38 4983 | 7f08 000f | 84bb 0000 | 00e8 0500 | 0000 e996 | 0000 0048 | 8d44 2408 | 4c89 6dc0 
  0x000001cf3100d3a0: 498b cfc5 | f877 4989 | afb0 0300 | 0049 8987 | a003 0000 | 4883 ec20 | 40f6 c40f | 0f84 1900 
  0x000001cf3100d3c0: 0000 4883 | ec08 48b8 | 50e8 d7a9 | fb7f 0000 | ffd0 4883 | c408 e90c | 0000 0048 | b850 e8d7 
  0x000001cf3100d3e0: a9fb 7f00 | 00ff d048 | 83c4 2049 | c787 a003 | 0000 0000 | 0000 49c7 | 87b0 0300 | 0000 0000 
  0x000001cf3100d400: 0049 c787 | a803 0000 | 0000 0000 | c5f8 7749 | 837f 0800 | 0f84 0500 | 0000 e9e1 | 3aff ff4c 
  0x000001cf3100d420: 8b6d c04c | 8b75 c84e | 8d74 f500 | c348 b9c0 | 2836 aafb | 7f00 0048 | 83e4 f048 | b890 95fd 
  0x000001cf3100d440: a9fb 7f00 | 00ff d0f4 | 448b 5b28 | 41f6 c320 | 0f84 4401 | 0000 488d | 55a8 4c8b | 5a08 4d85 
  0x000001cf3100d460: db0f 85bb | 0000 00e8 | 0500 0000 | e996 0000 | 0048 8d44 | 2408 4c89 | 6dc0 498b | cfc5 f877 
  0x000001cf3100d480: 4989 afb0 | 0300 0049 | 8987 a003 | 0000 4883 | ec20 40f6 | c40f 0f84 | 1900 0000 | 4883 ec08 
  0x000001cf3100d4a0: 48b8 80e7 | d7a9 fb7f | 0000 ffd0 | 4883 c408 | e90c 0000 | 0048 b880 | e7d7 a9fb | 7f00 00ff 
  0x000001cf3100d4c0: d048 83c4 | 2049 c787 | a003 0000 | 0000 0000 | 49c7 87b0 | 0300 0000 | 0000 0049 | c787 a803 
  0x000001cf3100d4e0: 0000 0000 | 0000 c5f8 | 7749 837f | 0800 0f84 | 0500 0000 | e907 3aff | ff4c 8b6d | c04c 8b75 
  0x000001cf3100d500: c84e 8d74 | f500 c348 | b9c0 2836 | aafb 7f00 | 0048 83e4 | f048 b890 | 95fd a9fb | 7f00 00ff 
  0x000001cf3100d520: d0f4 4c89 | 6dc0 488d | 024c 8b4a | 0848 c742 | 0800 0000 | 004c 8b00 | 4d85 c00f | 840b 0000 
  0x000001cf3100d540: 00f0 4d0f | b101 0f85 | 0c00 0000 | 49ff 8f58 | 0500 00e9 | 3e00 0000 | 4c89 4a08 | 488b ca48 
  0x000001cf3100d560: 83ec 2040 | f6c4 0f0f | 8419 0000 | 0048 83ec | 0848 b810 | bad7 a9fb | 7f00 00ff | d048 83c4 
  0x000001cf3100d580: 08e9 0c00 | 0000 48b8 | 10ba d7a9 | fb7f 0000 | ffd0 4883 | c420 4c8b | 6dc0 49ba | ac40 5eaa 
  0x000001cf3100d5a0: fb7f 0000 | 4180 3a00 | 0f84 3e00 | 0000 488b | 55e8 498b | cf48 83ec | 2040 f6c4 | 0f0f 8419 
  0x000001cf3100d5c0: 0000 0048 | 83ec 0848 | b800 b60e | aafb 7f00 | 00ff d048 | 83c4 08e9 | 0c00 0000 | 48b8 00b6 
  0x000001cf3100d5e0: 0eaa fb7f | 0000 ffd0 | 4883 c420 | 488b 0424 | 4883 c410 | c5fb 1004 | 2448 83c4 | 104c 8b5d 
  0x000001cf3100d600: 1841 ffd3 | 4c8b 5df8 | c95f 498b | e3ff e7ba | 0000 0000 | e805 0000 | 00e9 9600 | 0000 488d 
  0x000001cf3100d620: 4424 084c | 896d c049 | 8bcf c5f8 | 7749 89af | b003 0000 | 4989 87a0 | 0300 0048 | 83ec 2040 
  0x000001cf3100d640: f6c4 0f0f | 8419 0000 | 0048 83ec | 0848 b8d0 | add7 a9fb | 7f00 00ff | d048 83c4 | 08e9 0c00 
  0x000001cf3100d660: 0000 48b8 | d0ad d7a9 | fb7f 0000 | ffd0 4883 | c420 49c7 | 87a0 0300 | 0000 0000 | 0049 c787 
  0x000001cf3100d680: b003 0000 | 0000 0000 | 49c7 87a8 | 0300 0000 | 0000 00c5 | f877 4983 | 7f08 000f | 8405 0000 
  0x000001cf3100d6a0: 00e9 5a38 | ffff 4c8b | 6dc0 4c8b | 75c8 4e8d | 74f5 00c3 | 488b 5de8 | e95b f6ff | ff66 6690 
[/MachCode]

Compiled method (c1) 13618  790       3       java.security.SecureClassLoader::defineClass (16 bytes)
 total in heap  [0x000001cf29c35090,0x000001cf29c35490] = 1024
 relocation     [0x000001cf29c351e8,0x000001cf29c35238] = 80
 main code      [0x000001cf29c35240,0x000001cf29c35398] = 344
 stub code      [0x000001cf29c35398,0x000001cf29c353e8] = 80
 metadata       [0x000001cf29c353e8,0x000001cf29c353f0] = 8
 scopes data    [0x000001cf29c353f0,0x000001cf29c35438] = 72
 scopes pcs     [0x000001cf29c35438,0x000001cf29c35488] = 80
 dependencies   [0x000001cf29c35488,0x000001cf29c35490] = 8

[Constant Pool (empty)]

[MachCode]
[Entry Point]
  # {method} {0x000001cf410438c0} 'defineClass' '(Ljava/lang/String;[BIILjava/security/CodeSource;)Ljava/lang/Class;' in 'java/security/SecureClassLoader'
  # this:     rdx:rdx   = 'java/security/SecureClassLoader'
  # parm0:    r8:r8     = 'java/lang/String'
  # parm1:    r9:r9     = '[B'
  # parm2:    rdi       = int
  # parm3:    rsi       = int
  # parm4:    rcx:rcx   = 'java/security/CodeSource'
  #           [sp+0x80]  (sp of caller)
  0x000001cf29c35240: 448b 5208 | 49bb 0000 | 0041 cf01 | 0000 4d03 | d34c 3bd0 

  0x000001cf29c35254: ;   {runtime_call ic_miss_stub}
  0x000001cf29c35254: 0f85 2695 | 4107 660f | 1f44 0000 
[Verified Entry Point]
  0x000001cf29c35260: 8984 2400 | 80ff ff55 | 4883 ec70 | 4181 7f20 | 0100 0000 

  0x000001cf29c35274: ;   {runtime_call StubRoutines (final stubs)}
  0x000001cf29c35274: 7405 e865 

  0x000001cf29c35278: ;   {metadata(method data for {method} {0x000001cf410438c0} 'defineClass' '(Ljava/lang/String;[BIILjava/security/CodeSource;)Ljava/lang/Class;' in 'java/security/SecureClassLoader')}
  0x000001cf29c35278: fa3f 0748 | bb58 1218 | 82cf 0100 | 008b 83cc | 0000 0083 | c002 8983 | cc00 0000 | 25fe 0700 
  0x000001cf29c35298: 0085 c00f | 8496 0000 | 0089 7424 | 5c89 7c24 | 584c 894c | 2450 4c89 | 4424 4848 

  0x000001cf29c352b4: ;   {metadata(method data for {method} {0x000001cf410438c0} 'defineClass' '(Ljava/lang/String;[BIILjava/security/CodeSource;)Ljava/lang/Class;' in 'java/security/SecureClassLoader')}
  0x000001cf29c352b4: 8bda 48b8 | 5812 1882 | cf01 0000 | 4883 8018 | 0100 0001 | 4c8b c148 | 8bc2 488b | d048 8944 
  0x000001cf29c352d4: ;   {optimized virtual_call}
  0x000001cf29c352d4: 2440 90e8 

  0x000001cf29c352d8: ; ImmutableOopMap {[64]=Oop [72]=Oop [80]=Oop }
                      ;*invokevirtual getProtectionDomain {reexecute=0 rethrow=0 return_oop=0}
                      ; - java.security.SecureClassLoader::defineClass@9 (line 150)
  0x000001cf29c352d8: bc00 0000 

  0x000001cf29c352dc: ;   {other}
  0x000001cf29c352dc: 0f1f 8400 | 4c02 0000 | 488b 5424 

  0x000001cf29c352e8: ;   {metadata(method data for {method} {0x000001cf410438c0} 'defineClass' '(Ljava/lang/String;[BIILjava/security/CodeSource;)Ljava/lang/Class;' in 'java/security/SecureClassLoader')}
  0x000001cf29c352e8: 4049 b858 | 1218 82cf | 0100 0049 | 8380 4801 | 0000 014c | 8b44 2448 | 4c8b 4c24 | 508b 7c24 
  0x000001cf29c35308: 588b 7424 | 5c48 8bc8 | 488b 5424 

  0x000001cf29c35314: ;   {optimized virtual_call}
  0x000001cf29c35314: 4066 90e8 

  0x000001cf29c35318: ; ImmutableOopMap {}
                      ;*invokevirtual defineClass {reexecute=0 rethrow=0 return_oop=0}
                      ; - java.security.SecureClassLoader::defineClass@12 (line 150)
  0x000001cf29c35318: 8b00 0000 

  0x000001cf29c3531c: ;   {other}
  0x000001cf29c3531c: 0f1f 8400 | 8c02 0001 | 4883 c470 

  0x000001cf29c35328: ;   {poll_return}
  0x000001cf29c35328: 5d49 3ba7 | 5804 0000 | 0f87 2200 

  0x000001cf29c35334: ;   {metadata({method} {0x000001cf410438c0} 'defineClass' '(Ljava/lang/String;[BIILjava/security/CodeSource;)Ljava/lang/Class;' in 'java/security/SecureClassLoader')}
  0x000001cf29c35334: 0000 c349 | bab8 3804 | 41cf 0100 | 004c 8954 | 2408 48c7 | 0424 ffff 

  0x000001cf29c3534c: ;   {runtime_call counter_overflow Runtime1 stub}
  0x000001cf29c3534c: ffff e82d 

  0x000001cf29c35350: ; ImmutableOopMap {rdx=Oop r8=Oop r9=Oop rcx=Oop }
                      ;*synchronization entry
                      ; - java.security.SecureClassLoader::defineClass@-1 (line 150)
  0x000001cf29c35350: 674e 07e9 | 49ff ffff 

  0x000001cf29c35358: ;   {internal_word}
  0x000001cf29c35358: 49ba 2953 | c329 cf01 | 0000 4d89 | 9770 0400 

  0x000001cf29c35368: ;   {runtime_call SafepointBlob}
  0x000001cf29c35368: 00e9 9203 | 4207 498b | 8708 0500 | 0049 c787 | 0805 0000 | 0000 0000 | 49c7 8710 | 0500 0000 
  0x000001cf29c35388: 0000 0048 | 83c4 705d 

  0x000001cf29c35390: ;   {runtime_call unwind_exception Runtime1 stub}
  0x000001cf29c35390: e96b 8145 | 07f4 f4f4 
[Stub Code]
  0x000001cf29c35398: ;   {no_reloc}
  0x000001cf29c35398: 48bb 0838 | 0441 cf01 

  0x000001cf29c353a0: ;   {runtime_call I2C/C2I adapters}
  0x000001cf29c353a0: 0000 e940 

  0x000001cf29c353a4: ;   {static_stub}
  0x000001cf29c353a4: ee41 0748 | bbd0 ef3f | 41cf 0100 

  0x000001cf29c353b0: ;   {runtime_call I2C/C2I adapters}
  0x000001cf29c353b0: 00e9 bfbd 

  0x000001cf29c353b4: ;   {runtime_call handle_exception_from_callee Runtime1 stub}
  0x000001cf29c353b4: 4007 e845 

  0x000001cf29c353b8: ;   {external_word}
  0x000001cf29c353b8: 5145 0748 | b9c0 2836 | aafb 7f00 | 0048 83e4 

  0x000001cf29c353c8: ;   {runtime_call}
  0x000001cf29c353c8: f048 b890 | 95fd a9fb | 7f00 00ff 

  0x000001cf29c353d4: ;   {section_word}
  0x000001cf29c353d4: d0f4 49ba | d653 c329 | cf01 0000 

  0x000001cf29c353e0: ;   {runtime_call DeoptimizationBlob}
  0x000001cf29c353e0: 4152 e9b9 | f541 07f4 
[/MachCode]


Compiled method (c1) 13624  803   !   3       java.security.AccessController::doPrivileged (26 bytes)
 total in heap  [0x000001cf29c3f490,0x000001cf29c3fe68] = 2520
 relocation     [0x000001cf29c3f5e8,0x000001cf29c3f6a0] = 184
 main code      [0x000001cf29c3f6a0,0x000001cf29c3fb30] = 1168
 stub code      [0x000001cf29c3fb30,0x000001cf29c3fbb8] = 136
 metadata       [0x000001cf29c3fbb8,0x000001cf29c3fbd8] = 32
 scopes data    [0x000001cf29c3fbd8,0x000001cf29c3fcc0] = 232
 scopes pcs     [0x000001cf29c3fcc0,0x000001cf29c3fdc0] = 256
 dependencies   [0x000001cf29c3fdc0,0x000001cf29c3fdc8] = 8
 handler table  [0x000001cf29c3fdc8,0x000001cf29c3fe58] = 144
 nul chk table  [0x000001cf29c3fe58,0x000001cf29c3fe68] = 16

[Constant Pool (empty)]

[MachCode]
[Verified Entry Point]
  # {method} {0x000001cf41435798} 'doPrivileged' '(Ljava/security/PrivilegedExceptionAction;Ljava/security/AccessControlContext;)Ljava/lang/Object;' in 'java/security/AccessController'
  # parm0:    rdx:rdx   = 'java/security/PrivilegedExceptionAction'
  # parm1:    r8:r8     = 'java/security/AccessControlContext'
  #           [sp+0x90]  (sp of caller)
  0x000001cf29c3f6a0: 8984 2400 | 80ff ff55 | 4881 ec80 | 0000 0090 | 4181 7f20 | 0100 0000 

  0x000001cf29c3f6b8: ;   {runtime_call StubRoutines (final stubs)}
  0x000001cf29c3f6b8: 7405 e821 

  0x000001cf29c3f6bc: ;   {metadata(method data for {method} {0x000001cf41435798} 'doPrivileged' '(Ljava/security/PrivilegedExceptionAction;Ljava/security/AccessControlContext;)Ljava/lang/Object;' in 'java/security/AccessController')}
  0x000001cf29c3f6bc: 563f 0748 | bee8 9b0a | 82cf 0100 | 008b becc | 0000 0083 | c702 89be | cc00 0000 | 81e7 fe07 
  0x000001cf29c3f6dc: 0000 85ff | 0f84 3803 | 0000 4c89 | 4424 4048 | 8954 2448 

  0x000001cf29c3f6f0: ;   {metadata(method data for {method} {0x000001cf41435798} 'doPrivileged' '(Ljava/security/PrivilegedExceptionAction;Ljava/security/AccessControlContext;)Ljava/lang/Object;' in 'java/security/AccessController')}
  0x000001cf29c3f6f0: 48be e89b | 0a82 cf01 | 0000 4883 | 8618 0100 | 0001 0f1f 

  0x000001cf29c3f704: ;   {static_call}
  0x000001cf29c3f704: 4400 00e8 

  0x000001cf29c3f708: ; ImmutableOopMap {[64]=Oop [72]=Oop }
                      ;*invokestatic getCallerClass {reexecute=0 rethrow=0 return_oop=0}
                      ; - java.security.AccessController::doPrivileged@0 (line 711)
  0x000001cf29c3f708: 3458 9807 

  0x000001cf29c3f70c: ;   {other}
  0x000001cf29c3f70c: 0f1f 8400 | 7c02 0000 | 4889 4424 

  0x000001cf29c3f718: ;   {metadata(method data for {method} {0x000001cf41435798} 'doPrivileged' '(Ljava/security/PrivilegedExceptionAction;Ljava/security/AccessControlContext;)Ljava/lang/Object;' in 'java/security/AccessController')}
  0x000001cf29c3f718: 5048 bae8 | 9b0a 82cf | 0100 0048 | 8382 2801 | 0000 0148 | 8b54 2440 | 4c8b c00f 

  0x000001cf29c3f734: ;   {static_call}
  0x000001cf29c3f734: 1f40 00e8 

  0x000001cf29c3f738: ; ImmutableOopMap {[72]=Oop [80]=Oop }
                      ;*invokestatic checkContext {reexecute=0 rethrow=0 return_oop=0}
                      ; - java.security.AccessController::doPrivileged@6 (line 712)
  0x000001cf29c3f738: 04e6 f6ff 

  0x000001cf29c3f73c: ;   {other}
  0x000001cf29c3f73c: 0f1f 8400 | ac02 0001 | 4889 4424 

  0x000001cf29c3f748: ;   {metadata(method data for {method} {0x000001cf41435798} 'doPrivileged' '(Ljava/security/PrivilegedExceptionAction;Ljava/security/AccessControlContext;)Ljava/lang/Object;' in 'java/security/AccessController')}
  0x000001cf29c3f748: 5848 bae8 | 9b0a 82cf | 0100 0048 | 8382 3801 

  0x000001cf29c3f758: ;   {metadata(method data for {method} {0x000001cf41435a20} 'executePrivileged' '(Ljava/security/PrivilegedExceptionAction;Ljava/security/AccessControlContext;Ljava/lang/Class;)Ljava/lang/Object;' in 'java/security/AccessController')}
  0x000001cf29c3f758: 0000 0148 | ba20 6813 | 82cf 0100 | 008b b2cc | 0000 0083 | c602 89b2 | cc00 0000 | 81e6 feff 
  0x000001cf29c3f778: 1f00 85f6 | 0f84 bd02 | 0000 4885 

  0x000001cf29c3f784: ;   {metadata(method data for {method} {0x000001cf41435a20} 'executePrivileged' '(Ljava/security/PrivilegedExceptionAction;Ljava/security/AccessControlContext;Ljava/lang/Class;)Ljava/lang/Object;' in 'java/security/AccessController')}
  0x000001cf29c3f784: c048 ba20 | 6813 82cf | 0100 0048 | c7c6 1801 | 0000 7407 | 48c7 c628 | 0100 0048 | 8b3c 3248 
  0x000001cf29c3f7a4: 8d7f 0148 | 893c 320f | 8423 0000 

  0x000001cf29c3f7b0: ;   {metadata(method data for {method} {0x000001cf41435a20} 'executePrivileged' '(Ljava/security/PrivilegedExceptionAction;Ljava/security/AccessControlContext;Ljava/lang/Class;)Ljava/lang/Object;' in 'java/security/AccessController')}
  0x000001cf29c3f7b0: 0048 ba20 | 6813 82cf | 0100 0048 | 8382 3801 | 0000 0148 

  0x000001cf29c3f7c4: ;   {static_call}
  0x000001cf29c3f7c4: 8bd0 90e8 

  0x000001cf29c3f7c8: ; ImmutableOopMap {[72]=Oop [80]=Oop [88]=Oop }
                      ;*invokestatic ensureMaterializedForStackWalk {reexecute=0 rethrow=0 return_oop=0}
                      ; - java.security.AccessController::executePrivileged@5 (line 812)
                      ; - java.security.AccessController::doPrivileged@13 (line 714)
  0x000001cf29c3f7c8: 74d9 9707 

  0x000001cf29c3f7cc: ;   {other}
  0x000001cf29c3f7cc: 0f1f 8400 | 3c03 0002 

  0x000001cf29c3f7d4: ;   {metadata(method data for {method} {0x000001cf41435a20} 'executePrivileged' '(Ljava/security/PrivilegedExceptionAction;Ljava/security/AccessControlContext;Ljava/lang/Class;)Ljava/lang/Object;' in 'java/security/AccessController')}
  0x000001cf29c3f7d4: 48ba 2068 | 1382 cf01 | 0000 ff82 | 4801 0000 | 488b 5424 | 4848 3b02 

  0x000001cf29c3f7ec: ;   {metadata(method data for {method} {0x000001cf41435a20} 'executePrivileged' '(Ljava/security/PrivilegedExceptionAction;Ljava/security/AccessControlContext;Ljava/lang/Class;)Ljava/lang/Object;' in 'java/security/AccessController')}
  0x000001cf29c3f7ec: 488b f248 | bf20 6813 | 82cf 0100 | 008b 7608 | 49ba 0000 | 0041 cf01 | 0000 4903 | f248 3bb7 
  0x000001cf29c3f80c: b001 0000 | 750d 4883 | 87b8 0100 | 0001 e960 | 0000 0048 | 3bb7 c001 | 0000 750d | 4883 87c8 
  0x000001cf29c3f82c: 0100 0001 | e94a 0000 | 0048 83bf | b001 0000 | 0075 1748 | 89b7 b001 | 0000 48c7 | 87b8 0100 
  0x000001cf29c3f84c: 0001 0000 | 00e9 2900 | 0000 4883 | bfc0 0100 | 0000 7517 | 4889 b7c0 | 0100 0048 | c787 c801 
  0x000001cf29c3f86c: 0000 0100 | 0000 e908 | 0000 0048 | 8387 a801 | 0000 0166 | 0f1f 4400 | 0048 b8f0 | 58b6 40cf 
  0x000001cf29c3f88c: ;   {virtual_call}
  0x000001cf29c3f88c: 0100 00e8 

  0x000001cf29c3f890: ; ImmutableOopMap {[80]=Oop [88]=Oop }
                      ;*invokeinterface run {reexecute=0 rethrow=0 return_oop=0}
                      ; - java.security.AccessController::executePrivileged@29 (line 816)
                      ; - java.security.AccessController::doPrivileged@13 (line 714)
  0x000001cf29c3f890: 9d3b 4107 

  0x000001cf29c3f894: ;   {other}
  0x000001cf29c3f894: 0f1f 8400 | 0404 0003 

  0x000001cf29c3f89c: ;   {metadata(method data for {method} {0x000001cf41435a20} 'executePrivileged' '(Ljava/security/PrivilegedExceptionAction;Ljava/security/AccessControlContext;Ljava/lang/Class;)Ljava/lang/Object;' in 'java/security/AccessController')}
  0x000001cf29c3f89c: 48ba 2068 | 1382 cf01 | 0000 ff82 | d801 0000 

  0x000001cf29c3f8ac: ;   {metadata(method data for {method} {0x000001cf41435a20} 'executePrivileged' '(Ljava/security/PrivilegedExceptionAction;Ljava/security/AccessControlContext;Ljava/lang/Class;)Ljava/lang/Object;' in 'java/security/AccessController')}
  0x000001cf29c3f8ac: 48ba 2068 | 1382 cf01 | 0000 4883 | 8238 0200 | 0001 488b | d048 8944 

  0x000001cf29c3f8c4: ;   {static_call}
  0x000001cf29c3f8c4: 2460 90e8 

  0x000001cf29c3f8c8: ; ImmutableOopMap {[80]=Oop [88]=Oop [96]=Oop }
                      ;*invokestatic ensureMaterializedForStackWalk {reexecute=0 rethrow=0 return_oop=0}
                      ; - java.security.AccessController::executePrivileged@56 (line 824)
                      ; - java.security.AccessController::doPrivileged@13 (line 714)
  0x000001cf29c3f8c8: 74d8 9707 

  0x000001cf29c3f8cc: ;   {other}
  0x000001cf29c3f8cc: 0f1f 8400 | 3c04 0004 

  0x000001cf29c3f8d4: ;   {metadata(method data for {method} {0x000001cf41435a20} 'executePrivileged' '(Ljava/security/PrivilegedExceptionAction;Ljava/security/AccessControlContext;Ljava/lang/Class;)Ljava/lang/Object;' in 'java/security/AccessController')}
  0x000001cf29c3f8d4: 48b8 2068 | 1382 cf01 | 0000 4883 | 8048 0200 

  0x000001cf29c3f8e4: ;   {metadata(method data for {method} {0x000001cf41037300} 'reachabilityFence' '(Ljava/lang/Object;)V' in 'java/lang/ref/Reference')}
  0x000001cf29c3f8e4: 0001 48b8 | d082 0882 | cf01 0000 | 8b90 cc00 | 0000 83c2 | 0289 90cc | 0000 0081 | e2fe ff1f 
  0x000001cf29c3f904: 0085 d20f | 8458 0100 

  0x000001cf29c3f90c: ;   {metadata(method data for {method} {0x000001cf41435a20} 'executePrivileged' '(Ljava/security/PrivilegedExceptionAction;Ljava/security/AccessControlContext;Ljava/lang/Class;)Ljava/lang/Object;' in 'java/security/AccessController')}
  0x000001cf29c3f90c: 0048 b820 | 6813 82cf | 0100 0048 | 8380 5802 

  0x000001cf29c3f91c: ;   {metadata(method data for {method} {0x000001cf41037300} 'reachabilityFence' '(Ljava/lang/Object;)V' in 'java/lang/ref/Reference')}
  0x000001cf29c3f91c: 0000 0148 | b8d0 8208 | 82cf 0100 | 008b 90cc | 0000 0083 | c202 8990 | cc00 0000 | 81e2 feff 
  0x000001cf29c3f93c: 1f00 85d2 | 0f84 4001 | 0000 488b | 4424 6048 | 81c4 8000 

  0x000001cf29c3f950: ;   {poll_return}
  0x000001cf29c3f950: 0000 5d49 | 3ba7 5804 | 0000 0f87 | 4701 0000 | c349 8b87 | 0805 0000 | 4d33 d24d | 8997 0805 
  0x000001cf29c3f970: 0000 4d33 | d24d 8997 | 1005 0000 

  0x000001cf29c3f97c: ;   {metadata(method data for {method} {0x000001cf41435798} 'doPrivileged' '(Ljava/security/PrivilegedExceptionAction;Ljava/security/AccessControlContext;)Ljava/lang/Object;' in 'java/security/AccessController')}
  0x000001cf29c3f97c: 4c8b c048 | bae8 9b0a | 82cf 0100 | 0048 8382 | 4801 0000 

  0x000001cf29c3f990: ;   {metadata(method data for {method} {0x000001cf41435358} 'wrapException' '(Ljava/lang/Exception;)Ljava/security/PrivilegedActionException;' in 'java/security/AccessController')}
  0x000001cf29c3f990: 0148 ba98 | 5218 82cf | 0100 008b | 82cc 0000 | 0083 c002 | 8982 cc00 | 0000 25fe | ff1f 0085 
  0x000001cf29c3f9b0: c00f 8406 | 0100 0090 

  0x000001cf29c3f9b8: ;   {no_reloc}
  0x000001cf29c3f9b8: e930 0100 | 0000 0000 | 0000 e930 | 0100 0048 

  0x000001cf29c3f9c8: ;   {metadata(method data for {method} {0x000001cf41435358} 'wrapException' '(Ljava/lang/Exception;)Ljava/security/PrivilegedActionException;' in 'java/security/AccessController')}
  0x000001cf29c3f9c8: 8bd0 48be | 9852 1882 | cf01 0000 | 4883 8618 | 0100 0001 | 488b d048 | 8944 2468 

  0x000001cf29c3f9e4: ;   {optimized virtual_call}
  0x000001cf29c3f9e4: 6666 90e8 

  0x000001cf29c3f9e8: ; ImmutableOopMap {[104]=Oop }
                      ;*invokespecial <init> {reexecute=0 rethrow=0 return_oop=0}
                      ; - java.security.AccessController::wrapException@5 (line 844)
                      ; - java.security.AccessController::doPrivileged@22 (line 718)
  0x000001cf29c3f9e8: 94f0 4007 

  0x000001cf29c3f9ec: ;   {other}
  0x000001cf29c3f9ec: 0f1f 8400 | 5c05 0005 | 488b 4424 | 68e9 2301 | 0000 498b | 8708 0500 | 004d 33d2 | 4d89 9708 
  0x000001cf29c3fa0c: 0500 004d | 33d2 4d89 | 9710 0500 | 00e9 0301 

  0x000001cf29c3fa1c: ;   {metadata({method} {0x000001cf41435798} 'doPrivileged' '(Ljava/security/PrivilegedExceptionAction;Ljava/security/AccessControlContext;)Ljava/lang/Object;' in 'java/security/AccessController')}
  0x000001cf29c3fa1c: 0000 49ba | 9057 4341 | cf01 0000 | 4c89 5424 | 0848 c704 | 24ff ffff 

  0x000001cf29c3fa34: ;   {runtime_call counter_overflow Runtime1 stub}
  0x000001cf29c3fa34: ffe8 46c0 

  0x000001cf29c3fa38: ; ImmutableOopMap {rdx=Oop r8=Oop }
                      ;*synchronization entry
                      ; - java.security.AccessController::doPrivileged@-1 (line 711)
  0x000001cf29c3fa38: 4d07 e9a7 

  0x000001cf29c3fa3c: ;   {metadata({method} {0x000001cf41435a20} 'executePrivileged' '(Ljava/security/PrivilegedExceptionAction;Ljava/security/AccessControlContext;Ljava/lang/Class;)Ljava/lang/Object;' in 'java/security/AccessController')}
  0x000001cf29c3fa3c: fcff ff49 | ba18 5a43 | 41cf 0100 | 004c 8954 | 2408 48c7 | 0424 ffff 

  0x000001cf29c3fa54: ;   {runtime_call counter_overflow Runtime1 stub}
  0x000001cf29c3fa54: ffff e825 

  0x000001cf29c3fa58: ; ImmutableOopMap {rax=Oop [72]=Oop [80]=Oop [88]=Oop }
                      ;*synchronization entry
                      ; - java.security.AccessController::executePrivileged@-1 (line 811)
                      ; - java.security.AccessController::doPrivileged@13 (line 714)
  0x000001cf29c3fa58: c04d 07e9 | 22fd ffff 

  0x000001cf29c3fa60: ;   {runtime_call throw_null_pointer_exception Runtime1 stub}
  0x000001cf29c3fa60: e89b cb44 

  0x000001cf29c3fa64: ; ImmutableOopMap {rdx=Oop [80]=Oop [88]=Oop }
                      ;*invokeinterface run {reexecute=0 rethrow=0 return_oop=0}
                      ; - java.security.AccessController::executePrivileged@29 (line 816)
                      ; - java.security.AccessController::doPrivileged@13 (line 714)
                      ;   {metadata({method} {0x000001cf41037300} 'reachabilityFence' '(Ljava/lang/Object;)V' in 'java/lang/ref/Reference')}
  0x000001cf29c3fa64: 0749 baf8 | 7203 41cf | 0100 004c | 8954 2408 | 48c7 0424 | ffff ffff 

  0x000001cf29c3fa7c: ;   {runtime_call counter_overflow Runtime1 stub}
  0x000001cf29c3fa7c: e8ff bf4d 

  0x000001cf29c3fa80: ; ImmutableOopMap {[80]=Oop [96]=Oop }
                      ;*synchronization entry
                      ; - java.lang.ref.Reference::reachabilityFence@-1 (line 628)
                      ; - java.security.AccessController::executePrivileged@60 (line 828)
                      ; - java.security.AccessController::doPrivileged@13 (line 714)
  0x000001cf29c3fa80: 07e9 87fe 

  0x000001cf29c3fa84: ;   {metadata({method} {0x000001cf41037300} 'reachabilityFence' '(Ljava/lang/Object;)V' in 'java/lang/ref/Reference')}
  0x000001cf29c3fa84: ffff 49ba | f872 0341 | cf01 0000 | 4c89 5424 | 0848 c704 | 24ff ffff 

  0x000001cf29c3fa9c: ;   {runtime_call counter_overflow Runtime1 stub}
  0x000001cf29c3fa9c: ffe8 debf 

  0x000001cf29c3faa0: ; ImmutableOopMap {[96]=Oop }
                      ;*synchronization entry
                      ; - java.lang.ref.Reference::reachabilityFence@-1 (line 628)
                      ; - java.security.AccessController::executePrivileged@64 (line 829)
                      ; - java.security.AccessController::doPrivileged@13 (line 714)
  0x000001cf29c3faa0: 4d07 e99f 

  0x000001cf29c3faa4: ;   {internal_word}
  0x000001cf29c3faa4: feff ff49 | ba53 f9c3 | 29cf 0100 | 004d 8997 | 7004 0000 

  0x000001cf29c3fab8: ;   {runtime_call SafepointBlob}
  0x000001cf29c3fab8: e943 5c41 

  0x000001cf29c3fabc: ;   {metadata({method} {0x000001cf41435358} 'wrapException' '(Ljava/lang/Exception;)Ljava/security/PrivilegedActionException;' in 'java/security/AccessController')}
  0x000001cf29c3fabc: 0749 ba50 | 5343 41cf | 0100 004c | 8954 2408 | 48c7 0424 | ffff ffff 

  0x000001cf29c3fad4: ;   {runtime_call counter_overflow Runtime1 stub}
  0x000001cf29c3fad4: e8a7 bf4d 

  0x000001cf29c3fad8: ; ImmutableOopMap {r8=Oop }
                      ;*synchronization entry
                      ; - java.security.AccessController::wrapException@-1 (line 844)
                      ; - java.security.AccessController::doPrivileged@22 (line 718)
  0x000001cf29c3fad8: 07e9 d9fe 

  0x000001cf29c3fadc: ;   {metadata(nullptr)}
  0x000001cf29c3fadc: ffff 48ba | 0000 0000 | 0000 0000 | b800 0f05 

  0x000001cf29c3faec: ;   {runtime_call load_klass_patching Runtime1 stub}
  0x000001cf29c3faec: 0ae8 8ece 

  0x000001cf29c3faf0: ; ImmutableOopMap {r8=Oop }
                      ;*new {reexecute=1 rethrow=0 return_oop=0}
                      ; - (reexecute) java.security.AccessController::wrapException@0 (line 844)
                      ; - java.security.AccessController::doPrivileged@22 (line 718)
  0x000001cf29c3faf0: 4d07 e9c1 | feff ff48 

  0x000001cf29c3faf8: ;   {runtime_call new_instance Runtime1 stub}
  0x000001cf29c3faf8: 8bd2 e801 

  0x000001cf29c3fafc: ; ImmutableOopMap {r8=Oop }
                      ;*new {reexecute=0 rethrow=0 return_oop=0}
                      ; - java.security.AccessController::wrapException@0 (line 844)
                      ; - java.security.AccessController::doPrivileged@22 (line 718)
  0x000001cf29c3fafc: c544 07e9 | c3fe ffff | 498b 8708 | 0500 0049 | c787 0805 | 0000 0000 | 0000 49c7 | 8710 0500 
  0x000001cf29c3fb1c: 0000 0000 | 0048 81c4 | 8000 0000 

  0x000001cf29c3fb28: ;   {runtime_call unwind_exception Runtime1 stub}
  0x000001cf29c3fb28: 5de9 d2d9 | 4407 f4f4 
[Stub Code]
  0x000001cf29c3fb30: ;   {no_reloc}
  0x000001cf29c3fb30: 0f1f 4400 

  0x000001cf29c3fb34: ;   {static_stub}
  0x000001cf29c3fb34: 0048 bb00 | 0000 0000 

  0x000001cf29c3fb3c: ;   {runtime_call}
  0x000001cf29c3fb3c: 0000 00e9 | fbff ffff 

  0x000001cf29c3fb44: ;   {static_stub}
  0x000001cf29c3fb44: 9048 bb00 | 0000 0000 

  0x000001cf29c3fb4c: ;   {runtime_call}
  0x000001cf29c3fb4c: 0000 00e9 | fbff ffff 

  0x000001cf29c3fb54: ;   {static_stub}
  0x000001cf29c3fb54: 48bb 0000 | 0000 0000 

  0x000001cf29c3fb5c: ;   {runtime_call}
  0x000001cf29c3fb5c: 0000 e9fb 

  0x000001cf29c3fb60: ;   {static_stub}
  0x000001cf29c3fb60: ffff ff48 | bb00 0000 | 0000 0000 

  0x000001cf29c3fb6c: ;   {runtime_call}
  0x000001cf29c3fb6c: 00e9 fbff 

  0x000001cf29c3fb70: ;   {static_stub}
  0x000001cf29c3fb70: ffff 48bb | 0000 0000 | 0000 0000 

  0x000001cf29c3fb7c: ;   {runtime_call}
  0x000001cf29c3fb7c: e9fb ffff 

  0x000001cf29c3fb80: ;   {runtime_call handle_exception_from_callee Runtime1 stub}
  0x000001cf29c3fb80: ffe8 7aa9 

  0x000001cf29c3fb84: ;   {external_word}
  0x000001cf29c3fb84: 4407 48b9 | c028 36aa | fb7f 0000 | 4883 e4f0 

  0x000001cf29c3fb94: ;   {runtime_call}
  0x000001cf29c3fb94: 48b8 9095 | fda9 fb7f | 0000 ffd0 

  0x000001cf29c3fba0: ;   {section_word}
  0x000001cf29c3fba0: f449 baa1 | fbc3 29cf | 0100 0041 

  0x000001cf29c3fbac: ;   {runtime_call DeoptimizationBlob}
  0x000001cf29c3fbac: 52e9 ee4d | 4107 f4f4 | f4f4 f4f4 
[/MachCode]


---------------  P R O C E S S  ---------------

Threads class SMR info:
_java_thread_list=0x000001cf403c51a0, length=11, elements={
0x000001cf1f4d27a0, 0x000001cf3ff23c10, 0x000001cf3ff24930, 0x000001cf3ff26500,
0x000001cf3ff28850, 0x000001cf3ff32690, 0x000001cf3ff330f0, 0x000001cf3ff33e80,
0x000001cf3ff38d50, 0x000001cf403e9e10, 0x000001cf403efcc0
}

Java Threads: ( => current thread )
=>0x000001cf1f4d27a0 JavaThread "main"                              [_thread_in_vm, id=48692, stack(0x0000008e26f00000,0x0000008e27000000) (1024K)]
  0x000001cf3ff23c10 JavaThread "Reference Handler"          daemon [_thread_blocked, id=49016, stack(0x0000008e27700000,0x0000008e27800000) (1024K)]
  0x000001cf3ff24930 JavaThread "Finalizer"                  daemon [_thread_blocked, id=49020, stack(0x0000008e27800000,0x0000008e27900000) (1024K)]
  0x000001cf3ff26500 JavaThread "Signal Dispatcher"          daemon [_thread_blocked, id=49032, stack(0x0000008e27900000,0x0000008e27a00000) (1024K)]
  0x000001cf3ff28850 JavaThread "Attach Listener"            daemon [_thread_blocked, id=49108, stack(0x0000008e27a00000,0x0000008e27b00000) (1024K)]
  0x000001cf3ff32690 JavaThread "Service Thread"             daemon [_thread_blocked, id=49112, stack(0x0000008e27b00000,0x0000008e27c00000) (1024K)]
  0x000001cf3ff330f0 JavaThread "Monitor Deflation Thread"   daemon [_thread_blocked, id=49116, stack(0x0000008e27c00000,0x0000008e27d00000) (1024K)]
  0x000001cf3ff33e80 JavaThread "C2 CompilerThread0"         daemon [_thread_blocked, id=49120, stack(0x0000008e27d00000,0x0000008e27e00000) (1024K)]
  0x000001cf3ff38d50 JavaThread "C1 CompilerThread0"         daemon [_thread_blocked, id=49128, stack(0x0000008e27e00000,0x0000008e27f00000) (1024K)]
  0x000001cf403e9e10 JavaThread "Notification Thread"        daemon [_thread_blocked, id=49256, stack(0x0000008e27f00000,0x0000008e28000000) (1024K)]
  0x000001cf403efcc0 JavaThread "Common-Cleaner"             daemon [_thread_blocked, id=49268, stack(0x0000008e28000000,0x0000008e28100000) (1024K)]
Total: 11

Other Threads:
  0x000001cf3ff09f70 VMThread "VM Thread"                           [id=48952, stack(0x0000008e27600000,0x0000008e27700000) (1024K)]
  0x000001cf3fef4920 WatcherThread "VM Periodic Task Thread"        [id=48948, stack(0x0000008e27500000,0x0000008e27600000) (1024K)]
  0x000001cf217ef250 WorkerThread "GC Thread#0"                     [id=48776, stack(0x0000008e27000000,0x0000008e27100000) (1024K)]
  0x000001cf217fdc50 ConcurrentGCThread "G1 Main Marker"            [id=48780, stack(0x0000008e27100000,0x0000008e27200000) (1024K)]
  0x000001cf217fe660 WorkerThread "G1 Conc#0"                       [id=48784, stack(0x0000008e27200000,0x0000008e27300000) (1024K)]
  0x000001cf3fdc86c0 ConcurrentGCThread "G1 Refine#0"               [id=48904, stack(0x0000008e27300000,0x0000008e27400000) (1024K)]
  0x000001cf3fdc9050 ConcurrentGCThread "G1 Service"                [id=48908, stack(0x0000008e27400000,0x0000008e27500000) (1024K)]
Total: 7

Threads with active compile tasks:
Total: 0

VM state: not at safepoint (normal execution)

VM Mutex/Monitor currently owned by a thread:  ([mutex/lock_event])
[0x00007ffbaa60ab48] Metaspace_lock - owner thread: 0x000001cf1f4d27a0

Heap address: 0x0000000724e00000, size: 3506 MB, Compressed Oops mode: Zero based, Oop shift amount: 3

CDS archive(s) mapped at: [0x000001cf41000000-0x000001cf41c60000-0x000001cf41c60000), size 12976128, SharedBaseAddress: 0x000001cf41000000, ArchiveRelocationMode: 1.
Compressed class space mapped at: 0x000001cf42000000-0x000001cf82000000, reserved size: 1073741824
Narrow klass base: 0x000001cf41000000, Narrow klass shift: 0, Narrow klass range: 0x41000000

GC Precious Log:
 CardTable entry size: 512
 Card Set container configuration: InlinePtr #cards 4 size 8 Array Of Cards #cards 16 size 48 Howl #buckets 8 coarsen threshold 3686 Howl Bitmap #cards 512 size 80 coarsen threshold 460 Card regions per heap region 1 cards per card region 4096
 CPUs: 12 total, 12 available
 Memory: 14020M
 Large Page Support: Disabled
 NUMA Support: Disabled
 Compressed Oops: Enabled (Zero based)
 Heap Region Size: 2M
 Heap Min Capacity: 8M
 Heap Initial Capacity: 220M
 Heap Max Capacity: 3506M
 Pre-touch: Disabled
 Parallel Workers: 10
 Concurrent Workers: 3
 Concurrent Refinement Workers: 10
 Periodic GC: Disabled

Heap:
 garbage-first heap   total reserved 3590144K, committed 225280K, used 12288K [0x0000000724e00000, 0x0000000800000000)
  region size 2048K, 7 young (14336K), 0 survivors (0K)
 Metaspace       used 3404K, committed 3584K, reserved 1114112K
  class space    used 340K, committed 448K, reserved 1048576K

Heap Regions: E=young(eden), S=young(survivor), O=old, HS=humongous(starts), HC=humongous(continues), CS=collection set, F=free, TAMS=top-at-mark-start, PB=parsable bottom
|   0|0x0000000724e00000, 0x0000000724e00000, 0x0000000725000000|  0%| F|  |TAMS 0x0000000724e00000| PB 0x0000000724e00000| Untracked |  0
|   1|0x0000000725000000, 0x0000000725000000, 0x0000000725200000|  0%| F|  |TAMS 0x0000000725000000| PB 0x0000000725000000| Untracked |  0
|   2|0x0000000725200000, 0x0000000725200000, 0x0000000725400000|  0%| F|  |TAMS 0x0000000725200000| PB 0x0000000725200000| Untracked |  0
|   3|0x0000000725400000, 0x0000000725400000, 0x0000000725600000|  0%| F|  |TAMS 0x0000000725400000| PB 0x0000000725400000| Untracked |  0
|   4|0x0000000725600000, 0x0000000725600000, 0x0000000725800000|  0%| F|  |TAMS 0x0000000725600000| PB 0x0000000725600000| Untracked |  0
|   5|0x0000000725800000, 0x0000000725800000, 0x0000000725a00000|  0%| F|  |TAMS 0x0000000725800000| PB 0x0000000725800000| Untracked |  0
|   6|0x0000000725a00000, 0x0000000725a00000, 0x0000000725c00000|  0%| F|  |TAMS 0x0000000725a00000| PB 0x0000000725a00000| Untracked |  0
|   7|0x0000000725c00000, 0x0000000725c00000, 0x0000000725e00000|  0%| F|  |TAMS 0x0000000725c00000| PB 0x0000000725c00000| Untracked |  0
|   8|0x0000000725e00000, 0x0000000725e00000, 0x0000000726000000|  0%| F|  |TAMS 0x0000000725e00000| PB 0x0000000725e00000| Untracked |  0
|   9|0x0000000726000000, 0x0000000726000000, 0x0000000726200000|  0%| F|  |TAMS 0x0000000726000000| PB 0x0000000726000000| Untracked |  0
|  10|0x0000000726200000, 0x0000000726200000, 0x0000000726400000|  0%| F|  |TAMS 0x0000000726200000| PB 0x0000000726200000| Untracked |  0
|  11|0x0000000726400000, 0x0000000726400000, 0x0000000726600000|  0%| F|  |TAMS 0x0000000726400000| PB 0x0000000726400000| Untracked |  0
|  12|0x0000000726600000, 0x0000000726600000, 0x0000000726800000|  0%| F|  |TAMS 0x0000000726600000| PB 0x0000000726600000| Untracked |  0
|  13|0x0000000726800000, 0x0000000726800000, 0x0000000726a00000|  0%| F|  |TAMS 0x0000000726800000| PB 0x0000000726800000| Untracked |  0
|  14|0x0000000726a00000, 0x0000000726a00000, 0x0000000726c00000|  0%| F|  |TAMS 0x0000000726a00000| PB 0x0000000726a00000| Untracked |  0
|  15|0x0000000726c00000, 0x0000000726c00000, 0x0000000726e00000|  0%| F|  |TAMS 0x0000000726c00000| PB 0x0000000726c00000| Untracked |  0
|  16|0x0000000726e00000, 0x0000000726e00000, 0x0000000727000000|  0%| F|  |TAMS 0x0000000726e00000| PB 0x0000000726e00000| Untracked |  0
|  17|0x0000000727000000, 0x0000000727000000, 0x0000000727200000|  0%| F|  |TAMS 0x0000000727000000| PB 0x0000000727000000| Untracked |  0
|  18|0x0000000727200000, 0x0000000727200000, 0x0000000727400000|  0%| F|  |TAMS 0x0000000727200000| PB 0x0000000727200000| Untracked |  0
|  19|0x0000000727400000, 0x0000000727400000, 0x0000000727600000|  0%| F|  |TAMS 0x0000000727400000| PB 0x0000000727400000| Untracked |  0
|  20|0x0000000727600000, 0x0000000727600000, 0x0000000727800000|  0%| F|  |TAMS 0x0000000727600000| PB 0x0000000727600000| Untracked |  0
|  21|0x0000000727800000, 0x0000000727800000, 0x0000000727a00000|  0%| F|  |TAMS 0x0000000727800000| PB 0x0000000727800000| Untracked |  0
|  22|0x0000000727a00000, 0x0000000727a00000, 0x0000000727c00000|  0%| F|  |TAMS 0x0000000727a00000| PB 0x0000000727a00000| Untracked |  0
|  23|0x0000000727c00000, 0x0000000727c00000, 0x0000000727e00000|  0%| F|  |TAMS 0x0000000727c00000| PB 0x0000000727c00000| Untracked |  0
|  24|0x0000000727e00000, 0x0000000727e00000, 0x0000000728000000|  0%| F|  |TAMS 0x0000000727e00000| PB 0x0000000727e00000| Untracked |  0
|  25|0x0000000728000000, 0x0000000728000000, 0x0000000728200000|  0%| F|  |TAMS 0x0000000728000000| PB 0x0000000728000000| Untracked |  0
|  26|0x0000000728200000, 0x0000000728200000, 0x0000000728400000|  0%| F|  |TAMS 0x0000000728200000| PB 0x0000000728200000| Untracked |  0
|  27|0x0000000728400000, 0x0000000728400000, 0x0000000728600000|  0%| F|  |TAMS 0x0000000728400000| PB 0x0000000728400000| Untracked |  0
|  28|0x0000000728600000, 0x0000000728600000, 0x0000000728800000|  0%| F|  |TAMS 0x0000000728600000| PB 0x0000000728600000| Untracked |  0
|  29|0x0000000728800000, 0x0000000728800000, 0x0000000728a00000|  0%| F|  |TAMS 0x0000000728800000| PB 0x0000000728800000| Untracked |  0
|  30|0x0000000728a00000, 0x0000000728a00000, 0x0000000728c00000|  0%| F|  |TAMS 0x0000000728a00000| PB 0x0000000728a00000| Untracked |  0
|  31|0x0000000728c00000, 0x0000000728c00000, 0x0000000728e00000|  0%| F|  |TAMS 0x0000000728c00000| PB 0x0000000728c00000| Untracked |  0
|  32|0x0000000728e00000, 0x0000000728e00000, 0x0000000729000000|  0%| F|  |TAMS 0x0000000728e00000| PB 0x0000000728e00000| Untracked |  0
|  33|0x0000000729000000, 0x0000000729000000, 0x0000000729200000|  0%| F|  |TAMS 0x0000000729000000| PB 0x0000000729000000| Untracked |  0
|  34|0x0000000729200000, 0x0000000729200000, 0x0000000729400000|  0%| F|  |TAMS 0x0000000729200000| PB 0x0000000729200000| Untracked |  0
|  35|0x0000000729400000, 0x0000000729400000, 0x0000000729600000|  0%| F|  |TAMS 0x0000000729400000| PB 0x0000000729400000| Untracked |  0
|  36|0x0000000729600000, 0x0000000729600000, 0x0000000729800000|  0%| F|  |TAMS 0x0000000729600000| PB 0x0000000729600000| Untracked |  0
|  37|0x0000000729800000, 0x0000000729800000, 0x0000000729a00000|  0%| F|  |TAMS 0x0000000729800000| PB 0x0000000729800000| Untracked |  0
|  38|0x0000000729a00000, 0x0000000729a00000, 0x0000000729c00000|  0%| F|  |TAMS 0x0000000729a00000| PB 0x0000000729a00000| Untracked |  0
|  39|0x0000000729c00000, 0x0000000729c00000, 0x0000000729e00000|  0%| F|  |TAMS 0x0000000729c00000| PB 0x0000000729c00000| Untracked |  0
|  40|0x0000000729e00000, 0x0000000729e00000, 0x000000072a000000|  0%| F|  |TAMS 0x0000000729e00000| PB 0x0000000729e00000| Untracked |  0
|  41|0x000000072a000000, 0x000000072a000000, 0x000000072a200000|  0%| F|  |TAMS 0x000000072a000000| PB 0x000000072a000000| Untracked |  0
|  42|0x000000072a200000, 0x000000072a200000, 0x000000072a400000|  0%| F|  |TAMS 0x000000072a200000| PB 0x000000072a200000| Untracked |  0
|  43|0x000000072a400000, 0x000000072a400000, 0x000000072a600000|  0%| F|  |TAMS 0x000000072a400000| PB 0x000000072a400000| Untracked |  0
|  44|0x000000072a600000, 0x000000072a600000, 0x000000072a800000|  0%| F|  |TAMS 0x000000072a600000| PB 0x000000072a600000| Untracked |  0
|  45|0x000000072a800000, 0x000000072a800000, 0x000000072aa00000|  0%| F|  |TAMS 0x000000072a800000| PB 0x000000072a800000| Untracked |  0
|  46|0x000000072aa00000, 0x000000072aa00000, 0x000000072ac00000|  0%| F|  |TAMS 0x000000072aa00000| PB 0x000000072aa00000| Untracked |  0
|  47|0x000000072ac00000, 0x000000072ac00000, 0x000000072ae00000|  0%| F|  |TAMS 0x000000072ac00000| PB 0x000000072ac00000| Untracked |  0
|  48|0x000000072ae00000, 0x000000072ae00000, 0x000000072b000000|  0%| F|  |TAMS 0x000000072ae00000| PB 0x000000072ae00000| Untracked |  0
|  49|0x000000072b000000, 0x000000072b000000, 0x000000072b200000|  0%| F|  |TAMS 0x000000072b000000| PB 0x000000072b000000| Untracked |  0
|  50|0x000000072b200000, 0x000000072b200000, 0x000000072b400000|  0%| F|  |TAMS 0x000000072b200000| PB 0x000000072b200000| Untracked |  0
|  51|0x000000072b400000, 0x000000072b400000, 0x000000072b600000|  0%| F|  |TAMS 0x000000072b400000| PB 0x000000072b400000| Untracked |  0
|  52|0x000000072b600000, 0x000000072b600000, 0x000000072b800000|  0%| F|  |TAMS 0x000000072b600000| PB 0x000000072b600000| Untracked |  0
|  53|0x000000072b800000, 0x000000072b800000, 0x000000072ba00000|  0%| F|  |TAMS 0x000000072b800000| PB 0x000000072b800000| Untracked |  0
|  54|0x000000072ba00000, 0x000000072ba00000, 0x000000072bc00000|  0%| F|  |TAMS 0x000000072ba00000| PB 0x000000072ba00000| Untracked |  0
|  55|0x000000072bc00000, 0x000000072bc00000, 0x000000072be00000|  0%| F|  |TAMS 0x000000072bc00000| PB 0x000000072bc00000| Untracked |  0
|  56|0x000000072be00000, 0x000000072be00000, 0x000000072c000000|  0%| F|  |TAMS 0x000000072be00000| PB 0x000000072be00000| Untracked |  0
|  57|0x000000072c000000, 0x000000072c000000, 0x000000072c200000|  0%| F|  |TAMS 0x000000072c000000| PB 0x000000072c000000| Untracked |  0
|  58|0x000000072c200000, 0x000000072c200000, 0x000000072c400000|  0%| F|  |TAMS 0x000000072c200000| PB 0x000000072c200000| Untracked |  0
|  59|0x000000072c400000, 0x000000072c400000, 0x000000072c600000|  0%| F|  |TAMS 0x000000072c400000| PB 0x000000072c400000| Untracked |  0
|  60|0x000000072c600000, 0x000000072c600000, 0x000000072c800000|  0%| F|  |TAMS 0x000000072c600000| PB 0x000000072c600000| Untracked |  0
|  61|0x000000072c800000, 0x000000072c800000, 0x000000072ca00000|  0%| F|  |TAMS 0x000000072c800000| PB 0x000000072c800000| Untracked |  0
|  62|0x000000072ca00000, 0x000000072ca00000, 0x000000072cc00000|  0%| F|  |TAMS 0x000000072ca00000| PB 0x000000072ca00000| Untracked |  0
|  63|0x000000072cc00000, 0x000000072cc00000, 0x000000072ce00000|  0%| F|  |TAMS 0x000000072cc00000| PB 0x000000072cc00000| Untracked |  0
|  64|0x000000072ce00000, 0x000000072ce00000, 0x000000072d000000|  0%| F|  |TAMS 0x000000072ce00000| PB 0x000000072ce00000| Untracked |  0
|  65|0x000000072d000000, 0x000000072d000000, 0x000000072d200000|  0%| F|  |TAMS 0x000000072d000000| PB 0x000000072d000000| Untracked |  0
|  66|0x000000072d200000, 0x000000072d200000, 0x000000072d400000|  0%| F|  |TAMS 0x000000072d200000| PB 0x000000072d200000| Untracked |  0
|  67|0x000000072d400000, 0x000000072d400000, 0x000000072d600000|  0%| F|  |TAMS 0x000000072d400000| PB 0x000000072d400000| Untracked |  0
|  68|0x000000072d600000, 0x000000072d600000, 0x000000072d800000|  0%| F|  |TAMS 0x000000072d600000| PB 0x000000072d600000| Untracked |  0
|  69|0x000000072d800000, 0x000000072d800000, 0x000000072da00000|  0%| F|  |TAMS 0x000000072d800000| PB 0x000000072d800000| Untracked |  0
|  70|0x000000072da00000, 0x000000072da00000, 0x000000072dc00000|  0%| F|  |TAMS 0x000000072da00000| PB 0x000000072da00000| Untracked |  0
|  71|0x000000072dc00000, 0x000000072dc00000, 0x000000072de00000|  0%| F|  |TAMS 0x000000072dc00000| PB 0x000000072dc00000| Untracked |  0
|  72|0x000000072de00000, 0x000000072de00000, 0x000000072e000000|  0%| F|  |TAMS 0x000000072de00000| PB 0x000000072de00000| Untracked |  0
|  73|0x000000072e000000, 0x000000072e000000, 0x000000072e200000|  0%| F|  |TAMS 0x000000072e000000| PB 0x000000072e000000| Untracked |  0
|  74|0x000000072e200000, 0x000000072e200000, 0x000000072e400000|  0%| F|  |TAMS 0x000000072e200000| PB 0x000000072e200000| Untracked |  0
|  75|0x000000072e400000, 0x000000072e400000, 0x000000072e600000|  0%| F|  |TAMS 0x000000072e400000| PB 0x000000072e400000| Untracked |  0
|  76|0x000000072e600000, 0x000000072e600000, 0x000000072e800000|  0%| F|  |TAMS 0x000000072e600000| PB 0x000000072e600000| Untracked |  0
|  77|0x000000072e800000, 0x000000072e800000, 0x000000072ea00000|  0%| F|  |TAMS 0x000000072e800000| PB 0x000000072e800000| Untracked |  0
|  78|0x000000072ea00000, 0x000000072ea00000, 0x000000072ec00000|  0%| F|  |TAMS 0x000000072ea00000| PB 0x000000072ea00000| Untracked |  0
|  79|0x000000072ec00000, 0x000000072ec00000, 0x000000072ee00000|  0%| F|  |TAMS 0x000000072ec00000| PB 0x000000072ec00000| Untracked |  0
|  80|0x000000072ee00000, 0x000000072ee00000, 0x000000072f000000|  0%| F|  |TAMS 0x000000072ee00000| PB 0x000000072ee00000| Untracked |  0
|  81|0x000000072f000000, 0x000000072f000000, 0x000000072f200000|  0%| F|  |TAMS 0x000000072f000000| PB 0x000000072f000000| Untracked |  0
|  82|0x000000072f200000, 0x000000072f200000, 0x000000072f400000|  0%| F|  |TAMS 0x000000072f200000| PB 0x000000072f200000| Untracked |  0
|  83|0x000000072f400000, 0x000000072f400000, 0x000000072f600000|  0%| F|  |TAMS 0x000000072f400000| PB 0x000000072f400000| Untracked |  0
|  84|0x000000072f600000, 0x000000072f600000, 0x000000072f800000|  0%| F|  |TAMS 0x000000072f600000| PB 0x000000072f600000| Untracked |  0
|  85|0x000000072f800000, 0x000000072f800000, 0x000000072fa00000|  0%| F|  |TAMS 0x000000072f800000| PB 0x000000072f800000| Untracked |  0
|  86|0x000000072fa00000, 0x000000072fa00000, 0x000000072fc00000|  0%| F|  |TAMS 0x000000072fa00000| PB 0x000000072fa00000| Untracked |  0
|  87|0x000000072fc00000, 0x000000072fc00000, 0x000000072fe00000|  0%| F|  |TAMS 0x000000072fc00000| PB 0x000000072fc00000| Untracked |  0
|  88|0x000000072fe00000, 0x000000072fe00000, 0x0000000730000000|  0%| F|  |TAMS 0x000000072fe00000| PB 0x000000072fe00000| Untracked |  0
|  89|0x0000000730000000, 0x0000000730000000, 0x0000000730200000|  0%| F|  |TAMS 0x0000000730000000| PB 0x0000000730000000| Untracked |  0
|  90|0x0000000730200000, 0x0000000730200000, 0x0000000730400000|  0%| F|  |TAMS 0x0000000730200000| PB 0x0000000730200000| Untracked |  0
|  91|0x0000000730400000, 0x0000000730400000, 0x0000000730600000|  0%| F|  |TAMS 0x0000000730400000| PB 0x0000000730400000| Untracked |  0
|  92|0x0000000730600000, 0x0000000730600000, 0x0000000730800000|  0%| F|  |TAMS 0x0000000730600000| PB 0x0000000730600000| Untracked |  0
|  93|0x0000000730800000, 0x0000000730800000, 0x0000000730a00000|  0%| F|  |TAMS 0x0000000730800000| PB 0x0000000730800000| Untracked |  0
|  94|0x0000000730a00000, 0x0000000730a00000, 0x0000000730c00000|  0%| F|  |TAMS 0x0000000730a00000| PB 0x0000000730a00000| Untracked |  0
|  95|0x0000000730c00000, 0x0000000730c00000, 0x0000000730e00000|  0%| F|  |TAMS 0x0000000730c00000| PB 0x0000000730c00000| Untracked |  0
|  96|0x0000000730e00000, 0x0000000730e00000, 0x0000000731000000|  0%| F|  |TAMS 0x0000000730e00000| PB 0x0000000730e00000| Untracked |  0
|  97|0x0000000731000000, 0x0000000731000000, 0x0000000731200000|  0%| F|  |TAMS 0x0000000731000000| PB 0x0000000731000000| Untracked |  0
|  98|0x0000000731200000, 0x0000000731200000, 0x0000000731400000|  0%| F|  |TAMS 0x0000000731200000| PB 0x0000000731200000| Untracked |  0
|  99|0x0000000731400000, 0x0000000731400000, 0x0000000731600000|  0%| F|  |TAMS 0x0000000731400000| PB 0x0000000731400000| Untracked |  0
| 100|0x0000000731600000, 0x0000000731600000, 0x0000000731800000|  0%| F|  |TAMS 0x0000000731600000| PB 0x0000000731600000| Untracked |  0
| 101|0x0000000731800000, 0x0000000731800000, 0x0000000731a00000|  0%| F|  |TAMS 0x0000000731800000| PB 0x0000000731800000| Untracked |  0
| 102|0x0000000731a00000, 0x0000000731a00000, 0x0000000731c00000|  0%| F|  |TAMS 0x0000000731a00000| PB 0x0000000731a00000| Untracked |  0
| 103|0x0000000731c00000, 0x0000000731c7c4f0, 0x0000000731e00000| 24%| E|  |TAMS 0x0000000731c00000| PB 0x0000000731c00000| Complete |  0
| 104|0x0000000731e00000, 0x0000000732000000, 0x0000000732000000|100%| E|CS|TAMS 0x0000000731e00000| PB 0x0000000731e00000| Complete |  0
| 105|0x0000000732000000, 0x0000000732200000, 0x0000000732200000|100%| E|CS|TAMS 0x0000000732000000| PB 0x0000000732000000| Complete |  0
| 106|0x0000000732200000, 0x0000000732400000, 0x0000000732400000|100%| E|CS|TAMS 0x0000000732200000| PB 0x0000000732200000| Complete |  0
| 107|0x0000000732400000, 0x0000000732600000, 0x0000000732600000|100%| E|CS|TAMS 0x0000000732400000| PB 0x0000000732400000| Complete |  0
| 108|0x0000000732600000, 0x0000000732800000, 0x0000000732800000|100%| E|CS|TAMS 0x0000000732600000| PB 0x0000000732600000| Complete |  0
| 109|0x0000000732800000, 0x0000000732a00000, 0x0000000732a00000|100%| E|CS|TAMS 0x0000000732800000| PB 0x0000000732800000| Complete |  0

Card table byte_map: [0x000001cf39700000,0x000001cf39de0000] _byte_map_base: 0x000001cf35dd9000

Marking Bits: (CMBitMap*) 0x000001cf217ef860
 Bits: [0x000001cf39de0000, 0x000001cf3d4a8000)

Polling page: 0x000001cf20f50000

Metaspace:

Usage:
  Non-class:      2.99 MB used.
      Class:    340.63 KB used.
       Both:      3.32 MB used.

Virtual space:
  Non-class space:       64.00 MB reserved,       3.06 MB (  5%) committed,  1 nodes.
      Class space:        1.00 GB reserved,     448.00 KB ( <1%) committed,  1 nodes.
             Both:        1.06 GB reserved,       3.50 MB ( <1%) committed. 

Chunk freelists:
   Non-Class:  10.55 MB
       Class:  15.53 MB
        Both:  26.08 MB

MaxMetaspaceSize: unlimited
CompressedClassSpaceSize: 1.00 GB
Initial GC threshold: 21.00 MB
Current GC threshold: 21.00 MB
CDS: on
 - commit_granule_bytes: 65536.
 - commit_granule_words: 8192.
 - virtual_space_node_default_size: 8388608.
 - enlarge_chunks_in_place: 1.
 - use_allocation_guard: 0.


Internal statistics:

num_allocs_failed_limit: 0.
num_arena_births: 36.
num_arena_deaths: 0.
num_vsnodes_births: 2.
num_vsnodes_deaths: 0.
num_space_committed: 56.
num_space_uncommitted: 0.
num_chunks_returned_to_freelist: 0.
num_chunks_taken_from_freelist: 118.
num_chunk_merges: 0.
num_chunk_splits: 77.
num_chunks_enlarged: 61.
num_inconsistent_stats: 0.

CodeHeap 'non-profiled nmethods': size=120000Kb used=260Kb max_used=260Kb free=119740Kb
 bounds [0x000001cf315a0000, 0x000001cf31810000, 0x000001cf38ad0000]
CodeHeap 'profiled nmethods': size=120000Kb used=1592Kb max_used=1592Kb free=118407Kb
 bounds [0x000001cf29ad0000, 0x000001cf29d40000, 0x000001cf31000000]
CodeHeap 'non-nmethods': size=5760Kb used=1353Kb max_used=1364Kb free=4406Kb
 bounds [0x000001cf31000000, 0x000001cf31270000, 0x000001cf315a0000]
 total_blobs=1317 nmethods=860 adapters=362
 compilation: enabled
              stopped_count=0, restarted_count=0
 full_count=0

Compilation events (20 events):
Event: 13.004 Thread 0x000001cf3ff38d50  850   !   3       jdk.internal.misc.ScopedMemoryAccess::putLong (21 bytes)
Event: 13.004 Thread 0x000001cf3ff38d50 nmethod 850 0x000001cf29c58c10 code [0x000001cf29c58de0, 0x000001cf29c59208]
Event: 13.004 Thread 0x000001cf3ff38d50  851   !   3       jdk.internal.misc.ScopedMemoryAccess::putLongInternal (35 bytes)
Event: 13.004 Thread 0x000001cf3ff38d50 nmethod 851 0x000001cf29c59410 code [0x000001cf29c595c0, 0x000001cf29c59838]
Event: 13.029 Thread 0x000001cf3ff38d50  852       3       java.lang.String::getBytesNoRepl1 (89 bytes)
Event: 13.030 Thread 0x000001cf3ff38d50 nmethod 852 0x000001cf29c59990 code [0x000001cf29c59c20, 0x000001cf29c5a540]
Event: 13.030 Thread 0x000001cf3ff38d50  855       3       java.util.WeakHashMap::put (160 bytes)
Event: 13.030 Thread 0x000001cf3ff38d50 nmethod 855 0x000001cf29c5a810 code [0x000001cf29c5aaa0, 0x000001cf29c5ba40]
Event: 13.031 Thread 0x000001cf3ff38d50  853       3       java.lang.String::isASCII (16 bytes)
Event: 13.031 Thread 0x000001cf3ff38d50 nmethod 853 0x000001cf29c5bf90 code [0x000001cf29c5c140, 0x000001cf29c5c370]
Event: 13.031 Thread 0x000001cf3ff38d50  854       3       java.util.Arrays::mismatch (69 bytes)
Event: 13.031 Thread 0x000001cf3ff38d50 nmethod 854 0x000001cf29c5c490 code [0x000001cf29c5c660, 0x000001cf29c5c988]
Event: 13.031 Thread 0x000001cf3ff38d50  856       3       java.util.WeakHashMap$Entry::<init> (24 bytes)
Event: 13.031 Thread 0x000001cf3ff38d50 nmethod 856 0x000001cf29c5cb10 code [0x000001cf29c5cce0, 0x000001cf29c5d0e0]
Event: 13.048 Thread 0x000001cf3ff38d50  857       3       java.util.zip.ZipCoder$UTF8ZipCoder::hasTrailingSlash (20 bytes)
Event: 13.048 Thread 0x000001cf3ff38d50 nmethod 857 0x000001cf29c5d210 code [0x000001cf29c5d3a0, 0x000001cf29c5d560]
Event: 13.048 Thread 0x000001cf3ff38d50  858   !   3       jdk.internal.ref.PhantomCleanable::remove (60 bytes)
Event: 13.048 Thread 0x000001cf3ff38d50 nmethod 858 0x000001cf29c5d690 code [0x000001cf29c5d860, 0x000001cf29c5dcb0]
Event: 13.048 Thread 0x000001cf3ff38d50  859       3       java.lang.ref.Reference::clear (5 bytes)
Event: 13.063 Thread 0x000001cf3ff38d50 nmethod 859 0x000001cf29c5de90 code [0x000001cf29c5e040, 0x000001cf29c5e178]

GC Heap History (0 events):
No events

Dll operation events (8 events):
Event: 0.085 Loaded shared library C:\Program Files\Java\jdk-22\bin\java.dll
Event: 0.653 Loaded shared library C:\Program Files\Java\jdk-22\bin\jsvml.dll
Event: 0.730 Loaded shared library C:\Program Files\Java\jdk-22\bin\net.dll
Event: 0.733 Loaded shared library C:\Program Files\Java\jdk-22\bin\nio.dll
Event: 0.738 Loaded shared library C:\Program Files\Java\jdk-22\bin\zip.dll
Event: 6.321 Loaded shared library C:\Program Files\Java\jdk-22\bin\jimage.dll
Event: 6.773 Loaded shared library C:\Program Files\NetBeans-21\netbeans\java\maven\lib\jansi-native\Windows\x86_64\jansi.dll
Event: 7.692 Loaded shared library C:\Program Files\Java\jdk-22\bin\verify.dll

Deoptimization events (20 events):
Event: 0.883 Thread 0x000001cf1f4d27a0 Uncommon trap: trap_request=0xffffff45 fr.pc=0x000001cf315a76f8 relative=0x00000000000002b8
Event: 0.883 Thread 0x000001cf1f4d27a0 Uncommon trap: reason=unstable_if action=reinterpret pc=0x000001cf315a76f8 method=java.lang.StringLatin1.hashCode([B)I @ 2 c2
Event: 0.883 Thread 0x000001cf1f4d27a0 DEOPT PACKING pc=0x000001cf315a76f8 sp=0x0000008e26ffdc80
Event: 0.883 Thread 0x000001cf1f4d27a0 DEOPT UNPACKING pc=0x000001cf310546a2 sp=0x0000008e26ffdbb8 mode 2
Event: 6.111 Thread 0x000001cf1f4d27a0 Uncommon trap: trap_request=0xffffff45 fr.pc=0x000001cf315abacc relative=0x000000000000012c
Event: 6.111 Thread 0x000001cf1f4d27a0 Uncommon trap: reason=unstable_if action=reinterpret pc=0x000001cf315abacc method=java.lang.StringCoding.countPositives([BII)I @ 17 c2
Event: 6.111 Thread 0x000001cf1f4d27a0 DEOPT PACKING pc=0x000001cf315abacc sp=0x0000008e26ffa870
Event: 6.111 Thread 0x000001cf1f4d27a0 DEOPT UNPACKING pc=0x000001cf310546a2 sp=0x0000008e26ffa810 mode 2
Event: 10.605 Thread 0x000001cf1f4d27a0 Uncommon trap: trap_request=0xffffff45 fr.pc=0x000001cf315ac2c0 relative=0x00000000000004e0
Event: 10.605 Thread 0x000001cf1f4d27a0 Uncommon trap: reason=unstable_if action=reinterpret pc=0x000001cf315ac2c0 method=java.lang.StringLatin1.canEncode(C)Z @ 4 c2
Event: 10.605 Thread 0x000001cf1f4d27a0 DEOPT PACKING pc=0x000001cf315ac2c0 sp=0x0000008e26ffe6d0
Event: 10.605 Thread 0x000001cf1f4d27a0 DEOPT UNPACKING pc=0x000001cf310546a2 sp=0x0000008e26ffe600 mode 2
Event: 10.605 Thread 0x000001cf1f4d27a0 Uncommon trap: trap_request=0xffffff45 fr.pc=0x000001cf315c4910 relative=0x00000000000004b0
Event: 10.605 Thread 0x000001cf1f4d27a0 Uncommon trap: reason=unstable_if action=reinterpret pc=0x000001cf315c4910 method=java.lang.AbstractStringBuilder.isLatin1()Z @ 10 c2
Event: 10.605 Thread 0x000001cf1f4d27a0 DEOPT PACKING pc=0x000001cf315c4910 sp=0x0000008e26ffe6f0
Event: 10.605 Thread 0x000001cf1f4d27a0 DEOPT UNPACKING pc=0x000001cf310546a2 sp=0x0000008e26ffe680 mode 2
Event: 10.712 Thread 0x000001cf1f4d27a0 DEOPT PACKING pc=0x000001cf29b2f7a5 sp=0x0000008e26ffd390
Event: 10.712 Thread 0x000001cf1f4d27a0 DEOPT UNPACKING pc=0x000001cf31054e42 sp=0x0000008e26ffc7e0 mode 0
Event: 11.976 Thread 0x000001cf1f4d27a0 DEOPT PACKING pc=0x000001cf29b882ea sp=0x0000008e26ffa270
Event: 11.976 Thread 0x000001cf1f4d27a0 DEOPT UNPACKING pc=0x000001cf31054e42 sp=0x0000008e26ff96a8 mode 0

Classes loaded (20 events):
Event: 10.409 Loading class java/text/ParseException
Event: 10.409 Loading class java/text/ParseException done
Event: 10.496 Loading class sun/util/calendar/ZoneInfoFile$Checksum
Event: 10.538 Loading class sun/util/calendar/ZoneInfoFile$Checksum done
Event: 10.541 Loading class jdk/internal/module/ModulePatcher$PatchedModuleReader
Event: 10.542 Loading class jdk/internal/module/ModulePatcher$PatchedModuleReader done
Event: 10.542 Loading class sun/net/www/protocol/jrt/Handler
Event: 10.543 Loading class sun/net/www/protocol/jrt/Handler done
Event: 10.575 Loading class sun/text/resources/cldr/FormatData_en
Event: 10.603 Loading class sun/text/resources/cldr/FormatData_en done
Event: 10.603 Loading class sun/text/resources/cldr/FormatData_en_US
Event: 10.603 Loading class sun/text/resources/cldr/FormatData_en_US done
Event: 10.735 Loading class java/lang/ArrayIndexOutOfBoundsException
Event: 10.801 Loading class java/lang/ArrayIndexOutOfBoundsException done
Event: 11.726 Loading class java/io/FilterReader
Event: 11.813 Loading class java/io/FilterReader done
Event: 12.037 Loading class java/io/InvalidObjectException
Event: 12.037 Loading class java/io/ObjectStreamException
Event: 12.944 Loading class java/io/ObjectStreamException done
Event: 12.944 Loading class java/io/InvalidObjectException done

Classes unloaded (0 events):
No events

Classes redefined (0 events):
No events

Internal exceptions (20 events):
Event: 6.220 Thread 0x000001cf1f4d27a0 Exception <a 'java/lang/NoSuchMethodError'{0x0000000732523f80}: 'java.lang.Object java.lang.invoke.Invokers$Holder.invokeExact_MT(java.lang.Object, java.lang.Object, java.lang.Object, java.lang.Object, java.lang.Object)'> (0x0000000732523f80) 
thrown [s\open\src\hotspot\share\interpreter\linkResolver.cpp, line 774]
Event: 6.297 Thread 0x000001cf1f4d27a0 Exception <a 'java/lang/NullPointerException'{0x0000000732579e88}> (0x0000000732579e88) 
thrown [s\open\src\hotspot\share\interpreter\linkResolver.cpp, line 1374]
Event: 7.043 Thread 0x000001cf1f4d27a0 Exception <a 'java/lang/NullPointerException'{0x00000007325bdcb0}> (0x00000007325bdcb0) 
thrown [s\open\src\hotspot\share\interpreter\linkResolver.cpp, line 1374]
Event: 7.043 Thread 0x000001cf1f4d27a0 Exception <a 'java/lang/NullPointerException'{0x00000007325bdf90}> (0x00000007325bdf90) 
thrown [s\open\src\hotspot\share\interpreter\linkResolver.cpp, line 1374]
Event: 7.043 Thread 0x000001cf1f4d27a0 Exception <a 'java/lang/NullPointerException'{0x00000007325be270}> (0x00000007325be270) 
thrown [s\open\src\hotspot\share\interpreter\linkResolver.cpp, line 1374]
Event: 7.044 Thread 0x000001cf1f4d27a0 Exception <a 'java/lang/NullPointerException'{0x00000007325c2fd8}> (0x00000007325c2fd8) 
thrown [s\open\src\hotspot\share\interpreter\linkResolver.cpp, line 1374]
Event: 7.049 Thread 0x000001cf1f4d27a0 Exception <a 'java/lang/NullPointerException'{0x00000007325d60c8}> (0x00000007325d60c8) 
thrown [s\open\src\hotspot\share\interpreter\linkResolver.cpp, line 1374]
Event: 7.049 Thread 0x000001cf1f4d27a0 Exception <a 'java/lang/NullPointerException'{0x00000007325d63a8}> (0x00000007325d63a8) 
thrown [s\open\src\hotspot\share\interpreter\linkResolver.cpp, line 1374]
Event: 7.049 Thread 0x000001cf1f4d27a0 Exception <a 'java/lang/NullPointerException'{0x00000007325d6688}> (0x00000007325d6688) 
thrown [s\open\src\hotspot\share\interpreter\linkResolver.cpp, line 1374]
Event: 7.049 Thread 0x000001cf1f4d27a0 Exception <a 'java/lang/NullPointerException'{0x00000007325d6968}> (0x00000007325d6968) 
thrown [s\open\src\hotspot\share\interpreter\linkResolver.cpp, line 1374]
Event: 7.690 Thread 0x000001cf1f4d27a0 Exception <a 'sun/nio/fs/WindowsException'{0x00000007325ff9b0}> (0x00000007325ff9b0) 
thrown [s\open\src\hotspot\share\prims\jni.cpp, line 520]
Event: 7.690 Thread 0x000001cf1f4d27a0 Exception <a 'sun/nio/fs/WindowsException'{0x00000007322004d0}> (0x00000007322004d0) 
thrown [s\open\src\hotspot\share\prims\jni.cpp, line 520]
Event: 7.690 Thread 0x000001cf1f4d27a0 Exception <a 'sun/nio/fs/WindowsException'{0x0000000732200af8}> (0x0000000732200af8) 
thrown [s\open\src\hotspot\share\prims\jni.cpp, line 520]
Event: 7.690 Thread 0x000001cf1f4d27a0 Exception <a 'sun/nio/fs/WindowsException'{0x00000007322010f8}> (0x00000007322010f8) 
thrown [s\open\src\hotspot\share\prims\jni.cpp, line 520]
Event: 7.690 Thread 0x000001cf1f4d27a0 Exception <a 'sun/nio/fs/WindowsException'{0x0000000732201670}> (0x0000000732201670) 
thrown [s\open\src\hotspot\share\prims\jni.cpp, line 520]
Event: 7.690 Thread 0x000001cf1f4d27a0 Exception <a 'sun/nio/fs/WindowsException'{0x0000000732201bc8}> (0x0000000732201bc8) 
thrown [s\open\src\hotspot\share\prims\jni.cpp, line 520]
Event: 7.691 Thread 0x000001cf1f4d27a0 Exception <a 'sun/nio/fs/WindowsException'{0x00000007322020d0}> (0x00000007322020d0) 
thrown [s\open\src\hotspot\share\prims\jni.cpp, line 520]
Event: 7.691 Thread 0x000001cf1f4d27a0 Exception <a 'sun/nio/fs/WindowsException'{0x0000000732202590}> (0x0000000732202590) 
thrown [s\open\src\hotspot\share\prims\jni.cpp, line 520]
Event: 7.894 Thread 0x000001cf1f4d27a0 Exception <a 'java/lang/NoSuchMethodError'{0x0000000732273df0}: 'void java.lang.invoke.DirectMethodHandle$Holder.invokeStatic(java.lang.Object, java.lang.Object, java.lang.Object)'> (0x0000000732273df0) 
thrown [s\open\src\hotspot\share\interpreter\linkResolver.cpp, line 774]
Event: 10.151 Thread 0x000001cf1f4d27a0 Exception <a 'java/lang/NoSuchMethodError'{0x0000000732027158}: 'java.lang.Object java.lang.invoke.DirectMethodHandle$Holder.invokeSpecialIFC(java.lang.Object, java.lang.Object, java.lang.Object, java.lang.Object)'> (0x0000000732027158) 
thrown [s\open\src\hotspot\share\interpreter\linkResolver.cpp, line 774]

ZGC Phase Switch (0 events):
No events

VM Operations (20 events):
Event: 4.790 Executing VM operation: Cleanup
Event: 4.790 Executing VM operation: Cleanup done
Event: 6.269 Executing VM operation: HandshakeAllThreads (Deoptimize)
Event: 6.269 Executing VM operation: HandshakeAllThreads (Deoptimize) done
Event: 6.269 Executing VM operation: Cleanup
Event: 6.269 Executing VM operation: Cleanup done
Event: 6.337 Executing VM operation: HandshakeAllThreads (Deoptimize)
Event: 6.337 Executing VM operation: HandshakeAllThreads (Deoptimize) done
Event: 7.344 Executing VM operation: Cleanup
Event: 7.424 Executing VM operation: Cleanup done
Event: 8.432 Executing VM operation: Cleanup
Event: 8.433 Executing VM operation: Cleanup done
Event: 9.444 Executing VM operation: Cleanup
Event: 9.444 Executing VM operation: Cleanup done
Event: 10.458 Executing VM operation: Cleanup
Event: 10.494 Executing VM operation: Cleanup done
Event: 11.497 Executing VM operation: Cleanup
Event: 11.497 Executing VM operation: Cleanup done
Event: 12.502 Executing VM operation: Cleanup
Event: 12.959 Executing VM operation: Cleanup done

Events (11 events):
Event: 0.267 Thread 0x000001cf1f4d27a0 Thread added: 0x000001cf1f4d27a0
Event: 0.563 Thread 0x000001cf3ff23c10 Thread added: 0x000001cf3ff23c10
Event: 0.563 Thread 0x000001cf3ff24930 Thread added: 0x000001cf3ff24930
Event: 0.584 Thread 0x000001cf3ff26500 Thread added: 0x000001cf3ff26500
Event: 0.606 Thread 0x000001cf3ff28850 Thread added: 0x000001cf3ff28850
Event: 0.606 Thread 0x000001cf3ff32690 Thread added: 0x000001cf3ff32690
Event: 0.606 Thread 0x000001cf3ff330f0 Thread added: 0x000001cf3ff330f0
Event: 0.607 Thread 0x000001cf3ff33e80 Thread added: 0x000001cf3ff33e80
Event: 0.618 Thread 0x000001cf3ff38d50 Thread added: 0x000001cf3ff38d50
Event: 0.694 Thread 0x000001cf403e9e10 Thread added: 0x000001cf403e9e10
Event: 0.701 Thread 0x000001cf403efcc0 Thread added: 0x000001cf403efcc0


Dynamic libraries:
0x00007ff7ed1d0000 - 0x00007ff7ed1e0000 	C:\Program Files\Java\jdk-22\bin\java.exe
0x00007ffc3f9d0000 - 0x00007ffc3fbe7000 	C:\WINDOWS\SYSTEM32\ntdll.dll
0x00007ffc3e920000 - 0x00007ffc3e9e4000 	C:\WINDOWS\System32\KERNEL32.DLL
0x00007ffc3cf80000 - 0x00007ffc3d327000 	C:\WINDOWS\System32\KERNELBASE.dll
0x00007ffc3ce60000 - 0x00007ffc3cf71000 	C:\WINDOWS\System32\ucrtbase.dll
0x00007ffbf78f0000 - 0x00007ffbf790b000 	C:\Program Files\Java\jdk-22\bin\VCRUNTIME140.dll
0x00007ffc0f400000 - 0x00007ffc0f417000 	C:\Program Files\Java\jdk-22\bin\jli.dll
0x00007ffc3e9f0000 - 0x00007ffc3eaa2000 	C:\WINDOWS\System32\ADVAPI32.dll
0x00007ffc3eab0000 - 0x00007ffc3eb57000 	C:\WINDOWS\System32\msvcrt.dll
0x00007ffc3dbc0000 - 0x00007ffc3dc68000 	C:\WINDOWS\System32\sechost.dll
0x00007ffc3ce30000 - 0x00007ffc3ce58000 	C:\WINDOWS\System32\bcrypt.dll
0x00007ffc3f650000 - 0x00007ffc3f765000 	C:\WINDOWS\System32\RPCRT4.dll
0x00007ffc3e520000 - 0x00007ffc3e6ce000 	C:\WINDOWS\System32\USER32.dll
0x00007ffc3d4c0000 - 0x00007ffc3d4e6000 	C:\WINDOWS\System32\win32u.dll
0x00007ffc3db70000 - 0x00007ffc3db99000 	C:\WINDOWS\System32\GDI32.dll
0x00007ffc10350000 - 0x00007ffc105e3000 	C:\WINDOWS\WinSxS\amd64_microsoft.windows.common-controls_6595b64144ccf1df_6.0.22621.3527_none_270e469b73872a76\COMCTL32.dll
0x00007ffc3d3a0000 - 0x00007ffc3d4b9000 	C:\WINDOWS\System32\gdi32full.dll
0x00007ffc3d4f0000 - 0x00007ffc3d58a000 	C:\WINDOWS\System32\msvcp_win.dll
0x00007ffc343d0000 - 0x00007ffc343da000 	C:\WINDOWS\SYSTEM32\VERSION.dll
0x00007ffc3f2b0000 - 0x00007ffc3f2e1000 	C:\WINDOWS\System32\IMM32.DLL
0x00007ffc0e880000 - 0x00007ffc0e88c000 	C:\Program Files\Java\jdk-22\bin\vcruntime140_1.dll
0x00007ffbd0ad0000 - 0x00007ffbd0b5e000 	C:\Program Files\Java\jdk-22\bin\msvcp140.dll
0x00007ffba99a0000 - 0x00007ffbaa6e8000 	C:\Program Files\Java\jdk-22\bin\server\jvm.dll
0x00007ffc3e6d0000 - 0x00007ffc3e741000 	C:\WINDOWS\System32\WS2_32.dll
0x00007ffc3cbb0000 - 0x00007ffc3cbfd000 	C:\WINDOWS\SYSTEM32\POWRPROF.dll
0x00007ffc345c0000 - 0x00007ffc345f4000 	C:\WINDOWS\SYSTEM32\WINMM.dll
0x00007ffc3cb90000 - 0x00007ffc3cba3000 	C:\WINDOWS\SYSTEM32\UMPDC.dll
0x00007ffc3bcd0000 - 0x00007ffc3bce8000 	C:\WINDOWS\SYSTEM32\kernel.appcore.dll
0x00007ffbf77d0000 - 0x00007ffbf77da000 	C:\Program Files\Java\jdk-22\bin\jimage.dll
0x00007ffc3a670000 - 0x00007ffc3a8a2000 	C:\WINDOWS\SYSTEM32\DBGHELP.DLL
0x00007ffc3d700000 - 0x00007ffc3da88000 	C:\WINDOWS\System32\combase.dll
0x00007ffc3da90000 - 0x00007ffc3db67000 	C:\WINDOWS\System32\OLEAUT32.dll
0x00007ffc2a930000 - 0x00007ffc2a962000 	C:\WINDOWS\SYSTEM32\dbgcore.DLL
0x00007ffc3cdb0000 - 0x00007ffc3ce29000 	C:\WINDOWS\System32\bcryptPrimitives.dll
0x00007ffbf78d0000 - 0x00007ffbf78ee000 	C:\Program Files\Java\jdk-22\bin\java.dll
0x00007ffc3dc70000 - 0x00007ffc3e4cc000 	C:\WINDOWS\System32\SHELL32.dll
0x00007ffc3f2f0000 - 0x00007ffc3f495000 	C:\WINDOWS\System32\ole32.dll
0x00007ffc3abe0000 - 0x00007ffc3b4d6000 	C:\WINDOWS\SYSTEM32\windows.storage.dll
0x00007ffc3aaa0000 - 0x00007ffc3abde000 	C:\WINDOWS\SYSTEM32\wintypes.dll
0x00007ffc3ed30000 - 0x00007ffc3ee25000 	C:\WINDOWS\System32\SHCORE.dll
0x00007ffc3ec60000 - 0x00007ffc3ecbe000 	C:\WINDOWS\System32\shlwapi.dll
0x00007ffc3cc20000 - 0x00007ffc3cc41000 	C:\WINDOWS\SYSTEM32\profapi.dll
0x00007ffbdd120000 - 0x00007ffbdd1f7000 	C:\Program Files\Java\jdk-22\bin\jsvml.dll
0x00007ffbf77c0000 - 0x00007ffbf77d0000 	C:\Program Files\Java\jdk-22\bin\net.dll
0x00007ffc3c130000 - 0x00007ffc3c199000 	C:\WINDOWS\system32\mswsock.dll
0x00007ffbdd100000 - 0x00007ffbdd116000 	C:\Program Files\Java\jdk-22\bin\nio.dll
0x00007ffbdd0e0000 - 0x00007ffbdd0f7000 	C:\Program Files\Java\jdk-22\bin\zip.dll
0x0000000069ac0000 - 0x0000000069ae4000 	C:\Program Files\NetBeans-21\netbeans\java\maven\lib\jansi-native\Windows\x86_64\jansi.dll
0x00007ffbf77b0000 - 0x00007ffbf77c0000 	C:\Program Files\Java\jdk-22\bin\verify.dll

dbghelp: loaded successfully - version: 4.0.5 - missing functions: none
symbol engine: initialized successfully - sym options: 0x614 - pdb path: .;C:\Program Files\Java\jdk-22\bin;C:\WINDOWS\SYSTEM32;C:\WINDOWS\WinSxS\amd64_microsoft.windows.common-controls_6595b64144ccf1df_6.0.22621.3527_none_270e469b73872a76;C:\Program Files\Java\jdk-22\bin\server;C:\Program Files\NetBeans-21\netbeans\java\maven\lib\jansi-native\Windows\x86_64

VM Arguments:
jvm_args: -Dclassworlds.conf=C:\Program Files\NetBeans-21\netbeans\java\maven\bin\m2.conf -Dmaven.home=C:\Program Files\NetBeans-21\netbeans\java\maven -Dlibrary.jansi.path=C:\Program Files\NetBeans-21\netbeans\java\maven\lib\jansi-native -Dmaven.multiModuleProjectDirectory=C:\Users\ADMIN\OneDrive\Documents\GitHub\Management_Project_Java\mavenproject1 
java_command: org.codehaus.plexus.classworlds.launcher.Launcher -Dexec.vmArgs=--enable-preview -Dexec.args=${exec.vmArgs} -classpath %classpath ${exec.mainClass} ${exec.appArgs} -Dexec.appArgs= -Dexec.mainClass=GUI.Login -Dexec.executable=C:\Program Files\Java\jdk-22\bin\java.exe -Dmaven.ext.class.path=C:\Program Files\NetBeans-21\netbeans\java\maven-nblib\netbeans-eventspy.jar --no-transfer-progress process-classes org.codehaus.mojo:exec-maven-plugin:3.1.0:exec
java_class_path (initial): C:\Program Files\NetBeans-21\netbeans\java\maven\boot\plexus-classworlds-2.7.0.jar
Launcher Type: SUN_STANDARD

[Global flags]
     intx CICompilerCount                          = 4                                         {product} {ergonomic}
     uint ConcGCThreads                            = 3                                         {product} {ergonomic}
     uint G1ConcRefinementThreads                  = 10                                        {product} {ergonomic}
   size_t G1HeapRegionSize                         = 2097152                                   {product} {ergonomic}
   size_t InitialHeapSize                          = 230686720                                 {product} {ergonomic}
   size_t MarkStackSize                            = 4194304                                   {product} {ergonomic}
   size_t MaxHeapSize                              = 3676307456                                {product} {ergonomic}
   size_t MaxNewSize                               = 2204106752                                {product} {ergonomic}
   size_t MinHeapDeltaBytes                        = 2097152                                   {product} {ergonomic}
   size_t MinHeapSize                              = 8388608                                   {product} {ergonomic}
    uintx NonNMethodCodeHeapSize                   = 5839372                                {pd product} {ergonomic}
    uintx NonProfiledCodeHeapSize                  = 122909434                              {pd product} {ergonomic}
    uintx ProfiledCodeHeapSize                     = 122909434                              {pd product} {ergonomic}
    uintx ReservedCodeCacheSize                    = 251658240                              {pd product} {ergonomic}
     bool SegmentedCodeCache                       = true                                      {product} {ergonomic}
   size_t SoftMaxHeapSize                          = 3676307456                             {manageable} {ergonomic}
     bool UseCompressedOops                        = true                           {product lp64_product} {ergonomic}
     bool UseG1GC                                  = true                                      {product} {ergonomic}
     bool UseLargePagesIndividualAllocation        = false                                  {pd product} {ergonomic}

Logging:
Log output configuration:
 #0: stdout all=warning uptime,level,tags foldmultilines=false
 #1: stderr all=off uptime,level,tags foldmultilines=false

Environment Variables:
JAVA_HOME=C:\Program Files\Java\jdk-22
PATH=C:\Program Files (x86)\VMware\VMware Workstation\bin\;C:\Program Files\Common Files\Oracle\Java\javapath;C:\Program Files (x86)\Common Files\Oracle\Java\javapath;C:\Windows\system32;C:\Windows;C:\Windows\System32\Wbem;C:\Windows\System32\WindowsPowerShell\v1.0\;C:\Windows\System32\OpenSSH\;C:\Program Files (x86)\NVIDIA Corporation\PhysX\Common;C:\Program Files\NVIDIA Corporation\NVIDIA NvDLISR;C:\msys64\mingw64\bin;C:\WINDOWS\system32;C:\WINDOWS;C:\WINDOWS\System32\Wbem;C:\WINDOWS\System32\WindowsPowerShell\v1.0\;C:\WINDOWS\System32\OpenSSH\;C:\Program Files (x86)\Microsoft SQL Server\110\Tools\Binn\;C:\Program Files\Microsoft SQL Server\110\Tools\Binn\;C:\Program Files\Microsoft SQL Server\110\DTS\Binn\;C:\Program Files (x86)\Microsoft SQL Server\110\Tools\Binn\ManagementStudio\;C:\Program Files (x86)\Microsoft SQL Server\110\DTS\Binn\;C:\Program Files\Microsoft SQL Server\150\Tools\Binn\;C:\Program Files\Microsoft SQL Server\Client SDK\ODBC\170\Tools\Binn\;C:\Program Files\dotnet\;C:\Program Files\Git\cmd;C:\Users\ADMIN\AppData\Local\Programs\Python\Python312\Scripts\;C:\Users\ADMIN\AppData\Local\Programs\Python\Python312\;C:\Users\ADMIN\AppData\Local\Programs\Python\Launcher\;C:\Users\ADMIN\AppData\Local\Microsoft\WindowsApps;C:\Users\ADMIN\.dotnet\tools;C:\Users\ADMIN\AppData\Local\Programs\Microsoft VS Code\bin;C:\Users\ADMIN\AppData\Local\GitHubDesktop\bin;C:\Program Files\Java\jdk-22\bin;
USERNAME=ADMIN
OS=Windows_NT
PROCESSOR_IDENTIFIER=AMD64 Family 25 Model 68 Stepping 1, AuthenticAMD
TMP=C:\Users\ADMIN\AppData\Local\Temp
TEMP=C:\Users\ADMIN\AppData\Local\Temp




Periodic native trim disabled

---------------  S Y S T E M  ---------------

OS:
 Windows 11 , 64 bit Build 22621 (10.0.22621.3527)
OS uptime: 1 days 1:45 hours
Hyper-V role detected

CPU: total 12 (initial active 12) (12 cores per cpu, 2 threads per core) family 25 model 68 stepping 1 microcode 0x0, cx8, cmov, fxsr, ht, mmx, 3dnowpref, sse, sse2, sse3, ssse3, sse4a, sse4.1, sse4.2, popcnt, lzcnt, tsc, tscinvbit, avx, avx2, aes, erms, clmul, bmi1, bmi2, adx, sha, fma, vzeroupper, clflush, clflushopt, hv, rdtscp, rdpid, fsrm, f16c, cet_ss
Processor Information for all 12 processors :
  Max Mhz: 3301, Current Mhz: 3301, Mhz Limit: 3301

Memory: 4k page, system-wide physical 14020M (138M free)
TotalPageFile size 57028M (AvailPageFile size 107M)
current process WorkingSet (physical memory assigned to process): 56M, peak: 58M
current process commit charge ("private bytes"): 316M, peak: 319M

vm_info: Java HotSpot(TM) 64-Bit Server VM (22+36-2370) for windows-amd64 JRE (22+36-2370), built on 2024-02-15T22:15:19Z by "mach5one" with MS VC++ 17.6 (VS2022)

END.
