#
# There is insufficient memory for the Java Runtime Environment to continue.
# Native memory allocation (malloc) failed to allocate 680576 bytes. Error detail: Chunk::new
# Possible reasons:
#   The system is out of physical RAM or swap space
#   This process is running with CompressedOops enabled, and the Java Heap may be blocking the growth of the native heap
# Possible solutions:
#   Reduce memory load on the system
#   Increase physical memory or swap space
#   Check if swap backing store is full
#   Decrease Java heap size (-Xmx/-Xms)
#   Decrease number of Java threads
#   Decrease Java thread stack sizes (-Xss)
#   Set larger code cache with -XX:ReservedCodeCacheSize=
#   JVM is running with Zero Based Compressed Oops mode in which the Java heap is
#     placed in the first 32GB address space. The Java Heap base address is the
#     maximum limit for the native heap growth. Please use -XX:HeapBaseMinAddress
#     to set the Java Heap base and to place the Java Heap above 32GB virtual address.
# This output file may be truncated or incomplete.
#
#  Out of Memory Error (arena.cpp:150), pid=8936, tid=31128
#
# JRE version: Java(TM) SE Runtime Environment (22.0+36) (build 22+36-2370)
# Java VM: Java HotSpot(TM) 64-Bit Server VM (22+36-2370, mixed mode, sharing, tiered, compressed oops, compressed class ptrs, g1 gc, windows-amd64)
# No core dump will be written. Minidumps are not enabled by default on client versions of Windows
#

---------------  S U M M A R Y ------------

Command Line: -Dclassworlds.conf=C:\Program Files\NetBeans-21\netbeans\java\maven\bin\m2.conf -Dmaven.home=C:\Program Files\NetBeans-21\netbeans\java\maven -Dlibrary.jansi.path=C:\Program Files\NetBeans-21\netbeans\java\maven\lib\jansi-native -Dmaven.multiModuleProjectDirectory=C:\Users\ADMIN\OneDrive\Documents\GitHub\Management_Project_Java\mavenproject1 org.codehaus.plexus.classworlds.launcher.Launcher -Dexec.vmArgs=--enable-preview -Dexec.args=${exec.vmArgs} -classpath %classpath ${exec.mainClass} ${exec.appArgs} -Dexec.appArgs= -Dexec.mainClass=GUI.Login -Dexec.executable=C:\Program Files\Java\jdk-22\bin\java.exe -Dmaven.ext.class.path=C:\Program Files\NetBeans-21\netbeans\java\maven-nblib\netbeans-eventspy.jar --no-transfer-progress process-classes org.codehaus.mojo:exec-maven-plugin:3.1.0:exec

Host: AMD Ryzen 5 6600HS Creator Edition             , 12 cores, 13G,  Windows 11 , 64 bit Build 22621 (10.0.22621.3527)
Time: Thu May 16 16:18:44 2024 SE Asia Standard Time elapsed time: 52.290160 seconds (0d 0h 0m 52s)

---------------  T H R E A D  ---------------

Current thread (0x000001b54b0ca420):  JavaThread "C2 CompilerThread0" daemon [_thread_in_native, id=31128, stack(0x000000481f800000,0x000000481f900000) (1024K)]


Current CompileTask:
C2:52290 2651   !   4       java.net.URL::<init> (543 bytes)

Stack: [0x000000481f800000,0x000000481f900000]
Native frames: (J=compiled Java code, j=interpreted, Vv=VM code, C=native code)
V  [jvm.dll+0x6e2349]  (no source info available)
V  [jvm.dll+0x874ed3]  (no source info available)
V  [jvm.dll+0x8772fe]  (no source info available)
V  [jvm.dll+0x8779d3]  (no source info available)
V  [jvm.dll+0x27fcb6]  (no source info available)
V  [jvm.dll+0xc3d0f]  (no source info available)
V  [jvm.dll+0xc3f6b]  (no source info available)
V  [jvm.dll+0x2f3b6f]  (no source info available)
V  [jvm.dll+0x60bd8a]  (no source info available)
V  [jvm.dll+0x2499d6]  (no source info available)
V  [jvm.dll+0x246eb6]  (no source info available)
V  [jvm.dll+0x1c4e90]  (no source info available)
V  [jvm.dll+0x25699e]  (no source info available)
V  [jvm.dll+0x254c5a]  (no source info available)
V  [jvm.dll+0x3f5426]  (no source info available)
V  [jvm.dll+0x81d50b]  (no source info available)
V  [jvm.dll+0x6e09e5]  (no source info available)
C  [ucrtbase.dll+0x29333]  (no source info available)
C  [KERNEL32.DLL+0x1257d]  (no source info available)
C  [ntdll.dll+0x5aa48]  (no source info available)


---------------  P R O C E S S  ---------------

Threads class SMR info:
_java_thread_list=0x000001b54b221b70, length=11, elements={
0x000001b52a4ff690, 0x000001b54b0be8f0, 0x000001b54b0bf660, 0x000001b54b0c3400,
0x000001b54b0c3e60, 0x000001b54b0c48c0, 0x000001b54b0c5320, 0x000001b54b0ca420,
0x000001b54b0cc330, 0x000001b54b245560, 0x000001b54b24c410
}

Java Threads: ( => current thread )
  0x000001b52a4ff690 JavaThread "main"                              [_thread_in_native, id=6716, stack(0x000000481e900000,0x000000481ea00000) (1024K)]
  0x000001b54b0be8f0 JavaThread "Reference Handler"          daemon [_thread_blocked, id=17288, stack(0x000000481f200000,0x000000481f300000) (1024K)]
  0x000001b54b0bf660 JavaThread "Finalizer"                  daemon [_thread_blocked, id=1776, stack(0x000000481f300000,0x000000481f400000) (1024K)]
  0x000001b54b0c3400 JavaThread "Signal Dispatcher"          daemon [_thread_blocked, id=2452, stack(0x000000481f400000,0x000000481f500000) (1024K)]
  0x000001b54b0c3e60 JavaThread "Attach Listener"            daemon [_thread_blocked, id=24900, stack(0x000000481f500000,0x000000481f600000) (1024K)]
  0x000001b54b0c48c0 JavaThread "Service Thread"             daemon [_thread_blocked, id=21520, stack(0x000000481f600000,0x000000481f700000) (1024K)]
  0x000001b54b0c5320 JavaThread "Monitor Deflation Thread"   daemon [_thread_blocked, id=13368, stack(0x000000481f700000,0x000000481f800000) (1024K)]
=>0x000001b54b0ca420 JavaThread "C2 CompilerThread0"         daemon [_thread_in_native, id=31128, stack(0x000000481f800000,0x000000481f900000) (1024K)]
  0x000001b54b0cc330 JavaThread "C1 CompilerThread0"         daemon [_thread_blocked, id=26632, stack(0x000000481f900000,0x000000481fa00000) (1024K)]
  0x000001b54b245560 JavaThread "Notification Thread"        daemon [_thread_blocked, id=20508, stack(0x000000481fa00000,0x000000481fb00000) (1024K)]
  0x000001b54b24c410 JavaThread "Common-Cleaner"             daemon [_thread_blocked, id=26400, stack(0x000000481fb00000,0x000000481fc00000) (1024K)]
Total: 11

Other Threads:
  0x000001b54b0a1530 VMThread "VM Thread"                           [id=32592, stack(0x000000481f100000,0x000000481f200000) (1024K)]
  0x000001b54b08a0f0 WatcherThread "VM Periodic Task Thread"        [id=32580, stack(0x000000481f000000,0x000000481f100000) (1024K)]
  0x000001b52c7ada30 WorkerThread "GC Thread#0"                     [id=31668, stack(0x000000481eb00000,0x000000481ec00000) (1024K)]
  0x000001b5910070f0 WorkerThread "GC Thread#1"                     [id=39796, stack(0x000000481fc00000,0x000000481fd00000) (1024K)]
  0x000001b5910074a0 WorkerThread "GC Thread#2"                     [id=39800, stack(0x000000481fd00000,0x000000481fe00000) (1024K)]
  0x000001b591007850 WorkerThread "GC Thread#3"                     [id=39804, stack(0x000000481fe00000,0x000000481ff00000) (1024K)]
  0x000001b5910379d0 WorkerThread "GC Thread#4"                     [id=39808, stack(0x000000481ff00000,0x0000004820000000) (1024K)]
  0x000001b54bca2fe0 WorkerThread "GC Thread#5"                     [id=38732, stack(0x0000004820000000,0x0000004820100000) (1024K)]
  0x000001b54bca3390 WorkerThread "GC Thread#6"                     [id=28528, stack(0x0000004820100000,0x0000004820200000) (1024K)]
  0x000001b54bca3740 WorkerThread "GC Thread#7"                     [id=3212, stack(0x0000004820200000,0x0000004820300000) (1024K)]
  0x000001b591030020 WorkerThread "GC Thread#8"                     [id=29540, stack(0x0000004820300000,0x0000004820400000) (1024K)]
  0x000001b54ba918f0 WorkerThread "GC Thread#9"                     [id=42124, stack(0x0000004820400000,0x0000004820500000) (1024K)]
  0x000001b52c7bc430 ConcurrentGCThread "G1 Main Marker"            [id=31672, stack(0x000000481ec00000,0x000000481ed00000) (1024K)]
  0x000001b52c7bcff0 WorkerThread "G1 Conc#0"                       [id=31676, stack(0x000000481ed00000,0x000000481ee00000) (1024K)]
  0x000001b52c80e8a0 ConcurrentGCThread "G1 Refine#0"               [id=31692, stack(0x000000481ee00000,0x000000481ef00000) (1024K)]
  0x000001b54af5cae0 ConcurrentGCThread "G1 Service"                [id=31696, stack(0x000000481ef00000,0x000000481f000000) (1024K)]
Total: 16

Threads with active compile tasks:
C2 CompilerThread0  52398 2651   !   4       java.net.URL::<init> (543 bytes)
Total: 1

VM state: not at safepoint (normal execution)

VM Mutex/Monitor currently owned by a thread: None

Heap address: 0x0000000724e00000, size: 3506 MB, Compressed Oops mode: Zero based, Oop shift amount: 3

CDS archive(s) mapped at: [0x000001b54c000000-0x000001b54cc60000-0x000001b54cc60000), size 12976128, SharedBaseAddress: 0x000001b54c000000, ArchiveRelocationMode: 1.
Compressed class space mapped at: 0x000001b54d000000-0x000001b58d000000, reserved size: 1073741824
Narrow klass base: 0x000001b54c000000, Narrow klass shift: 0, Narrow klass range: 0x41000000

GC Precious Log:
 CardTable entry size: 512
 Card Set container configuration: InlinePtr #cards 4 size 8 Array Of Cards #cards 16 size 48 Howl #buckets 8 coarsen threshold 3686 Howl Bitmap #cards 512 size 80 coarsen threshold 460 Card regions per heap region 1 cards per card region 4096
 CPUs: 12 total, 12 available
 Memory: 14020M
 Large Page Support: Disabled
 NUMA Support: Disabled
 Compressed Oops: Enabled (Zero based)
 Heap Region Size: 2M
 Heap Min Capacity: 8M
 Heap Initial Capacity: 220M
 Heap Max Capacity: 3506M
 Pre-touch: Disabled
 Parallel Workers: 10
 Concurrent Workers: 3
 Concurrent Refinement Workers: 10
 Periodic GC: Disabled

Heap:
 garbage-first heap   total reserved 3590144K, committed 225280K, used 20209K [0x0000000724e00000, 0x0000000800000000)
  region size 2048K, 10 young (20480K), 2 survivors (4096K)
 Metaspace       used 13240K, committed 13440K, reserved 1114112K
  class space    used 1622K, committed 1728K, reserved 1048576K

Heap Regions: E=young(eden), S=young(survivor), O=old, HS=humongous(starts), HC=humongous(continues), CS=collection set, F=free, TAMS=top-at-mark-start, PB=parsable bottom
|   0|0x0000000724e00000, 0x0000000725000000, 0x0000000725000000|100%| O|  |TAMS 0x0000000724e00000| PB 0x0000000724e00000| Untracked |  0
|   1|0x0000000725000000, 0x00000007251996f0, 0x0000000725200000| 79%| O|  |TAMS 0x0000000725000000| PB 0x0000000725000000| Untracked |  0
|   2|0x0000000725200000, 0x0000000725200000, 0x0000000725400000|  0%| F|  |TAMS 0x0000000725200000| PB 0x0000000725200000| Untracked |  0
|   3|0x0000000725400000, 0x0000000725400000, 0x0000000725600000|  0%| F|  |TAMS 0x0000000725400000| PB 0x0000000725400000| Untracked |  0
|   4|0x0000000725600000, 0x0000000725600000, 0x0000000725800000|  0%| F|  |TAMS 0x0000000725600000| PB 0x0000000725600000| Untracked |  0
|   5|0x0000000725800000, 0x0000000725800000, 0x0000000725a00000|  0%| F|  |TAMS 0x0000000725800000| PB 0x0000000725800000| Untracked |  0
|   6|0x0000000725a00000, 0x0000000725a00000, 0x0000000725c00000|  0%| F|  |TAMS 0x0000000725a00000| PB 0x0000000725a00000| Untracked |  0
|   7|0x0000000725c00000, 0x0000000725c00000, 0x0000000725e00000|  0%| F|  |TAMS 0x0000000725c00000| PB 0x0000000725c00000| Untracked |  0
|   8|0x0000000725e00000, 0x0000000725e00000, 0x0000000726000000|  0%| F|  |TAMS 0x0000000725e00000| PB 0x0000000725e00000| Untracked |  0
|   9|0x0000000726000000, 0x0000000726000000, 0x0000000726200000|  0%| F|  |TAMS 0x0000000726000000| PB 0x0000000726000000| Untracked |  0
|  10|0x0000000726200000, 0x0000000726200000, 0x0000000726400000|  0%| F|  |TAMS 0x0000000726200000| PB 0x0000000726200000| Untracked |  0
|  11|0x0000000726400000, 0x0000000726400000, 0x0000000726600000|  0%| F|  |TAMS 0x0000000726400000| PB 0x0000000726400000| Untracked |  0
|  12|0x0000000726600000, 0x0000000726600000, 0x0000000726800000|  0%| F|  |TAMS 0x0000000726600000| PB 0x0000000726600000| Untracked |  0
|  13|0x0000000726800000, 0x0000000726800000, 0x0000000726a00000|  0%| F|  |TAMS 0x0000000726800000| PB 0x0000000726800000| Untracked |  0
|  14|0x0000000726a00000, 0x0000000726a00000, 0x0000000726c00000|  0%| F|  |TAMS 0x0000000726a00000| PB 0x0000000726a00000| Untracked |  0
|  15|0x0000000726c00000, 0x0000000726c00000, 0x0000000726e00000|  0%| F|  |TAMS 0x0000000726c00000| PB 0x0000000726c00000| Untracked |  0
|  16|0x0000000726e00000, 0x0000000726e00000, 0x0000000727000000|  0%| F|  |TAMS 0x0000000726e00000| PB 0x0000000726e00000| Untracked |  0
|  17|0x0000000727000000, 0x0000000727000000, 0x0000000727200000|  0%| F|  |TAMS 0x0000000727000000| PB 0x0000000727000000| Untracked |  0
|  18|0x0000000727200000, 0x0000000727200000, 0x0000000727400000|  0%| F|  |TAMS 0x0000000727200000| PB 0x0000000727200000| Untracked |  0
|  19|0x0000000727400000, 0x0000000727400000, 0x0000000727600000|  0%| F|  |TAMS 0x0000000727400000| PB 0x0000000727400000| Untracked |  0
|  20|0x0000000727600000, 0x0000000727600000, 0x0000000727800000|  0%| F|  |TAMS 0x0000000727600000| PB 0x0000000727600000| Untracked |  0
|  21|0x0000000727800000, 0x0000000727800000, 0x0000000727a00000|  0%| F|  |TAMS 0x0000000727800000| PB 0x0000000727800000| Untracked |  0
|  22|0x0000000727a00000, 0x0000000727a00000, 0x0000000727c00000|  0%| F|  |TAMS 0x0000000727a00000| PB 0x0000000727a00000| Untracked |  0
|  23|0x0000000727c00000, 0x0000000727c00000, 0x0000000727e00000|  0%| F|  |TAMS 0x0000000727c00000| PB 0x0000000727c00000| Untracked |  0
|  24|0x0000000727e00000, 0x0000000727e00000, 0x0000000728000000|  0%| F|  |TAMS 0x0000000727e00000| PB 0x0000000727e00000| Untracked |  0
|  25|0x0000000728000000, 0x0000000728000000, 0x0000000728200000|  0%| F|  |TAMS 0x0000000728000000| PB 0x0000000728000000| Untracked |  0
|  26|0x0000000728200000, 0x0000000728200000, 0x0000000728400000|  0%| F|  |TAMS 0x0000000728200000| PB 0x0000000728200000| Untracked |  0
|  27|0x0000000728400000, 0x0000000728400000, 0x0000000728600000|  0%| F|  |TAMS 0x0000000728400000| PB 0x0000000728400000| Untracked |  0
|  28|0x0000000728600000, 0x0000000728600000, 0x0000000728800000|  0%| F|  |TAMS 0x0000000728600000| PB 0x0000000728600000| Untracked |  0
|  29|0x0000000728800000, 0x0000000728800000, 0x0000000728a00000|  0%| F|  |TAMS 0x0000000728800000| PB 0x0000000728800000| Untracked |  0
|  30|0x0000000728a00000, 0x0000000728a00000, 0x0000000728c00000|  0%| F|  |TAMS 0x0000000728a00000| PB 0x0000000728a00000| Untracked |  0
|  31|0x0000000728c00000, 0x0000000728c00000, 0x0000000728e00000|  0%| F|  |TAMS 0x0000000728c00000| PB 0x0000000728c00000| Untracked |  0
|  32|0x0000000728e00000, 0x0000000728e00000, 0x0000000729000000|  0%| F|  |TAMS 0x0000000728e00000| PB 0x0000000728e00000| Untracked |  0
|  33|0x0000000729000000, 0x0000000729000000, 0x0000000729200000|  0%| F|  |TAMS 0x0000000729000000| PB 0x0000000729000000| Untracked |  0
|  34|0x0000000729200000, 0x0000000729200000, 0x0000000729400000|  0%| F|  |TAMS 0x0000000729200000| PB 0x0000000729200000| Untracked |  0
|  35|0x0000000729400000, 0x0000000729400000, 0x0000000729600000|  0%| F|  |TAMS 0x0000000729400000| PB 0x0000000729400000| Untracked |  0
|  36|0x0000000729600000, 0x0000000729600000, 0x0000000729800000|  0%| F|  |TAMS 0x0000000729600000| PB 0x0000000729600000| Untracked |  0
|  37|0x0000000729800000, 0x0000000729800000, 0x0000000729a00000|  0%| F|  |TAMS 0x0000000729800000| PB 0x0000000729800000| Untracked |  0
|  38|0x0000000729a00000, 0x0000000729a00000, 0x0000000729c00000|  0%| F|  |TAMS 0x0000000729a00000| PB 0x0000000729a00000| Untracked |  0
|  39|0x0000000729c00000, 0x0000000729c00000, 0x0000000729e00000|  0%| F|  |TAMS 0x0000000729c00000| PB 0x0000000729c00000| Untracked |  0
|  40|0x0000000729e00000, 0x0000000729e00000, 0x000000072a000000|  0%| F|  |TAMS 0x0000000729e00000| PB 0x0000000729e00000| Untracked |  0
|  41|0x000000072a000000, 0x000000072a000000, 0x000000072a200000|  0%| F|  |TAMS 0x000000072a000000| PB 0x000000072a000000| Untracked |  0
|  42|0x000000072a200000, 0x000000072a200000, 0x000000072a400000|  0%| F|  |TAMS 0x000000072a200000| PB 0x000000072a200000| Untracked |  0
|  43|0x000000072a400000, 0x000000072a400000, 0x000000072a600000|  0%| F|  |TAMS 0x000000072a400000| PB 0x000000072a400000| Untracked |  0
|  44|0x000000072a600000, 0x000000072a600000, 0x000000072a800000|  0%| F|  |TAMS 0x000000072a600000| PB 0x000000072a600000| Untracked |  0
|  45|0x000000072a800000, 0x000000072a800000, 0x000000072aa00000|  0%| F|  |TAMS 0x000000072a800000| PB 0x000000072a800000| Untracked |  0
|  46|0x000000072aa00000, 0x000000072aa00000, 0x000000072ac00000|  0%| F|  |TAMS 0x000000072aa00000| PB 0x000000072aa00000| Untracked |  0
|  47|0x000000072ac00000, 0x000000072ac00000, 0x000000072ae00000|  0%| F|  |TAMS 0x000000072ac00000| PB 0x000000072ac00000| Untracked |  0
|  48|0x000000072ae00000, 0x000000072ae00000, 0x000000072b000000|  0%| F|  |TAMS 0x000000072ae00000| PB 0x000000072ae00000| Untracked |  0
|  49|0x000000072b000000, 0x000000072b000000, 0x000000072b200000|  0%| F|  |TAMS 0x000000072b000000| PB 0x000000072b000000| Untracked |  0
|  50|0x000000072b200000, 0x000000072b200000, 0x000000072b400000|  0%| F|  |TAMS 0x000000072b200000| PB 0x000000072b200000| Untracked |  0
|  51|0x000000072b400000, 0x000000072b400000, 0x000000072b600000|  0%| F|  |TAMS 0x000000072b400000| PB 0x000000072b400000| Untracked |  0
|  52|0x000000072b600000, 0x000000072b600000, 0x000000072b800000|  0%| F|  |TAMS 0x000000072b600000| PB 0x000000072b600000| Untracked |  0
|  53|0x000000072b800000, 0x000000072b800000, 0x000000072ba00000|  0%| F|  |TAMS 0x000000072b800000| PB 0x000000072b800000| Untracked |  0
|  54|0x000000072ba00000, 0x000000072ba00000, 0x000000072bc00000|  0%| F|  |TAMS 0x000000072ba00000| PB 0x000000072ba00000| Untracked |  0
|  55|0x000000072bc00000, 0x000000072bc00000, 0x000000072be00000|  0%| F|  |TAMS 0x000000072bc00000| PB 0x000000072bc00000| Untracked |  0
|  56|0x000000072be00000, 0x000000072be00000, 0x000000072c000000|  0%| F|  |TAMS 0x000000072be00000| PB 0x000000072be00000| Untracked |  0
|  57|0x000000072c000000, 0x000000072c000000, 0x000000072c200000|  0%| F|  |TAMS 0x000000072c000000| PB 0x000000072c000000| Untracked |  0
|  58|0x000000072c200000, 0x000000072c200000, 0x000000072c400000|  0%| F|  |TAMS 0x000000072c200000| PB 0x000000072c200000| Untracked |  0
|  59|0x000000072c400000, 0x000000072c400000, 0x000000072c600000|  0%| F|  |TAMS 0x000000072c400000| PB 0x000000072c400000| Untracked |  0
|  60|0x000000072c600000, 0x000000072c600000, 0x000000072c800000|  0%| F|  |TAMS 0x000000072c600000| PB 0x000000072c600000| Untracked |  0
|  61|0x000000072c800000, 0x000000072c800000, 0x000000072ca00000|  0%| F|  |TAMS 0x000000072c800000| PB 0x000000072c800000| Untracked |  0
|  62|0x000000072ca00000, 0x000000072ca00000, 0x000000072cc00000|  0%| F|  |TAMS 0x000000072ca00000| PB 0x000000072ca00000| Untracked |  0
|  63|0x000000072cc00000, 0x000000072cc00000, 0x000000072ce00000|  0%| F|  |TAMS 0x000000072cc00000| PB 0x000000072cc00000| Untracked |  0
|  64|0x000000072ce00000, 0x000000072ce00000, 0x000000072d000000|  0%| F|  |TAMS 0x000000072ce00000| PB 0x000000072ce00000| Untracked |  0
|  65|0x000000072d000000, 0x000000072d000000, 0x000000072d200000|  0%| F|  |TAMS 0x000000072d000000| PB 0x000000072d000000| Untracked |  0
|  66|0x000000072d200000, 0x000000072d200000, 0x000000072d400000|  0%| F|  |TAMS 0x000000072d200000| PB 0x000000072d200000| Untracked |  0
|  67|0x000000072d400000, 0x000000072d400000, 0x000000072d600000|  0%| F|  |TAMS 0x000000072d400000| PB 0x000000072d400000| Untracked |  0
|  68|0x000000072d600000, 0x000000072d600000, 0x000000072d800000|  0%| F|  |TAMS 0x000000072d600000| PB 0x000000072d600000| Untracked |  0
|  69|0x000000072d800000, 0x000000072d800000, 0x000000072da00000|  0%| F|  |TAMS 0x000000072d800000| PB 0x000000072d800000| Untracked |  0
|  70|0x000000072da00000, 0x000000072da00000, 0x000000072dc00000|  0%| F|  |TAMS 0x000000072da00000| PB 0x000000072da00000| Untracked |  0
|  71|0x000000072dc00000, 0x000000072dc00000, 0x000000072de00000|  0%| F|  |TAMS 0x000000072dc00000| PB 0x000000072dc00000| Untracked |  0
|  72|0x000000072de00000, 0x000000072de00000, 0x000000072e000000|  0%| F|  |TAMS 0x000000072de00000| PB 0x000000072de00000| Untracked |  0
|  73|0x000000072e000000, 0x000000072e000000, 0x000000072e200000|  0%| F|  |TAMS 0x000000072e000000| PB 0x000000072e000000| Untracked |  0
|  74|0x000000072e200000, 0x000000072e200000, 0x000000072e400000|  0%| F|  |TAMS 0x000000072e200000| PB 0x000000072e200000| Untracked |  0
|  75|0x000000072e400000, 0x000000072e400000, 0x000000072e600000|  0%| F|  |TAMS 0x000000072e400000| PB 0x000000072e400000| Untracked |  0
|  76|0x000000072e600000, 0x000000072e600000, 0x000000072e800000|  0%| F|  |TAMS 0x000000072e600000| PB 0x000000072e600000| Untracked |  0
|  77|0x000000072e800000, 0x000000072e800000, 0x000000072ea00000|  0%| F|  |TAMS 0x000000072e800000| PB 0x000000072e800000| Untracked |  0
|  78|0x000000072ea00000, 0x000000072ea00000, 0x000000072ec00000|  0%| F|  |TAMS 0x000000072ea00000| PB 0x000000072ea00000| Untracked |  0
|  79|0x000000072ec00000, 0x000000072ec00000, 0x000000072ee00000|  0%| F|  |TAMS 0x000000072ec00000| PB 0x000000072ec00000| Untracked |  0
|  80|0x000000072ee00000, 0x000000072ee00000, 0x000000072f000000|  0%| F|  |TAMS 0x000000072ee00000| PB 0x000000072ee00000| Untracked |  0
|  81|0x000000072f000000, 0x000000072f000000, 0x000000072f200000|  0%| F|  |TAMS 0x000000072f000000| PB 0x000000072f000000| Untracked |  0
|  82|0x000000072f200000, 0x000000072f200000, 0x000000072f400000|  0%| F|  |TAMS 0x000000072f200000| PB 0x000000072f200000| Untracked |  0
|  83|0x000000072f400000, 0x000000072f400000, 0x000000072f600000|  0%| F|  |TAMS 0x000000072f400000| PB 0x000000072f400000| Untracked |  0
|  84|0x000000072f600000, 0x000000072f600000, 0x000000072f800000|  0%| F|  |TAMS 0x000000072f600000| PB 0x000000072f600000| Untracked |  0
|  85|0x000000072f800000, 0x000000072f800000, 0x000000072fa00000|  0%| F|  |TAMS 0x000000072f800000| PB 0x000000072f800000| Untracked |  0
|  86|0x000000072fa00000, 0x000000072fa00000, 0x000000072fc00000|  0%| F|  |TAMS 0x000000072fa00000| PB 0x000000072fa00000| Untracked |  0
|  87|0x000000072fc00000, 0x000000072fc00000, 0x000000072fe00000|  0%| F|  |TAMS 0x000000072fc00000| PB 0x000000072fc00000| Untracked |  0
|  88|0x000000072fe00000, 0x000000072fe00000, 0x0000000730000000|  0%| F|  |TAMS 0x000000072fe00000| PB 0x000000072fe00000| Untracked |  0
|  89|0x0000000730000000, 0x0000000730000000, 0x0000000730200000|  0%| F|  |TAMS 0x0000000730000000| PB 0x0000000730000000| Untracked |  0
|  90|0x0000000730200000, 0x0000000730222ed8, 0x0000000730400000|  6%| S|CS|TAMS 0x0000000730200000| PB 0x0000000730200000| Complete |  0
|  91|0x0000000730400000, 0x0000000730600000, 0x0000000730600000|100%| S|CS|TAMS 0x0000000730400000| PB 0x0000000730400000| Complete |  0
|  92|0x0000000730600000, 0x0000000730600000, 0x0000000730800000|  0%| F|  |TAMS 0x0000000730600000| PB 0x0000000730600000| Untracked |  0
|  93|0x0000000730800000, 0x0000000730800000, 0x0000000730a00000|  0%| F|  |TAMS 0x0000000730800000| PB 0x0000000730800000| Untracked |  0
|  94|0x0000000730a00000, 0x0000000730a00000, 0x0000000730c00000|  0%| F|  |TAMS 0x0000000730a00000| PB 0x0000000730a00000| Untracked |  0
|  95|0x0000000730c00000, 0x0000000730c00000, 0x0000000730e00000|  0%| F|  |TAMS 0x0000000730c00000| PB 0x0000000730c00000| Untracked |  0
|  96|0x0000000730e00000, 0x0000000730e00000, 0x0000000731000000|  0%| F|  |TAMS 0x0000000730e00000| PB 0x0000000730e00000| Untracked |  0
|  97|0x0000000731000000, 0x0000000731000000, 0x0000000731200000|  0%| F|  |TAMS 0x0000000731000000| PB 0x0000000731000000| Untracked |  0
|  98|0x0000000731200000, 0x0000000731200000, 0x0000000731400000|  0%| F|  |TAMS 0x0000000731200000| PB 0x0000000731200000| Untracked |  0
|  99|0x0000000731400000, 0x0000000731400000, 0x0000000731600000|  0%| F|  |TAMS 0x0000000731400000| PB 0x0000000731400000| Untracked |  0
| 100|0x0000000731600000, 0x0000000731600000, 0x0000000731800000|  0%| F|  |TAMS 0x0000000731600000| PB 0x0000000731600000| Untracked |  0
| 101|0x0000000731800000, 0x0000000731800000, 0x0000000731a00000|  0%| F|  |TAMS 0x0000000731800000| PB 0x0000000731800000| Untracked |  0
| 102|0x0000000731a00000, 0x0000000731b3c8f0, 0x0000000731c00000| 61%| E|  |TAMS 0x0000000731a00000| PB 0x0000000731a00000| Complete |  2
| 103|0x0000000731c00000, 0x0000000731e00000, 0x0000000731e00000|100%| E|CS|TAMS 0x0000000731c00000| PB 0x0000000731c00000| Complete |  0
| 104|0x0000000731e00000, 0x0000000732000000, 0x0000000732000000|100%| E|CS|TAMS 0x0000000731e00000| PB 0x0000000731e00000| Complete |  0
| 105|0x0000000732000000, 0x0000000732200000, 0x0000000732200000|100%| E|CS|TAMS 0x0000000732000000| PB 0x0000000732000000| Complete |  0
| 106|0x0000000732200000, 0x0000000732400000, 0x0000000732400000|100%| E|CS|TAMS 0x0000000732200000| PB 0x0000000732200000| Complete |  0
| 107|0x0000000732400000, 0x0000000732600000, 0x0000000732600000|100%| E|CS|TAMS 0x0000000732400000| PB 0x0000000732400000| Complete |  0
| 108|0x0000000732600000, 0x0000000732800000, 0x0000000732800000|100%| E|CS|TAMS 0x0000000732600000| PB 0x0000000732600000| Complete |  0
| 109|0x0000000732800000, 0x0000000732a00000, 0x0000000732a00000|100%| E|CS|TAMS 0x0000000732800000| PB 0x0000000732800000| Complete |  0

Card table byte_map: [0x000001b5446c0000,0x000001b544da0000] _byte_map_base: 0x000001b540d99000

Marking Bits: (CMBitMap*) 0x000001b52c7ae040
 Bits: [0x000001b544da0000, 0x000001b548468000)

Polling page: 0x000001b52a680000

Metaspace:

Usage:
  Non-class:     11.35 MB used.
      Class:      1.58 MB used.
       Both:     12.93 MB used.

Virtual space:
  Non-class space:       64.00 MB reserved,      11.44 MB ( 18%) committed,  1 nodes.
      Class space:        1.00 GB reserved,       1.69 MB ( <1%) committed,  1 nodes.
             Both:        1.06 GB reserved,      13.12 MB (  1%) committed. 

Chunk freelists:
   Non-Class:  3.75 MB
       Class:  14.14 MB
        Both:  17.89 MB

MaxMetaspaceSize: unlimited
CompressedClassSpaceSize: 1.00 GB
Initial GC threshold: 21.00 MB
Current GC threshold: 21.00 MB
CDS: on
 - commit_granule_bytes: 65536.
 - commit_granule_words: 8192.
 - virtual_space_node_default_size: 8388608.
 - enlarge_chunks_in_place: 1.
 - use_allocation_guard: 0.


Internal statistics:

num_allocs_failed_limit: 0.
num_arena_births: 132.
num_arena_deaths: 0.
num_vsnodes_births: 2.
num_vsnodes_deaths: 0.
num_space_committed: 210.
num_space_uncommitted: 0.
num_chunks_returned_to_freelist: 0.
num_chunks_taken_from_freelist: 561.
num_chunk_merges: 0.
num_chunk_splits: 386.
num_chunks_enlarged: 326.
num_inconsistent_stats: 0.

CodeHeap 'non-profiled nmethods': size=120000Kb used=929Kb max_used=929Kb free=119070Kb
 bounds [0x000001b53c560000, 0x000001b53c7d0000, 0x000001b543a90000]
CodeHeap 'profiled nmethods': size=120000Kb used=5146Kb max_used=5146Kb free=114853Kb
 bounds [0x000001b534a90000, 0x000001b534fa0000, 0x000001b53bfc0000]
CodeHeap 'non-nmethods': size=5760Kb used=1389Kb max_used=1403Kb free=4370Kb
 bounds [0x000001b53bfc0000, 0x000001b53c230000, 0x000001b53c560000]
 total_blobs=3128 nmethods=2645 adapters=387
 compilation: enabled
              stopped_count=0, restarted_count=0
 full_count=0

Compilation events (20 events):
Event: 52.086 Thread 0x000001b54b0cc330 nmethod 2641 0x000001b534f93b90 code [0x000001b534f93d40, 0x000001b534f93f98]
Event: 52.119 Thread 0x000001b54b0cc330 2642       3       java.lang.invoke.DirectMethodHandle$Holder::putReference (29 bytes)
Event: 52.119 Thread 0x000001b54b0cc330 nmethod 2642 0x000001b534f94090 code [0x000001b534f94260, 0x000001b534f948b8]
Event: 52.119 Thread 0x000001b54b0cc330 2643       1       org.apache.commons.cli.Option::getLongOpt (5 bytes)
Event: 52.119 Thread 0x000001b54b0cc330 nmethod 2643 0x000001b53c647c10 code [0x000001b53c647da0, 0x000001b53c647e70]
Event: 52.125 Thread 0x000001b54b0cc330 2644       3       java.util.concurrent.ConcurrentHashMap$EntryIterator::next (5 bytes)
Event: 52.125 Thread 0x000001b54b0cc330 nmethod 2644 0x000001b534f94a90 code [0x000001b534f94c40, 0x000001b534f94d78]
Event: 52.125 Thread 0x000001b54b0cc330 2645       3       java.util.concurrent.ConcurrentHashMap$EntryIterator::next (51 bytes)
Event: 52.125 Thread 0x000001b54b0cc330 nmethod 2645 0x000001b534f94e10 code [0x000001b534f95000, 0x000001b534f95548]
Event: 52.183 Thread 0x000001b54b0cc330 2646       3       java.lang.String::toCharArray (25 bytes)
Event: 52.183 Thread 0x000001b54b0cc330 nmethod 2646 0x000001b534f95710 code [0x000001b534f958e0, 0x000001b534f95b88]
Event: 52.183 Thread 0x000001b54b0cc330 2647       3       java.lang.StringLatin1::toChars (16 bytes)
Event: 52.183 Thread 0x000001b54b0cc330 nmethod 2647 0x000001b534f95c90 code [0x000001b534f95e40, 0x000001b534f96020]
Event: 52.188 Thread 0x000001b54b0ca420 2648       4       java.lang.Character::isHighSurrogate (18 bytes)
Event: 52.188 Thread 0x000001b54b0ca420 nmethod 2648 0x000001b53c647f10 code [0x000001b53c648080, 0x000001b53c648108]
Event: 52.196 Thread 0x000001b54b0ca420 2649       4       org.codehaus.plexus.util.xml.pull.MXParser::isValidCodePoint (64 bytes)
Event: 52.197 Thread 0x000001b54b0ca420 nmethod 2649 0x000001b53c648210 code [0x000001b53c6483a0, 0x000001b53c648468]
Event: 52.204 Thread 0x000001b54b0cc330 2650       3       java.util.HashSet::<init> (16 bytes)
Event: 52.204 Thread 0x000001b54b0cc330 nmethod 2650 0x000001b534f96110 code [0x000001b534f962e0, 0x000001b534f966f0]
Event: 52.217 Thread 0x000001b54b0ca420 2651   !   4       java.net.URL::<init> (543 bytes)

GC Heap History (4 events):
Event: 27.557 GC heap before
{Heap before GC invocations=0 (full 0):
 garbage-first heap   total reserved 3590144K, committed 225280K, used 24576K [0x0000000724e00000, 0x0000000800000000)
  region size 2048K, 12 young (24576K), 0 survivors (0K)
 Metaspace       used 5718K, committed 5888K, reserved 1114112K
  class space    used 673K, committed 768K, reserved 1048576K
}
Event: 28.051 GC heap after
{Heap after GC invocations=1 (full 0):
 garbage-first heap   total reserved 3590144K, committed 225280K, used 3984K [0x0000000724e00000, 0x0000000800000000)
  region size 2048K, 2 young (4096K), 2 survivors (4096K)
 Metaspace       used 5718K, committed 5888K, reserved 1114112K
  class space    used 673K, committed 768K, reserved 1048576K
}
Event: 41.066 GC heap before
{Heap before GC invocations=1 (full 0):
 garbage-first heap   total reserved 3590144K, committed 225280K, used 36752K [0x0000000724e00000, 0x0000000800000000)
  region size 2048K, 18 young (36864K), 2 survivors (4096K)
 Metaspace       used 10612K, committed 10752K, reserved 1114112K
  class space    used 1290K, committed 1344K, reserved 1048576K
}
Event: 41.089 GC heap after
{Heap after GC invocations=2 (full 0):
 garbage-first heap   total reserved 3590144K, committed 225280K, used 5873K [0x0000000724e00000, 0x0000000800000000)
  region size 2048K, 2 young (4096K), 2 survivors (4096K)
 Metaspace       used 10612K, committed 10752K, reserved 1114112K
  class space    used 1290K, committed 1344K, reserved 1048576K
}

Dll operation events (8 events):
Event: 1.930 Loaded shared library C:\Program Files\Java\jdk-22\bin\java.dll
Event: 4.880 Loaded shared library C:\Program Files\Java\jdk-22\bin\net.dll
Event: 4.893 Loaded shared library C:\Program Files\Java\jdk-22\bin\nio.dll
Event: 4.895 Loaded shared library C:\Program Files\Java\jdk-22\bin\jsvml.dll
Event: 4.905 Loaded shared library C:\Program Files\Java\jdk-22\bin\zip.dll
Event: 22.438 Loaded shared library C:\Program Files\Java\jdk-22\bin\jimage.dll
Event: 22.466 Loaded shared library C:\Program Files\NetBeans-21\netbeans\java\maven\lib\jansi-native\Windows\x86_64\jansi.dll
Event: 22.638 Loaded shared library C:\Program Files\Java\jdk-22\bin\verify.dll

Deoptimization events (20 events):
Event: 51.846 Thread 0x000001b52a4ff690 Uncommon trap: trap_request=0xffffff45 fr.pc=0x000001b53c613b2c relative=0x000000000000188c
Event: 51.846 Thread 0x000001b52a4ff690 Uncommon trap: reason=unstable_if action=reinterpret pc=0x000001b53c613b2c method=jdk.internal.org.objectweb.asm.Frame.execute(IILjdk/internal/org/objectweb/asm/Symbol;Ljdk/internal/org/objectweb/asm/SymbolTable;)V @ 1 c2
Event: 51.846 Thread 0x000001b52a4ff690 DEOPT PACKING pc=0x000001b53c613b2c sp=0x000000481e9f9590
Event: 51.846 Thread 0x000001b52a4ff690 DEOPT UNPACKING pc=0x000001b53c0146a2 sp=0x000000481e9f94f8 mode 2
Event: 52.025 Thread 0x000001b52a4ff690 Uncommon trap: trap_request=0xffffff45 fr.pc=0x000001b53c642ff0 relative=0x0000000000000af0
Event: 52.025 Thread 0x000001b52a4ff690 Uncommon trap: reason=unstable_if action=reinterpret pc=0x000001b53c642ff0 method=org.eclipse.sisu.inject.InjectorBindings.isAssignableFrom(Lcom/google/inject/TypeLiteral;Lcom/google/inject/Binding;)Z @ 15 c2
Event: 52.025 Thread 0x000001b52a4ff690 DEOPT PACKING pc=0x000001b53c642ff0 sp=0x000000481e9fd8d0
Event: 52.025 Thread 0x000001b52a4ff690 DEOPT UNPACKING pc=0x000001b53c0146a2 sp=0x000000481e9fd8a0 mode 2
Event: 52.204 Thread 0x000001b52a4ff690 Uncommon trap: trap_request=0xffffff45 fr.pc=0x000001b53c5b1f2c relative=0x0000000000001f0c
Event: 52.205 Thread 0x000001b52a4ff690 Uncommon trap: reason=unstable_if action=reinterpret pc=0x000001b53c5b1f2c method=sun.nio.cs.StreamDecoder.implRead([CII)I @ 36 c2
Event: 52.205 Thread 0x000001b52a4ff690 DEOPT PACKING pc=0x000001b53c5b1f2c sp=0x000000481e9fe340
Event: 52.205 Thread 0x000001b52a4ff690 DEOPT UNPACKING pc=0x000001b53c0146a2 sp=0x000000481e9fe208 mode 2
Event: 52.205 Thread 0x000001b52a4ff690 Uncommon trap: trap_request=0xffffff45 fr.pc=0x000001b53c5b6ab8 relative=0x0000000000000c38
Event: 52.205 Thread 0x000001b52a4ff690 Uncommon trap: reason=unstable_if action=reinterpret pc=0x000001b53c5b6ab8 method=sun.nio.cs.StreamDecoder.implRead([CII)I @ 36 c2
Event: 52.205 Thread 0x000001b52a4ff690 DEOPT PACKING pc=0x000001b53c5b6ab8 sp=0x000000481e9fe410
Event: 52.205 Thread 0x000001b52a4ff690 DEOPT UNPACKING pc=0x000001b53c0146a2 sp=0x000000481e9fe358 mode 2
Event: 52.205 Thread 0x000001b52a4ff690 Uncommon trap: trap_request=0x000000e1 fr.pc=0x000001b53c585884 relative=0x00000000000000e4
Event: 52.205 Thread 0x000001b52a4ff690 Uncommon trap: reason=unloaded action=reinterpret pc=0x000001b53c585884 method=org.codehaus.plexus.util.xml.pull.MXParser.more()C @ 22 c2
Event: 52.205 Thread 0x000001b52a4ff690 DEOPT PACKING pc=0x000001b53c585884 sp=0x000000481e9fe640
Event: 52.205 Thread 0x000001b52a4ff690 DEOPT UNPACKING pc=0x000001b53c0146a2 sp=0x000000481e9fe5e0 mode 2

Classes loaded (20 events):
Event: 51.820 Loading class sun/security/provider/DRBG
Event: 51.821 Loading class java/security/SecureRandomSpi
Event: 51.821 Loading class java/security/SecureRandomSpi done
Event: 51.821 Loading class sun/security/provider/DRBG done
Event: 51.822 Loading class java/security/DrbgParameters$Capability
Event: 51.822 Loading class java/security/DrbgParameters$Capability done
Event: 51.822 Loading class sun/security/provider/MoreDrbgParameters
Event: 51.822 Loading class sun/security/provider/MoreDrbgParameters done
Event: 51.822 Loading class java/security/DrbgParameters
Event: 51.823 Loading class java/security/DrbgParameters done
Event: 51.823 Loading class java/security/DrbgParameters$Instantiation
Event: 51.823 Loading class java/security/DrbgParameters$Instantiation done
Event: 51.823 Loading class sun/security/provider/HashDrbg
Event: 51.823 Loading class sun/security/provider/AbstractHashDrbg
Event: 51.824 Loading class sun/security/provider/AbstractDrbg
Event: 51.824 Loading class sun/security/provider/AbstractDrbg done
Event: 51.824 Loading class sun/security/provider/AbstractHashDrbg done
Event: 51.824 Loading class sun/security/provider/HashDrbg done
Event: 51.824 Loading class sun/security/provider/EntropySource
Event: 51.824 Loading class sun/security/provider/EntropySource done

Classes unloaded (0 events):
No events

Classes redefined (0 events):
No events

Internal exceptions (20 events):
Event: 26.295 Thread 0x000001b52a4ff690 Exception <a 'java/lang/NoSuchMethodError'{0x0000000731b03ee0}: 'int java.lang.invoke.DirectMethodHandle$Holder.invokeStatic(java.lang.Object, java.lang.Object, java.lang.Object, java.lang.Object)'> (0x0000000731b03ee0) 
thrown [s\open\src\hotspot\share\interpreter\linkResolver.cpp, line 774]
Event: 26.295 Thread 0x000001b52a4ff690 Exception <a 'java/lang/NoSuchMethodError'{0x0000000731b075a0}: 'java.lang.Object java.lang.invoke.Invokers$Holder.invokeExact_MT(java.lang.Object, java.lang.Object, java.lang.Object, java.lang.Object, java.lang.Object, java.lang.Object)'> (0x0000000731b075a0) 
thrown [s\open\src\hotspot\share\interpreter\linkResolver.cpp, line 774]
Event: 26.298 Thread 0x000001b52a4ff690 Exception <a 'java/lang/NoSuchMethodError'{0x0000000731b16010}: 'int java.lang.invoke.DirectMethodHandle$Holder.invokeSpecialIFC(java.lang.Object, java.lang.Object, java.lang.Object, java.lang.Object, java.lang.Object)'> (0x0000000731b16010) 
thrown [s\open\src\hotspot\share\interpreter\linkResolver.cpp, line 774]
Event: 26.577 Thread 0x000001b52a4ff690 Exception <a 'java/lang/NoSuchMethodError'{0x000000073188cbb0}: 'java.lang.Object java.lang.invoke.DirectMethodHandle$Holder.newInvokeSpecial(java.lang.Object, java.lang.Object, java.lang.Object, java.lang.Object, java.lang.Object)'> (0x000000073188cbb0) 
thrown [s\open\src\hotspot\share\interpreter\linkResolver.cpp, line 774]
Event: 26.742 Thread 0x000001b52a4ff690 Exception <a 'java/lang/NoSuchMethodError'{0x0000000731982560}: 'int java.lang.invoke.DirectMethodHandle$Holder.invokeStaticInit(java.lang.Object, java.lang.Object)'> (0x0000000731982560) 
thrown [s\open\src\hotspot\share\interpreter\linkResolver.cpp, line 774]
Event: 26.753 Thread 0x000001b52a4ff690 Exception <a 'java/lang/NoClassDefFoundError'{0x00000007319b66f8}: javax/enterprise/inject/Typed> (0x00000007319b66f8) 
thrown [s\open\src\hotspot\share\classfile\systemDictionary.cpp, line 302]
Event: 40.954 Thread 0x000001b52a4ff690 Exception <a 'java/lang/NoSuchMethodError'{0x0000000730763490}: 'void java.lang.invoke.DirectMethodHandle$Holder.invokeStaticInit(java.lang.Object, java.lang.Object, java.lang.Object)'> (0x0000000730763490) 
thrown [s\open\src\hotspot\share\interpreter\linkResolver.cpp, line 774]
Event: 40.989 Thread 0x000001b52a4ff690 Exception <a 'java/lang/ExceptionInInitializerError'{0x000000073078b800}> (0x000000073078b800) 
thrown [s\open\src\hotspot\share\oops\instanceKlass.cpp, line 1247]
Event: 41.703 Thread 0x000001b52a4ff690 Exception <a 'java/lang/NoSuchMethodError'{0x00000007328c9ce8}: 'long java.lang.invoke.DirectMethodHandle$Holder.invokeStatic(java.lang.Object, java.lang.Object, int)'> (0x00000007328c9ce8) 
thrown [s\open\src\hotspot\share\interpreter\linkResolver.cpp, line 774]
Event: 41.705 Thread 0x000001b52a4ff690 Exception <a 'java/lang/NoSuchMethodError'{0x00000007328dd468}: 'java.lang.Object java.lang.invoke.DirectMethodHandle$Holder.invokeStatic(java.lang.Object, java.lang.Object, java.lang.Object, java.lang.Object, int)'> (0x00000007328dd468) 
thrown [s\open\src\hotspot\share\interpreter\linkResolver.cpp, line 774]
Event: 41.706 Thread 0x000001b52a4ff690 Exception <a 'java/lang/NoSuchMethodError'{0x00000007328e5620}: 'java.lang.Object java.lang.invoke.DirectMethodHandle$Holder.invokeSpecial(java.lang.Object, java.lang.Object, java.lang.Object, java.lang.Object, long)'> (0x00000007328e5620) 
thrown [s\open\src\hotspot\share\interpreter\linkResolver.cpp, line 774]
Event: 41.728 Thread 0x000001b52a4ff690 Exception <a 'java/lang/NoSuchMethodError'{0x00000007328f13f0}: 'java.lang.Object java.lang.invoke.DirectMethodHandle$Holder.invokeSpecial(java.lang.Object, java.lang.Object, java.lang.Object, int, java.lang.Object)'> (0x00000007328f13f0) 
thrown [s\open\src\hotspot\share\interpreter\linkResolver.cpp, line 774]
Event: 41.790 Thread 0x000001b52a4ff690 Exception <a 'java/lang/NoSuchMethodError'{0x00000007328f9720}: 'int java.lang.invoke.DirectMethodHandle$Holder.invokeSpecial(java.lang.Object, java.lang.Object, java.lang.Object, int)'> (0x00000007328f9720) 
thrown [s\open\src\hotspot\share\interpreter\linkResolver.cpp, line 774]
Event: 42.474 Thread 0x000001b52a4ff690 Implicit null exception at 0x000001b53c5c9ebd to 0x000001b53c5ca0c8
Event: 42.476 Thread 0x000001b52a4ff690 Exception <a 'java/lang/NoSuchMethodError'{0x000000073291dd98}: 'java.lang.Object java.lang.invoke.Invokers$Holder.invokeExact_MT(java.lang.Object, int, java.lang.Object)'> (0x000000073291dd98) 
thrown [s\open\src\hotspot\share\interpreter\linkResolver.cpp, line 774]
Event: 42.496 Thread 0x000001b52a4ff690 Exception <a 'java/lang/NoSuchMethodError'{0x00000007329a7390}: 'void java.lang.invoke.DirectMethodHandle$Holder.invokeStatic(java.lang.Object, java.lang.Object)'> (0x00000007329a7390) 
thrown [s\open\src\hotspot\share\interpreter\linkResolver.cpp, line 774]
Event: 46.467 Thread 0x000001b52a4ff690 Exception <a 'java/lang/NoSuchMethodError'{0x000000073212f960}: 'void java.lang.invoke.Invokers$Holder.invokeExact_MT(java.lang.Object, java.lang.Object, java.lang.Object, java.lang.Object)'> (0x000000073212f960) 
thrown [s\open\src\hotspot\share\interpreter\linkResolver.cpp, line 774]
Event: 47.035 Thread 0x000001b52a4ff690 Exception <a 'java/lang/NoClassDefFoundError'{0x00000007321b91c0}: com/google/inject/servlet/ServletModuleTargetVisitor> (0x00000007321b91c0) 
thrown [s\open\src\hotspot\share\classfile\systemDictionary.cpp, line 302]
Event: 50.949 Thread 0x000001b52a4ff690 Exception <a 'java/lang/NoSuchMethodError'{0x0000000731c75558}: 'void java.lang.invoke.DirectMethodHandle$Holder.invokeVirtual(java.lang.Object, java.lang.Object)'> (0x0000000731c75558) 
thrown [s\open\src\hotspot\share\interpreter\linkResolver.cpp, line 774]
Event: 51.825 Thread 0x000001b52a4ff690 Exception <a 'java/lang/NoSuchMethodError'{0x0000000731d036f8}: 'java.lang.Object java.lang.invoke.DirectMethodHandle$Holder.invokeStaticInit(java.lang.Object, int, int, int, int)'> (0x0000000731d036f8) 
thrown [s\open\src\hotspot\share\interpreter\linkResolver.cpp, line 774]

ZGC Phase Switch (0 events):
No events

VM Operations (20 events):
Event: 45.232 Executing VM operation: Cleanup
Event: 45.419 Executing VM operation: Cleanup done
Event: 45.757 Executing VM operation: HandshakeAllThreads (Deoptimize)
Event: 45.757 Executing VM operation: HandshakeAllThreads (Deoptimize) done
Event: 46.763 Executing VM operation: Cleanup
Event: 46.763 Executing VM operation: Cleanup done
Event: 47.774 Executing VM operation: Cleanup
Event: 47.991 Executing VM operation: Cleanup done
Event: 48.992 Executing VM operation: Cleanup
Event: 49.024 Executing VM operation: Cleanup done
Event: 50.031 Executing VM operation: Cleanup
Event: 50.594 Executing VM operation: Cleanup done
Event: 51.194 Executing VM operation: HandshakeAllThreads (Deoptimize)
Event: 51.194 Executing VM operation: HandshakeAllThreads (Deoptimize) done
Event: 51.845 Executing VM operation: HandshakeAllThreads (Deoptimize)
Event: 51.845 Executing VM operation: HandshakeAllThreads (Deoptimize) done
Event: 51.845 Executing VM operation: Cleanup
Event: 51.845 Executing VM operation: Cleanup done
Event: 52.215 Executing VM operation: HandshakeAllThreads (Deoptimize)
Event: 52.215 Executing VM operation: HandshakeAllThreads (Deoptimize) done

Events (11 events):
Event: 3.443 Thread 0x000001b52a4ff690 Thread added: 0x000001b52a4ff690
Event: 3.966 Thread 0x000001b54b0be8f0 Thread added: 0x000001b54b0be8f0
Event: 3.967 Thread 0x000001b54b0bf660 Thread added: 0x000001b54b0bf660
Event: 3.967 Thread 0x000001b54b0c3400 Thread added: 0x000001b54b0c3400
Event: 3.967 Thread 0x000001b54b0c3e60 Thread added: 0x000001b54b0c3e60
Event: 3.967 Thread 0x000001b54b0c48c0 Thread added: 0x000001b54b0c48c0
Event: 3.967 Thread 0x000001b54b0c5320 Thread added: 0x000001b54b0c5320
Event: 3.968 Thread 0x000001b54b0ca420 Thread added: 0x000001b54b0ca420
Event: 4.140 Thread 0x000001b54b0cc330 Thread added: 0x000001b54b0cc330
Event: 4.379 Thread 0x000001b54b245560 Thread added: 0x000001b54b245560
Event: 4.393 Thread 0x000001b54b24c410 Thread added: 0x000001b54b24c410


Dynamic libraries:
0x00007ff7ed1d0000 - 0x00007ff7ed1e0000 	C:\Program Files\Java\jdk-22\bin\java.exe
0x00007ffc3f9d0000 - 0x00007ffc3fbe7000 	C:\WINDOWS\SYSTEM32\ntdll.dll
0x00007ffc3e920000 - 0x00007ffc3e9e4000 	C:\WINDOWS\System32\KERNEL32.DLL
0x00007ffc3cf80000 - 0x00007ffc3d327000 	C:\WINDOWS\System32\KERNELBASE.dll
0x00007ffc3ce60000 - 0x00007ffc3cf71000 	C:\WINDOWS\System32\ucrtbase.dll
0x00007ffc0f400000 - 0x00007ffc0f417000 	C:\Program Files\Java\jdk-22\bin\jli.dll
0x00007ffc3e9f0000 - 0x00007ffc3eaa2000 	C:\WINDOWS\System32\ADVAPI32.dll
0x00007ffc3eab0000 - 0x00007ffc3eb57000 	C:\WINDOWS\System32\msvcrt.dll
0x00007ffc3dbc0000 - 0x00007ffc3dc68000 	C:\WINDOWS\System32\sechost.dll
0x00007ffc3ce30000 - 0x00007ffc3ce58000 	C:\WINDOWS\System32\bcrypt.dll
0x00007ffc3f650000 - 0x00007ffc3f765000 	C:\WINDOWS\System32\RPCRT4.dll
0x00007ffc3e520000 - 0x00007ffc3e6ce000 	C:\WINDOWS\System32\USER32.dll
0x00007ffc3d4c0000 - 0x00007ffc3d4e6000 	C:\WINDOWS\System32\win32u.dll
0x00007ffc3db70000 - 0x00007ffc3db99000 	C:\WINDOWS\System32\GDI32.dll
0x00007ffc3d3a0000 - 0x00007ffc3d4b9000 	C:\WINDOWS\System32\gdi32full.dll
0x00007ffc3d4f0000 - 0x00007ffc3d58a000 	C:\WINDOWS\System32\msvcp_win.dll
0x00007ffbf78f0000 - 0x00007ffbf790b000 	C:\Program Files\Java\jdk-22\bin\VCRUNTIME140.dll
0x00007ffc10350000 - 0x00007ffc105e3000 	C:\WINDOWS\WinSxS\amd64_microsoft.windows.common-controls_6595b64144ccf1df_6.0.22621.3527_none_270e469b73872a76\COMCTL32.dll
0x00007ffc343d0000 - 0x00007ffc343da000 	C:\WINDOWS\SYSTEM32\VERSION.dll
0x00007ffc3f2b0000 - 0x00007ffc3f2e1000 	C:\WINDOWS\System32\IMM32.DLL
0x00007ffc0e880000 - 0x00007ffc0e88c000 	C:\Program Files\Java\jdk-22\bin\vcruntime140_1.dll
0x00007ffbd0ad0000 - 0x00007ffbd0b5e000 	C:\Program Files\Java\jdk-22\bin\msvcp140.dll
0x00007ffba99a0000 - 0x00007ffbaa6e8000 	C:\Program Files\Java\jdk-22\bin\server\jvm.dll
0x00007ffc3e6d0000 - 0x00007ffc3e741000 	C:\WINDOWS\System32\WS2_32.dll
0x00007ffc3cbb0000 - 0x00007ffc3cbfd000 	C:\WINDOWS\SYSTEM32\POWRPROF.dll
0x00007ffc345c0000 - 0x00007ffc345f4000 	C:\WINDOWS\SYSTEM32\WINMM.dll
0x00007ffc3cb90000 - 0x00007ffc3cba3000 	C:\WINDOWS\SYSTEM32\UMPDC.dll
0x00007ffc3bcd0000 - 0x00007ffc3bce8000 	C:\WINDOWS\SYSTEM32\kernel.appcore.dll
0x00007ffbf77d0000 - 0x00007ffbf77da000 	C:\Program Files\Java\jdk-22\bin\jimage.dll
0x00007ffc3a670000 - 0x00007ffc3a8a2000 	C:\WINDOWS\SYSTEM32\DBGHELP.DLL
0x00007ffc3d700000 - 0x00007ffc3da88000 	C:\WINDOWS\System32\combase.dll
0x00007ffc3da90000 - 0x00007ffc3db67000 	C:\WINDOWS\System32\OLEAUT32.dll
0x00007ffc2a930000 - 0x00007ffc2a962000 	C:\WINDOWS\SYSTEM32\dbgcore.DLL
0x00007ffc3cdb0000 - 0x00007ffc3ce29000 	C:\WINDOWS\System32\bcryptPrimitives.dll
0x00007ffbf78d0000 - 0x00007ffbf78ee000 	C:\Program Files\Java\jdk-22\bin\java.dll
0x00007ffc3dc70000 - 0x00007ffc3e4cc000 	C:\WINDOWS\System32\SHELL32.dll
0x00007ffc3f2f0000 - 0x00007ffc3f495000 	C:\WINDOWS\System32\ole32.dll
0x00007ffc3abe0000 - 0x00007ffc3b4d6000 	C:\WINDOWS\SYSTEM32\windows.storage.dll
0x00007ffc3aaa0000 - 0x00007ffc3abde000 	C:\WINDOWS\SYSTEM32\wintypes.dll
0x00007ffc3ed30000 - 0x00007ffc3ee25000 	C:\WINDOWS\System32\SHCORE.dll
0x00007ffc3ec60000 - 0x00007ffc3ecbe000 	C:\WINDOWS\System32\shlwapi.dll
0x00007ffc3cc20000 - 0x00007ffc3cc41000 	C:\WINDOWS\SYSTEM32\profapi.dll
0x00007ffbf77c0000 - 0x00007ffbf77d0000 	C:\Program Files\Java\jdk-22\bin\net.dll
0x00007ffc3c130000 - 0x00007ffc3c199000 	C:\WINDOWS\system32\mswsock.dll
0x00007ffbdd100000 - 0x00007ffbdd116000 	C:\Program Files\Java\jdk-22\bin\nio.dll
0x00007ffbdd120000 - 0x00007ffbdd1f7000 	C:\Program Files\Java\jdk-22\bin\jsvml.dll
0x00007ffbdd0e0000 - 0x00007ffbdd0f7000 	C:\Program Files\Java\jdk-22\bin\zip.dll
0x0000000069ac0000 - 0x0000000069ae4000 	C:\Program Files\NetBeans-21\netbeans\java\maven\lib\jansi-native\Windows\x86_64\jansi.dll
0x00007ffbf77b0000 - 0x00007ffbf77c0000 	C:\Program Files\Java\jdk-22\bin\verify.dll

dbghelp: loaded successfully - version: 4.0.5 - missing functions: none
symbol engine: initialized successfully - sym options: 0x614 - pdb path: .;C:\Program Files\Java\jdk-22\bin;C:\WINDOWS\SYSTEM32;C:\WINDOWS\WinSxS\amd64_microsoft.windows.common-controls_6595b64144ccf1df_6.0.22621.3527_none_270e469b73872a76;C:\Program Files\Java\jdk-22\bin\server;C:\Program Files\NetBeans-21\netbeans\java\maven\lib\jansi-native\Windows\x86_64

VM Arguments:
jvm_args: -Dclassworlds.conf=C:\Program Files\NetBeans-21\netbeans\java\maven\bin\m2.conf -Dmaven.home=C:\Program Files\NetBeans-21\netbeans\java\maven -Dlibrary.jansi.path=C:\Program Files\NetBeans-21\netbeans\java\maven\lib\jansi-native -Dmaven.multiModuleProjectDirectory=C:\Users\ADMIN\OneDrive\Documents\GitHub\Management_Project_Java\mavenproject1 
java_command: org.codehaus.plexus.classworlds.launcher.Launcher -Dexec.vmArgs=--enable-preview -Dexec.args=${exec.vmArgs} -classpath %classpath ${exec.mainClass} ${exec.appArgs} -Dexec.appArgs= -Dexec.mainClass=GUI.Login -Dexec.executable=C:\Program Files\Java\jdk-22\bin\java.exe -Dmaven.ext.class.path=C:\Program Files\NetBeans-21\netbeans\java\maven-nblib\netbeans-eventspy.jar --no-transfer-progress process-classes org.codehaus.mojo:exec-maven-plugin:3.1.0:exec
java_class_path (initial): C:\Program Files\NetBeans-21\netbeans\java\maven\boot\plexus-classworlds-2.7.0.jar
Launcher Type: SUN_STANDARD

[Global flags]
     intx CICompilerCount                          = 4                                         {product} {ergonomic}
     uint ConcGCThreads                            = 3                                         {product} {ergonomic}
     uint G1ConcRefinementThreads                  = 10                                        {product} {ergonomic}
   size_t G1HeapRegionSize                         = 2097152                                   {product} {ergonomic}
   size_t InitialHeapSize                          = 230686720                                 {product} {ergonomic}
   size_t MarkStackSize                            = 4194304                                   {product} {ergonomic}
   size_t MaxHeapSize                              = 3676307456                                {product} {ergonomic}
   size_t MaxNewSize                               = 2204106752                                {product} {ergonomic}
   size_t MinHeapDeltaBytes                        = 2097152                                   {product} {ergonomic}
   size_t MinHeapSize                              = 8388608                                   {product} {ergonomic}
    uintx NonNMethodCodeHeapSize                   = 5839372                                {pd product} {ergonomic}
    uintx NonProfiledCodeHeapSize                  = 122909434                              {pd product} {ergonomic}
    uintx ProfiledCodeHeapSize                     = 122909434                              {pd product} {ergonomic}
    uintx ReservedCodeCacheSize                    = 251658240                              {pd product} {ergonomic}
     bool SegmentedCodeCache                       = true                                      {product} {ergonomic}
   size_t SoftMaxHeapSize                          = 3676307456                             {manageable} {ergonomic}
     bool UseCompressedOops                        = true                           {product lp64_product} {ergonomic}
     bool UseG1GC                                  = true                                      {product} {ergonomic}
     bool UseLargePagesIndividualAllocation        = false                                  {pd product} {ergonomic}

Logging:
Log output configuration:
 #0: stdout all=warning uptime,level,tags foldmultilines=false
 #1: stderr all=off uptime,level,tags foldmultilines=false

Environment Variables:
JAVA_HOME=C:\Program Files\Java\jdk-22
PATH=C:\Program Files (x86)\VMware\VMware Workstation\bin\;C:\Program Files\Common Files\Oracle\Java\javapath;C:\Program Files (x86)\Common Files\Oracle\Java\javapath;C:\Windows\system32;C:\Windows;C:\Windows\System32\Wbem;C:\Windows\System32\WindowsPowerShell\v1.0\;C:\Windows\System32\OpenSSH\;C:\Program Files (x86)\NVIDIA Corporation\PhysX\Common;C:\Program Files\NVIDIA Corporation\NVIDIA NvDLISR;C:\msys64\mingw64\bin;C:\WINDOWS\system32;C:\WINDOWS;C:\WINDOWS\System32\Wbem;C:\WINDOWS\System32\WindowsPowerShell\v1.0\;C:\WINDOWS\System32\OpenSSH\;C:\Program Files (x86)\Microsoft SQL Server\110\Tools\Binn\;C:\Program Files\Microsoft SQL Server\110\Tools\Binn\;C:\Program Files\Microsoft SQL Server\110\DTS\Binn\;C:\Program Files (x86)\Microsoft SQL Server\110\Tools\Binn\ManagementStudio\;C:\Program Files (x86)\Microsoft SQL Server\110\DTS\Binn\;C:\Program Files\Microsoft SQL Server\150\Tools\Binn\;C:\Program Files\Microsoft SQL Server\Client SDK\ODBC\170\Tools\Binn\;C:\Program Files\dotnet\;C:\Program Files\Git\cmd;C:\Users\ADMIN\AppData\Local\Programs\Python\Python312\Scripts\;C:\Users\ADMIN\AppData\Local\Programs\Python\Python312\;C:\Users\ADMIN\AppData\Local\Programs\Python\Launcher\;C:\Users\ADMIN\AppData\Local\Microsoft\WindowsApps;C:\Users\ADMIN\.dotnet\tools;C:\Users\ADMIN\AppData\Local\Programs\Microsoft VS Code\bin;C:\Users\ADMIN\AppData\Local\GitHubDesktop\bin;C:\Program Files\Java\jdk-22\bin;
USERNAME=ADMIN
OS=Windows_NT
PROCESSOR_IDENTIFIER=AMD64 Family 25 Model 68 Stepping 1, AuthenticAMD
TMP=C:\Users\ADMIN\AppData\Local\Temp
TEMP=C:\Users\ADMIN\AppData\Local\Temp




Periodic native trim disabled

---------------  S Y S T E M  ---------------

OS:
 Windows 11 , 64 bit Build 22621 (10.0.22621.3527)
OS uptime: 1 days 1:44 hours
Hyper-V role detected

CPU: total 12 (initial active 12) (12 cores per cpu, 2 threads per core) family 25 model 68 stepping 1 microcode 0x0, cx8, cmov, fxsr, ht, mmx, 3dnowpref, sse, sse2, sse3, ssse3, sse4a, sse4.1, sse4.2, popcnt, lzcnt, tsc, tscinvbit, avx, avx2, aes, erms, clmul, bmi1, bmi2, adx, sha, fma, vzeroupper, clflush, clflushopt, hv, rdtscp, rdpid, fsrm, f16c, cet_ss
Processor Information for all 12 processors :
  Max Mhz: 3301, Current Mhz: 3301, Mhz Limit: 3301

Memory: 4k page, system-wide physical 14020M (8M free)
TotalPageFile size 57028M (AvailPageFile size 0M)
current process WorkingSet (physical memory assigned to process): 93M, peak: 106M
current process commit charge ("private bytes"): 338M, peak: 339M

vm_info: Java HotSpot(TM) 64-Bit Server VM (22+36-2370) for windows-amd64 JRE (22+36-2370), built on 2024-02-15T22:15:19Z by "mach5one" with MS VC++ 17.6 (VS2022)

END.
