#
# There is insufficient memory for the Java Runtime Environment to continue.
# Native memory allocation (malloc) failed to allocate 642064 bytes. Error detail: Chunk::new
# Possible reasons:
#   The system is out of physical RAM or swap space
#   This process is running with CompressedOops enabled, and the Java Heap may be blocking the growth of the native heap
# Possible solutions:
#   Reduce memory load on the system
#   Increase physical memory or swap space
#   Check if swap backing store is full
#   Decrease Java heap size (-Xmx/-Xms)
#   Decrease number of Java threads
#   Decrease Java thread stack sizes (-Xss)
#   Set larger code cache with -XX:ReservedCodeCacheSize=
#   JVM is running with Zero Based Compressed Oops mode in which the Java heap is
#     placed in the first 32GB address space. The Java Heap base address is the
#     maximum limit for the native heap growth. Please use -XX:HeapBaseMinAddress
#     to set the Java Heap base and to place the Java Heap above 32GB virtual address.
# This output file may be truncated or incomplete.
#
#  Out of Memory Error (arena.cpp:150), pid=39712, tid=40952
#
# JRE version: Java(TM) SE Runtime Environment (22.0+36) (build 22+36-2370)
# Java VM: Java HotSpot(TM) 64-Bit Server VM (22+36-2370, mixed mode, sharing, tiered, compressed oops, compressed class ptrs, g1 gc, windows-amd64)
# No core dump will be written. Minidumps are not enabled by default on client versions of Windows
#

---------------  S U M M A R Y ------------

Command Line: -Dclassworlds.conf=C:\Program Files\NetBeans-21\netbeans\java\maven\bin\m2.conf -Dmaven.home=C:\Program Files\NetBeans-21\netbeans\java\maven -Dlibrary.jansi.path=C:\Program Files\NetBeans-21\netbeans\java\maven\lib\jansi-native -Dmaven.multiModuleProjectDirectory=C:\Users\ADMIN\OneDrive\Documents\GitHub\Management_Project_Java\mavenproject1 org.codehaus.plexus.classworlds.launcher.Launcher -Dexec.vmArgs=--enable-preview -Dexec.args=${exec.vmArgs} -classpath %classpath ${exec.mainClass} ${exec.appArgs} -Dexec.appArgs= -Dexec.mainClass=GUI.Login -Dexec.executable=C:\Program Files\Java\jdk-22\bin\java.exe -Dmaven.ext.class.path=C:\Program Files\NetBeans-21\netbeans\java\maven-nblib\netbeans-eventspy.jar --no-transfer-progress process-classes org.codehaus.mojo:exec-maven-plugin:3.1.0:exec

Host: AMD Ryzen 5 6600HS Creator Edition             , 12 cores, 13G,  Windows 11 , 64 bit Build 22621 (10.0.22621.3527)
Time: Thu May 16 16:18:43 2024 SE Asia Standard Time elapsed time: 21.468636 seconds (0d 0h 0m 21s)

---------------  T H R E A D  ---------------

Current thread (0x00000217fcc1b870):  JavaThread "C2 CompilerThread0" daemon [_thread_in_native, id=40952, stack(0x0000003809d00000,0x0000003809e00000) (1024K)]


Current CompileTask:
C2:21468 1576       4       jdk.internal.loader.URLClassPath::getResource (74 bytes)

Stack: [0x0000003809d00000,0x0000003809e00000]
Native frames: (J=compiled Java code, j=interpreted, Vv=VM code, C=native code)
V  [jvm.dll+0x6e2349]  (no source info available)
V  [jvm.dll+0x874ed3]  (no source info available)
V  [jvm.dll+0x8772fe]  (no source info available)
V  [jvm.dll+0x8779d3]  (no source info available)
V  [jvm.dll+0x27fcb6]  (no source info available)
V  [jvm.dll+0xc3d0f]  (no source info available)
V  [jvm.dll+0xc3f6b]  (no source info available)
V  [jvm.dll+0x3bb05c]  (no source info available)
V  [jvm.dll+0x387abb]  (no source info available)
V  [jvm.dll+0x386f2a]  (no source info available)
V  [jvm.dll+0x247908]  (no source info available)
V  [jvm.dll+0x246faf]  (no source info available)
V  [jvm.dll+0x1c4e90]  (no source info available)
V  [jvm.dll+0x25699e]  (no source info available)
V  [jvm.dll+0x254c5a]  (no source info available)
V  [jvm.dll+0x3f5426]  (no source info available)
V  [jvm.dll+0x81d50b]  (no source info available)
V  [jvm.dll+0x6e09e5]  (no source info available)
C  [ucrtbase.dll+0x29333]  (no source info available)
C  [KERNEL32.DLL+0x1257d]  (no source info available)
C  [ntdll.dll+0x5aa48]  (no source info available)


---------------  P R O C E S S  ---------------

Threads class SMR info:
_java_thread_list=0x00000217c52179d0, length=11, elements={
0x00000217dc0907b0, 0x00000217fcc0dba0, 0x00000217fcc0fbc0, 0x00000217fcc129a0,
0x00000217fcc13600, 0x00000217fcc16070, 0x00000217fcc1aae0, 0x00000217fcc1b870,
0x00000217fcc2f4e0, 0x00000217c52a93b0, 0x00000217c52b4d20
}

Java Threads: ( => current thread )
  0x00000217dc0907b0 JavaThread "main"                              [_thread_in_vm, id=40312, stack(0x0000003808f00000,0x0000003809000000) (1024K)]
  0x00000217fcc0dba0 JavaThread "Reference Handler"          daemon [_thread_blocked, id=40928, stack(0x0000003809700000,0x0000003809800000) (1024K)]
  0x00000217fcc0fbc0 JavaThread "Finalizer"                  daemon [_thread_blocked, id=40932, stack(0x0000003809800000,0x0000003809900000) (1024K)]
  0x00000217fcc129a0 JavaThread "Signal Dispatcher"          daemon [_thread_blocked, id=40936, stack(0x0000003809900000,0x0000003809a00000) (1024K)]
  0x00000217fcc13600 JavaThread "Attach Listener"            daemon [_thread_blocked, id=40940, stack(0x0000003809a00000,0x0000003809b00000) (1024K)]
  0x00000217fcc16070 JavaThread "Service Thread"             daemon [_thread_blocked, id=40944, stack(0x0000003809b00000,0x0000003809c00000) (1024K)]
  0x00000217fcc1aae0 JavaThread "Monitor Deflation Thread"   daemon [_thread_blocked, id=40948, stack(0x0000003809c00000,0x0000003809d00000) (1024K)]
=>0x00000217fcc1b870 JavaThread "C2 CompilerThread0"         daemon [_thread_in_native, id=40952, stack(0x0000003809d00000,0x0000003809e00000) (1024K)]
  0x00000217fcc2f4e0 JavaThread "C1 CompilerThread0"         daemon [_thread_blocked, id=40956, stack(0x0000003809e00000,0x0000003809f00000) (1024K)]
  0x00000217c52a93b0 JavaThread "Notification Thread"        daemon [_thread_blocked, id=38948, stack(0x0000003809f00000,0x000000380a000000) (1024K)]
  0x00000217c52b4d20 JavaThread "Common-Cleaner"             daemon [_thread_blocked, id=40788, stack(0x000000380a000000,0x000000380a100000) (1024K)]
Total: 11

Other Threads:
  0x00000217fcbf0e60 VMThread "VM Thread"                           [id=40768, stack(0x0000003809600000,0x0000003809700000) (1024K)] _threads_hazard_ptr=0x00000217c52179d0
  0x00000217fcbd91b0 WatcherThread "VM Periodic Task Thread"        [id=40740, stack(0x0000003809500000,0x0000003809600000) (1024K)]
  0x00000217de2fb5f0 WorkerThread "GC Thread#0"                     [id=40476, stack(0x0000003809000000,0x0000003809100000) (1024K)]
  0x00000217c5e2e1d0 WorkerThread "GC Thread#1"                     [id=43668, stack(0x000000380a100000,0x000000380a200000) (1024K)]
  0x00000217c5e36790 WorkerThread "GC Thread#2"                     [id=43672, stack(0x000000380a200000,0x000000380a300000) (1024K)]
  0x00000217c5e36b40 WorkerThread "GC Thread#3"                     [id=43676, stack(0x000000380a300000,0x000000380a400000) (1024K)]
  0x00000217c5e36ef0 WorkerThread "GC Thread#4"                     [id=43680, stack(0x000000380a400000,0x000000380a500000) (1024K)]
  0x00000217c5f10a30 WorkerThread "GC Thread#5"                     [id=43808, stack(0x000000380a500000,0x000000380a600000) (1024K)]
  0x00000217c5f115f0 WorkerThread "GC Thread#6"                     [id=43852, stack(0x000000380a600000,0x000000380a700000) (1024K)]
  0x00000217c5f119a0 WorkerThread "GC Thread#7"                     [id=43856, stack(0x000000380a700000,0x000000380a800000) (1024K)]
  0x00000217c5f11d50 WorkerThread "GC Thread#8"                     [id=43860, stack(0x000000380a800000,0x000000380a900000) (1024K)]
  0x00000217de30a0f0 ConcurrentGCThread "G1 Main Marker"            [id=40480, stack(0x0000003809100000,0x0000003809200000) (1024K)]
  0x00000217de30ac00 WorkerThread "G1 Conc#0"                       [id=40484, stack(0x0000003809200000,0x0000003809300000) (1024K)]
  0x00000217de35e950 ConcurrentGCThread "G1 Refine#0"               [id=40488, stack(0x0000003809300000,0x0000003809400000) (1024K)]
  0x00000217fcaaba90 ConcurrentGCThread "G1 Service"                [id=40492, stack(0x0000003809400000,0x0000003809500000) (1024K)]
Total: 15

Threads with active compile tasks:
C2 CompilerThread0  51302 1576       4       jdk.internal.loader.URLClassPath::getResource (74 bytes)
Total: 1

VM state: synchronizing (normal execution)

VM Mutex/Monitor currently owned by a thread:  ([mutex/lock_event])
[0x00007ffbaa60ab48] Metaspace_lock - owner thread: 0x00000217dc0907b0
[0x00007ffbaa60cbc8] Threads_lock - owner thread: 0x00000217fcbf0e60

Heap address: 0x0000000724e00000, size: 3506 MB, Compressed Oops mode: Zero based, Oop shift amount: 3

CDS archive(s) mapped at: [0x0000021780000000-0x0000021780c60000-0x0000021780c60000), size 12976128, SharedBaseAddress: 0x0000021780000000, ArchiveRelocationMode: 1.
Compressed class space mapped at: 0x0000021781000000-0x00000217c1000000, reserved size: 1073741824
Narrow klass base: 0x0000021780000000, Narrow klass shift: 0, Narrow klass range: 0x41000000

GC Precious Log:
 CardTable entry size: 512
 Card Set container configuration: InlinePtr #cards 4 size 8 Array Of Cards #cards 16 size 48 Howl #buckets 8 coarsen threshold 3686 Howl Bitmap #cards 512 size 80 coarsen threshold 460 Card regions per heap region 1 cards per card region 4096
 CPUs: 12 total, 12 available
 Memory: 14020M
 Large Page Support: Disabled
 NUMA Support: Disabled
 Compressed Oops: Enabled (Zero based)
 Heap Region Size: 2M
 Heap Min Capacity: 8M
 Heap Initial Capacity: 220M
 Heap Max Capacity: 3506M
 Pre-touch: Disabled
 Parallel Workers: 10
 Concurrent Workers: 3
 Concurrent Refinement Workers: 10
 Periodic GC: Disabled

Heap:
 garbage-first heap   total reserved 3590144K, committed 225280K, used 24592K [0x0000000724e00000, 0x0000000800000000)
  region size 2048K, 14 young (28672K), 2 survivors (4096K)
 Metaspace       used 8675K, committed 8832K, reserved 1114112K
  class space    used 1034K, committed 1088K, reserved 1048576K

Heap Regions: E=young(eden), S=young(survivor), O=old, HS=humongous(starts), HC=humongous(continues), CS=collection set, F=free, TAMS=top-at-mark-start, PB=parsable bottom
|   0|0x0000000724e00000, 0x0000000724e04000, 0x0000000725000000|  0%| O|  |TAMS 0x0000000724e00000| PB 0x0000000724e00000| Untracked |  0
|   1|0x0000000725000000, 0x0000000725000000, 0x0000000725200000|  0%| F|  |TAMS 0x0000000725000000| PB 0x0000000725000000| Untracked |  0
|   2|0x0000000725200000, 0x0000000725200000, 0x0000000725400000|  0%| F|  |TAMS 0x0000000725200000| PB 0x0000000725200000| Untracked |  0
|   3|0x0000000725400000, 0x0000000725400000, 0x0000000725600000|  0%| F|  |TAMS 0x0000000725400000| PB 0x0000000725400000| Untracked |  0
|   4|0x0000000725600000, 0x0000000725600000, 0x0000000725800000|  0%| F|  |TAMS 0x0000000725600000| PB 0x0000000725600000| Untracked |  0
|   5|0x0000000725800000, 0x0000000725800000, 0x0000000725a00000|  0%| F|  |TAMS 0x0000000725800000| PB 0x0000000725800000| Untracked |  0
|   6|0x0000000725a00000, 0x0000000725a00000, 0x0000000725c00000|  0%| F|  |TAMS 0x0000000725a00000| PB 0x0000000725a00000| Untracked |  0
|   7|0x0000000725c00000, 0x0000000725c00000, 0x0000000725e00000|  0%| F|  |TAMS 0x0000000725c00000| PB 0x0000000725c00000| Untracked |  0
|   8|0x0000000725e00000, 0x0000000725e00000, 0x0000000726000000|  0%| F|  |TAMS 0x0000000725e00000| PB 0x0000000725e00000| Untracked |  0
|   9|0x0000000726000000, 0x0000000726000000, 0x0000000726200000|  0%| F|  |TAMS 0x0000000726000000| PB 0x0000000726000000| Untracked |  0
|  10|0x0000000726200000, 0x0000000726200000, 0x0000000726400000|  0%| F|  |TAMS 0x0000000726200000| PB 0x0000000726200000| Untracked |  0
|  11|0x0000000726400000, 0x0000000726400000, 0x0000000726600000|  0%| F|  |TAMS 0x0000000726400000| PB 0x0000000726400000| Untracked |  0
|  12|0x0000000726600000, 0x0000000726600000, 0x0000000726800000|  0%| F|  |TAMS 0x0000000726600000| PB 0x0000000726600000| Untracked |  0
|  13|0x0000000726800000, 0x0000000726800000, 0x0000000726a00000|  0%| F|  |TAMS 0x0000000726800000| PB 0x0000000726800000| Untracked |  0
|  14|0x0000000726a00000, 0x0000000726a00000, 0x0000000726c00000|  0%| F|  |TAMS 0x0000000726a00000| PB 0x0000000726a00000| Untracked |  0
|  15|0x0000000726c00000, 0x0000000726c00000, 0x0000000726e00000|  0%| F|  |TAMS 0x0000000726c00000| PB 0x0000000726c00000| Untracked |  0
|  16|0x0000000726e00000, 0x0000000726e00000, 0x0000000727000000|  0%| F|  |TAMS 0x0000000726e00000| PB 0x0000000726e00000| Untracked |  0
|  17|0x0000000727000000, 0x0000000727000000, 0x0000000727200000|  0%| F|  |TAMS 0x0000000727000000| PB 0x0000000727000000| Untracked |  0
|  18|0x0000000727200000, 0x0000000727200000, 0x0000000727400000|  0%| F|  |TAMS 0x0000000727200000| PB 0x0000000727200000| Untracked |  0
|  19|0x0000000727400000, 0x0000000727400000, 0x0000000727600000|  0%| F|  |TAMS 0x0000000727400000| PB 0x0000000727400000| Untracked |  0
|  20|0x0000000727600000, 0x0000000727600000, 0x0000000727800000|  0%| F|  |TAMS 0x0000000727600000| PB 0x0000000727600000| Untracked |  0
|  21|0x0000000727800000, 0x0000000727800000, 0x0000000727a00000|  0%| F|  |TAMS 0x0000000727800000| PB 0x0000000727800000| Untracked |  0
|  22|0x0000000727a00000, 0x0000000727a00000, 0x0000000727c00000|  0%| F|  |TAMS 0x0000000727a00000| PB 0x0000000727a00000| Untracked |  0
|  23|0x0000000727c00000, 0x0000000727c00000, 0x0000000727e00000|  0%| F|  |TAMS 0x0000000727c00000| PB 0x0000000727c00000| Untracked |  0
|  24|0x0000000727e00000, 0x0000000727e00000, 0x0000000728000000|  0%| F|  |TAMS 0x0000000727e00000| PB 0x0000000727e00000| Untracked |  0
|  25|0x0000000728000000, 0x0000000728000000, 0x0000000728200000|  0%| F|  |TAMS 0x0000000728000000| PB 0x0000000728000000| Untracked |  0
|  26|0x0000000728200000, 0x0000000728200000, 0x0000000728400000|  0%| F|  |TAMS 0x0000000728200000| PB 0x0000000728200000| Untracked |  0
|  27|0x0000000728400000, 0x0000000728400000, 0x0000000728600000|  0%| F|  |TAMS 0x0000000728400000| PB 0x0000000728400000| Untracked |  0
|  28|0x0000000728600000, 0x0000000728600000, 0x0000000728800000|  0%| F|  |TAMS 0x0000000728600000| PB 0x0000000728600000| Untracked |  0
|  29|0x0000000728800000, 0x0000000728800000, 0x0000000728a00000|  0%| F|  |TAMS 0x0000000728800000| PB 0x0000000728800000| Untracked |  0
|  30|0x0000000728a00000, 0x0000000728a00000, 0x0000000728c00000|  0%| F|  |TAMS 0x0000000728a00000| PB 0x0000000728a00000| Untracked |  0
|  31|0x0000000728c00000, 0x0000000728c00000, 0x0000000728e00000|  0%| F|  |TAMS 0x0000000728c00000| PB 0x0000000728c00000| Untracked |  0
|  32|0x0000000728e00000, 0x0000000728e00000, 0x0000000729000000|  0%| F|  |TAMS 0x0000000728e00000| PB 0x0000000728e00000| Untracked |  0
|  33|0x0000000729000000, 0x0000000729000000, 0x0000000729200000|  0%| F|  |TAMS 0x0000000729000000| PB 0x0000000729000000| Untracked |  0
|  34|0x0000000729200000, 0x0000000729200000, 0x0000000729400000|  0%| F|  |TAMS 0x0000000729200000| PB 0x0000000729200000| Untracked |  0
|  35|0x0000000729400000, 0x0000000729400000, 0x0000000729600000|  0%| F|  |TAMS 0x0000000729400000| PB 0x0000000729400000| Untracked |  0
|  36|0x0000000729600000, 0x0000000729600000, 0x0000000729800000|  0%| F|  |TAMS 0x0000000729600000| PB 0x0000000729600000| Untracked |  0
|  37|0x0000000729800000, 0x0000000729800000, 0x0000000729a00000|  0%| F|  |TAMS 0x0000000729800000| PB 0x0000000729800000| Untracked |  0
|  38|0x0000000729a00000, 0x0000000729a00000, 0x0000000729c00000|  0%| F|  |TAMS 0x0000000729a00000| PB 0x0000000729a00000| Untracked |  0
|  39|0x0000000729c00000, 0x0000000729c00000, 0x0000000729e00000|  0%| F|  |TAMS 0x0000000729c00000| PB 0x0000000729c00000| Untracked |  0
|  40|0x0000000729e00000, 0x0000000729e00000, 0x000000072a000000|  0%| F|  |TAMS 0x0000000729e00000| PB 0x0000000729e00000| Untracked |  0
|  41|0x000000072a000000, 0x000000072a000000, 0x000000072a200000|  0%| F|  |TAMS 0x000000072a000000| PB 0x000000072a000000| Untracked |  0
|  42|0x000000072a200000, 0x000000072a200000, 0x000000072a400000|  0%| F|  |TAMS 0x000000072a200000| PB 0x000000072a200000| Untracked |  0
|  43|0x000000072a400000, 0x000000072a400000, 0x000000072a600000|  0%| F|  |TAMS 0x000000072a400000| PB 0x000000072a400000| Untracked |  0
|  44|0x000000072a600000, 0x000000072a600000, 0x000000072a800000|  0%| F|  |TAMS 0x000000072a600000| PB 0x000000072a600000| Untracked |  0
|  45|0x000000072a800000, 0x000000072a800000, 0x000000072aa00000|  0%| F|  |TAMS 0x000000072a800000| PB 0x000000072a800000| Untracked |  0
|  46|0x000000072aa00000, 0x000000072aa00000, 0x000000072ac00000|  0%| F|  |TAMS 0x000000072aa00000| PB 0x000000072aa00000| Untracked |  0
|  47|0x000000072ac00000, 0x000000072ac00000, 0x000000072ae00000|  0%| F|  |TAMS 0x000000072ac00000| PB 0x000000072ac00000| Untracked |  0
|  48|0x000000072ae00000, 0x000000072ae00000, 0x000000072b000000|  0%| F|  |TAMS 0x000000072ae00000| PB 0x000000072ae00000| Untracked |  0
|  49|0x000000072b000000, 0x000000072b000000, 0x000000072b200000|  0%| F|  |TAMS 0x000000072b000000| PB 0x000000072b000000| Untracked |  0
|  50|0x000000072b200000, 0x000000072b200000, 0x000000072b400000|  0%| F|  |TAMS 0x000000072b200000| PB 0x000000072b200000| Untracked |  0
|  51|0x000000072b400000, 0x000000072b400000, 0x000000072b600000|  0%| F|  |TAMS 0x000000072b400000| PB 0x000000072b400000| Untracked |  0
|  52|0x000000072b600000, 0x000000072b600000, 0x000000072b800000|  0%| F|  |TAMS 0x000000072b600000| PB 0x000000072b600000| Untracked |  0
|  53|0x000000072b800000, 0x000000072b800000, 0x000000072ba00000|  0%| F|  |TAMS 0x000000072b800000| PB 0x000000072b800000| Untracked |  0
|  54|0x000000072ba00000, 0x000000072ba00000, 0x000000072bc00000|  0%| F|  |TAMS 0x000000072ba00000| PB 0x000000072ba00000| Untracked |  0
|  55|0x000000072bc00000, 0x000000072bc00000, 0x000000072be00000|  0%| F|  |TAMS 0x000000072bc00000| PB 0x000000072bc00000| Untracked |  0
|  56|0x000000072be00000, 0x000000072be00000, 0x000000072c000000|  0%| F|  |TAMS 0x000000072be00000| PB 0x000000072be00000| Untracked |  0
|  57|0x000000072c000000, 0x000000072c000000, 0x000000072c200000|  0%| F|  |TAMS 0x000000072c000000| PB 0x000000072c000000| Untracked |  0
|  58|0x000000072c200000, 0x000000072c200000, 0x000000072c400000|  0%| F|  |TAMS 0x000000072c200000| PB 0x000000072c200000| Untracked |  0
|  59|0x000000072c400000, 0x000000072c400000, 0x000000072c600000|  0%| F|  |TAMS 0x000000072c400000| PB 0x000000072c400000| Untracked |  0
|  60|0x000000072c600000, 0x000000072c600000, 0x000000072c800000|  0%| F|  |TAMS 0x000000072c600000| PB 0x000000072c600000| Untracked |  0
|  61|0x000000072c800000, 0x000000072c800000, 0x000000072ca00000|  0%| F|  |TAMS 0x000000072c800000| PB 0x000000072c800000| Untracked |  0
|  62|0x000000072ca00000, 0x000000072ca00000, 0x000000072cc00000|  0%| F|  |TAMS 0x000000072ca00000| PB 0x000000072ca00000| Untracked |  0
|  63|0x000000072cc00000, 0x000000072cc00000, 0x000000072ce00000|  0%| F|  |TAMS 0x000000072cc00000| PB 0x000000072cc00000| Untracked |  0
|  64|0x000000072ce00000, 0x000000072ce00000, 0x000000072d000000|  0%| F|  |TAMS 0x000000072ce00000| PB 0x000000072ce00000| Untracked |  0
|  65|0x000000072d000000, 0x000000072d000000, 0x000000072d200000|  0%| F|  |TAMS 0x000000072d000000| PB 0x000000072d000000| Untracked |  0
|  66|0x000000072d200000, 0x000000072d200000, 0x000000072d400000|  0%| F|  |TAMS 0x000000072d200000| PB 0x000000072d200000| Untracked |  0
|  67|0x000000072d400000, 0x000000072d400000, 0x000000072d600000|  0%| F|  |TAMS 0x000000072d400000| PB 0x000000072d400000| Untracked |  0
|  68|0x000000072d600000, 0x000000072d600000, 0x000000072d800000|  0%| F|  |TAMS 0x000000072d600000| PB 0x000000072d600000| Untracked |  0
|  69|0x000000072d800000, 0x000000072d800000, 0x000000072da00000|  0%| F|  |TAMS 0x000000072d800000| PB 0x000000072d800000| Untracked |  0
|  70|0x000000072da00000, 0x000000072da00000, 0x000000072dc00000|  0%| F|  |TAMS 0x000000072da00000| PB 0x000000072da00000| Untracked |  0
|  71|0x000000072dc00000, 0x000000072dc00000, 0x000000072de00000|  0%| F|  |TAMS 0x000000072dc00000| PB 0x000000072dc00000| Untracked |  0
|  72|0x000000072de00000, 0x000000072de00000, 0x000000072e000000|  0%| F|  |TAMS 0x000000072de00000| PB 0x000000072de00000| Untracked |  0
|  73|0x000000072e000000, 0x000000072e000000, 0x000000072e200000|  0%| F|  |TAMS 0x000000072e000000| PB 0x000000072e000000| Untracked |  0
|  74|0x000000072e200000, 0x000000072e200000, 0x000000072e400000|  0%| F|  |TAMS 0x000000072e200000| PB 0x000000072e200000| Untracked |  0
|  75|0x000000072e400000, 0x000000072e400000, 0x000000072e600000|  0%| F|  |TAMS 0x000000072e400000| PB 0x000000072e400000| Untracked |  0
|  76|0x000000072e600000, 0x000000072e600000, 0x000000072e800000|  0%| F|  |TAMS 0x000000072e600000| PB 0x000000072e600000| Untracked |  0
|  77|0x000000072e800000, 0x000000072e800000, 0x000000072ea00000|  0%| F|  |TAMS 0x000000072e800000| PB 0x000000072e800000| Untracked |  0
|  78|0x000000072ea00000, 0x000000072ea00000, 0x000000072ec00000|  0%| F|  |TAMS 0x000000072ea00000| PB 0x000000072ea00000| Untracked |  0
|  79|0x000000072ec00000, 0x000000072ec00000, 0x000000072ee00000|  0%| F|  |TAMS 0x000000072ec00000| PB 0x000000072ec00000| Untracked |  0
|  80|0x000000072ee00000, 0x000000072ee00000, 0x000000072f000000|  0%| F|  |TAMS 0x000000072ee00000| PB 0x000000072ee00000| Untracked |  0
|  81|0x000000072f000000, 0x000000072f000000, 0x000000072f200000|  0%| F|  |TAMS 0x000000072f000000| PB 0x000000072f000000| Untracked |  0
|  82|0x000000072f200000, 0x000000072f200000, 0x000000072f400000|  0%| F|  |TAMS 0x000000072f200000| PB 0x000000072f200000| Untracked |  0
|  83|0x000000072f400000, 0x000000072f400000, 0x000000072f600000|  0%| F|  |TAMS 0x000000072f400000| PB 0x000000072f400000| Untracked |  0
|  84|0x000000072f600000, 0x000000072f600000, 0x000000072f800000|  0%| F|  |TAMS 0x000000072f600000| PB 0x000000072f600000| Untracked |  0
|  85|0x000000072f800000, 0x000000072f800000, 0x000000072fa00000|  0%| F|  |TAMS 0x000000072f800000| PB 0x000000072f800000| Untracked |  0
|  86|0x000000072fa00000, 0x000000072fa00000, 0x000000072fc00000|  0%| F|  |TAMS 0x000000072fa00000| PB 0x000000072fa00000| Untracked |  0
|  87|0x000000072fc00000, 0x000000072fc00000, 0x000000072fe00000|  0%| F|  |TAMS 0x000000072fc00000| PB 0x000000072fc00000| Untracked |  0
|  88|0x000000072fe00000, 0x000000072fe00000, 0x0000000730000000|  0%| F|  |TAMS 0x000000072fe00000| PB 0x000000072fe00000| Untracked |  0
|  89|0x0000000730000000, 0x0000000730000000, 0x0000000730200000|  0%| F|  |TAMS 0x0000000730000000| PB 0x0000000730000000| Untracked |  0
|  90|0x0000000730200000, 0x0000000730200000, 0x0000000730400000|  0%| F|  |TAMS 0x0000000730200000| PB 0x0000000730200000| Untracked |  0
|  91|0x0000000730400000, 0x0000000730400000, 0x0000000730600000|  0%| F|  |TAMS 0x0000000730400000| PB 0x0000000730400000| Untracked |  0
|  92|0x0000000730600000, 0x0000000730600000, 0x0000000730800000|  0%| F|  |TAMS 0x0000000730600000| PB 0x0000000730600000| Untracked |  0
|  93|0x0000000730800000, 0x0000000730800000, 0x0000000730a00000|  0%| F|  |TAMS 0x0000000730800000| PB 0x0000000730800000| Untracked |  0
|  94|0x0000000730a00000, 0x0000000730a00000, 0x0000000730c00000|  0%| F|  |TAMS 0x0000000730a00000| PB 0x0000000730a00000| Untracked |  0
|  95|0x0000000730c00000, 0x0000000730c00000, 0x0000000730e00000|  0%| F|  |TAMS 0x0000000730c00000| PB 0x0000000730c00000| Untracked |  0
|  96|0x0000000730e00000, 0x0000000731000000, 0x0000000731000000|100%| S|CS|TAMS 0x0000000730e00000| PB 0x0000000730e00000| Complete |  0
|  97|0x0000000731000000, 0x0000000731200000, 0x0000000731200000|100%| S|CS|TAMS 0x0000000731000000| PB 0x0000000731000000| Complete |  0
|  98|0x0000000731200000, 0x0000000731271700, 0x0000000731400000| 22%| E|  |TAMS 0x0000000731200000| PB 0x0000000731200000| Complete |  0
|  99|0x0000000731400000, 0x0000000731600000, 0x0000000731600000|100%| E|CS|TAMS 0x0000000731400000| PB 0x0000000731400000| Complete |  0
| 100|0x0000000731600000, 0x0000000731800000, 0x0000000731800000|100%| E|CS|TAMS 0x0000000731600000| PB 0x0000000731600000| Complete |  0
| 101|0x0000000731800000, 0x0000000731a00000, 0x0000000731a00000|100%| E|CS|TAMS 0x0000000731800000| PB 0x0000000731800000| Complete |  0
| 102|0x0000000731a00000, 0x0000000731c00000, 0x0000000731c00000|100%| E|CS|TAMS 0x0000000731a00000| PB 0x0000000731a00000| Complete |  0
| 103|0x0000000731c00000, 0x0000000731e00000, 0x0000000731e00000|100%| E|CS|TAMS 0x0000000731c00000| PB 0x0000000731c00000| Complete |  0
| 104|0x0000000731e00000, 0x0000000732000000, 0x0000000732000000|100%| E|  |TAMS 0x0000000731e00000| PB 0x0000000731e00000| Complete |  0
| 105|0x0000000732000000, 0x0000000732200000, 0x0000000732200000|100%| E|CS|TAMS 0x0000000732000000| PB 0x0000000732000000| Complete |  0
| 106|0x0000000732200000, 0x0000000732400000, 0x0000000732400000|100%| E|CS|TAMS 0x0000000732200000| PB 0x0000000732200000| Complete |  0
| 107|0x0000000732400000, 0x0000000732600000, 0x0000000732600000|100%| E|CS|TAMS 0x0000000732400000| PB 0x0000000732400000| Complete |  0
| 108|0x0000000732600000, 0x0000000732800000, 0x0000000732800000|100%| E|CS|TAMS 0x0000000732600000| PB 0x0000000732600000| Complete |  0
| 109|0x0000000732800000, 0x0000000732a00000, 0x0000000732a00000|100%| E|CS|TAMS 0x0000000732800000| PB 0x0000000732800000| Complete |  0

Card table byte_map: [0x00000217f6210000,0x00000217f68f0000] _byte_map_base: 0x00000217f28e9000

Marking Bits: (CMBitMap*) 0x00000217de2fbd00
 Bits: [0x00000217f68f0000, 0x00000217f9fb8000)

Polling page: 0x00000217dc050000

Metaspace:

Usage:
  Non-class:      7.46 MB used.
      Class:      1.01 MB used.
       Both:      8.47 MB used.

Virtual space:
  Non-class space:       64.00 MB reserved,       7.56 MB ( 12%) committed,  1 nodes.
      Class space:        1.00 GB reserved,       1.06 MB ( <1%) committed,  1 nodes.
             Both:        1.06 GB reserved,       8.62 MB ( <1%) committed. 

Chunk freelists:
   Non-Class:  6.92 MB
       Class:  14.92 MB
        Both:  21.84 MB

MaxMetaspaceSize: unlimited
CompressedClassSpaceSize: 1.00 GB
Initial GC threshold: 21.00 MB
Current GC threshold: 21.00 MB
CDS: on
 - commit_granule_bytes: 65536.
 - commit_granule_words: 8192.
 - virtual_space_node_default_size: 8388608.
 - enlarge_chunks_in_place: 1.
 - use_allocation_guard: 0.


Internal statistics:

num_allocs_failed_limit: 0.
num_arena_births: 58.
num_arena_deaths: 0.
num_vsnodes_births: 2.
num_vsnodes_deaths: 0.
num_space_committed: 138.
num_space_uncommitted: 0.
num_chunks_returned_to_freelist: 0.
num_chunks_taken_from_freelist: 317.
num_chunk_merges: 0.
num_chunk_splits: 221.
num_chunks_enlarged: 192.
num_inconsistent_stats: 0.

CodeHeap 'non-profiled nmethods': size=120000Kb used=550Kb max_used=550Kb free=119449Kb
 bounds [0x00000217ee0b0000, 0x00000217ee320000, 0x00000217f55e0000]
CodeHeap 'profiled nmethods': size=120000Kb used=3089Kb max_used=3089Kb free=116910Kb
 bounds [0x00000217e65e0000, 0x00000217e68f0000, 0x00000217edb10000]
CodeHeap 'non-nmethods': size=5760Kb used=1365Kb max_used=1387Kb free=4394Kb
 bounds [0x00000217edb10000, 0x00000217edd80000, 0x00000217ee0b0000]
 total_blobs=2085 nmethods=1617 adapters=373
 compilation: enabled
              stopped_count=0, restarted_count=0
 full_count=0

Compilation events (20 events):
Event: 21.401 Thread 0x00000217fcc2f4e0 1621       3       java.util.stream.ReferencePipeline::sorted (6 bytes)
Event: 21.401 Thread 0x00000217fcc2f4e0 nmethod 1621 0x00000217ee138810 code [0x00000217ee1389c0, 0x00000217ee138bd8]
Event: 21.401 Thread 0x00000217fcc2f4e0 1622       3       java.util.stream.SortedOps::makeRef (10 bytes)
Event: 21.401 Thread 0x00000217fcc2f4e0 nmethod 1622 0x00000217e68cfe10 code [0x00000217e68cffc0, 0x00000217e68d0160]
Event: 21.401 Thread 0x00000217fcc2f4e0 1623       3       java.util.stream.SortedOps$OfRef::<init> (32 bytes)
Event: 21.401 Thread 0x00000217fcc2f4e0 nmethod 1623 0x00000217e68d0210 code [0x00000217e68d0400, 0x00000217e68d08f0]
Event: 21.401 Thread 0x00000217fcc2f4e0 1624       3       java.util.stream.ReferencePipeline$StatefulOp::<init> (29 bytes)
Event: 21.401 Thread 0x00000217fcc2f4e0 nmethod 1624 0x00000217e68d0a90 code [0x00000217e68d0c40, 0x00000217e68d0df8]
Event: 21.402 Thread 0x00000217fcc2f4e0 1625       3       java.util.stream.SortedOps$OfRef::opWrapSink (60 bytes)
Event: 21.402 Thread 0x00000217fcc2f4e0 nmethod 1625 0x00000217e68d0f10 code [0x00000217e68d1160, 0x00000217e68d1bf8]
Event: 21.402 Thread 0x00000217fcc2f4e0 1626       3       java.util.stream.SortedOps$SizedRefSortingSink::<init> (7 bytes)
Event: 21.402 Thread 0x00000217fcc2f4e0 nmethod 1626 0x00000217e68d1f90 code [0x00000217e68d2160, 0x00000217e68d26a0]
Event: 21.402 Thread 0x00000217fcc2f4e0 1627       3       java.util.stream.SortedOps$AbstractRefSortingSink::<init> (11 bytes)
Event: 21.402 Thread 0x00000217fcc2f4e0 nmethod 1627 0x00000217e68d2890 code [0x00000217e68d2a60, 0x00000217e68d2f38]
Event: 21.402 Thread 0x00000217fcc2f4e0 1629       3       java.util.HashMap::containsKey (14 bytes)
Event: 21.403 Thread 0x00000217fcc2f4e0 nmethod 1629 0x00000217e68d3110 code [0x00000217e68d32c0, 0x00000217e68d3448]
Event: 21.405 Thread 0x00000217fcc2f4e0 1630       3       java.lang.reflect.Field::getGenericType (20 bytes)
Event: 21.405 Thread 0x00000217fcc2f4e0 nmethod 1630 0x00000217e68d3510 code [0x00000217e68d3740, 0x00000217e68d3f50]
Event: 21.405 Thread 0x00000217fcc2f4e0 1631       1       com.google.inject.internal.KotlinSupport$KotlinUnsupported::isNullable (2 bytes)
Event: 21.405 Thread 0x00000217fcc2f4e0 nmethod 1631 0x00000217ee138c90 code [0x00000217ee138e20, 0x00000217ee138ee8]

GC Heap History (2 events):
Event: 15.172 GC heap before
{Heap before GC invocations=0 (full 0):
 garbage-first heap   total reserved 3590144K, committed 225280K, used 24576K [0x0000000724e00000, 0x0000000800000000)
  region size 2048K, 12 young (24576K), 0 survivors (0K)
 Metaspace       used 5687K, committed 5888K, reserved 1114112K
  class space    used 673K, committed 768K, reserved 1048576K
}
Event: 15.894 GC heap after
{Heap after GC invocations=1 (full 0):
 garbage-first heap   total reserved 3590144K, committed 225280K, used 4112K [0x0000000724e00000, 0x0000000800000000)
  region size 2048K, 2 young (4096K), 2 survivors (4096K)
 Metaspace       used 5687K, committed 5888K, reserved 1114112K
  class space    used 673K, committed 768K, reserved 1048576K
}

Dll operation events (8 events):
Event: 0.360 Loaded shared library C:\Program Files\Java\jdk-22\bin\java.dll
Event: 1.770 Loaded shared library C:\Program Files\Java\jdk-22\bin\jsvml.dll
Event: 2.330 Loaded shared library C:\Program Files\Java\jdk-22\bin\net.dll
Event: 2.335 Loaded shared library C:\Program Files\Java\jdk-22\bin\nio.dll
Event: 2.341 Loaded shared library C:\Program Files\Java\jdk-22\bin\zip.dll
Event: 7.931 Loaded shared library C:\Program Files\Java\jdk-22\bin\jimage.dll
Event: 9.042 Loaded shared library C:\Program Files\NetBeans-21\netbeans\java\maven\lib\jansi-native\Windows\x86_64\jansi.dll
Event: 9.317 Loaded shared library C:\Program Files\Java\jdk-22\bin\verify.dll

Deoptimization events (20 events):
Event: 20.713 Thread 0x00000217dc0907b0 DEOPT PACKING pc=0x00000217e68365fb sp=0x0000003808ffe320
Event: 20.713 Thread 0x00000217dc0907b0 DEOPT UNPACKING pc=0x00000217edb64e42 sp=0x0000003808ffd790 mode 0
Event: 20.722 Thread 0x00000217dc0907b0 DEOPT PACKING pc=0x00000217e68365fb sp=0x0000003808ffe320
Event: 20.722 Thread 0x00000217dc0907b0 DEOPT UNPACKING pc=0x00000217edb64e42 sp=0x0000003808ffd790 mode 0
Event: 20.844 Thread 0x00000217dc0907b0 Uncommon trap: trap_request=0xffffffc6 fr.pc=0x00000217ee0e08b8 relative=0x00000000000003d8
Event: 20.844 Thread 0x00000217dc0907b0 Uncommon trap: reason=bimorphic_or_optimized_type_check action=maybe_recompile pc=0x00000217ee0e08b8 method=java.util.concurrent.ConcurrentHashMap.get(Ljava/lang/Object;)Ljava/lang/Object; @ 149 c2
Event: 20.844 Thread 0x00000217dc0907b0 DEOPT PACKING pc=0x00000217ee0e08b8 sp=0x0000003808ffd800
Event: 20.844 Thread 0x00000217dc0907b0 DEOPT UNPACKING pc=0x00000217edb646a2 sp=0x0000003808ffd770 mode 2
Event: 21.008 Thread 0x00000217dc0907b0 Uncommon trap: trap_request=0xffffffc6 fr.pc=0x00000217ee121328 relative=0x0000000000000328
Event: 21.008 Thread 0x00000217dc0907b0 Uncommon trap: reason=bimorphic_or_optimized_type_check action=maybe_recompile pc=0x00000217ee121328 method=java.util.HashMap.getNode(Ljava/lang/Object;)Ljava/util/HashMap$Node; @ 63 c2
Event: 21.008 Thread 0x00000217dc0907b0 DEOPT PACKING pc=0x00000217ee121328 sp=0x0000003808ffe620
Event: 21.008 Thread 0x00000217dc0907b0 DEOPT UNPACKING pc=0x00000217edb646a2 sp=0x0000003808ffe598 mode 2
Event: 21.023 Thread 0x00000217dc0907b0 Uncommon trap: trap_request=0xffffffc6 fr.pc=0x00000217ee0e08b8 relative=0x00000000000003d8
Event: 21.023 Thread 0x00000217dc0907b0 Uncommon trap: reason=bimorphic_or_optimized_type_check action=maybe_recompile pc=0x00000217ee0e08b8 method=java.util.concurrent.ConcurrentHashMap.get(Ljava/lang/Object;)Ljava/lang/Object; @ 149 c2
Event: 21.024 Thread 0x00000217dc0907b0 DEOPT PACKING pc=0x00000217ee0e08b8 sp=0x0000003808ffde60
Event: 21.024 Thread 0x00000217dc0907b0 DEOPT UNPACKING pc=0x00000217edb646a2 sp=0x0000003808ffddd0 mode 2
Event: 21.359 Thread 0x00000217dc0907b0 Uncommon trap: trap_request=0xffffffc6 fr.pc=0x00000217ee0e08b8 relative=0x00000000000003d8
Event: 21.359 Thread 0x00000217dc0907b0 Uncommon trap: reason=bimorphic_or_optimized_type_check action=maybe_recompile pc=0x00000217ee0e08b8 method=java.util.concurrent.ConcurrentHashMap.get(Ljava/lang/Object;)Ljava/lang/Object; @ 149 c2
Event: 21.359 Thread 0x00000217dc0907b0 DEOPT PACKING pc=0x00000217ee0e08b8 sp=0x0000003808ffde60
Event: 21.359 Thread 0x00000217dc0907b0 DEOPT UNPACKING pc=0x00000217edb646a2 sp=0x0000003808ffddd0 mode 2

Classes loaded (20 events):
Event: 16.802 Loading class jdk/internal/foreign/MemorySessionImpl
Event: 16.803 Loading class java/lang/foreign/MemorySegment$Scope
Event: 16.803 Loading class java/lang/foreign/MemorySegment$Scope done
Event: 16.803 Loading class jdk/internal/foreign/MemorySessionImpl done
Event: 18.670 Loading class java/lang/Deprecated
Event: 18.670 Loading class java/lang/Deprecated done
Event: 20.767 Loading class java/lang/invoke/MethodHandle$1
Event: 20.843 Loading class java/lang/invoke/MethodHandle$1 done
Event: 20.949 Loading class sun/reflect/generics/tree/BottomSignature
Event: 20.950 Loading class sun/reflect/generics/tree/BottomSignature done
Event: 20.950 Loading class sun/reflect/generics/tree/Wildcard
Event: 20.951 Loading class sun/reflect/generics/tree/Wildcard done
Event: 20.955 Loading class sun/reflect/generics/reflectiveObjects/WildcardTypeImpl
Event: 20.956 Loading class sun/reflect/generics/reflectiveObjects/WildcardTypeImpl done
Event: 20.959 Loading class sun/reflect/annotation/AnnotatedTypeFactory$AnnotatedParameterizedTypeImpl
Event: 20.960 Loading class java/lang/reflect/AnnotatedParameterizedType
Event: 20.960 Loading class java/lang/reflect/AnnotatedParameterizedType done
Event: 20.960 Loading class sun/reflect/annotation/AnnotatedTypeFactory$AnnotatedParameterizedTypeImpl done
Event: 21.377 Loading class java/util/EventObject
Event: 21.377 Loading class java/util/EventObject done

Classes unloaded (0 events):
No events

Classes redefined (0 events):
No events

Internal exceptions (20 events):
Event: 9.251 Thread 0x00000217dc0907b0 Exception <a 'java/lang/NullPointerException'{0x00000007325d29f0}> (0x00000007325d29f0) 
thrown [s\open\src\hotspot\share\interpreter\linkResolver.cpp, line 1374]
Event: 9.252 Thread 0x00000217dc0907b0 Exception <a 'java/lang/NullPointerException'{0x00000007325d2cd0}> (0x00000007325d2cd0) 
thrown [s\open\src\hotspot\share\interpreter\linkResolver.cpp, line 1374]
Event: 9.305 Thread 0x00000217dc0907b0 Exception <a 'sun/nio/fs/WindowsException'{0x00000007325fbc30}> (0x00000007325fbc30) 
thrown [s\open\src\hotspot\share\prims\jni.cpp, line 520]
Event: 9.305 Thread 0x00000217dc0907b0 Exception <a 'sun/nio/fs/WindowsException'{0x00000007325fc670}> (0x00000007325fc670) 
thrown [s\open\src\hotspot\share\prims\jni.cpp, line 520]
Event: 9.305 Thread 0x00000217dc0907b0 Exception <a 'sun/nio/fs/WindowsException'{0x00000007325fcc98}> (0x00000007325fcc98) 
thrown [s\open\src\hotspot\share\prims\jni.cpp, line 520]
Event: 9.305 Thread 0x00000217dc0907b0 Exception <a 'sun/nio/fs/WindowsException'{0x00000007325fd298}> (0x00000007325fd298) 
thrown [s\open\src\hotspot\share\prims\jni.cpp, line 520]
Event: 9.305 Thread 0x00000217dc0907b0 Exception <a 'sun/nio/fs/WindowsException'{0x00000007325fd810}> (0x00000007325fd810) 
thrown [s\open\src\hotspot\share\prims\jni.cpp, line 520]
Event: 9.305 Thread 0x00000217dc0907b0 Exception <a 'sun/nio/fs/WindowsException'{0x00000007325fdd68}> (0x00000007325fdd68) 
thrown [s\open\src\hotspot\share\prims\jni.cpp, line 520]
Event: 9.305 Thread 0x00000217dc0907b0 Exception <a 'sun/nio/fs/WindowsException'{0x00000007325fe270}> (0x00000007325fe270) 
thrown [s\open\src\hotspot\share\prims\jni.cpp, line 520]
Event: 9.305 Thread 0x00000217dc0907b0 Exception <a 'sun/nio/fs/WindowsException'{0x00000007325fe730}> (0x00000007325fe730) 
thrown [s\open\src\hotspot\share\prims\jni.cpp, line 520]
Event: 9.773 Thread 0x00000217dc0907b0 Exception <a 'java/lang/NoSuchMethodError'{0x00000007322704b8}: 'void java.lang.invoke.DirectMethodHandle$Holder.invokeStatic(java.lang.Object, java.lang.Object, java.lang.Object)'> (0x00000007322704b8) 
thrown [s\open\src\hotspot\share\interpreter\linkResolver.cpp, line 774]
Event: 10.680 Thread 0x00000217dc0907b0 Exception <a 'java/lang/NoSuchMethodError'{0x0000000732024118}: 'java.lang.Object java.lang.invoke.DirectMethodHandle$Holder.invokeSpecialIFC(java.lang.Object, java.lang.Object, java.lang.Object, java.lang.Object)'> (0x0000000732024118) 
thrown [s\open\src\hotspot\share\interpreter\linkResolver.cpp, line 774]
Event: 12.543 Thread 0x00000217dc0907b0 Exception <a 'java/lang/NoSuchMethodError'{0x0000000731d97070}: 'void java.lang.invoke.DirectMethodHandle$Holder.invokeSpecial(java.lang.Object, java.lang.Object, java.lang.Object)'> (0x0000000731d97070) 
thrown [s\open\src\hotspot\share\interpreter\linkResolver.cpp, line 774]
Event: 12.773 Thread 0x00000217dc0907b0 Exception <a 'java/lang/NoSuchMethodError'{0x0000000731ad8228}: 'java.lang.Object java.lang.invoke.DirectMethodHandle$Holder.invokeInterface(java.lang.Object, java.lang.Object)'> (0x0000000731ad8228) 
thrown [s\open\src\hotspot\share\interpreter\linkResolver.cpp, line 774]
Event: 12.842 Thread 0x00000217dc0907b0 Exception <a 'java/lang/NoSuchMethodError'{0x0000000731b6a2f0}: 'int java.lang.invoke.DirectMethodHandle$Holder.invokeStatic(java.lang.Object, java.lang.Object, java.lang.Object, java.lang.Object)'> (0x0000000731b6a2f0) 
thrown [s\open\src\hotspot\share\interpreter\linkResolver.cpp, line 774]
Event: 12.843 Thread 0x00000217dc0907b0 Exception <a 'java/lang/NoSuchMethodError'{0x0000000731b6d9b0}: 'java.lang.Object java.lang.invoke.Invokers$Holder.invokeExact_MT(java.lang.Object, java.lang.Object, java.lang.Object, java.lang.Object, java.lang.Object, java.lang.Object)'> (0x0000000731b6d9b0) 
thrown [s\open\src\hotspot\share\interpreter\linkResolver.cpp, line 774]
Event: 12.845 Thread 0x00000217dc0907b0 Exception <a 'java/lang/NoSuchMethodError'{0x0000000731b7c750}: 'int java.lang.invoke.DirectMethodHandle$Holder.invokeSpecialIFC(java.lang.Object, java.lang.Object, java.lang.Object, java.lang.Object, java.lang.Object)'> (0x0000000731b7c750) 
thrown [s\open\src\hotspot\share\interpreter\linkResolver.cpp, line 774]
Event: 13.178 Thread 0x00000217dc0907b0 Exception <a 'java/lang/NoSuchMethodError'{0x00000007318f3450}: 'java.lang.Object java.lang.invoke.DirectMethodHandle$Holder.newInvokeSpecial(java.lang.Object, java.lang.Object, java.lang.Object, java.lang.Object, java.lang.Object)'> (0x00000007318f3450) 
thrown [s\open\src\hotspot\share\interpreter\linkResolver.cpp, line 774]
Event: 13.436 Thread 0x00000217dc0907b0 Exception <a 'java/lang/NoSuchMethodError'{0x00000007319e8c80}: 'int java.lang.invoke.DirectMethodHandle$Holder.invokeStaticInit(java.lang.Object, java.lang.Object)'> (0x00000007319e8c80) 
thrown [s\open\src\hotspot\share\interpreter\linkResolver.cpp, line 774]
Event: 14.032 Thread 0x00000217dc0907b0 Exception <a 'java/lang/NoClassDefFoundError'{0x000000073161d4e0}: javax/enterprise/inject/Typed> (0x000000073161d4e0) 
thrown [s\open\src\hotspot\share\classfile\systemDictionary.cpp, line 302]

ZGC Phase Switch (0 events):
No events

VM Operations (20 events):
Event: 12.485 Executing VM operation: Cleanup
Event: 12.504 Executing VM operation: Cleanup done
Event: 13.526 Executing VM operation: Cleanup
Event: 13.994 Executing VM operation: Cleanup done
Event: 14.995 Executing VM operation: Cleanup
Event: 15.151 Executing VM operation: Cleanup done
Event: 15.172 Executing VM operation: G1CollectForAllocation (G1 Evacuation Pause)
Event: 15.894 Executing VM operation: G1CollectForAllocation (G1 Evacuation Pause) done
Event: 16.901 Executing VM operation: Cleanup
Event: 16.901 Executing VM operation: Cleanup done
Event: 17.916 Executing VM operation: Cleanup
Event: 17.932 Executing VM operation: Cleanup done
Event: 18.947 Executing VM operation: Cleanup
Event: 18.947 Executing VM operation: Cleanup done
Event: 20.968 Executing VM operation: Cleanup
Event: 20.983 Executing VM operation: Cleanup done
Event: 21.107 Executing VM operation: HandshakeAllThreads (Deoptimize)
Event: 21.107 Executing VM operation: HandshakeAllThreads (Deoptimize) done
Event: 21.388 Executing VM operation: HandshakeAllThreads (Deoptimize)
Event: 21.388 Executing VM operation: HandshakeAllThreads (Deoptimize) done

Events (11 events):
Event: 1.103 Thread 0x00000217dc0907b0 Thread added: 0x00000217dc0907b0
Event: 1.763 Thread 0x00000217fcc0dba0 Thread added: 0x00000217fcc0dba0
Event: 1.766 Thread 0x00000217fcc0fbc0 Thread added: 0x00000217fcc0fbc0
Event: 1.766 Thread 0x00000217fcc129a0 Thread added: 0x00000217fcc129a0
Event: 1.766 Thread 0x00000217fcc13600 Thread added: 0x00000217fcc13600
Event: 1.766 Thread 0x00000217fcc16070 Thread added: 0x00000217fcc16070
Event: 1.767 Thread 0x00000217fcc1aae0 Thread added: 0x00000217fcc1aae0
Event: 1.767 Thread 0x00000217fcc1b870 Thread added: 0x00000217fcc1b870
Event: 1.767 Thread 0x00000217fcc2f4e0 Thread added: 0x00000217fcc2f4e0
Event: 1.794 Thread 0x00000217c52a93b0 Thread added: 0x00000217c52a93b0
Event: 2.311 Thread 0x00000217c52b4d20 Thread added: 0x00000217c52b4d20


Dynamic libraries:
0x00007ff7ed1d0000 - 0x00007ff7ed1e0000 	C:\Program Files\Java\jdk-22\bin\java.exe
0x00007ffc3f9d0000 - 0x00007ffc3fbe7000 	C:\WINDOWS\SYSTEM32\ntdll.dll
0x00007ffc3e920000 - 0x00007ffc3e9e4000 	C:\WINDOWS\System32\KERNEL32.DLL
0x00007ffc3cf80000 - 0x00007ffc3d327000 	C:\WINDOWS\System32\KERNELBASE.dll
0x00007ffc3ce60000 - 0x00007ffc3cf71000 	C:\WINDOWS\System32\ucrtbase.dll
0x00007ffc0f400000 - 0x00007ffc0f417000 	C:\Program Files\Java\jdk-22\bin\jli.dll
0x00007ffc3e9f0000 - 0x00007ffc3eaa2000 	C:\WINDOWS\System32\ADVAPI32.dll
0x00007ffc3eab0000 - 0x00007ffc3eb57000 	C:\WINDOWS\System32\msvcrt.dll
0x00007ffc3dbc0000 - 0x00007ffc3dc68000 	C:\WINDOWS\System32\sechost.dll
0x00007ffc3ce30000 - 0x00007ffc3ce58000 	C:\WINDOWS\System32\bcrypt.dll
0x00007ffc3f650000 - 0x00007ffc3f765000 	C:\WINDOWS\System32\RPCRT4.dll
0x00007ffc3e520000 - 0x00007ffc3e6ce000 	C:\WINDOWS\System32\USER32.dll
0x00007ffc3d4c0000 - 0x00007ffc3d4e6000 	C:\WINDOWS\System32\win32u.dll
0x00007ffc3db70000 - 0x00007ffc3db99000 	C:\WINDOWS\System32\GDI32.dll
0x00007ffc3d3a0000 - 0x00007ffc3d4b9000 	C:\WINDOWS\System32\gdi32full.dll
0x00007ffc3d4f0000 - 0x00007ffc3d58a000 	C:\WINDOWS\System32\msvcp_win.dll
0x00007ffbf78f0000 - 0x00007ffbf790b000 	C:\Program Files\Java\jdk-22\bin\VCRUNTIME140.dll
0x00007ffc10350000 - 0x00007ffc105e3000 	C:\WINDOWS\WinSxS\amd64_microsoft.windows.common-controls_6595b64144ccf1df_6.0.22621.3527_none_270e469b73872a76\COMCTL32.dll
0x00007ffc343d0000 - 0x00007ffc343da000 	C:\WINDOWS\SYSTEM32\VERSION.dll
0x00007ffc3f2b0000 - 0x00007ffc3f2e1000 	C:\WINDOWS\System32\IMM32.DLL
0x00007ffc0e880000 - 0x00007ffc0e88c000 	C:\Program Files\Java\jdk-22\bin\vcruntime140_1.dll
0x00007ffbd0ad0000 - 0x00007ffbd0b5e000 	C:\Program Files\Java\jdk-22\bin\msvcp140.dll
0x00007ffba99a0000 - 0x00007ffbaa6e8000 	C:\Program Files\Java\jdk-22\bin\server\jvm.dll
0x00007ffc3e6d0000 - 0x00007ffc3e741000 	C:\WINDOWS\System32\WS2_32.dll
0x00007ffc3cbb0000 - 0x00007ffc3cbfd000 	C:\WINDOWS\SYSTEM32\POWRPROF.dll
0x00007ffc345c0000 - 0x00007ffc345f4000 	C:\WINDOWS\SYSTEM32\WINMM.dll
0x00007ffc3cb90000 - 0x00007ffc3cba3000 	C:\WINDOWS\SYSTEM32\UMPDC.dll
0x00007ffc3bcd0000 - 0x00007ffc3bce8000 	C:\WINDOWS\SYSTEM32\kernel.appcore.dll
0x00007ffbf77d0000 - 0x00007ffbf77da000 	C:\Program Files\Java\jdk-22\bin\jimage.dll
0x00007ffc3a670000 - 0x00007ffc3a8a2000 	C:\WINDOWS\SYSTEM32\DBGHELP.DLL
0x00007ffc3d700000 - 0x00007ffc3da88000 	C:\WINDOWS\System32\combase.dll
0x00007ffc3da90000 - 0x00007ffc3db67000 	C:\WINDOWS\System32\OLEAUT32.dll
0x00007ffc2a930000 - 0x00007ffc2a962000 	C:\WINDOWS\SYSTEM32\dbgcore.DLL
0x00007ffc3cdb0000 - 0x00007ffc3ce29000 	C:\WINDOWS\System32\bcryptPrimitives.dll
0x00007ffbf78d0000 - 0x00007ffbf78ee000 	C:\Program Files\Java\jdk-22\bin\java.dll
0x00007ffc3dc70000 - 0x00007ffc3e4cc000 	C:\WINDOWS\System32\SHELL32.dll
0x00007ffc3f2f0000 - 0x00007ffc3f495000 	C:\WINDOWS\System32\ole32.dll
0x00007ffc3abe0000 - 0x00007ffc3b4d6000 	C:\WINDOWS\SYSTEM32\windows.storage.dll
0x00007ffc3aaa0000 - 0x00007ffc3abde000 	C:\WINDOWS\SYSTEM32\wintypes.dll
0x00007ffc3ed30000 - 0x00007ffc3ee25000 	C:\WINDOWS\System32\SHCORE.dll
0x00007ffc3ec60000 - 0x00007ffc3ecbe000 	C:\WINDOWS\System32\shlwapi.dll
0x00007ffc3cc20000 - 0x00007ffc3cc41000 	C:\WINDOWS\SYSTEM32\profapi.dll
0x00007ffbdd120000 - 0x00007ffbdd1f7000 	C:\Program Files\Java\jdk-22\bin\jsvml.dll
0x00007ffbf77c0000 - 0x00007ffbf77d0000 	C:\Program Files\Java\jdk-22\bin\net.dll
0x00007ffc3c130000 - 0x00007ffc3c199000 	C:\WINDOWS\system32\mswsock.dll
0x00007ffbdd100000 - 0x00007ffbdd116000 	C:\Program Files\Java\jdk-22\bin\nio.dll
0x00007ffbdd0e0000 - 0x00007ffbdd0f7000 	C:\Program Files\Java\jdk-22\bin\zip.dll
0x0000000069ac0000 - 0x0000000069ae4000 	C:\Program Files\NetBeans-21\netbeans\java\maven\lib\jansi-native\Windows\x86_64\jansi.dll
0x00007ffbf77b0000 - 0x00007ffbf77c0000 	C:\Program Files\Java\jdk-22\bin\verify.dll

dbghelp: loaded successfully - version: 4.0.5 - missing functions: none
symbol engine: initialized successfully - sym options: 0x614 - pdb path: .;C:\Program Files\Java\jdk-22\bin;C:\WINDOWS\SYSTEM32;C:\WINDOWS\WinSxS\amd64_microsoft.windows.common-controls_6595b64144ccf1df_6.0.22621.3527_none_270e469b73872a76;C:\Program Files\Java\jdk-22\bin\server;C:\Program Files\NetBeans-21\netbeans\java\maven\lib\jansi-native\Windows\x86_64

VM Arguments:
jvm_args: -Dclassworlds.conf=C:\Program Files\NetBeans-21\netbeans\java\maven\bin\m2.conf -Dmaven.home=C:\Program Files\NetBeans-21\netbeans\java\maven -Dlibrary.jansi.path=C:\Program Files\NetBeans-21\netbeans\java\maven\lib\jansi-native -Dmaven.multiModuleProjectDirectory=C:\Users\ADMIN\OneDrive\Documents\GitHub\Management_Project_Java\mavenproject1 
java_command: org.codehaus.plexus.classworlds.launcher.Launcher -Dexec.vmArgs=--enable-preview -Dexec.args=${exec.vmArgs} -classpath %classpath ${exec.mainClass} ${exec.appArgs} -Dexec.appArgs= -Dexec.mainClass=GUI.Login -Dexec.executable=C:\Program Files\Java\jdk-22\bin\java.exe -Dmaven.ext.class.path=C:\Program Files\NetBeans-21\netbeans\java\maven-nblib\netbeans-eventspy.jar --no-transfer-progress process-classes org.codehaus.mojo:exec-maven-plugin:3.1.0:exec
java_class_path (initial): C:\Program Files\NetBeans-21\netbeans\java\maven\boot\plexus-classworlds-2.7.0.jar
Launcher Type: SUN_STANDARD

[Global flags]
     intx CICompilerCount                          = 4                                         {product} {ergonomic}
     uint ConcGCThreads                            = 3                                         {product} {ergonomic}
     uint G1ConcRefinementThreads                  = 10                                        {product} {ergonomic}
   size_t G1HeapRegionSize                         = 2097152                                   {product} {ergonomic}
   size_t InitialHeapSize                          = 230686720                                 {product} {ergonomic}
   size_t MarkStackSize                            = 4194304                                   {product} {ergonomic}
   size_t MaxHeapSize                              = 3676307456                                {product} {ergonomic}
   size_t MaxNewSize                               = 2204106752                                {product} {ergonomic}
   size_t MinHeapDeltaBytes                        = 2097152                                   {product} {ergonomic}
   size_t MinHeapSize                              = 8388608                                   {product} {ergonomic}
    uintx NonNMethodCodeHeapSize                   = 5839372                                {pd product} {ergonomic}
    uintx NonProfiledCodeHeapSize                  = 122909434                              {pd product} {ergonomic}
    uintx ProfiledCodeHeapSize                     = 122909434                              {pd product} {ergonomic}
    uintx ReservedCodeCacheSize                    = 251658240                              {pd product} {ergonomic}
     bool SegmentedCodeCache                       = true                                      {product} {ergonomic}
   size_t SoftMaxHeapSize                          = 3676307456                             {manageable} {ergonomic}
     bool UseCompressedOops                        = true                           {product lp64_product} {ergonomic}
     bool UseG1GC                                  = true                                      {product} {ergonomic}
     bool UseLargePagesIndividualAllocation        = false                                  {pd product} {ergonomic}

Logging:
Log output configuration:
 #0: stdout all=warning uptime,level,tags foldmultilines=false
 #1: stderr all=off uptime,level,tags foldmultilines=false

Environment Variables:
JAVA_HOME=C:\Program Files\Java\jdk-22
PATH=C:\Program Files (x86)\VMware\VMware Workstation\bin\;C:\Program Files\Common Files\Oracle\Java\javapath;C:\Program Files (x86)\Common Files\Oracle\Java\javapath;C:\Windows\system32;C:\Windows;C:\Windows\System32\Wbem;C:\Windows\System32\WindowsPowerShell\v1.0\;C:\Windows\System32\OpenSSH\;C:\Program Files (x86)\NVIDIA Corporation\PhysX\Common;C:\Program Files\NVIDIA Corporation\NVIDIA NvDLISR;C:\msys64\mingw64\bin;C:\WINDOWS\system32;C:\WINDOWS;C:\WINDOWS\System32\Wbem;C:\WINDOWS\System32\WindowsPowerShell\v1.0\;C:\WINDOWS\System32\OpenSSH\;C:\Program Files (x86)\Microsoft SQL Server\110\Tools\Binn\;C:\Program Files\Microsoft SQL Server\110\Tools\Binn\;C:\Program Files\Microsoft SQL Server\110\DTS\Binn\;C:\Program Files (x86)\Microsoft SQL Server\110\Tools\Binn\ManagementStudio\;C:\Program Files (x86)\Microsoft SQL Server\110\DTS\Binn\;C:\Program Files\Microsoft SQL Server\150\Tools\Binn\;C:\Program Files\Microsoft SQL Server\Client SDK\ODBC\170\Tools\Binn\;C:\Program Files\dotnet\;C:\Program Files\Git\cmd;C:\Users\ADMIN\AppData\Local\Programs\Python\Python312\Scripts\;C:\Users\ADMIN\AppData\Local\Programs\Python\Python312\;C:\Users\ADMIN\AppData\Local\Programs\Python\Launcher\;C:\Users\ADMIN\AppData\Local\Microsoft\WindowsApps;C:\Users\ADMIN\.dotnet\tools;C:\Users\ADMIN\AppData\Local\Programs\Microsoft VS Code\bin;C:\Users\ADMIN\AppData\Local\GitHubDesktop\bin;C:\Program Files\Java\jdk-22\bin;
USERNAME=ADMIN
OS=Windows_NT
PROCESSOR_IDENTIFIER=AMD64 Family 25 Model 68 Stepping 1, AuthenticAMD
TMP=C:\Users\ADMIN\AppData\Local\Temp
TEMP=C:\Users\ADMIN\AppData\Local\Temp




Periodic native trim disabled

---------------  S Y S T E M  ---------------

OS:
 Windows 11 , 64 bit Build 22621 (10.0.22621.3527)
OS uptime: 1 days 1:44 hours
Hyper-V role detected

CPU: total 12 (initial active 12) (12 cores per cpu, 2 threads per core) family 25 model 68 stepping 1 microcode 0x0, cx8, cmov, fxsr, ht, mmx, 3dnowpref, sse, sse2, sse3, ssse3, sse4a, sse4.1, sse4.2, popcnt, lzcnt, tsc, tscinvbit, avx, avx2, aes, erms, clmul, bmi1, bmi2, adx, sha, fma, vzeroupper, clflush, clflushopt, hv, rdtscp, rdpid, fsrm, f16c, cet_ss
Processor Information for all 12 processors :
  Max Mhz: 3301, Current Mhz: 3301, Mhz Limit: 3301

Memory: 4k page, system-wide physical 14020M (1085M free)
TotalPageFile size 57028M (AvailPageFile size 2339M)
current process WorkingSet (physical memory assigned to process): 74M, peak: 86M
current process commit charge ("private bytes"): 327M, peak: 327M

vm_info: Java HotSpot(TM) 64-Bit Server VM (22+36-2370) for windows-amd64 JRE (22+36-2370), built on 2024-02-15T22:15:19Z by "mach5one" with MS VC++ 17.6 (VS2022)

END.
