#
# There is insufficient memory for the Java Runtime Environment to continue.
# Native memory allocation (mmap) failed to map 65536 bytes. Error detail: Failed to commit metaspace.
# Possible reasons:
#   The system is out of physical RAM or swap space
#   This process is running with CompressedOops enabled, and the Java Heap may be blocking the growth of the native heap
# Possible solutions:
#   Reduce memory load on the system
#   Increase physical memory or swap space
#   Check if swap backing store is full
#   Decrease Java heap size (-Xmx/-Xms)
#   Decrease number of Java threads
#   Decrease Java thread stack sizes (-Xss)
#   Set larger code cache with -XX:ReservedCodeCacheSize=
#   JVM is running with Zero Based Compressed Oops mode in which the Java heap is
#     placed in the first 32GB address space. The Java Heap base address is the
#     maximum limit for the native heap growth. Please use -XX:HeapBaseMinAddress
#     to set the Java Heap base and to place the Java Heap above 32GB virtual address.
# This output file may be truncated or incomplete.
#
#  Out of Memory Error (virtualSpaceNode.cpp:112), pid=32664, tid=32700
#
# JRE version: Java(TM) SE Runtime Environment (22.0+36) (build 22+36-2370)
# Java VM: Java HotSpot(TM) 64-Bit Server VM (22+36-2370, mixed mode, sharing, tiered, compressed oops, compressed class ptrs, g1 gc, windows-amd64)
# No core dump will be written. Minidumps are not enabled by default on client versions of Windows
#

---------------  S U M M A R Y ------------

Command Line: -Dclassworlds.conf=C:\Program Files\NetBeans-21\netbeans\java\maven\bin\m2.conf -Dmaven.home=C:\Program Files\NetBeans-21\netbeans\java\maven -Dlibrary.jansi.path=C:\Program Files\NetBeans-21\netbeans\java\maven\lib\jansi-native -Dmaven.multiModuleProjectDirectory=C:\Users\ADMIN\OneDrive\Documents\GitHub\Management_Project_Java\mavenproject1 org.codehaus.plexus.classworlds.launcher.Launcher -Dexec.vmArgs=--enable-preview -Dexec.args=${exec.vmArgs} -classpath %classpath ${exec.mainClass} ${exec.appArgs} -Dexec.appArgs= -Dexec.mainClass=GUI.Login -Dexec.executable=C:\Program Files\Java\jdk-22\bin\java.exe -Dmaven.ext.class.path=C:\Program Files\NetBeans-21\netbeans\java\maven-nblib\netbeans-eventspy.jar --no-transfer-progress process-classes org.codehaus.mojo:exec-maven-plugin:3.1.0:exec

Host: AMD Ryzen 5 6600HS Creator Edition             , 12 cores, 13G,  Windows 11 , 64 bit Build 22621 (10.0.22621.3527)
Time: Thu May 16 16:18:43 2024 SE Asia Standard Time elapsed time: 47.550927 seconds (0d 0h 0m 47s)

---------------  T H R E A D  ---------------

Current thread (0x000001cd43e1f710):  JavaThread "main"             [_thread_in_vm, id=32700, stack(0x00000065d7400000,0x00000065d7500000) (1024K)]

Stack: [0x00000065d7400000,0x00000065d7500000]
Native frames: (J=compiled Java code, j=interpreted, Vv=VM code, C=native code)
V  [jvm.dll+0x6e2349]  (no source info available)
V  [jvm.dll+0x874ed3]  (no source info available)
V  [jvm.dll+0x8772fe]  (no source info available)
V  [jvm.dll+0x8779d3]  (no source info available)
V  [jvm.dll+0x27fcb6]  (no source info available)
V  [jvm.dll+0x870b1e]  (no source info available)
V  [jvm.dll+0x6853b5]  (no source info available)
V  [jvm.dll+0x1e3e9c]  (no source info available)
V  [jvm.dll+0x1e3c6e]  (no source info available)
V  [jvm.dll+0x687d08]  (no source info available)
V  [jvm.dll+0x22509c]  (no source info available)
V  [jvm.dll+0x685dce]  (no source info available)
V  [jvm.dll+0x26b100]  (no source info available)
V  [jvm.dll+0x215ce7]  (no source info available)
V  [jvm.dll+0x20b4de]  (no source info available)
V  [jvm.dll+0x5c471f]  (no source info available)
V  [jvm.dll+0x7ec136]  (no source info available)
V  [jvm.dll+0x47cb26]  (no source info available)
V  [jvm.dll+0x4829d8]  (no source info available)
C  [java.dll+0x17e4]  (no source info available)
C  0x000001cd55e62d0c  (no source info available)

The last pc belongs to native nmethod (printed below).
Java frames: (J=compiled Java code, j=interpreted, Vv=VM code)
J 1123  java.lang.ClassLoader.defineClass1(Ljava/lang/ClassLoader;Ljava/lang/String;[BIILjava/security/ProtectionDomain;Ljava/lang/String;)Ljava/lang/Class; java.base@22 (0 bytes) @ 0x000001cd55e62c71 [0x000001cd55e62ba0+0x00000000000000d1]
J 1138 c1 java.lang.ClassLoader.defineClass(Ljava/lang/String;[BIILjava/security/ProtectionDomain;)Ljava/lang/Class; java.base@22 (43 bytes) @ 0x000001cd4e55527c [0x000001cd4e554f20+0x000000000000035c]
J 1137 c1 java.security.SecureClassLoader.defineClass(Ljava/lang/String;[BIILjava/security/CodeSource;)Ljava/lang/Class; java.base@22 (16 bytes) @ 0x000001cd4e554b1c [0x000001cd4e554a40+0x00000000000000dc]
J 1143 c1 java.net.URLClassLoader.defineClass(Ljava/lang/String;Ljdk/internal/loader/Resource;)Ljava/lang/Class; java.base@22 (224 bytes) @ 0x000001cd4e560054 [0x000001cd4e55eda0+0x00000000000012b4]
J 934 c1 java.net.URLClassLoader$1.run()Ljava/lang/Class; java.base@22 (81 bytes) @ 0x000001cd4e4f9e6c [0x000001cd4e4f9240+0x0000000000000c2c]
J 933 c1 java.net.URLClassLoader$1.run()Ljava/lang/Object; java.base@22 (5 bytes) @ 0x000001cd4e4f8d3c [0x000001cd4e4f8cc0+0x000000000000007c]
J 778 c1 java.security.AccessController.doPrivileged(Ljava/security/PrivilegedExceptionAction;Ljava/security/AccessControlContext;)Ljava/lang/Object; java.base@22 (26 bytes) @ 0x000001cd4e495794 [0x000001cd4e4955a0+0x00000000000001f4]
J 939 c1 java.net.URLClassLoader.findClass(Ljava/lang/String;)Ljava/lang/Class; java.base@22 (47 bytes) @ 0x000001cd4e4fb7b4 [0x000001cd4e4fb600+0x00000000000001b4]
J 885 c1 org.codehaus.plexus.classworlds.realm.ClassRealm.loadClassFromSelf(Ljava/lang/String;)Ljava/lang/Class; (40 bytes) @ 0x000001cd4e4e7d2c [0x000001cd4e4e79a0+0x000000000000038c]
J 813 c1 org.codehaus.plexus.classworlds.strategy.SelfFirstStrategy.loadClass(Ljava/lang/String;)Ljava/lang/Class; (50 bytes) @ 0x000001cd4e4a891c [0x000001cd4e4a8540+0x00000000000003dc]
J 552 c1 org.codehaus.plexus.classworlds.realm.ClassRealm.loadClass(Ljava/lang/String;Z)Ljava/lang/Class; (33 bytes) @ 0x000001cd4e41f364 [0x000001cd4e41f1e0+0x0000000000000184]
J 551 c1 org.codehaus.plexus.classworlds.realm.ClassRealm.loadClass(Ljava/lang/String;)Ljava/lang/Class; (7 bytes) @ 0x000001cd4e41ee44 [0x000001cd4e41ed40+0x0000000000000104]
v  ~StubRoutines::call_stub 0x000001cd5587100d
j  org.eclipse.sisu.space.CloningClassSpace$CloningClassLoader.findClass(Ljava/lang/String;)Ljava/lang/Class;+31
J 777 c1 java.lang.ClassLoader.loadClass(Ljava/lang/String;Z)Ljava/lang/Class; java.base@22 (121 bytes) @ 0x000001cd4e494634 [0x000001cd4e494060+0x00000000000005d4]
j  org.eclipse.sisu.space.CloningClassSpace$CloningClassLoader.loadClass(Ljava/lang/String;Z)Ljava/lang/Class;+33
j  java.lang.ClassLoader.loadClass(Ljava/lang/String;)Ljava/lang/Class;+3 java.base@22
j  org.eclipse.sisu.space.URLClassSpace.loadClass(Ljava/lang/String;)Ljava/lang/Class;+5
j  org.eclipse.sisu.space.NamedClass.load()Ljava/lang/Class;+8
j  org.eclipse.sisu.wire.DependencyAnalyzer.visit(Lcom/google/inject/spi/ProviderInstanceBinding;)Ljava/lang/Boolean;+21
j  org.eclipse.sisu.wire.DependencyAnalyzer.visit(Lcom/google/inject/spi/ProviderInstanceBinding;)Ljava/lang/Object;+2
j  com.google.inject.internal.ProviderInstanceBindingImpl.acceptTargetVisitor(Lcom/google/inject/spi/BindingTargetVisitor;)Ljava/lang/Object;+27
j  org.eclipse.sisu.wire.ElementAnalyzer.visit(Lcom/google/inject/Binding;)Ljava/lang/Void;+43
j  org.eclipse.sisu.wire.ElementAnalyzer.visit(Lcom/google/inject/Binding;)Ljava/lang/Object;+2
j  com.google.inject.internal.BindingImpl.acceptVisitor(Lcom/google/inject/spi/ElementVisitor;)Ljava/lang/Object;+2
j  org.eclipse.sisu.wire.WireModule.configure(Lcom/google/inject/Binder;)V+45
j  com.google.inject.spi.Elements$RecordingBinder.install(Lcom/google/inject/Module;)V+209
j  com.google.inject.spi.Elements.getElements(Lcom/google/inject/Stage;Ljava/lang/Iterable;)Ljava/util/List;+40
j  com.google.inject.internal.InjectorShell$Builder.build(Lcom/google/inject/internal/Initializer;Lcom/google/inject/internal/ProcessedBindingData;Lcom/google/inject/internal/util/ContinuousStopwatch;Lcom/google/inject/internal/Errors;)Ljava/util/List;+163
j  com.google.inject.internal.InternalInjectorCreator.build()Lcom/google/inject/Injector;+48
j  com.google.inject.Guice.createInjector(Lcom/google/inject/Stage;Ljava/lang/Iterable;)Lcom/google/inject/Injector;+15
j  com.google.inject.Guice.createInjector(Ljava/lang/Iterable;)Lcom/google/inject/Injector;+4
j  com.google.inject.Guice.createInjector([Lcom/google/inject/Module;)Lcom/google/inject/Injector;+4
j  org.codehaus.plexus.DefaultPlexusContainer.addPlexusInjector(Ljava/util/List;[Lcom/google/inject/Module;)Lcom/google/inject/Injector;+88
j  org.codehaus.plexus.DefaultPlexusContainer.<init>(Lorg/codehaus/plexus/ContainerConfiguration;[Lcom/google/inject/Module;)V+400
j  org.apache.maven.cli.MavenCli.container(Lorg/apache/maven/cli/CliRequest;)Lorg/codehaus/plexus/PlexusContainer;+279
j  org.apache.maven.cli.MavenCli.doMain(Lorg/apache/maven/cli/CliRequest;)I+34
j  org.apache.maven.cli.MavenCli.main([Ljava/lang/String;Lorg/codehaus/plexus/classworlds/ClassWorld;)I+24
j  java.lang.invoke.DirectMethodHandle$Holder.invokeStatic(Ljava/lang/Object;Ljava/lang/Object;Ljava/lang/Object;)I+11 java.base@22
j  java.lang.invoke.LambdaForm$MH+0x000001cd01009400.invoke(Ljava/lang/Object;Ljava/lang/Object;Ljava/lang/Object;Ljava/lang/Object;)Ljava/lang/Object;+54 java.base@22
j  java.lang.invoke.LambdaForm$MH+0x000001cd01009800.invokeExact_MT(Ljava/lang/Object;Ljava/lang/Object;Ljava/lang/Object;Ljava/lang/Object;Ljava/lang/Object;)Ljava/lang/Object;+22 java.base@22
j  jdk.internal.reflect.DirectMethodHandleAccessor.invokeImpl(Ljava/lang/Object;[Ljava/lang/Object;)Ljava/lang/Object;+72 java.base@22
j  jdk.internal.reflect.DirectMethodHandleAccessor.invoke(Ljava/lang/Object;[Ljava/lang/Object;)Ljava/lang/Object;+23 java.base@22
j  java.lang.reflect.Method.invoke(Ljava/lang/Object;[Ljava/lang/Object;)Ljava/lang/Object;+102 java.base@22
j  org.codehaus.plexus.classworlds.launcher.Launcher.launchEnhanced([Ljava/lang/String;)V+45
j  org.codehaus.plexus.classworlds.launcher.Launcher.launch([Ljava/lang/String;)V+2
j  org.codehaus.plexus.classworlds.launcher.Launcher.mainWithExitCode([Ljava/lang/String;)I+108
j  org.codehaus.plexus.classworlds.launcher.Launcher.main([Ljava/lang/String;)V+1
v  ~StubRoutines::call_stub 0x000001cd5587100d

Compiled method (n/a) 76981 1123     n 0       java.lang.ClassLoader::defineClass1 (native)
 total in heap  [0x000001cd55e62a10,0x000001cd55e63050] = 1600
 relocation     [0x000001cd55e62b68,0x000001cd55e62ba0] = 56
 main code      [0x000001cd55e62ba0,0x000001cd55e6304f] = 1199
 stub code      [0x000001cd55e6304f,0x000001cd55e63050] = 1

[Constant Pool (empty)]

[MachCode]
[Entry Point]
  # {method} {0x000001cd003fec58} 'defineClass1' '(Ljava/lang/ClassLoader;Ljava/lang/String;[BIILjava/security/ProtectionDomain;Ljava/lang/String;)Ljava/lang/Class;' in 'java/lang/ClassLoader'
  # parm0:    rdx:rdx   = 'java/lang/ClassLoader'
  # parm1:    r8:r8     = 'java/lang/String'
  # parm2:    r9:r9     = '[B'
  # parm3:    rdi       = int
  # parm4:    rsi       = int
  # parm5:    rcx:rcx   = 'java/security/ProtectionDomain'
  # parm6:    [sp+0xa0]   = 'java/lang/String'  (sp of caller)
  0x000001cd55e62ba0: 448b 5208 | 49bb 0000 | 0000 cd01 | 0000 4d03 | d349 3bc2 | 0f84 0600 

  0x000001cd55e62bb8: ;   {runtime_call ic_miss_stub}
  0x000001cd55e62bb8: 0000 e9c1 | bba5 ff90 
[Verified Entry Point]
  0x000001cd55e62bc0: 8984 2400 | 80ff ff55 | 488b ec48 | 81ec 9000 | 0000 6690 | 4181 7f20 | 0100 0000 

  0x000001cd55e62bdc: ;   {runtime_call StubRoutines (final stubs)}
  0x000001cd55e62bdc: 7405 e8fd | 20a4 ff48 | 837d 1000 | 488d 4510 | 480f 4445 | 1048 8944 | 2440 4889 | 4c24 7048 
  0x000001cd55e62bfc: 83f9 0048 | 8d44 2470 | 480f 4444 | 2470 4889 | 4424 3848 | 8974 2430 | 4889 7c24 | 284c 894c 
  0x000001cd55e62c1c: 2458 4983 | f900 488d | 4424 5848 | 0f44 4424 | 5848 8944 | 2420 4c89 | 4424 5049 | 83f8 004c 
  0x000001cd55e62c3c: 8d4c 2450 | 4c0f 444c | 2450 4889 | 5424 4848 | 83fa 004c | 8d44 2448 | 4c0f 4444 

  0x000001cd55e62c58: ;   {oop(a 'java/lang/Class'{0x000000073106eb10} = 'java/lang/ClassLoader')}
  0x000001cd55e62c58: 2448 49be | 10eb 0631 | 0700 0000 | 4c89 7424 | 784c 8d74 | 2478 498b | d6c5 f877 

  0x000001cd55e62c74: ;   {internal_word}
  0x000001cd55e62c74: 49ba 712c | e655 cd01 | 0000 4d89 | 97a8 0300 | 0049 89a7 | a003 0000 

  0x000001cd55e62c8c: ;   {external_word}
  0x000001cd55e62c8c: 49ba ac40 | 5eaa fb7f | 0000 4180 | 3a00 0f84 | 4e00 0000 | 5241 5041 

  0x000001cd55e62ca4: ;   {metadata({method} {0x000001cd003fec58} 'defineClass1' '(Ljava/lang/ClassLoader;Ljava/lang/String;[BIILjava/security/ProtectionDomain;Ljava/lang/String;)Ljava/lang/Class;' in 'java/lang/ClassLoader')}
  0x000001cd55e62ca4: 5148 ba50 | ec3f 00cd | 0100 0049 | 8bcf 4883 | ec20 40f6 | c40f 0f84 | 1900 0000 | 4883 ec08 
  0x000001cd55e62cc4: ;   {runtime_call}
  0x000001cd55e62cc4: 48b8 00b6 | 0eaa fb7f | 0000 ffd0 | 4883 c408 | e90c 0000 

  0x000001cd55e62cd8: ;   {runtime_call}
  0x000001cd55e62cd8: 0048 b800 | b60e aafb | 7f00 00ff | d048 83c4 | 2041 5941 | 585a 498d | 8fc0 0300 | 0041 c787 
  0x000001cd55e62cf8: 5404 0000 | 0400 0000 

  0x000001cd55e62d00: ;   {runtime_call}
  0x000001cd55e62d00: 48b8 a416 | 8df7 fb7f | 0000 ffd0 | c5f8 7741 | c787 5404 | 0000 0500 | 0000 f083 | 4424 c000 
  0x000001cd55e62d20: 493b af58 | 0400 000f | 870e 0000 | 0041 83bf | 5004 0000 | 000f 842b | 0000 00c5 | f877 4889 
  0x000001cd55e62d40: 45f8 498b | cf4c 8be4 | 4883 ec20 | 4883 e4f0 

  0x000001cd55e62d50: ;   {runtime_call}
  0x000001cd55e62d50: 48b8 c01f | d9a9 fb7f | 0000 ffd0 | 498b e44d | 33e4 488b | 45f8 41c7 | 8754 0400 | 0008 0000 
  0x000001cd55e62d70: 0041 83bf | d004 0000 | 020f 84a3 

  0x000001cd55e62d7c: ;   {external_word}
  0x000001cd55e62d7c: 0200 0049 | baac 405e | aafb 7f00 | 0041 803a | 000f 844c | 0000 0048 

  0x000001cd55e62d94: ;   {metadata({method} {0x000001cd003fec58} 'defineClass1' '(Ljava/lang/ClassLoader;Ljava/lang/String;[BIILjava/security/ProtectionDomain;Ljava/lang/String;)Ljava/lang/Class;' in 'java/lang/ClassLoader')}
  0x000001cd55e62d94: 8945 f848 | ba50 ec3f | 00cd 0100 | 0049 8bcf | 4883 ec20 | 40f6 c40f | 0f84 1900 | 0000 4883 
  0x000001cd55e62db4: ;   {runtime_call}
  0x000001cd55e62db4: ec08 48b8 | 00b6 0eaa | fb7f 0000 | ffd0 4883 | c408 e90c 

  0x000001cd55e62dc8: ;   {runtime_call}
  0x000001cd55e62dc8: 0000 0048 | b800 b60e | aafb 7f00 | 00ff d048 | 83c4 2048 | 8b45 f849 | c787 a003 | 0000 0000 
  0x000001cd55e62de8: 0000 49c7 | 87a8 0300 | 0000 0000 | 00c5 f877 | 4885 c00f | 84fe 0100 | 00a8 030f | 8508 0000 
  0x000001cd55e62e08: 0048 8b00 | e9ee 0100 | 00a8 010f | 8509 0000 | 0048 8b40 | fee9 dd01 | 0000 488b | 40ff 4180 
  0x000001cd55e62e28: 7f38 000f | 84ce 0100 | 0048 83f8 | 000f 84c4 | 0100 0049 | 8b4f 2848 | 83f9 000f | 8414 0000 
  0x000001cd55e62e48: 0048 83e9 | 0849 894f | 2849 034f | 3048 8901 | e9a2 0100 | 0048 81ec | d000 0000 | 4889 0424 
  0x000001cd55e62e68: 4889 4c24 | 0848 8954 | 2410 4889 | 7424 1848 | 897c 2420 | 4c89 4424 | 284c 894c | 2430 4c89 
  0x000001cd55e62e88: 5424 384c | 895c 2440 | c5fb 1144 | 2450 c5fb | 114c 2458 | c5fb 1154 | 2460 c5fb | 115c 2468 
  0x000001cd55e62ea8: c5fb 1164 | 2470 c5fb | 116c 2478 | c5fb 11b4 | 2480 0000 | 00c5 fb11 | bc24 8800 | 0000 c57b 
  0x000001cd55e62ec8: ;   {no_reloc}
  0x000001cd55e62ec8: 1184 2490 | 0000 00c5 | 7b11 8c24 | 9800 0000 | c57b 1194 | 24a0 0000 | 00c5 7b11 | 9c24 a800 
  0x000001cd55e62ee8: 0000 c57b | 11a4 24b0 | 0000 00c5 | 7b11 ac24 | b800 0000 | c57b 11b4 | 24c0 0000 | 00c5 7b11 
  0x000001cd55e62f08: bc24 c800 | 0000 498b | d748 8bc8 | 4883 ec20 | 40f6 c40f | 0f84 1900 | 0000 4883 

  0x000001cd55e62f24: ;   {runtime_call}
  0x000001cd55e62f24: ec08 48b8 | 303e cca9 | fb7f 0000 | ffd0 4883 | c408 e90c 

  0x000001cd55e62f38: ;   {runtime_call}
  0x000001cd55e62f38: 0000 0048 | b830 3ecc | a9fb 7f00 | 00ff d048 | 83c4 20c5 | 7b10 bc24 | c800 0000 | c57b 10b4 
  0x000001cd55e62f58: 24c0 0000 | 00c5 7b10 | ac24 b800 | 0000 c57b | 10a4 24b0 | 0000 00c5 | 7b10 9c24 | a800 0000 
  0x000001cd55e62f78: c57b 1094 | 24a0 0000 | 00c5 7b10 | 8c24 9800 | 0000 c57b | 1084 2490 | 0000 00c5 | fb10 bc24 
  0x000001cd55e62f98: 8800 0000 | c5fb 10b4 | 2480 0000 | 00c5 fb10 | 6c24 78c5 | fb10 6424 | 70c5 fb10 | 5c24 68c5 
  0x000001cd55e62fb8: fb10 5424 | 60c5 fb10 | 4c24 58c5 | fb10 4424 | 504c 8b5c | 2440 4c8b | 5424 384c | 8b4c 2430 
  0x000001cd55e62fd8: 4c8b 4424 | 2848 8b7c | 2420 488b | 7424 1848 | 8b54 2410 | 488b 4c24 | 0848 8b04 | 2448 81c4 
  0x000001cd55e62ff8: d000 0000 | c5f8 7749 | 8b8f 3004 | 0000 c781 | 0001 0000 | 0000 0000 | c949 837f | 0800 0f85 
  0x000001cd55e63018: 0100 0000 

  0x000001cd55e6301c: ;   {runtime_call StubRoutines (initial stubs)}
  0x000001cd55e6301c: c3e9 dede | a0ff c5f8 | 7748 8945 | f84c 8be4 | 4883 ec20 | 4883 e4f0 

  0x000001cd55e63034: ;   {runtime_call}
  0x000001cd55e63034: 48b8 50ee | 0eaa fb7f | 0000 ffd0 | 498b e44d | 33e4 488b | 45f8 e930 | fdff fff4 
[/MachCode]


Compiled method (c1) 77002 1138       3       java.lang.ClassLoader::defineClass (43 bytes)
 total in heap  [0x000001cd4e554d10,0x000001cd4e555668] = 2392
 relocation     [0x000001cd4e554e68,0x000001cd4e554f08] = 160
 main code      [0x000001cd4e554f20,0x000001cd4e5553c0] = 1184
 stub code      [0x000001cd4e5553c0,0x000001cd4e555438] = 120
 metadata       [0x000001cd4e555438,0x000001cd4e555468] = 48
 scopes data    [0x000001cd4e555468,0x000001cd4e555558] = 240
 scopes pcs     [0x000001cd4e555558,0x000001cd4e555638] = 224
 dependencies   [0x000001cd4e555638,0x000001cd4e555640] = 8
 nul chk table  [0x000001cd4e555640,0x000001cd4e555668] = 40

[Constant Pool (empty)]

[MachCode]
[Entry Point]
  # {method} {0x000001cd003fefd8} 'defineClass' '(Ljava/lang/String;[BIILjava/security/ProtectionDomain;)Ljava/lang/Class;' in 'java/lang/ClassLoader'
  # this:     rdx:rdx   = 'java/lang/ClassLoader'
  # parm0:    r8:r8     = 'java/lang/String'
  # parm1:    r9:r9     = '[B'
  # parm2:    rdi       = int
  # parm3:    rsi       = int
  # parm4:    rcx:rcx   = 'java/security/ProtectionDomain'
  #           [sp+0xc0]  (sp of caller)
  0x000001cd4e554f20: 448b 5208 | 49bb 0000 | 0000 cd01 | 0000 4d03 | d34c 3bd0 

  0x000001cd4e554f34: ;   {runtime_call ic_miss_stub}
  0x000001cd4e554f34: 0f85 4698 | 3607 660f | 1f44 0000 
[Verified Entry Point]
  0x000001cd4e554f40: 8984 2400 | 80ff ff55 | 4881 ecb0 | 0000 0090 | 4181 7f20 | 0100 0000 

  0x000001cd4e554f58: ;   {runtime_call StubRoutines (final stubs)}
  0x000001cd4e554f58: 7405 e881 | fd34 0748 | 8954 2478 

  0x000001cd4e554f64: ;   {metadata(method data for {method} {0x000001cd003fefd8} 'defineClass' '(Ljava/lang/String;[BIILjava/security/ProtectionDomain;)Ljava/lang/Class;' in 'java/lang/ClassLoader')}
  0x000001cd4e554f64: 48bb a02d | 1c65 cd01 | 0000 8b83 | cc00 0000 | 83c0 0289 | 83cc 0000 | 0025 fe07 | 0000 85c0 
  0x000001cd4e554f84: 0f84 5803 | 0000 89b4 | 2494 0000 | 0089 bc24 | 9000 0000 | 4c89 8c24 | 8800 0000 

  0x000001cd4e554fa0: ;   {metadata(method data for {method} {0x000001cd003fefd8} 'defineClass' '(Ljava/lang/String;[BIILjava/security/ProtectionDomain;)Ljava/lang/Class;' in 'java/lang/ClassLoader')}
  0x000001cd4e554fa0: 488b da48 | b8a0 2d1c | 65cd 0100 | 0048 8380 | 1801 0000 | 0149 8bd8 | 4c8b c34c | 8bc9 488b 
  0x000001cd4e554fc0: ca48 8bd1 | 4889 9c24 | 8000 0000 

  0x000001cd4e554fcc: ;   {optimized virtual_call}
  0x000001cd4e554fcc: 6666 90e8 

  0x000001cd4e554fd0: ; ImmutableOopMap {[120]=Oop [128]=Oop [136]=Oop }
                      ;*invokevirtual preDefineClass {reexecute=0 rethrow=0 return_oop=0}
                      ; - java.lang.ClassLoader::defineClass@4 (line 1021)
  0x000001cd4e554fd0: 4c52 f8ff 

  0x000001cd4e554fd4: ;   {other}
  0x000001cd4e554fd4: 0f1f 8400 | c402 0000 | 4889 8424 | 9800 0000 | 488b 5424 

  0x000001cd4e554fe8: ;   {metadata(method data for {method} {0x000001cd003fefd8} 'defineClass' '(Ljava/lang/String;[BIILjava/security/ProtectionDomain;)Ljava/lang/Class;' in 'java/lang/ClassLoader')}
  0x000001cd4e554fe8: 7849 b8a0 | 2d1c 65cd | 0100 0049 | 8380 4801 

  0x000001cd4e554ff8: ;   {metadata(method data for {method} {0x000001cd003fecc0} 'defineClassSourceLocation' '(Ljava/security/ProtectionDomain;)Ljava/lang/String;' in 'java/lang/ClassLoader')}
  0x000001cd4e554ff8: 0000 0149 | b8b0 7919 | 65cd 0100 | 0041 8b90 | cc00 0000 | 83c2 0241 | 8990 cc00 | 0000 81e2 
  0x000001cd4e555018: feff 1f00 | 85d2 0f84 | df02 0000 

  0x000001cd4e555024: ; implicit exception: dispatches to 0x000001cd4e555324
  0x000001cd4e555024: 483b 004c 

  0x000001cd4e555028: ;   {metadata(method data for {method} {0x000001cd003fecc0} 'defineClassSourceLocation' '(Ljava/security/ProtectionDomain;)Ljava/lang/String;' in 'java/lang/ClassLoader')}
  0x000001cd4e555028: 8bc0 48ba | b079 1965 | cd01 0000 | 4883 8218 | 0100 0001 | 448b 4010 | 49c1 e003 

  0x000001cd4e555044: ;   {metadata(method data for {method} {0x000001cd003fecc0} 'defineClassSourceLocation' '(Ljava/security/ProtectionDomain;)Ljava/lang/String;' in 'java/lang/ClassLoader')}
  0x000001cd4e555044: 4d85 c048 | bab0 7919 | 65cd 0100 | 0048 c7c6 | 5801 0000 | 7507 48c7 | c648 0100 | 0048 8b3c 
  0x000001cd4e555064: 3248 8d7f | 0148 893c | 320f 850f 

  0x000001cd4e555070: ;   {oop(nullptr)}
  0x000001cd4e555070: 0000 0048 | bb00 0000 | 0000 0000 | 00e9 a501 | 0000 493b | 0049 8bd0 

  0x000001cd4e555088: ;   {metadata(method data for {method} {0x000001cd003fecc0} 'defineClassSourceLocation' '(Ljava/security/ProtectionDomain;)Ljava/lang/String;' in 'java/lang/ClassLoader')}
  0x000001cd4e555088: 48be b079 | 1965 cd01 | 0000 4883 | 8668 0100 | 0001 418b | 500c 48c1 | e203 4885 

  0x000001cd4e5550a4: ;   {metadata(method data for {method} {0x000001cd003fecc0} 'defineClassSourceLocation' '(Ljava/security/ProtectionDomain;)Ljava/lang/String;' in 'java/lang/ClassLoader')}
  0x000001cd4e5550a4: d248 beb0 | 7919 65cd | 0100 0048 | c7c7 a801 | 0000 7507 | 48c7 c798 | 0100 0048 | 8b1c 3e48 
  0x000001cd4e5550c4: 8d5b 0148 | 891c 3e0f | 850f 0000 

  0x000001cd4e5550d0: ;   {oop(nullptr)}
  0x000001cd4e5550d0: 0048 bb00 | 0000 0000 | 0000 00e9 | 4701 0000 

  0x000001cd4e5550e0: ;   {metadata(method data for {method} {0x000001cd003fecc0} 'defineClassSourceLocation' '(Ljava/security/ProtectionDomain;)Ljava/lang/String;' in 'java/lang/ClassLoader')}
  0x000001cd4e5550e0: 48be b079 | 1965 cd01 | 0000 4883 | 86b8 0100 | 0001 483b | 024c 8bc2 

  0x000001cd4e5550f8: ;   {metadata(method data for {method} {0x000001cd003fecc0} 'defineClassSourceLocation' '(Ljava/security/ProtectionDomain;)Ljava/lang/String;' in 'java/lang/ClassLoader')}
  0x000001cd4e5550f8: 48be b079 | 1965 cd01 | 0000 4883 | 86e8 0100 

  0x000001cd4e555108: ;   {metadata(method data for {method} {0x000001cd0001a690} 'toString' '()Ljava/lang/String;' in 'java/net/URL')}
  0x000001cd4e555108: 0001 49b8 | b073 1765 | cd01 0000 | 418b b0cc | 0000 0083 | c602 4189 | b0cc 0000 | 0081 e6fe 
  0x000001cd4e555128: ff1f 0085 | f60f 8400 | 0200 004c 

  0x000001cd4e555134: ;   {metadata(method data for {method} {0x000001cd0001a690} 'toString' '()Ljava/lang/String;' in 'java/net/URL')}
  0x000001cd4e555134: 8bc2 48be | b073 1765 | cd01 0000 | 4883 8618 | 0100 0001 

  0x000001cd4e555148: ;   {metadata(method data for {method} {0x000001cd003f38b8} 'toExternalForm' '()Ljava/lang/String;' in 'java/net/URL')}
  0x000001cd4e555148: 49b8 c866 | 1365 cd01 | 0000 418b | b0cc 0000 | 0083 c602 | 4189 b0cc | 0000 0081 | e6fe ff1f 
  0x000001cd4e555168: 0085 f60f | 84e3 0100 | 008b 7238 | 48c1 e603 

  0x000001cd4e555178: ; implicit exception: dispatches to 0x000001cd4e555375
  0x000001cd4e555178: 483b 064c 

  0x000001cd4e55517c: ;   {metadata(method data for {method} {0x000001cd003f38b8} 'toExternalForm' '()Ljava/lang/String;' in 'java/net/URL')}
  0x000001cd4e55517c: 8bc6 48bf | c866 1365 | cd01 0000 | 458b 4008 | 49ba 0000 | 0000 cd01 | 0000 4d03 | c24c 3b87 
  0x000001cd4e55519c: 2001 0000 | 750d 4883 | 8728 0100 | 0001 e960 | 0000 004c | 3b87 3001 | 0000 750d | 4883 8738 
  0x000001cd4e5551bc: 0100 0001 | e94a 0000 | 0048 83bf | 2001 0000 | 0075 174c | 8987 2001 | 0000 48c7 | 8728 0100 
  0x000001cd4e5551dc: 0001 0000 | 00e9 2900 | 0000 4883 | bf30 0100 | 0000 7517 | 4c89 8730 | 0100 0048 | c787 3801 
  0x000001cd4e5551fc: 0000 0100 | 0000 e908 | 0000 0048 | 8387 1801 | 0000 014c | 8bc2 488b 

  0x000001cd4e555214: ;   {optimized virtual_call}
  0x000001cd4e555214: d666 90e8 

  0x000001cd4e555218: ; ImmutableOopMap {[120]=Oop [128]=Oop [136]=Oop [152]=Oop }
                      ;*invokevirtual toExternalForm {reexecute=0 rethrow=0 return_oop=0}
                      ; - java.net.URL::toExternalForm@5 (line 1203)
                      ; - java.net.URL::toString@1 (line 1189)
                      ; - java.lang.ClassLoader::defineClassSourceLocation@22 (line 925)
                      ; - java.lang.ClassLoader::defineClass@12 (line 1022)
  0x000001cd4e555218: e4c7 ecff 

  0x000001cd4e55521c: ;   {other}
  0x000001cd4e55521c: 0f1f 8400 | 0c05 0001 | 488b d848 | 8b84 2498 | 0000 008b | b424 9400 | 0000 8bbc | 2490 0000 
  0x000001cd4e55523c: 004c 8b8c | 2488 0000 | 004c 8b84 | 2480 0000 | 0048 8b54 

  0x000001cd4e555250: ;   {metadata(method data for {method} {0x000001cd003fefd8} 'defineClass' '(Ljava/lang/String;[BIILjava/security/ProtectionDomain;)Ljava/lang/Class;' in 'java/lang/ClassLoader')}
  0x000001cd4e555250: 2478 48b9 | a02d 1c65 | cd01 0000 | 4883 8178 | 0100 0001 | 4c8b da49 | 8bd3 488b | c848 891c 
  0x000001cd4e555270: 2466 0f1f 

  0x000001cd4e555274: ;   {static_call}
  0x000001cd4e555274: 4400 00e8 

  0x000001cd4e555278: ; ImmutableOopMap {[120]=Oop [152]=Oop }
                      ;*invokestatic defineClass1 {reexecute=0 rethrow=0 return_oop=0}
                      ; - java.lang.ClassLoader::defineClass@27 (line 1023)
  0x000001cd4e555278: 44d9 9007 

  0x000001cd4e55527c: ;   {other}
  0x000001cd4e55527c: 0f1f 8400 | 6c05 0002 | 488b 5424 

  0x000001cd4e555288: ;   {metadata(method data for {method} {0x000001cd003fefd8} 'defineClass' '(Ljava/lang/String;[BIILjava/security/ProtectionDomain;)Ljava/lang/Class;' in 'java/lang/ClassLoader')}
  0x000001cd4e555288: 7849 b8a0 | 2d1c 65cd | 0100 0049 | 8380 8801 | 0000 014c | 8bc0 4c8b | 8c24 9800 | 0000 488b 
  0x000001cd4e5552a8: 5424 7848 | 8984 24a0 | 0000 000f 

  0x000001cd4e5552b4: ;   {optimized virtual_call}
  0x000001cd4e5552b4: 1f40 00e8 

  0x000001cd4e5552b8: ; ImmutableOopMap {[160]=Oop }
                      ;*invokevirtual postDefineClass {reexecute=0 rethrow=0 return_oop=0}
                      ; - java.lang.ClassLoader::defineClass@37 (line 1024)
  0x000001cd4e5552b8: e474 f8ff 

  0x000001cd4e5552bc: ;   {other}
  0x000001cd4e5552bc: 0f1f 8400 | ac05 0003 | 488b 8424 | a000 0000 | 4881 c4b0 | 0000 005d 

  0x000001cd4e5552d4: ;   {poll_return}
  0x000001cd4e5552d4: 493b a758 | 0400 000f | 8799 0000 

  0x000001cd4e5552e0: ;   {metadata({method} {0x000001cd003fefd8} 'defineClass' '(Ljava/lang/String;[BIILjava/security/ProtectionDomain;)Ljava/lang/Class;' in 'java/lang/ClassLoader')}
  0x000001cd4e5552e0: 00c3 49ba | d0ef 3f00 | cd01 0000 | 4c89 5424 | 0848 c704 | 24ff ffff 

  0x000001cd4e5552f8: ;   {runtime_call counter_overflow Runtime1 stub}
  0x000001cd4e5552f8: ffe8 8250 

  0x000001cd4e5552fc: ; ImmutableOopMap {rdx=Oop r8=Oop r9=Oop rcx=Oop [120]=Oop }
                      ;*synchronization entry
                      ; - java.lang.ClassLoader::defineClass@-1 (line 1021)
  0x000001cd4e5552fc: 4307 e987 

  0x000001cd4e555300: ;   {metadata({method} {0x000001cd003fecc0} 'defineClassSourceLocation' '(Ljava/security/ProtectionDomain;)Ljava/lang/String;' in 'java/lang/ClassLoader')}
  0x000001cd4e555300: fcff ff49 | bab8 ec3f | 00cd 0100 | 004c 8954 | 2408 48c7 | 0424 ffff 

  0x000001cd4e555318: ;   {runtime_call counter_overflow Runtime1 stub}
  0x000001cd4e555318: ffff e861 

  0x000001cd4e55531c: ; ImmutableOopMap {rax=Oop [120]=Oop [128]=Oop [136]=Oop [152]=Oop }
                      ;*synchronization entry
                      ; - java.lang.ClassLoader::defineClassSourceLocation@-1 (line 922)
                      ; - java.lang.ClassLoader::defineClass@12 (line 1022)
  0x000001cd4e55531c: 5043 07e9 | 00fd ffff 

  0x000001cd4e555324: ;   {runtime_call throw_null_pointer_exception Runtime1 stub}
  0x000001cd4e555324: e8d7 133a 

  0x000001cd4e555328: ; ImmutableOopMap {rax=Oop [120]=Oop [128]=Oop [136]=Oop [152]=Oop }
                      ;*invokevirtual getCodeSource {reexecute=0 rethrow=0 return_oop=0}
                      ; - java.lang.ClassLoader::defineClassSourceLocation@1 (line 922)
                      ; - java.lang.ClassLoader::defineClass@12 (line 1022)
                      ;   {runtime_call throw_null_pointer_exception Runtime1 stub}
  0x000001cd4e555328: 07e8 d213 

  0x000001cd4e55532c: ; ImmutableOopMap {rax=Oop r8=Oop [120]=Oop [128]=Oop [136]=Oop [152]=Oop }
                      ;*invokevirtual getLocation {reexecute=0 rethrow=0 return_oop=0}
                      ; - java.lang.ClassLoader::defineClassSourceLocation@12 (line 924)
                      ; - java.lang.ClassLoader::defineClass@12 (line 1022)
                      ;   {runtime_call throw_null_pointer_exception Runtime1 stub}
  0x000001cd4e55532c: 3a07 e8cd 

  0x000001cd4e555330: ; ImmutableOopMap {rdx=Oop [120]=Oop [128]=Oop [136]=Oop [152]=Oop }
                      ;*invokevirtual toString {reexecute=0 rethrow=0 return_oop=0}
                      ; - java.lang.ClassLoader::defineClassSourceLocation@22 (line 925)
                      ; - java.lang.ClassLoader::defineClass@12 (line 1022)
                      ;   {metadata({method} {0x000001cd0001a690} 'toString' '()Ljava/lang/String;' in 'java/net/URL')}
  0x000001cd4e555330: 133a 0749 | ba88 a601 | 00cd 0100 | 004c 8954 | 2408 48c7 | 0424 ffff 

  0x000001cd4e555348: ;   {runtime_call counter_overflow Runtime1 stub}
  0x000001cd4e555348: ffff e831 

  0x000001cd4e55534c: ; ImmutableOopMap {rdx=Oop [120]=Oop [128]=Oop [136]=Oop [152]=Oop }
                      ;*synchronization entry
                      ; - java.net.URL::toString@-1 (line 1189)
                      ; - java.lang.ClassLoader::defineClassSourceLocation@22 (line 925)
                      ; - java.lang.ClassLoader::defineClass@12 (line 1022)
  0x000001cd4e55534c: 5043 07e9 | dffd ffff 

  0x000001cd4e555354: ;   {metadata({method} {0x000001cd003f38b8} 'toExternalForm' '()Ljava/lang/String;' in 'java/net/URL')}
  0x000001cd4e555354: 49ba b038 | 3f00 cd01 | 0000 4c89 | 5424 0848 | c704 24ff 

  0x000001cd4e555368: ;   {runtime_call counter_overflow Runtime1 stub}
  0x000001cd4e555368: ffff ffe8 

  0x000001cd4e55536c: ; ImmutableOopMap {rdx=Oop [120]=Oop [128]=Oop [136]=Oop [152]=Oop }
                      ;*synchronization entry
                      ; - java.net.URL::toExternalForm@-1 (line 1203)
                      ; - java.net.URL::toString@1 (line 1189)
                      ; - java.lang.ClassLoader::defineClassSourceLocation@22 (line 925)
                      ; - java.lang.ClassLoader::defineClass@12 (line 1022)
  0x000001cd4e55536c: 1050 4307 | e9fc fdff 

  0x000001cd4e555374: ;   {runtime_call throw_null_pointer_exception Runtime1 stub}
  0x000001cd4e555374: ffe8 8613 

  0x000001cd4e555378: ; ImmutableOopMap {rdx=Oop rsi=Oop [120]=Oop [128]=Oop [136]=Oop [152]=Oop }
                      ;*invokevirtual toExternalForm {reexecute=0 rethrow=0 return_oop=0}
                      ; - java.net.URL::toExternalForm@5 (line 1203)
                      ; - java.net.URL::toString@1 (line 1189)
                      ; - java.lang.ClassLoader::defineClassSourceLocation@22 (line 925)
                      ; - java.lang.ClassLoader::defineClass@12 (line 1022)
                      ;   {internal_word}
  0x000001cd4e555378: 3a07 49ba | d452 554e | cd01 0000 | 4d89 9770 

  0x000001cd4e555388: ;   {runtime_call SafepointBlob}
  0x000001cd4e555388: 0400 00e9 | 7003 3707 | 498b 8708 | 0500 0049 | c787 0805 | 0000 0000 | 0000 49c7 | 8710 0500 
  0x000001cd4e5553a8: 0000 0000 | 0048 81c4 | b000 0000 

  0x000001cd4e5553b4: ;   {runtime_call unwind_exception Runtime1 stub}
  0x000001cd4e5553b4: 5de9 4622 | 3a07 f4f4 | f4f4 f4f4 
[Stub Code]
  0x000001cd4e5553c0: ;   {no_reloc}
  0x000001cd4e5553c0: 0f1f 4400 

  0x000001cd4e5553c4: ;   {static_stub}
  0x000001cd4e5553c4: 0048 bb00 | 0000 0000 

  0x000001cd4e5553cc: ;   {runtime_call}
  0x000001cd4e5553cc: 0000 00e9 | fbff ffff 

  0x000001cd4e5553d4: ;   {static_stub}
  0x000001cd4e5553d4: 48bb 0000 | 0000 0000 

  0x000001cd4e5553dc: ;   {runtime_call}
  0x000001cd4e5553dc: 0000 e9fb 

  0x000001cd4e5553e0: ;   {static_stub}
  0x000001cd4e5553e0: ffff ff48 | bb00 0000 | 0000 0000 

  0x000001cd4e5553ec: ;   {runtime_call}
  0x000001cd4e5553ec: 00e9 fbff 

  0x000001cd4e5553f0: ;   {static_stub}
  0x000001cd4e5553f0: ffff 48bb | 0000 0000 | 0000 0000 

  0x000001cd4e5553fc: ;   {runtime_call}
  0x000001cd4e5553fc: e9fb ffff 

  0x000001cd4e555400: ;   {runtime_call handle_exception_from_callee Runtime1 stub}
  0x000001cd4e555400: ffe8 faf4 

  0x000001cd4e555404: ;   {external_word}
  0x000001cd4e555404: 3907 48b9 | c028 36aa | fb7f 0000 | 4883 e4f0 

  0x000001cd4e555414: ;   {runtime_call}
  0x000001cd4e555414: 48b8 9095 | fda9 fb7f | 0000 ffd0 

  0x000001cd4e555420: ;   {section_word}
  0x000001cd4e555420: f449 ba21 | 5455 4ecd | 0100 0041 

  0x000001cd4e55542c: ;   {runtime_call DeoptimizationBlob}
  0x000001cd4e55542c: 52e9 6ef5 | 3607 f4f4 | f4f4 f4f4 
[/MachCode]


Compiled method (c1) 77140 1137       3       java.security.SecureClassLoader::defineClass (16 bytes)
 total in heap  [0x000001cd4e554890,0x000001cd4e554c90] = 1024
 relocation     [0x000001cd4e5549e8,0x000001cd4e554a38] = 80
 main code      [0x000001cd4e554a40,0x000001cd4e554b98] = 344
 stub code      [0x000001cd4e554b98,0x000001cd4e554be8] = 80
 metadata       [0x000001cd4e554be8,0x000001cd4e554bf0] = 8
 scopes data    [0x000001cd4e554bf0,0x000001cd4e554c38] = 72
 scopes pcs     [0x000001cd4e554c38,0x000001cd4e554c88] = 80
 dependencies   [0x000001cd4e554c88,0x000001cd4e554c90] = 8

[Constant Pool (empty)]

[MachCode]
[Entry Point]
  # {method} {0x000001cd000438c0} 'defineClass' '(Ljava/lang/String;[BIILjava/security/CodeSource;)Ljava/lang/Class;' in 'java/security/SecureClassLoader'
  # this:     rdx:rdx   = 'java/security/SecureClassLoader'
  # parm0:    r8:r8     = 'java/lang/String'
  # parm1:    r9:r9     = '[B'
  # parm2:    rdi       = int
  # parm3:    rsi       = int
  # parm4:    rcx:rcx   = 'java/security/CodeSource'
  #           [sp+0x80]  (sp of caller)
  0x000001cd4e554a40: 448b 5208 | 49bb 0000 | 0000 cd01 | 0000 4d03 | d34c 3bd0 

  0x000001cd4e554a54: ;   {runtime_call ic_miss_stub}
  0x000001cd4e554a54: 0f85 269d | 3607 660f | 1f44 0000 
[Verified Entry Point]
  0x000001cd4e554a60: 8984 2400 | 80ff ff55 | 4883 ec70 | 4181 7f20 | 0100 0000 

  0x000001cd4e554a74: ;   {runtime_call StubRoutines (final stubs)}
  0x000001cd4e554a74: 7405 e865 

  0x000001cd4e554a78: ;   {metadata(method data for {method} {0x000001cd000438c0} 'defineClass' '(Ljava/lang/String;[BIILjava/security/CodeSource;)Ljava/lang/Class;' in 'java/security/SecureClassLoader')}
  0x000001cd4e554a78: 0235 0748 | bbc0 2b1c | 65cd 0100 | 008b 83cc | 0000 0083 | c002 8983 | cc00 0000 | 25fe 0700 
  0x000001cd4e554a98: 0085 c00f | 8496 0000 | 0089 7424 | 5c89 7c24 | 584c 894c | 2450 4c89 | 4424 4848 

  0x000001cd4e554ab4: ;   {metadata(method data for {method} {0x000001cd000438c0} 'defineClass' '(Ljava/lang/String;[BIILjava/security/CodeSource;)Ljava/lang/Class;' in 'java/security/SecureClassLoader')}
  0x000001cd4e554ab4: 8bda 48b8 | c02b 1c65 | cd01 0000 | 4883 8018 | 0100 0001 | 4c8b c148 | 8bc2 488b | d048 8944 
  0x000001cd4e554ad4: ;   {optimized virtual_call}
  0x000001cd4e554ad4: 2440 90e8 

  0x000001cd4e554ad8: ; ImmutableOopMap {[64]=Oop [72]=Oop [80]=Oop }
                      ;*invokevirtual getProtectionDomain {reexecute=0 rethrow=0 return_oop=0}
                      ; - java.security.SecureClassLoader::defineClass@9 (line 150)
  0x000001cd4e554ad8: 44ad f3ff 

  0x000001cd4e554adc: ;   {other}
  0x000001cd4e554adc: 0f1f 8400 | 4c02 0000 | 488b 5424 

  0x000001cd4e554ae8: ;   {metadata(method data for {method} {0x000001cd000438c0} 'defineClass' '(Ljava/lang/String;[BIILjava/security/CodeSource;)Ljava/lang/Class;' in 'java/security/SecureClassLoader')}
  0x000001cd4e554ae8: 4049 b8c0 | 2b1c 65cd | 0100 0049 | 8380 4801 | 0000 014c | 8b44 2448 | 4c8b 4c24 | 508b 7c24 
  0x000001cd4e554b08: 588b 7424 | 5c48 8bc8 | 488b 5424 

  0x000001cd4e554b14: ;   {optimized virtual_call}
  0x000001cd4e554b14: 4066 90e8 

  0x000001cd4e554b18: ; ImmutableOopMap {}
                      ;*invokevirtual defineClass {reexecute=0 rethrow=0 return_oop=0}
                      ; - java.security.SecureClassLoader::defineClass@12 (line 150)
  0x000001cd4e554b18: 2404 0000 

  0x000001cd4e554b1c: ;   {other}
  0x000001cd4e554b1c: 0f1f 8400 | 8c02 0001 | 4883 c470 

  0x000001cd4e554b28: ;   {poll_return}
  0x000001cd4e554b28: 5d49 3ba7 | 5804 0000 | 0f87 2200 

  0x000001cd4e554b34: ;   {metadata({method} {0x000001cd000438c0} 'defineClass' '(Ljava/lang/String;[BIILjava/security/CodeSource;)Ljava/lang/Class;' in 'java/security/SecureClassLoader')}
  0x000001cd4e554b34: 0000 c349 | bab8 3804 | 00cd 0100 | 004c 8954 | 2408 48c7 | 0424 ffff 

  0x000001cd4e554b4c: ;   {runtime_call counter_overflow Runtime1 stub}
  0x000001cd4e554b4c: ffff e82d 

  0x000001cd4e554b50: ; ImmutableOopMap {rdx=Oop r8=Oop r9=Oop rcx=Oop }
                      ;*synchronization entry
                      ; - java.security.SecureClassLoader::defineClass@-1 (line 150)
  0x000001cd4e554b50: 5843 07e9 | 49ff ffff 

  0x000001cd4e554b58: ;   {internal_word}
  0x000001cd4e554b58: 49ba 294b | 554e cd01 | 0000 4d89 | 9770 0400 

  0x000001cd4e554b68: ;   {runtime_call SafepointBlob}
  0x000001cd4e554b68: 00e9 920b | 3707 498b | 8708 0500 | 0049 c787 | 0805 0000 | 0000 0000 | 49c7 8710 | 0500 0000 
  0x000001cd4e554b88: 0000 0048 | 83c4 705d 

  0x000001cd4e554b90: ;   {runtime_call unwind_exception Runtime1 stub}
  0x000001cd4e554b90: e96b 2a3a | 07f4 f4f4 
[Stub Code]
  0x000001cd4e554b98: ;   {no_reloc}
  0x000001cd4e554b98: 48bb 0000 | 0000 0000 

  0x000001cd4e554ba0: ;   {runtime_call}
  0x000001cd4e554ba0: 0000 e9fb 

  0x000001cd4e554ba4: ;   {static_stub}
  0x000001cd4e554ba4: ffff ff48 | bb00 0000 | 0000 0000 

  0x000001cd4e554bb0: ;   {runtime_call}
  0x000001cd4e554bb0: 00e9 fbff 

  0x000001cd4e554bb4: ;   {runtime_call handle_exception_from_callee Runtime1 stub}
  0x000001cd4e554bb4: ffff e845 

  0x000001cd4e554bb8: ;   {external_word}
  0x000001cd4e554bb8: fd39 0748 | b9c0 2836 | aafb 7f00 | 0048 83e4 

  0x000001cd4e554bc8: ;   {runtime_call}
  0x000001cd4e554bc8: f048 b890 | 95fd a9fb | 7f00 00ff 

  0x000001cd4e554bd4: ;   {section_word}
  0x000001cd4e554bd4: d0f4 49ba | d64b 554e | cd01 0000 

  0x000001cd4e554be0: ;   {runtime_call DeoptimizationBlob}
  0x000001cd4e554be0: 4152 e9b9 | fd36 07f4 
[/MachCode]


---------------  P R O C E S S  ---------------

Threads class SMR info:
_java_thread_list=0x000001cd4122b610, length=11, elements={
0x000001cd43e1f710, 0x000001cd649813c0, 0x000001cd64981f80, 0x000001cd649860f0,
0x000001cd64986b50, 0x000001cd649875b0, 0x000001cd6498c020, 0x000001cd6498cdb0,
0x000001cd41170020, 0x000001cd41254740, 0x000001cd412595e0
}

Java Threads: ( => current thread )
=>0x000001cd43e1f710 JavaThread "main"                              [_thread_in_vm, id=32700, stack(0x00000065d7400000,0x00000065d7500000) (1024K)]
  0x000001cd649813c0 JavaThread "Reference Handler"          daemon [_thread_blocked, id=33132, stack(0x00000065d7d00000,0x00000065d7e00000) (1024K)]
  0x000001cd64981f80 JavaThread "Finalizer"                  daemon [_thread_blocked, id=33136, stack(0x00000065d7e00000,0x00000065d7f00000) (1024K)]
  0x000001cd649860f0 JavaThread "Signal Dispatcher"          daemon [_thread_blocked, id=33140, stack(0x00000065d7f00000,0x00000065d8000000) (1024K)]
  0x000001cd64986b50 JavaThread "Attach Listener"            daemon [_thread_blocked, id=33144, stack(0x00000065d8000000,0x00000065d8100000) (1024K)]
  0x000001cd649875b0 JavaThread "Service Thread"             daemon [_thread_blocked, id=33148, stack(0x00000065d8100000,0x00000065d8200000) (1024K)]
  0x000001cd6498c020 JavaThread "Monitor Deflation Thread"   daemon [_thread_blocked, id=33152, stack(0x00000065d8200000,0x00000065d8300000) (1024K)]
  0x000001cd6498cdb0 JavaThread "C2 CompilerThread0"         daemon [_thread_blocked, id=33160, stack(0x00000065d8300000,0x00000065d8400000) (1024K)]
  0x000001cd41170020 JavaThread "C1 CompilerThread0"         daemon [_thread_blocked, id=33280, stack(0x00000065d8400000,0x00000065d8500000) (1024K)]
  0x000001cd41254740 JavaThread "Notification Thread"        daemon [_thread_blocked, id=33368, stack(0x00000065d8500000,0x00000065d8600000) (1024K)]
  0x000001cd412595e0 JavaThread "Common-Cleaner"             daemon [_thread_blocked, id=33384, stack(0x00000065d8600000,0x00000065d8700000) (1024K)]
Total: 11

Other Threads:
  0x000001cd649650f0 VMThread "VM Thread"                           [id=32992, stack(0x00000065d7c00000,0x00000065d7d00000) (1024K)] _threads_hazard_ptr=0x000001cd4122b610
  0x000001cd6494de60 WatcherThread "VM Periodic Task Thread"        [id=32988, stack(0x00000065d7b00000,0x00000065d7c00000) (1024K)]
  0x000001cd4605d9c0 WorkerThread "GC Thread#0"                     [id=32956, stack(0x00000065d7600000,0x00000065d7700000) (1024K)]
  0x000001cd41e73330 WorkerThread "GC Thread#1"                     [id=43956, stack(0x00000065d8700000,0x00000065d8800000) (1024K)]
  0x000001cd41e736e0 WorkerThread "GC Thread#2"                     [id=43960, stack(0x00000065d8800000,0x00000065d8900000) (1024K)]
  0x000001cd41e73a90 WorkerThread "GC Thread#3"                     [id=43964, stack(0x00000065d8900000,0x00000065d8a00000) (1024K)]
  0x000001cd419abcd0 WorkerThread "GC Thread#4"                     [id=43968, stack(0x00000065d8a00000,0x00000065d8b00000) (1024K)]
  0x000001cd41a73bf0 WorkerThread "GC Thread#5"                     [id=43980, stack(0x00000065d8b00000,0x00000065d8c00000) (1024K)]
  0x000001cd415a1270 WorkerThread "GC Thread#6"                     [id=43984, stack(0x00000065d8c00000,0x00000065d8d00000) (1024K)]
  0x000001cd418c3920 WorkerThread "GC Thread#7"                     [id=43988, stack(0x00000065d8d00000,0x00000065d8e00000) (1024K)]
  0x000001cd412d0860 WorkerThread "GC Thread#8"                     [id=43992, stack(0x00000065d8e00000,0x00000065d8f00000) (1024K)]
  0x000001cd4606c3c0 ConcurrentGCThread "G1 Main Marker"            [id=32960, stack(0x00000065d7700000,0x00000065d7800000) (1024K)]
  0x000001cd4606cdd0 WorkerThread "G1 Conc#0"                       [id=32964, stack(0x00000065d7800000,0x00000065d7900000) (1024K)]
  0x000001cd460be430 ConcurrentGCThread "G1 Refine#0"               [id=32968, stack(0x00000065d7900000,0x00000065d7a00000) (1024K)]
  0x000001cd64822590 ConcurrentGCThread "G1 Service"                [id=32972, stack(0x00000065d7a00000,0x00000065d7b00000) (1024K)]
Total: 15

Threads with active compile tasks:
Total: 0

VM state: synchronizing (normal execution)

VM Mutex/Monitor currently owned by a thread:  ([mutex/lock_event])
[0x00007ffbaa60ab48] Metaspace_lock - owner thread: 0x000001cd43e1f710
[0x00007ffbaa60cbc8] Threads_lock - owner thread: 0x000001cd649650f0

Heap address: 0x0000000724e00000, size: 3506 MB, Compressed Oops mode: Zero based, Oop shift amount: 3

CDS archive(s) mapped at: [0x000001cd00000000-0x000001cd00c60000-0x000001cd00c60000), size 12976128, SharedBaseAddress: 0x000001cd00000000, ArchiveRelocationMode: 1.
Compressed class space mapped at: 0x000001cd01000000-0x000001cd41000000, reserved size: 1073741824
Narrow klass base: 0x000001cd00000000, Narrow klass shift: 0, Narrow klass range: 0x41000000

GC Precious Log:
 CardTable entry size: 512
 Card Set container configuration: InlinePtr #cards 4 size 8 Array Of Cards #cards 16 size 48 Howl #buckets 8 coarsen threshold 3686 Howl Bitmap #cards 512 size 80 coarsen threshold 460 Card regions per heap region 1 cards per card region 4096
 CPUs: 12 total, 12 available
 Memory: 14020M
 Large Page Support: Disabled
 NUMA Support: Disabled
 Compressed Oops: Enabled (Zero based)
 Heap Region Size: 2M
 Heap Min Capacity: 8M
 Heap Initial Capacity: 220M
 Heap Max Capacity: 3506M
 Pre-touch: Disabled
 Parallel Workers: 10
 Concurrent Workers: 3
 Concurrent Refinement Workers: 10
 Periodic GC: Disabled

Heap:
 garbage-first heap   total reserved 3590144K, committed 225280K, used 22528K [0x0000000724e00000, 0x0000000800000000)
  region size 2048K, 12 young (24576K), 2 survivors (4096K)
 Metaspace       used 7707K, committed 7872K, reserved 1114112K
  class space    used 906K, committed 1024K, reserved 1048576K

Heap Regions: E=young(eden), S=young(survivor), O=old, HS=humongous(starts), HC=humongous(continues), CS=collection set, F=free, TAMS=top-at-mark-start, PB=parsable bottom
|   0|0x0000000724e00000, 0x0000000724e00000, 0x0000000725000000|  0%| F|  |TAMS 0x0000000724e00000| PB 0x0000000724e00000| Untracked |  0
|   1|0x0000000725000000, 0x0000000725000000, 0x0000000725200000|  0%| F|  |TAMS 0x0000000725000000| PB 0x0000000725000000| Untracked |  0
|   2|0x0000000725200000, 0x0000000725200000, 0x0000000725400000|  0%| F|  |TAMS 0x0000000725200000| PB 0x0000000725200000| Untracked |  0
|   3|0x0000000725400000, 0x0000000725400000, 0x0000000725600000|  0%| F|  |TAMS 0x0000000725400000| PB 0x0000000725400000| Untracked |  0
|   4|0x0000000725600000, 0x0000000725600000, 0x0000000725800000|  0%| F|  |TAMS 0x0000000725600000| PB 0x0000000725600000| Untracked |  0
|   5|0x0000000725800000, 0x0000000725800000, 0x0000000725a00000|  0%| F|  |TAMS 0x0000000725800000| PB 0x0000000725800000| Untracked |  0
|   6|0x0000000725a00000, 0x0000000725a00000, 0x0000000725c00000|  0%| F|  |TAMS 0x0000000725a00000| PB 0x0000000725a00000| Untracked |  0
|   7|0x0000000725c00000, 0x0000000725c00000, 0x0000000725e00000|  0%| F|  |TAMS 0x0000000725c00000| PB 0x0000000725c00000| Untracked |  0
|   8|0x0000000725e00000, 0x0000000725e00000, 0x0000000726000000|  0%| F|  |TAMS 0x0000000725e00000| PB 0x0000000725e00000| Untracked |  0
|   9|0x0000000726000000, 0x0000000726000000, 0x0000000726200000|  0%| F|  |TAMS 0x0000000726000000| PB 0x0000000726000000| Untracked |  0
|  10|0x0000000726200000, 0x0000000726200000, 0x0000000726400000|  0%| F|  |TAMS 0x0000000726200000| PB 0x0000000726200000| Untracked |  0
|  11|0x0000000726400000, 0x0000000726400000, 0x0000000726600000|  0%| F|  |TAMS 0x0000000726400000| PB 0x0000000726400000| Untracked |  0
|  12|0x0000000726600000, 0x0000000726600000, 0x0000000726800000|  0%| F|  |TAMS 0x0000000726600000| PB 0x0000000726600000| Untracked |  0
|  13|0x0000000726800000, 0x0000000726800000, 0x0000000726a00000|  0%| F|  |TAMS 0x0000000726800000| PB 0x0000000726800000| Untracked |  0
|  14|0x0000000726a00000, 0x0000000726a00000, 0x0000000726c00000|  0%| F|  |TAMS 0x0000000726a00000| PB 0x0000000726a00000| Untracked |  0
|  15|0x0000000726c00000, 0x0000000726c00000, 0x0000000726e00000|  0%| F|  |TAMS 0x0000000726c00000| PB 0x0000000726c00000| Untracked |  0
|  16|0x0000000726e00000, 0x0000000726e00000, 0x0000000727000000|  0%| F|  |TAMS 0x0000000726e00000| PB 0x0000000726e00000| Untracked |  0
|  17|0x0000000727000000, 0x0000000727000000, 0x0000000727200000|  0%| F|  |TAMS 0x0000000727000000| PB 0x0000000727000000| Untracked |  0
|  18|0x0000000727200000, 0x0000000727200000, 0x0000000727400000|  0%| F|  |TAMS 0x0000000727200000| PB 0x0000000727200000| Untracked |  0
|  19|0x0000000727400000, 0x0000000727400000, 0x0000000727600000|  0%| F|  |TAMS 0x0000000727400000| PB 0x0000000727400000| Untracked |  0
|  20|0x0000000727600000, 0x0000000727600000, 0x0000000727800000|  0%| F|  |TAMS 0x0000000727600000| PB 0x0000000727600000| Untracked |  0
|  21|0x0000000727800000, 0x0000000727800000, 0x0000000727a00000|  0%| F|  |TAMS 0x0000000727800000| PB 0x0000000727800000| Untracked |  0
|  22|0x0000000727a00000, 0x0000000727a00000, 0x0000000727c00000|  0%| F|  |TAMS 0x0000000727a00000| PB 0x0000000727a00000| Untracked |  0
|  23|0x0000000727c00000, 0x0000000727c00000, 0x0000000727e00000|  0%| F|  |TAMS 0x0000000727c00000| PB 0x0000000727c00000| Untracked |  0
|  24|0x0000000727e00000, 0x0000000727e00000, 0x0000000728000000|  0%| F|  |TAMS 0x0000000727e00000| PB 0x0000000727e00000| Untracked |  0
|  25|0x0000000728000000, 0x0000000728000000, 0x0000000728200000|  0%| F|  |TAMS 0x0000000728000000| PB 0x0000000728000000| Untracked |  0
|  26|0x0000000728200000, 0x0000000728200000, 0x0000000728400000|  0%| F|  |TAMS 0x0000000728200000| PB 0x0000000728200000| Untracked |  0
|  27|0x0000000728400000, 0x0000000728400000, 0x0000000728600000|  0%| F|  |TAMS 0x0000000728400000| PB 0x0000000728400000| Untracked |  0
|  28|0x0000000728600000, 0x0000000728600000, 0x0000000728800000|  0%| F|  |TAMS 0x0000000728600000| PB 0x0000000728600000| Untracked |  0
|  29|0x0000000728800000, 0x0000000728800000, 0x0000000728a00000|  0%| F|  |TAMS 0x0000000728800000| PB 0x0000000728800000| Untracked |  0
|  30|0x0000000728a00000, 0x0000000728a00000, 0x0000000728c00000|  0%| F|  |TAMS 0x0000000728a00000| PB 0x0000000728a00000| Untracked |  0
|  31|0x0000000728c00000, 0x0000000728c00000, 0x0000000728e00000|  0%| F|  |TAMS 0x0000000728c00000| PB 0x0000000728c00000| Untracked |  0
|  32|0x0000000728e00000, 0x0000000728e00000, 0x0000000729000000|  0%| F|  |TAMS 0x0000000728e00000| PB 0x0000000728e00000| Untracked |  0
|  33|0x0000000729000000, 0x0000000729000000, 0x0000000729200000|  0%| F|  |TAMS 0x0000000729000000| PB 0x0000000729000000| Untracked |  0
|  34|0x0000000729200000, 0x0000000729200000, 0x0000000729400000|  0%| F|  |TAMS 0x0000000729200000| PB 0x0000000729200000| Untracked |  0
|  35|0x0000000729400000, 0x0000000729400000, 0x0000000729600000|  0%| F|  |TAMS 0x0000000729400000| PB 0x0000000729400000| Untracked |  0
|  36|0x0000000729600000, 0x0000000729600000, 0x0000000729800000|  0%| F|  |TAMS 0x0000000729600000| PB 0x0000000729600000| Untracked |  0
|  37|0x0000000729800000, 0x0000000729800000, 0x0000000729a00000|  0%| F|  |TAMS 0x0000000729800000| PB 0x0000000729800000| Untracked |  0
|  38|0x0000000729a00000, 0x0000000729a00000, 0x0000000729c00000|  0%| F|  |TAMS 0x0000000729a00000| PB 0x0000000729a00000| Untracked |  0
|  39|0x0000000729c00000, 0x0000000729c00000, 0x0000000729e00000|  0%| F|  |TAMS 0x0000000729c00000| PB 0x0000000729c00000| Untracked |  0
|  40|0x0000000729e00000, 0x0000000729e00000, 0x000000072a000000|  0%| F|  |TAMS 0x0000000729e00000| PB 0x0000000729e00000| Untracked |  0
|  41|0x000000072a000000, 0x000000072a000000, 0x000000072a200000|  0%| F|  |TAMS 0x000000072a000000| PB 0x000000072a000000| Untracked |  0
|  42|0x000000072a200000, 0x000000072a200000, 0x000000072a400000|  0%| F|  |TAMS 0x000000072a200000| PB 0x000000072a200000| Untracked |  0
|  43|0x000000072a400000, 0x000000072a400000, 0x000000072a600000|  0%| F|  |TAMS 0x000000072a400000| PB 0x000000072a400000| Untracked |  0
|  44|0x000000072a600000, 0x000000072a600000, 0x000000072a800000|  0%| F|  |TAMS 0x000000072a600000| PB 0x000000072a600000| Untracked |  0
|  45|0x000000072a800000, 0x000000072a800000, 0x000000072aa00000|  0%| F|  |TAMS 0x000000072a800000| PB 0x000000072a800000| Untracked |  0
|  46|0x000000072aa00000, 0x000000072aa00000, 0x000000072ac00000|  0%| F|  |TAMS 0x000000072aa00000| PB 0x000000072aa00000| Untracked |  0
|  47|0x000000072ac00000, 0x000000072ac00000, 0x000000072ae00000|  0%| F|  |TAMS 0x000000072ac00000| PB 0x000000072ac00000| Untracked |  0
|  48|0x000000072ae00000, 0x000000072ae00000, 0x000000072b000000|  0%| F|  |TAMS 0x000000072ae00000| PB 0x000000072ae00000| Untracked |  0
|  49|0x000000072b000000, 0x000000072b000000, 0x000000072b200000|  0%| F|  |TAMS 0x000000072b000000| PB 0x000000072b000000| Untracked |  0
|  50|0x000000072b200000, 0x000000072b200000, 0x000000072b400000|  0%| F|  |TAMS 0x000000072b200000| PB 0x000000072b200000| Untracked |  0
|  51|0x000000072b400000, 0x000000072b400000, 0x000000072b600000|  0%| F|  |TAMS 0x000000072b400000| PB 0x000000072b400000| Untracked |  0
|  52|0x000000072b600000, 0x000000072b600000, 0x000000072b800000|  0%| F|  |TAMS 0x000000072b600000| PB 0x000000072b600000| Untracked |  0
|  53|0x000000072b800000, 0x000000072b800000, 0x000000072ba00000|  0%| F|  |TAMS 0x000000072b800000| PB 0x000000072b800000| Untracked |  0
|  54|0x000000072ba00000, 0x000000072ba00000, 0x000000072bc00000|  0%| F|  |TAMS 0x000000072ba00000| PB 0x000000072ba00000| Untracked |  0
|  55|0x000000072bc00000, 0x000000072bc00000, 0x000000072be00000|  0%| F|  |TAMS 0x000000072bc00000| PB 0x000000072bc00000| Untracked |  0
|  56|0x000000072be00000, 0x000000072be00000, 0x000000072c000000|  0%| F|  |TAMS 0x000000072be00000| PB 0x000000072be00000| Untracked |  0
|  57|0x000000072c000000, 0x000000072c000000, 0x000000072c200000|  0%| F|  |TAMS 0x000000072c000000| PB 0x000000072c000000| Untracked |  0
|  58|0x000000072c200000, 0x000000072c200000, 0x000000072c400000|  0%| F|  |TAMS 0x000000072c200000| PB 0x000000072c200000| Untracked |  0
|  59|0x000000072c400000, 0x000000072c400000, 0x000000072c600000|  0%| F|  |TAMS 0x000000072c400000| PB 0x000000072c400000| Untracked |  0
|  60|0x000000072c600000, 0x000000072c600000, 0x000000072c800000|  0%| F|  |TAMS 0x000000072c600000| PB 0x000000072c600000| Untracked |  0
|  61|0x000000072c800000, 0x000000072c800000, 0x000000072ca00000|  0%| F|  |TAMS 0x000000072c800000| PB 0x000000072c800000| Untracked |  0
|  62|0x000000072ca00000, 0x000000072ca00000, 0x000000072cc00000|  0%| F|  |TAMS 0x000000072ca00000| PB 0x000000072ca00000| Untracked |  0
|  63|0x000000072cc00000, 0x000000072cc00000, 0x000000072ce00000|  0%| F|  |TAMS 0x000000072cc00000| PB 0x000000072cc00000| Untracked |  0
|  64|0x000000072ce00000, 0x000000072ce00000, 0x000000072d000000|  0%| F|  |TAMS 0x000000072ce00000| PB 0x000000072ce00000| Untracked |  0
|  65|0x000000072d000000, 0x000000072d000000, 0x000000072d200000|  0%| F|  |TAMS 0x000000072d000000| PB 0x000000072d000000| Untracked |  0
|  66|0x000000072d200000, 0x000000072d200000, 0x000000072d400000|  0%| F|  |TAMS 0x000000072d200000| PB 0x000000072d200000| Untracked |  0
|  67|0x000000072d400000, 0x000000072d400000, 0x000000072d600000|  0%| F|  |TAMS 0x000000072d400000| PB 0x000000072d400000| Untracked |  0
|  68|0x000000072d600000, 0x000000072d600000, 0x000000072d800000|  0%| F|  |TAMS 0x000000072d600000| PB 0x000000072d600000| Untracked |  0
|  69|0x000000072d800000, 0x000000072d800000, 0x000000072da00000|  0%| F|  |TAMS 0x000000072d800000| PB 0x000000072d800000| Untracked |  0
|  70|0x000000072da00000, 0x000000072da00000, 0x000000072dc00000|  0%| F|  |TAMS 0x000000072da00000| PB 0x000000072da00000| Untracked |  0
|  71|0x000000072dc00000, 0x000000072dc00000, 0x000000072de00000|  0%| F|  |TAMS 0x000000072dc00000| PB 0x000000072dc00000| Untracked |  0
|  72|0x000000072de00000, 0x000000072de00000, 0x000000072e000000|  0%| F|  |TAMS 0x000000072de00000| PB 0x000000072de00000| Untracked |  0
|  73|0x000000072e000000, 0x000000072e000000, 0x000000072e200000|  0%| F|  |TAMS 0x000000072e000000| PB 0x000000072e000000| Untracked |  0
|  74|0x000000072e200000, 0x000000072e200000, 0x000000072e400000|  0%| F|  |TAMS 0x000000072e200000| PB 0x000000072e200000| Untracked |  0
|  75|0x000000072e400000, 0x000000072e400000, 0x000000072e600000|  0%| F|  |TAMS 0x000000072e400000| PB 0x000000072e400000| Untracked |  0
|  76|0x000000072e600000, 0x000000072e600000, 0x000000072e800000|  0%| F|  |TAMS 0x000000072e600000| PB 0x000000072e600000| Untracked |  0
|  77|0x000000072e800000, 0x000000072e800000, 0x000000072ea00000|  0%| F|  |TAMS 0x000000072e800000| PB 0x000000072e800000| Untracked |  0
|  78|0x000000072ea00000, 0x000000072ea00000, 0x000000072ec00000|  0%| F|  |TAMS 0x000000072ea00000| PB 0x000000072ea00000| Untracked |  0
|  79|0x000000072ec00000, 0x000000072ec00000, 0x000000072ee00000|  0%| F|  |TAMS 0x000000072ec00000| PB 0x000000072ec00000| Untracked |  0
|  80|0x000000072ee00000, 0x000000072ee00000, 0x000000072f000000|  0%| F|  |TAMS 0x000000072ee00000| PB 0x000000072ee00000| Untracked |  0
|  81|0x000000072f000000, 0x000000072f000000, 0x000000072f200000|  0%| F|  |TAMS 0x000000072f000000| PB 0x000000072f000000| Untracked |  0
|  82|0x000000072f200000, 0x000000072f200000, 0x000000072f400000|  0%| F|  |TAMS 0x000000072f200000| PB 0x000000072f200000| Untracked |  0
|  83|0x000000072f400000, 0x000000072f400000, 0x000000072f600000|  0%| F|  |TAMS 0x000000072f400000| PB 0x000000072f400000| Untracked |  0
|  84|0x000000072f600000, 0x000000072f600000, 0x000000072f800000|  0%| F|  |TAMS 0x000000072f600000| PB 0x000000072f600000| Untracked |  0
|  85|0x000000072f800000, 0x000000072f800000, 0x000000072fa00000|  0%| F|  |TAMS 0x000000072f800000| PB 0x000000072f800000| Untracked |  0
|  86|0x000000072fa00000, 0x000000072fa00000, 0x000000072fc00000|  0%| F|  |TAMS 0x000000072fa00000| PB 0x000000072fa00000| Untracked |  0
|  87|0x000000072fc00000, 0x000000072fc00000, 0x000000072fe00000|  0%| F|  |TAMS 0x000000072fc00000| PB 0x000000072fc00000| Untracked |  0
|  88|0x000000072fe00000, 0x000000072fe00000, 0x0000000730000000|  0%| F|  |TAMS 0x000000072fe00000| PB 0x000000072fe00000| Untracked |  0
|  89|0x0000000730000000, 0x0000000730000000, 0x0000000730200000|  0%| F|  |TAMS 0x0000000730000000| PB 0x0000000730000000| Untracked |  0
|  90|0x0000000730200000, 0x0000000730200000, 0x0000000730400000|  0%| F|  |TAMS 0x0000000730200000| PB 0x0000000730200000| Untracked |  0
|  91|0x0000000730400000, 0x0000000730400000, 0x0000000730600000|  0%| F|  |TAMS 0x0000000730400000| PB 0x0000000730400000| Untracked |  0
|  92|0x0000000730600000, 0x0000000730600000, 0x0000000730800000|  0%| F|  |TAMS 0x0000000730600000| PB 0x0000000730600000| Untracked |  0
|  93|0x0000000730800000, 0x0000000730800000, 0x0000000730a00000|  0%| F|  |TAMS 0x0000000730800000| PB 0x0000000730800000| Untracked |  0
|  94|0x0000000730a00000, 0x0000000730a00000, 0x0000000730c00000|  0%| F|  |TAMS 0x0000000730a00000| PB 0x0000000730a00000| Untracked |  0
|  95|0x0000000730c00000, 0x0000000730c00000, 0x0000000730e00000|  0%| F|  |TAMS 0x0000000730c00000| PB 0x0000000730c00000| Untracked |  0
|  96|0x0000000730e00000, 0x0000000731000000, 0x0000000731000000|100%| S|CS|TAMS 0x0000000730e00000| PB 0x0000000730e00000| Complete |  0
|  97|0x0000000731000000, 0x0000000731200000, 0x0000000731200000|100%| S|CS|TAMS 0x0000000731000000| PB 0x0000000731000000| Complete |  0
|  98|0x0000000731200000, 0x0000000731200000, 0x0000000731400000|  0%| F|  |TAMS 0x0000000731200000| PB 0x0000000731200000| Untracked |  0
|  99|0x0000000731400000, 0x0000000731400000, 0x0000000731600000|  0%| F|  |TAMS 0x0000000731400000| PB 0x0000000731400000| Untracked |  0
| 100|0x0000000731600000, 0x00000007316c5fc8, 0x0000000731800000| 38%| E|  |TAMS 0x0000000731600000| PB 0x0000000731600000| Complete |  0
| 101|0x0000000731800000, 0x0000000731a00000, 0x0000000731a00000|100%| E|CS|TAMS 0x0000000731800000| PB 0x0000000731800000| Complete |  0
| 102|0x0000000731a00000, 0x0000000731c00000, 0x0000000731c00000|100%| E|CS|TAMS 0x0000000731a00000| PB 0x0000000731a00000| Complete |  0
| 103|0x0000000731c00000, 0x0000000731e00000, 0x0000000731e00000|100%| E|CS|TAMS 0x0000000731c00000| PB 0x0000000731c00000| Complete |  0
| 104|0x0000000731e00000, 0x0000000732000000, 0x0000000732000000|100%| E|CS|TAMS 0x0000000731e00000| PB 0x0000000731e00000| Complete |  0
| 105|0x0000000732000000, 0x0000000732200000, 0x0000000732200000|100%| E|CS|TAMS 0x0000000732000000| PB 0x0000000732000000| Complete |  0
| 106|0x0000000732200000, 0x0000000732400000, 0x0000000732400000|100%| E|CS|TAMS 0x0000000732200000| PB 0x0000000732200000| Complete |  0
| 107|0x0000000732400000, 0x0000000732600000, 0x0000000732600000|100%| E|CS|TAMS 0x0000000732400000| PB 0x0000000732400000| Complete |  0
| 108|0x0000000732600000, 0x0000000732800000, 0x0000000732800000|100%| E|CS|TAMS 0x0000000732600000| PB 0x0000000732600000| Complete |  0
| 109|0x0000000732800000, 0x0000000732a00000, 0x0000000732a00000|100%| E|CS|TAMS 0x0000000732800000| PB 0x0000000732800000| Complete |  0

Card table byte_map: [0x000001cd5df80000,0x000001cd5e660000] _byte_map_base: 0x000001cd5a659000

Marking Bits: (CMBitMap*) 0x000001cd4605dfd0
 Bits: [0x000001cd5e660000, 0x000001cd61d28000)

Polling page: 0x000001cd43dc0000

Metaspace:

Usage:
  Non-class:      6.64 MB used.
      Class:    906.53 KB used.
       Both:      7.53 MB used.

Virtual space:
  Non-class space:       64.00 MB reserved,       6.69 MB ( 10%) committed,  1 nodes.
      Class space:        1.00 GB reserved,       1.00 MB ( <1%) committed,  1 nodes.
             Both:        1.06 GB reserved,       7.69 MB ( <1%) committed. 

Chunk freelists:
   Non-Class:  7.73 MB
       Class:  15.05 MB
        Both:  22.78 MB

MaxMetaspaceSize: unlimited
CompressedClassSpaceSize: 1.00 GB
Initial GC threshold: 21.00 MB
Current GC threshold: 21.00 MB
CDS: on
 - commit_granule_bytes: 65536.
 - commit_granule_words: 8192.
 - virtual_space_node_default_size: 8388608.
 - enlarge_chunks_in_place: 1.
 - use_allocation_guard: 0.


Internal statistics:

num_allocs_failed_limit: 0.
num_arena_births: 56.
num_arena_deaths: 0.
num_vsnodes_births: 2.
num_vsnodes_deaths: 0.
num_space_committed: 123.
num_space_uncommitted: 0.
num_chunks_returned_to_freelist: 0.
num_chunks_taken_from_freelist: 277.
num_chunk_merges: 0.
num_chunk_splits: 190.
num_chunks_enlarged: 164.
num_inconsistent_stats: 0.

CodeHeap 'non-profiled nmethods': size=120000Kb used=639Kb max_used=639Kb free=119360Kb
 bounds [0x000001cd55e10000, 0x000001cd56080000, 0x000001cd5d340000]
CodeHeap 'profiled nmethods': size=120000Kb used=3153Kb max_used=3153Kb free=116846Kb
 bounds [0x000001cd4e340000, 0x000001cd4e660000, 0x000001cd55870000]
CodeHeap 'non-nmethods': size=5760Kb used=1363Kb max_used=1389Kb free=4396Kb
 bounds [0x000001cd55870000, 0x000001cd55ae0000, 0x000001cd55e10000]
 total_blobs=2073 nmethods=1608 adapters=370
 compilation: enabled
              stopped_count=0, restarted_count=0
 full_count=0

Compilation events (20 events):
Event: 46.845 Thread 0x000001cd41170020 nmethod 1621 0x000001cd4e64db10 code [0x000001cd4e64dd40, 0x000001cd4e64e850]
Event: 46.854 Thread 0x000001cd41170020 1622       3       com.google.common.base.Preconditions::checkArgument (29 bytes)
Event: 46.856 Thread 0x000001cd41170020 nmethod 1622 0x000001cd4e64eb10 code [0x000001cd4e64ece0, 0x000001cd4e64f268]
Event: 46.861 Thread 0x000001cd41170020 1623       3       sun.nio.fs.WindowsFileSystem::getPath (106 bytes)
Event: 46.866 Thread 0x000001cd41170020 nmethod 1623 0x000001cd4e64f410 code [0x000001cd4e64f680, 0x000001cd4e650070]
Event: 46.866 Thread 0x000001cd41170020 1624       3       sun.nio.fs.WindowsPath::parse (26 bytes)
Event: 46.867 Thread 0x000001cd41170020 nmethod 1624 0x000001cd4e650510 code [0x000001cd4e6506e0, 0x000001cd4e650ba0]
Event: 46.870 Thread 0x000001cd6498cdb0 nmethod 1618 0x000001cd55ead210 code [0x000001cd55ead460, 0x000001cd55eadf18]
Event: 46.960 Thread 0x000001cd6498cdb0 1626       4       java.util.Comparator$$Lambda/0x000001cd010694e8::compare (16 bytes)
Event: 46.960 Thread 0x000001cd41170020 1625       3       java.lang.reflect.Method::getParameterTypes (11 bytes)
Event: 46.960 Thread 0x000001cd41170020 nmethod 1625 0x000001cd4e650d10 code [0x000001cd4e650ec0, 0x000001cd4e651170]
Event: 46.961 Thread 0x000001cd41170020 1629       3       com.google.inject.TypeLiteral::resolveType (309 bytes)
Event: 46.962 Thread 0x000001cd41170020 nmethod 1629 0x000001cd4e651290 code [0x000001cd4e651620, 0x000001cd4e652f08]
Event: 46.963 Thread 0x000001cd41170020 1628       3       java.util.LinkedHashMap::valuesToArray (80 bytes)
Event: 46.963 Thread 0x000001cd41170020 nmethod 1628 0x000001cd4e653590 code [0x000001cd4e653760, 0x000001cd4e653d68]
Event: 46.963 Thread 0x000001cd41170020 1627       3       java.util.Comparator$$Lambda/0x000001cd01069250::compare (14 bytes)
Event: 46.963 Thread 0x000001cd41170020 nmethod 1627 0x000001cd4e653f90 code [0x000001cd4e654160, 0x000001cd4e654558]
Event: 46.967 Thread 0x000001cd6498cdb0 nmethod 1626 0x000001cd55eae610 code [0x000001cd55eae860, 0x000001cd55eaf248]
Event: 46.967 Thread 0x000001cd6498cdb0 1630       4       java.lang.CharacterDataLatin1::equalsIgnoreCase (63 bytes)
Event: 46.968 Thread 0x000001cd6498cdb0 nmethod 1630 0x000001cd55eafa10 code [0x000001cd55eafb80, 0x000001cd55eafc28]

GC Heap History (2 events):
Event: 42.488 GC heap before
{Heap before GC invocations=0 (full 0):
 garbage-first heap   total reserved 3590144K, committed 225280K, used 24576K [0x0000000724e00000, 0x0000000800000000)
  region size 2048K, 12 young (24576K), 0 survivors (0K)
 Metaspace       used 5722K, committed 5952K, reserved 1114112K
  class space    used 673K, committed 768K, reserved 1048576K
}
Event: 42.546 GC heap after
{Heap after GC invocations=1 (full 0):
 garbage-first heap   total reserved 3590144K, committed 225280K, used 4096K [0x0000000724e00000, 0x0000000800000000)
  region size 2048K, 2 young (4096K), 2 survivors (4096K)
 Metaspace       used 5722K, committed 5952K, reserved 1114112K
  class space    used 673K, committed 768K, reserved 1048576K
}

Dll operation events (8 events):
Event: 0.679 Loaded shared library C:\Program Files\Java\jdk-22\bin\java.dll
Event: 0.932 Loaded shared library C:\Program Files\Java\jdk-22\bin\jsvml.dll
Event: 1.144 Loaded shared library C:\Program Files\Java\jdk-22\bin\net.dll
Event: 1.146 Loaded shared library C:\Program Files\Java\jdk-22\bin\nio.dll
Event: 1.870 Loaded shared library C:\Program Files\Java\jdk-22\bin\zip.dll
Event: 18.412 Loaded shared library C:\Program Files\Java\jdk-22\bin\jimage.dll
Event: 19.789 Loaded shared library C:\Program Files\NetBeans-21\netbeans\java\maven\lib\jansi-native\Windows\x86_64\jansi.dll
Event: 19.863 Loaded shared library C:\Program Files\Java\jdk-22\bin\verify.dll

Deoptimization events (20 events):
Event: 44.261 Thread 0x000001cd43e1f710 Uncommon trap: trap_request=0xffffffc6 fr.pc=0x000001cd55e4f330 relative=0x00000000000003d0
Event: 44.261 Thread 0x000001cd43e1f710 Uncommon trap: reason=bimorphic_or_optimized_type_check action=maybe_recompile pc=0x000001cd55e4f330 method=java.util.concurrent.ConcurrentHashMap.get(Ljava/lang/Object;)Ljava/lang/Object; @ 149 c2
Event: 44.261 Thread 0x000001cd43e1f710 DEOPT PACKING pc=0x000001cd55e4f330 sp=0x00000065d74fd680
Event: 44.261 Thread 0x000001cd43e1f710 DEOPT UNPACKING pc=0x000001cd558c46a2 sp=0x00000065d74fd5f0 mode 2
Event: 45.448 Thread 0x000001cd43e1f710 Uncommon trap: trap_request=0xffffff45 fr.pc=0x000001cd55e89014 relative=0x0000000000000654
Event: 45.448 Thread 0x000001cd43e1f710 Uncommon trap: reason=unstable_if action=reinterpret pc=0x000001cd55e89014 method=java.lang.String.<init>([CIILjava/lang/Void;)V @ 5 c2
Event: 45.448 Thread 0x000001cd43e1f710 DEOPT PACKING pc=0x000001cd55e89014 sp=0x00000065d74fe3c0
Event: 45.448 Thread 0x000001cd43e1f710 DEOPT UNPACKING pc=0x000001cd558c46a2 sp=0x00000065d74fe260 mode 2
Event: 45.600 Thread 0x000001cd43e1f710 Uncommon trap: trap_request=0xffffff45 fr.pc=0x000001cd55e7a030 relative=0x0000000000000310
Event: 45.601 Thread 0x000001cd43e1f710 Uncommon trap: reason=unstable_if action=reinterpret pc=0x000001cd55e7a030 method=java.lang.String.<init>([CIILjava/lang/Void;)V @ 5 c2
Event: 45.604 Thread 0x000001cd43e1f710 DEOPT PACKING pc=0x000001cd55e7a030 sp=0x00000065d74fe290
Event: 45.604 Thread 0x000001cd43e1f710 DEOPT UNPACKING pc=0x000001cd558c46a2 sp=0x00000065d74fe250 mode 2
Event: 45.771 Thread 0x000001cd43e1f710 DEOPT PACKING pc=0x000001cd4e5890fb sp=0x00000065d74fe590
Event: 45.771 Thread 0x000001cd43e1f710 DEOPT UNPACKING pc=0x000001cd558c4e42 sp=0x00000065d74fda00 mode 0
Event: 45.776 Thread 0x000001cd43e1f710 DEOPT PACKING pc=0x000001cd4e5890fb sp=0x00000065d74fe590
Event: 45.776 Thread 0x000001cd43e1f710 DEOPT UNPACKING pc=0x000001cd558c4e42 sp=0x00000065d74fda00 mode 0
Event: 46.799 Thread 0x000001cd43e1f710 Uncommon trap: trap_request=0xffffffc6 fr.pc=0x000001cd55e84a30 relative=0x0000000000000330
Event: 46.799 Thread 0x000001cd43e1f710 Uncommon trap: reason=bimorphic_or_optimized_type_check action=maybe_recompile pc=0x000001cd55e84a30 method=java.util.HashMap.getNode(Ljava/lang/Object;)Ljava/util/HashMap$Node; @ 63 c2
Event: 46.799 Thread 0x000001cd43e1f710 DEOPT PACKING pc=0x000001cd55e84a30 sp=0x00000065d74fe890
Event: 46.799 Thread 0x000001cd43e1f710 DEOPT UNPACKING pc=0x000001cd558c46a2 sp=0x00000065d74fe808 mode 2

Classes loaded (20 events):
Event: 42.873 Loading class sun/reflect/generics/reflectiveObjects/ParameterizedTypeImpl
Event: 42.874 Loading class sun/reflect/generics/reflectiveObjects/ParameterizedTypeImpl done
Event: 43.045 Loading class jdk/internal/foreign/MemorySessionImpl
Event: 43.876 Loading class java/lang/foreign/MemorySegment$Scope
Event: 43.880 Loading class java/lang/foreign/MemorySegment$Scope done
Event: 43.880 Loading class jdk/internal/foreign/MemorySessionImpl done
Event: 46.031 Loading class java/lang/Deprecated
Event: 46.032 Loading class java/lang/Deprecated done
Event: 46.435 Loading class java/lang/invoke/MethodHandle$1
Event: 46.513 Loading class java/lang/invoke/MethodHandle$1 done
Event: 46.590 Loading class sun/reflect/generics/tree/BottomSignature
Event: 46.590 Loading class sun/reflect/generics/tree/BottomSignature done
Event: 46.590 Loading class sun/reflect/generics/tree/Wildcard
Event: 46.590 Loading class sun/reflect/generics/tree/Wildcard done
Event: 46.590 Loading class sun/reflect/generics/reflectiveObjects/WildcardTypeImpl
Event: 46.590 Loading class sun/reflect/generics/reflectiveObjects/WildcardTypeImpl done
Event: 46.590 Loading class sun/reflect/annotation/AnnotatedTypeFactory$AnnotatedParameterizedTypeImpl
Event: 46.590 Loading class java/lang/reflect/AnnotatedParameterizedType
Event: 46.590 Loading class java/lang/reflect/AnnotatedParameterizedType done
Event: 46.590 Loading class sun/reflect/annotation/AnnotatedTypeFactory$AnnotatedParameterizedTypeImpl done

Classes unloaded (0 events):
No events

Classes redefined (0 events):
No events

Internal exceptions (20 events):
Event: 19.845 Thread 0x000001cd43e1f710 Exception <a 'java/lang/NullPointerException'{0x00000007325d2808}> (0x00000007325d2808) 
thrown [s\open\src\hotspot\share\interpreter\linkResolver.cpp, line 1374]
Event: 19.845 Thread 0x000001cd43e1f710 Exception <a 'java/lang/NullPointerException'{0x00000007325d2ae8}> (0x00000007325d2ae8) 
thrown [s\open\src\hotspot\share\interpreter\linkResolver.cpp, line 1374]
Event: 19.858 Thread 0x000001cd43e1f710 Exception <a 'sun/nio/fs/WindowsException'{0x00000007325fbb30}> (0x00000007325fbb30) 
thrown [s\open\src\hotspot\share\prims\jni.cpp, line 520]
Event: 19.858 Thread 0x000001cd43e1f710 Exception <a 'sun/nio/fs/WindowsException'{0x00000007325fc308}> (0x00000007325fc308) 
thrown [s\open\src\hotspot\share\prims\jni.cpp, line 520]
Event: 19.859 Thread 0x000001cd43e1f710 Exception <a 'sun/nio/fs/WindowsException'{0x00000007325fc930}> (0x00000007325fc930) 
thrown [s\open\src\hotspot\share\prims\jni.cpp, line 520]
Event: 19.859 Thread 0x000001cd43e1f710 Exception <a 'sun/nio/fs/WindowsException'{0x00000007325fcf30}> (0x00000007325fcf30) 
thrown [s\open\src\hotspot\share\prims\jni.cpp, line 520]
Event: 19.859 Thread 0x000001cd43e1f710 Exception <a 'sun/nio/fs/WindowsException'{0x00000007325fd4a8}> (0x00000007325fd4a8) 
thrown [s\open\src\hotspot\share\prims\jni.cpp, line 520]
Event: 19.859 Thread 0x000001cd43e1f710 Exception <a 'sun/nio/fs/WindowsException'{0x00000007325fda00}> (0x00000007325fda00) 
thrown [s\open\src\hotspot\share\prims\jni.cpp, line 520]
Event: 19.859 Thread 0x000001cd43e1f710 Exception <a 'sun/nio/fs/WindowsException'{0x00000007325fdf08}> (0x00000007325fdf08) 
thrown [s\open\src\hotspot\share\prims\jni.cpp, line 520]
Event: 19.859 Thread 0x000001cd43e1f710 Exception <a 'sun/nio/fs/WindowsException'{0x00000007325fe3c8}> (0x00000007325fe3c8) 
thrown [s\open\src\hotspot\share\prims\jni.cpp, line 520]
Event: 20.888 Thread 0x000001cd43e1f710 Exception <a 'java/lang/NoSuchMethodError'{0x00000007322704b8}: 'void java.lang.invoke.DirectMethodHandle$Holder.invokeStatic(java.lang.Object, java.lang.Object, java.lang.Object)'> (0x00000007322704b8) 
thrown [s\open\src\hotspot\share\interpreter\linkResolver.cpp, line 774]
Event: 30.174 Thread 0x000001cd43e1f710 Exception <a 'java/lang/NoSuchMethodError'{0x0000000732024118}: 'java.lang.Object java.lang.invoke.DirectMethodHandle$Holder.invokeSpecialIFC(java.lang.Object, java.lang.Object, java.lang.Object, java.lang.Object)'> (0x0000000732024118) 
thrown [s\open\src\hotspot\share\interpreter\linkResolver.cpp, line 774]
Event: 35.878 Thread 0x000001cd43e1f710 Exception <a 'java/lang/NoSuchMethodError'{0x0000000731d95e80}: 'void java.lang.invoke.DirectMethodHandle$Holder.invokeSpecial(java.lang.Object, java.lang.Object, java.lang.Object)'> (0x0000000731d95e80) 
thrown [s\open\src\hotspot\share\interpreter\linkResolver.cpp, line 774]
Event: 37.675 Thread 0x000001cd43e1f710 Exception <a 'java/lang/NoSuchMethodError'{0x0000000731ad7630}: 'java.lang.Object java.lang.invoke.DirectMethodHandle$Holder.invokeInterface(java.lang.Object, java.lang.Object)'> (0x0000000731ad7630) 
thrown [s\open\src\hotspot\share\interpreter\linkResolver.cpp, line 774]
Event: 37.704 Thread 0x000001cd43e1f710 Exception <a 'java/lang/NoSuchMethodError'{0x0000000731b6a020}: 'int java.lang.invoke.DirectMethodHandle$Holder.invokeStatic(java.lang.Object, java.lang.Object, java.lang.Object, java.lang.Object)'> (0x0000000731b6a020) 
thrown [s\open\src\hotspot\share\interpreter\linkResolver.cpp, line 774]
Event: 37.705 Thread 0x000001cd43e1f710 Exception <a 'java/lang/NoSuchMethodError'{0x0000000731b6d6e0}: 'java.lang.Object java.lang.invoke.Invokers$Holder.invokeExact_MT(java.lang.Object, java.lang.Object, java.lang.Object, java.lang.Object, java.lang.Object, java.lang.Object)'> (0x0000000731b6d6e0) 
thrown [s\open\src\hotspot\share\interpreter\linkResolver.cpp, line 774]
Event: 37.708 Thread 0x000001cd43e1f710 Exception <a 'java/lang/NoSuchMethodError'{0x0000000731b7c4c0}: 'int java.lang.invoke.DirectMethodHandle$Holder.invokeSpecialIFC(java.lang.Object, java.lang.Object, java.lang.Object, java.lang.Object, java.lang.Object)'> (0x0000000731b7c4c0) 
thrown [s\open\src\hotspot\share\interpreter\linkResolver.cpp, line 774]
Event: 40.115 Thread 0x000001cd43e1f710 Exception <a 'java/lang/NoSuchMethodError'{0x00000007318f34b8}: 'java.lang.Object java.lang.invoke.DirectMethodHandle$Holder.newInvokeSpecial(java.lang.Object, java.lang.Object, java.lang.Object, java.lang.Object, java.lang.Object)'> (0x00000007318f34b8) 
thrown [s\open\src\hotspot\share\interpreter\linkResolver.cpp, line 774]
Event: 40.967 Thread 0x000001cd43e1f710 Exception <a 'java/lang/NoSuchMethodError'{0x00000007319e8c28}: 'int java.lang.invoke.DirectMethodHandle$Holder.invokeStaticInit(java.lang.Object, java.lang.Object)'> (0x00000007319e8c28) 
thrown [s\open\src\hotspot\share\interpreter\linkResolver.cpp, line 774]
Event: 41.081 Thread 0x000001cd43e1f710 Exception <a 'java/lang/NoClassDefFoundError'{0x000000073161d4a0}: javax/enterprise/inject/Typed> (0x000000073161d4a0) 
thrown [s\open\src\hotspot\share\classfile\systemDictionary.cpp, line 302]

ZGC Phase Switch (0 events):
No events

VM Operations (20 events):
Event: 38.156 Executing VM operation: Cleanup
Event: 38.176 Executing VM operation: Cleanup done
Event: 39.190 Executing VM operation: Cleanup
Event: 39.197 Executing VM operation: Cleanup done
Event: 40.198 Executing VM operation: Cleanup
Event: 40.348 Executing VM operation: Cleanup done
Event: 41.356 Executing VM operation: Cleanup
Event: 41.356 Executing VM operation: Cleanup done
Event: 42.356 Executing VM operation: Cleanup
Event: 42.356 Executing VM operation: Cleanup done
Event: 42.488 Executing VM operation: G1CollectForAllocation (G1 Evacuation Pause)
Event: 42.546 Executing VM operation: G1CollectForAllocation (G1 Evacuation Pause) done
Event: 43.556 Executing VM operation: Cleanup
Event: 43.881 Executing VM operation: Cleanup done
Event: 44.883 Executing VM operation: Cleanup
Event: 44.914 Executing VM operation: Cleanup done
Event: 45.922 Executing VM operation: Cleanup
Event: 45.938 Executing VM operation: Cleanup done
Event: 46.939 Executing VM operation: Cleanup
Event: 46.939 Executing VM operation: Cleanup done

Events (11 events):
Event: 0.701 Thread 0x000001cd43e1f710 Thread added: 0x000001cd43e1f710
Event: 0.930 Thread 0x000001cd649813c0 Thread added: 0x000001cd649813c0
Event: 0.930 Thread 0x000001cd64981f80 Thread added: 0x000001cd64981f80
Event: 0.930 Thread 0x000001cd649860f0 Thread added: 0x000001cd649860f0
Event: 0.930 Thread 0x000001cd64986b50 Thread added: 0x000001cd64986b50
Event: 0.930 Thread 0x000001cd649875b0 Thread added: 0x000001cd649875b0
Event: 0.931 Thread 0x000001cd6498c020 Thread added: 0x000001cd6498c020
Event: 0.931 Thread 0x000001cd6498cdb0 Thread added: 0x000001cd6498cdb0
Event: 1.012 Thread 0x000001cd41170020 Thread added: 0x000001cd41170020
Event: 1.135 Thread 0x000001cd41254740 Thread added: 0x000001cd41254740
Event: 1.139 Thread 0x000001cd412595e0 Thread added: 0x000001cd412595e0


Dynamic libraries:
0x00007ff7ed1d0000 - 0x00007ff7ed1e0000 	C:\Program Files\Java\jdk-22\bin\java.exe
0x00007ffc3f9d0000 - 0x00007ffc3fbe7000 	C:\WINDOWS\SYSTEM32\ntdll.dll
0x00007ffc3e920000 - 0x00007ffc3e9e4000 	C:\WINDOWS\System32\KERNEL32.DLL
0x00007ffc3cf80000 - 0x00007ffc3d327000 	C:\WINDOWS\System32\KERNELBASE.dll
0x00007ffc3ce60000 - 0x00007ffc3cf71000 	C:\WINDOWS\System32\ucrtbase.dll
0x00007ffc0f400000 - 0x00007ffc0f417000 	C:\Program Files\Java\jdk-22\bin\jli.dll
0x00007ffc3e9f0000 - 0x00007ffc3eaa2000 	C:\WINDOWS\System32\ADVAPI32.dll
0x00007ffc3eab0000 - 0x00007ffc3eb57000 	C:\WINDOWS\System32\msvcrt.dll
0x00007ffc3dbc0000 - 0x00007ffc3dc68000 	C:\WINDOWS\System32\sechost.dll
0x00007ffc3ce30000 - 0x00007ffc3ce58000 	C:\WINDOWS\System32\bcrypt.dll
0x00007ffc3f650000 - 0x00007ffc3f765000 	C:\WINDOWS\System32\RPCRT4.dll
0x00007ffc3e520000 - 0x00007ffc3e6ce000 	C:\WINDOWS\System32\USER32.dll
0x00007ffc3d4c0000 - 0x00007ffc3d4e6000 	C:\WINDOWS\System32\win32u.dll
0x00007ffc3db70000 - 0x00007ffc3db99000 	C:\WINDOWS\System32\GDI32.dll
0x00007ffc3d3a0000 - 0x00007ffc3d4b9000 	C:\WINDOWS\System32\gdi32full.dll
0x00007ffc3d4f0000 - 0x00007ffc3d58a000 	C:\WINDOWS\System32\msvcp_win.dll
0x00007ffbf78f0000 - 0x00007ffbf790b000 	C:\Program Files\Java\jdk-22\bin\VCRUNTIME140.dll
0x00007ffc10350000 - 0x00007ffc105e3000 	C:\WINDOWS\WinSxS\amd64_microsoft.windows.common-controls_6595b64144ccf1df_6.0.22621.3527_none_270e469b73872a76\COMCTL32.dll
0x00007ffc343d0000 - 0x00007ffc343da000 	C:\WINDOWS\SYSTEM32\VERSION.dll
0x00007ffc3f2b0000 - 0x00007ffc3f2e1000 	C:\WINDOWS\System32\IMM32.DLL
0x00007ffc0e880000 - 0x00007ffc0e88c000 	C:\Program Files\Java\jdk-22\bin\vcruntime140_1.dll
0x00007ffbd0ad0000 - 0x00007ffbd0b5e000 	C:\Program Files\Java\jdk-22\bin\msvcp140.dll
0x00007ffba99a0000 - 0x00007ffbaa6e8000 	C:\Program Files\Java\jdk-22\bin\server\jvm.dll
0x00007ffc3e6d0000 - 0x00007ffc3e741000 	C:\WINDOWS\System32\WS2_32.dll
0x00007ffc3cbb0000 - 0x00007ffc3cbfd000 	C:\WINDOWS\SYSTEM32\POWRPROF.dll
0x00007ffc345c0000 - 0x00007ffc345f4000 	C:\WINDOWS\SYSTEM32\WINMM.dll
0x00007ffc3cb90000 - 0x00007ffc3cba3000 	C:\WINDOWS\SYSTEM32\UMPDC.dll
0x00007ffc3bcd0000 - 0x00007ffc3bce8000 	C:\WINDOWS\SYSTEM32\kernel.appcore.dll
0x00007ffbf77d0000 - 0x00007ffbf77da000 	C:\Program Files\Java\jdk-22\bin\jimage.dll
0x00007ffc3a670000 - 0x00007ffc3a8a2000 	C:\WINDOWS\SYSTEM32\DBGHELP.DLL
0x00007ffc3d700000 - 0x00007ffc3da88000 	C:\WINDOWS\System32\combase.dll
0x00007ffc3da90000 - 0x00007ffc3db67000 	C:\WINDOWS\System32\OLEAUT32.dll
0x00007ffc2a930000 - 0x00007ffc2a962000 	C:\WINDOWS\SYSTEM32\dbgcore.DLL
0x00007ffc3cdb0000 - 0x00007ffc3ce29000 	C:\WINDOWS\System32\bcryptPrimitives.dll
0x00007ffbf78d0000 - 0x00007ffbf78ee000 	C:\Program Files\Java\jdk-22\bin\java.dll
0x00007ffc3dc70000 - 0x00007ffc3e4cc000 	C:\WINDOWS\System32\SHELL32.dll
0x00007ffc3f2f0000 - 0x00007ffc3f495000 	C:\WINDOWS\System32\ole32.dll
0x00007ffc3abe0000 - 0x00007ffc3b4d6000 	C:\WINDOWS\SYSTEM32\windows.storage.dll
0x00007ffc3aaa0000 - 0x00007ffc3abde000 	C:\WINDOWS\SYSTEM32\wintypes.dll
0x00007ffc3ed30000 - 0x00007ffc3ee25000 	C:\WINDOWS\System32\SHCORE.dll
0x00007ffc3ec60000 - 0x00007ffc3ecbe000 	C:\WINDOWS\System32\shlwapi.dll
0x00007ffc3cc20000 - 0x00007ffc3cc41000 	C:\WINDOWS\SYSTEM32\profapi.dll
0x00007ffbdd120000 - 0x00007ffbdd1f7000 	C:\Program Files\Java\jdk-22\bin\jsvml.dll
0x00007ffbf77c0000 - 0x00007ffbf77d0000 	C:\Program Files\Java\jdk-22\bin\net.dll
0x00007ffc3c130000 - 0x00007ffc3c199000 	C:\WINDOWS\system32\mswsock.dll
0x00007ffbdd100000 - 0x00007ffbdd116000 	C:\Program Files\Java\jdk-22\bin\nio.dll
0x00007ffbdd0e0000 - 0x00007ffbdd0f7000 	C:\Program Files\Java\jdk-22\bin\zip.dll
0x0000000069ac0000 - 0x0000000069ae4000 	C:\Program Files\NetBeans-21\netbeans\java\maven\lib\jansi-native\Windows\x86_64\jansi.dll
0x00007ffbf77b0000 - 0x00007ffbf77c0000 	C:\Program Files\Java\jdk-22\bin\verify.dll

dbghelp: loaded successfully - version: 4.0.5 - missing functions: none
symbol engine: initialized successfully - sym options: 0x614 - pdb path: .;C:\Program Files\Java\jdk-22\bin;C:\WINDOWS\SYSTEM32;C:\WINDOWS\WinSxS\amd64_microsoft.windows.common-controls_6595b64144ccf1df_6.0.22621.3527_none_270e469b73872a76;C:\Program Files\Java\jdk-22\bin\server;C:\Program Files\NetBeans-21\netbeans\java\maven\lib\jansi-native\Windows\x86_64

VM Arguments:
jvm_args: -Dclassworlds.conf=C:\Program Files\NetBeans-21\netbeans\java\maven\bin\m2.conf -Dmaven.home=C:\Program Files\NetBeans-21\netbeans\java\maven -Dlibrary.jansi.path=C:\Program Files\NetBeans-21\netbeans\java\maven\lib\jansi-native -Dmaven.multiModuleProjectDirectory=C:\Users\ADMIN\OneDrive\Documents\GitHub\Management_Project_Java\mavenproject1 
java_command: org.codehaus.plexus.classworlds.launcher.Launcher -Dexec.vmArgs=--enable-preview -Dexec.args=${exec.vmArgs} -classpath %classpath ${exec.mainClass} ${exec.appArgs} -Dexec.appArgs= -Dexec.mainClass=GUI.Login -Dexec.executable=C:\Program Files\Java\jdk-22\bin\java.exe -Dmaven.ext.class.path=C:\Program Files\NetBeans-21\netbeans\java\maven-nblib\netbeans-eventspy.jar --no-transfer-progress process-classes org.codehaus.mojo:exec-maven-plugin:3.1.0:exec
java_class_path (initial): C:\Program Files\NetBeans-21\netbeans\java\maven\boot\plexus-classworlds-2.7.0.jar
Launcher Type: SUN_STANDARD

[Global flags]
     intx CICompilerCount                          = 4                                         {product} {ergonomic}
     uint ConcGCThreads                            = 3                                         {product} {ergonomic}
     uint G1ConcRefinementThreads                  = 10                                        {product} {ergonomic}
   size_t G1HeapRegionSize                         = 2097152                                   {product} {ergonomic}
   size_t InitialHeapSize                          = 230686720                                 {product} {ergonomic}
   size_t MarkStackSize                            = 4194304                                   {product} {ergonomic}
   size_t MaxHeapSize                              = 3676307456                                {product} {ergonomic}
   size_t MaxNewSize                               = 2204106752                                {product} {ergonomic}
   size_t MinHeapDeltaBytes                        = 2097152                                   {product} {ergonomic}
   size_t MinHeapSize                              = 8388608                                   {product} {ergonomic}
    uintx NonNMethodCodeHeapSize                   = 5839372                                {pd product} {ergonomic}
    uintx NonProfiledCodeHeapSize                  = 122909434                              {pd product} {ergonomic}
    uintx ProfiledCodeHeapSize                     = 122909434                              {pd product} {ergonomic}
    uintx ReservedCodeCacheSize                    = 251658240                              {pd product} {ergonomic}
     bool SegmentedCodeCache                       = true                                      {product} {ergonomic}
   size_t SoftMaxHeapSize                          = 3676307456                             {manageable} {ergonomic}
     bool UseCompressedOops                        = true                           {product lp64_product} {ergonomic}
     bool UseG1GC                                  = true                                      {product} {ergonomic}
     bool UseLargePagesIndividualAllocation        = false                                  {pd product} {ergonomic}

Logging:
Log output configuration:
 #0: stdout all=warning uptime,level,tags foldmultilines=false
 #1: stderr all=off uptime,level,tags foldmultilines=false

Environment Variables:
JAVA_HOME=C:\Program Files\Java\jdk-22
PATH=C:\Program Files (x86)\VMware\VMware Workstation\bin\;C:\Program Files\Common Files\Oracle\Java\javapath;C:\Program Files (x86)\Common Files\Oracle\Java\javapath;C:\Windows\system32;C:\Windows;C:\Windows\System32\Wbem;C:\Windows\System32\WindowsPowerShell\v1.0\;C:\Windows\System32\OpenSSH\;C:\Program Files (x86)\NVIDIA Corporation\PhysX\Common;C:\Program Files\NVIDIA Corporation\NVIDIA NvDLISR;C:\msys64\mingw64\bin;C:\WINDOWS\system32;C:\WINDOWS;C:\WINDOWS\System32\Wbem;C:\WINDOWS\System32\WindowsPowerShell\v1.0\;C:\WINDOWS\System32\OpenSSH\;C:\Program Files (x86)\Microsoft SQL Server\110\Tools\Binn\;C:\Program Files\Microsoft SQL Server\110\Tools\Binn\;C:\Program Files\Microsoft SQL Server\110\DTS\Binn\;C:\Program Files (x86)\Microsoft SQL Server\110\Tools\Binn\ManagementStudio\;C:\Program Files (x86)\Microsoft SQL Server\110\DTS\Binn\;C:\Program Files\Microsoft SQL Server\150\Tools\Binn\;C:\Program Files\Microsoft SQL Server\Client SDK\ODBC\170\Tools\Binn\;C:\Program Files\dotnet\;C:\Program Files\Git\cmd;C:\Users\ADMIN\AppData\Local\Programs\Python\Python312\Scripts\;C:\Users\ADMIN\AppData\Local\Programs\Python\Python312\;C:\Users\ADMIN\AppData\Local\Programs\Python\Launcher\;C:\Users\ADMIN\AppData\Local\Microsoft\WindowsApps;C:\Users\ADMIN\.dotnet\tools;C:\Users\ADMIN\AppData\Local\Programs\Microsoft VS Code\bin;C:\Users\ADMIN\AppData\Local\GitHubDesktop\bin;C:\Program Files\Java\jdk-22\bin;
USERNAME=ADMIN
OS=Windows_NT
PROCESSOR_IDENTIFIER=AMD64 Family 25 Model 68 Stepping 1, AuthenticAMD
TMP=C:\Users\ADMIN\AppData\Local\Temp
TEMP=C:\Users\ADMIN\AppData\Local\Temp




Periodic native trim disabled

---------------  S Y S T E M  ---------------

OS:
 Windows 11 , 64 bit Build 22621 (10.0.22621.3527)
OS uptime: 1 days 1:44 hours
Hyper-V role detected

CPU: total 12 (initial active 12) (12 cores per cpu, 2 threads per core) family 25 model 68 stepping 1 microcode 0x0, cx8, cmov, fxsr, ht, mmx, 3dnowpref, sse, sse2, sse3, ssse3, sse4a, sse4.1, sse4.2, popcnt, lzcnt, tsc, tscinvbit, avx, avx2, aes, erms, clmul, bmi1, bmi2, adx, sha, fma, vzeroupper, clflush, clflushopt, hv, rdtscp, rdpid, fsrm, f16c, cet_ss
Processor Information for processor 0
  Max Mhz: 3301, Current Mhz: 3301, Mhz Limit: 3301
Processor Information for processor 1
  Max Mhz: 3301, Current Mhz: 3301, Mhz Limit: 3301
Processor Information for processor 2
  Max Mhz: 3301, Current Mhz: 3301, Mhz Limit: 3301
Processor Information for processor 3
  Max Mhz: 3301, Current Mhz: 3301, Mhz Limit: 3301
Processor Information for processor 4
  Max Mhz: 3301, Current Mhz: 3301, Mhz Limit: 3301
Processor Information for processor 5
  Max Mhz: 3301, Current Mhz: 3301, Mhz Limit: 3301
Processor Information for processor 6
  Max Mhz: 3301, Current Mhz: 3301, Mhz Limit: 3301
Processor Information for processor 7
  Max Mhz: 3301, Current Mhz: 3301, Mhz Limit: 3301
Processor Information for processor 8
  Max Mhz: 3301, Current Mhz: 2503, Mhz Limit: 3301
Processor Information for processor 9
  Max Mhz: 3301, Current Mhz: 3301, Mhz Limit: 3301
Processor Information for processor 10
  Max Mhz: 3301, Current Mhz: 3301, Mhz Limit: 3301
Processor Information for processor 11
  Max Mhz: 3301, Current Mhz: 3301, Mhz Limit: 3301

Memory: 4k page, system-wide physical 14020M (1597M free)
TotalPageFile size 57028M (AvailPageFile size 7300M)
current process WorkingSet (physical memory assigned to process): 68M, peak: 87M
current process commit charge ("private bytes"): 322M, peak: 328M

vm_info: Java HotSpot(TM) 64-Bit Server VM (22+36-2370) for windows-amd64 JRE (22+36-2370), built on 2024-02-15T22:15:19Z by "mach5one" with MS VC++ 17.6 (VS2022)

END.
