#
# There is insufficient memory for the Java Runtime Environment to continue.
# Native memory allocation (mmap) failed to map 65536 bytes. Error detail: Failed to commit metaspace.
# Possible reasons:
#   The system is out of physical RAM or swap space
#   This process is running with CompressedOops enabled, and the Java Heap may be blocking the growth of the native heap
# Possible solutions:
#   Reduce memory load on the system
#   Increase physical memory or swap space
#   Check if swap backing store is full
#   Decrease Java heap size (-Xmx/-Xms)
#   Decrease number of Java threads
#   Decrease Java thread stack sizes (-Xss)
#   Set larger code cache with -XX:ReservedCodeCacheSize=
#   JVM is running with Zero Based Compressed Oops mode in which the Java heap is
#     placed in the first 32GB address space. The Java Heap base address is the
#     maximum limit for the native heap growth. Please use -XX:HeapBaseMinAddress
#     to set the Java Heap base and to place the Java Heap above 32GB virtual address.
# This output file may be truncated or incomplete.
#
#  Out of Memory Error (virtualSpaceNode.cpp:112), pid=35548, tid=35688
#
# JRE version: Java(TM) SE Runtime Environment (22.0+36) (build 22+36-2370)
# Java VM: Java HotSpot(TM) 64-Bit Server VM (22+36-2370, mixed mode, sharing, tiered, compressed oops, compressed class ptrs, g1 gc, windows-amd64)
# No core dump will be written. Minidumps are not enabled by default on client versions of Windows
#

---------------  S U M M A R Y ------------

Command Line: -Dclassworlds.conf=C:\Program Files\NetBeans-21\netbeans\java\maven\bin\m2.conf -Dmaven.home=C:\Program Files\NetBeans-21\netbeans\java\maven -Dlibrary.jansi.path=C:\Program Files\NetBeans-21\netbeans\java\maven\lib\jansi-native -Dmaven.multiModuleProjectDirectory=C:\Users\ADMIN\OneDrive\Documents\GitHub\Management_Project_Java\mavenproject1 org.codehaus.plexus.classworlds.launcher.Launcher -Dexec.vmArgs=--enable-preview -Dexec.args=${exec.vmArgs} -classpath %classpath ${exec.mainClass} ${exec.appArgs} -Dexec.appArgs= -Dexec.mainClass=GUI.Login -Dexec.executable=C:\Program Files\Java\jdk-22\bin\java.exe -Dmaven.ext.class.path=C:\Program Files\NetBeans-21\netbeans\java\maven-nblib\netbeans-eventspy.jar --no-transfer-progress process-classes org.codehaus.mojo:exec-maven-plugin:3.1.0:exec

Host: AMD Ryzen 5 6600HS Creator Edition             , 12 cores, 13G,  Windows 11 , 64 bit Build 22621 (10.0.22621.3527)
Time: Thu May 16 16:18:43 2024 SE Asia Standard Time elapsed time: 41.083126 seconds (0d 0h 0m 41s)

---------------  T H R E A D  ---------------

Current thread (0x000001fa6e88f710):  JavaThread "main"             [_thread_in_vm, id=35688, stack(0x000000dc46b00000,0x000000dc46c00000) (1024K)]

Stack: [0x000000dc46b00000,0x000000dc46c00000]
Native frames: (J=compiled Java code, j=interpreted, Vv=VM code, C=native code)
V  [jvm.dll+0x6e2349]  (no source info available)
V  [jvm.dll+0x874ed3]  (no source info available)
V  [jvm.dll+0x8772fe]  (no source info available)
V  [jvm.dll+0x8779d3]  (no source info available)
V  [jvm.dll+0x27fcb6]  (no source info available)
V  [jvm.dll+0x870b1e]  (no source info available)
V  [jvm.dll+0x6853b5]  (no source info available)
V  [jvm.dll+0x1e3e9c]  (no source info available)
V  [jvm.dll+0x1e3c6e]  (no source info available)
V  [jvm.dll+0x687d08]  (no source info available)
V  [jvm.dll+0x22509c]  (no source info available)
V  [jvm.dll+0x685dce]  (no source info available)
V  [jvm.dll+0x269e9f]  (no source info available)
V  [jvm.dll+0x690024]  (no source info available)
V  [jvm.dll+0x2152f1]  (no source info available)
V  [jvm.dll+0x21577a]  (no source info available)
V  [jvm.dll+0x2161a1]  (no source info available)
V  [jvm.dll+0x20b4de]  (no source info available)
V  [jvm.dll+0x5c471f]  (no source info available)
V  [jvm.dll+0x7ec136]  (no source info available)
V  [jvm.dll+0x47cb26]  (no source info available)
V  [jvm.dll+0x4829d8]  (no source info available)
C  [java.dll+0x17e4]  (no source info available)
C  0x000001fa0753cfc7  (no source info available)

The last pc belongs to native method entry point (kind = native) (printed below).
Java frames: (J=compiled Java code, j=interpreted, Vv=VM code)
j  java.lang.ClassLoader.defineClass1(Ljava/lang/ClassLoader;Ljava/lang/String;[BIILjava/security/ProtectionDomain;Ljava/lang/String;)Ljava/lang/Class;+0 java.base@22
J 879 c1 java.lang.ClassLoader.defineClass(Ljava/lang/String;[BIILjava/security/ProtectionDomain;)Ljava/lang/Class; java.base@22 (43 bytes) @ 0x000001fa0018ab7c [0x000001fa0018a820+0x000000000000035c]
J 793 c1 java.security.SecureClassLoader.defineClass(Ljava/lang/String;[BIILjava/security/CodeSource;)Ljava/lang/Class; java.base@22 (16 bytes) @ 0x000001fa0016241c [0x000001fa00162340+0x00000000000000dc]
J 809 c1 java.net.URLClassLoader.defineClass(Ljava/lang/String;Ljdk/internal/loader/Resource;)Ljava/lang/Class; java.base@22 (224 bytes) @ 0x000001fa0016a264 [0x000001fa00168fa0+0x00000000000012c4]
J 882 c1 java.net.URLClassLoader$1.run()Ljava/lang/Class; java.base@22 (81 bytes) @ 0x000001fa0018f16c [0x000001fa0018e540+0x0000000000000c2c]
J 808 c1 java.net.URLClassLoader$1.run()Ljava/lang/Object; java.base@22 (5 bytes) @ 0x000001fa001689d4 [0x000001fa00168940+0x0000000000000094]
J 516 c1 java.security.AccessController.doPrivileged(Ljava/security/PrivilegedExceptionAction;Ljava/security/AccessControlContext;)Ljava/lang/Object; java.base@22 (26 bytes) @ 0x000001fa000c0014 [0x000001fa000bfe20+0x00000000000001f4]
J 806 c1 java.net.URLClassLoader.findClass(Ljava/lang/String;)Ljava/lang/Class; java.base@22 (47 bytes) @ 0x000001fa00167cb4 [0x000001fa00167b00+0x00000000000001b4]
J 815 c1 org.codehaus.plexus.classworlds.realm.ClassRealm.loadClassFromSelf(Ljava/lang/String;)Ljava/lang/Class; (40 bytes) @ 0x000001fa0016fd2c [0x000001fa0016f9a0+0x000000000000038c]
J 754 c1 org.codehaus.plexus.classworlds.strategy.SelfFirstStrategy.loadClass(Ljava/lang/String;)Ljava/lang/Class; (50 bytes) @ 0x000001fa0013f19c [0x000001fa0013edc0+0x00000000000003dc]
J 538 c1 org.codehaus.plexus.classworlds.realm.ClassRealm.loadClass(Ljava/lang/String;Z)Ljava/lang/Class; (33 bytes) @ 0x000001fa000cf964 [0x000001fa000cf7e0+0x0000000000000184]
J 537 c1 org.codehaus.plexus.classworlds.realm.ClassRealm.loadClass(Ljava/lang/String;)Ljava/lang/Class; (7 bytes) @ 0x000001fa000cf444 [0x000001fa000cf340+0x0000000000000104]
v  ~StubRoutines::call_stub 0x000001fa0753100d
j  java.lang.ClassLoader.defineClass1(Ljava/lang/ClassLoader;Ljava/lang/String;[BIILjava/security/ProtectionDomain;Ljava/lang/String;)Ljava/lang/Class;+0 java.base@22
J 879 c1 java.lang.ClassLoader.defineClass(Ljava/lang/String;[BIILjava/security/ProtectionDomain;)Ljava/lang/Class; java.base@22 (43 bytes) @ 0x000001fa0018ab7c [0x000001fa0018a820+0x000000000000035c]
J 793 c1 java.security.SecureClassLoader.defineClass(Ljava/lang/String;[BIILjava/security/CodeSource;)Ljava/lang/Class; java.base@22 (16 bytes) @ 0x000001fa0016241c [0x000001fa00162340+0x00000000000000dc]
J 809 c1 java.net.URLClassLoader.defineClass(Ljava/lang/String;Ljdk/internal/loader/Resource;)Ljava/lang/Class; java.base@22 (224 bytes) @ 0x000001fa0016a264 [0x000001fa00168fa0+0x00000000000012c4]
J 882 c1 java.net.URLClassLoader$1.run()Ljava/lang/Class; java.base@22 (81 bytes) @ 0x000001fa0018f16c [0x000001fa0018e540+0x0000000000000c2c]
J 808 c1 java.net.URLClassLoader$1.run()Ljava/lang/Object; java.base@22 (5 bytes) @ 0x000001fa001689d4 [0x000001fa00168940+0x0000000000000094]
J 516 c1 java.security.AccessController.doPrivileged(Ljava/security/PrivilegedExceptionAction;Ljava/security/AccessControlContext;)Ljava/lang/Object; java.base@22 (26 bytes) @ 0x000001fa000c0014 [0x000001fa000bfe20+0x00000000000001f4]
J 806 c1 java.net.URLClassLoader.findClass(Ljava/lang/String;)Ljava/lang/Class; java.base@22 (47 bytes) @ 0x000001fa00167cb4 [0x000001fa00167b00+0x00000000000001b4]
J 815 c1 org.codehaus.plexus.classworlds.realm.ClassRealm.loadClassFromSelf(Ljava/lang/String;)Ljava/lang/Class; (40 bytes) @ 0x000001fa0016fd2c [0x000001fa0016f9a0+0x000000000000038c]
J 754 c1 org.codehaus.plexus.classworlds.strategy.SelfFirstStrategy.loadClass(Ljava/lang/String;)Ljava/lang/Class; (50 bytes) @ 0x000001fa0013f19c [0x000001fa0013edc0+0x00000000000003dc]
J 538 c1 org.codehaus.plexus.classworlds.realm.ClassRealm.loadClass(Ljava/lang/String;Z)Ljava/lang/Class; (33 bytes) @ 0x000001fa000cf964 [0x000001fa000cf7e0+0x0000000000000184]
J 537 c1 org.codehaus.plexus.classworlds.realm.ClassRealm.loadClass(Ljava/lang/String;)Ljava/lang/Class; (7 bytes) @ 0x000001fa000cf444 [0x000001fa000cf340+0x0000000000000104]
v  ~StubRoutines::call_stub 0x000001fa0753100d
j  org.eclipse.sisu.space.URLClassSpace.deferLoadClass(Ljava/lang/String;)Lorg/eclipse/sisu/inject/DeferredClass;+0
j  org.eclipse.sisu.plexus.PlexusXmlScanner.parseRequirement(Lorg/codehaus/plexus/util/xml/pull/MXParser;Lorg/eclipse/sisu/space/ClassSpace;Ljava/util/Map;)V+201
j  org.eclipse.sisu.plexus.PlexusXmlScanner.parseComponent(Lorg/codehaus/plexus/util/xml/pull/MXParser;Lorg/eclipse/sisu/plexus/PlexusTypeRegistry;)V+86
j  org.eclipse.sisu.plexus.PlexusXmlScanner.parseComponentsXml(Ljava/net/URL;Lorg/eclipse/sisu/plexus/PlexusTypeRegistry;)V+69
j  org.eclipse.sisu.plexus.PlexusXmlScanner.scan(Lorg/eclipse/sisu/space/ClassSpace;Z)Ljava/util/Map;+78
j  org.eclipse.sisu.plexus.PlexusXmlBeanModule.configure(Lcom/google/inject/Binder;)Lorg/eclipse/sisu/plexus/PlexusBeanSource;+71
j  org.eclipse.sisu.plexus.PlexusBindingModule.configure(Lcom/google/inject/Binder;)V+41
j  com.google.inject.spi.Elements$RecordingBinder.install(Lcom/google/inject/Module;)V+209
j  com.google.inject.spi.Elements.getElements(Lcom/google/inject/Stage;Ljava/lang/Iterable;)Ljava/util/List;+40
j  com.google.inject.spi.Elements.getElements(Ljava/lang/Iterable;)Ljava/util/List;+4
j  org.eclipse.sisu.wire.WireModule.configure(Lcom/google/inject/Binder;)V+13
j  com.google.inject.spi.Elements$RecordingBinder.install(Lcom/google/inject/Module;)V+209
j  com.google.inject.spi.Elements.getElements(Lcom/google/inject/Stage;Ljava/lang/Iterable;)Ljava/util/List;+40
j  com.google.inject.internal.InjectorShell$Builder.build(Lcom/google/inject/internal/Initializer;Lcom/google/inject/internal/ProcessedBindingData;Lcom/google/inject/internal/util/ContinuousStopwatch;Lcom/google/inject/internal/Errors;)Ljava/util/List;+163
j  com.google.inject.internal.InternalInjectorCreator.build()Lcom/google/inject/Injector;+48
j  com.google.inject.Guice.createInjector(Lcom/google/inject/Stage;Ljava/lang/Iterable;)Lcom/google/inject/Injector;+15
j  com.google.inject.Guice.createInjector(Ljava/lang/Iterable;)Lcom/google/inject/Injector;+4
j  com.google.inject.Guice.createInjector([Lcom/google/inject/Module;)Lcom/google/inject/Injector;+4
j  org.codehaus.plexus.DefaultPlexusContainer.addPlexusInjector(Ljava/util/List;[Lcom/google/inject/Module;)Lcom/google/inject/Injector;+88
j  org.codehaus.plexus.DefaultPlexusContainer.<init>(Lorg/codehaus/plexus/ContainerConfiguration;[Lcom/google/inject/Module;)V+400
j  org.apache.maven.cli.MavenCli.container(Lorg/apache/maven/cli/CliRequest;)Lorg/codehaus/plexus/PlexusContainer;+279
j  org.apache.maven.cli.MavenCli.doMain(Lorg/apache/maven/cli/CliRequest;)I+34
j  org.apache.maven.cli.MavenCli.main([Ljava/lang/String;Lorg/codehaus/plexus/classworlds/ClassWorld;)I+24
j  java.lang.invoke.DirectMethodHandle$Holder.invokeStatic(Ljava/lang/Object;Ljava/lang/Object;Ljava/lang/Object;)I+11 java.base@22
j  java.lang.invoke.LambdaForm$MH+0x000001fa11009400.invoke(Ljava/lang/Object;Ljava/lang/Object;Ljava/lang/Object;Ljava/lang/Object;)Ljava/lang/Object;+54 java.base@22
j  java.lang.invoke.LambdaForm$MH+0x000001fa11009800.invokeExact_MT(Ljava/lang/Object;Ljava/lang/Object;Ljava/lang/Object;Ljava/lang/Object;Ljava/lang/Object;)Ljava/lang/Object;+22 java.base@22
j  jdk.internal.reflect.DirectMethodHandleAccessor.invokeImpl(Ljava/lang/Object;[Ljava/lang/Object;)Ljava/lang/Object;+72 java.base@22
j  jdk.internal.reflect.DirectMethodHandleAccessor.invoke(Ljava/lang/Object;[Ljava/lang/Object;)Ljava/lang/Object;+23 java.base@22
j  java.lang.reflect.Method.invoke(Ljava/lang/Object;[Ljava/lang/Object;)Ljava/lang/Object;+102 java.base@22
j  org.codehaus.plexus.classworlds.launcher.Launcher.launchEnhanced([Ljava/lang/String;)V+45
j  org.codehaus.plexus.classworlds.launcher.Launcher.launch([Ljava/lang/String;)V+2
j  org.codehaus.plexus.classworlds.launcher.Launcher.mainWithExitCode([Ljava/lang/String;)I+108
j  org.codehaus.plexus.classworlds.launcher.Launcher.main([Ljava/lang/String;)V+1
v  ~StubRoutines::call_stub 0x000001fa0753100d
native method entry point (kind = native)  [0x000001fa0753cba0, 0x000001fa0753d6c0]  2848 bytes
[MachCode]
  0x000001fa0753cba0: 488b 4b08 | 0fb7 492e | 584c 8d74 | ccf8 6800 | 0000 0068 | 0000 0000 | 5055 488b | ec41 5568 
  0x000001fa0753cbc0: 0000 0000 | 4c8b 6b08 | 4d8d 6d38 | 5348 8b53 | 0848 8b52 | 0848 8b52 | 1848 8b52 | 7048 8b12 
  0x000001fa0753cbe0: 5248 8b53 | 1048 85d2 | 0f84 0700 | 0000 4881 | c210 0100 | 0052 488b | 5308 488b | 5208 488b 
  0x000001fa0753cc00: 5210 5249 | 8bc6 482b | c548 c1e8 | 0350 6800 | 0000 0068 | f7ff ffff | 41c6 8781 | 0400 0001 
  0x000001fa0753cc20: 488b 4310 | 4885 c074 | 208b 88cc | 0000 0083 | c102 8988 | cc00 0000 | 2388 e000 | 0000 0f84 
  0x000001fa0753cc40: cb09 0000 | e9cf 0000 | 0048 8b43 | 1848 85c0 | 0f85 b000 | 0000 e805 | 0000 00e9 | 9900 0000 
  0x000001fa0753cc60: 488b d348 | 8d44 2408 | 4c89 6dc0 | 498b cfc5 | f877 4989 | afb0 0300 | 0049 8987 | a003 0000 
  0x000001fa0753cc80: 4883 ec20 | 40f6 c40f | 0f84 1900 | 0000 4883 | ec08 48b8 | f0a2 d7a9 | fb7f 0000 | ffd0 4883 
  0x000001fa0753cca0: c408 e90c | 0000 0048 | b8f0 a2d7 | a9fb 7f00 | 00ff d048 | 83c4 2049 | c787 a003 | 0000 0000 
  0x000001fa0753ccc0: 0000 49c7 | 87b0 0300 | 0000 0000 | 0049 c787 | a803 0000 | 0000 0000 | c5f8 7749 | 837f 0800 
  0x000001fa0753cce0: 0f84 0500 | 0000 e915 | 42ff ff4c | 8b6d c04c | 8b75 c84e | 8d74 f500 | c348 8b43 | 1848 85c0 
  0x000001fa0753cd00: 0f84 1200 | 0000 8b48 | 0883 c102 | 8948 0823 | 481c 0f84 | f708 0000 | 493b a7f0 | 0400 000f 
  0x000001fa0753cd20: 8748 0000 | 0089 8424 | 00f0 ffff | 8984 2400 | e0ff ff89 | 8424 00d0 | ffff 8984 | 2400 c0ff 
  0x000001fa0753cd40: ff89 8424 | 00b0 ffff | 8984 2400 | a0ff ff89 | 8424 0090 | ffff 8984 | 2400 80ff | ff49 3ba7 
  0x000001fa0753cd60: e804 0000 | 7607 4989 | a7f0 0400 | 0041 c687 | 8104 0000 | 0049 baac | 405e aafb | 7f00 0041 
  0x000001fa0753cd80: 803a 000f | 843e 0000 | 0048 8b55 | e849 8bcf | 4883 ec20 | 40f6 c40f | 0f84 1900 | 0000 4883 
  0x000001fa0753cda0: ec08 48b8 | 00b6 0eaa | fb7f 0000 | ffd0 4883 | c408 e90c | 0000 0048 | b800 b60e | aafb 7f00 
  0x000001fa0753cdc0: 00ff d048 | 83c4 2048 | 8b5d e84c | 8b5b 0845 | 0fb7 5b2e | 41c1 e303 | 492b e348 | 83ec 2048 
  0x000001fa0753cde0: 83e4 f04c | 8b5b 604d | 85db 0f85 | ab00 0000 | e805 0000 | 00e9 9900 | 0000 488b | d348 8d44 
  0x000001fa0753ce00: 2408 4c89 | 6dc0 498b | cfc5 f877 | 4989 afb0 | 0300 0049 | 8987 a003 | 0000 4883 | ec20 40f6 
  0x000001fa0753ce20: c40f 0f84 | 1900 0000 | 4883 ec08 | 48b8 10ca | d7a9 fb7f | 0000 ffd0 | 4883 c408 | e90c 0000 
  0x000001fa0753ce40: 0048 b810 | cad7 a9fb | 7f00 00ff | d048 83c4 | 2049 c787 | a003 0000 | 0000 0000 | 49c7 87b0 
  0x000001fa0753ce60: 0300 0000 | 0000 0049 | c787 a803 | 0000 0000 | 0000 c5f8 | 7749 837f | 0800 0f84 | 0500 0000 
  0x000001fa0753ce80: e97b 40ff | ff4c 8b6d | c04c 8b75 | c84e 8d74 | f500 c348 | 8b5d e84c | 8b5b 6041 | ffd3 488b 
  0x000001fa0753cea0: 5de8 4889 | 4518 448b | 5b28 41f6 | c308 0f84 | 1b00 0000 | 4c8b 5b08 | 4d8b 5b08 | 4d8b 5b18 
  0x000001fa0753cec0: 4d8b 5b70 | 4d8b 1b4c | 895d 1048 | 8d55 1048 | 8b43 5849 | ba00 0d0f | aafb 7f00 | 0049 3bc2 
  0x000001fa0753cee0: 0f85 ab00 | 0000 e805 | 0000 00e9 | 9900 0000 | 488b d348 | 8d44 2408 | 4c89 6dc0 | 498b cfc5 
  0x000001fa0753cf00: f877 4989 | afb0 0300 | 0049 8987 | a003 0000 | 4883 ec20 | 40f6 c40f | 0f84 1900 | 0000 4883 
  0x000001fa0753cf20: ec08 48b8 | 10ca d7a9 | fb7f 0000 | ffd0 4883 | c408 e90c | 0000 0048 | b810 cad7 | a9fb 7f00 
  0x000001fa0753cf40: 00ff d048 | 83c4 2049 | c787 a003 | 0000 0000 | 0000 49c7 | 87b0 0300 | 0000 0000 | 0049 c787 
  0x000001fa0753cf60: a803 0000 | 0000 0000 | c5f8 7749 | 837f 0800 | 0f84 0500 | 0000 e985 | 3fff ff4c | 8b6d c04c 
  0x000001fa0753cf80: 8b75 c84e | 8d74 f500 | c348 8b5d | e848 8b43 | 5849 8d8f | c003 0000 | c5f8 7749 | 89af b003 
  0x000001fa0753cfa0: 0000 49ba | 98cf 5307 | fa01 0000 | 4d89 97a8 | 0300 0049 | 89a7 a003 | 0000 41c7 | 8754 0400 
  0x000001fa0753cfc0: 0004 0000 | 00ff d0c5 | f877 4883 | ec10 c5fb | 1104 2448 | 83ec 1048 | 8904 2448 | c744 2408 
  0x000001fa0753cfe0: 0000 0000 | 41c7 8754 | 0400 0005 | 0000 00f0 | 8344 24c0 | 0049 3baf | 5804 0000 | 0f87 0e00 
  0x000001fa0753d000: 0000 4183 | bf50 0400 | 0000 0f84 | 2000 0000 | 498b cf4c | 8be4 4883 | ec20 4883 | e4f0 48b8 
  0x000001fa0753d020: c01f d9a9 | fb7f 0000 | ffd0 498b | e44d 33e4 | 41c7 8754 | 0400 0008 | 0000 0049 | c787 a003 
  0x000001fa0753d040: 0000 0000 | 0000 49c7 | 87b0 0300 | 0000 0000 | 0049 c787 | a803 0000 | 0000 0000 | c5f8 774d 
  0x000001fa0753d060: 8b9f 3004 | 0000 41c7 | 8300 0100 | 0000 0000 | 0049 bb1a | a553 07fa | 0100 004c | 3b5d 180f 
  0x000001fa0753d080: 8524 0200 | 0048 8b04 | 2448 83c4 | 1048 85c0 | 0f84 fe01 | 0000 a803 | 0f85 0800 | 0000 488b 
  0x000001fa0753d0a0: 00e9 ee01 | 0000 a801 | 0f85 0900 | 0000 488b | 40fe e9dd | 0100 0048 | 8b40 ff41 | 807f 3800 
  0x000001fa0753d0c0: 0f84 ce01 | 0000 4883 | f800 0f84 | c401 0000 | 4d8b 5f28 | 4983 fb00 | 0f84 1400 | 0000 4983 
  0x000001fa0753d0e0: eb08 4d89 | 5f28 4d03 | 5f30 4989 | 03e9 a201 | 0000 4881 | ecd0 0000 | 0048 8904 | 2448 894c 
  0x000001fa0753d100: 2408 4889 | 5424 1048 | 8974 2418 | 4889 7c24 | 204c 8944 | 2428 4c89 | 4c24 304c | 8954 2438 
  0x000001fa0753d120: 4c89 5c24 | 40c5 fb11 | 4424 50c5 | fb11 4c24 | 58c5 fb11 | 5424 60c5 | fb11 5c24 | 68c5 fb11 
  0x000001fa0753d140: 6424 70c5 | fb11 6c24 | 78c5 fb11 | b424 8000 | 0000 c5fb | 11bc 2488 | 0000 00c5 | 7b11 8424 
  0x000001fa0753d160: 9000 0000 | c57b 118c | 2498 0000 | 00c5 7b11 | 9424 a000 | 0000 c57b | 119c 24a8 | 0000 00c5 
  0x000001fa0753d180: 7b11 a424 | b000 0000 | c57b 11ac | 24b8 0000 | 00c5 7b11 | b424 c000 | 0000 c57b | 11bc 24c8 
  0x000001fa0753d1a0: 0000 0049 | 8bd7 488b | c848 83ec | 2040 f6c4 | 0f0f 8419 | 0000 0048 | 83ec 0848 | b830 3ecc 
  0x000001fa0753d1c0: a9fb 7f00 | 00ff d048 | 83c4 08e9 | 0c00 0000 | 48b8 303e | cca9 fb7f | 0000 ffd0 | 4883 c420 
  0x000001fa0753d1e0: c57b 10bc | 24c8 0000 | 00c5 7b10 | b424 c000 | 0000 c57b | 10ac 24b8 | 0000 00c5 | 7b10 a424 
  0x000001fa0753d200: b000 0000 | c57b 109c | 24a8 0000 | 00c5 7b10 | 9424 a000 | 0000 c57b | 108c 2498 | 0000 00c5 
  0x000001fa0753d220: 7b10 8424 | 9000 0000 | c5fb 10bc | 2488 0000 | 00c5 fb10 | b424 8000 | 0000 c5fb | 106c 2478 
  0x000001fa0753d240: c5fb 1064 | 2470 c5fb | 105c 2468 | c5fb 1054 | 2460 c5fb | 104c 2458 | c5fb 1044 | 2450 4c8b 
  0x000001fa0753d260: 5c24 404c | 8b54 2438 | 4c8b 4c24 | 304c 8b44 | 2428 488b | 7c24 2048 | 8b74 2418 | 488b 5424 
  0x000001fa0753d280: 1048 8b4c | 2408 488b | 0424 4881 | c4d0 0000 | 00c5 f877 | 4889 4510 | 4883 ec10 | 4889 0424 
  0x000001fa0753d2a0: 48c7 4424 | 0800 0000 | 0041 83bf | d004 0000 | 020f 85bf | 0000 0048 | 81ec 8000 | 0000 4889 
  0x000001fa0753d2c0: 4424 7848 | 894c 2470 | 4889 5424 | 6848 895c | 2460 4889 | 6c24 5048 | 8974 2448 | 4889 7c24 
  0x000001fa0753d2e0: 404c 8944 | 2438 4c89 | 4c24 304c | 8954 2428 | 4c89 5c24 | 204c 8964 | 2418 4c89 | 6c24 104c 
  0x000001fa0753d300: 8974 2408 | 4c89 3c24 | 4c8b e448 | 83ec 2048 | 83e4 f048 | b850 ee0e | aafb 7f00 | 00ff d049 
  0x000001fa0753d320: 8be4 4c8b | 3c24 4c8b | 7424 084c | 8b6c 2410 | 4c8b 6424 | 184c 8b5c | 2420 4c8b | 5424 284c 
  0x000001fa0753d340: 8b4c 2430 | 4c8b 4424 | 3848 8b7c | 2440 488b | 7424 4848 | 8b6c 2450 | 488b 5c24 | 6048 8b54 
  0x000001fa0753d360: 2468 488b | 4c24 7048 | 8b44 2478 | 4881 c480 | 0000 004d | 33e4 488b | 5de8 4c8b | 6b08 4d8d 
  0x000001fa0753d380: 6d38 4983 | 7f08 000f | 84bb 0000 | 00e8 0500 | 0000 e996 | 0000 0048 | 8d44 2408 | 4c89 6dc0 
  0x000001fa0753d3a0: 498b cfc5 | f877 4989 | afb0 0300 | 0049 8987 | a003 0000 | 4883 ec20 | 40f6 c40f | 0f84 1900 
  0x000001fa0753d3c0: 0000 4883 | ec08 48b8 | 50e8 d7a9 | fb7f 0000 | ffd0 4883 | c408 e90c | 0000 0048 | b850 e8d7 
  0x000001fa0753d3e0: a9fb 7f00 | 00ff d048 | 83c4 2049 | c787 a003 | 0000 0000 | 0000 49c7 | 87b0 0300 | 0000 0000 
  0x000001fa0753d400: 0049 c787 | a803 0000 | 0000 0000 | c5f8 7749 | 837f 0800 | 0f84 0500 | 0000 e9e1 | 3aff ff4c 
  0x000001fa0753d420: 8b6d c04c | 8b75 c84e | 8d74 f500 | c348 b9c0 | 2836 aafb | 7f00 0048 | 83e4 f048 | b890 95fd 
  0x000001fa0753d440: a9fb 7f00 | 00ff d0f4 | 448b 5b28 | 41f6 c320 | 0f84 4401 | 0000 488d | 55a8 4c8b | 5a08 4d85 
  0x000001fa0753d460: db0f 85bb | 0000 00e8 | 0500 0000 | e996 0000 | 0048 8d44 | 2408 4c89 | 6dc0 498b | cfc5 f877 
  0x000001fa0753d480: 4989 afb0 | 0300 0049 | 8987 a003 | 0000 4883 | ec20 40f6 | c40f 0f84 | 1900 0000 | 4883 ec08 
  0x000001fa0753d4a0: 48b8 80e7 | d7a9 fb7f | 0000 ffd0 | 4883 c408 | e90c 0000 | 0048 b880 | e7d7 a9fb | 7f00 00ff 
  0x000001fa0753d4c0: d048 83c4 | 2049 c787 | a003 0000 | 0000 0000 | 49c7 87b0 | 0300 0000 | 0000 0049 | c787 a803 
  0x000001fa0753d4e0: 0000 0000 | 0000 c5f8 | 7749 837f | 0800 0f84 | 0500 0000 | e907 3aff | ff4c 8b6d | c04c 8b75 
  0x000001fa0753d500: c84e 8d74 | f500 c348 | b9c0 2836 | aafb 7f00 | 0048 83e4 | f048 b890 | 95fd a9fb | 7f00 00ff 
  0x000001fa0753d520: d0f4 4c89 | 6dc0 488d | 024c 8b4a | 0848 c742 | 0800 0000 | 004c 8b00 | 4d85 c00f | 840b 0000 
  0x000001fa0753d540: 00f0 4d0f | b101 0f85 | 0c00 0000 | 49ff 8f58 | 0500 00e9 | 3e00 0000 | 4c89 4a08 | 488b ca48 
  0x000001fa0753d560: 83ec 2040 | f6c4 0f0f | 8419 0000 | 0048 83ec | 0848 b810 | bad7 a9fb | 7f00 00ff | d048 83c4 
  0x000001fa0753d580: 08e9 0c00 | 0000 48b8 | 10ba d7a9 | fb7f 0000 | ffd0 4883 | c420 4c8b | 6dc0 49ba | ac40 5eaa 
  0x000001fa0753d5a0: fb7f 0000 | 4180 3a00 | 0f84 3e00 | 0000 488b | 55e8 498b | cf48 83ec | 2040 f6c4 | 0f0f 8419 
  0x000001fa0753d5c0: 0000 0048 | 83ec 0848 | b800 b60e | aafb 7f00 | 00ff d048 | 83c4 08e9 | 0c00 0000 | 48b8 00b6 
  0x000001fa0753d5e0: 0eaa fb7f | 0000 ffd0 | 4883 c420 | 488b 0424 | 4883 c410 | c5fb 1004 | 2448 83c4 | 104c 8b5d 
  0x000001fa0753d600: 1841 ffd3 | 4c8b 5df8 | c95f 498b | e3ff e7ba | 0000 0000 | e805 0000 | 00e9 9600 | 0000 488d 
  0x000001fa0753d620: 4424 084c | 896d c049 | 8bcf c5f8 | 7749 89af | b003 0000 | 4989 87a0 | 0300 0048 | 83ec 2040 
  0x000001fa0753d640: f6c4 0f0f | 8419 0000 | 0048 83ec | 0848 b8d0 | add7 a9fb | 7f00 00ff | d048 83c4 | 08e9 0c00 
  0x000001fa0753d660: 0000 48b8 | d0ad d7a9 | fb7f 0000 | ffd0 4883 | c420 49c7 | 87a0 0300 | 0000 0000 | 0049 c787 
  0x000001fa0753d680: b003 0000 | 0000 0000 | 49c7 87a8 | 0300 0000 | 0000 00c5 | f877 4983 | 7f08 000f | 8405 0000 
  0x000001fa0753d6a0: 00e9 5a38 | ffff 4c8b | 6dc0 4c8b | 75c8 4e8d | 74f5 00c3 | 488b 5de8 | e95b f6ff | ff66 6690 
[/MachCode]

Compiled method (c1) 70475  879       3       java.lang.ClassLoader::defineClass (43 bytes)
 total in heap  [0x000001fa0018a610,0x000001fa0018af68] = 2392
 relocation     [0x000001fa0018a768,0x000001fa0018a808] = 160
 main code      [0x000001fa0018a820,0x000001fa0018acc0] = 1184
 stub code      [0x000001fa0018acc0,0x000001fa0018ad38] = 120
 metadata       [0x000001fa0018ad38,0x000001fa0018ad68] = 48
 scopes data    [0x000001fa0018ad68,0x000001fa0018ae58] = 240
 scopes pcs     [0x000001fa0018ae58,0x000001fa0018af38] = 224
 dependencies   [0x000001fa0018af38,0x000001fa0018af40] = 8
 nul chk table  [0x000001fa0018af40,0x000001fa0018af68] = 40

[Constant Pool (empty)]

[MachCode]
[Entry Point]
  # {method} {0x000001fa103fefd8} 'defineClass' '(Ljava/lang/String;[BIILjava/security/ProtectionDomain;)Ljava/lang/Class;' in 'java/lang/ClassLoader'
  # this:     rdx:rdx   = 'java/lang/ClassLoader'
  # parm0:    r8:r8     = 'java/lang/String'
  # parm1:    r9:r9     = '[B'
  # parm2:    rdi       = int
  # parm3:    rsi       = int
  # parm4:    rcx:rcx   = 'java/security/ProtectionDomain'
  #           [sp+0xc0]  (sp of caller)
  0x000001fa0018a820: 448b 5208 | 49bb 0000 | 0010 fa01 | 0000 4d03 | d34c 3bd0 

  0x000001fa0018a834: ;   {runtime_call ic_miss_stub}
  0x000001fa0018a834: 0f85 463f | 3f07 660f | 1f44 0000 
[Verified Entry Point]
  0x000001fa0018a840: 8984 2400 | 80ff ff55 | 4881 ecb0 | 0000 0090 | 4181 7f20 | 0100 0000 

  0x000001fa0018a858: ;   {runtime_call StubRoutines (final stubs)}
  0x000001fa0018a858: 7405 e881 | a43d 0748 | 8954 2478 

  0x000001fa0018a864: ;   {metadata(method data for {method} {0x000001fa103fefd8} 'defineClass' '(Ljava/lang/String;[BIILjava/security/ProtectionDomain;)Ljava/lang/Class;' in 'java/lang/ClassLoader')}
  0x000001fa0018a864: 48bb b082 | 1851 fa01 | 0000 8b83 | cc00 0000 | 83c0 0289 | 83cc 0000 | 0025 fe07 | 0000 85c0 
  0x000001fa0018a884: 0f84 5803 | 0000 89b4 | 2494 0000 | 0089 bc24 | 9000 0000 | 4c89 8c24 | 8800 0000 

  0x000001fa0018a8a0: ;   {metadata(method data for {method} {0x000001fa103fefd8} 'defineClass' '(Ljava/lang/String;[BIILjava/security/ProtectionDomain;)Ljava/lang/Class;' in 'java/lang/ClassLoader')}
  0x000001fa0018a8a0: 488b da48 | b8b0 8218 | 51fa 0100 | 0048 8380 | 1801 0000 | 0149 8bd8 | 4c8b c34c | 8bc9 488b 
  0x000001fa0018a8c0: ca48 8bd1 | 4889 9c24 | 8000 0000 

  0x000001fa0018a8cc: ;   {optimized virtual_call}
  0x000001fa0018a8cc: 6666 90e8 

  0x000001fa0018a8d0: ; ImmutableOopMap {[120]=Oop [128]=Oop [136]=Oop }
                      ;*invokevirtual preDefineClass {reexecute=0 rethrow=0 return_oop=0}
                      ; - java.lang.ClassLoader::defineClass@4 (line 1021)
  0x000001fa0018a8d0: ccc5 ffff 

  0x000001fa0018a8d4: ;   {other}
  0x000001fa0018a8d4: 0f1f 8400 | c402 0000 | 4889 8424 | 9800 0000 | 488b 5424 

  0x000001fa0018a8e8: ;   {metadata(method data for {method} {0x000001fa103fefd8} 'defineClass' '(Ljava/lang/String;[BIILjava/security/ProtectionDomain;)Ljava/lang/Class;' in 'java/lang/ClassLoader')}
  0x000001fa0018a8e8: 7849 b8b0 | 8218 51fa | 0100 0049 | 8380 4801 

  0x000001fa0018a8f8: ;   {metadata(method data for {method} {0x000001fa103fecc0} 'defineClassSourceLocation' '(Ljava/security/ProtectionDomain;)Ljava/lang/String;' in 'java/lang/ClassLoader')}
  0x000001fa0018a8f8: 0000 0149 | b800 b21b | 51fa 0100 | 0041 8b90 | cc00 0000 | 83c2 0241 | 8990 cc00 | 0000 81e2 
  0x000001fa0018a918: feff 1f00 | 85d2 0f84 | df02 0000 

  0x000001fa0018a924: ; implicit exception: dispatches to 0x000001fa0018ac24
  0x000001fa0018a924: 483b 004c 

  0x000001fa0018a928: ;   {metadata(method data for {method} {0x000001fa103fecc0} 'defineClassSourceLocation' '(Ljava/security/ProtectionDomain;)Ljava/lang/String;' in 'java/lang/ClassLoader')}
  0x000001fa0018a928: 8bc0 48ba | 00b2 1b51 | fa01 0000 | 4883 8218 | 0100 0001 | 448b 4010 | 49c1 e003 

  0x000001fa0018a944: ;   {metadata(method data for {method} {0x000001fa103fecc0} 'defineClassSourceLocation' '(Ljava/security/ProtectionDomain;)Ljava/lang/String;' in 'java/lang/ClassLoader')}
  0x000001fa0018a944: 4d85 c048 | ba00 b21b | 51fa 0100 | 0048 c7c6 | 5801 0000 | 7507 48c7 | c648 0100 | 0048 8b3c 
  0x000001fa0018a964: 3248 8d7f | 0148 893c | 320f 850f 

  0x000001fa0018a970: ;   {oop(nullptr)}
  0x000001fa0018a970: 0000 0048 | bb00 0000 | 0000 0000 | 00e9 a501 | 0000 493b | 0049 8bd0 

  0x000001fa0018a988: ;   {metadata(method data for {method} {0x000001fa103fecc0} 'defineClassSourceLocation' '(Ljava/security/ProtectionDomain;)Ljava/lang/String;' in 'java/lang/ClassLoader')}
  0x000001fa0018a988: 48be 00b2 | 1b51 fa01 | 0000 4883 | 8668 0100 | 0001 418b | 500c 48c1 | e203 4885 

  0x000001fa0018a9a4: ;   {metadata(method data for {method} {0x000001fa103fecc0} 'defineClassSourceLocation' '(Ljava/security/ProtectionDomain;)Ljava/lang/String;' in 'java/lang/ClassLoader')}
  0x000001fa0018a9a4: d248 be00 | b21b 51fa | 0100 0048 | c7c7 a801 | 0000 7507 | 48c7 c798 | 0100 0048 | 8b1c 3e48 
  0x000001fa0018a9c4: 8d5b 0148 | 891c 3e0f | 850f 0000 

  0x000001fa0018a9d0: ;   {oop(nullptr)}
  0x000001fa0018a9d0: 0048 bb00 | 0000 0000 | 0000 00e9 | 4701 0000 

  0x000001fa0018a9e0: ;   {metadata(method data for {method} {0x000001fa103fecc0} 'defineClassSourceLocation' '(Ljava/security/ProtectionDomain;)Ljava/lang/String;' in 'java/lang/ClassLoader')}
  0x000001fa0018a9e0: 48be 00b2 | 1b51 fa01 | 0000 4883 | 86b8 0100 | 0001 483b | 024c 8bc2 

  0x000001fa0018a9f8: ;   {metadata(method data for {method} {0x000001fa103fecc0} 'defineClassSourceLocation' '(Ljava/security/ProtectionDomain;)Ljava/lang/String;' in 'java/lang/ClassLoader')}
  0x000001fa0018a9f8: 48be 00b2 | 1b51 fa01 | 0000 4883 | 86e8 0100 

  0x000001fa0018aa08: ;   {metadata(method data for {method} {0x000001fa1001a690} 'toString' '()Ljava/lang/String;' in 'java/net/URL')}
  0x000001fa0018aa08: 0001 49b8 | b815 1751 | fa01 0000 | 418b b0cc | 0000 0083 | c602 4189 | b0cc 0000 | 0081 e6fe 
  0x000001fa0018aa28: ff1f 0085 | f60f 8400 | 0200 004c 

  0x000001fa0018aa34: ;   {metadata(method data for {method} {0x000001fa1001a690} 'toString' '()Ljava/lang/String;' in 'java/net/URL')}
  0x000001fa0018aa34: 8bc2 48be | b815 1751 | fa01 0000 | 4883 8618 | 0100 0001 

  0x000001fa0018aa48: ;   {metadata(method data for {method} {0x000001fa103f38b8} 'toExternalForm' '()Ljava/lang/String;' in 'java/net/URL')}
  0x000001fa0018aa48: 49b8 f006 | 1351 fa01 | 0000 418b | b0cc 0000 | 0083 c602 | 4189 b0cc | 0000 0081 | e6fe ff1f 
  0x000001fa0018aa68: 0085 f60f | 84e3 0100 | 008b 7238 | 48c1 e603 

  0x000001fa0018aa78: ; implicit exception: dispatches to 0x000001fa0018ac75
  0x000001fa0018aa78: 483b 064c 

  0x000001fa0018aa7c: ;   {metadata(method data for {method} {0x000001fa103f38b8} 'toExternalForm' '()Ljava/lang/String;' in 'java/net/URL')}
  0x000001fa0018aa7c: 8bc6 48bf | f006 1351 | fa01 0000 | 458b 4008 | 49ba 0000 | 0010 fa01 | 0000 4d03 | c24c 3b87 
  0x000001fa0018aa9c: 2001 0000 | 750d 4883 | 8728 0100 | 0001 e960 | 0000 004c | 3b87 3001 | 0000 750d | 4883 8738 
  0x000001fa0018aabc: 0100 0001 | e94a 0000 | 0048 83bf | 2001 0000 | 0075 174c | 8987 2001 | 0000 48c7 | 8728 0100 
  0x000001fa0018aadc: 0001 0000 | 00e9 2900 | 0000 4883 | bf30 0100 | 0000 7517 | 4c89 8730 | 0100 0048 | c787 3801 
  0x000001fa0018aafc: 0000 0100 | 0000 e908 | 0000 0048 | 8387 1801 | 0000 014c | 8bc2 488b 

  0x000001fa0018ab14: ;   {optimized virtual_call}
  0x000001fa0018ab14: d666 90e8 

  0x000001fa0018ab18: ; ImmutableOopMap {[120]=Oop [128]=Oop [136]=Oop [152]=Oop }
                      ;*invokevirtual toExternalForm {reexecute=0 rethrow=0 return_oop=0}
                      ; - java.net.URL::toExternalForm@5 (line 1203)
                      ; - java.net.URL::toString@1 (line 1189)
                      ; - java.lang.ClassLoader::defineClassSourceLocation@22 (line 925)
                      ; - java.lang.ClassLoader::defineClass@12 (line 1022)
  0x000001fa0018ab18: 6453 fbff 

  0x000001fa0018ab1c: ;   {other}
  0x000001fa0018ab1c: 0f1f 8400 | 0c05 0001 | 488b d848 | 8b84 2498 | 0000 008b | b424 9400 | 0000 8bbc | 2490 0000 
  0x000001fa0018ab3c: 004c 8b8c | 2488 0000 | 004c 8b84 | 2480 0000 | 0048 8b54 

  0x000001fa0018ab50: ;   {metadata(method data for {method} {0x000001fa103fefd8} 'defineClass' '(Ljava/lang/String;[BIILjava/security/ProtectionDomain;)Ljava/lang/Class;' in 'java/lang/ClassLoader')}
  0x000001fa0018ab50: 2478 48b9 | b082 1851 | fa01 0000 | 4883 8178 | 0100 0001 | 4c8b da49 | 8bd3 488b | c848 891c 
  0x000001fa0018ab70: 2466 0f1f 

  0x000001fa0018ab74: ;   {static_call}
  0x000001fa0018ab74: 4400 00e8 

  0x000001fa0018ab78: ; ImmutableOopMap {[120]=Oop [152]=Oop }
                      ;*invokestatic defineClass1 {reexecute=0 rethrow=0 return_oop=0}
                      ; - java.lang.ClassLoader::defineClass@27 (line 1023)
  0x000001fa0018ab78: 6701 0000 

  0x000001fa0018ab7c: ;   {other}
  0x000001fa0018ab7c: 0f1f 8400 | 6c05 0002 | 488b 5424 

  0x000001fa0018ab88: ;   {metadata(method data for {method} {0x000001fa103fefd8} 'defineClass' '(Ljava/lang/String;[BIILjava/security/ProtectionDomain;)Ljava/lang/Class;' in 'java/lang/ClassLoader')}
  0x000001fa0018ab88: 7849 b8b0 | 8218 51fa | 0100 0049 | 8380 8801 | 0000 014c | 8bc0 4c8b | 8c24 9800 | 0000 488b 
  0x000001fa0018aba8: 5424 7848 | 8984 24a0 | 0000 000f 

  0x000001fa0018abb4: ;   {optimized virtual_call}
  0x000001fa0018abb4: 1f40 00e8 

  0x000001fa0018abb8: ; ImmutableOopMap {[160]=Oop }
                      ;*invokevirtual postDefineClass {reexecute=0 rethrow=0 return_oop=0}
                      ; - java.lang.ClassLoader::defineClass@37 (line 1024)
  0x000001fa0018abb8: 645e fdff 

  0x000001fa0018abbc: ;   {other}
  0x000001fa0018abbc: 0f1f 8400 | ac05 0003 | 488b 8424 | a000 0000 | 4881 c4b0 | 0000 005d 

  0x000001fa0018abd4: ;   {poll_return}
  0x000001fa0018abd4: 493b a758 | 0400 000f | 8799 0000 

  0x000001fa0018abe0: ;   {metadata({method} {0x000001fa103fefd8} 'defineClass' '(Ljava/lang/String;[BIILjava/security/ProtectionDomain;)Ljava/lang/Class;' in 'java/lang/ClassLoader')}
  0x000001fa0018abe0: 00c3 49ba | d0ef 3f10 | fa01 0000 | 4c89 5424 | 0848 c704 | 24ff ffff 

  0x000001fa0018abf8: ;   {runtime_call counter_overflow Runtime1 stub}
  0x000001fa0018abf8: ffe8 82f7 

  0x000001fa0018abfc: ; ImmutableOopMap {rdx=Oop r8=Oop r9=Oop rcx=Oop [120]=Oop }
                      ;*synchronization entry
                      ; - java.lang.ClassLoader::defineClass@-1 (line 1021)
  0x000001fa0018abfc: 4b07 e987 

  0x000001fa0018ac00: ;   {metadata({method} {0x000001fa103fecc0} 'defineClassSourceLocation' '(Ljava/security/ProtectionDomain;)Ljava/lang/String;' in 'java/lang/ClassLoader')}
  0x000001fa0018ac00: fcff ff49 | bab8 ec3f | 10fa 0100 | 004c 8954 | 2408 48c7 | 0424 ffff 

  0x000001fa0018ac18: ;   {runtime_call counter_overflow Runtime1 stub}
  0x000001fa0018ac18: ffff e861 

  0x000001fa0018ac1c: ; ImmutableOopMap {rax=Oop [120]=Oop [128]=Oop [136]=Oop [152]=Oop }
                      ;*synchronization entry
                      ; - java.lang.ClassLoader::defineClassSourceLocation@-1 (line 922)
                      ; - java.lang.ClassLoader::defineClass@12 (line 1022)
  0x000001fa0018ac1c: f74b 07e9 | 00fd ffff 

  0x000001fa0018ac24: ;   {runtime_call throw_null_pointer_exception Runtime1 stub}
  0x000001fa0018ac24: e8d7 ba42 

  0x000001fa0018ac28: ; ImmutableOopMap {rax=Oop [120]=Oop [128]=Oop [136]=Oop [152]=Oop }
                      ;*invokevirtual getCodeSource {reexecute=0 rethrow=0 return_oop=0}
                      ; - java.lang.ClassLoader::defineClassSourceLocation@1 (line 922)
                      ; - java.lang.ClassLoader::defineClass@12 (line 1022)
                      ;   {runtime_call throw_null_pointer_exception Runtime1 stub}
  0x000001fa0018ac28: 07e8 d2ba 

  0x000001fa0018ac2c: ; ImmutableOopMap {rax=Oop r8=Oop [120]=Oop [128]=Oop [136]=Oop [152]=Oop }
                      ;*invokevirtual getLocation {reexecute=0 rethrow=0 return_oop=0}
                      ; - java.lang.ClassLoader::defineClassSourceLocation@12 (line 924)
                      ; - java.lang.ClassLoader::defineClass@12 (line 1022)
                      ;   {runtime_call throw_null_pointer_exception Runtime1 stub}
  0x000001fa0018ac2c: 4207 e8cd 

  0x000001fa0018ac30: ; ImmutableOopMap {rdx=Oop [120]=Oop [128]=Oop [136]=Oop [152]=Oop }
                      ;*invokevirtual toString {reexecute=0 rethrow=0 return_oop=0}
                      ; - java.lang.ClassLoader::defineClassSourceLocation@22 (line 925)
                      ; - java.lang.ClassLoader::defineClass@12 (line 1022)
                      ;   {metadata({method} {0x000001fa1001a690} 'toString' '()Ljava/lang/String;' in 'java/net/URL')}
  0x000001fa0018ac30: ba42 0749 | ba88 a601 | 10fa 0100 | 004c 8954 | 2408 48c7 | 0424 ffff 

  0x000001fa0018ac48: ;   {runtime_call counter_overflow Runtime1 stub}
  0x000001fa0018ac48: ffff e831 

  0x000001fa0018ac4c: ; ImmutableOopMap {rdx=Oop [120]=Oop [128]=Oop [136]=Oop [152]=Oop }
                      ;*synchronization entry
                      ; - java.net.URL::toString@-1 (line 1189)
                      ; - java.lang.ClassLoader::defineClassSourceLocation@22 (line 925)
                      ; - java.lang.ClassLoader::defineClass@12 (line 1022)
  0x000001fa0018ac4c: f74b 07e9 | dffd ffff 

  0x000001fa0018ac54: ;   {metadata({method} {0x000001fa103f38b8} 'toExternalForm' '()Ljava/lang/String;' in 'java/net/URL')}
  0x000001fa0018ac54: 49ba b038 | 3f10 fa01 | 0000 4c89 | 5424 0848 | c704 24ff 

  0x000001fa0018ac68: ;   {runtime_call counter_overflow Runtime1 stub}
  0x000001fa0018ac68: ffff ffe8 

  0x000001fa0018ac6c: ; ImmutableOopMap {rdx=Oop [120]=Oop [128]=Oop [136]=Oop [152]=Oop }
                      ;*synchronization entry
                      ; - java.net.URL::toExternalForm@-1 (line 1203)
                      ; - java.net.URL::toString@1 (line 1189)
                      ; - java.lang.ClassLoader::defineClassSourceLocation@22 (line 925)
                      ; - java.lang.ClassLoader::defineClass@12 (line 1022)
  0x000001fa0018ac6c: 10f7 4b07 | e9fc fdff 

  0x000001fa0018ac74: ;   {runtime_call throw_null_pointer_exception Runtime1 stub}
  0x000001fa0018ac74: ffe8 86ba 

  0x000001fa0018ac78: ; ImmutableOopMap {rdx=Oop rsi=Oop [120]=Oop [128]=Oop [136]=Oop [152]=Oop }
                      ;*invokevirtual toExternalForm {reexecute=0 rethrow=0 return_oop=0}
                      ; - java.net.URL::toExternalForm@5 (line 1203)
                      ; - java.net.URL::toString@1 (line 1189)
                      ; - java.lang.ClassLoader::defineClassSourceLocation@22 (line 925)
                      ; - java.lang.ClassLoader::defineClass@12 (line 1022)
                      ;   {internal_word}
  0x000001fa0018ac78: 4207 49ba | d4ab 1800 | fa01 0000 | 4d89 9770 

  0x000001fa0018ac88: ;   {runtime_call SafepointBlob}
  0x000001fa0018ac88: 0400 00e9 | 70aa 3f07 | 498b 8708 | 0500 0049 | c787 0805 | 0000 0000 | 0000 49c7 | 8710 0500 
  0x000001fa0018aca8: 0000 0000 | 0048 81c4 | b000 0000 

  0x000001fa0018acb4: ;   {runtime_call unwind_exception Runtime1 stub}
  0x000001fa0018acb4: 5de9 46c9 | 4207 f4f4 | f4f4 f4f4 
[Stub Code]
  0x000001fa0018acc0: ;   {no_reloc}
  0x000001fa0018acc0: 0f1f 4400 

  0x000001fa0018acc4: ;   {static_stub}
  0x000001fa0018acc4: 0048 bb00 | 0000 0000 

  0x000001fa0018accc: ;   {runtime_call}
  0x000001fa0018accc: 0000 00e9 | fbff ffff 

  0x000001fa0018acd4: ;   {static_stub}
  0x000001fa0018acd4: 48bb 0000 | 0000 0000 

  0x000001fa0018acdc: ;   {runtime_call}
  0x000001fa0018acdc: 0000 e9fb 

  0x000001fa0018ace0: ;   {static_stub}
  0x000001fa0018ace0: ffff ff48 | bb50 ec3f | 10fa 0100 

  0x000001fa0018acec: ;   {runtime_call I2C/C2I adapters}
  0x000001fa0018acec: 00e9 1089 

  0x000001fa0018acf0: ;   {static_stub}
  0x000001fa0018acf0: 3e07 48bb | 0000 0000 | 0000 0000 

  0x000001fa0018acfc: ;   {runtime_call}
  0x000001fa0018acfc: e9fb ffff 

  0x000001fa0018ad00: ;   {runtime_call handle_exception_from_callee Runtime1 stub}
  0x000001fa0018ad00: ffe8 fa9b 

  0x000001fa0018ad04: ;   {external_word}
  0x000001fa0018ad04: 4207 48b9 | c028 36aa | fb7f 0000 | 4883 e4f0 

  0x000001fa0018ad14: ;   {runtime_call}
  0x000001fa0018ad14: 48b8 9095 | fda9 fb7f | 0000 ffd0 

  0x000001fa0018ad20: ;   {section_word}
  0x000001fa0018ad20: f449 ba21 | ad18 00fa | 0100 0041 

  0x000001fa0018ad2c: ;   {runtime_call DeoptimizationBlob}
  0x000001fa0018ad2c: 52e9 6e9c | 3f07 f4f4 | f4f4 f4f4 
[/MachCode]


Compiled method (c1) 70519  793       3       java.security.SecureClassLoader::defineClass (16 bytes)
 total in heap  [0x000001fa00162190,0x000001fa00162590] = 1024
 relocation     [0x000001fa001622e8,0x000001fa00162338] = 80
 main code      [0x000001fa00162340,0x000001fa00162498] = 344
 stub code      [0x000001fa00162498,0x000001fa001624e8] = 80
 metadata       [0x000001fa001624e8,0x000001fa001624f0] = 8
 scopes data    [0x000001fa001624f0,0x000001fa00162538] = 72
 scopes pcs     [0x000001fa00162538,0x000001fa00162588] = 80
 dependencies   [0x000001fa00162588,0x000001fa00162590] = 8

[Constant Pool (empty)]

[MachCode]
[Entry Point]
  # {method} {0x000001fa100438c0} 'defineClass' '(Ljava/lang/String;[BIILjava/security/CodeSource;)Ljava/lang/Class;' in 'java/security/SecureClassLoader'
  # this:     rdx:rdx   = 'java/security/SecureClassLoader'
  # parm0:    r8:r8     = 'java/lang/String'
  # parm1:    r9:r9     = '[B'
  # parm2:    rdi       = int
  # parm3:    rsi       = int
  # parm4:    rcx:rcx   = 'java/security/CodeSource'
  #           [sp+0x80]  (sp of caller)
  0x000001fa00162340: 448b 5208 | 49bb 0000 | 0010 fa01 | 0000 4d03 | d34c 3bd0 

  0x000001fa00162354: ;   {runtime_call ic_miss_stub}
  0x000001fa00162354: 0f85 26c4 | 4107 660f | 1f44 0000 
[Verified Entry Point]
  0x000001fa00162360: 8984 2400 | 80ff ff55 | 4883 ec70 | 4181 7f20 | 0100 0000 

  0x000001fa00162374: ;   {runtime_call StubRoutines (final stubs)}
  0x000001fa00162374: 7405 e865 

  0x000001fa00162378: ;   {metadata(method data for {method} {0x000001fa100438c0} 'defineClass' '(Ljava/lang/String;[BIILjava/security/CodeSource;)Ljava/lang/Class;' in 'java/security/SecureClassLoader')}
  0x000001fa00162378: 2940 0748 | bbd0 8018 | 51fa 0100 | 008b 83cc | 0000 0083 | c002 8983 | cc00 0000 | 25fe 0700 
  0x000001fa00162398: 0085 c00f | 8496 0000 | 0089 7424 | 5c89 7c24 | 584c 894c | 2450 4c89 | 4424 4848 

  0x000001fa001623b4: ;   {metadata(method data for {method} {0x000001fa100438c0} 'defineClass' '(Ljava/lang/String;[BIILjava/security/CodeSource;)Ljava/lang/Class;' in 'java/security/SecureClassLoader')}
  0x000001fa001623b4: 8bda 48b8 | d080 1851 | fa01 0000 | 4883 8018 | 0100 0001 | 4c8b c148 | 8bc2 488b | d048 8944 
  0x000001fa001623d4: ;   {optimized virtual_call}
  0x000001fa001623d4: 2440 90e8 

  0x000001fa001623d8: ; ImmutableOopMap {[64]=Oop [72]=Oop [80]=Oop }
                      ;*invokevirtual getProtectionDomain {reexecute=0 rethrow=0 return_oop=0}
                      ; - java.security.SecureClassLoader::defineClass@9 (line 150)
  0x000001fa001623d8: 44f5 ffff 

  0x000001fa001623dc: ;   {other}
  0x000001fa001623dc: 0f1f 8400 | 4c02 0000 | 488b 5424 

  0x000001fa001623e8: ;   {metadata(method data for {method} {0x000001fa100438c0} 'defineClass' '(Ljava/lang/String;[BIILjava/security/CodeSource;)Ljava/lang/Class;' in 'java/security/SecureClassLoader')}
  0x000001fa001623e8: 4049 b8d0 | 8018 51fa | 0100 0049 | 8380 4801 | 0000 014c | 8b44 2448 | 4c8b 4c24 | 508b 7c24 
  0x000001fa00162408: 588b 7424 | 5c48 8bc8 | 488b 5424 

  0x000001fa00162414: ;   {optimized virtual_call}
  0x000001fa00162414: 4066 90e8 

  0x000001fa00162418: ; ImmutableOopMap {}
                      ;*invokevirtual defineClass {reexecute=0 rethrow=0 return_oop=0}
                      ; - java.security.SecureClassLoader::defineClass@12 (line 150)
  0x000001fa00162418: 2484 0200 

  0x000001fa0016241c: ;   {other}
  0x000001fa0016241c: 0f1f 8400 | 8c02 0001 | 4883 c470 

  0x000001fa00162428: ;   {poll_return}
  0x000001fa00162428: 5d49 3ba7 | 5804 0000 | 0f87 2200 

  0x000001fa00162434: ;   {metadata({method} {0x000001fa100438c0} 'defineClass' '(Ljava/lang/String;[BIILjava/security/CodeSource;)Ljava/lang/Class;' in 'java/security/SecureClassLoader')}
  0x000001fa00162434: 0000 c349 | bab8 3804 | 10fa 0100 | 004c 8954 | 2408 48c7 | 0424 ffff 

  0x000001fa0016244c: ;   {runtime_call counter_overflow Runtime1 stub}
  0x000001fa0016244c: ffff e82d 

  0x000001fa00162450: ; ImmutableOopMap {rdx=Oop r8=Oop r9=Oop rcx=Oop }
                      ;*synchronization entry
                      ; - java.security.SecureClassLoader::defineClass@-1 (line 150)
  0x000001fa00162450: 7f4e 07e9 | 49ff ffff 

  0x000001fa00162458: ;   {internal_word}
  0x000001fa00162458: 49ba 2924 | 1600 fa01 | 0000 4d89 | 9770 0400 

  0x000001fa00162468: ;   {runtime_call SafepointBlob}
  0x000001fa00162468: 00e9 9232 | 4207 498b | 8708 0500 | 0049 c787 | 0805 0000 | 0000 0000 | 49c7 8710 | 0500 0000 
  0x000001fa00162488: 0000 0048 | 83c4 705d 

  0x000001fa00162490: ;   {runtime_call unwind_exception Runtime1 stub}
  0x000001fa00162490: e96b 5145 | 07f4 f4f4 
[Stub Code]
  0x000001fa00162498: ;   {no_reloc}
  0x000001fa00162498: 48bb 0000 | 0000 0000 

  0x000001fa001624a0: ;   {runtime_call}
  0x000001fa001624a0: 0000 e9fb 

  0x000001fa001624a4: ;   {static_stub}
  0x000001fa001624a4: ffff ff48 | bbd0 ef3f | 10fa 0100 

  0x000001fa001624b0: ;   {runtime_call I2C/C2I adapters}
  0x000001fa001624b0: 00e9 bfec 

  0x000001fa001624b4: ;   {runtime_call handle_exception_from_callee Runtime1 stub}
  0x000001fa001624b4: 4007 e845 

  0x000001fa001624b8: ;   {external_word}
  0x000001fa001624b8: 2445 0748 | b9c0 2836 | aafb 7f00 | 0048 83e4 

  0x000001fa001624c8: ;   {runtime_call}
  0x000001fa001624c8: f048 b890 | 95fd a9fb | 7f00 00ff 

  0x000001fa001624d4: ;   {section_word}
  0x000001fa001624d4: d0f4 49ba | d624 1600 | fa01 0000 

  0x000001fa001624e0: ;   {runtime_call DeoptimizationBlob}
  0x000001fa001624e0: 4152 e9b9 | 2442 07f4 
[/MachCode]


---------------  P R O C E S S  ---------------

Threads class SMR info:
_java_thread_list=0x000001fa5506dd30, length=11, elements={
0x000001fa6e88f710, 0x000001fa0f3d4e20, 0x000001fa0f3d5880, 0x000001fa0f3d62e0,
0x000001fa0f3d7d50, 0x000001fa0f3dc7d0, 0x000001fa0f3dd230, 0x000001fa0f3ddfc0,
0x000001fa0f592460, 0x000001fa0f6713c0, 0x000001fa0f676260
}

Java Threads: ( => current thread )
=>0x000001fa6e88f710 JavaThread "main"                              [_thread_in_vm, id=35688, stack(0x000000dc46b00000,0x000000dc46c00000) (1024K)]
  0x000001fa0f3d4e20 JavaThread "Reference Handler"          daemon [_thread_blocked, id=37124, stack(0x000000dc47400000,0x000000dc47500000) (1024K)]
  0x000001fa0f3d5880 JavaThread "Finalizer"                  daemon [_thread_blocked, id=37132, stack(0x000000dc47500000,0x000000dc47600000) (1024K)]
  0x000001fa0f3d62e0 JavaThread "Signal Dispatcher"          daemon [_thread_blocked, id=37136, stack(0x000000dc47600000,0x000000dc47700000) (1024K)]
  0x000001fa0f3d7d50 JavaThread "Attach Listener"            daemon [_thread_blocked, id=37140, stack(0x000000dc47700000,0x000000dc47800000) (1024K)]
  0x000001fa0f3dc7d0 JavaThread "Service Thread"             daemon [_thread_blocked, id=37144, stack(0x000000dc47800000,0x000000dc47900000) (1024K)]
  0x000001fa0f3dd230 JavaThread "Monitor Deflation Thread"   daemon [_thread_blocked, id=37148, stack(0x000000dc47900000,0x000000dc47a00000) (1024K)]
  0x000001fa0f3ddfc0 JavaThread "C2 CompilerThread0"         daemon [_thread_blocked, id=37152, stack(0x000000dc47a00000,0x000000dc47b00000) (1024K)]
  0x000001fa0f592460 JavaThread "C1 CompilerThread0"         daemon [_thread_blocked, id=37192, stack(0x000000dc47b00000,0x000000dc47c00000) (1024K)]
  0x000001fa0f6713c0 JavaThread "Notification Thread"        daemon [_thread_blocked, id=37200, stack(0x000000dc47c00000,0x000000dc47d00000) (1024K)]
  0x000001fa0f676260 JavaThread "Common-Cleaner"             daemon [_thread_blocked, id=37204, stack(0x000000dc47d00000,0x000000dc47e00000) (1024K)]
Total: 11

Other Threads:
  0x000001fa0f3b6420 VMThread "VM Thread"                           [id=37096, stack(0x000000dc47300000,0x000000dc47400000) (1024K)] _threads_hazard_ptr=0x000001fa5506dd30
  0x000001fa0f39f4e0 WatcherThread "VM Periodic Task Thread"        [id=37092, stack(0x000000dc47200000,0x000000dc47300000) (1024K)]
  0x000001fa6eafd9c0 WorkerThread "GC Thread#0"                     [id=36244, stack(0x000000dc46d00000,0x000000dc46e00000) (1024K)]
  0x000001fa6eb0c3c0 ConcurrentGCThread "G1 Main Marker"            [id=36248, stack(0x000000dc46e00000,0x000000dc46f00000) (1024K)]
  0x000001fa6eb0cdd0 WorkerThread "G1 Conc#0"                       [id=36252, stack(0x000000dc46f00000,0x000000dc47000000) (1024K)]
  0x000001fa6eb5e270 ConcurrentGCThread "G1 Refine#0"               [id=36264, stack(0x000000dc47000000,0x000000dc47100000) (1024K)]
  0x000001fa0f26f720 ConcurrentGCThread "G1 Service"                [id=36268, stack(0x000000dc47100000,0x000000dc47200000) (1024K)]
Total: 7

Threads with active compile tasks:
Total: 0

VM state: synchronizing (normal execution)

VM Mutex/Monitor currently owned by a thread:  ([mutex/lock_event])
[0x00007ffbaa60ab48] Metaspace_lock - owner thread: 0x000001fa6e88f710
[0x00007ffbaa60cbc8] Threads_lock - owner thread: 0x000001fa0f3b6420

Heap address: 0x0000000724e00000, size: 3506 MB, Compressed Oops mode: Zero based, Oop shift amount: 3

CDS archive(s) mapped at: [0x000001fa10000000-0x000001fa10c60000-0x000001fa10c60000), size 12976128, SharedBaseAddress: 0x000001fa10000000, ArchiveRelocationMode: 1.
Compressed class space mapped at: 0x000001fa11000000-0x000001fa51000000, reserved size: 1073741824
Narrow klass base: 0x000001fa10000000, Narrow klass shift: 0, Narrow klass range: 0x41000000

GC Precious Log:
 CardTable entry size: 512
 Card Set container configuration: InlinePtr #cards 4 size 8 Array Of Cards #cards 16 size 48 Howl #buckets 8 coarsen threshold 3686 Howl Bitmap #cards 512 size 80 coarsen threshold 460 Card regions per heap region 1 cards per card region 4096
 CPUs: 12 total, 12 available
 Memory: 14020M
 Large Page Support: Disabled
 NUMA Support: Disabled
 Compressed Oops: Enabled (Zero based)
 Heap Region Size: 2M
 Heap Min Capacity: 8M
 Heap Initial Capacity: 220M
 Heap Max Capacity: 3506M
 Pre-touch: Disabled
 Parallel Workers: 10
 Concurrent Workers: 3
 Concurrent Refinement Workers: 10
 Periodic GC: Disabled

Heap:
 garbage-first heap   total reserved 3590144K, committed 225280K, used 18432K [0x0000000724e00000, 0x0000000800000000)
  region size 2048K, 10 young (20480K), 0 survivors (0K)
 Metaspace       used 5471K, committed 5568K, reserved 1114112K
  class space    used 638K, committed 704K, reserved 1048576K

Heap Regions: E=young(eden), S=young(survivor), O=old, HS=humongous(starts), HC=humongous(continues), CS=collection set, F=free, TAMS=top-at-mark-start, PB=parsable bottom
|   0|0x0000000724e00000, 0x0000000724e00000, 0x0000000725000000|  0%| F|  |TAMS 0x0000000724e00000| PB 0x0000000724e00000| Untracked |  0
|   1|0x0000000725000000, 0x0000000725000000, 0x0000000725200000|  0%| F|  |TAMS 0x0000000725000000| PB 0x0000000725000000| Untracked |  0
|   2|0x0000000725200000, 0x0000000725200000, 0x0000000725400000|  0%| F|  |TAMS 0x0000000725200000| PB 0x0000000725200000| Untracked |  0
|   3|0x0000000725400000, 0x0000000725400000, 0x0000000725600000|  0%| F|  |TAMS 0x0000000725400000| PB 0x0000000725400000| Untracked |  0
|   4|0x0000000725600000, 0x0000000725600000, 0x0000000725800000|  0%| F|  |TAMS 0x0000000725600000| PB 0x0000000725600000| Untracked |  0
|   5|0x0000000725800000, 0x0000000725800000, 0x0000000725a00000|  0%| F|  |TAMS 0x0000000725800000| PB 0x0000000725800000| Untracked |  0
|   6|0x0000000725a00000, 0x0000000725a00000, 0x0000000725c00000|  0%| F|  |TAMS 0x0000000725a00000| PB 0x0000000725a00000| Untracked |  0
|   7|0x0000000725c00000, 0x0000000725c00000, 0x0000000725e00000|  0%| F|  |TAMS 0x0000000725c00000| PB 0x0000000725c00000| Untracked |  0
|   8|0x0000000725e00000, 0x0000000725e00000, 0x0000000726000000|  0%| F|  |TAMS 0x0000000725e00000| PB 0x0000000725e00000| Untracked |  0
|   9|0x0000000726000000, 0x0000000726000000, 0x0000000726200000|  0%| F|  |TAMS 0x0000000726000000| PB 0x0000000726000000| Untracked |  0
|  10|0x0000000726200000, 0x0000000726200000, 0x0000000726400000|  0%| F|  |TAMS 0x0000000726200000| PB 0x0000000726200000| Untracked |  0
|  11|0x0000000726400000, 0x0000000726400000, 0x0000000726600000|  0%| F|  |TAMS 0x0000000726400000| PB 0x0000000726400000| Untracked |  0
|  12|0x0000000726600000, 0x0000000726600000, 0x0000000726800000|  0%| F|  |TAMS 0x0000000726600000| PB 0x0000000726600000| Untracked |  0
|  13|0x0000000726800000, 0x0000000726800000, 0x0000000726a00000|  0%| F|  |TAMS 0x0000000726800000| PB 0x0000000726800000| Untracked |  0
|  14|0x0000000726a00000, 0x0000000726a00000, 0x0000000726c00000|  0%| F|  |TAMS 0x0000000726a00000| PB 0x0000000726a00000| Untracked |  0
|  15|0x0000000726c00000, 0x0000000726c00000, 0x0000000726e00000|  0%| F|  |TAMS 0x0000000726c00000| PB 0x0000000726c00000| Untracked |  0
|  16|0x0000000726e00000, 0x0000000726e00000, 0x0000000727000000|  0%| F|  |TAMS 0x0000000726e00000| PB 0x0000000726e00000| Untracked |  0
|  17|0x0000000727000000, 0x0000000727000000, 0x0000000727200000|  0%| F|  |TAMS 0x0000000727000000| PB 0x0000000727000000| Untracked |  0
|  18|0x0000000727200000, 0x0000000727200000, 0x0000000727400000|  0%| F|  |TAMS 0x0000000727200000| PB 0x0000000727200000| Untracked |  0
|  19|0x0000000727400000, 0x0000000727400000, 0x0000000727600000|  0%| F|  |TAMS 0x0000000727400000| PB 0x0000000727400000| Untracked |  0
|  20|0x0000000727600000, 0x0000000727600000, 0x0000000727800000|  0%| F|  |TAMS 0x0000000727600000| PB 0x0000000727600000| Untracked |  0
|  21|0x0000000727800000, 0x0000000727800000, 0x0000000727a00000|  0%| F|  |TAMS 0x0000000727800000| PB 0x0000000727800000| Untracked |  0
|  22|0x0000000727a00000, 0x0000000727a00000, 0x0000000727c00000|  0%| F|  |TAMS 0x0000000727a00000| PB 0x0000000727a00000| Untracked |  0
|  23|0x0000000727c00000, 0x0000000727c00000, 0x0000000727e00000|  0%| F|  |TAMS 0x0000000727c00000| PB 0x0000000727c00000| Untracked |  0
|  24|0x0000000727e00000, 0x0000000727e00000, 0x0000000728000000|  0%| F|  |TAMS 0x0000000727e00000| PB 0x0000000727e00000| Untracked |  0
|  25|0x0000000728000000, 0x0000000728000000, 0x0000000728200000|  0%| F|  |TAMS 0x0000000728000000| PB 0x0000000728000000| Untracked |  0
|  26|0x0000000728200000, 0x0000000728200000, 0x0000000728400000|  0%| F|  |TAMS 0x0000000728200000| PB 0x0000000728200000| Untracked |  0
|  27|0x0000000728400000, 0x0000000728400000, 0x0000000728600000|  0%| F|  |TAMS 0x0000000728400000| PB 0x0000000728400000| Untracked |  0
|  28|0x0000000728600000, 0x0000000728600000, 0x0000000728800000|  0%| F|  |TAMS 0x0000000728600000| PB 0x0000000728600000| Untracked |  0
|  29|0x0000000728800000, 0x0000000728800000, 0x0000000728a00000|  0%| F|  |TAMS 0x0000000728800000| PB 0x0000000728800000| Untracked |  0
|  30|0x0000000728a00000, 0x0000000728a00000, 0x0000000728c00000|  0%| F|  |TAMS 0x0000000728a00000| PB 0x0000000728a00000| Untracked |  0
|  31|0x0000000728c00000, 0x0000000728c00000, 0x0000000728e00000|  0%| F|  |TAMS 0x0000000728c00000| PB 0x0000000728c00000| Untracked |  0
|  32|0x0000000728e00000, 0x0000000728e00000, 0x0000000729000000|  0%| F|  |TAMS 0x0000000728e00000| PB 0x0000000728e00000| Untracked |  0
|  33|0x0000000729000000, 0x0000000729000000, 0x0000000729200000|  0%| F|  |TAMS 0x0000000729000000| PB 0x0000000729000000| Untracked |  0
|  34|0x0000000729200000, 0x0000000729200000, 0x0000000729400000|  0%| F|  |TAMS 0x0000000729200000| PB 0x0000000729200000| Untracked |  0
|  35|0x0000000729400000, 0x0000000729400000, 0x0000000729600000|  0%| F|  |TAMS 0x0000000729400000| PB 0x0000000729400000| Untracked |  0
|  36|0x0000000729600000, 0x0000000729600000, 0x0000000729800000|  0%| F|  |TAMS 0x0000000729600000| PB 0x0000000729600000| Untracked |  0
|  37|0x0000000729800000, 0x0000000729800000, 0x0000000729a00000|  0%| F|  |TAMS 0x0000000729800000| PB 0x0000000729800000| Untracked |  0
|  38|0x0000000729a00000, 0x0000000729a00000, 0x0000000729c00000|  0%| F|  |TAMS 0x0000000729a00000| PB 0x0000000729a00000| Untracked |  0
|  39|0x0000000729c00000, 0x0000000729c00000, 0x0000000729e00000|  0%| F|  |TAMS 0x0000000729c00000| PB 0x0000000729c00000| Untracked |  0
|  40|0x0000000729e00000, 0x0000000729e00000, 0x000000072a000000|  0%| F|  |TAMS 0x0000000729e00000| PB 0x0000000729e00000| Untracked |  0
|  41|0x000000072a000000, 0x000000072a000000, 0x000000072a200000|  0%| F|  |TAMS 0x000000072a000000| PB 0x000000072a000000| Untracked |  0
|  42|0x000000072a200000, 0x000000072a200000, 0x000000072a400000|  0%| F|  |TAMS 0x000000072a200000| PB 0x000000072a200000| Untracked |  0
|  43|0x000000072a400000, 0x000000072a400000, 0x000000072a600000|  0%| F|  |TAMS 0x000000072a400000| PB 0x000000072a400000| Untracked |  0
|  44|0x000000072a600000, 0x000000072a600000, 0x000000072a800000|  0%| F|  |TAMS 0x000000072a600000| PB 0x000000072a600000| Untracked |  0
|  45|0x000000072a800000, 0x000000072a800000, 0x000000072aa00000|  0%| F|  |TAMS 0x000000072a800000| PB 0x000000072a800000| Untracked |  0
|  46|0x000000072aa00000, 0x000000072aa00000, 0x000000072ac00000|  0%| F|  |TAMS 0x000000072aa00000| PB 0x000000072aa00000| Untracked |  0
|  47|0x000000072ac00000, 0x000000072ac00000, 0x000000072ae00000|  0%| F|  |TAMS 0x000000072ac00000| PB 0x000000072ac00000| Untracked |  0
|  48|0x000000072ae00000, 0x000000072ae00000, 0x000000072b000000|  0%| F|  |TAMS 0x000000072ae00000| PB 0x000000072ae00000| Untracked |  0
|  49|0x000000072b000000, 0x000000072b000000, 0x000000072b200000|  0%| F|  |TAMS 0x000000072b000000| PB 0x000000072b000000| Untracked |  0
|  50|0x000000072b200000, 0x000000072b200000, 0x000000072b400000|  0%| F|  |TAMS 0x000000072b200000| PB 0x000000072b200000| Untracked |  0
|  51|0x000000072b400000, 0x000000072b400000, 0x000000072b600000|  0%| F|  |TAMS 0x000000072b400000| PB 0x000000072b400000| Untracked |  0
|  52|0x000000072b600000, 0x000000072b600000, 0x000000072b800000|  0%| F|  |TAMS 0x000000072b600000| PB 0x000000072b600000| Untracked |  0
|  53|0x000000072b800000, 0x000000072b800000, 0x000000072ba00000|  0%| F|  |TAMS 0x000000072b800000| PB 0x000000072b800000| Untracked |  0
|  54|0x000000072ba00000, 0x000000072ba00000, 0x000000072bc00000|  0%| F|  |TAMS 0x000000072ba00000| PB 0x000000072ba00000| Untracked |  0
|  55|0x000000072bc00000, 0x000000072bc00000, 0x000000072be00000|  0%| F|  |TAMS 0x000000072bc00000| PB 0x000000072bc00000| Untracked |  0
|  56|0x000000072be00000, 0x000000072be00000, 0x000000072c000000|  0%| F|  |TAMS 0x000000072be00000| PB 0x000000072be00000| Untracked |  0
|  57|0x000000072c000000, 0x000000072c000000, 0x000000072c200000|  0%| F|  |TAMS 0x000000072c000000| PB 0x000000072c000000| Untracked |  0
|  58|0x000000072c200000, 0x000000072c200000, 0x000000072c400000|  0%| F|  |TAMS 0x000000072c200000| PB 0x000000072c200000| Untracked |  0
|  59|0x000000072c400000, 0x000000072c400000, 0x000000072c600000|  0%| F|  |TAMS 0x000000072c400000| PB 0x000000072c400000| Untracked |  0
|  60|0x000000072c600000, 0x000000072c600000, 0x000000072c800000|  0%| F|  |TAMS 0x000000072c600000| PB 0x000000072c600000| Untracked |  0
|  61|0x000000072c800000, 0x000000072c800000, 0x000000072ca00000|  0%| F|  |TAMS 0x000000072c800000| PB 0x000000072c800000| Untracked |  0
|  62|0x000000072ca00000, 0x000000072ca00000, 0x000000072cc00000|  0%| F|  |TAMS 0x000000072ca00000| PB 0x000000072ca00000| Untracked |  0
|  63|0x000000072cc00000, 0x000000072cc00000, 0x000000072ce00000|  0%| F|  |TAMS 0x000000072cc00000| PB 0x000000072cc00000| Untracked |  0
|  64|0x000000072ce00000, 0x000000072ce00000, 0x000000072d000000|  0%| F|  |TAMS 0x000000072ce00000| PB 0x000000072ce00000| Untracked |  0
|  65|0x000000072d000000, 0x000000072d000000, 0x000000072d200000|  0%| F|  |TAMS 0x000000072d000000| PB 0x000000072d000000| Untracked |  0
|  66|0x000000072d200000, 0x000000072d200000, 0x000000072d400000|  0%| F|  |TAMS 0x000000072d200000| PB 0x000000072d200000| Untracked |  0
|  67|0x000000072d400000, 0x000000072d400000, 0x000000072d600000|  0%| F|  |TAMS 0x000000072d400000| PB 0x000000072d400000| Untracked |  0
|  68|0x000000072d600000, 0x000000072d600000, 0x000000072d800000|  0%| F|  |TAMS 0x000000072d600000| PB 0x000000072d600000| Untracked |  0
|  69|0x000000072d800000, 0x000000072d800000, 0x000000072da00000|  0%| F|  |TAMS 0x000000072d800000| PB 0x000000072d800000| Untracked |  0
|  70|0x000000072da00000, 0x000000072da00000, 0x000000072dc00000|  0%| F|  |TAMS 0x000000072da00000| PB 0x000000072da00000| Untracked |  0
|  71|0x000000072dc00000, 0x000000072dc00000, 0x000000072de00000|  0%| F|  |TAMS 0x000000072dc00000| PB 0x000000072dc00000| Untracked |  0
|  72|0x000000072de00000, 0x000000072de00000, 0x000000072e000000|  0%| F|  |TAMS 0x000000072de00000| PB 0x000000072de00000| Untracked |  0
|  73|0x000000072e000000, 0x000000072e000000, 0x000000072e200000|  0%| F|  |TAMS 0x000000072e000000| PB 0x000000072e000000| Untracked |  0
|  74|0x000000072e200000, 0x000000072e200000, 0x000000072e400000|  0%| F|  |TAMS 0x000000072e200000| PB 0x000000072e200000| Untracked |  0
|  75|0x000000072e400000, 0x000000072e400000, 0x000000072e600000|  0%| F|  |TAMS 0x000000072e400000| PB 0x000000072e400000| Untracked |  0
|  76|0x000000072e600000, 0x000000072e600000, 0x000000072e800000|  0%| F|  |TAMS 0x000000072e600000| PB 0x000000072e600000| Untracked |  0
|  77|0x000000072e800000, 0x000000072e800000, 0x000000072ea00000|  0%| F|  |TAMS 0x000000072e800000| PB 0x000000072e800000| Untracked |  0
|  78|0x000000072ea00000, 0x000000072ea00000, 0x000000072ec00000|  0%| F|  |TAMS 0x000000072ea00000| PB 0x000000072ea00000| Untracked |  0
|  79|0x000000072ec00000, 0x000000072ec00000, 0x000000072ee00000|  0%| F|  |TAMS 0x000000072ec00000| PB 0x000000072ec00000| Untracked |  0
|  80|0x000000072ee00000, 0x000000072ee00000, 0x000000072f000000|  0%| F|  |TAMS 0x000000072ee00000| PB 0x000000072ee00000| Untracked |  0
|  81|0x000000072f000000, 0x000000072f000000, 0x000000072f200000|  0%| F|  |TAMS 0x000000072f000000| PB 0x000000072f000000| Untracked |  0
|  82|0x000000072f200000, 0x000000072f200000, 0x000000072f400000|  0%| F|  |TAMS 0x000000072f200000| PB 0x000000072f200000| Untracked |  0
|  83|0x000000072f400000, 0x000000072f400000, 0x000000072f600000|  0%| F|  |TAMS 0x000000072f400000| PB 0x000000072f400000| Untracked |  0
|  84|0x000000072f600000, 0x000000072f600000, 0x000000072f800000|  0%| F|  |TAMS 0x000000072f600000| PB 0x000000072f600000| Untracked |  0
|  85|0x000000072f800000, 0x000000072f800000, 0x000000072fa00000|  0%| F|  |TAMS 0x000000072f800000| PB 0x000000072f800000| Untracked |  0
|  86|0x000000072fa00000, 0x000000072fa00000, 0x000000072fc00000|  0%| F|  |TAMS 0x000000072fa00000| PB 0x000000072fa00000| Untracked |  0
|  87|0x000000072fc00000, 0x000000072fc00000, 0x000000072fe00000|  0%| F|  |TAMS 0x000000072fc00000| PB 0x000000072fc00000| Untracked |  0
|  88|0x000000072fe00000, 0x000000072fe00000, 0x0000000730000000|  0%| F|  |TAMS 0x000000072fe00000| PB 0x000000072fe00000| Untracked |  0
|  89|0x0000000730000000, 0x0000000730000000, 0x0000000730200000|  0%| F|  |TAMS 0x0000000730000000| PB 0x0000000730000000| Untracked |  0
|  90|0x0000000730200000, 0x0000000730200000, 0x0000000730400000|  0%| F|  |TAMS 0x0000000730200000| PB 0x0000000730200000| Untracked |  0
|  91|0x0000000730400000, 0x0000000730400000, 0x0000000730600000|  0%| F|  |TAMS 0x0000000730400000| PB 0x0000000730400000| Untracked |  0
|  92|0x0000000730600000, 0x0000000730600000, 0x0000000730800000|  0%| F|  |TAMS 0x0000000730600000| PB 0x0000000730600000| Untracked |  0
|  93|0x0000000730800000, 0x0000000730800000, 0x0000000730a00000|  0%| F|  |TAMS 0x0000000730800000| PB 0x0000000730800000| Untracked |  0
|  94|0x0000000730a00000, 0x0000000730a00000, 0x0000000730c00000|  0%| F|  |TAMS 0x0000000730a00000| PB 0x0000000730a00000| Untracked |  0
|  95|0x0000000730c00000, 0x0000000730c00000, 0x0000000730e00000|  0%| F|  |TAMS 0x0000000730c00000| PB 0x0000000730c00000| Untracked |  0
|  96|0x0000000730e00000, 0x0000000730e00000, 0x0000000731000000|  0%| F|  |TAMS 0x0000000730e00000| PB 0x0000000730e00000| Untracked |  0
|  97|0x0000000731000000, 0x0000000731000000, 0x0000000731200000|  0%| F|  |TAMS 0x0000000731000000| PB 0x0000000731000000| Untracked |  0
|  98|0x0000000731200000, 0x0000000731200000, 0x0000000731400000|  0%| F|  |TAMS 0x0000000731200000| PB 0x0000000731200000| Untracked |  0
|  99|0x0000000731400000, 0x0000000731400000, 0x0000000731600000|  0%| F|  |TAMS 0x0000000731400000| PB 0x0000000731400000| Untracked |  0
| 100|0x0000000731600000, 0x000000073167ae80, 0x0000000731800000| 24%| E|  |TAMS 0x0000000731600000| PB 0x0000000731600000| Complete |  0
| 101|0x0000000731800000, 0x0000000731a00000, 0x0000000731a00000|100%| E|CS|TAMS 0x0000000731800000| PB 0x0000000731800000| Complete |  0
| 102|0x0000000731a00000, 0x0000000731c00000, 0x0000000731c00000|100%| E|CS|TAMS 0x0000000731a00000| PB 0x0000000731a00000| Complete |  0
| 103|0x0000000731c00000, 0x0000000731e00000, 0x0000000731e00000|100%| E|CS|TAMS 0x0000000731c00000| PB 0x0000000731c00000| Complete |  0
| 104|0x0000000731e00000, 0x0000000732000000, 0x0000000732000000|100%| E|CS|TAMS 0x0000000731e00000| PB 0x0000000731e00000| Complete |  0
| 105|0x0000000732000000, 0x0000000732200000, 0x0000000732200000|100%| E|CS|TAMS 0x0000000732000000| PB 0x0000000732000000| Complete |  0
| 106|0x0000000732200000, 0x0000000732400000, 0x0000000732400000|100%| E|CS|TAMS 0x0000000732200000| PB 0x0000000732200000| Complete |  0
| 107|0x0000000732400000, 0x0000000732600000, 0x0000000732600000|100%| E|CS|TAMS 0x0000000732400000| PB 0x0000000732400000| Complete |  0
| 108|0x0000000732600000, 0x0000000732800000, 0x0000000732800000|100%| E|CS|TAMS 0x0000000732600000| PB 0x0000000732600000| Complete |  0
| 109|0x0000000732800000, 0x0000000732a00000, 0x0000000732a00000|100%| E|CS|TAMS 0x0000000732800000| PB 0x0000000732800000| Complete |  0

Card table byte_map: [0x000001fa79920000,0x000001fa7a000000] _byte_map_base: 0x000001fa75ff9000

Marking Bits: (CMBitMap*) 0x000001fa6eafdfd0
 Bits: [0x000001fa7a000000, 0x000001fa7d6c8000)

Polling page: 0x000001fa6eb60000

Metaspace:

Usage:
  Non-class:      4.72 MB used.
      Class:    638.55 KB used.
       Both:      5.34 MB used.

Virtual space:
  Non-class space:       64.00 MB reserved,       4.75 MB (  7%) committed,  1 nodes.
      Class space:        1.00 GB reserved,     704.00 KB ( <1%) committed,  1 nodes.
             Both:        1.06 GB reserved,       5.44 MB ( <1%) committed. 

Chunk freelists:
   Non-Class:  9.30 MB
       Class:  15.31 MB
        Both:  24.61 MB

MaxMetaspaceSize: unlimited
CompressedClassSpaceSize: 1.00 GB
Initial GC threshold: 21.00 MB
Current GC threshold: 21.00 MB
CDS: on
 - commit_granule_bytes: 65536.
 - commit_granule_words: 8192.
 - virtual_space_node_default_size: 8388608.
 - enlarge_chunks_in_place: 1.
 - use_allocation_guard: 0.


Internal statistics:

num_allocs_failed_limit: 0.
num_arena_births: 54.
num_arena_deaths: 0.
num_vsnodes_births: 2.
num_vsnodes_deaths: 0.
num_space_committed: 87.
num_space_uncommitted: 0.
num_chunks_returned_to_freelist: 0.
num_chunks_taken_from_freelist: 209.
num_chunk_merges: 0.
num_chunk_splits: 131.
num_chunks_enlarged: 108.
num_inconsistent_stats: 0.

CodeHeap 'non-profiled nmethods': size=120000Kb used=317Kb max_used=317Kb free=119682Kb
 bounds [0x000001fa07ad0000, 0x000001fa07d40000, 0x000001fa0f000000]
CodeHeap 'profiled nmethods': size=120000Kb used=1812Kb max_used=1812Kb free=118187Kb
 bounds [0x000001fa00000000, 0x000001fa00270000, 0x000001fa07530000]
CodeHeap 'non-nmethods': size=5760Kb used=1361Kb max_used=1379Kb free=4399Kb
 bounds [0x000001fa07530000, 0x000001fa077a0000, 0x000001fa07ad0000]
 total_blobs=1455 nmethods=991 adapters=369
 compilation: enabled
              stopped_count=0, restarted_count=0
 full_count=0

Compilation events (20 events):
Event: 40.422 Thread 0x000001fa0f3ddfc0 nmethod 1004 0x000001fa07b1ef90 code [0x000001fa07b1f100, 0x000001fa07b1f238]
Event: 40.422 Thread 0x000001fa0f3ddfc0  948       4       java.lang.invoke.MethodType::parameterType (7 bytes)
Event: 40.423 Thread 0x000001fa0f592460 nmethod 999 0x000001fa001ba710 code [0x000001fa001bae60, 0x000001fa001bf320]
Event: 40.423 Thread 0x000001fa0f592460  993   !   3       sun.nio.cs.StreamDecoder::read (78 bytes)
Event: 40.423 Thread 0x000001fa0f3ddfc0 nmethod 948 0x000001fa07b1f310 code [0x000001fa07b1f4a0, 0x000001fa07b1f578]
Event: 40.423 Thread 0x000001fa0f592460 nmethod 993 0x000001fa001c0d90 code [0x000001fa001c1020, 0x000001fa001c1e48]
Event: 40.423 Thread 0x000001fa0f592460  995       3       sun.nio.cs.StreamDecoder::ensureOpen (18 bytes)
Event: 40.423 Thread 0x000001fa0f592460 nmethod 995 0x000001fa001c2390 code [0x000001fa001c2540, 0x000001fa001c2748]
Event: 40.423 Thread 0x000001fa0f592460 1000       3       java.io.Reader::read (21 bytes)
Event: 40.423 Thread 0x000001fa0f592460 nmethod 1000 0x000001fa001c2810 code [0x000001fa001c29c0, 0x000001fa001c2ca0]
Event: 40.424 Thread 0x000001fa0f592460  992       3       java.nio.Buffer::limit (65 bytes)
Event: 40.424 Thread 0x000001fa0f592460 nmethod 992 0x000001fa001c2d90 code [0x000001fa001c2f40, 0x000001fa001c31d0]
Event: 40.424 Thread 0x000001fa0f592460 1001       3       java.nio.Buffer::<init> (105 bytes)
Event: 40.424 Thread 0x000001fa0f592460 nmethod 1001 0x000001fa001c3290 code [0x000001fa001c3540, 0x000001fa001c4028]
Event: 40.424 Thread 0x000001fa0f592460 1002       3       java.nio.ByteBuffer::position (6 bytes)
Event: 40.424 Thread 0x000001fa0f592460 nmethod 1002 0x000001fa001c4410 code [0x000001fa001c45c0, 0x000001fa001c4788]
Event: 40.424 Thread 0x000001fa0f592460 1003       3       java.nio.charset.CoderResult::isUnderflow (13 bytes)
Event: 40.424 Thread 0x000001fa0f592460 nmethod 1003 0x000001fa001c4810 code [0x000001fa001c49a0, 0x000001fa001c4b00]
Event: 40.424 Thread 0x000001fa0f592460 1005       3       java.nio.ByteBuffer::array (35 bytes)
Event: 40.425 Thread 0x000001fa0f592460 nmethod 1005 0x000001fa001c4b90 code [0x000001fa001c4d60, 0x000001fa001c5030]

GC Heap History (0 events):
No events

Dll operation events (8 events):
Event: 0.514 Loaded shared library C:\Program Files\Java\jdk-22\bin\java.dll
Event: 3.548 Loaded shared library C:\Program Files\Java\jdk-22\bin\jsvml.dll
Event: 3.842 Loaded shared library C:\Program Files\Java\jdk-22\bin\net.dll
Event: 3.845 Loaded shared library C:\Program Files\Java\jdk-22\bin\nio.dll
Event: 4.630 Loaded shared library C:\Program Files\Java\jdk-22\bin\zip.dll
Event: 21.717 Loaded shared library C:\Program Files\Java\jdk-22\bin\jimage.dll
Event: 21.813 Loaded shared library C:\Program Files\NetBeans-21\netbeans\java\maven\lib\jansi-native\Windows\x86_64\jansi.dll
Event: 22.398 Loaded shared library C:\Program Files\Java\jdk-22\bin\verify.dll

Deoptimization events (20 events):
Event: 38.408 Thread 0x000001fa6e88f710 Uncommon trap: trap_request=0xffffffde fr.pc=0x000001fa07b18b30 relative=0x0000000000000110
Event: 38.408 Thread 0x000001fa6e88f710 Uncommon trap: reason=class_check action=maybe_recompile pc=0x000001fa07b18b30 method=jdk.internal.misc.Unsafe.allocateUninitializedArray(Ljava/lang/Class;I)Ljava/lang/Object; @ 51 c2
Event: 38.410 Thread 0x000001fa6e88f710 DEOPT PACKING pc=0x000001fa07b18b30 sp=0x000000dc46bfce00
Event: 38.410 Thread 0x000001fa6e88f710 DEOPT UNPACKING pc=0x000001fa075846a2 sp=0x000000dc46bfcd78 mode 2
Event: 38.414 Thread 0x000001fa6e88f710 Uncommon trap: trap_request=0xffffffde fr.pc=0x000001fa07b18b30 relative=0x0000000000000110
Event: 38.416 Thread 0x000001fa6e88f710 Uncommon trap: reason=class_check action=maybe_recompile pc=0x000001fa07b18b30 method=jdk.internal.misc.Unsafe.allocateUninitializedArray(Ljava/lang/Class;I)Ljava/lang/Object; @ 51 c2
Event: 38.419 Thread 0x000001fa6e88f710 DEOPT PACKING pc=0x000001fa07b18b30 sp=0x000000dc46bfcc70
Event: 38.419 Thread 0x000001fa6e88f710 DEOPT UNPACKING pc=0x000001fa075846a2 sp=0x000000dc46bfcbe8 mode 2
Event: 38.420 Thread 0x000001fa6e88f710 Uncommon trap: trap_request=0xffffffde fr.pc=0x000001fa07b18b30 relative=0x0000000000000110
Event: 38.420 Thread 0x000001fa6e88f710 Uncommon trap: reason=class_check action=maybe_recompile pc=0x000001fa07b18b30 method=jdk.internal.misc.Unsafe.allocateUninitializedArray(Ljava/lang/Class;I)Ljava/lang/Object; @ 51 c2
Event: 38.423 Thread 0x000001fa6e88f710 DEOPT PACKING pc=0x000001fa07b18b30 sp=0x000000dc46bfcbd0
Event: 38.423 Thread 0x000001fa6e88f710 DEOPT UNPACKING pc=0x000001fa075846a2 sp=0x000000dc46bfcb48 mode 2
Event: 40.384 Thread 0x000001fa6e88f710 Uncommon trap: trap_request=0xffffff6e fr.pc=0x000001fa07b049b4 relative=0x0000000000000414
Event: 40.384 Thread 0x000001fa6e88f710 Uncommon trap: reason=loop_limit_check action=maybe_recompile pc=0x000001fa07b049b4 method=java.lang.StringLatin1.indexOf([BI[BII)I @ 37 c2
Event: 40.384 Thread 0x000001fa6e88f710 DEOPT PACKING pc=0x000001fa07b049b4 sp=0x000000dc46bfd820
Event: 40.384 Thread 0x000001fa6e88f710 DEOPT UNPACKING pc=0x000001fa075846a2 sp=0x000000dc46bfd780 mode 2
Event: 40.387 Thread 0x000001fa6e88f710 Uncommon trap: trap_request=0xffffff76 fr.pc=0x000001fa07afc600 relative=0x0000000000000320
Event: 40.387 Thread 0x000001fa6e88f710 Uncommon trap: reason=predicate action=maybe_recompile pc=0x000001fa07afc600 method=java.util.regex.Pattern$BmpCharPropertyGreedy.match(Ljava/util/regex/Matcher;ILjava/lang/CharSequence;)Z @ 12 c2
Event: 40.387 Thread 0x000001fa6e88f710 DEOPT PACKING pc=0x000001fa07afc600 sp=0x000000dc46bfdcb0
Event: 40.387 Thread 0x000001fa6e88f710 DEOPT UNPACKING pc=0x000001fa075846a2 sp=0x000000dc46bfdc68 mode 2

Classes loaded (20 events):
Event: 38.399 Loading class java/lang/annotation/Documented
Event: 38.399 Loading class java/lang/annotation/Documented done
Event: 38.903 Loading class java/util/concurrent/TimeoutException
Event: 39.878 Loading class java/util/concurrent/TimeoutException done
Event: 39.879 Loading class java/util/concurrent/CancellationException
Event: 39.905 Loading class java/util/concurrent/CancellationException done
Event: 39.906 Loading class java/security/PrivilegedActionException
Event: 39.916 Loading class java/security/PrivilegedActionException done
Event: 39.916 Loading class sun/misc/Unsafe
Event: 39.917 Loading class sun/misc/Unsafe done
Event: 40.115 Loading class java/lang/invoke/DirectMethodHandle$StaticAccessor
Event: 40.115 Loading class java/lang/invoke/DirectMethodHandle$StaticAccessor done
Event: 40.122 Loading class java/lang/reflect/ParameterizedType
Event: 40.122 Loading class java/lang/reflect/ParameterizedType done
Event: 40.125 Loading class java/lang/reflect/WildcardType
Event: 40.125 Loading class java/lang/reflect/WildcardType done
Event: 40.131 Loading class sun/reflect/generics/tree/TypeVariableSignature
Event: 40.131 Loading class sun/reflect/generics/tree/TypeVariableSignature done
Event: 40.378 Loading class java/lang/annotation/IncompleteAnnotationException
Event: 40.378 Loading class java/lang/annotation/IncompleteAnnotationException done

Classes unloaded (0 events):
No events

Classes redefined (0 events):
No events

Internal exceptions (20 events):
Event: 21.842 Thread 0x000001fa6e88f710 Exception <a 'java/lang/NullPointerException'{0x00000007325d2e20}> (0x00000007325d2e20) 
thrown [s\open\src\hotspot\share\interpreter\linkResolver.cpp, line 1374]
Event: 21.842 Thread 0x000001fa6e88f710 Exception <a 'java/lang/NullPointerException'{0x00000007325d3100}> (0x00000007325d3100) 
thrown [s\open\src\hotspot\share\interpreter\linkResolver.cpp, line 1374]
Event: 22.395 Thread 0x000001fa6e88f710 Exception <a 'sun/nio/fs/WindowsException'{0x00000007325fc068}> (0x00000007325fc068) 
thrown [s\open\src\hotspot\share\prims\jni.cpp, line 520]
Event: 22.395 Thread 0x000001fa6e88f710 Exception <a 'sun/nio/fs/WindowsException'{0x00000007325fcaa8}> (0x00000007325fcaa8) 
thrown [s\open\src\hotspot\share\prims\jni.cpp, line 520]
Event: 22.395 Thread 0x000001fa6e88f710 Exception <a 'sun/nio/fs/WindowsException'{0x00000007325fd0d0}> (0x00000007325fd0d0) 
thrown [s\open\src\hotspot\share\prims\jni.cpp, line 520]
Event: 22.395 Thread 0x000001fa6e88f710 Exception <a 'sun/nio/fs/WindowsException'{0x00000007325fd6d0}> (0x00000007325fd6d0) 
thrown [s\open\src\hotspot\share\prims\jni.cpp, line 520]
Event: 22.396 Thread 0x000001fa6e88f710 Exception <a 'sun/nio/fs/WindowsException'{0x00000007325fdc48}> (0x00000007325fdc48) 
thrown [s\open\src\hotspot\share\prims\jni.cpp, line 520]
Event: 22.396 Thread 0x000001fa6e88f710 Exception <a 'sun/nio/fs/WindowsException'{0x00000007325fe1a0}> (0x00000007325fe1a0) 
thrown [s\open\src\hotspot\share\prims\jni.cpp, line 520]
Event: 22.396 Thread 0x000001fa6e88f710 Exception <a 'sun/nio/fs/WindowsException'{0x00000007325fe6a8}> (0x00000007325fe6a8) 
thrown [s\open\src\hotspot\share\prims\jni.cpp, line 520]
Event: 22.396 Thread 0x000001fa6e88f710 Exception <a 'sun/nio/fs/WindowsException'{0x00000007325feb68}> (0x00000007325feb68) 
thrown [s\open\src\hotspot\share\prims\jni.cpp, line 520]
Event: 22.420 Thread 0x000001fa6e88f710 Exception <a 'java/lang/NoSuchMethodError'{0x0000000732270660}: 'void java.lang.invoke.DirectMethodHandle$Holder.invokeStatic(java.lang.Object, java.lang.Object, java.lang.Object)'> (0x0000000732270660) 
thrown [s\open\src\hotspot\share\interpreter\linkResolver.cpp, line 774]
Event: 26.624 Thread 0x000001fa6e88f710 Exception <a 'java/lang/NoSuchMethodError'{0x0000000732022b08}: 'java.lang.Object java.lang.invoke.DirectMethodHandle$Holder.invokeSpecialIFC(java.lang.Object, java.lang.Object, java.lang.Object, java.lang.Object)'> (0x0000000732022b08) 
thrown [s\open\src\hotspot\share\interpreter\linkResolver.cpp, line 774]
Event: 35.004 Thread 0x000001fa6e88f710 Exception <a 'java/lang/NoSuchMethodError'{0x0000000731d92710}: 'void java.lang.invoke.DirectMethodHandle$Holder.invokeSpecial(java.lang.Object, java.lang.Object, java.lang.Object)'> (0x0000000731d92710) 
thrown [s\open\src\hotspot\share\interpreter\linkResolver.cpp, line 774]
Event: 35.933 Thread 0x000001fa6e88f710 Exception <a 'java/lang/NoSuchMethodError'{0x0000000731ad3788}: 'java.lang.Object java.lang.invoke.DirectMethodHandle$Holder.invokeInterface(java.lang.Object, java.lang.Object)'> (0x0000000731ad3788) 
thrown [s\open\src\hotspot\share\interpreter\linkResolver.cpp, line 774]
Event: 36.987 Thread 0x000001fa6e88f710 Exception <a 'java/lang/NoSuchMethodError'{0x0000000731b656d8}: 'int java.lang.invoke.DirectMethodHandle$Holder.invokeStatic(java.lang.Object, java.lang.Object, java.lang.Object, java.lang.Object)'> (0x0000000731b656d8) 
thrown [s\open\src\hotspot\share\interpreter\linkResolver.cpp, line 774]
Event: 36.987 Thread 0x000001fa6e88f710 Exception <a 'java/lang/NoSuchMethodError'{0x0000000731b68d98}: 'java.lang.Object java.lang.invoke.Invokers$Holder.invokeExact_MT(java.lang.Object, java.lang.Object, java.lang.Object, java.lang.Object, java.lang.Object, java.lang.Object)'> (0x0000000731b68d98) 
thrown [s\open\src\hotspot\share\interpreter\linkResolver.cpp, line 774]
Event: 36.991 Thread 0x000001fa6e88f710 Exception <a 'java/lang/NoSuchMethodError'{0x0000000731b77808}: 'int java.lang.invoke.DirectMethodHandle$Holder.invokeSpecialIFC(java.lang.Object, java.lang.Object, java.lang.Object, java.lang.Object, java.lang.Object)'> (0x0000000731b77808) 
thrown [s\open\src\hotspot\share\interpreter\linkResolver.cpp, line 774]
Event: 38.400 Thread 0x000001fa6e88f710 Exception <a 'java/lang/NoSuchMethodError'{0x00000007318ede20}: 'java.lang.Object java.lang.invoke.DirectMethodHandle$Holder.newInvokeSpecial(java.lang.Object, java.lang.Object, java.lang.Object, java.lang.Object, java.lang.Object)'> (0x00000007318ede20) 
thrown [s\open\src\hotspot\share\interpreter\linkResolver.cpp, line 774]
Event: 40.140 Thread 0x000001fa6e88f710 Exception <a 'java/lang/NoSuchMethodError'{0x00000007319e42a0}: 'int java.lang.invoke.DirectMethodHandle$Holder.invokeStaticInit(java.lang.Object, java.lang.Object)'> (0x00000007319e42a0) 
thrown [s\open\src\hotspot\share\interpreter\linkResolver.cpp, line 774]
Event: 40.379 Thread 0x000001fa6e88f710 Exception <a 'java/lang/NoClassDefFoundError'{0x0000000731619090}: javax/enterprise/inject/Typed> (0x0000000731619090) 
thrown [s\open\src\hotspot\share\classfile\systemDictionary.cpp, line 302]

ZGC Phase Switch (0 events):
No events

VM Operations (20 events):
Event: 28.036 Executing VM operation: Cleanup
Event: 28.337 Executing VM operation: Cleanup done
Event: 30.350 Executing VM operation: Cleanup
Event: 30.350 Executing VM operation: Cleanup done
Event: 31.364 Executing VM operation: Cleanup
Event: 31.572 Executing VM operation: Cleanup done
Event: 32.585 Executing VM operation: Cleanup
Event: 33.060 Executing VM operation: Cleanup done
Event: 34.061 Executing VM operation: Cleanup
Event: 34.061 Executing VM operation: Cleanup done
Event: 35.064 Executing VM operation: Cleanup
Event: 35.079 Executing VM operation: Cleanup done
Event: 36.093 Executing VM operation: Cleanup
Event: 36.093 Executing VM operation: Cleanup done
Event: 37.105 Executing VM operation: Cleanup
Event: 37.275 Executing VM operation: Cleanup done
Event: 38.278 Executing VM operation: Cleanup
Event: 38.324 Executing VM operation: Cleanup done
Event: 39.333 Executing VM operation: Cleanup
Event: 39.879 Executing VM operation: Cleanup done

Events (15 events):
Event: 3.351 Thread 0x000001fa6e88f710 Thread added: 0x000001fa6e88f710
Event: 3.527 Thread 0x000001fa0f3d4e20 Thread added: 0x000001fa0f3d4e20
Event: 3.529 Thread 0x000001fa0f3d5880 Thread added: 0x000001fa0f3d5880
Event: 3.529 Thread 0x000001fa0f3d62e0 Thread added: 0x000001fa0f3d62e0
Event: 3.529 Thread 0x000001fa0f3d7d50 Thread added: 0x000001fa0f3d7d50
Event: 3.529 Thread 0x000001fa0f3dc7d0 Thread added: 0x000001fa0f3dc7d0
Event: 3.529 Thread 0x000001fa0f3dd230 Thread added: 0x000001fa0f3dd230
Event: 3.529 Thread 0x000001fa0f3ddfc0 Thread added: 0x000001fa0f3ddfc0
Event: 3.668 Thread 0x000001fa0f592460 Thread added: 0x000001fa0f592460
Event: 3.835 Thread 0x000001fa0f6713c0 Thread added: 0x000001fa0f6713c0
Event: 3.838 Thread 0x000001fa0f676260 Thread added: 0x000001fa0f676260
Event: 5.194 Thread 0x000001fa0f7a3970 Thread added: 0x000001fa0f7a3970
Event: 8.161 Thread 0x000001fa0f7a3970 Thread exited: 0x000001fa0f7a3970
Event: 31.115 Thread 0x000001fa0f95e780 Thread added: 0x000001fa0f95e780
Event: 31.581 Thread 0x000001fa0f95e780 Thread exited: 0x000001fa0f95e780


Dynamic libraries:
0x00007ff7ed1d0000 - 0x00007ff7ed1e0000 	C:\Program Files\Java\jdk-22\bin\java.exe
0x00007ffc3f9d0000 - 0x00007ffc3fbe7000 	C:\WINDOWS\SYSTEM32\ntdll.dll
0x00007ffc3e920000 - 0x00007ffc3e9e4000 	C:\WINDOWS\System32\KERNEL32.DLL
0x00007ffc3cf80000 - 0x00007ffc3d327000 	C:\WINDOWS\System32\KERNELBASE.dll
0x00007ffc3ce60000 - 0x00007ffc3cf71000 	C:\WINDOWS\System32\ucrtbase.dll
0x00007ffc0f400000 - 0x00007ffc0f417000 	C:\Program Files\Java\jdk-22\bin\jli.dll
0x00007ffc3e9f0000 - 0x00007ffc3eaa2000 	C:\WINDOWS\System32\ADVAPI32.dll
0x00007ffc3eab0000 - 0x00007ffc3eb57000 	C:\WINDOWS\System32\msvcrt.dll
0x00007ffc3dbc0000 - 0x00007ffc3dc68000 	C:\WINDOWS\System32\sechost.dll
0x00007ffc3ce30000 - 0x00007ffc3ce58000 	C:\WINDOWS\System32\bcrypt.dll
0x00007ffc3f650000 - 0x00007ffc3f765000 	C:\WINDOWS\System32\RPCRT4.dll
0x00007ffc3e520000 - 0x00007ffc3e6ce000 	C:\WINDOWS\System32\USER32.dll
0x00007ffc3d4c0000 - 0x00007ffc3d4e6000 	C:\WINDOWS\System32\win32u.dll
0x00007ffc3db70000 - 0x00007ffc3db99000 	C:\WINDOWS\System32\GDI32.dll
0x00007ffc3d3a0000 - 0x00007ffc3d4b9000 	C:\WINDOWS\System32\gdi32full.dll
0x00007ffc3d4f0000 - 0x00007ffc3d58a000 	C:\WINDOWS\System32\msvcp_win.dll
0x00007ffbf78f0000 - 0x00007ffbf790b000 	C:\Program Files\Java\jdk-22\bin\VCRUNTIME140.dll
0x00007ffc10350000 - 0x00007ffc105e3000 	C:\WINDOWS\WinSxS\amd64_microsoft.windows.common-controls_6595b64144ccf1df_6.0.22621.3527_none_270e469b73872a76\COMCTL32.dll
0x00007ffc343d0000 - 0x00007ffc343da000 	C:\WINDOWS\SYSTEM32\VERSION.dll
0x00007ffc3f2b0000 - 0x00007ffc3f2e1000 	C:\WINDOWS\System32\IMM32.DLL
0x00007ffc0e880000 - 0x00007ffc0e88c000 	C:\Program Files\Java\jdk-22\bin\vcruntime140_1.dll
0x00007ffbd0ad0000 - 0x00007ffbd0b5e000 	C:\Program Files\Java\jdk-22\bin\msvcp140.dll
0x00007ffba99a0000 - 0x00007ffbaa6e8000 	C:\Program Files\Java\jdk-22\bin\server\jvm.dll
0x00007ffc3e6d0000 - 0x00007ffc3e741000 	C:\WINDOWS\System32\WS2_32.dll
0x00007ffc3cbb0000 - 0x00007ffc3cbfd000 	C:\WINDOWS\SYSTEM32\POWRPROF.dll
0x00007ffc345c0000 - 0x00007ffc345f4000 	C:\WINDOWS\SYSTEM32\WINMM.dll
0x00007ffc3cb90000 - 0x00007ffc3cba3000 	C:\WINDOWS\SYSTEM32\UMPDC.dll
0x00007ffc3bcd0000 - 0x00007ffc3bce8000 	C:\WINDOWS\SYSTEM32\kernel.appcore.dll
0x00007ffbf77d0000 - 0x00007ffbf77da000 	C:\Program Files\Java\jdk-22\bin\jimage.dll
0x00007ffc3a670000 - 0x00007ffc3a8a2000 	C:\WINDOWS\SYSTEM32\DBGHELP.DLL
0x00007ffc3d700000 - 0x00007ffc3da88000 	C:\WINDOWS\System32\combase.dll
0x00007ffc3da90000 - 0x00007ffc3db67000 	C:\WINDOWS\System32\OLEAUT32.dll
0x00007ffc2a930000 - 0x00007ffc2a962000 	C:\WINDOWS\SYSTEM32\dbgcore.DLL
0x00007ffc3cdb0000 - 0x00007ffc3ce29000 	C:\WINDOWS\System32\bcryptPrimitives.dll
0x00007ffbf78d0000 - 0x00007ffbf78ee000 	C:\Program Files\Java\jdk-22\bin\java.dll
0x00007ffc3dc70000 - 0x00007ffc3e4cc000 	C:\WINDOWS\System32\SHELL32.dll
0x00007ffc3f2f0000 - 0x00007ffc3f495000 	C:\WINDOWS\System32\ole32.dll
0x00007ffc3abe0000 - 0x00007ffc3b4d6000 	C:\WINDOWS\SYSTEM32\windows.storage.dll
0x00007ffc3aaa0000 - 0x00007ffc3abde000 	C:\WINDOWS\SYSTEM32\wintypes.dll
0x00007ffc3ed30000 - 0x00007ffc3ee25000 	C:\WINDOWS\System32\SHCORE.dll
0x00007ffc3ec60000 - 0x00007ffc3ecbe000 	C:\WINDOWS\System32\shlwapi.dll
0x00007ffc3cc20000 - 0x00007ffc3cc41000 	C:\WINDOWS\SYSTEM32\profapi.dll
0x00007ffbdd120000 - 0x00007ffbdd1f7000 	C:\Program Files\Java\jdk-22\bin\jsvml.dll
0x00007ffbf77c0000 - 0x00007ffbf77d0000 	C:\Program Files\Java\jdk-22\bin\net.dll
0x00007ffc3c130000 - 0x00007ffc3c199000 	C:\WINDOWS\system32\mswsock.dll
0x00007ffbdd100000 - 0x00007ffbdd116000 	C:\Program Files\Java\jdk-22\bin\nio.dll
0x00007ffbdd0e0000 - 0x00007ffbdd0f7000 	C:\Program Files\Java\jdk-22\bin\zip.dll
0x0000000069ac0000 - 0x0000000069ae4000 	C:\Program Files\NetBeans-21\netbeans\java\maven\lib\jansi-native\Windows\x86_64\jansi.dll
0x00007ffbf77b0000 - 0x00007ffbf77c0000 	C:\Program Files\Java\jdk-22\bin\verify.dll

dbghelp: loaded successfully - version: 4.0.5 - missing functions: none
symbol engine: initialized successfully - sym options: 0x614 - pdb path: .;C:\Program Files\Java\jdk-22\bin;C:\WINDOWS\SYSTEM32;C:\WINDOWS\WinSxS\amd64_microsoft.windows.common-controls_6595b64144ccf1df_6.0.22621.3527_none_270e469b73872a76;C:\Program Files\Java\jdk-22\bin\server;C:\Program Files\NetBeans-21\netbeans\java\maven\lib\jansi-native\Windows\x86_64

VM Arguments:
jvm_args: -Dclassworlds.conf=C:\Program Files\NetBeans-21\netbeans\java\maven\bin\m2.conf -Dmaven.home=C:\Program Files\NetBeans-21\netbeans\java\maven -Dlibrary.jansi.path=C:\Program Files\NetBeans-21\netbeans\java\maven\lib\jansi-native -Dmaven.multiModuleProjectDirectory=C:\Users\ADMIN\OneDrive\Documents\GitHub\Management_Project_Java\mavenproject1 
java_command: org.codehaus.plexus.classworlds.launcher.Launcher -Dexec.vmArgs=--enable-preview -Dexec.args=${exec.vmArgs} -classpath %classpath ${exec.mainClass} ${exec.appArgs} -Dexec.appArgs= -Dexec.mainClass=GUI.Login -Dexec.executable=C:\Program Files\Java\jdk-22\bin\java.exe -Dmaven.ext.class.path=C:\Program Files\NetBeans-21\netbeans\java\maven-nblib\netbeans-eventspy.jar --no-transfer-progress process-classes org.codehaus.mojo:exec-maven-plugin:3.1.0:exec
java_class_path (initial): C:\Program Files\NetBeans-21\netbeans\java\maven\boot\plexus-classworlds-2.7.0.jar
Launcher Type: SUN_STANDARD

[Global flags]
     intx CICompilerCount                          = 4                                         {product} {ergonomic}
     uint ConcGCThreads                            = 3                                         {product} {ergonomic}
     uint G1ConcRefinementThreads                  = 10                                        {product} {ergonomic}
   size_t G1HeapRegionSize                         = 2097152                                   {product} {ergonomic}
   size_t InitialHeapSize                          = 230686720                                 {product} {ergonomic}
   size_t MarkStackSize                            = 4194304                                   {product} {ergonomic}
   size_t MaxHeapSize                              = 3676307456                                {product} {ergonomic}
   size_t MaxNewSize                               = 2204106752                                {product} {ergonomic}
   size_t MinHeapDeltaBytes                        = 2097152                                   {product} {ergonomic}
   size_t MinHeapSize                              = 8388608                                   {product} {ergonomic}
    uintx NonNMethodCodeHeapSize                   = 5839372                                {pd product} {ergonomic}
    uintx NonProfiledCodeHeapSize                  = 122909434                              {pd product} {ergonomic}
    uintx ProfiledCodeHeapSize                     = 122909434                              {pd product} {ergonomic}
    uintx ReservedCodeCacheSize                    = 251658240                              {pd product} {ergonomic}
     bool SegmentedCodeCache                       = true                                      {product} {ergonomic}
   size_t SoftMaxHeapSize                          = 3676307456                             {manageable} {ergonomic}
     bool UseCompressedOops                        = true                           {product lp64_product} {ergonomic}
     bool UseG1GC                                  = true                                      {product} {ergonomic}
     bool UseLargePagesIndividualAllocation        = false                                  {pd product} {ergonomic}

Logging:
Log output configuration:
 #0: stdout all=warning uptime,level,tags foldmultilines=false
 #1: stderr all=off uptime,level,tags foldmultilines=false

Environment Variables:
JAVA_HOME=C:\Program Files\Java\jdk-22
PATH=C:\Program Files (x86)\VMware\VMware Workstation\bin\;C:\Program Files\Common Files\Oracle\Java\javapath;C:\Program Files (x86)\Common Files\Oracle\Java\javapath;C:\Windows\system32;C:\Windows;C:\Windows\System32\Wbem;C:\Windows\System32\WindowsPowerShell\v1.0\;C:\Windows\System32\OpenSSH\;C:\Program Files (x86)\NVIDIA Corporation\PhysX\Common;C:\Program Files\NVIDIA Corporation\NVIDIA NvDLISR;C:\msys64\mingw64\bin;C:\WINDOWS\system32;C:\WINDOWS;C:\WINDOWS\System32\Wbem;C:\WINDOWS\System32\WindowsPowerShell\v1.0\;C:\WINDOWS\System32\OpenSSH\;C:\Program Files (x86)\Microsoft SQL Server\110\Tools\Binn\;C:\Program Files\Microsoft SQL Server\110\Tools\Binn\;C:\Program Files\Microsoft SQL Server\110\DTS\Binn\;C:\Program Files (x86)\Microsoft SQL Server\110\Tools\Binn\ManagementStudio\;C:\Program Files (x86)\Microsoft SQL Server\110\DTS\Binn\;C:\Program Files\Microsoft SQL Server\150\Tools\Binn\;C:\Program Files\Microsoft SQL Server\Client SDK\ODBC\170\Tools\Binn\;C:\Program Files\dotnet\;C:\Program Files\Git\cmd;C:\Users\ADMIN\AppData\Local\Programs\Python\Python312\Scripts\;C:\Users\ADMIN\AppData\Local\Programs\Python\Python312\;C:\Users\ADMIN\AppData\Local\Programs\Python\Launcher\;C:\Users\ADMIN\AppData\Local\Microsoft\WindowsApps;C:\Users\ADMIN\.dotnet\tools;C:\Users\ADMIN\AppData\Local\Programs\Microsoft VS Code\bin;C:\Users\ADMIN\AppData\Local\GitHubDesktop\bin;C:\Program Files\Java\jdk-22\bin;
USERNAME=ADMIN
OS=Windows_NT
PROCESSOR_IDENTIFIER=AMD64 Family 25 Model 68 Stepping 1, AuthenticAMD
TMP=C:\Users\ADMIN\AppData\Local\Temp
TEMP=C:\Users\ADMIN\AppData\Local\Temp




Periodic native trim disabled

---------------  S Y S T E M  ---------------

OS:
 Windows 11 , 64 bit Build 22621 (10.0.22621.3527)
OS uptime: 1 days 1:44 hours
Hyper-V role detected

CPU: total 12 (initial active 12) (12 cores per cpu, 2 threads per core) family 25 model 68 stepping 1 microcode 0x0, cx8, cmov, fxsr, ht, mmx, 3dnowpref, sse, sse2, sse3, ssse3, sse4a, sse4.1, sse4.2, popcnt, lzcnt, tsc, tscinvbit, avx, avx2, aes, erms, clmul, bmi1, bmi2, adx, sha, fma, vzeroupper, clflush, clflushopt, hv, rdtscp, rdpid, fsrm, f16c, cet_ss
Processor Information for processor 0
  Max Mhz: 3301, Current Mhz: 3301, Mhz Limit: 3301
Processor Information for processor 1
  Max Mhz: 3301, Current Mhz: 2503, Mhz Limit: 3301
Processor Information for processor 2
  Max Mhz: 3301, Current Mhz: 3301, Mhz Limit: 3301
Processor Information for processor 3
  Max Mhz: 3301, Current Mhz: 3301, Mhz Limit: 3301
Processor Information for processor 4
  Max Mhz: 3301, Current Mhz: 3301, Mhz Limit: 3301
Processor Information for processor 5
  Max Mhz: 3301, Current Mhz: 3301, Mhz Limit: 3301
Processor Information for processor 6
  Max Mhz: 3301, Current Mhz: 2503, Mhz Limit: 3301
Processor Information for processor 7
  Max Mhz: 3301, Current Mhz: 3301, Mhz Limit: 3301
Processor Information for processor 8
  Max Mhz: 3301, Current Mhz: 2503, Mhz Limit: 3301
Processor Information for processor 9
  Max Mhz: 3301, Current Mhz: 3301, Mhz Limit: 3301
Processor Information for processor 10
  Max Mhz: 3301, Current Mhz: 3301, Mhz Limit: 3301
Processor Information for processor 11
  Max Mhz: 3301, Current Mhz: 3301, Mhz Limit: 3301

Memory: 4k page, system-wide physical 14020M (1287M free)
TotalPageFile size 57028M (AvailPageFile size 4488M)
current process WorkingSet (physical memory assigned to process): 49M, peak: 65M
current process commit charge ("private bytes"): 319M, peak: 319M

vm_info: Java HotSpot(TM) 64-Bit Server VM (22+36-2370) for windows-amd64 JRE (22+36-2370), built on 2024-02-15T22:15:19Z by "mach5one" with MS VC++ 17.6 (VS2022)

END.
