#
# There is insufficient memory for the Java Runtime Environment to continue.
# Native memory allocation (mmap) failed to map 65536 bytes. Error detail: Failed to commit metaspace.
# Possible reasons:
#   The system is out of physical RAM or swap space
#   This process is running with CompressedOops enabled, and the Java Heap may be blocking the growth of the native heap
# Possible solutions:
#   Reduce memory load on the system
#   Increase physical memory or swap space
#   Check if swap backing store is full
#   Decrease Java heap size (-Xmx/-Xms)
#   Decrease number of Java threads
#   Decrease Java thread stack sizes (-Xss)
#   Set larger code cache with -XX:ReservedCodeCacheSize=
#   JVM is running with Zero Based Compressed Oops mode in which the Java heap is
#     placed in the first 32GB address space. The Java Heap base address is the
#     maximum limit for the native heap growth. Please use -XX:HeapBaseMinAddress
#     to set the Java Heap base and to place the Java Heap above 32GB virtual address.
# This output file may be truncated or incomplete.
#
#  Out of Memory Error (virtualSpaceNode.cpp:112), pid=40560, tid=42708
#
# JRE version: Java(TM) SE Runtime Environment (22.0+36) (build 22+36-2370)
# Java VM: Java HotSpot(TM) 64-Bit Server VM (22+36-2370, mixed mode, sharing, tiered, compressed oops, compressed class ptrs, g1 gc, windows-amd64)
# No core dump will be written. Minidumps are not enabled by default on client versions of Windows
#

---------------  S U M M A R Y ------------

Command Line: -Dclassworlds.conf=C:\Program Files\NetBeans-21\netbeans\java\maven\bin\m2.conf -Dmaven.home=C:\Program Files\NetBeans-21\netbeans\java\maven -Dlibrary.jansi.path=C:\Program Files\NetBeans-21\netbeans\java\maven\lib\jansi-native -Dmaven.multiModuleProjectDirectory=C:\Users\ADMIN\OneDrive\Documents\GitHub\Management_Project_Java\mavenproject1 org.codehaus.plexus.classworlds.launcher.Launcher -Dexec.vmArgs=--enable-preview -Dexec.args=${exec.vmArgs} -classpath %classpath ${exec.mainClass} ${exec.appArgs} -Dexec.appArgs= -Dexec.mainClass=GUI.Login -Dexec.executable=C:\Program Files\Java\jdk-22\bin\java.exe -Dmaven.ext.class.path=C:\Program Files\NetBeans-21\netbeans\java\maven-nblib\netbeans-eventspy.jar --no-transfer-progress process-classes org.codehaus.mojo:exec-maven-plugin:3.1.0:exec

Host: AMD Ryzen 5 6600HS Creator Edition             , 12 cores, 13G,  Windows 11 , 64 bit Build 22621 (10.0.22621.3527)
Time: Thu May 16 16:18:43 2024 SE Asia Standard Time elapsed time: 16.654086 seconds (0d 0h 0m 16s)

---------------  T H R E A D  ---------------

Current thread (0x000001beff2acc60):  JavaThread "C1 CompilerThread0" daemon [_thread_in_vm, id=42708, stack(0x00000074d9a00000,0x00000074d9b00000) (1024K)]


Current CompileTask:
C1:16654  716       3       java.security.CodeSource::<init> (52 bytes)

Stack: [0x00000074d9a00000,0x00000074d9b00000]
Native frames: (J=compiled Java code, j=interpreted, Vv=VM code, C=native code)
V  [jvm.dll+0x6e2349]  (no source info available)
V  [jvm.dll+0x874ed3]  (no source info available)
V  [jvm.dll+0x8772fe]  (no source info available)
V  [jvm.dll+0x8779d3]  (no source info available)
V  [jvm.dll+0x27fcb6]  (no source info available)
V  [jvm.dll+0x870b1e]  (no source info available)
V  [jvm.dll+0x6853b5]  (no source info available)
V  [jvm.dll+0x68541a]  (no source info available)
V  [jvm.dll+0x687c5a]  (no source info available)
V  [jvm.dll+0x22509c]  (no source info available)
V  [jvm.dll+0x685dce]  (no source info available)
V  [jvm.dll+0x6974aa]  (no source info available)
V  [jvm.dll+0x690332]  (no source info available)
V  [jvm.dll+0x1f1c50]  (no source info available)
V  [jvm.dll+0x1f1e38]  (no source info available)
V  [jvm.dll+0x153462]  (no source info available)
V  [jvm.dll+0x1538a0]  (no source info available)
V  [jvm.dll+0x152c1d]  (no source info available)
V  [jvm.dll+0x154add]  (no source info available)
V  [jvm.dll+0x25699e]  (no source info available)
V  [jvm.dll+0x254c5a]  (no source info available)
V  [jvm.dll+0x3f5426]  (no source info available)
V  [jvm.dll+0x81d50b]  (no source info available)
V  [jvm.dll+0x6e09e5]  (no source info available)
C  [ucrtbase.dll+0x29333]  (no source info available)
C  [KERNEL32.DLL+0x1257d]  (no source info available)
C  [ntdll.dll+0x5aa48]  (no source info available)


---------------  P R O C E S S  ---------------

Threads class SMR info:
_java_thread_list=0x000001bec520dfb0, length=11, elements={
0x000001bede6f21a0, 0x000001beff29f5e0, 0x000001beff2a0500, 0x000001beff2a22d0,
0x000001beff2a3f40, 0x000001beff2a69b0, 0x000001beff2a7410, 0x000001beff2a81a0,
0x000001beff2acc60, 0x000001bec5241a80, 0x000001bec52470c0
}

Java Threads: ( => current thread )
  0x000001bede6f21a0 JavaThread "main"                              [_thread_in_vm, id=41688, stack(0x00000074d8b00000,0x00000074d8c00000) (1024K)]
  0x000001beff29f5e0 JavaThread "Reference Handler"          daemon [_thread_blocked, id=42680, stack(0x00000074d9300000,0x00000074d9400000) (1024K)]
  0x000001beff2a0500 JavaThread "Finalizer"                  daemon [_thread_blocked, id=42684, stack(0x00000074d9400000,0x00000074d9500000) (1024K)]
  0x000001beff2a22d0 JavaThread "Signal Dispatcher"          daemon [_thread_blocked, id=42688, stack(0x00000074d9500000,0x00000074d9600000) (1024K)]
  0x000001beff2a3f40 JavaThread "Attach Listener"            daemon [_thread_blocked, id=42692, stack(0x00000074d9600000,0x00000074d9700000) (1024K)]
  0x000001beff2a69b0 JavaThread "Service Thread"             daemon [_thread_blocked, id=42696, stack(0x00000074d9700000,0x00000074d9800000) (1024K)]
  0x000001beff2a7410 JavaThread "Monitor Deflation Thread"   daemon [_thread_blocked, id=42700, stack(0x00000074d9800000,0x00000074d9900000) (1024K)]
  0x000001beff2a81a0 JavaThread "C2 CompilerThread0"         daemon [_thread_blocked, id=42704, stack(0x00000074d9900000,0x00000074d9a00000) (1024K)]
=>0x000001beff2acc60 JavaThread "C1 CompilerThread0"         daemon [_thread_in_vm, id=42708, stack(0x00000074d9a00000,0x00000074d9b00000) (1024K)]
  0x000001bec5241a80 JavaThread "Notification Thread"        daemon [_thread_blocked, id=42712, stack(0x00000074d9b00000,0x00000074d9c00000) (1024K)]
  0x000001bec52470c0 JavaThread "Common-Cleaner"             daemon [_thread_blocked, id=42792, stack(0x00000074d9c00000,0x00000074d9d00000) (1024K)]
Total: 11

Other Threads:
  0x000001beff281520 VMThread "VM Thread"                           [id=42676, stack(0x00000074d9200000,0x00000074d9300000) (1024K)] _threads_hazard_ptr=0x000001bec520dfb0
  0x000001beff269ee0 WatcherThread "VM Periodic Task Thread"        [id=42672, stack(0x00000074d9100000,0x00000074d9200000) (1024K)]
  0x000001bee096c8d0 WorkerThread "GC Thread#0"                     [id=42156, stack(0x00000074d8c00000,0x00000074d8d00000) (1024K)]
  0x000001bee097b3d0 ConcurrentGCThread "G1 Main Marker"            [id=42160, stack(0x00000074d8d00000,0x00000074d8e00000) (1024K)]
  0x000001bee097bee0 WorkerThread "G1 Conc#0"                       [id=42164, stack(0x00000074d8e00000,0x00000074d8f00000) (1024K)]
  0x000001beff13d0e0 ConcurrentGCThread "G1 Refine#0"               [id=42200, stack(0x00000074d8f00000,0x00000074d9000000) (1024K)]
  0x000001beff13db70 ConcurrentGCThread "G1 Service"                [id=42204, stack(0x00000074d9000000,0x00000074d9100000) (1024K)]
Total: 7

Threads with active compile tasks:
C1 CompilerThread0  45892  716       3       java.security.CodeSource::<init> (52 bytes)
Total: 1

VM state: synchronizing (normal execution)

VM Mutex/Monitor currently owned by a thread:  ([mutex/lock_event])
[0x00007ffbaa60ab48] Metaspace_lock - owner thread: 0x000001beff2acc60
[0x00007ffbaa60cbc8] Threads_lock - owner thread: 0x000001beff281520

Heap address: 0x0000000724e00000, size: 3506 MB, Compressed Oops mode: Zero based, Oop shift amount: 3

CDS archive(s) mapped at: [0x000001be80000000-0x000001be80c60000-0x000001be80c60000), size 12976128, SharedBaseAddress: 0x000001be80000000, ArchiveRelocationMode: 1.
Compressed class space mapped at: 0x000001be81000000-0x000001bec1000000, reserved size: 1073741824
Narrow klass base: 0x000001be80000000, Narrow klass shift: 0, Narrow klass range: 0x41000000

GC Precious Log:
 CardTable entry size: 512
 Card Set container configuration: InlinePtr #cards 4 size 8 Array Of Cards #cards 16 size 48 Howl #buckets 8 coarsen threshold 3686 Howl Bitmap #cards 512 size 80 coarsen threshold 460 Card regions per heap region 1 cards per card region 4096
 CPUs: 12 total, 12 available
 Memory: 14020M
 Large Page Support: Disabled
 NUMA Support: Disabled
 Compressed Oops: Enabled (Zero based)
 Heap Region Size: 2M
 Heap Min Capacity: 8M
 Heap Initial Capacity: 220M
 Heap Max Capacity: 3506M
 Pre-touch: Disabled
 Parallel Workers: 10
 Concurrent Workers: 3
 Concurrent Refinement Workers: 10
 Periodic GC: Disabled

Heap:
 garbage-first heap   total reserved 3590144K, committed 225280K, used 10240K [0x0000000724e00000, 0x0000000800000000)
  region size 2048K, 6 young (12288K), 0 survivors (0K)
 Metaspace       used 2981K, committed 3136K, reserved 1114112K
  class space    used 304K, committed 384K, reserved 1048576K

Heap Regions: E=young(eden), S=young(survivor), O=old, HS=humongous(starts), HC=humongous(continues), CS=collection set, F=free, TAMS=top-at-mark-start, PB=parsable bottom
|   0|0x0000000724e00000, 0x0000000724e00000, 0x0000000725000000|  0%| F|  |TAMS 0x0000000724e00000| PB 0x0000000724e00000| Untracked |  0
|   1|0x0000000725000000, 0x0000000725000000, 0x0000000725200000|  0%| F|  |TAMS 0x0000000725000000| PB 0x0000000725000000| Untracked |  0
|   2|0x0000000725200000, 0x0000000725200000, 0x0000000725400000|  0%| F|  |TAMS 0x0000000725200000| PB 0x0000000725200000| Untracked |  0
|   3|0x0000000725400000, 0x0000000725400000, 0x0000000725600000|  0%| F|  |TAMS 0x0000000725400000| PB 0x0000000725400000| Untracked |  0
|   4|0x0000000725600000, 0x0000000725600000, 0x0000000725800000|  0%| F|  |TAMS 0x0000000725600000| PB 0x0000000725600000| Untracked |  0
|   5|0x0000000725800000, 0x0000000725800000, 0x0000000725a00000|  0%| F|  |TAMS 0x0000000725800000| PB 0x0000000725800000| Untracked |  0
|   6|0x0000000725a00000, 0x0000000725a00000, 0x0000000725c00000|  0%| F|  |TAMS 0x0000000725a00000| PB 0x0000000725a00000| Untracked |  0
|   7|0x0000000725c00000, 0x0000000725c00000, 0x0000000725e00000|  0%| F|  |TAMS 0x0000000725c00000| PB 0x0000000725c00000| Untracked |  0
|   8|0x0000000725e00000, 0x0000000725e00000, 0x0000000726000000|  0%| F|  |TAMS 0x0000000725e00000| PB 0x0000000725e00000| Untracked |  0
|   9|0x0000000726000000, 0x0000000726000000, 0x0000000726200000|  0%| F|  |TAMS 0x0000000726000000| PB 0x0000000726000000| Untracked |  0
|  10|0x0000000726200000, 0x0000000726200000, 0x0000000726400000|  0%| F|  |TAMS 0x0000000726200000| PB 0x0000000726200000| Untracked |  0
|  11|0x0000000726400000, 0x0000000726400000, 0x0000000726600000|  0%| F|  |TAMS 0x0000000726400000| PB 0x0000000726400000| Untracked |  0
|  12|0x0000000726600000, 0x0000000726600000, 0x0000000726800000|  0%| F|  |TAMS 0x0000000726600000| PB 0x0000000726600000| Untracked |  0
|  13|0x0000000726800000, 0x0000000726800000, 0x0000000726a00000|  0%| F|  |TAMS 0x0000000726800000| PB 0x0000000726800000| Untracked |  0
|  14|0x0000000726a00000, 0x0000000726a00000, 0x0000000726c00000|  0%| F|  |TAMS 0x0000000726a00000| PB 0x0000000726a00000| Untracked |  0
|  15|0x0000000726c00000, 0x0000000726c00000, 0x0000000726e00000|  0%| F|  |TAMS 0x0000000726c00000| PB 0x0000000726c00000| Untracked |  0
|  16|0x0000000726e00000, 0x0000000726e00000, 0x0000000727000000|  0%| F|  |TAMS 0x0000000726e00000| PB 0x0000000726e00000| Untracked |  0
|  17|0x0000000727000000, 0x0000000727000000, 0x0000000727200000|  0%| F|  |TAMS 0x0000000727000000| PB 0x0000000727000000| Untracked |  0
|  18|0x0000000727200000, 0x0000000727200000, 0x0000000727400000|  0%| F|  |TAMS 0x0000000727200000| PB 0x0000000727200000| Untracked |  0
|  19|0x0000000727400000, 0x0000000727400000, 0x0000000727600000|  0%| F|  |TAMS 0x0000000727400000| PB 0x0000000727400000| Untracked |  0
|  20|0x0000000727600000, 0x0000000727600000, 0x0000000727800000|  0%| F|  |TAMS 0x0000000727600000| PB 0x0000000727600000| Untracked |  0
|  21|0x0000000727800000, 0x0000000727800000, 0x0000000727a00000|  0%| F|  |TAMS 0x0000000727800000| PB 0x0000000727800000| Untracked |  0
|  22|0x0000000727a00000, 0x0000000727a00000, 0x0000000727c00000|  0%| F|  |TAMS 0x0000000727a00000| PB 0x0000000727a00000| Untracked |  0
|  23|0x0000000727c00000, 0x0000000727c00000, 0x0000000727e00000|  0%| F|  |TAMS 0x0000000727c00000| PB 0x0000000727c00000| Untracked |  0
|  24|0x0000000727e00000, 0x0000000727e00000, 0x0000000728000000|  0%| F|  |TAMS 0x0000000727e00000| PB 0x0000000727e00000| Untracked |  0
|  25|0x0000000728000000, 0x0000000728000000, 0x0000000728200000|  0%| F|  |TAMS 0x0000000728000000| PB 0x0000000728000000| Untracked |  0
|  26|0x0000000728200000, 0x0000000728200000, 0x0000000728400000|  0%| F|  |TAMS 0x0000000728200000| PB 0x0000000728200000| Untracked |  0
|  27|0x0000000728400000, 0x0000000728400000, 0x0000000728600000|  0%| F|  |TAMS 0x0000000728400000| PB 0x0000000728400000| Untracked |  0
|  28|0x0000000728600000, 0x0000000728600000, 0x0000000728800000|  0%| F|  |TAMS 0x0000000728600000| PB 0x0000000728600000| Untracked |  0
|  29|0x0000000728800000, 0x0000000728800000, 0x0000000728a00000|  0%| F|  |TAMS 0x0000000728800000| PB 0x0000000728800000| Untracked |  0
|  30|0x0000000728a00000, 0x0000000728a00000, 0x0000000728c00000|  0%| F|  |TAMS 0x0000000728a00000| PB 0x0000000728a00000| Untracked |  0
|  31|0x0000000728c00000, 0x0000000728c00000, 0x0000000728e00000|  0%| F|  |TAMS 0x0000000728c00000| PB 0x0000000728c00000| Untracked |  0
|  32|0x0000000728e00000, 0x0000000728e00000, 0x0000000729000000|  0%| F|  |TAMS 0x0000000728e00000| PB 0x0000000728e00000| Untracked |  0
|  33|0x0000000729000000, 0x0000000729000000, 0x0000000729200000|  0%| F|  |TAMS 0x0000000729000000| PB 0x0000000729000000| Untracked |  0
|  34|0x0000000729200000, 0x0000000729200000, 0x0000000729400000|  0%| F|  |TAMS 0x0000000729200000| PB 0x0000000729200000| Untracked |  0
|  35|0x0000000729400000, 0x0000000729400000, 0x0000000729600000|  0%| F|  |TAMS 0x0000000729400000| PB 0x0000000729400000| Untracked |  0
|  36|0x0000000729600000, 0x0000000729600000, 0x0000000729800000|  0%| F|  |TAMS 0x0000000729600000| PB 0x0000000729600000| Untracked |  0
|  37|0x0000000729800000, 0x0000000729800000, 0x0000000729a00000|  0%| F|  |TAMS 0x0000000729800000| PB 0x0000000729800000| Untracked |  0
|  38|0x0000000729a00000, 0x0000000729a00000, 0x0000000729c00000|  0%| F|  |TAMS 0x0000000729a00000| PB 0x0000000729a00000| Untracked |  0
|  39|0x0000000729c00000, 0x0000000729c00000, 0x0000000729e00000|  0%| F|  |TAMS 0x0000000729c00000| PB 0x0000000729c00000| Untracked |  0
|  40|0x0000000729e00000, 0x0000000729e00000, 0x000000072a000000|  0%| F|  |TAMS 0x0000000729e00000| PB 0x0000000729e00000| Untracked |  0
|  41|0x000000072a000000, 0x000000072a000000, 0x000000072a200000|  0%| F|  |TAMS 0x000000072a000000| PB 0x000000072a000000| Untracked |  0
|  42|0x000000072a200000, 0x000000072a200000, 0x000000072a400000|  0%| F|  |TAMS 0x000000072a200000| PB 0x000000072a200000| Untracked |  0
|  43|0x000000072a400000, 0x000000072a400000, 0x000000072a600000|  0%| F|  |TAMS 0x000000072a400000| PB 0x000000072a400000| Untracked |  0
|  44|0x000000072a600000, 0x000000072a600000, 0x000000072a800000|  0%| F|  |TAMS 0x000000072a600000| PB 0x000000072a600000| Untracked |  0
|  45|0x000000072a800000, 0x000000072a800000, 0x000000072aa00000|  0%| F|  |TAMS 0x000000072a800000| PB 0x000000072a800000| Untracked |  0
|  46|0x000000072aa00000, 0x000000072aa00000, 0x000000072ac00000|  0%| F|  |TAMS 0x000000072aa00000| PB 0x000000072aa00000| Untracked |  0
|  47|0x000000072ac00000, 0x000000072ac00000, 0x000000072ae00000|  0%| F|  |TAMS 0x000000072ac00000| PB 0x000000072ac00000| Untracked |  0
|  48|0x000000072ae00000, 0x000000072ae00000, 0x000000072b000000|  0%| F|  |TAMS 0x000000072ae00000| PB 0x000000072ae00000| Untracked |  0
|  49|0x000000072b000000, 0x000000072b000000, 0x000000072b200000|  0%| F|  |TAMS 0x000000072b000000| PB 0x000000072b000000| Untracked |  0
|  50|0x000000072b200000, 0x000000072b200000, 0x000000072b400000|  0%| F|  |TAMS 0x000000072b200000| PB 0x000000072b200000| Untracked |  0
|  51|0x000000072b400000, 0x000000072b400000, 0x000000072b600000|  0%| F|  |TAMS 0x000000072b400000| PB 0x000000072b400000| Untracked |  0
|  52|0x000000072b600000, 0x000000072b600000, 0x000000072b800000|  0%| F|  |TAMS 0x000000072b600000| PB 0x000000072b600000| Untracked |  0
|  53|0x000000072b800000, 0x000000072b800000, 0x000000072ba00000|  0%| F|  |TAMS 0x000000072b800000| PB 0x000000072b800000| Untracked |  0
|  54|0x000000072ba00000, 0x000000072ba00000, 0x000000072bc00000|  0%| F|  |TAMS 0x000000072ba00000| PB 0x000000072ba00000| Untracked |  0
|  55|0x000000072bc00000, 0x000000072bc00000, 0x000000072be00000|  0%| F|  |TAMS 0x000000072bc00000| PB 0x000000072bc00000| Untracked |  0
|  56|0x000000072be00000, 0x000000072be00000, 0x000000072c000000|  0%| F|  |TAMS 0x000000072be00000| PB 0x000000072be00000| Untracked |  0
|  57|0x000000072c000000, 0x000000072c000000, 0x000000072c200000|  0%| F|  |TAMS 0x000000072c000000| PB 0x000000072c000000| Untracked |  0
|  58|0x000000072c200000, 0x000000072c200000, 0x000000072c400000|  0%| F|  |TAMS 0x000000072c200000| PB 0x000000072c200000| Untracked |  0
|  59|0x000000072c400000, 0x000000072c400000, 0x000000072c600000|  0%| F|  |TAMS 0x000000072c400000| PB 0x000000072c400000| Untracked |  0
|  60|0x000000072c600000, 0x000000072c600000, 0x000000072c800000|  0%| F|  |TAMS 0x000000072c600000| PB 0x000000072c600000| Untracked |  0
|  61|0x000000072c800000, 0x000000072c800000, 0x000000072ca00000|  0%| F|  |TAMS 0x000000072c800000| PB 0x000000072c800000| Untracked |  0
|  62|0x000000072ca00000, 0x000000072ca00000, 0x000000072cc00000|  0%| F|  |TAMS 0x000000072ca00000| PB 0x000000072ca00000| Untracked |  0
|  63|0x000000072cc00000, 0x000000072cc00000, 0x000000072ce00000|  0%| F|  |TAMS 0x000000072cc00000| PB 0x000000072cc00000| Untracked |  0
|  64|0x000000072ce00000, 0x000000072ce00000, 0x000000072d000000|  0%| F|  |TAMS 0x000000072ce00000| PB 0x000000072ce00000| Untracked |  0
|  65|0x000000072d000000, 0x000000072d000000, 0x000000072d200000|  0%| F|  |TAMS 0x000000072d000000| PB 0x000000072d000000| Untracked |  0
|  66|0x000000072d200000, 0x000000072d200000, 0x000000072d400000|  0%| F|  |TAMS 0x000000072d200000| PB 0x000000072d200000| Untracked |  0
|  67|0x000000072d400000, 0x000000072d400000, 0x000000072d600000|  0%| F|  |TAMS 0x000000072d400000| PB 0x000000072d400000| Untracked |  0
|  68|0x000000072d600000, 0x000000072d600000, 0x000000072d800000|  0%| F|  |TAMS 0x000000072d600000| PB 0x000000072d600000| Untracked |  0
|  69|0x000000072d800000, 0x000000072d800000, 0x000000072da00000|  0%| F|  |TAMS 0x000000072d800000| PB 0x000000072d800000| Untracked |  0
|  70|0x000000072da00000, 0x000000072da00000, 0x000000072dc00000|  0%| F|  |TAMS 0x000000072da00000| PB 0x000000072da00000| Untracked |  0
|  71|0x000000072dc00000, 0x000000072dc00000, 0x000000072de00000|  0%| F|  |TAMS 0x000000072dc00000| PB 0x000000072dc00000| Untracked |  0
|  72|0x000000072de00000, 0x000000072de00000, 0x000000072e000000|  0%| F|  |TAMS 0x000000072de00000| PB 0x000000072de00000| Untracked |  0
|  73|0x000000072e000000, 0x000000072e000000, 0x000000072e200000|  0%| F|  |TAMS 0x000000072e000000| PB 0x000000072e000000| Untracked |  0
|  74|0x000000072e200000, 0x000000072e200000, 0x000000072e400000|  0%| F|  |TAMS 0x000000072e200000| PB 0x000000072e200000| Untracked |  0
|  75|0x000000072e400000, 0x000000072e400000, 0x000000072e600000|  0%| F|  |TAMS 0x000000072e400000| PB 0x000000072e400000| Untracked |  0
|  76|0x000000072e600000, 0x000000072e600000, 0x000000072e800000|  0%| F|  |TAMS 0x000000072e600000| PB 0x000000072e600000| Untracked |  0
|  77|0x000000072e800000, 0x000000072e800000, 0x000000072ea00000|  0%| F|  |TAMS 0x000000072e800000| PB 0x000000072e800000| Untracked |  0
|  78|0x000000072ea00000, 0x000000072ea00000, 0x000000072ec00000|  0%| F|  |TAMS 0x000000072ea00000| PB 0x000000072ea00000| Untracked |  0
|  79|0x000000072ec00000, 0x000000072ec00000, 0x000000072ee00000|  0%| F|  |TAMS 0x000000072ec00000| PB 0x000000072ec00000| Untracked |  0
|  80|0x000000072ee00000, 0x000000072ee00000, 0x000000072f000000|  0%| F|  |TAMS 0x000000072ee00000| PB 0x000000072ee00000| Untracked |  0
|  81|0x000000072f000000, 0x000000072f000000, 0x000000072f200000|  0%| F|  |TAMS 0x000000072f000000| PB 0x000000072f000000| Untracked |  0
|  82|0x000000072f200000, 0x000000072f200000, 0x000000072f400000|  0%| F|  |TAMS 0x000000072f200000| PB 0x000000072f200000| Untracked |  0
|  83|0x000000072f400000, 0x000000072f400000, 0x000000072f600000|  0%| F|  |TAMS 0x000000072f400000| PB 0x000000072f400000| Untracked |  0
|  84|0x000000072f600000, 0x000000072f600000, 0x000000072f800000|  0%| F|  |TAMS 0x000000072f600000| PB 0x000000072f600000| Untracked |  0
|  85|0x000000072f800000, 0x000000072f800000, 0x000000072fa00000|  0%| F|  |TAMS 0x000000072f800000| PB 0x000000072f800000| Untracked |  0
|  86|0x000000072fa00000, 0x000000072fa00000, 0x000000072fc00000|  0%| F|  |TAMS 0x000000072fa00000| PB 0x000000072fa00000| Untracked |  0
|  87|0x000000072fc00000, 0x000000072fc00000, 0x000000072fe00000|  0%| F|  |TAMS 0x000000072fc00000| PB 0x000000072fc00000| Untracked |  0
|  88|0x000000072fe00000, 0x000000072fe00000, 0x0000000730000000|  0%| F|  |TAMS 0x000000072fe00000| PB 0x000000072fe00000| Untracked |  0
|  89|0x0000000730000000, 0x0000000730000000, 0x0000000730200000|  0%| F|  |TAMS 0x0000000730000000| PB 0x0000000730000000| Untracked |  0
|  90|0x0000000730200000, 0x0000000730200000, 0x0000000730400000|  0%| F|  |TAMS 0x0000000730200000| PB 0x0000000730200000| Untracked |  0
|  91|0x0000000730400000, 0x0000000730400000, 0x0000000730600000|  0%| F|  |TAMS 0x0000000730400000| PB 0x0000000730400000| Untracked |  0
|  92|0x0000000730600000, 0x0000000730600000, 0x0000000730800000|  0%| F|  |TAMS 0x0000000730600000| PB 0x0000000730600000| Untracked |  0
|  93|0x0000000730800000, 0x0000000730800000, 0x0000000730a00000|  0%| F|  |TAMS 0x0000000730800000| PB 0x0000000730800000| Untracked |  0
|  94|0x0000000730a00000, 0x0000000730a00000, 0x0000000730c00000|  0%| F|  |TAMS 0x0000000730a00000| PB 0x0000000730a00000| Untracked |  0
|  95|0x0000000730c00000, 0x0000000730c00000, 0x0000000730e00000|  0%| F|  |TAMS 0x0000000730c00000| PB 0x0000000730c00000| Untracked |  0
|  96|0x0000000730e00000, 0x0000000730e00000, 0x0000000731000000|  0%| F|  |TAMS 0x0000000730e00000| PB 0x0000000730e00000| Untracked |  0
|  97|0x0000000731000000, 0x0000000731000000, 0x0000000731200000|  0%| F|  |TAMS 0x0000000731000000| PB 0x0000000731000000| Untracked |  0
|  98|0x0000000731200000, 0x0000000731200000, 0x0000000731400000|  0%| F|  |TAMS 0x0000000731200000| PB 0x0000000731200000| Untracked |  0
|  99|0x0000000731400000, 0x0000000731400000, 0x0000000731600000|  0%| F|  |TAMS 0x0000000731400000| PB 0x0000000731400000| Untracked |  0
| 100|0x0000000731600000, 0x0000000731600000, 0x0000000731800000|  0%| F|  |TAMS 0x0000000731600000| PB 0x0000000731600000| Untracked |  0
| 101|0x0000000731800000, 0x0000000731800000, 0x0000000731a00000|  0%| F|  |TAMS 0x0000000731800000| PB 0x0000000731800000| Untracked |  0
| 102|0x0000000731a00000, 0x0000000731a00000, 0x0000000731c00000|  0%| F|  |TAMS 0x0000000731a00000| PB 0x0000000731a00000| Untracked |  0
| 103|0x0000000731c00000, 0x0000000731c00000, 0x0000000731e00000|  0%| F|  |TAMS 0x0000000731c00000| PB 0x0000000731c00000| Untracked |  0
| 104|0x0000000731e00000, 0x0000000731e7c5f0, 0x0000000732000000| 24%| E|  |TAMS 0x0000000731e00000| PB 0x0000000731e00000| Complete |  0
| 105|0x0000000732000000, 0x0000000732200000, 0x0000000732200000|100%| E|CS|TAMS 0x0000000732000000| PB 0x0000000732000000| Complete |  0
| 106|0x0000000732200000, 0x0000000732400000, 0x0000000732400000|100%| E|CS|TAMS 0x0000000732200000| PB 0x0000000732200000| Complete |  0
| 107|0x0000000732400000, 0x0000000732600000, 0x0000000732600000|100%| E|CS|TAMS 0x0000000732400000| PB 0x0000000732400000| Complete |  0
| 108|0x0000000732600000, 0x0000000732800000, 0x0000000732800000|100%| E|CS|TAMS 0x0000000732600000| PB 0x0000000732600000| Complete |  0
| 109|0x0000000732800000, 0x0000000732a00000, 0x0000000732a00000|100%| E|CS|TAMS 0x0000000732800000| PB 0x0000000732800000| Complete |  0

Card table byte_map: [0x000001bef8890000,0x000001bef8f70000] _byte_map_base: 0x000001bef4f69000

Marking Bits: (CMBitMap*) 0x000001bee096cfe0
 Bits: [0x000001bef8f70000, 0x000001befc638000)

Polling page: 0x000001bede860000

Metaspace:

Usage:
  Non-class:      2.61 MB used.
      Class:    304.66 KB used.
       Both:      2.91 MB used.

Virtual space:
  Non-class space:       64.00 MB reserved,       2.69 MB (  4%) committed,  1 nodes.
      Class space:        1.00 GB reserved,     384.00 KB ( <1%) committed,  1 nodes.
             Both:        1.06 GB reserved,       3.06 MB ( <1%) committed. 

Chunk freelists:
   Non-Class:  10.80 MB
       Class:  15.56 MB
        Both:  26.36 MB

MaxMetaspaceSize: unlimited
CompressedClassSpaceSize: 1.00 GB
Initial GC threshold: 21.00 MB
Current GC threshold: 21.00 MB
CDS: on
 - commit_granule_bytes: 65536.
 - commit_granule_words: 8192.
 - virtual_space_node_default_size: 8388608.
 - enlarge_chunks_in_place: 1.
 - use_allocation_guard: 0.


Internal statistics:

num_allocs_failed_limit: 0.
num_arena_births: 34.
num_arena_deaths: 0.
num_vsnodes_births: 2.
num_vsnodes_deaths: 0.
num_space_committed: 49.
num_space_uncommitted: 0.
num_chunks_returned_to_freelist: 0.
num_chunks_taken_from_freelist: 103.
num_chunk_merges: 0.
num_chunk_splits: 67.
num_chunks_enlarged: 53.
num_inconsistent_stats: 0.

CodeHeap 'non-profiled nmethods': size=120000Kb used=224Kb max_used=224Kb free=119775Kb
 bounds [0x000001bef0720000, 0x000001bef0990000, 0x000001bef7c50000]
CodeHeap 'profiled nmethods': size=120000Kb used=1206Kb max_used=1206Kb free=118793Kb
 bounds [0x000001bee8c50000, 0x000001bee8ec0000, 0x000001bef0180000]
CodeHeap 'non-nmethods': size=5760Kb used=1342Kb max_used=1362Kb free=4417Kb
 bounds [0x000001bef0180000, 0x000001bef03f0000, 0x000001bef0720000]
 total_blobs=1163 nmethods=714 adapters=354
 compilation: enabled
              stopped_count=0, restarted_count=0
 full_count=0

Compilation events (20 events):
Event: 16.414 Thread 0x000001beff2acc60  708       3       java.lang.Integer::numberOfLeadingZeros (79 bytes)
Event: 16.414 Thread 0x000001beff2acc60 nmethod 708 0x000001bee8d7ae90 code [0x000001bee8d7b040, 0x000001bee8d7b2e8]
Event: 16.415 Thread 0x000001beff2acc60  709       3       java.util.zip.ZipUtils::CENATX_PERMS (9 bytes)
Event: 16.415 Thread 0x000001beff2acc60 nmethod 709 0x000001bee8d7b390 code [0x000001bee8d7b540, 0x000001bee8d7b6e8]
Event: 16.416 Thread 0x000001beff2acc60  710       3       java.lang.Record::<init> (5 bytes)
Event: 16.416 Thread 0x000001beff2acc60 nmethod 710 0x000001bee8d7b810 code [0x000001bee8d7b9a0, 0x000001bee8d7bb08]
Event: 16.416 Thread 0x000001beff2acc60  711  s    3       java.util.jar.JarFile::getInputStream (88 bytes)
Event: 16.416 Thread 0x000001beff2acc60 nmethod 711 0x000001bee8d7bc10 code [0x000001bee8d7be80, 0x000001bee8d7c660]
Event: 16.416 Thread 0x000001beff2a81a0 nmethod 705 0x000001bef0755810 code [0x000001bef07559e0, 0x000001bef0755e18]
Event: 16.416 Thread 0x000001beff2a81a0  702   !   4       jdk.internal.loader.URLClassPath$JarLoader::getResource (40 bytes)
Event: 16.419 Thread 0x000001beff2a81a0 nmethod 702 0x000001bef0756090 code [0x000001bef0756260, 0x000001bef0756518]
Event: 16.446 Thread 0x000001beff2acc60  712       3       java.lang.Thread::interrupted (7 bytes)
Event: 16.446 Thread 0x000001beff2acc60 nmethod 712 0x000001bee8d7c890 code [0x000001bee8d7ca40, 0x000001bee8d7cca8]
Event: 16.446 Thread 0x000001beff2acc60  713       3       java.lang.Thread::getAndClearInterrupt (19 bytes)
Event: 16.446 Thread 0x000001beff2acc60 nmethod 713 0x000001bee8d7cd90 code [0x000001bee8d7cf40, 0x000001bee8d7d0c8]
Event: 16.446 Thread 0x000001beff2acc60  714       3       java.util.zip.CRC32::<init> (5 bytes)
Event: 16.446 Thread 0x000001beff2acc60 nmethod 714 0x000001bee8d7d190 code [0x000001bee8d7d320, 0x000001bee8d7d488]
Event: 16.447 Thread 0x000001beff2acc60  715       3       java.util.zip.CRC32::getValue (10 bytes)
Event: 16.447 Thread 0x000001beff2acc60 nmethod 715 0x000001bee8d7d590 code [0x000001bee8d7d720, 0x000001bee8d7d840]
Event: 16.447 Thread 0x000001beff2acc60  716       3       java.security.CodeSource::<init> (52 bytes)

GC Heap History (0 events):
No events

Dll operation events (8 events):
Event: 2.295 Loaded shared library C:\Program Files\Java\jdk-22\bin\java.dll
Event: 4.372 Loaded shared library C:\Program Files\Java\jdk-22\bin\jsvml.dll
Event: 5.010 Loaded shared library C:\Program Files\Java\jdk-22\bin\net.dll
Event: 5.019 Loaded shared library C:\Program Files\Java\jdk-22\bin\nio.dll
Event: 5.024 Loaded shared library C:\Program Files\Java\jdk-22\bin\zip.dll
Event: 8.232 Loaded shared library C:\Program Files\Java\jdk-22\bin\jimage.dll
Event: 9.947 Loaded shared library C:\Program Files\NetBeans-21\netbeans\java\maven\lib\jansi-native\Windows\x86_64\jansi.dll
Event: 10.164 Loaded shared library C:\Program Files\Java\jdk-22\bin\verify.dll

Deoptimization events (20 events):
Event: 7.625 Thread 0x000001bede6f21a0 DEOPT PACKING pc=0x000001bef0731c70 sp=0x00000074d8bfe550
Event: 7.625 Thread 0x000001bede6f21a0 DEOPT UNPACKING pc=0x000001bef01d46a2 sp=0x00000074d8bfe4d8 mode 2
Event: 15.882 Thread 0x000001bede6f21a0 Uncommon trap: trap_request=0xffffff45 fr.pc=0x000001bef072e340 relative=0x00000000000004e0
Event: 15.882 Thread 0x000001bede6f21a0 Uncommon trap: reason=unstable_if action=reinterpret pc=0x000001bef072e340 method=java.lang.StringLatin1.canEncode(C)Z @ 4 c2
Event: 15.882 Thread 0x000001bede6f21a0 DEOPT PACKING pc=0x000001bef072e340 sp=0x00000074d8bfe180
Event: 15.882 Thread 0x000001bede6f21a0 DEOPT UNPACKING pc=0x000001bef01d46a2 sp=0x00000074d8bfe0b0 mode 2
Event: 15.886 Thread 0x000001bede6f21a0 Uncommon trap: trap_request=0xffffff45 fr.pc=0x000001bef072ee10 relative=0x00000000000004b0
Event: 15.891 Thread 0x000001bede6f21a0 Uncommon trap: reason=unstable_if action=reinterpret pc=0x000001bef072ee10 method=java.lang.AbstractStringBuilder.isLatin1()Z @ 10 c2
Event: 15.895 Thread 0x000001bede6f21a0 DEOPT PACKING pc=0x000001bef072ee10 sp=0x00000074d8bfe1a0
Event: 15.895 Thread 0x000001bede6f21a0 DEOPT UNPACKING pc=0x000001bef01d46a2 sp=0x00000074d8bfe130 mode 2
Event: 15.895 Thread 0x000001bede6f21a0 Uncommon trap: trap_request=0xffffff45 fr.pc=0x000001bef073196c relative=0x000000000000006c
Event: 15.897 Thread 0x000001bede6f21a0 Uncommon trap: reason=unstable_if action=reinterpret pc=0x000001bef073196c method=java.lang.AbstractStringBuilder.isLatin1()Z @ 10 c2
Event: 15.900 Thread 0x000001bede6f21a0 DEOPT PACKING pc=0x000001bef073196c sp=0x00000074d8bfe1a0
Event: 15.900 Thread 0x000001bede6f21a0 DEOPT UNPACKING pc=0x000001bef01d46a2 sp=0x00000074d8bfe130 mode 2
Event: 15.924 Thread 0x000001bede6f21a0 Uncommon trap: trap_request=0xffffff45 fr.pc=0x000001bef073f948 relative=0x0000000000000048
Event: 15.925 Thread 0x000001bede6f21a0 Uncommon trap: reason=unstable_if action=reinterpret pc=0x000001bef073f948 method=java.lang.StringLatin1.canEncode(C)Z @ 4 c2
Event: 15.925 Thread 0x000001bede6f21a0 DEOPT PACKING pc=0x000001bef073f948 sp=0x00000074d8bfe130
Event: 15.925 Thread 0x000001bede6f21a0 DEOPT UNPACKING pc=0x000001bef01d46a2 sp=0x00000074d8bfe0b8 mode 2
Event: 15.956 Thread 0x000001bede6f21a0 DEOPT PACKING pc=0x000001bee8c96ca5 sp=0x00000074d8bfa2c0
Event: 15.956 Thread 0x000001bede6f21a0 DEOPT UNPACKING pc=0x000001bef01d4e42 sp=0x00000074d8bf9710 mode 0

Classes loaded (20 events):
Event: 15.046 Loading class java/util/concurrent/locks/ReentrantReadWriteLock$ReadLock
Event: 15.046 Loading class java/util/concurrent/locks/ReentrantReadWriteLock$ReadLock done
Event: 15.046 Loading class java/util/concurrent/locks/ReentrantReadWriteLock$WriteLock
Event: 15.046 Loading class java/util/concurrent/locks/ReentrantReadWriteLock$WriteLock done
Event: 15.050 Loading class java/text/ParseException
Event: 15.139 Loading class java/text/ParseException done
Event: 15.590 Loading class sun/util/calendar/ZoneInfoFile$Checksum
Event: 15.815 Loading class sun/util/calendar/ZoneInfoFile$Checksum done
Event: 15.818 Loading class jdk/internal/module/ModulePatcher$PatchedModuleReader
Event: 15.828 Loading class jdk/internal/module/ModulePatcher$PatchedModuleReader done
Event: 15.828 Loading class sun/net/www/protocol/jrt/Handler
Event: 15.829 Loading class sun/net/www/protocol/jrt/Handler done
Event: 15.874 Loading class sun/text/resources/cldr/FormatData_en
Event: 15.874 Loading class sun/text/resources/cldr/FormatData_en done
Event: 15.880 Loading class sun/text/resources/cldr/FormatData_en_US
Event: 15.880 Loading class sun/text/resources/cldr/FormatData_en_US done
Event: 16.297 Loading class java/lang/ArrayIndexOutOfBoundsException
Event: 16.393 Loading class java/lang/ArrayIndexOutOfBoundsException done
Event: 16.416 Loading class java/io/FilterReader
Event: 16.445 Loading class java/io/FilterReader done

Classes unloaded (0 events):
No events

Classes redefined (0 events):
No events

Internal exceptions (20 events):
Event: 7.661 Thread 0x000001bede6f21a0 Exception <a 'java/lang/NoSuchMethodError'{0x0000000732440c20}: 'java.lang.Object java.lang.invoke.Invokers$Holder.invokeExact_MT(java.lang.Object, java.lang.Object, java.lang.Object, java.lang.Object, java.lang.Object)'> (0x0000000732440c20) 
thrown [s\open\src\hotspot\share\interpreter\linkResolver.cpp, line 774]
Event: 7.755 Thread 0x000001bede6f21a0 Exception <a 'java/lang/NullPointerException'{0x0000000732496b08}> (0x0000000732496b08) 
thrown [s\open\src\hotspot\share\interpreter\linkResolver.cpp, line 1374]
Event: 10.001 Thread 0x000001bede6f21a0 Exception <a 'java/lang/NullPointerException'{0x00000007324d7828}> (0x00000007324d7828) 
thrown [s\open\src\hotspot\share\interpreter\linkResolver.cpp, line 1374]
Event: 10.001 Thread 0x000001bede6f21a0 Exception <a 'java/lang/NullPointerException'{0x00000007324d7b08}> (0x00000007324d7b08) 
thrown [s\open\src\hotspot\share\interpreter\linkResolver.cpp, line 1374]
Event: 10.001 Thread 0x000001bede6f21a0 Exception <a 'java/lang/NullPointerException'{0x00000007324d7de8}> (0x00000007324d7de8) 
thrown [s\open\src\hotspot\share\interpreter\linkResolver.cpp, line 1374]
Event: 10.003 Thread 0x000001bede6f21a0 Exception <a 'java/lang/NullPointerException'{0x00000007324dcb50}> (0x00000007324dcb50) 
thrown [s\open\src\hotspot\share\interpreter\linkResolver.cpp, line 1374]
Event: 10.005 Thread 0x000001bede6f21a0 Exception <a 'java/lang/NullPointerException'{0x00000007324efab8}> (0x00000007324efab8) 
thrown [s\open\src\hotspot\share\interpreter\linkResolver.cpp, line 1374]
Event: 10.005 Thread 0x000001bede6f21a0 Exception <a 'java/lang/NullPointerException'{0x00000007324efd98}> (0x00000007324efd98) 
thrown [s\open\src\hotspot\share\interpreter\linkResolver.cpp, line 1374]
Event: 10.005 Thread 0x000001bede6f21a0 Exception <a 'java/lang/NullPointerException'{0x00000007324f0078}> (0x00000007324f0078) 
thrown [s\open\src\hotspot\share\interpreter\linkResolver.cpp, line 1374]
Event: 10.005 Thread 0x000001bede6f21a0 Exception <a 'java/lang/NullPointerException'{0x00000007324f0358}> (0x00000007324f0358) 
thrown [s\open\src\hotspot\share\interpreter\linkResolver.cpp, line 1374]
Event: 10.161 Thread 0x000001bede6f21a0 Exception <a 'sun/nio/fs/WindowsException'{0x0000000732519520}> (0x0000000732519520) 
thrown [s\open\src\hotspot\share\prims\jni.cpp, line 520]
Event: 10.161 Thread 0x000001bede6f21a0 Exception <a 'sun/nio/fs/WindowsException'{0x0000000732519cf8}> (0x0000000732519cf8) 
thrown [s\open\src\hotspot\share\prims\jni.cpp, line 520]
Event: 10.161 Thread 0x000001bede6f21a0 Exception <a 'sun/nio/fs/WindowsException'{0x000000073251a320}> (0x000000073251a320) 
thrown [s\open\src\hotspot\share\prims\jni.cpp, line 520]
Event: 10.161 Thread 0x000001bede6f21a0 Exception <a 'sun/nio/fs/WindowsException'{0x000000073251a920}> (0x000000073251a920) 
thrown [s\open\src\hotspot\share\prims\jni.cpp, line 520]
Event: 10.161 Thread 0x000001bede6f21a0 Exception <a 'sun/nio/fs/WindowsException'{0x000000073251ae98}> (0x000000073251ae98) 
thrown [s\open\src\hotspot\share\prims\jni.cpp, line 520]
Event: 10.161 Thread 0x000001bede6f21a0 Exception <a 'sun/nio/fs/WindowsException'{0x000000073251b3f0}> (0x000000073251b3f0) 
thrown [s\open\src\hotspot\share\prims\jni.cpp, line 520]
Event: 10.161 Thread 0x000001bede6f21a0 Exception <a 'sun/nio/fs/WindowsException'{0x000000073251b8f8}> (0x000000073251b8f8) 
thrown [s\open\src\hotspot\share\prims\jni.cpp, line 520]
Event: 10.161 Thread 0x000001bede6f21a0 Exception <a 'sun/nio/fs/WindowsException'{0x000000073251bdb8}> (0x000000073251bdb8) 
thrown [s\open\src\hotspot\share\prims\jni.cpp, line 520]
Event: 10.198 Thread 0x000001bede6f21a0 Exception <a 'java/lang/NoSuchMethodError'{0x000000073258d968}: 'void java.lang.invoke.DirectMethodHandle$Holder.invokeStatic(java.lang.Object, java.lang.Object, java.lang.Object)'> (0x000000073258d968) 
thrown [s\open\src\hotspot\share\interpreter\linkResolver.cpp, line 774]
Event: 13.520 Thread 0x000001bede6f21a0 Exception <a 'java/lang/NoSuchMethodError'{0x000000073233e9c0}: 'java.lang.Object java.lang.invoke.DirectMethodHandle$Holder.invokeSpecialIFC(java.lang.Object, java.lang.Object, java.lang.Object, java.lang.Object)'> (0x000000073233e9c0) 
thrown [s\open\src\hotspot\share\interpreter\linkResolver.cpp, line 774]

ZGC Phase Switch (0 events):
No events

VM Operations (20 events):
Event: 7.754 Executing VM operation: HandshakeAllThreads (Deoptimize)
Event: 7.754 Executing VM operation: HandshakeAllThreads (Deoptimize) done
Event: 8.765 Executing VM operation: Cleanup
Event: 8.968 Executing VM operation: Cleanup done
Event: 8.969 Executing VM operation: HandshakeAllThreads (Deoptimize)
Event: 8.969 Executing VM operation: HandshakeAllThreads (Deoptimize) done
Event: 9.970 Executing VM operation: Cleanup
Event: 9.970 Executing VM operation: Cleanup done
Event: 10.972 Executing VM operation: Cleanup
Event: 10.972 Executing VM operation: Cleanup done
Event: 11.987 Executing VM operation: Cleanup
Event: 11.987 Executing VM operation: Cleanup done
Event: 12.999 Executing VM operation: Cleanup
Event: 13.185 Executing VM operation: Cleanup done
Event: 14.186 Executing VM operation: Cleanup
Event: 14.295 Executing VM operation: Cleanup done
Event: 15.303 Executing VM operation: Cleanup
Event: 15.303 Executing VM operation: Cleanup done
Event: 16.304 Executing VM operation: Cleanup
Event: 16.412 Executing VM operation: Cleanup done

Events (11 events):
Event: 4.268 Thread 0x000001bede6f21a0 Thread added: 0x000001bede6f21a0
Event: 4.355 Thread 0x000001beff29f5e0 Thread added: 0x000001beff29f5e0
Event: 4.356 Thread 0x000001beff2a0500 Thread added: 0x000001beff2a0500
Event: 4.356 Thread 0x000001beff2a22d0 Thread added: 0x000001beff2a22d0
Event: 4.356 Thread 0x000001beff2a3f40 Thread added: 0x000001beff2a3f40
Event: 4.356 Thread 0x000001beff2a69b0 Thread added: 0x000001beff2a69b0
Event: 4.356 Thread 0x000001beff2a7410 Thread added: 0x000001beff2a7410
Event: 4.356 Thread 0x000001beff2a81a0 Thread added: 0x000001beff2a81a0
Event: 4.356 Thread 0x000001beff2acc60 Thread added: 0x000001beff2acc60
Event: 4.441 Thread 0x000001bec5241a80 Thread added: 0x000001bec5241a80
Event: 4.655 Thread 0x000001bec52470c0 Thread added: 0x000001bec52470c0


Dynamic libraries:
0x00007ff7ed1d0000 - 0x00007ff7ed1e0000 	C:\Program Files\Java\jdk-22\bin\java.exe
0x00007ffc3f9d0000 - 0x00007ffc3fbe7000 	C:\WINDOWS\SYSTEM32\ntdll.dll
0x00007ffc3e920000 - 0x00007ffc3e9e4000 	C:\WINDOWS\System32\KERNEL32.DLL
0x00007ffc3cf80000 - 0x00007ffc3d327000 	C:\WINDOWS\System32\KERNELBASE.dll
0x00007ffc3ce60000 - 0x00007ffc3cf71000 	C:\WINDOWS\System32\ucrtbase.dll
0x00007ffbf78f0000 - 0x00007ffbf790b000 	C:\Program Files\Java\jdk-22\bin\VCRUNTIME140.dll
0x00007ffc0f400000 - 0x00007ffc0f417000 	C:\Program Files\Java\jdk-22\bin\jli.dll
0x00007ffc3e9f0000 - 0x00007ffc3eaa2000 	C:\WINDOWS\System32\ADVAPI32.dll
0x00007ffc3eab0000 - 0x00007ffc3eb57000 	C:\WINDOWS\System32\msvcrt.dll
0x00007ffc3dbc0000 - 0x00007ffc3dc68000 	C:\WINDOWS\System32\sechost.dll
0x00007ffc3ce30000 - 0x00007ffc3ce58000 	C:\WINDOWS\System32\bcrypt.dll
0x00007ffc3f650000 - 0x00007ffc3f765000 	C:\WINDOWS\System32\RPCRT4.dll
0x00007ffc3e520000 - 0x00007ffc3e6ce000 	C:\WINDOWS\System32\USER32.dll
0x00007ffc3d4c0000 - 0x00007ffc3d4e6000 	C:\WINDOWS\System32\win32u.dll
0x00007ffc3db70000 - 0x00007ffc3db99000 	C:\WINDOWS\System32\GDI32.dll
0x00007ffc3d3a0000 - 0x00007ffc3d4b9000 	C:\WINDOWS\System32\gdi32full.dll
0x00007ffc3d4f0000 - 0x00007ffc3d58a000 	C:\WINDOWS\System32\msvcp_win.dll
0x00007ffc10350000 - 0x00007ffc105e3000 	C:\WINDOWS\WinSxS\amd64_microsoft.windows.common-controls_6595b64144ccf1df_6.0.22621.3527_none_270e469b73872a76\COMCTL32.dll
0x00007ffc343d0000 - 0x00007ffc343da000 	C:\WINDOWS\SYSTEM32\VERSION.dll
0x00007ffc3f2b0000 - 0x00007ffc3f2e1000 	C:\WINDOWS\System32\IMM32.DLL
0x00007ffc0e880000 - 0x00007ffc0e88c000 	C:\Program Files\Java\jdk-22\bin\vcruntime140_1.dll
0x00007ffbd0ad0000 - 0x00007ffbd0b5e000 	C:\Program Files\Java\jdk-22\bin\msvcp140.dll
0x00007ffba99a0000 - 0x00007ffbaa6e8000 	C:\Program Files\Java\jdk-22\bin\server\jvm.dll
0x00007ffc3e6d0000 - 0x00007ffc3e741000 	C:\WINDOWS\System32\WS2_32.dll
0x00007ffc3cbb0000 - 0x00007ffc3cbfd000 	C:\WINDOWS\SYSTEM32\POWRPROF.dll
0x00007ffc345c0000 - 0x00007ffc345f4000 	C:\WINDOWS\SYSTEM32\WINMM.dll
0x00007ffc3cb90000 - 0x00007ffc3cba3000 	C:\WINDOWS\SYSTEM32\UMPDC.dll
0x00007ffc3bcd0000 - 0x00007ffc3bce8000 	C:\WINDOWS\SYSTEM32\kernel.appcore.dll
0x00007ffbf77d0000 - 0x00007ffbf77da000 	C:\Program Files\Java\jdk-22\bin\jimage.dll
0x00007ffc3a670000 - 0x00007ffc3a8a2000 	C:\WINDOWS\SYSTEM32\DBGHELP.DLL
0x00007ffc3d700000 - 0x00007ffc3da88000 	C:\WINDOWS\System32\combase.dll
0x00007ffc3da90000 - 0x00007ffc3db67000 	C:\WINDOWS\System32\OLEAUT32.dll
0x00007ffc2a930000 - 0x00007ffc2a962000 	C:\WINDOWS\SYSTEM32\dbgcore.DLL
0x00007ffc3cdb0000 - 0x00007ffc3ce29000 	C:\WINDOWS\System32\bcryptPrimitives.dll
0x00007ffbf78d0000 - 0x00007ffbf78ee000 	C:\Program Files\Java\jdk-22\bin\java.dll
0x00007ffc3dc70000 - 0x00007ffc3e4cc000 	C:\WINDOWS\System32\SHELL32.dll
0x00007ffc3f2f0000 - 0x00007ffc3f495000 	C:\WINDOWS\System32\ole32.dll
0x00007ffc3abe0000 - 0x00007ffc3b4d6000 	C:\WINDOWS\SYSTEM32\windows.storage.dll
0x00007ffc3aaa0000 - 0x00007ffc3abde000 	C:\WINDOWS\SYSTEM32\wintypes.dll
0x00007ffc3ed30000 - 0x00007ffc3ee25000 	C:\WINDOWS\System32\SHCORE.dll
0x00007ffc3ec60000 - 0x00007ffc3ecbe000 	C:\WINDOWS\System32\shlwapi.dll
0x00007ffc3cc20000 - 0x00007ffc3cc41000 	C:\WINDOWS\SYSTEM32\profapi.dll
0x00007ffbdd120000 - 0x00007ffbdd1f7000 	C:\Program Files\Java\jdk-22\bin\jsvml.dll
0x00007ffbf77c0000 - 0x00007ffbf77d0000 	C:\Program Files\Java\jdk-22\bin\net.dll
0x00007ffc3c130000 - 0x00007ffc3c199000 	C:\WINDOWS\system32\mswsock.dll
0x00007ffbdd100000 - 0x00007ffbdd116000 	C:\Program Files\Java\jdk-22\bin\nio.dll
0x00007ffbdd0e0000 - 0x00007ffbdd0f7000 	C:\Program Files\Java\jdk-22\bin\zip.dll
0x0000000069ac0000 - 0x0000000069ae4000 	C:\Program Files\NetBeans-21\netbeans\java\maven\lib\jansi-native\Windows\x86_64\jansi.dll
0x00007ffbf77b0000 - 0x00007ffbf77c0000 	C:\Program Files\Java\jdk-22\bin\verify.dll

dbghelp: loaded successfully - version: 4.0.5 - missing functions: none
symbol engine: initialized successfully - sym options: 0x614 - pdb path: .;C:\Program Files\Java\jdk-22\bin;C:\WINDOWS\SYSTEM32;C:\WINDOWS\WinSxS\amd64_microsoft.windows.common-controls_6595b64144ccf1df_6.0.22621.3527_none_270e469b73872a76;C:\Program Files\Java\jdk-22\bin\server;C:\Program Files\NetBeans-21\netbeans\java\maven\lib\jansi-native\Windows\x86_64

VM Arguments:
jvm_args: -Dclassworlds.conf=C:\Program Files\NetBeans-21\netbeans\java\maven\bin\m2.conf -Dmaven.home=C:\Program Files\NetBeans-21\netbeans\java\maven -Dlibrary.jansi.path=C:\Program Files\NetBeans-21\netbeans\java\maven\lib\jansi-native -Dmaven.multiModuleProjectDirectory=C:\Users\ADMIN\OneDrive\Documents\GitHub\Management_Project_Java\mavenproject1 
java_command: org.codehaus.plexus.classworlds.launcher.Launcher -Dexec.vmArgs=--enable-preview -Dexec.args=${exec.vmArgs} -classpath %classpath ${exec.mainClass} ${exec.appArgs} -Dexec.appArgs= -Dexec.mainClass=GUI.Login -Dexec.executable=C:\Program Files\Java\jdk-22\bin\java.exe -Dmaven.ext.class.path=C:\Program Files\NetBeans-21\netbeans\java\maven-nblib\netbeans-eventspy.jar --no-transfer-progress process-classes org.codehaus.mojo:exec-maven-plugin:3.1.0:exec
java_class_path (initial): C:\Program Files\NetBeans-21\netbeans\java\maven\boot\plexus-classworlds-2.7.0.jar
Launcher Type: SUN_STANDARD

[Global flags]
     intx CICompilerCount                          = 4                                         {product} {ergonomic}
     uint ConcGCThreads                            = 3                                         {product} {ergonomic}
     uint G1ConcRefinementThreads                  = 10                                        {product} {ergonomic}
   size_t G1HeapRegionSize                         = 2097152                                   {product} {ergonomic}
   size_t InitialHeapSize                          = 230686720                                 {product} {ergonomic}
   size_t MarkStackSize                            = 4194304                                   {product} {ergonomic}
   size_t MaxHeapSize                              = 3676307456                                {product} {ergonomic}
   size_t MaxNewSize                               = 2204106752                                {product} {ergonomic}
   size_t MinHeapDeltaBytes                        = 2097152                                   {product} {ergonomic}
   size_t MinHeapSize                              = 8388608                                   {product} {ergonomic}
    uintx NonNMethodCodeHeapSize                   = 5839372                                {pd product} {ergonomic}
    uintx NonProfiledCodeHeapSize                  = 122909434                              {pd product} {ergonomic}
    uintx ProfiledCodeHeapSize                     = 122909434                              {pd product} {ergonomic}
    uintx ReservedCodeCacheSize                    = 251658240                              {pd product} {ergonomic}
     bool SegmentedCodeCache                       = true                                      {product} {ergonomic}
   size_t SoftMaxHeapSize                          = 3676307456                             {manageable} {ergonomic}
     bool UseCompressedOops                        = true                           {product lp64_product} {ergonomic}
     bool UseG1GC                                  = true                                      {product} {ergonomic}
     bool UseLargePagesIndividualAllocation        = false                                  {pd product} {ergonomic}

Logging:
Log output configuration:
 #0: stdout all=warning uptime,level,tags foldmultilines=false
 #1: stderr all=off uptime,level,tags foldmultilines=false

Environment Variables:
JAVA_HOME=C:\Program Files\Java\jdk-22
PATH=C:\Program Files (x86)\VMware\VMware Workstation\bin\;C:\Program Files\Common Files\Oracle\Java\javapath;C:\Program Files (x86)\Common Files\Oracle\Java\javapath;C:\Windows\system32;C:\Windows;C:\Windows\System32\Wbem;C:\Windows\System32\WindowsPowerShell\v1.0\;C:\Windows\System32\OpenSSH\;C:\Program Files (x86)\NVIDIA Corporation\PhysX\Common;C:\Program Files\NVIDIA Corporation\NVIDIA NvDLISR;C:\msys64\mingw64\bin;C:\WINDOWS\system32;C:\WINDOWS;C:\WINDOWS\System32\Wbem;C:\WINDOWS\System32\WindowsPowerShell\v1.0\;C:\WINDOWS\System32\OpenSSH\;C:\Program Files (x86)\Microsoft SQL Server\110\Tools\Binn\;C:\Program Files\Microsoft SQL Server\110\Tools\Binn\;C:\Program Files\Microsoft SQL Server\110\DTS\Binn\;C:\Program Files (x86)\Microsoft SQL Server\110\Tools\Binn\ManagementStudio\;C:\Program Files (x86)\Microsoft SQL Server\110\DTS\Binn\;C:\Program Files\Microsoft SQL Server\150\Tools\Binn\;C:\Program Files\Microsoft SQL Server\Client SDK\ODBC\170\Tools\Binn\;C:\Program Files\dotnet\;C:\Program Files\Git\cmd;C:\Users\ADMIN\AppData\Local\Programs\Python\Python312\Scripts\;C:\Users\ADMIN\AppData\Local\Programs\Python\Python312\;C:\Users\ADMIN\AppData\Local\Programs\Python\Launcher\;C:\Users\ADMIN\AppData\Local\Microsoft\WindowsApps;C:\Users\ADMIN\.dotnet\tools;C:\Users\ADMIN\AppData\Local\Programs\Microsoft VS Code\bin;C:\Users\ADMIN\AppData\Local\GitHubDesktop\bin;C:\Program Files\Java\jdk-22\bin;
USERNAME=ADMIN
OS=Windows_NT
PROCESSOR_IDENTIFIER=AMD64 Family 25 Model 68 Stepping 1, AuthenticAMD
TMP=C:\Users\ADMIN\AppData\Local\Temp
TEMP=C:\Users\ADMIN\AppData\Local\Temp




Periodic native trim disabled

---------------  S Y S T E M  ---------------

OS:
 Windows 11 , 64 bit Build 22621 (10.0.22621.3527)
OS uptime: 1 days 1:44 hours
Hyper-V role detected

CPU: total 12 (initial active 12) (12 cores per cpu, 2 threads per core) family 25 model 68 stepping 1 microcode 0x0, cx8, cmov, fxsr, ht, mmx, 3dnowpref, sse, sse2, sse3, ssse3, sse4a, sse4.1, sse4.2, popcnt, lzcnt, tsc, tscinvbit, avx, avx2, aes, erms, clmul, bmi1, bmi2, adx, sha, fma, vzeroupper, clflush, clflushopt, hv, rdtscp, rdpid, fsrm, f16c, cet_ss
Processor Information for processor 0
  Max Mhz: 3301, Current Mhz: 3301, Mhz Limit: 3301
Processor Information for processor 1
  Max Mhz: 3301, Current Mhz: 3301, Mhz Limit: 3301
Processor Information for processor 2
  Max Mhz: 3301, Current Mhz: 3301, Mhz Limit: 3301
Processor Information for processor 3
  Max Mhz: 3301, Current Mhz: 3301, Mhz Limit: 3301
Processor Information for processor 4
  Max Mhz: 3301, Current Mhz: 2503, Mhz Limit: 3301
Processor Information for processor 5
  Max Mhz: 3301, Current Mhz: 2503, Mhz Limit: 3301
Processor Information for processor 6
  Max Mhz: 3301, Current Mhz: 2503, Mhz Limit: 3301
Processor Information for processor 7
  Max Mhz: 3301, Current Mhz: 3301, Mhz Limit: 3301
Processor Information for processor 8
  Max Mhz: 3301, Current Mhz: 2503, Mhz Limit: 3301
Processor Information for processor 9
  Max Mhz: 3301, Current Mhz: 3301, Mhz Limit: 3301
Processor Information for processor 10
  Max Mhz: 3301, Current Mhz: 3301, Mhz Limit: 3301
Processor Information for processor 11
  Max Mhz: 3301, Current Mhz: 3301, Mhz Limit: 3301

Memory: 4k page, system-wide physical 14020M (1092M free)
TotalPageFile size 57028M (AvailPageFile size 2337M)
current process WorkingSet (physical memory assigned to process): 46M, peak: 56M
current process commit charge ("private bytes"): 320M, peak: 320M

vm_info: Java HotSpot(TM) 64-Bit Server VM (22+36-2370) for windows-amd64 JRE (22+36-2370), built on 2024-02-15T22:15:19Z by "mach5one" with MS VC++ 17.6 (VS2022)

END.
