#
# There is insufficient memory for the Java Runtime Environment to continue.
# Native memory allocation (mmap) failed to map 65536 bytes. Error detail: Failed to commit metaspace.
# Possible reasons:
#   The system is out of physical RAM or swap space
#   This process is running with CompressedOops enabled, and the Java Heap may be blocking the growth of the native heap
# Possible solutions:
#   Reduce memory load on the system
#   Increase physical memory or swap space
#   Check if swap backing store is full
#   Decrease Java heap size (-Xmx/-Xms)
#   Decrease number of Java threads
#   Decrease Java thread stack sizes (-Xss)
#   Set larger code cache with -XX:ReservedCodeCacheSize=
#   JVM is running with Zero Based Compressed Oops mode in which the Java heap is
#     placed in the first 32GB address space. The Java Heap base address is the
#     maximum limit for the native heap growth. Please use -XX:HeapBaseMinAddress
#     to set the Java Heap base and to place the Java Heap above 32GB virtual address.
# This output file may be truncated or incomplete.
#
#  Out of Memory Error (virtualSpaceNode.cpp:112), pid=33284, tid=35504
#
# JRE version: Java(TM) SE Runtime Environment (22.0+36) (build 22+36-2370)
# Java VM: Java HotSpot(TM) 64-Bit Server VM (22+36-2370, mixed mode, sharing, tiered, compressed oops, compressed class ptrs, g1 gc, windows-amd64)
# No core dump will be written. Minidumps are not enabled by default on client versions of Windows
#

---------------  S U M M A R Y ------------

Command Line: -Dclassworlds.conf=C:\Program Files\NetBeans-21\netbeans\java\maven\bin\m2.conf -Dmaven.home=C:\Program Files\NetBeans-21\netbeans\java\maven -Dlibrary.jansi.path=C:\Program Files\NetBeans-21\netbeans\java\maven\lib\jansi-native -Dmaven.multiModuleProjectDirectory=C:\Users\ADMIN\OneDrive\Documents\GitHub\Management_Project_Java\mavenproject1 org.codehaus.plexus.classworlds.launcher.Launcher -Dexec.vmArgs=--enable-preview -Dexec.args=${exec.vmArgs} -classpath %classpath ${exec.mainClass} ${exec.appArgs} -Dexec.appArgs= -Dexec.mainClass=GUI.Login -Dexec.executable=C:\Program Files\Java\jdk-22\bin\java.exe -Dmaven.ext.class.path=C:\Program Files\NetBeans-21\netbeans\java\maven-nblib\netbeans-eventspy.jar --no-transfer-progress process-classes org.codehaus.mojo:exec-maven-plugin:3.1.0:exec

Host: AMD Ryzen 5 6600HS Creator Edition             , 12 cores, 13G,  Windows 11 , 64 bit Build 22621 (10.0.22621.3527)
Time: Thu May 16 16:18:44 2024 SE Asia Standard Time elapsed time: 46.844778 seconds (0d 0h 0m 46s)

---------------  T H R E A D  ---------------

Current thread (0x000001746916b7a0):  JavaThread "C1 CompilerThread0" daemon [_thread_in_vm, id=35504, stack(0x00000038eb700000,0x00000038eb800000) (1024K)]


Current CompileTask:
C1:46844 1380       3       org.eclipse.sisu.space.asm.ClassReader::readMethod (1055 bytes)

Stack: [0x00000038eb700000,0x00000038eb800000]
Native frames: (J=compiled Java code, j=interpreted, Vv=VM code, C=native code)
V  [jvm.dll+0x6e2349]  (no source info available)
V  [jvm.dll+0x874ed3]  (no source info available)
V  [jvm.dll+0x8772fe]  (no source info available)
V  [jvm.dll+0x8779d3]  (no source info available)
V  [jvm.dll+0x27fcb6]  (no source info available)
V  [jvm.dll+0x870b1e]  (no source info available)
V  [jvm.dll+0x6853b5]  (no source info available)
V  [jvm.dll+0x1e3e9c]  (no source info available)
V  [jvm.dll+0x1e3c6e]  (no source info available)
V  [jvm.dll+0x687d08]  (no source info available)
V  [jvm.dll+0x22509c]  (no source info available)
V  [jvm.dll+0x685dce]  (no source info available)
V  [jvm.dll+0x6974aa]  (no source info available)
V  [jvm.dll+0x690332]  (no source info available)
V  [jvm.dll+0x1f1c50]  (no source info available)
V  [jvm.dll+0x1f1e38]  (no source info available)
V  [jvm.dll+0x165fde]  (no source info available)
V  [jvm.dll+0x165e26]  (no source info available)
V  [jvm.dll+0x15d70a]  (no source info available)
V  [jvm.dll+0x15f96d]  (no source info available)
V  [jvm.dll+0x15dfa5]  (no source info available)
V  [jvm.dll+0x157a2f]  (no source info available)
V  [jvm.dll+0x167a86]  (no source info available)
V  [jvm.dll+0x1530bb]  (no source info available)
V  [jvm.dll+0x153507]  (no source info available)
V  [jvm.dll+0x1538a0]  (no source info available)
V  [jvm.dll+0x152c1d]  (no source info available)
V  [jvm.dll+0x154add]  (no source info available)
V  [jvm.dll+0x25699e]  (no source info available)
V  [jvm.dll+0x254c5a]  (no source info available)
V  [jvm.dll+0x3f5426]  (no source info available)
V  [jvm.dll+0x81d50b]  (no source info available)
V  [jvm.dll+0x6e09e5]  (no source info available)
C  [ucrtbase.dll+0x29333]  (no source info available)
C  [KERNEL32.DLL+0x1257d]  (no source info available)
C  [ntdll.dll+0x5aa48]  (no source info available)


---------------  P R O C E S S  ---------------

Threads class SMR info:
_java_thread_list=0x00000174451ae4f0, length=11, elements={
0x00000174485ff710, 0x000001746911e770, 0x000001746911f330, 0x00000174691210b0,
0x0000017469123520, 0x00000174691244d0, 0x0000017469128f40, 0x0000017469129cd0,
0x000001746916b7a0, 0x00000174451de130, 0x00000174451e3150
}

Java Threads: ( => current thread )
  0x00000174485ff710 JavaThread "main"                              [_thread_in_vm, id=33528, stack(0x00000038ea700000,0x00000038ea800000) (1024K)]
  0x000001746911e770 JavaThread "Reference Handler"          daemon [_thread_blocked, id=35404, stack(0x00000038eb000000,0x00000038eb100000) (1024K)]
  0x000001746911f330 JavaThread "Finalizer"                  daemon [_thread_blocked, id=35408, stack(0x00000038eb100000,0x00000038eb200000) (1024K)]
  0x00000174691210b0 JavaThread "Signal Dispatcher"          daemon [_thread_blocked, id=35412, stack(0x00000038eb200000,0x00000038eb300000) (1024K)]
  0x0000017469123520 JavaThread "Attach Listener"            daemon [_thread_blocked, id=35416, stack(0x00000038eb300000,0x00000038eb400000) (1024K)]
  0x00000174691244d0 JavaThread "Service Thread"             daemon [_thread_blocked, id=35420, stack(0x00000038eb400000,0x00000038eb500000) (1024K)]
  0x0000017469128f40 JavaThread "Monitor Deflation Thread"   daemon [_thread_blocked, id=35424, stack(0x00000038eb500000,0x00000038eb600000) (1024K)]
  0x0000017469129cd0 JavaThread "C2 CompilerThread0"         daemon [_thread_blocked, id=35428, stack(0x00000038eb600000,0x00000038eb700000) (1024K)]
=>0x000001746916b7a0 JavaThread "C1 CompilerThread0"         daemon [_thread_in_vm, id=35504, stack(0x00000038eb700000,0x00000038eb800000) (1024K)]
  0x00000174451de130 JavaThread "Notification Thread"        daemon [_thread_blocked, id=35576, stack(0x00000038eb800000,0x00000038eb900000) (1024K)]
  0x00000174451e3150 JavaThread "Common-Cleaner"             daemon [_thread_blocked, id=35580, stack(0x00000038eb900000,0x00000038eba00000) (1024K)]
Total: 11

Other Threads:
  0x0000017469101b50 VMThread "VM Thread"                           [id=35400, stack(0x00000038eaf00000,0x00000038eb000000) (1024K)] _threads_hazard_ptr=0x00000174451ae4f0
  0x00000174690e9f70 WatcherThread "VM Periodic Task Thread"        [id=35396, stack(0x00000038eae00000,0x00000038eaf00000) (1024K)]
  0x000001744886d9c0 WorkerThread "GC Thread#0"                     [id=10124, stack(0x00000038ea900000,0x00000038eaa00000) (1024K)]
  0x0000017445dd0bd0 WorkerThread "GC Thread#1"                     [id=44464, stack(0x00000038eba00000,0x00000038ebb00000) (1024K)]
  0x0000017445bb8320 WorkerThread "GC Thread#2"                     [id=44468, stack(0x00000038ebb00000,0x00000038ebc00000) (1024K)]
  0x0000017445bb86d0 WorkerThread "GC Thread#3"                     [id=44472, stack(0x00000038ebc00000,0x00000038ebd00000) (1024K)]
  0x0000017445c6bb70 WorkerThread "GC Thread#4"                     [id=44476, stack(0x00000038ebd00000,0x00000038ebe00000) (1024K)]
  0x0000017445c73600 WorkerThread "GC Thread#5"                     [id=44712, stack(0x00000038ebe00000,0x00000038ebf00000) (1024K)]
  0x0000017445c739b0 WorkerThread "GC Thread#6"                     [id=44716, stack(0x00000038ebf00000,0x00000038ec000000) (1024K)]
  0x0000017445c73d60 WorkerThread "GC Thread#7"                     [id=44720, stack(0x00000038ec000000,0x00000038ec100000) (1024K)]
  0x0000017445c74110 WorkerThread "GC Thread#8"                     [id=44724, stack(0x00000038ec100000,0x00000038ec200000) (1024K)]
  0x000001744887c3c0 ConcurrentGCThread "G1 Main Marker"            [id=32124, stack(0x00000038eaa00000,0x00000038eab00000) (1024K)]
  0x000001744887cdd0 WorkerThread "G1 Conc#0"                       [id=21288, stack(0x00000038eab00000,0x00000038eac00000) (1024K)]
  0x00000174488ce830 ConcurrentGCThread "G1 Refine#0"               [id=2172, stack(0x00000038eac00000,0x00000038ead00000) (1024K)]
  0x0000017468fbcae0 ConcurrentGCThread "G1 Service"                [id=9612, stack(0x00000038ead00000,0x00000038eae00000) (1024K)]
Total: 15

Threads with active compile tasks:
C1 CompilerThread0  75229 1380       3       org.eclipse.sisu.space.asm.ClassReader::readMethod (1055 bytes)
Total: 1

VM state: synchronizing (normal execution)

VM Mutex/Monitor currently owned by a thread:  ([mutex/lock_event])
[0x00007ffbaa60ab48] Metaspace_lock - owner thread: 0x000001746916b7a0
[0x00007ffbaa60cbc8] Threads_lock - owner thread: 0x0000017469101b50

Heap address: 0x0000000724e00000, size: 3506 MB, Compressed Oops mode: Zero based, Oop shift amount: 3

CDS archive(s) mapped at: [0x0000017400000000-0x0000017400c60000-0x0000017400c60000), size 12976128, SharedBaseAddress: 0x0000017400000000, ArchiveRelocationMode: 1.
Compressed class space mapped at: 0x0000017401000000-0x0000017441000000, reserved size: 1073741824
Narrow klass base: 0x0000017400000000, Narrow klass shift: 0, Narrow klass range: 0x41000000

GC Precious Log:
 CardTable entry size: 512
 Card Set container configuration: InlinePtr #cards 4 size 8 Array Of Cards #cards 16 size 48 Howl #buckets 8 coarsen threshold 3686 Howl Bitmap #cards 512 size 80 coarsen threshold 460 Card regions per heap region 1 cards per card region 4096
 CPUs: 12 total, 12 available
 Memory: 14020M
 Large Page Support: Disabled
 NUMA Support: Disabled
 Compressed Oops: Enabled (Zero based)
 Heap Region Size: 2M
 Heap Min Capacity: 8M
 Heap Initial Capacity: 220M
 Heap Max Capacity: 3506M
 Pre-touch: Disabled
 Parallel Workers: 10
 Concurrent Workers: 3
 Concurrent Refinement Workers: 10
 Periodic GC: Disabled

Heap:
 garbage-first heap   total reserved 3590144K, committed 225280K, used 9984K [0x0000000724e00000, 0x0000000800000000)
  region size 2048K, 6 young (12288K), 2 survivors (4096K)
 Metaspace       used 6487K, committed 6592K, reserved 1114112K
  class space    used 761K, committed 832K, reserved 1048576K

Heap Regions: E=young(eden), S=young(survivor), O=old, HS=humongous(starts), HC=humongous(continues), CS=collection set, F=free, TAMS=top-at-mark-start, PB=parsable bottom
|   0|0x0000000724e00000, 0x0000000724e00000, 0x0000000725000000|  0%| F|  |TAMS 0x0000000724e00000| PB 0x0000000724e00000| Untracked |  0
|   1|0x0000000725000000, 0x0000000725000000, 0x0000000725200000|  0%| F|  |TAMS 0x0000000725000000| PB 0x0000000725000000| Untracked |  0
|   2|0x0000000725200000, 0x0000000725200000, 0x0000000725400000|  0%| F|  |TAMS 0x0000000725200000| PB 0x0000000725200000| Untracked |  0
|   3|0x0000000725400000, 0x0000000725400000, 0x0000000725600000|  0%| F|  |TAMS 0x0000000725400000| PB 0x0000000725400000| Untracked |  0
|   4|0x0000000725600000, 0x0000000725600000, 0x0000000725800000|  0%| F|  |TAMS 0x0000000725600000| PB 0x0000000725600000| Untracked |  0
|   5|0x0000000725800000, 0x0000000725800000, 0x0000000725a00000|  0%| F|  |TAMS 0x0000000725800000| PB 0x0000000725800000| Untracked |  0
|   6|0x0000000725a00000, 0x0000000725a00000, 0x0000000725c00000|  0%| F|  |TAMS 0x0000000725a00000| PB 0x0000000725a00000| Untracked |  0
|   7|0x0000000725c00000, 0x0000000725c00000, 0x0000000725e00000|  0%| F|  |TAMS 0x0000000725c00000| PB 0x0000000725c00000| Untracked |  0
|   8|0x0000000725e00000, 0x0000000725e00000, 0x0000000726000000|  0%| F|  |TAMS 0x0000000725e00000| PB 0x0000000725e00000| Untracked |  0
|   9|0x0000000726000000, 0x0000000726000000, 0x0000000726200000|  0%| F|  |TAMS 0x0000000726000000| PB 0x0000000726000000| Untracked |  0
|  10|0x0000000726200000, 0x0000000726200000, 0x0000000726400000|  0%| F|  |TAMS 0x0000000726200000| PB 0x0000000726200000| Untracked |  0
|  11|0x0000000726400000, 0x0000000726400000, 0x0000000726600000|  0%| F|  |TAMS 0x0000000726400000| PB 0x0000000726400000| Untracked |  0
|  12|0x0000000726600000, 0x0000000726600000, 0x0000000726800000|  0%| F|  |TAMS 0x0000000726600000| PB 0x0000000726600000| Untracked |  0
|  13|0x0000000726800000, 0x0000000726800000, 0x0000000726a00000|  0%| F|  |TAMS 0x0000000726800000| PB 0x0000000726800000| Untracked |  0
|  14|0x0000000726a00000, 0x0000000726a00000, 0x0000000726c00000|  0%| F|  |TAMS 0x0000000726a00000| PB 0x0000000726a00000| Untracked |  0
|  15|0x0000000726c00000, 0x0000000726c00000, 0x0000000726e00000|  0%| F|  |TAMS 0x0000000726c00000| PB 0x0000000726c00000| Untracked |  0
|  16|0x0000000726e00000, 0x0000000726e00000, 0x0000000727000000|  0%| F|  |TAMS 0x0000000726e00000| PB 0x0000000726e00000| Untracked |  0
|  17|0x0000000727000000, 0x0000000727000000, 0x0000000727200000|  0%| F|  |TAMS 0x0000000727000000| PB 0x0000000727000000| Untracked |  0
|  18|0x0000000727200000, 0x0000000727200000, 0x0000000727400000|  0%| F|  |TAMS 0x0000000727200000| PB 0x0000000727200000| Untracked |  0
|  19|0x0000000727400000, 0x0000000727400000, 0x0000000727600000|  0%| F|  |TAMS 0x0000000727400000| PB 0x0000000727400000| Untracked |  0
|  20|0x0000000727600000, 0x0000000727600000, 0x0000000727800000|  0%| F|  |TAMS 0x0000000727600000| PB 0x0000000727600000| Untracked |  0
|  21|0x0000000727800000, 0x0000000727800000, 0x0000000727a00000|  0%| F|  |TAMS 0x0000000727800000| PB 0x0000000727800000| Untracked |  0
|  22|0x0000000727a00000, 0x0000000727a00000, 0x0000000727c00000|  0%| F|  |TAMS 0x0000000727a00000| PB 0x0000000727a00000| Untracked |  0
|  23|0x0000000727c00000, 0x0000000727c00000, 0x0000000727e00000|  0%| F|  |TAMS 0x0000000727c00000| PB 0x0000000727c00000| Untracked |  0
|  24|0x0000000727e00000, 0x0000000727e00000, 0x0000000728000000|  0%| F|  |TAMS 0x0000000727e00000| PB 0x0000000727e00000| Untracked |  0
|  25|0x0000000728000000, 0x0000000728000000, 0x0000000728200000|  0%| F|  |TAMS 0x0000000728000000| PB 0x0000000728000000| Untracked |  0
|  26|0x0000000728200000, 0x0000000728200000, 0x0000000728400000|  0%| F|  |TAMS 0x0000000728200000| PB 0x0000000728200000| Untracked |  0
|  27|0x0000000728400000, 0x0000000728400000, 0x0000000728600000|  0%| F|  |TAMS 0x0000000728400000| PB 0x0000000728400000| Untracked |  0
|  28|0x0000000728600000, 0x0000000728600000, 0x0000000728800000|  0%| F|  |TAMS 0x0000000728600000| PB 0x0000000728600000| Untracked |  0
|  29|0x0000000728800000, 0x0000000728800000, 0x0000000728a00000|  0%| F|  |TAMS 0x0000000728800000| PB 0x0000000728800000| Untracked |  0
|  30|0x0000000728a00000, 0x0000000728a00000, 0x0000000728c00000|  0%| F|  |TAMS 0x0000000728a00000| PB 0x0000000728a00000| Untracked |  0
|  31|0x0000000728c00000, 0x0000000728c00000, 0x0000000728e00000|  0%| F|  |TAMS 0x0000000728c00000| PB 0x0000000728c00000| Untracked |  0
|  32|0x0000000728e00000, 0x0000000728e00000, 0x0000000729000000|  0%| F|  |TAMS 0x0000000728e00000| PB 0x0000000728e00000| Untracked |  0
|  33|0x0000000729000000, 0x0000000729000000, 0x0000000729200000|  0%| F|  |TAMS 0x0000000729000000| PB 0x0000000729000000| Untracked |  0
|  34|0x0000000729200000, 0x0000000729200000, 0x0000000729400000|  0%| F|  |TAMS 0x0000000729200000| PB 0x0000000729200000| Untracked |  0
|  35|0x0000000729400000, 0x0000000729400000, 0x0000000729600000|  0%| F|  |TAMS 0x0000000729400000| PB 0x0000000729400000| Untracked |  0
|  36|0x0000000729600000, 0x0000000729600000, 0x0000000729800000|  0%| F|  |TAMS 0x0000000729600000| PB 0x0000000729600000| Untracked |  0
|  37|0x0000000729800000, 0x0000000729800000, 0x0000000729a00000|  0%| F|  |TAMS 0x0000000729800000| PB 0x0000000729800000| Untracked |  0
|  38|0x0000000729a00000, 0x0000000729a00000, 0x0000000729c00000|  0%| F|  |TAMS 0x0000000729a00000| PB 0x0000000729a00000| Untracked |  0
|  39|0x0000000729c00000, 0x0000000729c00000, 0x0000000729e00000|  0%| F|  |TAMS 0x0000000729c00000| PB 0x0000000729c00000| Untracked |  0
|  40|0x0000000729e00000, 0x0000000729e00000, 0x000000072a000000|  0%| F|  |TAMS 0x0000000729e00000| PB 0x0000000729e00000| Untracked |  0
|  41|0x000000072a000000, 0x000000072a000000, 0x000000072a200000|  0%| F|  |TAMS 0x000000072a000000| PB 0x000000072a000000| Untracked |  0
|  42|0x000000072a200000, 0x000000072a200000, 0x000000072a400000|  0%| F|  |TAMS 0x000000072a200000| PB 0x000000072a200000| Untracked |  0
|  43|0x000000072a400000, 0x000000072a400000, 0x000000072a600000|  0%| F|  |TAMS 0x000000072a400000| PB 0x000000072a400000| Untracked |  0
|  44|0x000000072a600000, 0x000000072a600000, 0x000000072a800000|  0%| F|  |TAMS 0x000000072a600000| PB 0x000000072a600000| Untracked |  0
|  45|0x000000072a800000, 0x000000072a800000, 0x000000072aa00000|  0%| F|  |TAMS 0x000000072a800000| PB 0x000000072a800000| Untracked |  0
|  46|0x000000072aa00000, 0x000000072aa00000, 0x000000072ac00000|  0%| F|  |TAMS 0x000000072aa00000| PB 0x000000072aa00000| Untracked |  0
|  47|0x000000072ac00000, 0x000000072ac00000, 0x000000072ae00000|  0%| F|  |TAMS 0x000000072ac00000| PB 0x000000072ac00000| Untracked |  0
|  48|0x000000072ae00000, 0x000000072ae00000, 0x000000072b000000|  0%| F|  |TAMS 0x000000072ae00000| PB 0x000000072ae00000| Untracked |  0
|  49|0x000000072b000000, 0x000000072b000000, 0x000000072b200000|  0%| F|  |TAMS 0x000000072b000000| PB 0x000000072b000000| Untracked |  0
|  50|0x000000072b200000, 0x000000072b200000, 0x000000072b400000|  0%| F|  |TAMS 0x000000072b200000| PB 0x000000072b200000| Untracked |  0
|  51|0x000000072b400000, 0x000000072b400000, 0x000000072b600000|  0%| F|  |TAMS 0x000000072b400000| PB 0x000000072b400000| Untracked |  0
|  52|0x000000072b600000, 0x000000072b600000, 0x000000072b800000|  0%| F|  |TAMS 0x000000072b600000| PB 0x000000072b600000| Untracked |  0
|  53|0x000000072b800000, 0x000000072b800000, 0x000000072ba00000|  0%| F|  |TAMS 0x000000072b800000| PB 0x000000072b800000| Untracked |  0
|  54|0x000000072ba00000, 0x000000072ba00000, 0x000000072bc00000|  0%| F|  |TAMS 0x000000072ba00000| PB 0x000000072ba00000| Untracked |  0
|  55|0x000000072bc00000, 0x000000072bc00000, 0x000000072be00000|  0%| F|  |TAMS 0x000000072bc00000| PB 0x000000072bc00000| Untracked |  0
|  56|0x000000072be00000, 0x000000072be00000, 0x000000072c000000|  0%| F|  |TAMS 0x000000072be00000| PB 0x000000072be00000| Untracked |  0
|  57|0x000000072c000000, 0x000000072c000000, 0x000000072c200000|  0%| F|  |TAMS 0x000000072c000000| PB 0x000000072c000000| Untracked |  0
|  58|0x000000072c200000, 0x000000072c200000, 0x000000072c400000|  0%| F|  |TAMS 0x000000072c200000| PB 0x000000072c200000| Untracked |  0
|  59|0x000000072c400000, 0x000000072c400000, 0x000000072c600000|  0%| F|  |TAMS 0x000000072c400000| PB 0x000000072c400000| Untracked |  0
|  60|0x000000072c600000, 0x000000072c600000, 0x000000072c800000|  0%| F|  |TAMS 0x000000072c600000| PB 0x000000072c600000| Untracked |  0
|  61|0x000000072c800000, 0x000000072c800000, 0x000000072ca00000|  0%| F|  |TAMS 0x000000072c800000| PB 0x000000072c800000| Untracked |  0
|  62|0x000000072ca00000, 0x000000072ca00000, 0x000000072cc00000|  0%| F|  |TAMS 0x000000072ca00000| PB 0x000000072ca00000| Untracked |  0
|  63|0x000000072cc00000, 0x000000072cc00000, 0x000000072ce00000|  0%| F|  |TAMS 0x000000072cc00000| PB 0x000000072cc00000| Untracked |  0
|  64|0x000000072ce00000, 0x000000072ce00000, 0x000000072d000000|  0%| F|  |TAMS 0x000000072ce00000| PB 0x000000072ce00000| Untracked |  0
|  65|0x000000072d000000, 0x000000072d000000, 0x000000072d200000|  0%| F|  |TAMS 0x000000072d000000| PB 0x000000072d000000| Untracked |  0
|  66|0x000000072d200000, 0x000000072d200000, 0x000000072d400000|  0%| F|  |TAMS 0x000000072d200000| PB 0x000000072d200000| Untracked |  0
|  67|0x000000072d400000, 0x000000072d400000, 0x000000072d600000|  0%| F|  |TAMS 0x000000072d400000| PB 0x000000072d400000| Untracked |  0
|  68|0x000000072d600000, 0x000000072d600000, 0x000000072d800000|  0%| F|  |TAMS 0x000000072d600000| PB 0x000000072d600000| Untracked |  0
|  69|0x000000072d800000, 0x000000072d800000, 0x000000072da00000|  0%| F|  |TAMS 0x000000072d800000| PB 0x000000072d800000| Untracked |  0
|  70|0x000000072da00000, 0x000000072da00000, 0x000000072dc00000|  0%| F|  |TAMS 0x000000072da00000| PB 0x000000072da00000| Untracked |  0
|  71|0x000000072dc00000, 0x000000072dc00000, 0x000000072de00000|  0%| F|  |TAMS 0x000000072dc00000| PB 0x000000072dc00000| Untracked |  0
|  72|0x000000072de00000, 0x000000072de00000, 0x000000072e000000|  0%| F|  |TAMS 0x000000072de00000| PB 0x000000072de00000| Untracked |  0
|  73|0x000000072e000000, 0x000000072e000000, 0x000000072e200000|  0%| F|  |TAMS 0x000000072e000000| PB 0x000000072e000000| Untracked |  0
|  74|0x000000072e200000, 0x000000072e200000, 0x000000072e400000|  0%| F|  |TAMS 0x000000072e200000| PB 0x000000072e200000| Untracked |  0
|  75|0x000000072e400000, 0x000000072e400000, 0x000000072e600000|  0%| F|  |TAMS 0x000000072e400000| PB 0x000000072e400000| Untracked |  0
|  76|0x000000072e600000, 0x000000072e600000, 0x000000072e800000|  0%| F|  |TAMS 0x000000072e600000| PB 0x000000072e600000| Untracked |  0
|  77|0x000000072e800000, 0x000000072e800000, 0x000000072ea00000|  0%| F|  |TAMS 0x000000072e800000| PB 0x000000072e800000| Untracked |  0
|  78|0x000000072ea00000, 0x000000072ea00000, 0x000000072ec00000|  0%| F|  |TAMS 0x000000072ea00000| PB 0x000000072ea00000| Untracked |  0
|  79|0x000000072ec00000, 0x000000072ec00000, 0x000000072ee00000|  0%| F|  |TAMS 0x000000072ec00000| PB 0x000000072ec00000| Untracked |  0
|  80|0x000000072ee00000, 0x000000072ee00000, 0x000000072f000000|  0%| F|  |TAMS 0x000000072ee00000| PB 0x000000072ee00000| Untracked |  0
|  81|0x000000072f000000, 0x000000072f000000, 0x000000072f200000|  0%| F|  |TAMS 0x000000072f000000| PB 0x000000072f000000| Untracked |  0
|  82|0x000000072f200000, 0x000000072f200000, 0x000000072f400000|  0%| F|  |TAMS 0x000000072f200000| PB 0x000000072f200000| Untracked |  0
|  83|0x000000072f400000, 0x000000072f400000, 0x000000072f600000|  0%| F|  |TAMS 0x000000072f400000| PB 0x000000072f400000| Untracked |  0
|  84|0x000000072f600000, 0x000000072f600000, 0x000000072f800000|  0%| F|  |TAMS 0x000000072f600000| PB 0x000000072f600000| Untracked |  0
|  85|0x000000072f800000, 0x000000072f800000, 0x000000072fa00000|  0%| F|  |TAMS 0x000000072f800000| PB 0x000000072f800000| Untracked |  0
|  86|0x000000072fa00000, 0x000000072fa00000, 0x000000072fc00000|  0%| F|  |TAMS 0x000000072fa00000| PB 0x000000072fa00000| Untracked |  0
|  87|0x000000072fc00000, 0x000000072fc00000, 0x000000072fe00000|  0%| F|  |TAMS 0x000000072fc00000| PB 0x000000072fc00000| Untracked |  0
|  88|0x000000072fe00000, 0x000000072fe00000, 0x0000000730000000|  0%| F|  |TAMS 0x000000072fe00000| PB 0x000000072fe00000| Untracked |  0
|  89|0x0000000730000000, 0x0000000730000000, 0x0000000730200000|  0%| F|  |TAMS 0x0000000730000000| PB 0x0000000730000000| Untracked |  0
|  90|0x0000000730200000, 0x0000000730200000, 0x0000000730400000|  0%| F|  |TAMS 0x0000000730200000| PB 0x0000000730200000| Untracked |  0
|  91|0x0000000730400000, 0x0000000730400000, 0x0000000730600000|  0%| F|  |TAMS 0x0000000730400000| PB 0x0000000730400000| Untracked |  0
|  92|0x0000000730600000, 0x0000000730600000, 0x0000000730800000|  0%| F|  |TAMS 0x0000000730600000| PB 0x0000000730600000| Untracked |  0
|  93|0x0000000730800000, 0x0000000730800000, 0x0000000730a00000|  0%| F|  |TAMS 0x0000000730800000| PB 0x0000000730800000| Untracked |  0
|  94|0x0000000730a00000, 0x0000000730a00000, 0x0000000730c00000|  0%| F|  |TAMS 0x0000000730a00000| PB 0x0000000730a00000| Untracked |  0
|  95|0x0000000730c00000, 0x0000000730c00000, 0x0000000730e00000|  0%| F|  |TAMS 0x0000000730c00000| PB 0x0000000730c00000| Untracked |  0
|  96|0x0000000730e00000, 0x0000000730fc0000, 0x0000000731000000| 87%| S|CS|TAMS 0x0000000730e00000| PB 0x0000000730e00000| Complete |  0
|  97|0x0000000731000000, 0x0000000731200000, 0x0000000731200000|100%| S|CS|TAMS 0x0000000731000000| PB 0x0000000731000000| Complete |  0
|  98|0x0000000731200000, 0x0000000731200000, 0x0000000731400000|  0%| F|  |TAMS 0x0000000731200000| PB 0x0000000731200000| Untracked |  0
|  99|0x0000000731400000, 0x0000000731400000, 0x0000000731600000|  0%| F|  |TAMS 0x0000000731400000| PB 0x0000000731400000| Untracked |  0
| 100|0x0000000731600000, 0x0000000731600000, 0x0000000731800000|  0%| F|  |TAMS 0x0000000731600000| PB 0x0000000731600000| Untracked |  0
| 101|0x0000000731800000, 0x0000000731800000, 0x0000000731a00000|  0%| F|  |TAMS 0x0000000731800000| PB 0x0000000731800000| Untracked |  0
| 102|0x0000000731a00000, 0x0000000731a00000, 0x0000000731c00000|  0%| F|  |TAMS 0x0000000731a00000| PB 0x0000000731a00000| Untracked |  0
| 103|0x0000000731c00000, 0x0000000731c00000, 0x0000000731e00000|  0%| F|  |TAMS 0x0000000731c00000| PB 0x0000000731c00000| Untracked |  0
| 104|0x0000000731e00000, 0x0000000731e00000, 0x0000000732000000|  0%| F|  |TAMS 0x0000000731e00000| PB 0x0000000731e00000| Untracked |  0
| 105|0x0000000732000000, 0x0000000732000000, 0x0000000732200000|  0%| F|  |TAMS 0x0000000732000000| PB 0x0000000732000000| Untracked |  0
| 106|0x0000000732200000, 0x00000007323500d0, 0x0000000732400000| 65%| E|  |TAMS 0x0000000732200000| PB 0x0000000732200000| Complete |  0
| 107|0x0000000732400000, 0x0000000732600000, 0x0000000732600000|100%| E|CS|TAMS 0x0000000732400000| PB 0x0000000732400000| Complete |  0
| 108|0x0000000732600000, 0x0000000732800000, 0x0000000732800000|100%| E|CS|TAMS 0x0000000732600000| PB 0x0000000732600000| Complete |  0
| 109|0x0000000732800000, 0x0000000732a00000, 0x0000000732a00000|100%| E|CS|TAMS 0x0000000732800000| PB 0x0000000732800000| Complete |  0

Card table byte_map: [0x00000174626a0000,0x0000017462d80000] _byte_map_base: 0x000001745ed79000

Marking Bits: (CMBitMap*) 0x000001744886dfd0
 Bits: [0x0000017462d80000, 0x0000017466448000)

Polling page: 0x00000174488d0000

Metaspace:

Usage:
  Non-class:      5.59 MB used.
      Class:    761.93 KB used.
       Both:      6.34 MB used.

Virtual space:
  Non-class space:       64.00 MB reserved,       5.62 MB (  9%) committed,  1 nodes.
      Class space:        1.00 GB reserved,     832.00 KB ( <1%) committed,  1 nodes.
             Both:        1.06 GB reserved,       6.44 MB ( <1%) committed. 

Chunk freelists:
   Non-Class:  8.61 MB
       Class:  15.19 MB
        Both:  23.80 MB

MaxMetaspaceSize: unlimited
CompressedClassSpaceSize: 1.00 GB
Initial GC threshold: 21.00 MB
Current GC threshold: 21.00 MB
CDS: on
 - commit_granule_bytes: 65536.
 - commit_granule_words: 8192.
 - virtual_space_node_default_size: 8388608.
 - enlarge_chunks_in_place: 1.
 - use_allocation_guard: 0.


Internal statistics:

num_allocs_failed_limit: 0.
num_arena_births: 54.
num_arena_deaths: 0.
num_vsnodes_births: 2.
num_vsnodes_deaths: 0.
num_space_committed: 103.
num_space_uncommitted: 0.
num_chunks_returned_to_freelist: 0.
num_chunks_taken_from_freelist: 235.
num_chunk_merges: 0.
num_chunk_splits: 157.
num_chunks_enlarged: 134.
num_inconsistent_stats: 0.

CodeHeap 'non-profiled nmethods': size=120000Kb used=475Kb max_used=475Kb free=119524Kb
 bounds [0x0000017459df0000, 0x000001745a060000, 0x0000017461320000]
CodeHeap 'profiled nmethods': size=120000Kb used=2588Kb max_used=2588Kb free=117411Kb
 bounds [0x0000017452320000, 0x00000174525b0000, 0x0000017459850000]
CodeHeap 'non-nmethods': size=5760Kb used=1361Kb max_used=1387Kb free=4398Kb
 bounds [0x0000017459850000, 0x0000017459ac0000, 0x0000017459df0000]
 total_blobs=1844 nmethods=1379 adapters=370
 compilation: enabled
              stopped_count=0, restarted_count=0
 full_count=0

Compilation events (20 events):
Event: 46.694 Thread 0x000001746916b7a0 nmethod 1370 0x0000017459e65e90 code [0x0000017459e66020, 0x0000017459e660f0]
Event: 46.697 Thread 0x000001746916b7a0 1371       1       java.util.HashMap::size (5 bytes)
Event: 46.697 Thread 0x000001746916b7a0 nmethod 1371 0x0000017459e66190 code [0x0000017459e66320, 0x0000017459e663e8]
Event: 46.698 Thread 0x000001746916b7a0 1372       3       java.lang.Integer::parseInt (314 bytes)
Event: 46.700 Thread 0x000001746916b7a0 nmethod 1372 0x00000174525a2410 code [0x00000174525a2820, 0x00000174525a4688]
Event: 46.705 Thread 0x0000017469129cd0 1373       4       java.lang.String::lastIndexOf (12 bytes)
Event: 46.705 Thread 0x000001746916b7a0 1374       3       java.nio.charset.CharsetDecoder::<init> (100 bytes)
Event: 46.706 Thread 0x000001746916b7a0 nmethod 1374 0x00000174525a5090 code [0x00000174525a52a0, 0x00000174525a5958]
Event: 46.706 Thread 0x000001746916b7a0 1375       3       java.nio.charset.CharsetDecoder::replaceWith (68 bytes)
Event: 46.706 Thread 0x000001746916b7a0 nmethod 1375 0x00000174525a5b10 code [0x00000174525a5d20, 0x00000174525a6368]
Event: 46.708 Thread 0x000001746916b7a0 1377       3       java.nio.ByteBuffer::limit (8 bytes)
Event: 46.708 Thread 0x000001746916b7a0 nmethod 1377 0x00000174525a6590 code [0x00000174525a6740, 0x00000174525a6890]
Event: 46.708 Thread 0x0000017469129cd0 nmethod 1373 0x0000017459e66490 code [0x0000017459e66620, 0x0000017459e66850]
Event: 46.708 Thread 0x0000017469129cd0 1376       4       org.eclipse.sisu.space.asm.ClassReader::readInt (52 bytes)
Event: 46.709 Thread 0x0000017469129cd0 nmethod 1376 0x0000017459e66990 code [0x0000017459e66b20, 0x0000017459e66c48]
Event: 46.709 Thread 0x000001746916b7a0 1378       3       java.nio.ByteBuffer::allocate (20 bytes)
Event: 46.709 Thread 0x000001746916b7a0 nmethod 1378 0x00000174525a6910 code [0x00000174525a6ac0, 0x00000174525a6cd8]
Event: 46.710 Thread 0x000001746916b7a0 1379       3       java.nio.HeapByteBuffer::<init> (21 bytes)
Event: 46.710 Thread 0x000001746916b7a0 nmethod 1379 0x00000174525a6e10 code [0x00000174525a6fc0, 0x00000174525a71d8]
Event: 46.710 Thread 0x000001746916b7a0 1380       3       org.eclipse.sisu.space.asm.ClassReader::readMethod (1055 bytes)

GC Heap History (2 events):
Event: 43.552 GC heap before
{Heap before GC invocations=0 (full 0):
 garbage-first heap   total reserved 3590144K, committed 225280K, used 22528K [0x0000000724e00000, 0x0000000800000000)
  region size 2048K, 12 young (24576K), 0 survivors (0K)
 Metaspace       used 5711K, committed 5888K, reserved 1114112K
  class space    used 673K, committed 768K, reserved 1048576K
}
Event: 44.437 GC heap after
{Heap after GC invocations=1 (full 0):
 garbage-first heap   total reserved 3590144K, committed 225280K, used 3840K [0x0000000724e00000, 0x0000000800000000)
  region size 2048K, 2 young (4096K), 2 survivors (4096K)
 Metaspace       used 5711K, committed 5888K, reserved 1114112K
  class space    used 673K, committed 768K, reserved 1048576K
}

Dll operation events (8 events):
Event: 0.566 Loaded shared library C:\Program Files\Java\jdk-22\bin\java.dll
Event: 3.786 Loaded shared library C:\Program Files\Java\jdk-22\bin\jsvml.dll
Event: 4.459 Loaded shared library C:\Program Files\Java\jdk-22\bin\net.dll
Event: 4.484 Loaded shared library C:\Program Files\Java\jdk-22\bin\nio.dll
Event: 8.841 Loaded shared library C:\Program Files\Java\jdk-22\bin\zip.dll
Event: 23.076 Loaded shared library C:\Program Files\Java\jdk-22\bin\jimage.dll
Event: 24.217 Loaded shared library C:\Program Files\NetBeans-21\netbeans\java\maven\lib\jansi-native\Windows\x86_64\jansi.dll
Event: 24.546 Loaded shared library C:\Program Files\Java\jdk-22\bin\verify.dll

Deoptimization events (20 events):
Event: 42.625 Thread 0x00000174485ff710 DEOPT PACKING pc=0x0000017459e1c680 sp=0x00000038ea7fe1d0
Event: 42.625 Thread 0x00000174485ff710 DEOPT UNPACKING pc=0x00000174598a46a2 sp=0x00000038ea7fe188 mode 2
Event: 42.627 Thread 0x00000174485ff710 Uncommon trap: trap_request=0xffffff45 fr.pc=0x0000017459e165e4 relative=0x00000000000000c4
Event: 42.629 Thread 0x00000174485ff710 Uncommon trap: reason=unstable_if action=reinterpret pc=0x0000017459e165e4 method=org.codehaus.plexus.util.xml.pull.MXParser.more()C @ 8 c2
Event: 42.631 Thread 0x00000174485ff710 DEOPT PACKING pc=0x0000017459e165e4 sp=0x00000038ea7fe5a0
Event: 42.631 Thread 0x00000174485ff710 DEOPT UNPACKING pc=0x00000174598a46a2 sp=0x00000038ea7fe530 mode 2
Event: 43.376 Thread 0x00000174485ff710 DEOPT PACKING pc=0x000001745236f198 sp=0x00000038ea7fe2f0
Event: 43.376 Thread 0x00000174485ff710 DEOPT UNPACKING pc=0x00000174598a4e42 sp=0x00000038ea7fd7c8 mode 0
Event: 44.446 Thread 0x000001746911e770 Uncommon trap: trap_request=0xffffff45 fr.pc=0x0000017459e3d7c0 relative=0x0000000000000040
Event: 44.446 Thread 0x000001746911e770 Uncommon trap: reason=unstable_if action=reinterpret pc=0x0000017459e3d7c0 method=java.util.concurrent.locks.AbstractQueuedSynchronizer.signalNext(Ljava/util/concurrent/locks/AbstractQueuedSynchronizer$Node;)V @ 1 c2
Event: 44.446 Thread 0x000001746911e770 DEOPT PACKING pc=0x0000017459e3d7c0 sp=0x00000038eb0ff0a0
Event: 44.446 Thread 0x000001746911e770 DEOPT UNPACKING pc=0x00000174598a46a2 sp=0x00000038eb0ff030 mode 2
Event: 44.446 Thread 0x000001746911e770 Uncommon trap: trap_request=0xffffff45 fr.pc=0x0000017459e3d520 relative=0x0000000000000180
Event: 44.446 Thread 0x000001746911e770 Uncommon trap: reason=unstable_if action=reinterpret pc=0x0000017459e3d520 method=java.util.concurrent.locks.ReentrantLock$NonfairSync.initialTryLock()Z @ 25 c2
Event: 44.446 Thread 0x000001746911e770 DEOPT PACKING pc=0x0000017459e3d520 sp=0x00000038eb0ff080
Event: 44.446 Thread 0x000001746911e770 DEOPT UNPACKING pc=0x00000174598a46a2 sp=0x00000038eb0ff020 mode 2
Event: 44.584 Thread 0x00000174485ff710 Uncommon trap: trap_request=0xffffff45 fr.pc=0x0000017459e4cc3c relative=0x0000000000000b5c
Event: 44.584 Thread 0x00000174485ff710 Uncommon trap: reason=unstable_if action=reinterpret pc=0x0000017459e4cc3c method=org.codehaus.plexus.util.xml.pull.MXParser.nextImpl()I @ 241 c2
Event: 44.584 Thread 0x00000174485ff710 DEOPT PACKING pc=0x0000017459e4cc3c sp=0x00000038ea7fe720
Event: 44.585 Thread 0x00000174485ff710 DEOPT UNPACKING pc=0x00000174598a46a2 sp=0x00000038ea7fe6b0 mode 2

Classes loaded (20 events):
Event: 40.661 Loading class java/lang/reflect/ParameterizedType
Event: 40.661 Loading class java/lang/reflect/ParameterizedType done
Event: 40.664 Loading class java/lang/reflect/WildcardType
Event: 40.664 Loading class java/lang/reflect/WildcardType done
Event: 40.689 Loading class sun/reflect/generics/tree/TypeVariableSignature
Event: 40.689 Loading class sun/reflect/generics/tree/TypeVariableSignature done
Event: 42.618 Loading class java/lang/annotation/IncompleteAnnotationException
Event: 42.618 Loading class java/lang/annotation/IncompleteAnnotationException done
Event: 42.945 Loading class java/lang/foreign/MemorySegment
Event: 43.366 Loading class java/lang/foreign/MemorySegment done
Event: 44.591 Loading class sun/reflect/generics/reflectiveObjects/TypeVariableImpl
Event: 44.827 Loading class sun/reflect/generics/reflectiveObjects/LazyReflectiveObjectGenerator
Event: 44.838 Loading class sun/reflect/generics/reflectiveObjects/LazyReflectiveObjectGenerator done
Event: 44.838 Loading class sun/reflect/generics/reflectiveObjects/TypeVariableImpl done
Event: 44.838 Loading class sun/reflect/generics/reflectiveObjects/ParameterizedTypeImpl
Event: 44.838 Loading class sun/reflect/generics/reflectiveObjects/ParameterizedTypeImpl done
Event: 45.104 Loading class jdk/internal/foreign/MemorySessionImpl
Event: 45.105 Loading class java/lang/foreign/MemorySegment$Scope
Event: 45.105 Loading class java/lang/foreign/MemorySegment$Scope done
Event: 45.105 Loading class jdk/internal/foreign/MemorySessionImpl done

Classes unloaded (0 events):
No events

Classes redefined (0 events):
No events

Internal exceptions (20 events):
Event: 24.458 Thread 0x00000174485ff710 Exception <a 'java/lang/NullPointerException'{0x000000073256c628}> (0x000000073256c628) 
thrown [s\open\src\hotspot\share\interpreter\linkResolver.cpp, line 1374]
Event: 24.458 Thread 0x00000174485ff710 Exception <a 'java/lang/NullPointerException'{0x000000073256c908}> (0x000000073256c908) 
thrown [s\open\src\hotspot\share\interpreter\linkResolver.cpp, line 1374]
Event: 24.514 Thread 0x00000174485ff710 Exception <a 'sun/nio/fs/WindowsException'{0x00000007325958c8}> (0x00000007325958c8) 
thrown [s\open\src\hotspot\share\prims\jni.cpp, line 520]
Event: 24.537 Thread 0x00000174485ff710 Exception <a 'sun/nio/fs/WindowsException'{0x00000007325960a0}> (0x00000007325960a0) 
thrown [s\open\src\hotspot\share\prims\jni.cpp, line 520]
Event: 24.537 Thread 0x00000174485ff710 Exception <a 'sun/nio/fs/WindowsException'{0x00000007325966c8}> (0x00000007325966c8) 
thrown [s\open\src\hotspot\share\prims\jni.cpp, line 520]
Event: 24.537 Thread 0x00000174485ff710 Exception <a 'sun/nio/fs/WindowsException'{0x0000000732596cc8}> (0x0000000732596cc8) 
thrown [s\open\src\hotspot\share\prims\jni.cpp, line 520]
Event: 24.537 Thread 0x00000174485ff710 Exception <a 'sun/nio/fs/WindowsException'{0x0000000732597240}> (0x0000000732597240) 
thrown [s\open\src\hotspot\share\prims\jni.cpp, line 520]
Event: 24.537 Thread 0x00000174485ff710 Exception <a 'sun/nio/fs/WindowsException'{0x0000000732597798}> (0x0000000732597798) 
thrown [s\open\src\hotspot\share\prims\jni.cpp, line 520]
Event: 24.538 Thread 0x00000174485ff710 Exception <a 'sun/nio/fs/WindowsException'{0x0000000732597ca0}> (0x0000000732597ca0) 
thrown [s\open\src\hotspot\share\prims\jni.cpp, line 520]
Event: 24.538 Thread 0x00000174485ff710 Exception <a 'sun/nio/fs/WindowsException'{0x0000000732598160}> (0x0000000732598160) 
thrown [s\open\src\hotspot\share\prims\jni.cpp, line 520]
Event: 25.237 Thread 0x00000174485ff710 Exception <a 'java/lang/NoSuchMethodError'{0x000000073220a278}: 'void java.lang.invoke.DirectMethodHandle$Holder.invokeStatic(java.lang.Object, java.lang.Object, java.lang.Object)'> (0x000000073220a278) 
thrown [s\open\src\hotspot\share\interpreter\linkResolver.cpp, line 774]
Event: 29.632 Thread 0x00000174485ff710 Exception <a 'java/lang/NoSuchMethodError'{0x00000007323bb228}: 'java.lang.Object java.lang.invoke.DirectMethodHandle$Holder.invokeSpecialIFC(java.lang.Object, java.lang.Object, java.lang.Object, java.lang.Object)'> (0x00000007323bb228) 
thrown [s\open\src\hotspot\share\interpreter\linkResolver.cpp, line 774]
Event: 35.606 Thread 0x00000174485ff710 Exception <a 'java/lang/NoSuchMethodError'{0x0000000731d2dde0}: 'void java.lang.invoke.DirectMethodHandle$Holder.invokeSpecial(java.lang.Object, java.lang.Object, java.lang.Object)'> (0x0000000731d2dde0) 
thrown [s\open\src\hotspot\share\interpreter\linkResolver.cpp, line 774]
Event: 37.980 Thread 0x00000174485ff710 Exception <a 'java/lang/NoSuchMethodError'{0x0000000731a6def0}: 'java.lang.Object java.lang.invoke.DirectMethodHandle$Holder.invokeInterface(java.lang.Object, java.lang.Object)'> (0x0000000731a6def0) 
thrown [s\open\src\hotspot\share\interpreter\linkResolver.cpp, line 774]
Event: 38.493 Thread 0x00000174485ff710 Exception <a 'java/lang/NoSuchMethodError'{0x0000000731b00098}: 'int java.lang.invoke.DirectMethodHandle$Holder.invokeStatic(java.lang.Object, java.lang.Object, java.lang.Object, java.lang.Object)'> (0x0000000731b00098) 
thrown [s\open\src\hotspot\share\interpreter\linkResolver.cpp, line 774]
Event: 38.496 Thread 0x00000174485ff710 Exception <a 'java/lang/NoSuchMethodError'{0x0000000731b03758}: 'java.lang.Object java.lang.invoke.Invokers$Holder.invokeExact_MT(java.lang.Object, java.lang.Object, java.lang.Object, java.lang.Object, java.lang.Object, java.lang.Object)'> (0x0000000731b03758) 
thrown [s\open\src\hotspot\share\interpreter\linkResolver.cpp, line 774]
Event: 38.502 Thread 0x00000174485ff710 Exception <a 'java/lang/NoSuchMethodError'{0x0000000731b121c8}: 'int java.lang.invoke.DirectMethodHandle$Holder.invokeSpecialIFC(java.lang.Object, java.lang.Object, java.lang.Object, java.lang.Object, java.lang.Object)'> (0x0000000731b121c8) 
thrown [s\open\src\hotspot\share\interpreter\linkResolver.cpp, line 774]
Event: 39.303 Thread 0x00000174485ff710 Exception <a 'java/lang/NoSuchMethodError'{0x00000007318884c0}: 'java.lang.Object java.lang.invoke.DirectMethodHandle$Holder.newInvokeSpecial(java.lang.Object, java.lang.Object, java.lang.Object, java.lang.Object, java.lang.Object)'> (0x00000007318884c0) 
thrown [s\open\src\hotspot\share\interpreter\linkResolver.cpp, line 774]
Event: 42.604 Thread 0x00000174485ff710 Exception <a 'java/lang/NoSuchMethodError'{0x000000073197dd70}: 'int java.lang.invoke.DirectMethodHandle$Holder.invokeStaticInit(java.lang.Object, java.lang.Object)'> (0x000000073197dd70) 
thrown [s\open\src\hotspot\share\interpreter\linkResolver.cpp, line 774]
Event: 42.618 Thread 0x00000174485ff710 Exception <a 'java/lang/NoClassDefFoundError'{0x00000007319b1fc0}: javax/enterprise/inject/Typed> (0x00000007319b1fc0) 
thrown [s\open\src\hotspot\share\classfile\systemDictionary.cpp, line 302]

ZGC Phase Switch (0 events):
No events

VM Operations (20 events):
Event: 32.708 Executing VM operation: Cleanup
Event: 33.229 Executing VM operation: Cleanup done
Event: 34.238 Executing VM operation: Cleanup
Event: 34.974 Executing VM operation: Cleanup done
Event: 37.003 Executing VM operation: Cleanup
Event: 37.327 Executing VM operation: Cleanup done
Event: 39.344 Executing VM operation: Cleanup
Event: 39.344 Executing VM operation: Cleanup done
Event: 40.351 Executing VM operation: Cleanup
Event: 40.351 Executing VM operation: Cleanup done
Event: 41.356 Executing VM operation: Cleanup
Event: 41.356 Executing VM operation: Cleanup done
Event: 43.384 Executing VM operation: Cleanup
Event: 43.386 Executing VM operation: Cleanup done
Event: 43.552 Executing VM operation: G1CollectForAllocation (G1 Evacuation Pause)
Event: 44.437 Executing VM operation: G1CollectForAllocation (G1 Evacuation Pause) done
Event: 45.439 Executing VM operation: Cleanup
Event: 45.439 Executing VM operation: Cleanup done
Event: 46.442 Executing VM operation: Cleanup
Event: 46.457 Executing VM operation: Cleanup done

Events (11 events):
Event: 3.758 Thread 0x00000174485ff710 Thread added: 0x00000174485ff710
Event: 3.777 Thread 0x000001746911e770 Thread added: 0x000001746911e770
Event: 3.777 Thread 0x000001746911f330 Thread added: 0x000001746911f330
Event: 3.777 Thread 0x00000174691210b0 Thread added: 0x00000174691210b0
Event: 3.777 Thread 0x0000017469123520 Thread added: 0x0000017469123520
Event: 3.777 Thread 0x00000174691244d0 Thread added: 0x00000174691244d0
Event: 3.777 Thread 0x0000017469128f40 Thread added: 0x0000017469128f40
Event: 3.777 Thread 0x0000017469129cd0 Thread added: 0x0000017469129cd0
Event: 3.987 Thread 0x000001746916b7a0 Thread added: 0x000001746916b7a0
Event: 4.118 Thread 0x00000174451de130 Thread added: 0x00000174451de130
Event: 4.122 Thread 0x00000174451e3150 Thread added: 0x00000174451e3150


Dynamic libraries:
0x00007ff7ed1d0000 - 0x00007ff7ed1e0000 	C:\Program Files\Java\jdk-22\bin\java.exe
0x00007ffc3f9d0000 - 0x00007ffc3fbe7000 	C:\WINDOWS\SYSTEM32\ntdll.dll
0x00007ffc3e920000 - 0x00007ffc3e9e4000 	C:\WINDOWS\System32\KERNEL32.DLL
0x00007ffc3cf80000 - 0x00007ffc3d327000 	C:\WINDOWS\System32\KERNELBASE.dll
0x00007ffc3ce60000 - 0x00007ffc3cf71000 	C:\WINDOWS\System32\ucrtbase.dll
0x00007ffc0f400000 - 0x00007ffc0f417000 	C:\Program Files\Java\jdk-22\bin\jli.dll
0x00007ffc3e9f0000 - 0x00007ffc3eaa2000 	C:\WINDOWS\System32\ADVAPI32.dll
0x00007ffc3eab0000 - 0x00007ffc3eb57000 	C:\WINDOWS\System32\msvcrt.dll
0x00007ffc3dbc0000 - 0x00007ffc3dc68000 	C:\WINDOWS\System32\sechost.dll
0x00007ffc3ce30000 - 0x00007ffc3ce58000 	C:\WINDOWS\System32\bcrypt.dll
0x00007ffc3f650000 - 0x00007ffc3f765000 	C:\WINDOWS\System32\RPCRT4.dll
0x00007ffc3e520000 - 0x00007ffc3e6ce000 	C:\WINDOWS\System32\USER32.dll
0x00007ffc3d4c0000 - 0x00007ffc3d4e6000 	C:\WINDOWS\System32\win32u.dll
0x00007ffc3db70000 - 0x00007ffc3db99000 	C:\WINDOWS\System32\GDI32.dll
0x00007ffc3d3a0000 - 0x00007ffc3d4b9000 	C:\WINDOWS\System32\gdi32full.dll
0x00007ffc3d4f0000 - 0x00007ffc3d58a000 	C:\WINDOWS\System32\msvcp_win.dll
0x00007ffbf78f0000 - 0x00007ffbf790b000 	C:\Program Files\Java\jdk-22\bin\VCRUNTIME140.dll
0x00007ffc10350000 - 0x00007ffc105e3000 	C:\WINDOWS\WinSxS\amd64_microsoft.windows.common-controls_6595b64144ccf1df_6.0.22621.3527_none_270e469b73872a76\COMCTL32.dll
0x00007ffc343d0000 - 0x00007ffc343da000 	C:\WINDOWS\SYSTEM32\VERSION.dll
0x00007ffc3f2b0000 - 0x00007ffc3f2e1000 	C:\WINDOWS\System32\IMM32.DLL
0x00007ffc0e880000 - 0x00007ffc0e88c000 	C:\Program Files\Java\jdk-22\bin\vcruntime140_1.dll
0x00007ffbd0ad0000 - 0x00007ffbd0b5e000 	C:\Program Files\Java\jdk-22\bin\msvcp140.dll
0x00007ffba99a0000 - 0x00007ffbaa6e8000 	C:\Program Files\Java\jdk-22\bin\server\jvm.dll
0x00007ffc3e6d0000 - 0x00007ffc3e741000 	C:\WINDOWS\System32\WS2_32.dll
0x00007ffc3cbb0000 - 0x00007ffc3cbfd000 	C:\WINDOWS\SYSTEM32\POWRPROF.dll
0x00007ffc345c0000 - 0x00007ffc345f4000 	C:\WINDOWS\SYSTEM32\WINMM.dll
0x00007ffc3cb90000 - 0x00007ffc3cba3000 	C:\WINDOWS\SYSTEM32\UMPDC.dll
0x00007ffc3bcd0000 - 0x00007ffc3bce8000 	C:\WINDOWS\SYSTEM32\kernel.appcore.dll
0x00007ffbf77d0000 - 0x00007ffbf77da000 	C:\Program Files\Java\jdk-22\bin\jimage.dll
0x00007ffc3a670000 - 0x00007ffc3a8a2000 	C:\WINDOWS\SYSTEM32\DBGHELP.DLL
0x00007ffc3d700000 - 0x00007ffc3da88000 	C:\WINDOWS\System32\combase.dll
0x00007ffc3da90000 - 0x00007ffc3db67000 	C:\WINDOWS\System32\OLEAUT32.dll
0x00007ffc2a930000 - 0x00007ffc2a962000 	C:\WINDOWS\SYSTEM32\dbgcore.DLL
0x00007ffc3cdb0000 - 0x00007ffc3ce29000 	C:\WINDOWS\System32\bcryptPrimitives.dll
0x00007ffbf78d0000 - 0x00007ffbf78ee000 	C:\Program Files\Java\jdk-22\bin\java.dll
0x00007ffc3dc70000 - 0x00007ffc3e4cc000 	C:\WINDOWS\System32\SHELL32.dll
0x00007ffc3f2f0000 - 0x00007ffc3f495000 	C:\WINDOWS\System32\ole32.dll
0x00007ffc3abe0000 - 0x00007ffc3b4d6000 	C:\WINDOWS\SYSTEM32\windows.storage.dll
0x00007ffc3aaa0000 - 0x00007ffc3abde000 	C:\WINDOWS\SYSTEM32\wintypes.dll
0x00007ffc3ed30000 - 0x00007ffc3ee25000 	C:\WINDOWS\System32\SHCORE.dll
0x00007ffc3ec60000 - 0x00007ffc3ecbe000 	C:\WINDOWS\System32\shlwapi.dll
0x00007ffc3cc20000 - 0x00007ffc3cc41000 	C:\WINDOWS\SYSTEM32\profapi.dll
0x00007ffbdd120000 - 0x00007ffbdd1f7000 	C:\Program Files\Java\jdk-22\bin\jsvml.dll
0x00007ffbf77c0000 - 0x00007ffbf77d0000 	C:\Program Files\Java\jdk-22\bin\net.dll
0x00007ffc3c130000 - 0x00007ffc3c199000 	C:\WINDOWS\system32\mswsock.dll
0x00007ffbdd100000 - 0x00007ffbdd116000 	C:\Program Files\Java\jdk-22\bin\nio.dll
0x00007ffbdd0e0000 - 0x00007ffbdd0f7000 	C:\Program Files\Java\jdk-22\bin\zip.dll
0x0000000069ac0000 - 0x0000000069ae4000 	C:\Program Files\NetBeans-21\netbeans\java\maven\lib\jansi-native\Windows\x86_64\jansi.dll
0x00007ffbf77b0000 - 0x00007ffbf77c0000 	C:\Program Files\Java\jdk-22\bin\verify.dll

dbghelp: loaded successfully - version: 4.0.5 - missing functions: none
symbol engine: initialized successfully - sym options: 0x614 - pdb path: .;C:\Program Files\Java\jdk-22\bin;C:\WINDOWS\SYSTEM32;C:\WINDOWS\WinSxS\amd64_microsoft.windows.common-controls_6595b64144ccf1df_6.0.22621.3527_none_270e469b73872a76;C:\Program Files\Java\jdk-22\bin\server;C:\Program Files\NetBeans-21\netbeans\java\maven\lib\jansi-native\Windows\x86_64

VM Arguments:
jvm_args: -Dclassworlds.conf=C:\Program Files\NetBeans-21\netbeans\java\maven\bin\m2.conf -Dmaven.home=C:\Program Files\NetBeans-21\netbeans\java\maven -Dlibrary.jansi.path=C:\Program Files\NetBeans-21\netbeans\java\maven\lib\jansi-native -Dmaven.multiModuleProjectDirectory=C:\Users\ADMIN\OneDrive\Documents\GitHub\Management_Project_Java\mavenproject1 
java_command: org.codehaus.plexus.classworlds.launcher.Launcher -Dexec.vmArgs=--enable-preview -Dexec.args=${exec.vmArgs} -classpath %classpath ${exec.mainClass} ${exec.appArgs} -Dexec.appArgs= -Dexec.mainClass=GUI.Login -Dexec.executable=C:\Program Files\Java\jdk-22\bin\java.exe -Dmaven.ext.class.path=C:\Program Files\NetBeans-21\netbeans\java\maven-nblib\netbeans-eventspy.jar --no-transfer-progress process-classes org.codehaus.mojo:exec-maven-plugin:3.1.0:exec
java_class_path (initial): C:\Program Files\NetBeans-21\netbeans\java\maven\boot\plexus-classworlds-2.7.0.jar
Launcher Type: SUN_STANDARD

[Global flags]
     intx CICompilerCount                          = 4                                         {product} {ergonomic}
     uint ConcGCThreads                            = 3                                         {product} {ergonomic}
     uint G1ConcRefinementThreads                  = 10                                        {product} {ergonomic}
   size_t G1HeapRegionSize                         = 2097152                                   {product} {ergonomic}
   size_t InitialHeapSize                          = 230686720                                 {product} {ergonomic}
   size_t MarkStackSize                            = 4194304                                   {product} {ergonomic}
   size_t MaxHeapSize                              = 3676307456                                {product} {ergonomic}
   size_t MaxNewSize                               = 2204106752                                {product} {ergonomic}
   size_t MinHeapDeltaBytes                        = 2097152                                   {product} {ergonomic}
   size_t MinHeapSize                              = 8388608                                   {product} {ergonomic}
    uintx NonNMethodCodeHeapSize                   = 5839372                                {pd product} {ergonomic}
    uintx NonProfiledCodeHeapSize                  = 122909434                              {pd product} {ergonomic}
    uintx ProfiledCodeHeapSize                     = 122909434                              {pd product} {ergonomic}
    uintx ReservedCodeCacheSize                    = 251658240                              {pd product} {ergonomic}
     bool SegmentedCodeCache                       = true                                      {product} {ergonomic}
   size_t SoftMaxHeapSize                          = 3676307456                             {manageable} {ergonomic}
     bool UseCompressedOops                        = true                           {product lp64_product} {ergonomic}
     bool UseG1GC                                  = true                                      {product} {ergonomic}
     bool UseLargePagesIndividualAllocation        = false                                  {pd product} {ergonomic}

Logging:
Log output configuration:
 #0: stdout all=warning uptime,level,tags foldmultilines=false
 #1: stderr all=off uptime,level,tags foldmultilines=false

Environment Variables:
JAVA_HOME=C:\Program Files\Java\jdk-22
PATH=C:\Program Files (x86)\VMware\VMware Workstation\bin\;C:\Program Files\Common Files\Oracle\Java\javapath;C:\Program Files (x86)\Common Files\Oracle\Java\javapath;C:\Windows\system32;C:\Windows;C:\Windows\System32\Wbem;C:\Windows\System32\WindowsPowerShell\v1.0\;C:\Windows\System32\OpenSSH\;C:\Program Files (x86)\NVIDIA Corporation\PhysX\Common;C:\Program Files\NVIDIA Corporation\NVIDIA NvDLISR;C:\msys64\mingw64\bin;C:\WINDOWS\system32;C:\WINDOWS;C:\WINDOWS\System32\Wbem;C:\WINDOWS\System32\WindowsPowerShell\v1.0\;C:\WINDOWS\System32\OpenSSH\;C:\Program Files (x86)\Microsoft SQL Server\110\Tools\Binn\;C:\Program Files\Microsoft SQL Server\110\Tools\Binn\;C:\Program Files\Microsoft SQL Server\110\DTS\Binn\;C:\Program Files (x86)\Microsoft SQL Server\110\Tools\Binn\ManagementStudio\;C:\Program Files (x86)\Microsoft SQL Server\110\DTS\Binn\;C:\Program Files\Microsoft SQL Server\150\Tools\Binn\;C:\Program Files\Microsoft SQL Server\Client SDK\ODBC\170\Tools\Binn\;C:\Program Files\dotnet\;C:\Program Files\Git\cmd;C:\Users\ADMIN\AppData\Local\Programs\Python\Python312\Scripts\;C:\Users\ADMIN\AppData\Local\Programs\Python\Python312\;C:\Users\ADMIN\AppData\Local\Programs\Python\Launcher\;C:\Users\ADMIN\AppData\Local\Microsoft\WindowsApps;C:\Users\ADMIN\.dotnet\tools;C:\Users\ADMIN\AppData\Local\Programs\Microsoft VS Code\bin;C:\Users\ADMIN\AppData\Local\GitHubDesktop\bin;C:\Program Files\Java\jdk-22\bin;
USERNAME=ADMIN
OS=Windows_NT
PROCESSOR_IDENTIFIER=AMD64 Family 25 Model 68 Stepping 1, AuthenticAMD
TMP=C:\Users\ADMIN\AppData\Local\Temp
TEMP=C:\Users\ADMIN\AppData\Local\Temp




Periodic native trim disabled

---------------  S Y S T E M  ---------------

OS:
 Windows 11 , 64 bit Build 22621 (10.0.22621.3527)
OS uptime: 1 days 1:44 hours
Hyper-V role detected

CPU: total 12 (initial active 12) (12 cores per cpu, 2 threads per core) family 25 model 68 stepping 1 microcode 0x0, cx8, cmov, fxsr, ht, mmx, 3dnowpref, sse, sse2, sse3, ssse3, sse4a, sse4.1, sse4.2, popcnt, lzcnt, tsc, tscinvbit, avx, avx2, aes, erms, clmul, bmi1, bmi2, adx, sha, fma, vzeroupper, clflush, clflushopt, hv, rdtscp, rdpid, fsrm, f16c, cet_ss
Processor Information for all 12 processors :
  Max Mhz: 3301, Current Mhz: 3301, Mhz Limit: 3301

Memory: 4k page, system-wide physical 14020M (1088M free)
TotalPageFile size 57028M (AvailPageFile size 2339M)
current process WorkingSet (physical memory assigned to process): 61M, peak: 68M
current process commit charge ("private bytes"): 320M, peak: 324M

vm_info: Java HotSpot(TM) 64-Bit Server VM (22+36-2370) for windows-amd64 JRE (22+36-2370), built on 2024-02-15T22:15:19Z by "mach5one" with MS VC++ 17.6 (VS2022)

END.
