#
# There is insufficient memory for the Java Runtime Environment to continue.
# Native memory allocation (malloc) failed to allocate 32744 bytes. Error detail: Chunk::new
# Possible reasons:
#   The system is out of physical RAM or swap space
#   This process is running with CompressedOops enabled, and the Java Heap may be blocking the growth of the native heap
# Possible solutions:
#   Reduce memory load on the system
#   Increase physical memory or swap space
#   Check if swap backing store is full
#   Decrease Java heap size (-Xmx/-Xms)
#   Decrease number of Java threads
#   Decrease Java thread stack sizes (-Xss)
#   Set larger code cache with -XX:ReservedCodeCacheSize=
#   JVM is running with Zero Based Compressed Oops mode in which the Java heap is
#     placed in the first 32GB address space. The Java Heap base address is the
#     maximum limit for the native heap growth. Please use -XX:HeapBaseMinAddress
#     to set the Java Heap base and to place the Java Heap above 32GB virtual address.
# This output file may be truncated or incomplete.
#
#  Out of Memory Error (arena.cpp:150), pid=32908, tid=34300
#
# JRE version: Java(TM) SE Runtime Environment (22.0+36) (build 22+36-2370)
# Java VM: Java HotSpot(TM) 64-Bit Server VM (22+36-2370, mixed mode, sharing, tiered, compressed oops, compressed class ptrs, g1 gc, windows-amd64)
# No core dump will be written. Minidumps are not enabled by default on client versions of Windows
#

---------------  S U M M A R Y ------------

Command Line: -Dclassworlds.conf=C:\Program Files\NetBeans-21\netbeans\java\maven\bin\m2.conf -Dmaven.home=C:\Program Files\NetBeans-21\netbeans\java\maven -Dlibrary.jansi.path=C:\Program Files\NetBeans-21\netbeans\java\maven\lib\jansi-native -Dmaven.multiModuleProjectDirectory=C:\Users\ADMIN\OneDrive\Documents\GitHub\Management_Project_Java\mavenproject1 org.codehaus.plexus.classworlds.launcher.Launcher -Dexec.vmArgs=--enable-preview -Dexec.args=${exec.vmArgs} -classpath %classpath ${exec.mainClass} ${exec.appArgs} -Dexec.appArgs= -Dexec.mainClass=GUI.Login -Dexec.executable=C:\Program Files\Java\jdk-22\bin\java.exe -Dmaven.ext.class.path=C:\Program Files\NetBeans-21\netbeans\java\maven-nblib\netbeans-eventspy.jar --no-transfer-progress process-classes org.codehaus.mojo:exec-maven-plugin:3.1.0:exec

Host: AMD Ryzen 5 6600HS Creator Edition             , 12 cores, 13G,  Windows 11 , 64 bit Build 22621 (10.0.22621.3527)
Time: Thu May 16 16:18:43 2024 SE Asia Standard Time elapsed time: 45.106791 seconds (0d 0h 0m 45s)

---------------  T H R E A D  ---------------

Current thread (0x000001a6dab205d0):  JavaThread "C1 CompilerThread0" daemon [_thread_in_native, id=34300, stack(0x0000001db3e00000,0x0000001db3f00000) (1024K)]


Current CompileTask:
C1:45106 1089   !   3       java.lang.String::<init> (880 bytes)

Stack: [0x0000001db3e00000,0x0000001db3f00000]
Native frames: (J=compiled Java code, j=interpreted, Vv=VM code, C=native code)
V  [jvm.dll+0x6e2349]  (no source info available)
V  [jvm.dll+0x874ed3]  (no source info available)
V  [jvm.dll+0x8772fe]  (no source info available)
V  [jvm.dll+0x8779d3]  (no source info available)
V  [jvm.dll+0x27fcb6]  (no source info available)
V  [jvm.dll+0xc3d0f]  (no source info available)
V  [jvm.dll+0xc3f6b]  (no source info available)
V  [jvm.dll+0x6ce065]  (no source info available)
V  [jvm.dll+0x1699bc]  (no source info available)
V  [jvm.dll+0x16fa87]  (no source info available)
V  [jvm.dll+0x151c2f]  (no source info available)
V  [jvm.dll+0x170be2]  (no source info available)
V  [jvm.dll+0x153c08]  (no source info available)
V  [jvm.dll+0x15365d]  (no source info available)
V  [jvm.dll+0x1538a0]  (no source info available)
V  [jvm.dll+0x152c1d]  (no source info available)
V  [jvm.dll+0x154add]  (no source info available)
V  [jvm.dll+0x25699e]  (no source info available)
V  [jvm.dll+0x254c5a]  (no source info available)
V  [jvm.dll+0x3f5426]  (no source info available)
V  [jvm.dll+0x81d50b]  (no source info available)
V  [jvm.dll+0x6e09e5]  (no source info available)
C  [ucrtbase.dll+0x29333]  (no source info available)
C  [KERNEL32.DLL+0x1257d]  (no source info available)
C  [ntdll.dll+0x5aa48]  (no source info available)


---------------  P R O C E S S  ---------------

Threads class SMR info:
_java_thread_list=0x000001a720014d50, length=11, elements={
0x000001a6b9f9f710, 0x000001a6dab0eb80, 0x000001a6dab0f8f0, 0x000001a6dab134e0,
0x000001a6dab13f40, 0x000001a6dab149a0, 0x000001a6dab155b0, 0x000001a6dab1e510,
0x000001a6dab205d0, 0x000001a720038890, 0x000001a72003f740
}

Java Threads: ( => current thread )
  0x000001a6b9f9f710 JavaThread "main"                              [_thread_in_vm, id=33672, stack(0x0000001db2d00000,0x0000001db2e00000) (1024K)]
  0x000001a6dab0eb80 JavaThread "Reference Handler"          daemon [_thread_blocked, id=34164, stack(0x0000001db3700000,0x0000001db3800000) (1024K)]
  0x000001a6dab0f8f0 JavaThread "Finalizer"                  daemon [_thread_blocked, id=34168, stack(0x0000001db3800000,0x0000001db3900000) (1024K)]
  0x000001a6dab134e0 JavaThread "Signal Dispatcher"          daemon [_thread_blocked, id=34172, stack(0x0000001db3900000,0x0000001db3a00000) (1024K)]
  0x000001a6dab13f40 JavaThread "Attach Listener"            daemon [_thread_blocked, id=34176, stack(0x0000001db3a00000,0x0000001db3b00000) (1024K)]
  0x000001a6dab149a0 JavaThread "Service Thread"             daemon [_thread_blocked, id=34180, stack(0x0000001db3b00000,0x0000001db3c00000) (1024K)]
  0x000001a6dab155b0 JavaThread "Monitor Deflation Thread"   daemon [_thread_blocked, id=34184, stack(0x0000001db3c00000,0x0000001db3d00000) (1024K)]
  0x000001a6dab1e510 JavaThread "C2 CompilerThread0"         daemon [_thread_in_native, id=34188, stack(0x0000001db3d00000,0x0000001db3e00000) (1024K)]
=>0x000001a6dab205d0 JavaThread "C1 CompilerThread0"         daemon [_thread_in_native, id=34300, stack(0x0000001db3e00000,0x0000001db3f00000) (1024K)]
  0x000001a720038890 JavaThread "Notification Thread"        daemon [_thread_blocked, id=34440, stack(0x0000001db3f00000,0x0000001db4000000) (1024K)]
  0x000001a72003f740 JavaThread "Common-Cleaner"             daemon [_thread_blocked, id=34472, stack(0x0000001db4000000,0x0000001db4100000) (1024K)]
Total: 11

Other Threads:
  0x000001a6daaefd40 VMThread "VM Thread"                           [id=32704, stack(0x0000001db3500000,0x0000001db3600000) (1024K)] _threads_hazard_ptr=0x000001a720014d50
  0x000001a6daad59b0 WatcherThread "VM Periodic Task Thread"        [id=27028, stack(0x0000001db3400000,0x0000001db3500000) (1024K)]
  0x000001a6ba25d9c0 WorkerThread "GC Thread#0"                     [id=18808, stack(0x0000001db2f00000,0x0000001db3000000) (1024K)]
  0x000001a6ba26c3c0 ConcurrentGCThread "G1 Main Marker"            [id=10528, stack(0x0000001db3000000,0x0000001db3100000) (1024K)]
  0x000001a6ba26cdd0 WorkerThread "G1 Conc#0"                       [id=25384, stack(0x0000001db3100000,0x0000001db3200000) (1024K)]
  0x000001a6ba2be680 ConcurrentGCThread "G1 Refine#0"               [id=18876, stack(0x0000001db3200000,0x0000001db3300000) (1024K)]
  0x000001a6da9ac6a0 ConcurrentGCThread "G1 Service"                [id=24428, stack(0x0000001db3300000,0x0000001db3400000) (1024K)]
Total: 7

Threads with active compile tasks:
C2 CompilerThread0  74923 1062   !   4       sun.nio.cs.StreamDecoder::read (78 bytes)
C1 CompilerThread0  74923 1089   !   3       java.lang.String::<init> (880 bytes)
Total: 2

VM state: synchronizing (normal execution)

VM Mutex/Monitor currently owned by a thread:  ([mutex/lock_event])
[0x00007ffbaa60cbc8] Threads_lock - owner thread: 0x000001a6daaefd40

Heap address: 0x0000000724e00000, size: 3506 MB, Compressed Oops mode: Zero based, Oop shift amount: 3

CDS archive(s) mapped at: [0x000001a6db000000-0x000001a6dbc60000-0x000001a6dbc60000), size 12976128, SharedBaseAddress: 0x000001a6db000000, ArchiveRelocationMode: 1.
Compressed class space mapped at: 0x000001a6dc000000-0x000001a71c000000, reserved size: 1073741824
Narrow klass base: 0x000001a6db000000, Narrow klass shift: 0, Narrow klass range: 0x41000000

GC Precious Log:
 CardTable entry size: 512
 Card Set container configuration: InlinePtr #cards 4 size 8 Array Of Cards #cards 16 size 48 Howl #buckets 8 coarsen threshold 3686 Howl Bitmap #cards 512 size 80 coarsen threshold 460 Card regions per heap region 1 cards per card region 4096
 CPUs: 12 total, 12 available
 Memory: 14020M
 Large Page Support: Disabled
 NUMA Support: Disabled
 Compressed Oops: Enabled (Zero based)
 Heap Region Size: 2M
 Heap Min Capacity: 8M
 Heap Initial Capacity: 220M
 Heap Max Capacity: 3506M
 Pre-touch: Disabled
 Parallel Workers: 10
 Concurrent Workers: 3
 Concurrent Refinement Workers: 10
 Periodic GC: Disabled

Heap:
 garbage-first heap   total reserved 3590144K, committed 225280K, used 20480K [0x0000000724e00000, 0x0000000800000000)
  region size 2048K, 11 young (22528K), 0 survivors (0K)
 Metaspace       used 5616K, committed 5824K, reserved 1114112K
  class space    used 656K, committed 768K, reserved 1048576K

Heap Regions: E=young(eden), S=young(survivor), O=old, HS=humongous(starts), HC=humongous(continues), CS=collection set, F=free, TAMS=top-at-mark-start, PB=parsable bottom
|   0|0x0000000724e00000, 0x0000000724e00000, 0x0000000725000000|  0%| F|  |TAMS 0x0000000724e00000| PB 0x0000000724e00000| Untracked |  0
|   1|0x0000000725000000, 0x0000000725000000, 0x0000000725200000|  0%| F|  |TAMS 0x0000000725000000| PB 0x0000000725000000| Untracked |  0
|   2|0x0000000725200000, 0x0000000725200000, 0x0000000725400000|  0%| F|  |TAMS 0x0000000725200000| PB 0x0000000725200000| Untracked |  0
|   3|0x0000000725400000, 0x0000000725400000, 0x0000000725600000|  0%| F|  |TAMS 0x0000000725400000| PB 0x0000000725400000| Untracked |  0
|   4|0x0000000725600000, 0x0000000725600000, 0x0000000725800000|  0%| F|  |TAMS 0x0000000725600000| PB 0x0000000725600000| Untracked |  0
|   5|0x0000000725800000, 0x0000000725800000, 0x0000000725a00000|  0%| F|  |TAMS 0x0000000725800000| PB 0x0000000725800000| Untracked |  0
|   6|0x0000000725a00000, 0x0000000725a00000, 0x0000000725c00000|  0%| F|  |TAMS 0x0000000725a00000| PB 0x0000000725a00000| Untracked |  0
|   7|0x0000000725c00000, 0x0000000725c00000, 0x0000000725e00000|  0%| F|  |TAMS 0x0000000725c00000| PB 0x0000000725c00000| Untracked |  0
|   8|0x0000000725e00000, 0x0000000725e00000, 0x0000000726000000|  0%| F|  |TAMS 0x0000000725e00000| PB 0x0000000725e00000| Untracked |  0
|   9|0x0000000726000000, 0x0000000726000000, 0x0000000726200000|  0%| F|  |TAMS 0x0000000726000000| PB 0x0000000726000000| Untracked |  0
|  10|0x0000000726200000, 0x0000000726200000, 0x0000000726400000|  0%| F|  |TAMS 0x0000000726200000| PB 0x0000000726200000| Untracked |  0
|  11|0x0000000726400000, 0x0000000726400000, 0x0000000726600000|  0%| F|  |TAMS 0x0000000726400000| PB 0x0000000726400000| Untracked |  0
|  12|0x0000000726600000, 0x0000000726600000, 0x0000000726800000|  0%| F|  |TAMS 0x0000000726600000| PB 0x0000000726600000| Untracked |  0
|  13|0x0000000726800000, 0x0000000726800000, 0x0000000726a00000|  0%| F|  |TAMS 0x0000000726800000| PB 0x0000000726800000| Untracked |  0
|  14|0x0000000726a00000, 0x0000000726a00000, 0x0000000726c00000|  0%| F|  |TAMS 0x0000000726a00000| PB 0x0000000726a00000| Untracked |  0
|  15|0x0000000726c00000, 0x0000000726c00000, 0x0000000726e00000|  0%| F|  |TAMS 0x0000000726c00000| PB 0x0000000726c00000| Untracked |  0
|  16|0x0000000726e00000, 0x0000000726e00000, 0x0000000727000000|  0%| F|  |TAMS 0x0000000726e00000| PB 0x0000000726e00000| Untracked |  0
|  17|0x0000000727000000, 0x0000000727000000, 0x0000000727200000|  0%| F|  |TAMS 0x0000000727000000| PB 0x0000000727000000| Untracked |  0
|  18|0x0000000727200000, 0x0000000727200000, 0x0000000727400000|  0%| F|  |TAMS 0x0000000727200000| PB 0x0000000727200000| Untracked |  0
|  19|0x0000000727400000, 0x0000000727400000, 0x0000000727600000|  0%| F|  |TAMS 0x0000000727400000| PB 0x0000000727400000| Untracked |  0
|  20|0x0000000727600000, 0x0000000727600000, 0x0000000727800000|  0%| F|  |TAMS 0x0000000727600000| PB 0x0000000727600000| Untracked |  0
|  21|0x0000000727800000, 0x0000000727800000, 0x0000000727a00000|  0%| F|  |TAMS 0x0000000727800000| PB 0x0000000727800000| Untracked |  0
|  22|0x0000000727a00000, 0x0000000727a00000, 0x0000000727c00000|  0%| F|  |TAMS 0x0000000727a00000| PB 0x0000000727a00000| Untracked |  0
|  23|0x0000000727c00000, 0x0000000727c00000, 0x0000000727e00000|  0%| F|  |TAMS 0x0000000727c00000| PB 0x0000000727c00000| Untracked |  0
|  24|0x0000000727e00000, 0x0000000727e00000, 0x0000000728000000|  0%| F|  |TAMS 0x0000000727e00000| PB 0x0000000727e00000| Untracked |  0
|  25|0x0000000728000000, 0x0000000728000000, 0x0000000728200000|  0%| F|  |TAMS 0x0000000728000000| PB 0x0000000728000000| Untracked |  0
|  26|0x0000000728200000, 0x0000000728200000, 0x0000000728400000|  0%| F|  |TAMS 0x0000000728200000| PB 0x0000000728200000| Untracked |  0
|  27|0x0000000728400000, 0x0000000728400000, 0x0000000728600000|  0%| F|  |TAMS 0x0000000728400000| PB 0x0000000728400000| Untracked |  0
|  28|0x0000000728600000, 0x0000000728600000, 0x0000000728800000|  0%| F|  |TAMS 0x0000000728600000| PB 0x0000000728600000| Untracked |  0
|  29|0x0000000728800000, 0x0000000728800000, 0x0000000728a00000|  0%| F|  |TAMS 0x0000000728800000| PB 0x0000000728800000| Untracked |  0
|  30|0x0000000728a00000, 0x0000000728a00000, 0x0000000728c00000|  0%| F|  |TAMS 0x0000000728a00000| PB 0x0000000728a00000| Untracked |  0
|  31|0x0000000728c00000, 0x0000000728c00000, 0x0000000728e00000|  0%| F|  |TAMS 0x0000000728c00000| PB 0x0000000728c00000| Untracked |  0
|  32|0x0000000728e00000, 0x0000000728e00000, 0x0000000729000000|  0%| F|  |TAMS 0x0000000728e00000| PB 0x0000000728e00000| Untracked |  0
|  33|0x0000000729000000, 0x0000000729000000, 0x0000000729200000|  0%| F|  |TAMS 0x0000000729000000| PB 0x0000000729000000| Untracked |  0
|  34|0x0000000729200000, 0x0000000729200000, 0x0000000729400000|  0%| F|  |TAMS 0x0000000729200000| PB 0x0000000729200000| Untracked |  0
|  35|0x0000000729400000, 0x0000000729400000, 0x0000000729600000|  0%| F|  |TAMS 0x0000000729400000| PB 0x0000000729400000| Untracked |  0
|  36|0x0000000729600000, 0x0000000729600000, 0x0000000729800000|  0%| F|  |TAMS 0x0000000729600000| PB 0x0000000729600000| Untracked |  0
|  37|0x0000000729800000, 0x0000000729800000, 0x0000000729a00000|  0%| F|  |TAMS 0x0000000729800000| PB 0x0000000729800000| Untracked |  0
|  38|0x0000000729a00000, 0x0000000729a00000, 0x0000000729c00000|  0%| F|  |TAMS 0x0000000729a00000| PB 0x0000000729a00000| Untracked |  0
|  39|0x0000000729c00000, 0x0000000729c00000, 0x0000000729e00000|  0%| F|  |TAMS 0x0000000729c00000| PB 0x0000000729c00000| Untracked |  0
|  40|0x0000000729e00000, 0x0000000729e00000, 0x000000072a000000|  0%| F|  |TAMS 0x0000000729e00000| PB 0x0000000729e00000| Untracked |  0
|  41|0x000000072a000000, 0x000000072a000000, 0x000000072a200000|  0%| F|  |TAMS 0x000000072a000000| PB 0x000000072a000000| Untracked |  0
|  42|0x000000072a200000, 0x000000072a200000, 0x000000072a400000|  0%| F|  |TAMS 0x000000072a200000| PB 0x000000072a200000| Untracked |  0
|  43|0x000000072a400000, 0x000000072a400000, 0x000000072a600000|  0%| F|  |TAMS 0x000000072a400000| PB 0x000000072a400000| Untracked |  0
|  44|0x000000072a600000, 0x000000072a600000, 0x000000072a800000|  0%| F|  |TAMS 0x000000072a600000| PB 0x000000072a600000| Untracked |  0
|  45|0x000000072a800000, 0x000000072a800000, 0x000000072aa00000|  0%| F|  |TAMS 0x000000072a800000| PB 0x000000072a800000| Untracked |  0
|  46|0x000000072aa00000, 0x000000072aa00000, 0x000000072ac00000|  0%| F|  |TAMS 0x000000072aa00000| PB 0x000000072aa00000| Untracked |  0
|  47|0x000000072ac00000, 0x000000072ac00000, 0x000000072ae00000|  0%| F|  |TAMS 0x000000072ac00000| PB 0x000000072ac00000| Untracked |  0
|  48|0x000000072ae00000, 0x000000072ae00000, 0x000000072b000000|  0%| F|  |TAMS 0x000000072ae00000| PB 0x000000072ae00000| Untracked |  0
|  49|0x000000072b000000, 0x000000072b000000, 0x000000072b200000|  0%| F|  |TAMS 0x000000072b000000| PB 0x000000072b000000| Untracked |  0
|  50|0x000000072b200000, 0x000000072b200000, 0x000000072b400000|  0%| F|  |TAMS 0x000000072b200000| PB 0x000000072b200000| Untracked |  0
|  51|0x000000072b400000, 0x000000072b400000, 0x000000072b600000|  0%| F|  |TAMS 0x000000072b400000| PB 0x000000072b400000| Untracked |  0
|  52|0x000000072b600000, 0x000000072b600000, 0x000000072b800000|  0%| F|  |TAMS 0x000000072b600000| PB 0x000000072b600000| Untracked |  0
|  53|0x000000072b800000, 0x000000072b800000, 0x000000072ba00000|  0%| F|  |TAMS 0x000000072b800000| PB 0x000000072b800000| Untracked |  0
|  54|0x000000072ba00000, 0x000000072ba00000, 0x000000072bc00000|  0%| F|  |TAMS 0x000000072ba00000| PB 0x000000072ba00000| Untracked |  0
|  55|0x000000072bc00000, 0x000000072bc00000, 0x000000072be00000|  0%| F|  |TAMS 0x000000072bc00000| PB 0x000000072bc00000| Untracked |  0
|  56|0x000000072be00000, 0x000000072be00000, 0x000000072c000000|  0%| F|  |TAMS 0x000000072be00000| PB 0x000000072be00000| Untracked |  0
|  57|0x000000072c000000, 0x000000072c000000, 0x000000072c200000|  0%| F|  |TAMS 0x000000072c000000| PB 0x000000072c000000| Untracked |  0
|  58|0x000000072c200000, 0x000000072c200000, 0x000000072c400000|  0%| F|  |TAMS 0x000000072c200000| PB 0x000000072c200000| Untracked |  0
|  59|0x000000072c400000, 0x000000072c400000, 0x000000072c600000|  0%| F|  |TAMS 0x000000072c400000| PB 0x000000072c400000| Untracked |  0
|  60|0x000000072c600000, 0x000000072c600000, 0x000000072c800000|  0%| F|  |TAMS 0x000000072c600000| PB 0x000000072c600000| Untracked |  0
|  61|0x000000072c800000, 0x000000072c800000, 0x000000072ca00000|  0%| F|  |TAMS 0x000000072c800000| PB 0x000000072c800000| Untracked |  0
|  62|0x000000072ca00000, 0x000000072ca00000, 0x000000072cc00000|  0%| F|  |TAMS 0x000000072ca00000| PB 0x000000072ca00000| Untracked |  0
|  63|0x000000072cc00000, 0x000000072cc00000, 0x000000072ce00000|  0%| F|  |TAMS 0x000000072cc00000| PB 0x000000072cc00000| Untracked |  0
|  64|0x000000072ce00000, 0x000000072ce00000, 0x000000072d000000|  0%| F|  |TAMS 0x000000072ce00000| PB 0x000000072ce00000| Untracked |  0
|  65|0x000000072d000000, 0x000000072d000000, 0x000000072d200000|  0%| F|  |TAMS 0x000000072d000000| PB 0x000000072d000000| Untracked |  0
|  66|0x000000072d200000, 0x000000072d200000, 0x000000072d400000|  0%| F|  |TAMS 0x000000072d200000| PB 0x000000072d200000| Untracked |  0
|  67|0x000000072d400000, 0x000000072d400000, 0x000000072d600000|  0%| F|  |TAMS 0x000000072d400000| PB 0x000000072d400000| Untracked |  0
|  68|0x000000072d600000, 0x000000072d600000, 0x000000072d800000|  0%| F|  |TAMS 0x000000072d600000| PB 0x000000072d600000| Untracked |  0
|  69|0x000000072d800000, 0x000000072d800000, 0x000000072da00000|  0%| F|  |TAMS 0x000000072d800000| PB 0x000000072d800000| Untracked |  0
|  70|0x000000072da00000, 0x000000072da00000, 0x000000072dc00000|  0%| F|  |TAMS 0x000000072da00000| PB 0x000000072da00000| Untracked |  0
|  71|0x000000072dc00000, 0x000000072dc00000, 0x000000072de00000|  0%| F|  |TAMS 0x000000072dc00000| PB 0x000000072dc00000| Untracked |  0
|  72|0x000000072de00000, 0x000000072de00000, 0x000000072e000000|  0%| F|  |TAMS 0x000000072de00000| PB 0x000000072de00000| Untracked |  0
|  73|0x000000072e000000, 0x000000072e000000, 0x000000072e200000|  0%| F|  |TAMS 0x000000072e000000| PB 0x000000072e000000| Untracked |  0
|  74|0x000000072e200000, 0x000000072e200000, 0x000000072e400000|  0%| F|  |TAMS 0x000000072e200000| PB 0x000000072e200000| Untracked |  0
|  75|0x000000072e400000, 0x000000072e400000, 0x000000072e600000|  0%| F|  |TAMS 0x000000072e400000| PB 0x000000072e400000| Untracked |  0
|  76|0x000000072e600000, 0x000000072e600000, 0x000000072e800000|  0%| F|  |TAMS 0x000000072e600000| PB 0x000000072e600000| Untracked |  0
|  77|0x000000072e800000, 0x000000072e800000, 0x000000072ea00000|  0%| F|  |TAMS 0x000000072e800000| PB 0x000000072e800000| Untracked |  0
|  78|0x000000072ea00000, 0x000000072ea00000, 0x000000072ec00000|  0%| F|  |TAMS 0x000000072ea00000| PB 0x000000072ea00000| Untracked |  0
|  79|0x000000072ec00000, 0x000000072ec00000, 0x000000072ee00000|  0%| F|  |TAMS 0x000000072ec00000| PB 0x000000072ec00000| Untracked |  0
|  80|0x000000072ee00000, 0x000000072ee00000, 0x000000072f000000|  0%| F|  |TAMS 0x000000072ee00000| PB 0x000000072ee00000| Untracked |  0
|  81|0x000000072f000000, 0x000000072f000000, 0x000000072f200000|  0%| F|  |TAMS 0x000000072f000000| PB 0x000000072f000000| Untracked |  0
|  82|0x000000072f200000, 0x000000072f200000, 0x000000072f400000|  0%| F|  |TAMS 0x000000072f200000| PB 0x000000072f200000| Untracked |  0
|  83|0x000000072f400000, 0x000000072f400000, 0x000000072f600000|  0%| F|  |TAMS 0x000000072f400000| PB 0x000000072f400000| Untracked |  0
|  84|0x000000072f600000, 0x000000072f600000, 0x000000072f800000|  0%| F|  |TAMS 0x000000072f600000| PB 0x000000072f600000| Untracked |  0
|  85|0x000000072f800000, 0x000000072f800000, 0x000000072fa00000|  0%| F|  |TAMS 0x000000072f800000| PB 0x000000072f800000| Untracked |  0
|  86|0x000000072fa00000, 0x000000072fa00000, 0x000000072fc00000|  0%| F|  |TAMS 0x000000072fa00000| PB 0x000000072fa00000| Untracked |  0
|  87|0x000000072fc00000, 0x000000072fc00000, 0x000000072fe00000|  0%| F|  |TAMS 0x000000072fc00000| PB 0x000000072fc00000| Untracked |  0
|  88|0x000000072fe00000, 0x000000072fe00000, 0x0000000730000000|  0%| F|  |TAMS 0x000000072fe00000| PB 0x000000072fe00000| Untracked |  0
|  89|0x0000000730000000, 0x0000000730000000, 0x0000000730200000|  0%| F|  |TAMS 0x0000000730000000| PB 0x0000000730000000| Untracked |  0
|  90|0x0000000730200000, 0x0000000730200000, 0x0000000730400000|  0%| F|  |TAMS 0x0000000730200000| PB 0x0000000730200000| Untracked |  0
|  91|0x0000000730400000, 0x0000000730400000, 0x0000000730600000|  0%| F|  |TAMS 0x0000000730400000| PB 0x0000000730400000| Untracked |  0
|  92|0x0000000730600000, 0x0000000730600000, 0x0000000730800000|  0%| F|  |TAMS 0x0000000730600000| PB 0x0000000730600000| Untracked |  0
|  93|0x0000000730800000, 0x0000000730800000, 0x0000000730a00000|  0%| F|  |TAMS 0x0000000730800000| PB 0x0000000730800000| Untracked |  0
|  94|0x0000000730a00000, 0x0000000730a00000, 0x0000000730c00000|  0%| F|  |TAMS 0x0000000730a00000| PB 0x0000000730a00000| Untracked |  0
|  95|0x0000000730c00000, 0x0000000730c00000, 0x0000000730e00000|  0%| F|  |TAMS 0x0000000730c00000| PB 0x0000000730c00000| Untracked |  0
|  96|0x0000000730e00000, 0x0000000730e00000, 0x0000000731000000|  0%| F|  |TAMS 0x0000000730e00000| PB 0x0000000730e00000| Untracked |  0
|  97|0x0000000731000000, 0x0000000731000000, 0x0000000731200000|  0%| F|  |TAMS 0x0000000731000000| PB 0x0000000731000000| Untracked |  0
|  98|0x0000000731200000, 0x0000000731200000, 0x0000000731400000|  0%| F|  |TAMS 0x0000000731200000| PB 0x0000000731200000| Untracked |  0
|  99|0x0000000731400000, 0x000000073147ae48, 0x0000000731600000| 24%| E|  |TAMS 0x0000000731400000| PB 0x0000000731400000| Complete |  0
| 100|0x0000000731600000, 0x0000000731800000, 0x0000000731800000|100%| E|CS|TAMS 0x0000000731600000| PB 0x0000000731600000| Complete |  0
| 101|0x0000000731800000, 0x0000000731a00000, 0x0000000731a00000|100%| E|CS|TAMS 0x0000000731800000| PB 0x0000000731800000| Complete |  0
| 102|0x0000000731a00000, 0x0000000731c00000, 0x0000000731c00000|100%| E|CS|TAMS 0x0000000731a00000| PB 0x0000000731a00000| Complete |  0
| 103|0x0000000731c00000, 0x0000000731e00000, 0x0000000731e00000|100%| E|CS|TAMS 0x0000000731c00000| PB 0x0000000731c00000| Complete |  0
| 104|0x0000000731e00000, 0x0000000732000000, 0x0000000732000000|100%| E|CS|TAMS 0x0000000731e00000| PB 0x0000000731e00000| Complete |  0
| 105|0x0000000732000000, 0x0000000732200000, 0x0000000732200000|100%| E|CS|TAMS 0x0000000732000000| PB 0x0000000732000000| Complete |  0
| 106|0x0000000732200000, 0x0000000732400000, 0x0000000732400000|100%| E|CS|TAMS 0x0000000732200000| PB 0x0000000732200000| Complete |  0
| 107|0x0000000732400000, 0x0000000732600000, 0x0000000732600000|100%| E|CS|TAMS 0x0000000732400000| PB 0x0000000732400000| Complete |  0
| 108|0x0000000732600000, 0x0000000732800000, 0x0000000732800000|100%| E|CS|TAMS 0x0000000732600000| PB 0x0000000732600000| Complete |  0
| 109|0x0000000732800000, 0x0000000732a00000, 0x0000000732a00000|100%| E|CS|TAMS 0x0000000732800000| PB 0x0000000732800000| Complete |  0

Card table byte_map: [0x000001a6d4090000,0x000001a6d4770000] _byte_map_base: 0x000001a6d0769000

Marking Bits: (CMBitMap*) 0x000001a6ba25dfd0
 Bits: [0x000001a6d4770000, 0x000001a6d7e38000)

Polling page: 0x000001a6ba2c0000

Metaspace:

Usage:
  Non-class:      4.84 MB used.
      Class:    656.86 KB used.
       Both:      5.48 MB used.

Virtual space:
  Non-class space:       64.00 MB reserved,       4.94 MB (  8%) committed,  1 nodes.
      Class space:        1.00 GB reserved,     768.00 KB ( <1%) committed,  1 nodes.
             Both:        1.06 GB reserved,       5.69 MB ( <1%) committed. 

Chunk freelists:
   Non-Class:  9.23 MB
       Class:  15.30 MB
        Both:  24.53 MB

MaxMetaspaceSize: unlimited
CompressedClassSpaceSize: 1.00 GB
Initial GC threshold: 21.00 MB
Current GC threshold: 21.00 MB
CDS: on
 - commit_granule_bytes: 65536.
 - commit_granule_words: 8192.
 - virtual_space_node_default_size: 8388608.
 - enlarge_chunks_in_place: 1.
 - use_allocation_guard: 0.


Internal statistics:

num_allocs_failed_limit: 0.
num_arena_births: 54.
num_arena_deaths: 0.
num_vsnodes_births: 2.
num_vsnodes_deaths: 0.
num_space_committed: 91.
num_space_uncommitted: 0.
num_chunks_returned_to_freelist: 0.
num_chunks_taken_from_freelist: 213.
num_chunk_merges: 0.
num_chunk_splits: 134.
num_chunks_enlarged: 110.
num_inconsistent_stats: 0.

CodeHeap 'non-profiled nmethods': size=120000Kb used=325Kb max_used=325Kb free=119675Kb
 bounds [0x000001a6cb800000, 0x000001a6cba70000, 0x000001a6d2d30000]
CodeHeap 'profiled nmethods': size=120000Kb used=2018Kb max_used=2018Kb free=117981Kb
 bounds [0x000001a6c3d30000, 0x000001a6c3fa0000, 0x000001a6cb260000]
CodeHeap 'non-nmethods': size=5760Kb used=1361Kb max_used=1379Kb free=4399Kb
 bounds [0x000001a6cb260000, 0x000001a6cb4d0000, 0x000001a6cb800000]
 total_blobs=1530 nmethods=1066 adapters=369
 compilation: enabled
              stopped_count=0, restarted_count=0
 full_count=0

Compilation events (20 events):
Event: 44.873 Thread 0x000001a6dab1e510 1062   !   4       sun.nio.cs.StreamDecoder::read (78 bytes)
Event: 44.877 Thread 0x000001a6dab205d0 1073       3       org.codehaus.plexus.util.xml.pull.MXParser::parseStartTag (1190 bytes)
Event: 44.882 Thread 0x000001a6dab205d0 nmethod 1073 0x000001a6c3f1ac10 code [0x000001a6c3f1b600, 0x000001a6c3f20ed0]
Event: 44.883 Thread 0x000001a6dab205d0 1074       3       org.codehaus.plexus.util.xml.pull.MXParser::newString (11 bytes)
Event: 44.883 Thread 0x000001a6dab205d0 nmethod 1074 0x000001a6c3f23410 code [0x000001a6c3f235c0, 0x000001a6c3f23768]
Event: 44.883 Thread 0x000001a6dab205d0 1075       1       org.codehaus.plexus.util.xml.pull.MXParser::getEventType (5 bytes)
Event: 44.883 Thread 0x000001a6dab205d0 nmethod 1075 0x000001a6cb851110 code [0x000001a6cb8512a0, 0x000001a6cb851368]
Event: 44.884 Thread 0x000001a6dab205d0 1080       3       org.codehaus.plexus.util.xml.pull.MXParser::isWhitespace (114 bytes)
Event: 44.885 Thread 0x000001a6dab205d0 nmethod 1080 0x000001a6c3f23890 code [0x000001a6c3f23ac0, 0x000001a6c3f242a8]
Event: 44.885 Thread 0x000001a6dab205d0 1081       3       org.codehaus.plexus.util.xml.pull.MXParser::nextTag (82 bytes)
Event: 44.885 Thread 0x000001a6dab205d0 nmethod 1081 0x000001a6c3f24510 code [0x000001a6c3f247a0, 0x000001a6c3f250e8]
Event: 44.893 Thread 0x000001a6dab205d0 1082       3       org.codehaus.plexus.util.xml.pull.MXParser::ensureElementsCapacity (265 bytes)
Event: 44.893 Thread 0x000001a6dab205d0 nmethod 1082 0x000001a6c3f25490 code [0x000001a6c3f25700, 0x000001a6c3f26780]
Event: 45.028 Thread 0x000001a6dab205d0 1083       3       org.codehaus.plexus.util.xml.pull.MXParser::getName (84 bytes)
Event: 45.028 Thread 0x000001a6dab205d0 nmethod 1083 0x000001a6c3f26a90 code [0x000001a6c3f26c60, 0x000001a6c3f26ff8]
Event: 45.034 Thread 0x000001a6dab205d0 1087       3       org.eclipse.sisu.plexus.PlexusXmlScanner::TEXT (10 bytes)
Event: 45.034 Thread 0x000001a6dab205d0 nmethod 1087 0x000001a6c3f27190 code [0x000001a6c3f27380, 0x000001a6c3f27720]
Event: 45.034 Thread 0x000001a6dab205d0 1088       3       org.codehaus.plexus.util.xml.pull.MXParser::nextText (103 bytes)
Event: 45.035 Thread 0x000001a6dab205d0 nmethod 1088 0x000001a6c3f27890 code [0x000001a6c3f27b60, 0x000001a6c3f286e8]
Event: 45.037 Thread 0x000001a6dab205d0 1089   !   3       java.lang.String::<init> (880 bytes)

GC Heap History (0 events):
No events

Dll operation events (8 events):
Event: 0.144 Loaded shared library C:\Program Files\Java\jdk-22\bin\java.dll
Event: 1.747 Loaded shared library C:\Program Files\Java\jdk-22\bin\jsvml.dll
Event: 2.293 Loaded shared library C:\Program Files\Java\jdk-22\bin\net.dll
Event: 2.479 Loaded shared library C:\Program Files\Java\jdk-22\bin\nio.dll
Event: 2.487 Loaded shared library C:\Program Files\Java\jdk-22\bin\zip.dll
Event: 29.113 Loaded shared library C:\Program Files\Java\jdk-22\bin\jimage.dll
Event: 30.729 Loaded shared library C:\Program Files\NetBeans-21\netbeans\java\maven\lib\jansi-native\Windows\x86_64\jansi.dll
Event: 31.530 Loaded shared library C:\Program Files\Java\jdk-22\bin\verify.dll

Deoptimization events (20 events):
Event: 42.986 Thread 0x000001a6b9f9f710 DEOPT PACKING pc=0x000001a6cb848330 sp=0x0000001db2dfd0c0
Event: 42.986 Thread 0x000001a6b9f9f710 DEOPT UNPACKING pc=0x000001a6cb2b46a2 sp=0x0000001db2dfd038 mode 2
Event: 42.986 Thread 0x000001a6b9f9f710 Uncommon trap: trap_request=0xffffffde fr.pc=0x000001a6cb848330 relative=0x0000000000000110
Event: 42.986 Thread 0x000001a6b9f9f710 Uncommon trap: reason=class_check action=maybe_recompile pc=0x000001a6cb848330 method=jdk.internal.misc.Unsafe.allocateUninitializedArray(Ljava/lang/Class;I)Ljava/lang/Object; @ 51 c2
Event: 42.986 Thread 0x000001a6b9f9f710 DEOPT PACKING pc=0x000001a6cb848330 sp=0x0000001db2dfd0c0
Event: 42.986 Thread 0x000001a6b9f9f710 DEOPT UNPACKING pc=0x000001a6cb2b46a2 sp=0x0000001db2dfd038 mode 2
Event: 42.986 Thread 0x000001a6b9f9f710 Uncommon trap: trap_request=0xffffffde fr.pc=0x000001a6cb848330 relative=0x0000000000000110
Event: 42.986 Thread 0x000001a6b9f9f710 Uncommon trap: reason=class_check action=maybe_recompile pc=0x000001a6cb848330 method=jdk.internal.misc.Unsafe.allocateUninitializedArray(Ljava/lang/Class;I)Ljava/lang/Object; @ 51 c2
Event: 42.986 Thread 0x000001a6b9f9f710 DEOPT PACKING pc=0x000001a6cb848330 sp=0x0000001db2dfd0c0
Event: 42.986 Thread 0x000001a6b9f9f710 DEOPT UNPACKING pc=0x000001a6cb2b46a2 sp=0x0000001db2dfd038 mode 2
Event: 44.793 Thread 0x000001a6b9f9f710 Uncommon trap: trap_request=0xffffff6e fr.pc=0x000001a6cb82fbb4 relative=0x0000000000000414
Event: 44.793 Thread 0x000001a6b9f9f710 Uncommon trap: reason=loop_limit_check action=maybe_recompile pc=0x000001a6cb82fbb4 method=java.lang.StringLatin1.indexOf([BI[BII)I @ 37 c2
Event: 44.793 Thread 0x000001a6b9f9f710 DEOPT PACKING pc=0x000001a6cb82fbb4 sp=0x0000001db2dfde20
Event: 44.793 Thread 0x000001a6b9f9f710 DEOPT UNPACKING pc=0x000001a6cb2b46a2 sp=0x0000001db2dfdd80 mode 2
Event: 44.796 Thread 0x000001a6b9f9f710 Uncommon trap: trap_request=0xffffff76 fr.pc=0x000001a6cb82d300 relative=0x0000000000000320
Event: 44.796 Thread 0x000001a6b9f9f710 Uncommon trap: reason=predicate action=maybe_recompile pc=0x000001a6cb82d300 method=java.util.regex.Pattern$BmpCharPropertyGreedy.match(Ljava/util/regex/Matcher;ILjava/lang/CharSequence;)Z @ 12 c2
Event: 44.796 Thread 0x000001a6b9f9f710 DEOPT PACKING pc=0x000001a6cb82d300 sp=0x0000001db2dfe220
Event: 44.796 Thread 0x000001a6b9f9f710 DEOPT UNPACKING pc=0x000001a6cb2b46a2 sp=0x0000001db2dfe1d8 mode 2
Event: 45.037 Thread 0x000001a6b9f9f710 DEOPT PACKING pc=0x000001a6c3d84d18 sp=0x0000001db2dfe340
Event: 45.037 Thread 0x000001a6b9f9f710 DEOPT UNPACKING pc=0x000001a6cb2b4e42 sp=0x0000001db2dfd818 mode 0

Classes loaded (20 events):
Event: 43.002 Loading class java/util/concurrent/TimeoutException
Event: 44.579 Loading class java/util/concurrent/TimeoutException done
Event: 44.582 Loading class java/util/concurrent/CancellationException
Event: 44.582 Loading class java/util/concurrent/CancellationException done
Event: 44.583 Loading class java/security/PrivilegedActionException
Event: 44.583 Loading class java/security/PrivilegedActionException done
Event: 44.583 Loading class sun/misc/Unsafe
Event: 44.583 Loading class sun/misc/Unsafe done
Event: 44.584 Loading class java/lang/invoke/DirectMethodHandle$StaticAccessor
Event: 44.585 Loading class java/lang/invoke/DirectMethodHandle$StaticAccessor done
Event: 44.592 Loading class java/lang/reflect/ParameterizedType
Event: 44.592 Loading class java/lang/reflect/ParameterizedType done
Event: 44.596 Loading class java/lang/reflect/WildcardType
Event: 44.596 Loading class java/lang/reflect/WildcardType done
Event: 44.599 Loading class sun/reflect/generics/tree/TypeVariableSignature
Event: 44.600 Loading class sun/reflect/generics/tree/TypeVariableSignature done
Event: 44.789 Loading class java/lang/annotation/IncompleteAnnotationException
Event: 44.789 Loading class java/lang/annotation/IncompleteAnnotationException done
Event: 45.031 Loading class java/lang/foreign/MemorySegment
Event: 45.031 Loading class java/lang/foreign/MemorySegment done

Classes unloaded (0 events):
No events

Classes redefined (0 events):
No events

Internal exceptions (20 events):
Event: 31.518 Thread 0x000001a6b9f9f710 Exception <a 'java/lang/NullPointerException'{0x00000007324f0028}> (0x00000007324f0028) 
thrown [s\open\src\hotspot\share\interpreter\linkResolver.cpp, line 1374]
Event: 31.518 Thread 0x000001a6b9f9f710 Exception <a 'java/lang/NullPointerException'{0x00000007324f0308}> (0x00000007324f0308) 
thrown [s\open\src\hotspot\share\interpreter\linkResolver.cpp, line 1374]
Event: 31.526 Thread 0x000001a6b9f9f710 Exception <a 'sun/nio/fs/WindowsException'{0x0000000732519278}> (0x0000000732519278) 
thrown [s\open\src\hotspot\share\prims\jni.cpp, line 520]
Event: 31.527 Thread 0x000001a6b9f9f710 Exception <a 'sun/nio/fs/WindowsException'{0x0000000732519a50}> (0x0000000732519a50) 
thrown [s\open\src\hotspot\share\prims\jni.cpp, line 520]
Event: 31.527 Thread 0x000001a6b9f9f710 Exception <a 'sun/nio/fs/WindowsException'{0x000000073251a078}> (0x000000073251a078) 
thrown [s\open\src\hotspot\share\prims\jni.cpp, line 520]
Event: 31.527 Thread 0x000001a6b9f9f710 Exception <a 'sun/nio/fs/WindowsException'{0x000000073251a678}> (0x000000073251a678) 
thrown [s\open\src\hotspot\share\prims\jni.cpp, line 520]
Event: 31.527 Thread 0x000001a6b9f9f710 Exception <a 'sun/nio/fs/WindowsException'{0x000000073251abf0}> (0x000000073251abf0) 
thrown [s\open\src\hotspot\share\prims\jni.cpp, line 520]
Event: 31.527 Thread 0x000001a6b9f9f710 Exception <a 'sun/nio/fs/WindowsException'{0x000000073251b148}> (0x000000073251b148) 
thrown [s\open\src\hotspot\share\prims\jni.cpp, line 520]
Event: 31.527 Thread 0x000001a6b9f9f710 Exception <a 'sun/nio/fs/WindowsException'{0x000000073251b650}> (0x000000073251b650) 
thrown [s\open\src\hotspot\share\prims\jni.cpp, line 520]
Event: 31.527 Thread 0x000001a6b9f9f710 Exception <a 'sun/nio/fs/WindowsException'{0x000000073251bb10}> (0x000000073251bb10) 
thrown [s\open\src\hotspot\share\prims\jni.cpp, line 520]
Event: 32.044 Thread 0x000001a6b9f9f710 Exception <a 'java/lang/NoSuchMethodError'{0x000000073258d6a0}: 'void java.lang.invoke.DirectMethodHandle$Holder.invokeStatic(java.lang.Object, java.lang.Object, java.lang.Object)'> (0x000000073258d6a0) 
thrown [s\open\src\hotspot\share\interpreter\linkResolver.cpp, line 774]
Event: 36.523 Thread 0x000001a6b9f9f710 Exception <a 'java/lang/NoSuchMethodError'{0x000000073233fb78}: 'java.lang.Object java.lang.invoke.DirectMethodHandle$Holder.invokeSpecialIFC(java.lang.Object, java.lang.Object, java.lang.Object, java.lang.Object)'> (0x000000073233fb78) 
thrown [s\open\src\hotspot\share\interpreter\linkResolver.cpp, line 774]
Event: 39.511 Thread 0x000001a6b9f9f710 Exception <a 'java/lang/NoSuchMethodError'{0x0000000731cb3b08}: 'void java.lang.invoke.DirectMethodHandle$Holder.invokeSpecial(java.lang.Object, java.lang.Object, java.lang.Object)'> (0x0000000731cb3b08) 
thrown [s\open\src\hotspot\share\interpreter\linkResolver.cpp, line 774]
Event: 40.235 Thread 0x000001a6b9f9f710 Exception <a 'java/lang/NoSuchMethodError'{0x0000000731df43b0}: 'java.lang.Object java.lang.invoke.DirectMethodHandle$Holder.invokeInterface(java.lang.Object, java.lang.Object)'> (0x0000000731df43b0) 
thrown [s\open\src\hotspot\share\interpreter\linkResolver.cpp, line 774]
Event: 41.374 Thread 0x000001a6b9f9f710 Exception <a 'java/lang/NoSuchMethodError'{0x0000000731a86620}: 'int java.lang.invoke.DirectMethodHandle$Holder.invokeStatic(java.lang.Object, java.lang.Object, java.lang.Object, java.lang.Object)'> (0x0000000731a86620) 
thrown [s\open\src\hotspot\share\interpreter\linkResolver.cpp, line 774]
Event: 41.375 Thread 0x000001a6b9f9f710 Exception <a 'java/lang/NoSuchMethodError'{0x0000000731a89ce0}: 'java.lang.Object java.lang.invoke.Invokers$Holder.invokeExact_MT(java.lang.Object, java.lang.Object, java.lang.Object, java.lang.Object, java.lang.Object, java.lang.Object)'> (0x0000000731a89ce0) 
thrown [s\open\src\hotspot\share\interpreter\linkResolver.cpp, line 774]
Event: 41.379 Thread 0x000001a6b9f9f710 Exception <a 'java/lang/NoSuchMethodError'{0x0000000731a98750}: 'int java.lang.invoke.DirectMethodHandle$Holder.invokeSpecialIFC(java.lang.Object, java.lang.Object, java.lang.Object, java.lang.Object, java.lang.Object)'> (0x0000000731a98750) 
thrown [s\open\src\hotspot\share\interpreter\linkResolver.cpp, line 774]
Event: 42.979 Thread 0x000001a6b9f9f710 Exception <a 'java/lang/NoSuchMethodError'{0x000000073180eab0}: 'java.lang.Object java.lang.invoke.DirectMethodHandle$Holder.newInvokeSpecial(java.lang.Object, java.lang.Object, java.lang.Object, java.lang.Object, java.lang.Object)'> (0x000000073180eab0) 
thrown [s\open\src\hotspot\share\interpreter\linkResolver.cpp, line 774]
Event: 44.617 Thread 0x000001a6b9f9f710 Exception <a 'java/lang/NoSuchMethodError'{0x0000000731904260}: 'int java.lang.invoke.DirectMethodHandle$Holder.invokeStaticInit(java.lang.Object, java.lang.Object)'> (0x0000000731904260) 
thrown [s\open\src\hotspot\share\interpreter\linkResolver.cpp, line 774]
Event: 44.789 Thread 0x000001a6b9f9f710 Exception <a 'java/lang/NoClassDefFoundError'{0x0000000731938368}: javax/enterprise/inject/Typed> (0x0000000731938368) 
thrown [s\open\src\hotspot\share\classfile\systemDictionary.cpp, line 302]

ZGC Phase Switch (0 events):
No events

VM Operations (20 events):
Event: 32.141 Executing VM operation: Cleanup
Event: 32.141 Executing VM operation: Cleanup done
Event: 35.164 Executing VM operation: Cleanup
Event: 35.164 Executing VM operation: Cleanup done
Event: 36.178 Executing VM operation: Cleanup
Event: 36.364 Executing VM operation: Cleanup done
Event: 37.377 Executing VM operation: Cleanup
Event: 37.639 Executing VM operation: Cleanup done
Event: 38.640 Executing VM operation: Cleanup
Event: 38.704 Executing VM operation: Cleanup done
Event: 39.705 Executing VM operation: Cleanup
Event: 39.720 Executing VM operation: Cleanup done
Event: 40.733 Executing VM operation: Cleanup
Event: 40.733 Executing VM operation: Cleanup done
Event: 41.747 Executing VM operation: Cleanup
Event: 41.854 Executing VM operation: Cleanup done
Event: 42.857 Executing VM operation: Cleanup
Event: 42.903 Executing VM operation: Cleanup done
Event: 43.912 Executing VM operation: Cleanup
Event: 44.582 Executing VM operation: Cleanup done

Events (11 events):
Event: 0.175 Thread 0x000001a6b9f9f710 Thread added: 0x000001a6b9f9f710
Event: 1.064 Thread 0x000001a6dab0eb80 Thread added: 0x000001a6dab0eb80
Event: 1.064 Thread 0x000001a6dab0f8f0 Thread added: 0x000001a6dab0f8f0
Event: 1.065 Thread 0x000001a6dab134e0 Thread added: 0x000001a6dab134e0
Event: 1.065 Thread 0x000001a6dab13f40 Thread added: 0x000001a6dab13f40
Event: 1.065 Thread 0x000001a6dab149a0 Thread added: 0x000001a6dab149a0
Event: 1.066 Thread 0x000001a6dab155b0 Thread added: 0x000001a6dab155b0
Event: 1.066 Thread 0x000001a6dab1e510 Thread added: 0x000001a6dab1e510
Event: 1.233 Thread 0x000001a6dab205d0 Thread added: 0x000001a6dab205d0
Event: 1.487 Thread 0x000001a720038890 Thread added: 0x000001a720038890
Event: 1.512 Thread 0x000001a72003f740 Thread added: 0x000001a72003f740


Dynamic libraries:
0x00007ff7ed1d0000 - 0x00007ff7ed1e0000 	C:\Program Files\Java\jdk-22\bin\java.exe
0x00007ffc3f9d0000 - 0x00007ffc3fbe7000 	C:\WINDOWS\SYSTEM32\ntdll.dll
0x00007ffc3e920000 - 0x00007ffc3e9e4000 	C:\WINDOWS\System32\KERNEL32.DLL
0x00007ffc3cf80000 - 0x00007ffc3d327000 	C:\WINDOWS\System32\KERNELBASE.dll
0x00007ffc3ce60000 - 0x00007ffc3cf71000 	C:\WINDOWS\System32\ucrtbase.dll
0x00007ffc0f400000 - 0x00007ffc0f417000 	C:\Program Files\Java\jdk-22\bin\jli.dll
0x00007ffc3e9f0000 - 0x00007ffc3eaa2000 	C:\WINDOWS\System32\ADVAPI32.dll
0x00007ffc3eab0000 - 0x00007ffc3eb57000 	C:\WINDOWS\System32\msvcrt.dll
0x00007ffc3dbc0000 - 0x00007ffc3dc68000 	C:\WINDOWS\System32\sechost.dll
0x00007ffc3ce30000 - 0x00007ffc3ce58000 	C:\WINDOWS\System32\bcrypt.dll
0x00007ffc3f650000 - 0x00007ffc3f765000 	C:\WINDOWS\System32\RPCRT4.dll
0x00007ffc3e520000 - 0x00007ffc3e6ce000 	C:\WINDOWS\System32\USER32.dll
0x00007ffc3d4c0000 - 0x00007ffc3d4e6000 	C:\WINDOWS\System32\win32u.dll
0x00007ffc3db70000 - 0x00007ffc3db99000 	C:\WINDOWS\System32\GDI32.dll
0x00007ffc3d3a0000 - 0x00007ffc3d4b9000 	C:\WINDOWS\System32\gdi32full.dll
0x00007ffc3d4f0000 - 0x00007ffc3d58a000 	C:\WINDOWS\System32\msvcp_win.dll
0x00007ffbf78f0000 - 0x00007ffbf790b000 	C:\Program Files\Java\jdk-22\bin\VCRUNTIME140.dll
0x00007ffc10350000 - 0x00007ffc105e3000 	C:\WINDOWS\WinSxS\amd64_microsoft.windows.common-controls_6595b64144ccf1df_6.0.22621.3527_none_270e469b73872a76\COMCTL32.dll
0x00007ffc343d0000 - 0x00007ffc343da000 	C:\WINDOWS\SYSTEM32\VERSION.dll
0x00007ffc3f2b0000 - 0x00007ffc3f2e1000 	C:\WINDOWS\System32\IMM32.DLL
0x00007ffc0e880000 - 0x00007ffc0e88c000 	C:\Program Files\Java\jdk-22\bin\vcruntime140_1.dll
0x00007ffbd0ad0000 - 0x00007ffbd0b5e000 	C:\Program Files\Java\jdk-22\bin\msvcp140.dll
0x00007ffba99a0000 - 0x00007ffbaa6e8000 	C:\Program Files\Java\jdk-22\bin\server\jvm.dll
0x00007ffc3e6d0000 - 0x00007ffc3e741000 	C:\WINDOWS\System32\WS2_32.dll
0x00007ffc3cbb0000 - 0x00007ffc3cbfd000 	C:\WINDOWS\SYSTEM32\POWRPROF.dll
0x00007ffc345c0000 - 0x00007ffc345f4000 	C:\WINDOWS\SYSTEM32\WINMM.dll
0x00007ffc3cb90000 - 0x00007ffc3cba3000 	C:\WINDOWS\SYSTEM32\UMPDC.dll
0x00007ffc3bcd0000 - 0x00007ffc3bce8000 	C:\WINDOWS\SYSTEM32\kernel.appcore.dll
0x00007ffbf77d0000 - 0x00007ffbf77da000 	C:\Program Files\Java\jdk-22\bin\jimage.dll
0x00007ffc3a670000 - 0x00007ffc3a8a2000 	C:\WINDOWS\SYSTEM32\DBGHELP.DLL
0x00007ffc3d700000 - 0x00007ffc3da88000 	C:\WINDOWS\System32\combase.dll
0x00007ffc3da90000 - 0x00007ffc3db67000 	C:\WINDOWS\System32\OLEAUT32.dll
0x00007ffc2a930000 - 0x00007ffc2a962000 	C:\WINDOWS\SYSTEM32\dbgcore.DLL
0x00007ffc3cdb0000 - 0x00007ffc3ce29000 	C:\WINDOWS\System32\bcryptPrimitives.dll
0x00007ffbf78d0000 - 0x00007ffbf78ee000 	C:\Program Files\Java\jdk-22\bin\java.dll
0x00007ffc3dc70000 - 0x00007ffc3e4cc000 	C:\WINDOWS\System32\SHELL32.dll
0x00007ffc3f2f0000 - 0x00007ffc3f495000 	C:\WINDOWS\System32\ole32.dll
0x00007ffc3abe0000 - 0x00007ffc3b4d6000 	C:\WINDOWS\SYSTEM32\windows.storage.dll
0x00007ffc3aaa0000 - 0x00007ffc3abde000 	C:\WINDOWS\SYSTEM32\wintypes.dll
0x00007ffc3ed30000 - 0x00007ffc3ee25000 	C:\WINDOWS\System32\SHCORE.dll
0x00007ffc3ec60000 - 0x00007ffc3ecbe000 	C:\WINDOWS\System32\shlwapi.dll
0x00007ffc3cc20000 - 0x00007ffc3cc41000 	C:\WINDOWS\SYSTEM32\profapi.dll
0x00007ffbdd120000 - 0x00007ffbdd1f7000 	C:\Program Files\Java\jdk-22\bin\jsvml.dll
0x00007ffbf77c0000 - 0x00007ffbf77d0000 	C:\Program Files\Java\jdk-22\bin\net.dll
0x00007ffc3c130000 - 0x00007ffc3c199000 	C:\WINDOWS\system32\mswsock.dll
0x00007ffbdd100000 - 0x00007ffbdd116000 	C:\Program Files\Java\jdk-22\bin\nio.dll
0x00007ffbdd0e0000 - 0x00007ffbdd0f7000 	C:\Program Files\Java\jdk-22\bin\zip.dll
0x0000000069ac0000 - 0x0000000069ae4000 	C:\Program Files\NetBeans-21\netbeans\java\maven\lib\jansi-native\Windows\x86_64\jansi.dll
0x00007ffbf77b0000 - 0x00007ffbf77c0000 	C:\Program Files\Java\jdk-22\bin\verify.dll

dbghelp: loaded successfully - version: 4.0.5 - missing functions: none
symbol engine: initialized successfully - sym options: 0x614 - pdb path: .;C:\Program Files\Java\jdk-22\bin;C:\WINDOWS\SYSTEM32;C:\WINDOWS\WinSxS\amd64_microsoft.windows.common-controls_6595b64144ccf1df_6.0.22621.3527_none_270e469b73872a76;C:\Program Files\Java\jdk-22\bin\server;C:\Program Files\NetBeans-21\netbeans\java\maven\lib\jansi-native\Windows\x86_64

VM Arguments:
jvm_args: -Dclassworlds.conf=C:\Program Files\NetBeans-21\netbeans\java\maven\bin\m2.conf -Dmaven.home=C:\Program Files\NetBeans-21\netbeans\java\maven -Dlibrary.jansi.path=C:\Program Files\NetBeans-21\netbeans\java\maven\lib\jansi-native -Dmaven.multiModuleProjectDirectory=C:\Users\ADMIN\OneDrive\Documents\GitHub\Management_Project_Java\mavenproject1 
java_command: org.codehaus.plexus.classworlds.launcher.Launcher -Dexec.vmArgs=--enable-preview -Dexec.args=${exec.vmArgs} -classpath %classpath ${exec.mainClass} ${exec.appArgs} -Dexec.appArgs= -Dexec.mainClass=GUI.Login -Dexec.executable=C:\Program Files\Java\jdk-22\bin\java.exe -Dmaven.ext.class.path=C:\Program Files\NetBeans-21\netbeans\java\maven-nblib\netbeans-eventspy.jar --no-transfer-progress process-classes org.codehaus.mojo:exec-maven-plugin:3.1.0:exec
java_class_path (initial): C:\Program Files\NetBeans-21\netbeans\java\maven\boot\plexus-classworlds-2.7.0.jar
Launcher Type: SUN_STANDARD

[Global flags]
     intx CICompilerCount                          = 4                                         {product} {ergonomic}
     uint ConcGCThreads                            = 3                                         {product} {ergonomic}
     uint G1ConcRefinementThreads                  = 10                                        {product} {ergonomic}
   size_t G1HeapRegionSize                         = 2097152                                   {product} {ergonomic}
   size_t InitialHeapSize                          = 230686720                                 {product} {ergonomic}
   size_t MarkStackSize                            = 4194304                                   {product} {ergonomic}
   size_t MaxHeapSize                              = 3676307456                                {product} {ergonomic}
   size_t MaxNewSize                               = 2204106752                                {product} {ergonomic}
   size_t MinHeapDeltaBytes                        = 2097152                                   {product} {ergonomic}
   size_t MinHeapSize                              = 8388608                                   {product} {ergonomic}
    uintx NonNMethodCodeHeapSize                   = 5839372                                {pd product} {ergonomic}
    uintx NonProfiledCodeHeapSize                  = 122909434                              {pd product} {ergonomic}
    uintx ProfiledCodeHeapSize                     = 122909434                              {pd product} {ergonomic}
    uintx ReservedCodeCacheSize                    = 251658240                              {pd product} {ergonomic}
     bool SegmentedCodeCache                       = true                                      {product} {ergonomic}
   size_t SoftMaxHeapSize                          = 3676307456                             {manageable} {ergonomic}
     bool UseCompressedOops                        = true                           {product lp64_product} {ergonomic}
     bool UseG1GC                                  = true                                      {product} {ergonomic}
     bool UseLargePagesIndividualAllocation        = false                                  {pd product} {ergonomic}

Logging:
Log output configuration:
 #0: stdout all=warning uptime,level,tags foldmultilines=false
 #1: stderr all=off uptime,level,tags foldmultilines=false

Environment Variables:
JAVA_HOME=C:\Program Files\Java\jdk-22
PATH=C:\Program Files (x86)\VMware\VMware Workstation\bin\;C:\Program Files\Common Files\Oracle\Java\javapath;C:\Program Files (x86)\Common Files\Oracle\Java\javapath;C:\Windows\system32;C:\Windows;C:\Windows\System32\Wbem;C:\Windows\System32\WindowsPowerShell\v1.0\;C:\Windows\System32\OpenSSH\;C:\Program Files (x86)\NVIDIA Corporation\PhysX\Common;C:\Program Files\NVIDIA Corporation\NVIDIA NvDLISR;C:\msys64\mingw64\bin;C:\WINDOWS\system32;C:\WINDOWS;C:\WINDOWS\System32\Wbem;C:\WINDOWS\System32\WindowsPowerShell\v1.0\;C:\WINDOWS\System32\OpenSSH\;C:\Program Files (x86)\Microsoft SQL Server\110\Tools\Binn\;C:\Program Files\Microsoft SQL Server\110\Tools\Binn\;C:\Program Files\Microsoft SQL Server\110\DTS\Binn\;C:\Program Files (x86)\Microsoft SQL Server\110\Tools\Binn\ManagementStudio\;C:\Program Files (x86)\Microsoft SQL Server\110\DTS\Binn\;C:\Program Files\Microsoft SQL Server\150\Tools\Binn\;C:\Program Files\Microsoft SQL Server\Client SDK\ODBC\170\Tools\Binn\;C:\Program Files\dotnet\;C:\Program Files\Git\cmd;C:\Users\ADMIN\AppData\Local\Programs\Python\Python312\Scripts\;C:\Users\ADMIN\AppData\Local\Programs\Python\Python312\;C:\Users\ADMIN\AppData\Local\Programs\Python\Launcher\;C:\Users\ADMIN\AppData\Local\Microsoft\WindowsApps;C:\Users\ADMIN\.dotnet\tools;C:\Users\ADMIN\AppData\Local\Programs\Microsoft VS Code\bin;C:\Users\ADMIN\AppData\Local\GitHubDesktop\bin;C:\Program Files\Java\jdk-22\bin;
USERNAME=ADMIN
OS=Windows_NT
PROCESSOR_IDENTIFIER=AMD64 Family 25 Model 68 Stepping 1, AuthenticAMD
TMP=C:\Users\ADMIN\AppData\Local\Temp
TEMP=C:\Users\ADMIN\AppData\Local\Temp




Periodic native trim disabled

---------------  S Y S T E M  ---------------

OS:
 Windows 11 , 64 bit Build 22621 (10.0.22621.3527)
OS uptime: 1 days 1:44 hours
Hyper-V role detected

CPU: total 12 (initial active 12) (12 cores per cpu, 2 threads per core) family 25 model 68 stepping 1 microcode 0x0, cx8, cmov, fxsr, ht, mmx, 3dnowpref, sse, sse2, sse3, ssse3, sse4a, sse4.1, sse4.2, popcnt, lzcnt, tsc, tscinvbit, avx, avx2, aes, erms, clmul, bmi1, bmi2, adx, sha, fma, vzeroupper, clflush, clflushopt, hv, rdtscp, rdpid, fsrm, f16c, cet_ss
Processor Information for all 12 processors :
  Max Mhz: 3301, Current Mhz: 3301, Mhz Limit: 3301

Memory: 4k page, system-wide physical 14020M (1087M free)
TotalPageFile size 57028M (AvailPageFile size 2339M)
current process WorkingSet (physical memory assigned to process): 56M, peak: 70M
current process commit charge ("private bytes"): 321M, peak: 321M

vm_info: Java HotSpot(TM) 64-Bit Server VM (22+36-2370) for windows-amd64 JRE (22+36-2370), built on 2024-02-15T22:15:19Z by "mach5one" with MS VC++ 17.6 (VS2022)

END.
