#
# There is insufficient memory for the Java Runtime Environment to continue.
# Native memory allocation (malloc) failed to allocate 32744 bytes. Error detail: Chunk::new
# Possible reasons:
#   The system is out of physical RAM or swap space
#   This process is running with CompressedOops enabled, and the Java Heap may be blocking the growth of the native heap
# Possible solutions:
#   Reduce memory load on the system
#   Increase physical memory or swap space
#   Check if swap backing store is full
#   Decrease Java heap size (-Xmx/-Xms)
#   Decrease number of Java threads
#   Decrease Java thread stack sizes (-Xss)
#   Set larger code cache with -XX:ReservedCodeCacheSize=
#   JVM is running with Zero Based Compressed Oops mode in which the Java heap is
#     placed in the first 32GB address space. The Java Heap base address is the
#     maximum limit for the native heap growth. Please use -XX:HeapBaseMinAddress
#     to set the Java Heap base and to place the Java Heap above 32GB virtual address.
# This output file may be truncated or incomplete.
#
#  Out of Memory Error (arena.cpp:150), pid=30128, tid=22360
#
# JRE version: Java(TM) SE Runtime Environment (22.0+36) (build 22+36-2370)
# Java VM: Java HotSpot(TM) 64-Bit Server VM (22+36-2370, mixed mode, sharing, tiered, compressed oops, compressed class ptrs, g1 gc, windows-amd64)
# No core dump will be written. Minidumps are not enabled by default on client versions of Windows
#

---------------  S U M M A R Y ------------

Command Line: -Dclassworlds.conf=C:\Program Files\NetBeans-21\netbeans\java\maven\bin\m2.conf -Dmaven.home=C:\Program Files\NetBeans-21\netbeans\java\maven -Dlibrary.jansi.path=C:\Program Files\NetBeans-21\netbeans\java\maven\lib\jansi-native -Dmaven.multiModuleProjectDirectory=C:\Users\ADMIN\OneDrive\Documents\GitHub\Management_Project_Java\mavenproject1 org.codehaus.plexus.classworlds.launcher.Launcher -Dexec.vmArgs=--enable-preview -Dexec.args=${exec.vmArgs} -classpath %classpath ${exec.mainClass} ${exec.appArgs} -Dexec.appArgs= -Dexec.mainClass=GUI.Login -Dexec.executable=C:\Program Files\Java\jdk-22\bin\java.exe -Dmaven.ext.class.path=C:\Program Files\NetBeans-21\netbeans\java\maven-nblib\netbeans-eventspy.jar --no-transfer-progress process-classes org.codehaus.mojo:exec-maven-plugin:3.1.0:exec

Host: AMD Ryzen 5 6600HS Creator Edition             , 12 cores, 13G,  Windows 11 , 64 bit Build 22621 (10.0.22621.3527)
Time: Thu May 16 16:18:43 2024 SE Asia Standard Time elapsed time: 53.408992 seconds (0d 0h 0m 53s)

---------------  T H R E A D  ---------------

Current thread (0x0000022ff9dde4f0):  JavaThread "C1 CompilerThread0" daemon [_thread_in_native, id=22360, stack(0x0000008b33700000,0x0000008b33800000) (1024K)]


Current CompileTask:
C1:53409  875       3       org.codehaus.plexus.classworlds.realm.ClassRealm::getImportClassLoader (47 bytes)

Stack: [0x0000008b33700000,0x0000008b33800000]
Native frames: (J=compiled Java code, j=interpreted, Vv=VM code, C=native code)
V  [jvm.dll+0x6e2349]  (no source info available)
V  [jvm.dll+0x874ed3]  (no source info available)
V  [jvm.dll+0x8772fe]  (no source info available)
V  [jvm.dll+0x8779d3]  (no source info available)
V  [jvm.dll+0x27fcb6]  (no source info available)
V  [jvm.dll+0xc3d0f]  (no source info available)
V  [jvm.dll+0xc3f6b]  (no source info available)
V  [jvm.dll+0x193cee]  (no source info available)
V  [jvm.dll+0x1aa6d5]  (no source info available)
V  [jvm.dll+0x153205]  (no source info available)
V  [jvm.dll+0x153507]  (no source info available)
V  [jvm.dll+0x1538a0]  (no source info available)
V  [jvm.dll+0x152c1d]  (no source info available)
V  [jvm.dll+0x154add]  (no source info available)
V  [jvm.dll+0x25699e]  (no source info available)
V  [jvm.dll+0x254c5a]  (no source info available)
V  [jvm.dll+0x3f5426]  (no source info available)
V  [jvm.dll+0x81d50b]  (no source info available)
V  [jvm.dll+0x6e09e5]  (no source info available)
C  [ucrtbase.dll+0x29333]  (no source info available)
C  [KERNEL32.DLL+0x1257d]  (no source info available)
C  [ntdll.dll+0x5aa48]  (no source info available)


---------------  P R O C E S S  ---------------

Threads class SMR info:
_java_thread_list=0x0000022fd422f670, length=11, elements={
0x0000022fe82af710, 0x0000022ff9d91820, 0x0000022ff9d92590, 0x0000022ff9d95ad0,
0x0000022ff9d96530, 0x0000022ff9d96f90, 0x0000022ff9d9bc60, 0x0000022ff9d9c6c0,
0x0000022ff9dde4f0, 0x0000022fd4256270, 0x0000022fd425b110
}

Java Threads: ( => current thread )
  0x0000022fe82af710 JavaThread "main"                              [_thread_in_vm, id=30248, stack(0x0000008b32600000,0x0000008b32700000) (1024K)]
  0x0000022ff9d91820 JavaThread "Reference Handler"          daemon [_thread_blocked, id=28868, stack(0x0000008b32f00000,0x0000008b33000000) (1024K)]
  0x0000022ff9d92590 JavaThread "Finalizer"                  daemon [_thread_blocked, id=12068, stack(0x0000008b33000000,0x0000008b33100000) (1024K)]
  0x0000022ff9d95ad0 JavaThread "Signal Dispatcher"          daemon [_thread_blocked, id=24156, stack(0x0000008b33100000,0x0000008b33200000) (1024K)]
  0x0000022ff9d96530 JavaThread "Attach Listener"            daemon [_thread_blocked, id=27112, stack(0x0000008b33200000,0x0000008b33300000) (1024K)]
  0x0000022ff9d96f90 JavaThread "Service Thread"             daemon [_thread_blocked, id=16300, stack(0x0000008b33300000,0x0000008b33400000) (1024K)]
  0x0000022ff9d9bc60 JavaThread "Monitor Deflation Thread"   daemon [_thread_blocked, id=26072, stack(0x0000008b33400000,0x0000008b33500000) (1024K)]
  0x0000022ff9d9c6c0 JavaThread "C2 CompilerThread0"         daemon [_thread_in_native, id=12516, stack(0x0000008b33500000,0x0000008b33600000) (1024K)]
=>0x0000022ff9dde4f0 JavaThread "C1 CompilerThread0"         daemon [_thread_in_native, id=22360, stack(0x0000008b33700000,0x0000008b33800000) (1024K)]
  0x0000022fd4256270 JavaThread "Notification Thread"        daemon [_thread_blocked, id=28904, stack(0x0000008b33800000,0x0000008b33900000) (1024K)]
  0x0000022fd425b110 JavaThread "Common-Cleaner"             daemon [_thread_blocked, id=17456, stack(0x0000008b33900000,0x0000008b33a00000) (1024K)]
Total: 11

Other Threads:
  0x0000022ff9d753a0 VMThread "VM Thread"                           [id=18048, stack(0x0000008b32e00000,0x0000008b32f00000) (1024K)] _threads_hazard_ptr=0x0000022fd422f670
  0x0000022ff9d59f50 WatcherThread "VM Periodic Task Thread"        [id=5252, stack(0x0000008b32d00000,0x0000008b32e00000) (1024K)]
  0x0000022fea46d9c0 WorkerThread "GC Thread#0"                     [id=9208, stack(0x0000008b32800000,0x0000008b32900000) (1024K)]
  0x0000022fea47c3c0 ConcurrentGCThread "G1 Main Marker"            [id=9068, stack(0x0000008b32900000,0x0000008b32a00000) (1024K)]
  0x0000022fea47cdd0 WorkerThread "G1 Conc#0"                       [id=7632, stack(0x0000008b32a00000,0x0000008b32b00000) (1024K)]
  0x0000022ff9c2cce0 ConcurrentGCThread "G1 Refine#0"               [id=5692, stack(0x0000008b32b00000,0x0000008b32c00000) (1024K)]
  0x0000022ff9c2d760 ConcurrentGCThread "G1 Service"                [id=25284, stack(0x0000008b32c00000,0x0000008b32d00000) (1024K)]
Total: 7

Threads with active compile tasks:
C2 CompilerThread0  82519  868   !   4       java.util.concurrent.ConcurrentHashMap::putVal (432 bytes)
C1 CompilerThread0  82519  875       3       org.codehaus.plexus.classworlds.realm.ClassRealm::getImportClassLoader (47 bytes)
Total: 2

VM state: synchronizing (normal execution)

VM Mutex/Monitor currently owned by a thread:  ([mutex/lock_event])
[0x00007ffbaa60cbc8] Threads_lock - owner thread: 0x0000022ff9d753a0

Heap address: 0x0000000724e00000, size: 3506 MB, Compressed Oops mode: Zero based, Oop shift amount: 3

CDS archive(s) mapped at: [0x0000022f8f000000-0x0000022f8fc60000-0x0000022f8fc60000), size 12976128, SharedBaseAddress: 0x0000022f8f000000, ArchiveRelocationMode: 1.
Compressed class space mapped at: 0x0000022f90000000-0x0000022fd0000000, reserved size: 1073741824
Narrow klass base: 0x0000022f8f000000, Narrow klass shift: 0, Narrow klass range: 0x41000000

GC Precious Log:
 CardTable entry size: 512
 Card Set container configuration: InlinePtr #cards 4 size 8 Array Of Cards #cards 16 size 48 Howl #buckets 8 coarsen threshold 3686 Howl Bitmap #cards 512 size 80 coarsen threshold 460 Card regions per heap region 1 cards per card region 4096
 CPUs: 12 total, 12 available
 Memory: 14020M
 Large Page Support: Disabled
 NUMA Support: Disabled
 Compressed Oops: Enabled (Zero based)
 Heap Region Size: 2M
 Heap Min Capacity: 8M
 Heap Initial Capacity: 220M
 Heap Max Capacity: 3506M
 Pre-touch: Disabled
 Parallel Workers: 10
 Concurrent Workers: 3
 Concurrent Refinement Workers: 10
 Periodic GC: Disabled

Heap:
 garbage-first heap   total reserved 3590144K, committed 225280K, used 12288K [0x0000000724e00000, 0x0000000800000000)
  region size 2048K, 7 young (14336K), 0 survivors (0K)
 Metaspace       used 3945K, committed 4160K, reserved 1114112K
  class space    used 410K, committed 512K, reserved 1048576K

Heap Regions: E=young(eden), S=young(survivor), O=old, HS=humongous(starts), HC=humongous(continues), CS=collection set, F=free, TAMS=top-at-mark-start, PB=parsable bottom
|   0|0x0000000724e00000, 0x0000000724e00000, 0x0000000725000000|  0%| F|  |TAMS 0x0000000724e00000| PB 0x0000000724e00000| Untracked |  0
|   1|0x0000000725000000, 0x0000000725000000, 0x0000000725200000|  0%| F|  |TAMS 0x0000000725000000| PB 0x0000000725000000| Untracked |  0
|   2|0x0000000725200000, 0x0000000725200000, 0x0000000725400000|  0%| F|  |TAMS 0x0000000725200000| PB 0x0000000725200000| Untracked |  0
|   3|0x0000000725400000, 0x0000000725400000, 0x0000000725600000|  0%| F|  |TAMS 0x0000000725400000| PB 0x0000000725400000| Untracked |  0
|   4|0x0000000725600000, 0x0000000725600000, 0x0000000725800000|  0%| F|  |TAMS 0x0000000725600000| PB 0x0000000725600000| Untracked |  0
|   5|0x0000000725800000, 0x0000000725800000, 0x0000000725a00000|  0%| F|  |TAMS 0x0000000725800000| PB 0x0000000725800000| Untracked |  0
|   6|0x0000000725a00000, 0x0000000725a00000, 0x0000000725c00000|  0%| F|  |TAMS 0x0000000725a00000| PB 0x0000000725a00000| Untracked |  0
|   7|0x0000000725c00000, 0x0000000725c00000, 0x0000000725e00000|  0%| F|  |TAMS 0x0000000725c00000| PB 0x0000000725c00000| Untracked |  0
|   8|0x0000000725e00000, 0x0000000725e00000, 0x0000000726000000|  0%| F|  |TAMS 0x0000000725e00000| PB 0x0000000725e00000| Untracked |  0
|   9|0x0000000726000000, 0x0000000726000000, 0x0000000726200000|  0%| F|  |TAMS 0x0000000726000000| PB 0x0000000726000000| Untracked |  0
|  10|0x0000000726200000, 0x0000000726200000, 0x0000000726400000|  0%| F|  |TAMS 0x0000000726200000| PB 0x0000000726200000| Untracked |  0
|  11|0x0000000726400000, 0x0000000726400000, 0x0000000726600000|  0%| F|  |TAMS 0x0000000726400000| PB 0x0000000726400000| Untracked |  0
|  12|0x0000000726600000, 0x0000000726600000, 0x0000000726800000|  0%| F|  |TAMS 0x0000000726600000| PB 0x0000000726600000| Untracked |  0
|  13|0x0000000726800000, 0x0000000726800000, 0x0000000726a00000|  0%| F|  |TAMS 0x0000000726800000| PB 0x0000000726800000| Untracked |  0
|  14|0x0000000726a00000, 0x0000000726a00000, 0x0000000726c00000|  0%| F|  |TAMS 0x0000000726a00000| PB 0x0000000726a00000| Untracked |  0
|  15|0x0000000726c00000, 0x0000000726c00000, 0x0000000726e00000|  0%| F|  |TAMS 0x0000000726c00000| PB 0x0000000726c00000| Untracked |  0
|  16|0x0000000726e00000, 0x0000000726e00000, 0x0000000727000000|  0%| F|  |TAMS 0x0000000726e00000| PB 0x0000000726e00000| Untracked |  0
|  17|0x0000000727000000, 0x0000000727000000, 0x0000000727200000|  0%| F|  |TAMS 0x0000000727000000| PB 0x0000000727000000| Untracked |  0
|  18|0x0000000727200000, 0x0000000727200000, 0x0000000727400000|  0%| F|  |TAMS 0x0000000727200000| PB 0x0000000727200000| Untracked |  0
|  19|0x0000000727400000, 0x0000000727400000, 0x0000000727600000|  0%| F|  |TAMS 0x0000000727400000| PB 0x0000000727400000| Untracked |  0
|  20|0x0000000727600000, 0x0000000727600000, 0x0000000727800000|  0%| F|  |TAMS 0x0000000727600000| PB 0x0000000727600000| Untracked |  0
|  21|0x0000000727800000, 0x0000000727800000, 0x0000000727a00000|  0%| F|  |TAMS 0x0000000727800000| PB 0x0000000727800000| Untracked |  0
|  22|0x0000000727a00000, 0x0000000727a00000, 0x0000000727c00000|  0%| F|  |TAMS 0x0000000727a00000| PB 0x0000000727a00000| Untracked |  0
|  23|0x0000000727c00000, 0x0000000727c00000, 0x0000000727e00000|  0%| F|  |TAMS 0x0000000727c00000| PB 0x0000000727c00000| Untracked |  0
|  24|0x0000000727e00000, 0x0000000727e00000, 0x0000000728000000|  0%| F|  |TAMS 0x0000000727e00000| PB 0x0000000727e00000| Untracked |  0
|  25|0x0000000728000000, 0x0000000728000000, 0x0000000728200000|  0%| F|  |TAMS 0x0000000728000000| PB 0x0000000728000000| Untracked |  0
|  26|0x0000000728200000, 0x0000000728200000, 0x0000000728400000|  0%| F|  |TAMS 0x0000000728200000| PB 0x0000000728200000| Untracked |  0
|  27|0x0000000728400000, 0x0000000728400000, 0x0000000728600000|  0%| F|  |TAMS 0x0000000728400000| PB 0x0000000728400000| Untracked |  0
|  28|0x0000000728600000, 0x0000000728600000, 0x0000000728800000|  0%| F|  |TAMS 0x0000000728600000| PB 0x0000000728600000| Untracked |  0
|  29|0x0000000728800000, 0x0000000728800000, 0x0000000728a00000|  0%| F|  |TAMS 0x0000000728800000| PB 0x0000000728800000| Untracked |  0
|  30|0x0000000728a00000, 0x0000000728a00000, 0x0000000728c00000|  0%| F|  |TAMS 0x0000000728a00000| PB 0x0000000728a00000| Untracked |  0
|  31|0x0000000728c00000, 0x0000000728c00000, 0x0000000728e00000|  0%| F|  |TAMS 0x0000000728c00000| PB 0x0000000728c00000| Untracked |  0
|  32|0x0000000728e00000, 0x0000000728e00000, 0x0000000729000000|  0%| F|  |TAMS 0x0000000728e00000| PB 0x0000000728e00000| Untracked |  0
|  33|0x0000000729000000, 0x0000000729000000, 0x0000000729200000|  0%| F|  |TAMS 0x0000000729000000| PB 0x0000000729000000| Untracked |  0
|  34|0x0000000729200000, 0x0000000729200000, 0x0000000729400000|  0%| F|  |TAMS 0x0000000729200000| PB 0x0000000729200000| Untracked |  0
|  35|0x0000000729400000, 0x0000000729400000, 0x0000000729600000|  0%| F|  |TAMS 0x0000000729400000| PB 0x0000000729400000| Untracked |  0
|  36|0x0000000729600000, 0x0000000729600000, 0x0000000729800000|  0%| F|  |TAMS 0x0000000729600000| PB 0x0000000729600000| Untracked |  0
|  37|0x0000000729800000, 0x0000000729800000, 0x0000000729a00000|  0%| F|  |TAMS 0x0000000729800000| PB 0x0000000729800000| Untracked |  0
|  38|0x0000000729a00000, 0x0000000729a00000, 0x0000000729c00000|  0%| F|  |TAMS 0x0000000729a00000| PB 0x0000000729a00000| Untracked |  0
|  39|0x0000000729c00000, 0x0000000729c00000, 0x0000000729e00000|  0%| F|  |TAMS 0x0000000729c00000| PB 0x0000000729c00000| Untracked |  0
|  40|0x0000000729e00000, 0x0000000729e00000, 0x000000072a000000|  0%| F|  |TAMS 0x0000000729e00000| PB 0x0000000729e00000| Untracked |  0
|  41|0x000000072a000000, 0x000000072a000000, 0x000000072a200000|  0%| F|  |TAMS 0x000000072a000000| PB 0x000000072a000000| Untracked |  0
|  42|0x000000072a200000, 0x000000072a200000, 0x000000072a400000|  0%| F|  |TAMS 0x000000072a200000| PB 0x000000072a200000| Untracked |  0
|  43|0x000000072a400000, 0x000000072a400000, 0x000000072a600000|  0%| F|  |TAMS 0x000000072a400000| PB 0x000000072a400000| Untracked |  0
|  44|0x000000072a600000, 0x000000072a600000, 0x000000072a800000|  0%| F|  |TAMS 0x000000072a600000| PB 0x000000072a600000| Untracked |  0
|  45|0x000000072a800000, 0x000000072a800000, 0x000000072aa00000|  0%| F|  |TAMS 0x000000072a800000| PB 0x000000072a800000| Untracked |  0
|  46|0x000000072aa00000, 0x000000072aa00000, 0x000000072ac00000|  0%| F|  |TAMS 0x000000072aa00000| PB 0x000000072aa00000| Untracked |  0
|  47|0x000000072ac00000, 0x000000072ac00000, 0x000000072ae00000|  0%| F|  |TAMS 0x000000072ac00000| PB 0x000000072ac00000| Untracked |  0
|  48|0x000000072ae00000, 0x000000072ae00000, 0x000000072b000000|  0%| F|  |TAMS 0x000000072ae00000| PB 0x000000072ae00000| Untracked |  0
|  49|0x000000072b000000, 0x000000072b000000, 0x000000072b200000|  0%| F|  |TAMS 0x000000072b000000| PB 0x000000072b000000| Untracked |  0
|  50|0x000000072b200000, 0x000000072b200000, 0x000000072b400000|  0%| F|  |TAMS 0x000000072b200000| PB 0x000000072b200000| Untracked |  0
|  51|0x000000072b400000, 0x000000072b400000, 0x000000072b600000|  0%| F|  |TAMS 0x000000072b400000| PB 0x000000072b400000| Untracked |  0
|  52|0x000000072b600000, 0x000000072b600000, 0x000000072b800000|  0%| F|  |TAMS 0x000000072b600000| PB 0x000000072b600000| Untracked |  0
|  53|0x000000072b800000, 0x000000072b800000, 0x000000072ba00000|  0%| F|  |TAMS 0x000000072b800000| PB 0x000000072b800000| Untracked |  0
|  54|0x000000072ba00000, 0x000000072ba00000, 0x000000072bc00000|  0%| F|  |TAMS 0x000000072ba00000| PB 0x000000072ba00000| Untracked |  0
|  55|0x000000072bc00000, 0x000000072bc00000, 0x000000072be00000|  0%| F|  |TAMS 0x000000072bc00000| PB 0x000000072bc00000| Untracked |  0
|  56|0x000000072be00000, 0x000000072be00000, 0x000000072c000000|  0%| F|  |TAMS 0x000000072be00000| PB 0x000000072be00000| Untracked |  0
|  57|0x000000072c000000, 0x000000072c000000, 0x000000072c200000|  0%| F|  |TAMS 0x000000072c000000| PB 0x000000072c000000| Untracked |  0
|  58|0x000000072c200000, 0x000000072c200000, 0x000000072c400000|  0%| F|  |TAMS 0x000000072c200000| PB 0x000000072c200000| Untracked |  0
|  59|0x000000072c400000, 0x000000072c400000, 0x000000072c600000|  0%| F|  |TAMS 0x000000072c400000| PB 0x000000072c400000| Untracked |  0
|  60|0x000000072c600000, 0x000000072c600000, 0x000000072c800000|  0%| F|  |TAMS 0x000000072c600000| PB 0x000000072c600000| Untracked |  0
|  61|0x000000072c800000, 0x000000072c800000, 0x000000072ca00000|  0%| F|  |TAMS 0x000000072c800000| PB 0x000000072c800000| Untracked |  0
|  62|0x000000072ca00000, 0x000000072ca00000, 0x000000072cc00000|  0%| F|  |TAMS 0x000000072ca00000| PB 0x000000072ca00000| Untracked |  0
|  63|0x000000072cc00000, 0x000000072cc00000, 0x000000072ce00000|  0%| F|  |TAMS 0x000000072cc00000| PB 0x000000072cc00000| Untracked |  0
|  64|0x000000072ce00000, 0x000000072ce00000, 0x000000072d000000|  0%| F|  |TAMS 0x000000072ce00000| PB 0x000000072ce00000| Untracked |  0
|  65|0x000000072d000000, 0x000000072d000000, 0x000000072d200000|  0%| F|  |TAMS 0x000000072d000000| PB 0x000000072d000000| Untracked |  0
|  66|0x000000072d200000, 0x000000072d200000, 0x000000072d400000|  0%| F|  |TAMS 0x000000072d200000| PB 0x000000072d200000| Untracked |  0
|  67|0x000000072d400000, 0x000000072d400000, 0x000000072d600000|  0%| F|  |TAMS 0x000000072d400000| PB 0x000000072d400000| Untracked |  0
|  68|0x000000072d600000, 0x000000072d600000, 0x000000072d800000|  0%| F|  |TAMS 0x000000072d600000| PB 0x000000072d600000| Untracked |  0
|  69|0x000000072d800000, 0x000000072d800000, 0x000000072da00000|  0%| F|  |TAMS 0x000000072d800000| PB 0x000000072d800000| Untracked |  0
|  70|0x000000072da00000, 0x000000072da00000, 0x000000072dc00000|  0%| F|  |TAMS 0x000000072da00000| PB 0x000000072da00000| Untracked |  0
|  71|0x000000072dc00000, 0x000000072dc00000, 0x000000072de00000|  0%| F|  |TAMS 0x000000072dc00000| PB 0x000000072dc00000| Untracked |  0
|  72|0x000000072de00000, 0x000000072de00000, 0x000000072e000000|  0%| F|  |TAMS 0x000000072de00000| PB 0x000000072de00000| Untracked |  0
|  73|0x000000072e000000, 0x000000072e000000, 0x000000072e200000|  0%| F|  |TAMS 0x000000072e000000| PB 0x000000072e000000| Untracked |  0
|  74|0x000000072e200000, 0x000000072e200000, 0x000000072e400000|  0%| F|  |TAMS 0x000000072e200000| PB 0x000000072e200000| Untracked |  0
|  75|0x000000072e400000, 0x000000072e400000, 0x000000072e600000|  0%| F|  |TAMS 0x000000072e400000| PB 0x000000072e400000| Untracked |  0
|  76|0x000000072e600000, 0x000000072e600000, 0x000000072e800000|  0%| F|  |TAMS 0x000000072e600000| PB 0x000000072e600000| Untracked |  0
|  77|0x000000072e800000, 0x000000072e800000, 0x000000072ea00000|  0%| F|  |TAMS 0x000000072e800000| PB 0x000000072e800000| Untracked |  0
|  78|0x000000072ea00000, 0x000000072ea00000, 0x000000072ec00000|  0%| F|  |TAMS 0x000000072ea00000| PB 0x000000072ea00000| Untracked |  0
|  79|0x000000072ec00000, 0x000000072ec00000, 0x000000072ee00000|  0%| F|  |TAMS 0x000000072ec00000| PB 0x000000072ec00000| Untracked |  0
|  80|0x000000072ee00000, 0x000000072ee00000, 0x000000072f000000|  0%| F|  |TAMS 0x000000072ee00000| PB 0x000000072ee00000| Untracked |  0
|  81|0x000000072f000000, 0x000000072f000000, 0x000000072f200000|  0%| F|  |TAMS 0x000000072f000000| PB 0x000000072f000000| Untracked |  0
|  82|0x000000072f200000, 0x000000072f200000, 0x000000072f400000|  0%| F|  |TAMS 0x000000072f200000| PB 0x000000072f200000| Untracked |  0
|  83|0x000000072f400000, 0x000000072f400000, 0x000000072f600000|  0%| F|  |TAMS 0x000000072f400000| PB 0x000000072f400000| Untracked |  0
|  84|0x000000072f600000, 0x000000072f600000, 0x000000072f800000|  0%| F|  |TAMS 0x000000072f600000| PB 0x000000072f600000| Untracked |  0
|  85|0x000000072f800000, 0x000000072f800000, 0x000000072fa00000|  0%| F|  |TAMS 0x000000072f800000| PB 0x000000072f800000| Untracked |  0
|  86|0x000000072fa00000, 0x000000072fa00000, 0x000000072fc00000|  0%| F|  |TAMS 0x000000072fa00000| PB 0x000000072fa00000| Untracked |  0
|  87|0x000000072fc00000, 0x000000072fc00000, 0x000000072fe00000|  0%| F|  |TAMS 0x000000072fc00000| PB 0x000000072fc00000| Untracked |  0
|  88|0x000000072fe00000, 0x000000072fe00000, 0x0000000730000000|  0%| F|  |TAMS 0x000000072fe00000| PB 0x000000072fe00000| Untracked |  0
|  89|0x0000000730000000, 0x0000000730000000, 0x0000000730200000|  0%| F|  |TAMS 0x0000000730000000| PB 0x0000000730000000| Untracked |  0
|  90|0x0000000730200000, 0x0000000730200000, 0x0000000730400000|  0%| F|  |TAMS 0x0000000730200000| PB 0x0000000730200000| Untracked |  0
|  91|0x0000000730400000, 0x0000000730400000, 0x0000000730600000|  0%| F|  |TAMS 0x0000000730400000| PB 0x0000000730400000| Untracked |  0
|  92|0x0000000730600000, 0x0000000730600000, 0x0000000730800000|  0%| F|  |TAMS 0x0000000730600000| PB 0x0000000730600000| Untracked |  0
|  93|0x0000000730800000, 0x0000000730800000, 0x0000000730a00000|  0%| F|  |TAMS 0x0000000730800000| PB 0x0000000730800000| Untracked |  0
|  94|0x0000000730a00000, 0x0000000730a00000, 0x0000000730c00000|  0%| F|  |TAMS 0x0000000730a00000| PB 0x0000000730a00000| Untracked |  0
|  95|0x0000000730c00000, 0x0000000730c00000, 0x0000000730e00000|  0%| F|  |TAMS 0x0000000730c00000| PB 0x0000000730c00000| Untracked |  0
|  96|0x0000000730e00000, 0x0000000730e00000, 0x0000000731000000|  0%| F|  |TAMS 0x0000000730e00000| PB 0x0000000730e00000| Untracked |  0
|  97|0x0000000731000000, 0x0000000731000000, 0x0000000731200000|  0%| F|  |TAMS 0x0000000731000000| PB 0x0000000731000000| Untracked |  0
|  98|0x0000000731200000, 0x0000000731200000, 0x0000000731400000|  0%| F|  |TAMS 0x0000000731200000| PB 0x0000000731200000| Untracked |  0
|  99|0x0000000731400000, 0x0000000731400000, 0x0000000731600000|  0%| F|  |TAMS 0x0000000731400000| PB 0x0000000731400000| Untracked |  0
| 100|0x0000000731600000, 0x0000000731600000, 0x0000000731800000|  0%| F|  |TAMS 0x0000000731600000| PB 0x0000000731600000| Untracked |  0
| 101|0x0000000731800000, 0x0000000731800000, 0x0000000731a00000|  0%| F|  |TAMS 0x0000000731800000| PB 0x0000000731800000| Untracked |  0
| 102|0x0000000731a00000, 0x0000000731a00000, 0x0000000731c00000|  0%| F|  |TAMS 0x0000000731a00000| PB 0x0000000731a00000| Untracked |  0
| 103|0x0000000731c00000, 0x0000000731e00000, 0x0000000731e00000|100%| E|  |TAMS 0x0000000731c00000| PB 0x0000000731c00000| Complete |  0
| 104|0x0000000731e00000, 0x0000000732000000, 0x0000000732000000|100%| E|CS|TAMS 0x0000000731e00000| PB 0x0000000731e00000| Complete |  0
| 105|0x0000000732000000, 0x0000000732200000, 0x0000000732200000|100%| E|CS|TAMS 0x0000000732000000| PB 0x0000000732000000| Complete |  0
| 106|0x0000000732200000, 0x0000000732400000, 0x0000000732400000|100%| E|CS|TAMS 0x0000000732200000| PB 0x0000000732200000| Complete |  0
| 107|0x0000000732400000, 0x0000000732600000, 0x0000000732600000|100%| E|CS|TAMS 0x0000000732400000| PB 0x0000000732400000| Complete |  0
| 108|0x0000000732600000, 0x0000000732800000, 0x0000000732800000|100%| E|CS|TAMS 0x0000000732600000| PB 0x0000000732600000| Complete |  0
| 109|0x0000000732800000, 0x0000000732a00000, 0x0000000732a00000|100%| E|CS|TAMS 0x0000000732800000| PB 0x0000000732800000| Complete |  0

Card table byte_map: [0x0000022ff3390000,0x0000022ff3a70000] _byte_map_base: 0x0000022fefa69000

Marking Bits: (CMBitMap*) 0x0000022fea46dfd0
 Bits: [0x0000022ff3a70000, 0x0000022ff7138000)

Polling page: 0x0000022fe9bd0000

Metaspace:

Usage:
  Non-class:      3.45 MB used.
      Class:    410.20 KB used.
       Both:      3.85 MB used.

Virtual space:
  Non-class space:       64.00 MB reserved,       3.56 MB (  6%) committed,  1 nodes.
      Class space:        1.00 GB reserved,     512.00 KB ( <1%) committed,  1 nodes.
             Both:        1.06 GB reserved,       4.06 MB ( <1%) committed. 

Chunk freelists:
   Non-Class:  10.11 MB
       Class:  15.47 MB
        Both:  25.58 MB

MaxMetaspaceSize: unlimited
CompressedClassSpaceSize: 1.00 GB
Initial GC threshold: 21.00 MB
Current GC threshold: 21.00 MB
CDS: on
 - commit_granule_bytes: 65536.
 - commit_granule_words: 8192.
 - virtual_space_node_default_size: 8388608.
 - enlarge_chunks_in_place: 1.
 - use_allocation_guard: 0.


Internal statistics:

num_allocs_failed_limit: 0.
num_arena_births: 38.
num_arena_deaths: 0.
num_vsnodes_births: 2.
num_vsnodes_deaths: 0.
num_space_committed: 65.
num_space_uncommitted: 0.
num_chunks_returned_to_freelist: 0.
num_chunks_taken_from_freelist: 145.
num_chunk_merges: 0.
num_chunk_splits: 95.
num_chunks_enlarged: 76.
num_inconsistent_stats: 0.

CodeHeap 'non-profiled nmethods': size=120000Kb used=249Kb max_used=249Kb free=119750Kb
 bounds [0x0000022f87ad0000, 0x0000022f87d40000, 0x0000022f8f000000]
CodeHeap 'profiled nmethods': size=120000Kb used=1667Kb max_used=1667Kb free=118332Kb
 bounds [0x0000022f80000000, 0x0000022f80270000, 0x0000022f87530000]
CodeHeap 'non-nmethods': size=5760Kb used=1355Kb max_used=1368Kb free=4404Kb
 bounds [0x0000022f87530000, 0x0000022f877a0000, 0x0000022f87ad0000]
 total_blobs=1328 nmethods=869 adapters=364
 compilation: enabled
              stopped_count=0, restarted_count=0
 full_count=0

Compilation events (20 events):
Event: 53.131 Thread 0x0000022ff9dde4f0  860       3       java.lang.ClassLoader::postDefineClass (39 bytes)
Event: 53.131 Thread 0x0000022ff9dde4f0 nmethod 860 0x0000022f8019ac10 code [0x0000022f8019ae00, 0x0000022f8019b130]
Event: 53.131 Thread 0x0000022ff9dde4f0  861       3       java.lang.ClassLoader::getNamedPackage (73 bytes)
Event: 53.132 Thread 0x0000022ff9dde4f0 nmethod 861 0x0000022f8019b310 code [0x0000022f8019b500, 0x0000022f8019ba20]
Event: 53.132 Thread 0x0000022ff9dde4f0  866   !   3       jdk.internal.loader.URLClassPath$FileLoader::getResource (153 bytes)
Event: 53.133 Thread 0x0000022ff9dde4f0 nmethod 866 0x0000022f8019bc10 code [0x0000022f8019bf60, 0x0000022f8019d0b8]
Event: 53.389 Thread 0x0000022ff9dde4f0  867       3       org.codehaus.plexus.classworlds.strategy.SelfFirstStrategy::loadClass (50 bytes)
Event: 53.389 Thread 0x0000022ff9d9c6c0  868   !   4       java.util.concurrent.ConcurrentHashMap::putVal (432 bytes)
Event: 53.389 Thread 0x0000022ff9dde4f0 nmethod 867 0x0000022f8019d910 code [0x0000022f8019db40, 0x0000022f8019e510]
Event: 53.390 Thread 0x0000022ff9dde4f0  873       3       java.util.TreeMap::getFirstEntry (26 bytes)
Event: 53.390 Thread 0x0000022ff9dde4f0 nmethod 873 0x0000022f8019e810 code [0x0000022f8019e9c0, 0x0000022f8019eba8]
Event: 53.390 Thread 0x0000022ff9dde4f0  869       3       java.util.TreeSet::iterator (15 bytes)
Event: 53.390 Thread 0x0000022ff9dde4f0 nmethod 869 0x0000022f8019ec90 code [0x0000022f8019ee40, 0x0000022f8019f0a0]
Event: 53.390 Thread 0x0000022ff9dde4f0  870       3       java.util.TreeMap::navigableKeySet (27 bytes)
Event: 53.390 Thread 0x0000022ff9dde4f0 nmethod 870 0x0000022f8019f210 code [0x0000022f8019f3e0, 0x0000022f8019f7d8]
Event: 53.390 Thread 0x0000022ff9dde4f0  871       3       java.util.TreeMap$KeySet::iterator (32 bytes)
Event: 53.391 Thread 0x0000022ff9dde4f0 nmethod 871 0x0000022f8019f910 code [0x0000022f8019fb20, 0x0000022f801a0230]
Event: 53.391 Thread 0x0000022ff9dde4f0  872       3       java.util.TreeMap::keyIterator (13 bytes)
Event: 53.391 Thread 0x0000022ff9dde4f0 nmethod 872 0x0000022f801a0490 code [0x0000022f801a0660, 0x0000022f801a0b20]
Event: 53.392 Thread 0x0000022ff9dde4f0  875       3       org.codehaus.plexus.classworlds.realm.ClassRealm::getImportClassLoader (47 bytes)

GC Heap History (0 events):
No events

Dll operation events (8 events):
Event: 1.380 Loaded shared library C:\Program Files\Java\jdk-22\bin\java.dll
Event: 1.426 Loaded shared library C:\Program Files\Java\jdk-22\bin\jsvml.dll
Event: 1.681 Loaded shared library C:\Program Files\Java\jdk-22\bin\net.dll
Event: 1.893 Loaded shared library C:\Program Files\Java\jdk-22\bin\nio.dll
Event: 1.904 Loaded shared library C:\Program Files\Java\jdk-22\bin\zip.dll
Event: 36.579 Loaded shared library C:\Program Files\Java\jdk-22\bin\jimage.dll
Event: 36.606 Loaded shared library C:\Program Files\NetBeans-21\netbeans\java\maven\lib\jansi-native\Windows\x86_64\jansi.dll
Event: 37.208 Loaded shared library C:\Program Files\Java\jdk-22\bin\verify.dll

Deoptimization events (20 events):
Event: 2.085 Thread 0x0000022fe82af710 DEOPT PACKING pc=0x0000022f87ad75f8 sp=0x0000008b326fda40
Event: 2.085 Thread 0x0000022fe82af710 DEOPT UNPACKING pc=0x0000022f875846a2 sp=0x0000008b326fd978 mode 2
Event: 30.924 Thread 0x0000022fe82af710 Uncommon trap: trap_request=0xffffff45 fr.pc=0x0000022f87adc1cc relative=0x000000000000012c
Event: 30.924 Thread 0x0000022fe82af710 Uncommon trap: reason=unstable_if action=reinterpret pc=0x0000022f87adc1cc method=java.lang.StringCoding.countPositives([BII)I @ 17 c2
Event: 30.924 Thread 0x0000022fe82af710 DEOPT PACKING pc=0x0000022f87adc1cc sp=0x0000008b326fa630
Event: 30.924 Thread 0x0000022fe82af710 DEOPT UNPACKING pc=0x0000022f875846a2 sp=0x0000008b326fa5d0 mode 2
Event: 45.625 Thread 0x0000022fe82af710 Uncommon trap: trap_request=0xffffff45 fr.pc=0x0000022f87addcc0 relative=0x00000000000004e0
Event: 45.625 Thread 0x0000022fe82af710 Uncommon trap: reason=unstable_if action=reinterpret pc=0x0000022f87addcc0 method=java.lang.StringLatin1.canEncode(C)Z @ 4 c2
Event: 45.625 Thread 0x0000022fe82af710 DEOPT PACKING pc=0x0000022f87addcc0 sp=0x0000008b326fe490
Event: 45.625 Thread 0x0000022fe82af710 DEOPT UNPACKING pc=0x0000022f875846a2 sp=0x0000008b326fe3c0 mode 2
Event: 45.625 Thread 0x0000022fe82af710 Uncommon trap: trap_request=0xffffff45 fr.pc=0x0000022f87adc990 relative=0x00000000000004b0
Event: 45.625 Thread 0x0000022fe82af710 Uncommon trap: reason=unstable_if action=reinterpret pc=0x0000022f87adc990 method=java.lang.AbstractStringBuilder.isLatin1()Z @ 10 c2
Event: 45.625 Thread 0x0000022fe82af710 DEOPT PACKING pc=0x0000022f87adc990 sp=0x0000008b326fe4b0
Event: 45.625 Thread 0x0000022fe82af710 DEOPT UNPACKING pc=0x0000022f875846a2 sp=0x0000008b326fe440 mode 2
Event: 45.846 Thread 0x0000022fe82af710 DEOPT PACKING pc=0x0000022f8006dda5 sp=0x0000008b326fd7f0
Event: 45.846 Thread 0x0000022fe82af710 DEOPT UNPACKING pc=0x0000022f87584e42 sp=0x0000008b326fcc40 mode 0
Event: 46.181 Thread 0x0000022fe82af710 DEOPT PACKING pc=0x0000022f8006dda5 sp=0x0000008b326fd1f0
Event: 46.181 Thread 0x0000022fe82af710 DEOPT UNPACKING pc=0x0000022f87584e42 sp=0x0000008b326fc640 mode 0
Event: 52.263 Thread 0x0000022fe82af710 DEOPT PACKING pc=0x0000022f80024543 sp=0x0000008b326fd4d0
Event: 52.263 Thread 0x0000022fe82af710 DEOPT UNPACKING pc=0x0000022f87584e42 sp=0x0000008b326fc948 mode 0

Classes loaded (20 events):
Event: 45.623 Loading class sun/text/resources/cldr/FormatData_en_US
Event: 45.623 Loading class sun/text/resources/cldr/FormatData_en_US done
Event: 46.192 Loading class java/lang/ArrayIndexOutOfBoundsException
Event: 46.403 Loading class java/lang/ArrayIndexOutOfBoundsException done
Event: 46.580 Loading class java/io/FilterReader
Event: 46.580 Loading class java/io/FilterReader done
Event: 47.592 Loading class java/io/InvalidObjectException
Event: 47.761 Loading class java/io/ObjectStreamException
Event: 48.103 Loading class java/io/ObjectStreamException done
Event: 48.103 Loading class java/io/InvalidObjectException done
Event: 49.962 Loading class java/util/NoSuchElementException
Event: 49.963 Loading class java/util/NoSuchElementException done
Event: 51.936 Loading class java/util/Arrays$ArrayItr
Event: 52.146 Loading class java/util/Arrays$ArrayItr done
Event: 52.268 Loading class java/lang/invoke/DirectMethodHandle$Special
Event: 52.447 Loading class java/lang/invoke/DirectMethodHandle$Special done
Event: 53.131 Loading class java/lang/InterruptedException
Event: 53.131 Loading class java/lang/InterruptedException done
Event: 53.131 Loading class java/util/concurrent/ExecutionException
Event: 53.131 Loading class java/util/concurrent/ExecutionException done

Classes unloaded (0 events):
No events

Classes redefined (0 events):
No events

Internal exceptions (20 events):
Event: 36.075 Thread 0x0000022fe82af710 Exception <a 'java/lang/NullPointerException'{0x0000000732579508}> (0x0000000732579508) 
thrown [s\open\src\hotspot\share\interpreter\linkResolver.cpp, line 1374]
Event: 36.607 Thread 0x0000022fe82af710 Exception <a 'java/lang/NullPointerException'{0x00000007325ba298}> (0x00000007325ba298) 
thrown [s\open\src\hotspot\share\interpreter\linkResolver.cpp, line 1374]
Event: 36.607 Thread 0x0000022fe82af710 Exception <a 'java/lang/NullPointerException'{0x00000007325ba578}> (0x00000007325ba578) 
thrown [s\open\src\hotspot\share\interpreter\linkResolver.cpp, line 1374]
Event: 36.607 Thread 0x0000022fe82af710 Exception <a 'java/lang/NullPointerException'{0x00000007325ba858}> (0x00000007325ba858) 
thrown [s\open\src\hotspot\share\interpreter\linkResolver.cpp, line 1374]
Event: 36.612 Thread 0x0000022fe82af710 Exception <a 'java/lang/NullPointerException'{0x00000007325bf5c0}> (0x00000007325bf5c0) 
thrown [s\open\src\hotspot\share\interpreter\linkResolver.cpp, line 1374]
Event: 36.615 Thread 0x0000022fe82af710 Exception <a 'java/lang/NullPointerException'{0x00000007325d26b0}> (0x00000007325d26b0) 
thrown [s\open\src\hotspot\share\interpreter\linkResolver.cpp, line 1374]
Event: 36.615 Thread 0x0000022fe82af710 Exception <a 'java/lang/NullPointerException'{0x00000007325d2990}> (0x00000007325d2990) 
thrown [s\open\src\hotspot\share\interpreter\linkResolver.cpp, line 1374]
Event: 36.615 Thread 0x0000022fe82af710 Exception <a 'java/lang/NullPointerException'{0x00000007325d2c70}> (0x00000007325d2c70) 
thrown [s\open\src\hotspot\share\interpreter\linkResolver.cpp, line 1374]
Event: 36.615 Thread 0x0000022fe82af710 Exception <a 'java/lang/NullPointerException'{0x00000007325d2f50}> (0x00000007325d2f50) 
thrown [s\open\src\hotspot\share\interpreter\linkResolver.cpp, line 1374]
Event: 36.622 Thread 0x0000022fe82af710 Exception <a 'sun/nio/fs/WindowsException'{0x00000007325fbeb0}> (0x00000007325fbeb0) 
thrown [s\open\src\hotspot\share\prims\jni.cpp, line 520]
Event: 36.623 Thread 0x0000022fe82af710 Exception <a 'sun/nio/fs/WindowsException'{0x00000007325fc688}> (0x00000007325fc688) 
thrown [s\open\src\hotspot\share\prims\jni.cpp, line 520]
Event: 36.623 Thread 0x0000022fe82af710 Exception <a 'sun/nio/fs/WindowsException'{0x00000007325fccb0}> (0x00000007325fccb0) 
thrown [s\open\src\hotspot\share\prims\jni.cpp, line 520]
Event: 36.623 Thread 0x0000022fe82af710 Exception <a 'sun/nio/fs/WindowsException'{0x00000007325fd2b0}> (0x00000007325fd2b0) 
thrown [s\open\src\hotspot\share\prims\jni.cpp, line 520]
Event: 36.623 Thread 0x0000022fe82af710 Exception <a 'sun/nio/fs/WindowsException'{0x00000007325fd828}> (0x00000007325fd828) 
thrown [s\open\src\hotspot\share\prims\jni.cpp, line 520]
Event: 36.623 Thread 0x0000022fe82af710 Exception <a 'sun/nio/fs/WindowsException'{0x00000007325fdd80}> (0x00000007325fdd80) 
thrown [s\open\src\hotspot\share\prims\jni.cpp, line 520]
Event: 36.623 Thread 0x0000022fe82af710 Exception <a 'sun/nio/fs/WindowsException'{0x00000007325fe288}> (0x00000007325fe288) 
thrown [s\open\src\hotspot\share\prims\jni.cpp, line 520]
Event: 36.623 Thread 0x0000022fe82af710 Exception <a 'sun/nio/fs/WindowsException'{0x00000007325fe748}> (0x00000007325fe748) 
thrown [s\open\src\hotspot\share\prims\jni.cpp, line 520]
Event: 37.306 Thread 0x0000022fe82af710 Exception <a 'java/lang/NoSuchMethodError'{0x0000000732270330}: 'void java.lang.invoke.DirectMethodHandle$Holder.invokeStatic(java.lang.Object, java.lang.Object, java.lang.Object)'> (0x0000000732270330) 
thrown [s\open\src\hotspot\share\interpreter\linkResolver.cpp, line 774]
Event: 43.271 Thread 0x0000022fe82af710 Exception <a 'java/lang/NoSuchMethodError'{0x0000000732021b98}: 'java.lang.Object java.lang.invoke.DirectMethodHandle$Holder.invokeSpecialIFC(java.lang.Object, java.lang.Object, java.lang.Object, java.lang.Object)'> (0x0000000732021b98) 
thrown [s\open\src\hotspot\share\interpreter\linkResolver.cpp, line 774]
Event: 52.268 Thread 0x0000022fe82af710 Exception <a 'java/lang/NoSuchMethodError'{0x0000000731d93348}: 'void java.lang.invoke.DirectMethodHandle$Holder.invokeSpecial(java.lang.Object, java.lang.Object, java.lang.Object)'> (0x0000000731d93348) 
thrown [s\open\src\hotspot\share\interpreter\linkResolver.cpp, line 774]

ZGC Phase Switch (0 events):
No events

VM Operations (20 events):
Event: 42.041 Executing VM operation: Cleanup
Event: 42.041 Executing VM operation: Cleanup done
Event: 43.056 Executing VM operation: Cleanup
Event: 43.260 Executing VM operation: Cleanup done
Event: 44.273 Executing VM operation: Cleanup
Event: 44.273 Executing VM operation: Cleanup done
Event: 45.285 Executing VM operation: Cleanup
Event: 45.617 Executing VM operation: Cleanup done
Event: 46.628 Executing VM operation: Cleanup
Event: 46.628 Executing VM operation: Cleanup done
Event: 47.630 Executing VM operation: Cleanup
Event: 48.115 Executing VM operation: Cleanup done
Event: 49.131 Executing VM operation: Cleanup
Event: 49.131 Executing VM operation: Cleanup done
Event: 51.155 Executing VM operation: Cleanup
Event: 51.155 Executing VM operation: Cleanup done
Event: 52.165 Executing VM operation: Cleanup
Event: 52.165 Executing VM operation: Cleanup done
Event: 53.180 Executing VM operation: Cleanup
Event: 53.180 Executing VM operation: Cleanup done

Events (11 events):
Event: 1.403 Thread 0x0000022fe82af710 Thread added: 0x0000022fe82af710
Event: 1.423 Thread 0x0000022ff9d91820 Thread added: 0x0000022ff9d91820
Event: 1.423 Thread 0x0000022ff9d92590 Thread added: 0x0000022ff9d92590
Event: 1.424 Thread 0x0000022ff9d95ad0 Thread added: 0x0000022ff9d95ad0
Event: 1.424 Thread 0x0000022ff9d96530 Thread added: 0x0000022ff9d96530
Event: 1.424 Thread 0x0000022ff9d96f90 Thread added: 0x0000022ff9d96f90
Event: 1.424 Thread 0x0000022ff9d9bc60 Thread added: 0x0000022ff9d9bc60
Event: 1.424 Thread 0x0000022ff9d9c6c0 Thread added: 0x0000022ff9d9c6c0
Event: 1.541 Thread 0x0000022ff9dde4f0 Thread added: 0x0000022ff9dde4f0
Event: 1.672 Thread 0x0000022fd4256270 Thread added: 0x0000022fd4256270
Event: 1.677 Thread 0x0000022fd425b110 Thread added: 0x0000022fd425b110


Dynamic libraries:
0x00007ff7ed1d0000 - 0x00007ff7ed1e0000 	C:\Program Files\Java\jdk-22\bin\java.exe
0x00007ffc3f9d0000 - 0x00007ffc3fbe7000 	C:\WINDOWS\SYSTEM32\ntdll.dll
0x00007ffc3e920000 - 0x00007ffc3e9e4000 	C:\WINDOWS\System32\KERNEL32.DLL
0x00007ffc3cf80000 - 0x00007ffc3d327000 	C:\WINDOWS\System32\KERNELBASE.dll
0x00007ffc3ce60000 - 0x00007ffc3cf71000 	C:\WINDOWS\System32\ucrtbase.dll
0x00007ffc0f400000 - 0x00007ffc0f417000 	C:\Program Files\Java\jdk-22\bin\jli.dll
0x00007ffc3e9f0000 - 0x00007ffc3eaa2000 	C:\WINDOWS\System32\ADVAPI32.dll
0x00007ffc3eab0000 - 0x00007ffc3eb57000 	C:\WINDOWS\System32\msvcrt.dll
0x00007ffc3dbc0000 - 0x00007ffc3dc68000 	C:\WINDOWS\System32\sechost.dll
0x00007ffc3ce30000 - 0x00007ffc3ce58000 	C:\WINDOWS\System32\bcrypt.dll
0x00007ffc3f650000 - 0x00007ffc3f765000 	C:\WINDOWS\System32\RPCRT4.dll
0x00007ffc3e520000 - 0x00007ffc3e6ce000 	C:\WINDOWS\System32\USER32.dll
0x00007ffc3d4c0000 - 0x00007ffc3d4e6000 	C:\WINDOWS\System32\win32u.dll
0x00007ffc3db70000 - 0x00007ffc3db99000 	C:\WINDOWS\System32\GDI32.dll
0x00007ffc3d3a0000 - 0x00007ffc3d4b9000 	C:\WINDOWS\System32\gdi32full.dll
0x00007ffc3d4f0000 - 0x00007ffc3d58a000 	C:\WINDOWS\System32\msvcp_win.dll
0x00007ffbf78f0000 - 0x00007ffbf790b000 	C:\Program Files\Java\jdk-22\bin\VCRUNTIME140.dll
0x00007ffc10350000 - 0x00007ffc105e3000 	C:\WINDOWS\WinSxS\amd64_microsoft.windows.common-controls_6595b64144ccf1df_6.0.22621.3527_none_270e469b73872a76\COMCTL32.dll
0x00007ffc343d0000 - 0x00007ffc343da000 	C:\WINDOWS\SYSTEM32\VERSION.dll
0x00007ffc3f2b0000 - 0x00007ffc3f2e1000 	C:\WINDOWS\System32\IMM32.DLL
0x00007ffc0e880000 - 0x00007ffc0e88c000 	C:\Program Files\Java\jdk-22\bin\vcruntime140_1.dll
0x00007ffbd0ad0000 - 0x00007ffbd0b5e000 	C:\Program Files\Java\jdk-22\bin\msvcp140.dll
0x00007ffba99a0000 - 0x00007ffbaa6e8000 	C:\Program Files\Java\jdk-22\bin\server\jvm.dll
0x00007ffc3e6d0000 - 0x00007ffc3e741000 	C:\WINDOWS\System32\WS2_32.dll
0x00007ffc3cbb0000 - 0x00007ffc3cbfd000 	C:\WINDOWS\SYSTEM32\POWRPROF.dll
0x00007ffc345c0000 - 0x00007ffc345f4000 	C:\WINDOWS\SYSTEM32\WINMM.dll
0x00007ffc3cb90000 - 0x00007ffc3cba3000 	C:\WINDOWS\SYSTEM32\UMPDC.dll
0x00007ffc3bcd0000 - 0x00007ffc3bce8000 	C:\WINDOWS\SYSTEM32\kernel.appcore.dll
0x00007ffbf77d0000 - 0x00007ffbf77da000 	C:\Program Files\Java\jdk-22\bin\jimage.dll
0x00007ffc3a670000 - 0x00007ffc3a8a2000 	C:\WINDOWS\SYSTEM32\DBGHELP.DLL
0x00007ffc3d700000 - 0x00007ffc3da88000 	C:\WINDOWS\System32\combase.dll
0x00007ffc3da90000 - 0x00007ffc3db67000 	C:\WINDOWS\System32\OLEAUT32.dll
0x00007ffc2a930000 - 0x00007ffc2a962000 	C:\WINDOWS\SYSTEM32\dbgcore.DLL
0x00007ffc3cdb0000 - 0x00007ffc3ce29000 	C:\WINDOWS\System32\bcryptPrimitives.dll
0x00007ffbf78d0000 - 0x00007ffbf78ee000 	C:\Program Files\Java\jdk-22\bin\java.dll
0x00007ffc3dc70000 - 0x00007ffc3e4cc000 	C:\WINDOWS\System32\SHELL32.dll
0x00007ffc3f2f0000 - 0x00007ffc3f495000 	C:\WINDOWS\System32\ole32.dll
0x00007ffc3abe0000 - 0x00007ffc3b4d6000 	C:\WINDOWS\SYSTEM32\windows.storage.dll
0x00007ffc3aaa0000 - 0x00007ffc3abde000 	C:\WINDOWS\SYSTEM32\wintypes.dll
0x00007ffc3ed30000 - 0x00007ffc3ee25000 	C:\WINDOWS\System32\SHCORE.dll
0x00007ffc3ec60000 - 0x00007ffc3ecbe000 	C:\WINDOWS\System32\shlwapi.dll
0x00007ffc3cc20000 - 0x00007ffc3cc41000 	C:\WINDOWS\SYSTEM32\profapi.dll
0x00007ffbdd120000 - 0x00007ffbdd1f7000 	C:\Program Files\Java\jdk-22\bin\jsvml.dll
0x00007ffbf77c0000 - 0x00007ffbf77d0000 	C:\Program Files\Java\jdk-22\bin\net.dll
0x00007ffc3c130000 - 0x00007ffc3c199000 	C:\WINDOWS\system32\mswsock.dll
0x00007ffbdd100000 - 0x00007ffbdd116000 	C:\Program Files\Java\jdk-22\bin\nio.dll
0x00007ffbdd0e0000 - 0x00007ffbdd0f7000 	C:\Program Files\Java\jdk-22\bin\zip.dll
0x0000000069ac0000 - 0x0000000069ae4000 	C:\Program Files\NetBeans-21\netbeans\java\maven\lib\jansi-native\Windows\x86_64\jansi.dll
0x00007ffbf77b0000 - 0x00007ffbf77c0000 	C:\Program Files\Java\jdk-22\bin\verify.dll

dbghelp: loaded successfully - version: 4.0.5 - missing functions: none
symbol engine: initialized successfully - sym options: 0x614 - pdb path: .;C:\Program Files\Java\jdk-22\bin;C:\WINDOWS\SYSTEM32;C:\WINDOWS\WinSxS\amd64_microsoft.windows.common-controls_6595b64144ccf1df_6.0.22621.3527_none_270e469b73872a76;C:\Program Files\Java\jdk-22\bin\server;C:\Program Files\NetBeans-21\netbeans\java\maven\lib\jansi-native\Windows\x86_64

VM Arguments:
jvm_args: -Dclassworlds.conf=C:\Program Files\NetBeans-21\netbeans\java\maven\bin\m2.conf -Dmaven.home=C:\Program Files\NetBeans-21\netbeans\java\maven -Dlibrary.jansi.path=C:\Program Files\NetBeans-21\netbeans\java\maven\lib\jansi-native -Dmaven.multiModuleProjectDirectory=C:\Users\ADMIN\OneDrive\Documents\GitHub\Management_Project_Java\mavenproject1 
java_command: org.codehaus.plexus.classworlds.launcher.Launcher -Dexec.vmArgs=--enable-preview -Dexec.args=${exec.vmArgs} -classpath %classpath ${exec.mainClass} ${exec.appArgs} -Dexec.appArgs= -Dexec.mainClass=GUI.Login -Dexec.executable=C:\Program Files\Java\jdk-22\bin\java.exe -Dmaven.ext.class.path=C:\Program Files\NetBeans-21\netbeans\java\maven-nblib\netbeans-eventspy.jar --no-transfer-progress process-classes org.codehaus.mojo:exec-maven-plugin:3.1.0:exec
java_class_path (initial): C:\Program Files\NetBeans-21\netbeans\java\maven\boot\plexus-classworlds-2.7.0.jar
Launcher Type: SUN_STANDARD

[Global flags]
     intx CICompilerCount                          = 4                                         {product} {ergonomic}
     uint ConcGCThreads                            = 3                                         {product} {ergonomic}
     uint G1ConcRefinementThreads                  = 10                                        {product} {ergonomic}
   size_t G1HeapRegionSize                         = 2097152                                   {product} {ergonomic}
   size_t InitialHeapSize                          = 230686720                                 {product} {ergonomic}
   size_t MarkStackSize                            = 4194304                                   {product} {ergonomic}
   size_t MaxHeapSize                              = 3676307456                                {product} {ergonomic}
   size_t MaxNewSize                               = 2204106752                                {product} {ergonomic}
   size_t MinHeapDeltaBytes                        = 2097152                                   {product} {ergonomic}
   size_t MinHeapSize                              = 8388608                                   {product} {ergonomic}
    uintx NonNMethodCodeHeapSize                   = 5839372                                {pd product} {ergonomic}
    uintx NonProfiledCodeHeapSize                  = 122909434                              {pd product} {ergonomic}
    uintx ProfiledCodeHeapSize                     = 122909434                              {pd product} {ergonomic}
    uintx ReservedCodeCacheSize                    = 251658240                              {pd product} {ergonomic}
     bool SegmentedCodeCache                       = true                                      {product} {ergonomic}
   size_t SoftMaxHeapSize                          = 3676307456                             {manageable} {ergonomic}
     bool UseCompressedOops                        = true                           {product lp64_product} {ergonomic}
     bool UseG1GC                                  = true                                      {product} {ergonomic}
     bool UseLargePagesIndividualAllocation        = false                                  {pd product} {ergonomic}

Logging:
Log output configuration:
 #0: stdout all=warning uptime,level,tags foldmultilines=false
 #1: stderr all=off uptime,level,tags foldmultilines=false

Environment Variables:
JAVA_HOME=C:\Program Files\Java\jdk-22
PATH=C:\Program Files (x86)\VMware\VMware Workstation\bin\;C:\Program Files\Common Files\Oracle\Java\javapath;C:\Program Files (x86)\Common Files\Oracle\Java\javapath;C:\Windows\system32;C:\Windows;C:\Windows\System32\Wbem;C:\Windows\System32\WindowsPowerShell\v1.0\;C:\Windows\System32\OpenSSH\;C:\Program Files (x86)\NVIDIA Corporation\PhysX\Common;C:\Program Files\NVIDIA Corporation\NVIDIA NvDLISR;C:\msys64\mingw64\bin;C:\WINDOWS\system32;C:\WINDOWS;C:\WINDOWS\System32\Wbem;C:\WINDOWS\System32\WindowsPowerShell\v1.0\;C:\WINDOWS\System32\OpenSSH\;C:\Program Files (x86)\Microsoft SQL Server\110\Tools\Binn\;C:\Program Files\Microsoft SQL Server\110\Tools\Binn\;C:\Program Files\Microsoft SQL Server\110\DTS\Binn\;C:\Program Files (x86)\Microsoft SQL Server\110\Tools\Binn\ManagementStudio\;C:\Program Files (x86)\Microsoft SQL Server\110\DTS\Binn\;C:\Program Files\Microsoft SQL Server\150\Tools\Binn\;C:\Program Files\Microsoft SQL Server\Client SDK\ODBC\170\Tools\Binn\;C:\Program Files\dotnet\;C:\Program Files\Git\cmd;C:\Users\ADMIN\AppData\Local\Programs\Python\Python312\Scripts\;C:\Users\ADMIN\AppData\Local\Programs\Python\Python312\;C:\Users\ADMIN\AppData\Local\Programs\Python\Launcher\;C:\Users\ADMIN\AppData\Local\Microsoft\WindowsApps;C:\Users\ADMIN\.dotnet\tools;C:\Users\ADMIN\AppData\Local\Programs\Microsoft VS Code\bin;C:\Users\ADMIN\AppData\Local\GitHubDesktop\bin;C:\Program Files\Java\jdk-22\bin;
USERNAME=ADMIN
OS=Windows_NT
PROCESSOR_IDENTIFIER=AMD64 Family 25 Model 68 Stepping 1, AuthenticAMD
TMP=C:\Users\ADMIN\AppData\Local\Temp
TEMP=C:\Users\ADMIN\AppData\Local\Temp




Periodic native trim disabled

---------------  S Y S T E M  ---------------

OS:
 Windows 11 , 64 bit Build 22621 (10.0.22621.3527)
OS uptime: 1 days 1:44 hours
Hyper-V role detected

CPU: total 12 (initial active 12) (12 cores per cpu, 2 threads per core) family 25 model 68 stepping 1 microcode 0x0, cx8, cmov, fxsr, ht, mmx, 3dnowpref, sse, sse2, sse3, ssse3, sse4a, sse4.1, sse4.2, popcnt, lzcnt, tsc, tscinvbit, avx, avx2, aes, erms, clmul, bmi1, bmi2, adx, sha, fma, vzeroupper, clflush, clflushopt, hv, rdtscp, rdpid, fsrm, f16c, cet_ss
Processor Information for all 12 processors :
  Max Mhz: 3301, Current Mhz: 3301, Mhz Limit: 3301

Memory: 4k page, system-wide physical 14020M (1094M free)
TotalPageFile size 57028M (AvailPageFile size 2340M)
current process WorkingSet (physical memory assigned to process): 42M, peak: 59M
current process commit charge ("private bytes"): 315M, peak: 319M

vm_info: Java HotSpot(TM) 64-Bit Server VM (22+36-2370) for windows-amd64 JRE (22+36-2370), built on 2024-02-15T22:15:19Z by "mach5one" with MS VC++ 17.6 (VS2022)

END.
