#
# There is insufficient memory for the Java Runtime Environment to continue.
# Native memory allocation (mmap) failed to map 65536 bytes. Error detail: Failed to commit metaspace.
# Possible reasons:
#   The system is out of physical RAM or swap space
#   This process is running with CompressedOops enabled, and the Java Heap may be blocking the growth of the native heap
# Possible solutions:
#   Reduce memory load on the system
#   Increase physical memory or swap space
#   Check if swap backing store is full
#   Decrease Java heap size (-Xmx/-Xms)
#   Decrease number of Java threads
#   Decrease Java thread stack sizes (-Xss)
#   Set larger code cache with -XX:ReservedCodeCacheSize=
#   JVM is running with Zero Based Compressed Oops mode in which the Java heap is
#     placed in the first 32GB address space. The Java Heap base address is the
#     maximum limit for the native heap growth. Please use -XX:HeapBaseMinAddress
#     to set the Java Heap base and to place the Java Heap above 32GB virtual address.
# This output file may be truncated or incomplete.
#
#  Out of Memory Error (virtualSpaceNode.cpp:112), pid=38852, tid=39364
#
# JRE version: Java(TM) SE Runtime Environment (22.0+36) (build 22+36-2370)
# Java VM: Java HotSpot(TM) 64-Bit Server VM (22+36-2370, mixed mode, sharing, tiered, compressed oops, compressed class ptrs, g1 gc, windows-amd64)
# No core dump will be written. Minidumps are not enabled by default on client versions of Windows
#

---------------  S U M M A R Y ------------

Command Line: -Dclassworlds.conf=C:\Program Files\NetBeans-21\netbeans\java\maven\bin\m2.conf -Dmaven.home=C:\Program Files\NetBeans-21\netbeans\java\maven -Dlibrary.jansi.path=C:\Program Files\NetBeans-21\netbeans\java\maven\lib\jansi-native -Dmaven.multiModuleProjectDirectory=C:\Users\ADMIN\OneDrive\Documents\GitHub\Management_Project_Java\mavenproject1 org.codehaus.plexus.classworlds.launcher.Launcher -Dexec.vmArgs=--enable-preview -Dexec.args=${exec.vmArgs} -classpath %classpath ${exec.mainClass} ${exec.appArgs} -Dexec.appArgs= -Dexec.mainClass=GUI.Login -Dexec.executable=C:\Program Files\Java\jdk-22\bin\java.exe -Dmaven.ext.class.path=C:\Program Files\NetBeans-21\netbeans\java\maven-nblib\netbeans-eventspy.jar --no-transfer-progress process-classes org.codehaus.mojo:exec-maven-plugin:3.1.0:exec

Host: AMD Ryzen 5 6600HS Creator Edition             , 12 cores, 13G,  Windows 11 , 64 bit Build 22621 (10.0.22621.3527)
Time: Thu May 16 16:18:43 2024 SE Asia Standard Time elapsed time: 26.013578 seconds (0d 0h 0m 26s)

---------------  T H R E A D  ---------------

Current thread (0x000002141dd91970):  JavaThread "main"             [_thread_in_vm, id=39364, stack(0x0000008b7e700000,0x0000008b7e800000) (1024K)]

Stack: [0x0000008b7e700000,0x0000008b7e800000]
Native frames: (J=compiled Java code, j=interpreted, Vv=VM code, C=native code)
V  [jvm.dll+0x6e2349]  (no source info available)
V  [jvm.dll+0x874ed3]  (no source info available)
V  [jvm.dll+0x8772fe]  (no source info available)
V  [jvm.dll+0x8779d3]  (no source info available)
V  [jvm.dll+0x27fcb6]  (no source info available)
V  [jvm.dll+0x870b1e]  (no source info available)
V  [jvm.dll+0x6853b5]  (no source info available)
V  [jvm.dll+0x1e3e9c]  (no source info available)
V  [jvm.dll+0x1e3c6e]  (no source info available)
V  [jvm.dll+0x687d08]  (no source info available)
V  [jvm.dll+0x22509c]  (no source info available)
V  [jvm.dll+0x685dce]  (no source info available)
V  [jvm.dll+0x26a351]  (no source info available)
V  [jvm.dll+0x21539f]  (no source info available)
V  [jvm.dll+0x21577a]  (no source info available)
V  [jvm.dll+0x2161a1]  (no source info available)
V  [jvm.dll+0x20b4de]  (no source info available)
V  [jvm.dll+0x5c471f]  (no source info available)
V  [jvm.dll+0x7ec136]  (no source info available)
V  [jvm.dll+0x47cb26]  (no source info available)
V  [jvm.dll+0x4829d8]  (no source info available)
C  [java.dll+0x17e4]  (no source info available)
C  0x000002142fedc78c  (no source info available)

The last pc belongs to native nmethod (printed below).
Java frames: (J=compiled Java code, j=interpreted, Vv=VM code)
J 1011  java.lang.ClassLoader.defineClass1(Ljava/lang/ClassLoader;Ljava/lang/String;[BIILjava/security/ProtectionDomain;Ljava/lang/String;)Ljava/lang/Class; java.base@22 (0 bytes) @ 0x000002142fedc6f1 [0x000002142fedc620+0x00000000000000d1]
J 1032 c1 java.lang.ClassLoader.defineClass(Ljava/lang/String;[BIILjava/security/ProtectionDomain;)Ljava/lang/Class; java.base@22 (43 bytes) @ 0x000002142859357c [0x0000021428593220+0x000000000000035c]
J 1045 c1 java.security.SecureClassLoader.defineClass(Ljava/lang/String;[BIILjava/security/CodeSource;)Ljava/lang/Class; java.base@22 (16 bytes) @ 0x000002142859f81c [0x000002142859f740+0x00000000000000dc]
J 700 c1 java.net.URLClassLoader.defineClass(Ljava/lang/String;Ljdk/internal/loader/Resource;)Ljava/lang/Class; java.base@22 (224 bytes) @ 0x00000214284d5964 [0x00000214284d46a0+0x00000000000012c4]
J 1010 c1 java.net.URLClassLoader$1.run()Ljava/lang/Class; java.base@22 (81 bytes) @ 0x000002142858d66c [0x000002142858ca40+0x0000000000000c2c]
J 1009 c1 java.net.URLClassLoader$1.run()Ljava/lang/Object; java.base@22 (5 bytes) @ 0x000002142858c53c [0x000002142858c4c0+0x000000000000007c]
J 689 c1 java.security.AccessController.doPrivileged(Ljava/security/PrivilegedExceptionAction;Ljava/security/AccessControlContext;)Ljava/lang/Object; java.base@22 (26 bytes) @ 0x00000214284ccb94 [0x00000214284cc9a0+0x00000000000001f4]
J 1007 c1 java.net.URLClassLoader.findClass(Ljava/lang/String;)Ljava/lang/Class; java.base@22 (47 bytes) @ 0x000002142858b734 [0x000002142858b580+0x00000000000001b4]
J 1025 c1 org.codehaus.plexus.classworlds.realm.ClassRealm.loadClassFromSelf(Ljava/lang/String;)Ljava/lang/Class; (40 bytes) @ 0x00000214285901ac [0x000002142858fe20+0x000000000000038c]
J 711 c1 org.codehaus.plexus.classworlds.strategy.SelfFirstStrategy.loadClass(Ljava/lang/String;)Ljava/lang/Class; (50 bytes) @ 0x00000214284dc69c [0x00000214284dc2c0+0x00000000000003dc]
J 518 c1 org.codehaus.plexus.classworlds.realm.ClassRealm.loadClass(Ljava/lang/String;Z)Ljava/lang/Class; (33 bytes) @ 0x0000021428485464 [0x00000214284852e0+0x0000000000000184]
J 517 c1 org.codehaus.plexus.classworlds.realm.ClassRealm.loadClass(Ljava/lang/String;)Ljava/lang/Class; (7 bytes) @ 0x0000021428484f44 [0x0000021428484e40+0x0000000000000104]
v  ~StubRoutines::call_stub 0x000002142f8f100d
j  org.eclipse.sisu.plexus.PlexusBeanBinder.bindBean(Lcom/google/inject/TypeLiteral;Lcom/google/inject/spi/TypeEncounter;)Lorg/eclipse/sisu/bean/PropertyBinder;+76
j  org.eclipse.sisu.bean.BeanListener.hear(Lcom/google/inject/TypeLiteral;Lcom/google/inject/spi/TypeEncounter;)V+6
j  com.google.inject.internal.MembersInjectorStore.createWithListeners(Lcom/google/inject/TypeLiteral;Lcom/google/inject/internal/Errors;)Lcom/google/inject/internal/MembersInjectorImpl;+151
j  com.google.inject.internal.MembersInjectorStore.access$000(Lcom/google/inject/internal/MembersInjectorStore;Lcom/google/inject/TypeLiteral;Lcom/google/inject/internal/Errors;)Lcom/google/inject/internal/MembersInjectorImpl;+3
j  com.google.inject.internal.MembersInjectorStore$1.create(Lcom/google/inject/TypeLiteral;Lcom/google/inject/internal/Errors;)Lcom/google/inject/internal/MembersInjectorImpl;+6
j  com.google.inject.internal.MembersInjectorStore$1.create(Ljava/lang/Object;Lcom/google/inject/internal/Errors;)Ljava/lang/Object;+6
j  com.google.inject.internal.FailableCache$1.load(Ljava/lang/Object;)Ljava/lang/Object;+16
j  com.google.common.cache.LocalCache$LoadingValueReference.loadFuture(Ljava/lang/Object;Lcom/google/common/cache/CacheLoader;)Lcom/google/common/util/concurrent/ListenableFuture;+24
j  com.google.common.cache.LocalCache$Segment.loadSync(Ljava/lang/Object;ILcom/google/common/cache/LocalCache$LoadingValueReference;Lcom/google/common/cache/CacheLoader;)Ljava/lang/Object;+4
j  com.google.common.cache.LocalCache$Segment.lockedGetOrLoad(Ljava/lang/Object;ILcom/google/common/cache/CacheLoader;)Ljava/lang/Object;+393
j  com.google.common.cache.LocalCache$Segment.get(Ljava/lang/Object;ILcom/google/common/cache/CacheLoader;)Ljava/lang/Object;+138
J 1806 c1 com.google.common.cache.LocalCache.get(Ljava/lang/Object;Lcom/google/common/cache/CacheLoader;)Ljava/lang/Object; (21 bytes) @ 0x000002142870dbb4 [0x000002142870d8a0+0x0000000000000314]
J 1698 c1 com.google.common.cache.LocalCache$LocalLoadingCache.getUnchecked(Ljava/lang/Object;)Ljava/lang/Object; (19 bytes) @ 0x00000214286dbec4 [0x00000214286dbd80+0x0000000000000144]
j  com.google.inject.internal.FailableCache.get(Ljava/lang/Object;Lcom/google/inject/internal/Errors;)Ljava/lang/Object;+5
j  com.google.inject.internal.MembersInjectorStore.get(Lcom/google/inject/TypeLiteral;Lcom/google/inject/internal/Errors;)Lcom/google/inject/internal/MembersInjectorImpl;+6
j  com.google.inject.internal.ConstructorInjectorStore.createConstructor(Lcom/google/inject/spi/InjectionPoint;Lcom/google/inject/internal/Errors;)Lcom/google/inject/internal/ConstructorInjector;+31
j  com.google.inject.internal.ConstructorInjectorStore.access$000(Lcom/google/inject/internal/ConstructorInjectorStore;Lcom/google/inject/spi/InjectionPoint;Lcom/google/inject/internal/Errors;)Lcom/google/inject/internal/ConstructorInjector;+3
j  com.google.inject.internal.ConstructorInjectorStore$1.create(Lcom/google/inject/spi/InjectionPoint;Lcom/google/inject/internal/Errors;)Lcom/google/inject/internal/ConstructorInjector;+6
j  com.google.inject.internal.ConstructorInjectorStore$1.create(Ljava/lang/Object;Lcom/google/inject/internal/Errors;)Ljava/lang/Object;+6
j  com.google.inject.internal.FailableCache$1.load(Ljava/lang/Object;)Ljava/lang/Object;+16
j  com.google.common.cache.LocalCache$LoadingValueReference.loadFuture(Ljava/lang/Object;Lcom/google/common/cache/CacheLoader;)Lcom/google/common/util/concurrent/ListenableFuture;+24
j  com.google.common.cache.LocalCache$Segment.loadSync(Ljava/lang/Object;ILcom/google/common/cache/LocalCache$LoadingValueReference;Lcom/google/common/cache/CacheLoader;)Ljava/lang/Object;+4
j  com.google.common.cache.LocalCache$Segment.lockedGetOrLoad(Ljava/lang/Object;ILcom/google/common/cache/CacheLoader;)Ljava/lang/Object;+393
j  com.google.common.cache.LocalCache$Segment.get(Ljava/lang/Object;ILcom/google/common/cache/CacheLoader;)Ljava/lang/Object;+138
J 1806 c1 com.google.common.cache.LocalCache.get(Ljava/lang/Object;Lcom/google/common/cache/CacheLoader;)Ljava/lang/Object; (21 bytes) @ 0x000002142870dbb4 [0x000002142870d8a0+0x0000000000000314]
J 1698 c1 com.google.common.cache.LocalCache$LocalLoadingCache.getUnchecked(Ljava/lang/Object;)Ljava/lang/Object; (19 bytes) @ 0x00000214286dbec4 [0x00000214286dbd80+0x0000000000000144]
j  com.google.inject.internal.FailableCache.get(Ljava/lang/Object;Lcom/google/inject/internal/Errors;)Ljava/lang/Object;+5
j  com.google.inject.internal.ConstructorInjectorStore.get(Lcom/google/inject/spi/InjectionPoint;Lcom/google/inject/internal/Errors;)Lcom/google/inject/internal/ConstructorInjector;+6
j  com.google.inject.internal.ConstructorBindingImpl.initialize(Lcom/google/inject/internal/InjectorImpl;Lcom/google/inject/internal/Errors;)V+13
j  com.google.inject.internal.InjectorImpl.initializeBinding(Lcom/google/inject/internal/BindingImpl;Lcom/google/inject/internal/Errors;)V+13
j  com.google.inject.internal.AbstractBindingProcessor$Processor.initializeBinding(Lcom/google/inject/internal/BindingImpl;)V+19
j  com.google.inject.internal.AbstractBindingProcessor$Processor.lambda$scheduleInitialization$0(Lcom/google/inject/internal/BindingImpl;)V+2
j  com.google.inject.internal.AbstractBindingProcessor$Processor$$Lambda+0x0000021440163f00.run()V+8
j  com.google.inject.internal.ProcessedBindingData.initializeBindings()V+30
j  com.google.inject.internal.InternalInjectorCreator.initializeStatically()V+4
j  com.google.inject.internal.InternalInjectorCreator.build()Lcom/google/inject/Injector;+64
j  com.google.inject.Guice.createInjector(Lcom/google/inject/Stage;Ljava/lang/Iterable;)Lcom/google/inject/Injector;+15
j  com.google.inject.Guice.createInjector(Ljava/lang/Iterable;)Lcom/google/inject/Injector;+4
j  com.google.inject.Guice.createInjector([Lcom/google/inject/Module;)Lcom/google/inject/Injector;+4
j  org.codehaus.plexus.DefaultPlexusContainer.addPlexusInjector(Ljava/util/List;[Lcom/google/inject/Module;)Lcom/google/inject/Injector;+88
j  org.codehaus.plexus.DefaultPlexusContainer.<init>(Lorg/codehaus/plexus/ContainerConfiguration;[Lcom/google/inject/Module;)V+400
j  org.apache.maven.cli.MavenCli.container(Lorg/apache/maven/cli/CliRequest;)Lorg/codehaus/plexus/PlexusContainer;+279
j  org.apache.maven.cli.MavenCli.doMain(Lorg/apache/maven/cli/CliRequest;)I+34
j  org.apache.maven.cli.MavenCli.main([Ljava/lang/String;Lorg/codehaus/plexus/classworlds/ClassWorld;)I+24
j  java.lang.invoke.DirectMethodHandle$Holder.invokeStatic(Ljava/lang/Object;Ljava/lang/Object;Ljava/lang/Object;)I+11 java.base@22
j  java.lang.invoke.LambdaForm$MH+0x0000021440009400.invoke(Ljava/lang/Object;Ljava/lang/Object;Ljava/lang/Object;Ljava/lang/Object;)Ljava/lang/Object;+54 java.base@22
j  java.lang.invoke.LambdaForm$MH+0x0000021440009800.invokeExact_MT(Ljava/lang/Object;Ljava/lang/Object;Ljava/lang/Object;Ljava/lang/Object;Ljava/lang/Object;)Ljava/lang/Object;+22 java.base@22
j  jdk.internal.reflect.DirectMethodHandleAccessor.invokeImpl(Ljava/lang/Object;[Ljava/lang/Object;)Ljava/lang/Object;+72 java.base@22
j  jdk.internal.reflect.DirectMethodHandleAccessor.invoke(Ljava/lang/Object;[Ljava/lang/Object;)Ljava/lang/Object;+23 java.base@22
j  java.lang.reflect.Method.invoke(Ljava/lang/Object;[Ljava/lang/Object;)Ljava/lang/Object;+102 java.base@22
j  org.codehaus.plexus.classworlds.launcher.Launcher.launchEnhanced([Ljava/lang/String;)V+45
j  org.codehaus.plexus.classworlds.launcher.Launcher.launch([Ljava/lang/String;)V+2
j  org.codehaus.plexus.classworlds.launcher.Launcher.mainWithExitCode([Ljava/lang/String;)I+108
j  org.codehaus.plexus.classworlds.launcher.Launcher.main([Ljava/lang/String;)V+1
v  ~StubRoutines::call_stub 0x000002142f8f100d

Compiled method (n/a) 26545 1011     n 0       java.lang.ClassLoader::defineClass1 (native)
 total in heap  [0x000002142fedc490,0x000002142fedcad0] = 1600
 relocation     [0x000002142fedc5e8,0x000002142fedc620] = 56
 main code      [0x000002142fedc620,0x000002142fedcacf] = 1199
 stub code      [0x000002142fedcacf,0x000002142fedcad0] = 1

[Constant Pool (empty)]

[MachCode]
[Entry Point]
  # {method} {0x000002143f3fec58} 'defineClass1' '(Ljava/lang/ClassLoader;Ljava/lang/String;[BIILjava/security/ProtectionDomain;Ljava/lang/String;)Ljava/lang/Class;' in 'java/lang/ClassLoader'
  # parm0:    rdx:rdx   = 'java/lang/ClassLoader'
  # parm1:    r8:r8     = 'java/lang/String'
  # parm2:    r9:r9     = '[B'
  # parm3:    rdi       = int
  # parm4:    rsi       = int
  # parm5:    rcx:rcx   = 'java/security/ProtectionDomain'
  # parm6:    [sp+0xa0]   = 'java/lang/String'  (sp of caller)
  0x000002142fedc620: 448b 5208 | 49bb 0000 | 003f 1402 | 0000 4d03 | d349 3bc2 | 0f84 0600 

  0x000002142fedc638: ;   {runtime_call ic_miss_stub}
  0x000002142fedc638: 0000 e941 | 21a6 ff90 
[Verified Entry Point]
  0x000002142fedc640: 8984 2400 | 80ff ff55 | 488b ec48 | 81ec 9000 | 0000 6690 | 4181 7f20 | 0100 0000 

  0x000002142fedc65c: ;   {runtime_call StubRoutines (final stubs)}
  0x000002142fedc65c: 7405 e87d | 86a4 ff48 | 837d 1000 | 488d 4510 | 480f 4445 | 1048 8944 | 2440 4889 | 4c24 7048 
  0x000002142fedc67c: 83f9 0048 | 8d44 2470 | 480f 4444 | 2470 4889 | 4424 3848 | 8974 2430 | 4889 7c24 | 284c 894c 
  0x000002142fedc69c: 2458 4983 | f900 488d | 4424 5848 | 0f44 4424 | 5848 8944 | 2420 4c89 | 4424 5049 | 83f8 004c 
  0x000002142fedc6bc: 8d4c 2450 | 4c0f 444c | 2450 4889 | 5424 4848 | 83fa 004c | 8d44 2448 | 4c0f 4444 

  0x000002142fedc6d8: ;   {oop(a 'java/lang/Class'{0x0000000724e64628} = 'java/lang/ClassLoader')}
  0x000002142fedc6d8: 2448 49be | 2846 e624 | 0700 0000 | 4c89 7424 | 784c 8d74 | 2478 498b | d6c5 f877 

  0x000002142fedc6f4: ;   {internal_word}
  0x000002142fedc6f4: 49ba f1c6 | ed2f 1402 | 0000 4d89 | 97a8 0300 | 0049 89a7 | a003 0000 

  0x000002142fedc70c: ;   {external_word}
  0x000002142fedc70c: 49ba ac40 | 5eaa fb7f | 0000 4180 | 3a00 0f84 | 4e00 0000 | 5241 5041 

  0x000002142fedc724: ;   {metadata({method} {0x000002143f3fec58} 'defineClass1' '(Ljava/lang/ClassLoader;Ljava/lang/String;[BIILjava/security/ProtectionDomain;Ljava/lang/String;)Ljava/lang/Class;' in 'java/lang/ClassLoader')}
  0x000002142fedc724: 5148 ba50 | ec3f 3f14 | 0200 0049 | 8bcf 4883 | ec20 40f6 | c40f 0f84 | 1900 0000 | 4883 ec08 
  0x000002142fedc744: ;   {runtime_call}
  0x000002142fedc744: 48b8 00b6 | 0eaa fb7f | 0000 ffd0 | 4883 c408 | e90c 0000 

  0x000002142fedc758: ;   {runtime_call}
  0x000002142fedc758: 0048 b800 | b60e aafb | 7f00 00ff | d048 83c4 | 2041 5941 | 585a 498d | 8fc0 0300 | 0041 c787 
  0x000002142fedc778: 5404 0000 | 0400 0000 

  0x000002142fedc780: ;   {runtime_call}
  0x000002142fedc780: 48b8 a416 | 8df7 fb7f | 0000 ffd0 | c5f8 7741 | c787 5404 | 0000 0500 | 0000 f083 | 4424 c000 
  0x000002142fedc7a0: 493b af58 | 0400 000f | 870e 0000 | 0041 83bf | 5004 0000 | 000f 842b | 0000 00c5 | f877 4889 
  0x000002142fedc7c0: 45f8 498b | cf4c 8be4 | 4883 ec20 | 4883 e4f0 

  0x000002142fedc7d0: ;   {runtime_call}
  0x000002142fedc7d0: 48b8 c01f | d9a9 fb7f | 0000 ffd0 | 498b e44d | 33e4 488b | 45f8 41c7 | 8754 0400 | 0008 0000 
  0x000002142fedc7f0: 0041 83bf | d004 0000 | 020f 84a3 

  0x000002142fedc7fc: ;   {external_word}
  0x000002142fedc7fc: 0200 0049 | baac 405e | aafb 7f00 | 0041 803a | 000f 844c | 0000 0048 

  0x000002142fedc814: ;   {metadata({method} {0x000002143f3fec58} 'defineClass1' '(Ljava/lang/ClassLoader;Ljava/lang/String;[BIILjava/security/ProtectionDomain;Ljava/lang/String;)Ljava/lang/Class;' in 'java/lang/ClassLoader')}
  0x000002142fedc814: 8945 f848 | ba50 ec3f | 3f14 0200 | 0049 8bcf | 4883 ec20 | 40f6 c40f | 0f84 1900 | 0000 4883 
  0x000002142fedc834: ;   {runtime_call}
  0x000002142fedc834: ec08 48b8 | 00b6 0eaa | fb7f 0000 | ffd0 4883 | c408 e90c 

  0x000002142fedc848: ;   {runtime_call}
  0x000002142fedc848: 0000 0048 | b800 b60e | aafb 7f00 | 00ff d048 | 83c4 2048 | 8b45 f849 | c787 a003 | 0000 0000 
  0x000002142fedc868: 0000 49c7 | 87a8 0300 | 0000 0000 | 00c5 f877 | 4885 c00f | 84fe 0100 | 00a8 030f | 8508 0000 
  0x000002142fedc888: 0048 8b00 | e9ee 0100 | 00a8 010f | 8509 0000 | 0048 8b40 | fee9 dd01 | 0000 488b | 40ff 4180 
  0x000002142fedc8a8: 7f38 000f | 84ce 0100 | 0048 83f8 | 000f 84c4 | 0100 0049 | 8b4f 2848 | 83f9 000f | 8414 0000 
  0x000002142fedc8c8: 0048 83e9 | 0849 894f | 2849 034f | 3048 8901 | e9a2 0100 | 0048 81ec | d000 0000 | 4889 0424 
  0x000002142fedc8e8: 4889 4c24 | 0848 8954 | 2410 4889 | 7424 1848 | 897c 2420 | 4c89 4424 | 284c 894c | 2430 4c89 
  0x000002142fedc908: 5424 384c | 895c 2440 | c5fb 1144 | 2450 c5fb | 114c 2458 | c5fb 1154 | 2460 c5fb | 115c 2468 
  0x000002142fedc928: c5fb 1164 | 2470 c5fb | 116c 2478 | c5fb 11b4 | 2480 0000 | 00c5 fb11 | bc24 8800 | 0000 c57b 
  0x000002142fedc948: ;   {no_reloc}
  0x000002142fedc948: 1184 2490 | 0000 00c5 | 7b11 8c24 | 9800 0000 | c57b 1194 | 24a0 0000 | 00c5 7b11 | 9c24 a800 
  0x000002142fedc968: 0000 c57b | 11a4 24b0 | 0000 00c5 | 7b11 ac24 | b800 0000 | c57b 11b4 | 24c0 0000 | 00c5 7b11 
  0x000002142fedc988: bc24 c800 | 0000 498b | d748 8bc8 | 4883 ec20 | 40f6 c40f | 0f84 1900 | 0000 4883 

  0x000002142fedc9a4: ;   {runtime_call}
  0x000002142fedc9a4: ec08 48b8 | 303e cca9 | fb7f 0000 | ffd0 4883 | c408 e90c 

  0x000002142fedc9b8: ;   {runtime_call}
  0x000002142fedc9b8: 0000 0048 | b830 3ecc | a9fb 7f00 | 00ff d048 | 83c4 20c5 | 7b10 bc24 | c800 0000 | c57b 10b4 
  0x000002142fedc9d8: 24c0 0000 | 00c5 7b10 | ac24 b800 | 0000 c57b | 10a4 24b0 | 0000 00c5 | 7b10 9c24 | a800 0000 
  0x000002142fedc9f8: c57b 1094 | 24a0 0000 | 00c5 7b10 | 8c24 9800 | 0000 c57b | 1084 2490 | 0000 00c5 | fb10 bc24 
  0x000002142fedca18: 8800 0000 | c5fb 10b4 | 2480 0000 | 00c5 fb10 | 6c24 78c5 | fb10 6424 | 70c5 fb10 | 5c24 68c5 
  0x000002142fedca38: fb10 5424 | 60c5 fb10 | 4c24 58c5 | fb10 4424 | 504c 8b5c | 2440 4c8b | 5424 384c | 8b4c 2430 
  0x000002142fedca58: 4c8b 4424 | 2848 8b7c | 2420 488b | 7424 1848 | 8b54 2410 | 488b 4c24 | 0848 8b04 | 2448 81c4 
  0x000002142fedca78: d000 0000 | c5f8 7749 | 8b8f 3004 | 0000 c781 | 0001 0000 | 0000 0000 | c949 837f | 0800 0f85 
  0x000002142fedca98: 0100 0000 

  0x000002142fedca9c: ;   {runtime_call StubRoutines (initial stubs)}
  0x000002142fedca9c: c3e9 5e44 | a1ff c5f8 | 7748 8945 | f84c 8be4 | 4883 ec20 | 4883 e4f0 

  0x000002142fedcab4: ;   {runtime_call}
  0x000002142fedcab4: 48b8 50ee | 0eaa fb7f | 0000 ffd0 | 498b e44d | 33e4 488b | 45f8 e930 | fdff fff4 
[/MachCode]


Compiled method (c1) 26563 1032       3       java.lang.ClassLoader::defineClass (43 bytes)
 total in heap  [0x0000021428593010,0x0000021428593968] = 2392
 relocation     [0x0000021428593168,0x0000021428593208] = 160
 main code      [0x0000021428593220,0x00000214285936c0] = 1184
 stub code      [0x00000214285936c0,0x0000021428593738] = 120
 metadata       [0x0000021428593738,0x0000021428593768] = 48
 scopes data    [0x0000021428593768,0x0000021428593858] = 240
 scopes pcs     [0x0000021428593858,0x0000021428593938] = 224
 dependencies   [0x0000021428593938,0x0000021428593940] = 8
 nul chk table  [0x0000021428593940,0x0000021428593968] = 40

[Constant Pool (empty)]

[MachCode]
[Entry Point]
  # {method} {0x000002143f3fefd8} 'defineClass' '(Ljava/lang/String;[BIILjava/security/ProtectionDomain;)Ljava/lang/Class;' in 'java/lang/ClassLoader'
  # this:     rdx:rdx   = 'java/lang/ClassLoader'
  # parm0:    r8:r8     = 'java/lang/String'
  # parm1:    r9:r9     = '[B'
  # parm2:    rdi       = int
  # parm3:    rsi       = int
  # parm4:    rcx:rcx   = 'java/security/ProtectionDomain'
  #           [sp+0xc0]  (sp of caller)
  0x0000021428593220: 448b 5208 | 49bb 0000 | 003f 1402 | 0000 4d03 | d34c 3bd0 

  0x0000021428593234: ;   {runtime_call ic_miss_stub}
  0x0000021428593234: 0f85 46b5 | 3a07 660f | 1f44 0000 
[Verified Entry Point]
  0x0000021428593240: 8984 2400 | 80ff ff55 | 4881 ecb0 | 0000 0090 | 4181 7f20 | 0100 0000 

  0x0000021428593258: ;   {runtime_call StubRoutines (final stubs)}
  0x0000021428593258: 7405 e881 | 1a39 0748 | 8954 2478 

  0x0000021428593264: ;   {metadata(method data for {method} {0x000002143f3fefd8} 'defineClass' '(Ljava/lang/String;[BIILjava/security/ProtectionDomain;)Ljava/lang/Class;' in 'java/lang/ClassLoader')}
  0x0000021428593264: 48bb c8ff | 1a80 1402 | 0000 8b83 | cc00 0000 | 83c0 0289 | 83cc 0000 | 0025 fe07 | 0000 85c0 
  0x0000021428593284: 0f84 5803 | 0000 89b4 | 2494 0000 | 0089 bc24 | 9000 0000 | 4c89 8c24 | 8800 0000 

  0x00000214285932a0: ;   {metadata(method data for {method} {0x000002143f3fefd8} 'defineClass' '(Ljava/lang/String;[BIILjava/security/ProtectionDomain;)Ljava/lang/Class;' in 'java/lang/ClassLoader')}
  0x00000214285932a0: 488b da48 | b8c8 ff1a | 8014 0200 | 0048 8380 | 1801 0000 | 0149 8bd8 | 4c8b c34c | 8bc9 488b 
  0x00000214285932c0: ca48 8bd1 | 4889 9c24 | 8000 0000 

  0x00000214285932cc: ;   {optimized virtual_call}
  0x00000214285932cc: 6666 90e8 

  0x00000214285932d0: ; ImmutableOopMap {[120]=Oop [128]=Oop [136]=Oop }
                      ;*invokevirtual preDefineClass {reexecute=0 rethrow=0 return_oop=0}
                      ; - java.lang.ClassLoader::defineClass@4 (line 1021)
  0x00000214285932d0: 4c29 f8ff 

  0x00000214285932d4: ;   {other}
  0x00000214285932d4: 0f1f 8400 | c402 0000 | 4889 8424 | 9800 0000 | 488b 5424 

  0x00000214285932e8: ;   {metadata(method data for {method} {0x000002143f3fefd8} 'defineClass' '(Ljava/lang/String;[BIILjava/security/ProtectionDomain;)Ljava/lang/Class;' in 'java/lang/ClassLoader')}
  0x00000214285932e8: 7849 b8c8 | ff1a 8014 | 0200 0049 | 8380 4801 

  0x00000214285932f8: ;   {metadata(method data for {method} {0x000002143f3fecc0} 'defineClassSourceLocation' '(Ljava/security/ProtectionDomain;)Ljava/lang/String;' in 'java/lang/ClassLoader')}
  0x00000214285932f8: 0000 0149 | b8a8 f31a | 8014 0200 | 0041 8b90 | cc00 0000 | 83c2 0241 | 8990 cc00 | 0000 81e2 
  0x0000021428593318: feff 1f00 | 85d2 0f84 | df02 0000 

  0x0000021428593324: ; implicit exception: dispatches to 0x0000021428593624
  0x0000021428593324: 483b 004c 

  0x0000021428593328: ;   {metadata(method data for {method} {0x000002143f3fecc0} 'defineClassSourceLocation' '(Ljava/security/ProtectionDomain;)Ljava/lang/String;' in 'java/lang/ClassLoader')}
  0x0000021428593328: 8bc0 48ba | a8f3 1a80 | 1402 0000 | 4883 8218 | 0100 0001 | 448b 4010 | 49c1 e003 

  0x0000021428593344: ;   {metadata(method data for {method} {0x000002143f3fecc0} 'defineClassSourceLocation' '(Ljava/security/ProtectionDomain;)Ljava/lang/String;' in 'java/lang/ClassLoader')}
  0x0000021428593344: 4d85 c048 | baa8 f31a | 8014 0200 | 0048 c7c6 | 5801 0000 | 7507 48c7 | c648 0100 | 0048 8b3c 
  0x0000021428593364: 3248 8d7f | 0148 893c | 320f 850f 

  0x0000021428593370: ;   {oop(nullptr)}
  0x0000021428593370: 0000 0048 | bb00 0000 | 0000 0000 | 00e9 a501 | 0000 493b | 0049 8bd0 

  0x0000021428593388: ;   {metadata(method data for {method} {0x000002143f3fecc0} 'defineClassSourceLocation' '(Ljava/security/ProtectionDomain;)Ljava/lang/String;' in 'java/lang/ClassLoader')}
  0x0000021428593388: 48be a8f3 | 1a80 1402 | 0000 4883 | 8668 0100 | 0001 418b | 500c 48c1 | e203 4885 

  0x00000214285933a4: ;   {metadata(method data for {method} {0x000002143f3fecc0} 'defineClassSourceLocation' '(Ljava/security/ProtectionDomain;)Ljava/lang/String;' in 'java/lang/ClassLoader')}
  0x00000214285933a4: d248 bea8 | f31a 8014 | 0200 0048 | c7c7 a801 | 0000 7507 | 48c7 c798 | 0100 0048 | 8b1c 3e48 
  0x00000214285933c4: 8d5b 0148 | 891c 3e0f | 850f 0000 

  0x00000214285933d0: ;   {oop(nullptr)}
  0x00000214285933d0: 0048 bb00 | 0000 0000 | 0000 00e9 | 4701 0000 

  0x00000214285933e0: ;   {metadata(method data for {method} {0x000002143f3fecc0} 'defineClassSourceLocation' '(Ljava/security/ProtectionDomain;)Ljava/lang/String;' in 'java/lang/ClassLoader')}
  0x00000214285933e0: 48be a8f3 | 1a80 1402 | 0000 4883 | 86b8 0100 | 0001 483b | 024c 8bc2 

  0x00000214285933f8: ;   {metadata(method data for {method} {0x000002143f3fecc0} 'defineClassSourceLocation' '(Ljava/security/ProtectionDomain;)Ljava/lang/String;' in 'java/lang/ClassLoader')}
  0x00000214285933f8: 48be a8f3 | 1a80 1402 | 0000 4883 | 86e8 0100 

  0x0000021428593408: ;   {metadata(method data for {method} {0x000002143f01a690} 'toString' '()Ljava/lang/String;' in 'java/net/URL')}
  0x0000021428593408: 0001 49b8 | 48af 1680 | 1402 0000 | 418b b0cc | 0000 0083 | c602 4189 | b0cc 0000 | 0081 e6fe 
  0x0000021428593428: ff1f 0085 | f60f 8400 | 0200 004c 

  0x0000021428593434: ;   {metadata(method data for {method} {0x000002143f01a690} 'toString' '()Ljava/lang/String;' in 'java/net/URL')}
  0x0000021428593434: 8bc2 48be | 48af 1680 | 1402 0000 | 4883 8618 | 0100 0001 

  0x0000021428593448: ;   {metadata(method data for {method} {0x000002143f3f38b8} 'toExternalForm' '()Ljava/lang/String;' in 'java/net/URL')}
  0x0000021428593448: 49b8 10c0 | 1280 1402 | 0000 418b | b0cc 0000 | 0083 c602 | 4189 b0cc | 0000 0081 | e6fe ff1f 
  0x0000021428593468: 0085 f60f | 84e3 0100 | 008b 7238 | 48c1 e603 

  0x0000021428593478: ; implicit exception: dispatches to 0x0000021428593675
  0x0000021428593478: 483b 064c 

  0x000002142859347c: ;   {metadata(method data for {method} {0x000002143f3f38b8} 'toExternalForm' '()Ljava/lang/String;' in 'java/net/URL')}
  0x000002142859347c: 8bc6 48bf | 10c0 1280 | 1402 0000 | 458b 4008 | 49ba 0000 | 003f 1402 | 0000 4d03 | c24c 3b87 
  0x000002142859349c: 2001 0000 | 750d 4883 | 8728 0100 | 0001 e960 | 0000 004c | 3b87 3001 | 0000 750d | 4883 8738 
  0x00000214285934bc: 0100 0001 | e94a 0000 | 0048 83bf | 2001 0000 | 0075 174c | 8987 2001 | 0000 48c7 | 8728 0100 
  0x00000214285934dc: 0001 0000 | 00e9 2900 | 0000 4883 | bf30 0100 | 0000 7517 | 4c89 8730 | 0100 0048 | c787 3801 
  0x00000214285934fc: 0000 0100 | 0000 e908 | 0000 0048 | 8387 1801 | 0000 014c | 8bc2 488b 

  0x0000021428593514: ;   {optimized virtual_call}
  0x0000021428593514: d666 90e8 

  0x0000021428593518: ; ImmutableOopMap {[120]=Oop [128]=Oop [136]=Oop [152]=Oop }
                      ;*invokevirtual toExternalForm {reexecute=0 rethrow=0 return_oop=0}
                      ; - java.net.URL::toExternalForm@5 (line 1203)
                      ; - java.net.URL::toString@1 (line 1189)
                      ; - java.lang.ClassLoader::defineClassSourceLocation@22 (line 925)
                      ; - java.lang.ClassLoader::defineClass@12 (line 1022)
  0x0000021428593518: 649e f4ff 

  0x000002142859351c: ;   {other}
  0x000002142859351c: 0f1f 8400 | 0c05 0001 | 488b d848 | 8b84 2498 | 0000 008b | b424 9400 | 0000 8bbc | 2490 0000 
  0x000002142859353c: 004c 8b8c | 2488 0000 | 004c 8b84 | 2480 0000 | 0048 8b54 

  0x0000021428593550: ;   {metadata(method data for {method} {0x000002143f3fefd8} 'defineClass' '(Ljava/lang/String;[BIILjava/security/ProtectionDomain;)Ljava/lang/Class;' in 'java/lang/ClassLoader')}
  0x0000021428593550: 2478 48b9 | c8ff 1a80 | 1402 0000 | 4883 8178 | 0100 0001 | 4c8b da49 | 8bd3 488b | c848 891c 
  0x0000021428593570: 2466 0f1f 

  0x0000021428593574: ;   {static_call}
  0x0000021428593574: 4400 00e8 

  0x0000021428593578: ; ImmutableOopMap {[120]=Oop [152]=Oop }
                      ;*invokestatic defineClass1 {reexecute=0 rethrow=0 return_oop=0}
                      ; - java.lang.ClassLoader::defineClass@27 (line 1023)
  0x0000021428593578: c490 9407 

  0x000002142859357c: ;   {other}
  0x000002142859357c: 0f1f 8400 | 6c05 0002 | 488b 5424 

  0x0000021428593588: ;   {metadata(method data for {method} {0x000002143f3fefd8} 'defineClass' '(Ljava/lang/String;[BIILjava/security/ProtectionDomain;)Ljava/lang/Class;' in 'java/lang/ClassLoader')}
  0x0000021428593588: 7849 b8c8 | ff1a 8014 | 0200 0049 | 8380 8801 | 0000 014c | 8bc0 4c8b | 8c24 9800 | 0000 488b 
  0x00000214285935a8: 5424 7848 | 8984 24a0 | 0000 000f 

  0x00000214285935b4: ;   {optimized virtual_call}
  0x00000214285935b4: 1f40 00e8 

  0x00000214285935b8: ; ImmutableOopMap {[160]=Oop }
                      ;*invokevirtual postDefineClass {reexecute=0 rethrow=0 return_oop=0}
                      ; - java.lang.ClassLoader::defineClass@37 (line 1024)
  0x00000214285935b8: 6416 f3ff 

  0x00000214285935bc: ;   {other}
  0x00000214285935bc: 0f1f 8400 | ac05 0003 | 488b 8424 | a000 0000 | 4881 c4b0 | 0000 005d 

  0x00000214285935d4: ;   {poll_return}
  0x00000214285935d4: 493b a758 | 0400 000f | 8799 0000 

  0x00000214285935e0: ;   {metadata({method} {0x000002143f3fefd8} 'defineClass' '(Ljava/lang/String;[BIILjava/security/ProtectionDomain;)Ljava/lang/Class;' in 'java/lang/ClassLoader')}
  0x00000214285935e0: 00c3 49ba | d0ef 3f3f | 1402 0000 | 4c89 5424 | 0848 c704 | 24ff ffff 

  0x00000214285935f8: ;   {runtime_call counter_overflow Runtime1 stub}
  0x00000214285935f8: ffe8 02fe 

  0x00000214285935fc: ; ImmutableOopMap {rdx=Oop r8=Oop r9=Oop rcx=Oop [120]=Oop }
                      ;*synchronization entry
                      ; - java.lang.ClassLoader::defineClass@-1 (line 1021)
  0x00000214285935fc: 4707 e987 

  0x0000021428593600: ;   {metadata({method} {0x000002143f3fecc0} 'defineClassSourceLocation' '(Ljava/security/ProtectionDomain;)Ljava/lang/String;' in 'java/lang/ClassLoader')}
  0x0000021428593600: fcff ff49 | bab8 ec3f | 3f14 0200 | 004c 8954 | 2408 48c7 | 0424 ffff 

  0x0000021428593618: ;   {runtime_call counter_overflow Runtime1 stub}
  0x0000021428593618: ffff e8e1 

  0x000002142859361c: ; ImmutableOopMap {rax=Oop [120]=Oop [128]=Oop [136]=Oop [152]=Oop }
                      ;*synchronization entry
                      ; - java.lang.ClassLoader::defineClassSourceLocation@-1 (line 922)
                      ; - java.lang.ClassLoader::defineClass@12 (line 1022)
  0x000002142859361c: fd47 07e9 | 00fd ffff 

  0x0000021428593624: ;   {runtime_call throw_null_pointer_exception Runtime1 stub}
  0x0000021428593624: e857 a847 

  0x0000021428593628: ; ImmutableOopMap {rax=Oop [120]=Oop [128]=Oop [136]=Oop [152]=Oop }
                      ;*invokevirtual getCodeSource {reexecute=0 rethrow=0 return_oop=0}
                      ; - java.lang.ClassLoader::defineClassSourceLocation@1 (line 922)
                      ; - java.lang.ClassLoader::defineClass@12 (line 1022)
                      ;   {runtime_call throw_null_pointer_exception Runtime1 stub}
  0x0000021428593628: 07e8 52a8 

  0x000002142859362c: ; ImmutableOopMap {rax=Oop r8=Oop [120]=Oop [128]=Oop [136]=Oop [152]=Oop }
                      ;*invokevirtual getLocation {reexecute=0 rethrow=0 return_oop=0}
                      ; - java.lang.ClassLoader::defineClassSourceLocation@12 (line 924)
                      ; - java.lang.ClassLoader::defineClass@12 (line 1022)
                      ;   {runtime_call throw_null_pointer_exception Runtime1 stub}
  0x000002142859362c: 4707 e84d 

  0x0000021428593630: ; ImmutableOopMap {rdx=Oop [120]=Oop [128]=Oop [136]=Oop [152]=Oop }
                      ;*invokevirtual toString {reexecute=0 rethrow=0 return_oop=0}
                      ; - java.lang.ClassLoader::defineClassSourceLocation@22 (line 925)
                      ; - java.lang.ClassLoader::defineClass@12 (line 1022)
                      ;   {metadata({method} {0x000002143f01a690} 'toString' '()Ljava/lang/String;' in 'java/net/URL')}
  0x0000021428593630: a847 0749 | ba88 a601 | 3f14 0200 | 004c 8954 | 2408 48c7 | 0424 ffff 

  0x0000021428593648: ;   {runtime_call counter_overflow Runtime1 stub}
  0x0000021428593648: ffff e8b1 

  0x000002142859364c: ; ImmutableOopMap {rdx=Oop [120]=Oop [128]=Oop [136]=Oop [152]=Oop }
                      ;*synchronization entry
                      ; - java.net.URL::toString@-1 (line 1189)
                      ; - java.lang.ClassLoader::defineClassSourceLocation@22 (line 925)
                      ; - java.lang.ClassLoader::defineClass@12 (line 1022)
  0x000002142859364c: fd47 07e9 | dffd ffff 

  0x0000021428593654: ;   {metadata({method} {0x000002143f3f38b8} 'toExternalForm' '()Ljava/lang/String;' in 'java/net/URL')}
  0x0000021428593654: 49ba b038 | 3f3f 1402 | 0000 4c89 | 5424 0848 | c704 24ff 

  0x0000021428593668: ;   {runtime_call counter_overflow Runtime1 stub}
  0x0000021428593668: ffff ffe8 

  0x000002142859366c: ; ImmutableOopMap {rdx=Oop [120]=Oop [128]=Oop [136]=Oop [152]=Oop }
                      ;*synchronization entry
                      ; - java.net.URL::toExternalForm@-1 (line 1203)
                      ; - java.net.URL::toString@1 (line 1189)
                      ; - java.lang.ClassLoader::defineClassSourceLocation@22 (line 925)
                      ; - java.lang.ClassLoader::defineClass@12 (line 1022)
  0x000002142859366c: 90fd 4707 | e9fc fdff 

  0x0000021428593674: ;   {runtime_call throw_null_pointer_exception Runtime1 stub}
  0x0000021428593674: ffe8 06a8 

  0x0000021428593678: ; ImmutableOopMap {rdx=Oop rsi=Oop [120]=Oop [128]=Oop [136]=Oop [152]=Oop }
                      ;*invokevirtual toExternalForm {reexecute=0 rethrow=0 return_oop=0}
                      ; - java.net.URL::toExternalForm@5 (line 1203)
                      ; - java.net.URL::toString@1 (line 1189)
                      ; - java.lang.ClassLoader::defineClassSourceLocation@22 (line 925)
                      ; - java.lang.ClassLoader::defineClass@12 (line 1022)
                      ;   {internal_word}
  0x0000021428593678: 4707 49ba | d435 5928 | 1402 0000 | 4d89 9770 

  0x0000021428593688: ;   {runtime_call SafepointBlob}
  0x0000021428593688: 0400 00e9 | 7020 3b07 | 498b 8708 | 0500 0049 | c787 0805 | 0000 0000 | 0000 49c7 | 8710 0500 
  0x00000214285936a8: 0000 0000 | 0048 81c4 | b000 0000 

  0x00000214285936b4: ;   {runtime_call unwind_exception Runtime1 stub}
  0x00000214285936b4: 5de9 46c2 | 3e07 f4f4 | f4f4 f4f4 
[Stub Code]
  0x00000214285936c0: ;   {no_reloc}
  0x00000214285936c0: 0f1f 4400 

  0x00000214285936c4: ;   {static_stub}
  0x00000214285936c4: 0048 bb00 | 0000 0000 

  0x00000214285936cc: ;   {runtime_call}
  0x00000214285936cc: 0000 00e9 | fbff ffff 

  0x00000214285936d4: ;   {static_stub}
  0x00000214285936d4: 48bb 0000 | 0000 0000 

  0x00000214285936dc: ;   {runtime_call}
  0x00000214285936dc: 0000 e9fb 

  0x00000214285936e0: ;   {static_stub}
  0x00000214285936e0: ffff ff48 | bb00 0000 | 0000 0000 

  0x00000214285936ec: ;   {runtime_call}
  0x00000214285936ec: 00e9 fbff 

  0x00000214285936f0: ;   {static_stub}
  0x00000214285936f0: ffff 48bb | 0000 0000 | 0000 0000 

  0x00000214285936fc: ;   {runtime_call}
  0x00000214285936fc: e9fb ffff 

  0x0000021428593700: ;   {runtime_call handle_exception_from_callee Runtime1 stub}
  0x0000021428593700: ffe8 fac9 

  0x0000021428593704: ;   {external_word}
  0x0000021428593704: 4707 48b9 | c028 36aa | fb7f 0000 | 4883 e4f0 

  0x0000021428593714: ;   {runtime_call}
  0x0000021428593714: 48b8 9095 | fda9 fb7f | 0000 ffd0 

  0x0000021428593720: ;   {section_word}
  0x0000021428593720: f449 ba21 | 3759 2814 | 0200 0041 

  0x000002142859372c: ;   {runtime_call DeoptimizationBlob}
  0x000002142859372c: 52e9 6e12 | 3b07 f4f4 | f4f4 f4f4 
[/MachCode]


Compiled method (c1) 26620 1045       3       java.security.SecureClassLoader::defineClass (16 bytes)
 total in heap  [0x000002142859f590,0x000002142859f990] = 1024
 relocation     [0x000002142859f6e8,0x000002142859f738] = 80
 main code      [0x000002142859f740,0x000002142859f898] = 344
 stub code      [0x000002142859f898,0x000002142859f8e8] = 80
 metadata       [0x000002142859f8e8,0x000002142859f8f0] = 8
 scopes data    [0x000002142859f8f0,0x000002142859f938] = 72
 scopes pcs     [0x000002142859f938,0x000002142859f988] = 80
 dependencies   [0x000002142859f988,0x000002142859f990] = 8

[Constant Pool (empty)]

[MachCode]
[Entry Point]
  # {method} {0x000002143f0438c0} 'defineClass' '(Ljava/lang/String;[BIILjava/security/CodeSource;)Ljava/lang/Class;' in 'java/security/SecureClassLoader'
  # this:     rdx:rdx   = 'java/security/SecureClassLoader'
  # parm0:    r8:r8     = 'java/lang/String'
  # parm1:    r9:r9     = '[B'
  # parm2:    rdi       = int
  # parm3:    rsi       = int
  # parm4:    rcx:rcx   = 'java/security/CodeSource'
  #           [sp+0x80]  (sp of caller)
  0x000002142859f740: 448b 5208 | 49bb 0000 | 003f 1402 | 0000 4d03 | d34c 3bd0 

  0x000002142859f754: ;   {runtime_call ic_miss_stub}
  0x000002142859f754: 0f85 26f0 | 3907 660f | 1f44 0000 
[Verified Entry Point]
  0x000002142859f760: 8984 2400 | 80ff ff55 | 4883 ec70 | 4181 7f20 | 0100 0000 

  0x000002142859f774: ;   {runtime_call StubRoutines (final stubs)}
  0x000002142859f774: 7405 e865 

  0x000002142859f778: ;   {metadata(method data for {method} {0x000002143f0438c0} 'defineClass' '(Ljava/lang/String;[BIILjava/security/CodeSource;)Ljava/lang/Class;' in 'java/security/SecureClassLoader')}
  0x000002142859f778: 5538 0748 | bb28 d717 | 8014 0200 | 008b 83cc | 0000 0083 | c002 8983 | cc00 0000 | 25fe 0700 
  0x000002142859f798: 0085 c00f | 8496 0000 | 0089 7424 | 5c89 7c24 | 584c 894c | 2450 4c89 | 4424 4848 

  0x000002142859f7b4: ;   {metadata(method data for {method} {0x000002143f0438c0} 'defineClass' '(Ljava/lang/String;[BIILjava/security/CodeSource;)Ljava/lang/Class;' in 'java/security/SecureClassLoader')}
  0x000002142859f7b4: 8bda 48b8 | 28d7 1780 | 1402 0000 | 4883 8018 | 0100 0001 | 4c8b c148 | 8bc2 488b | d048 8944 
  0x000002142859f7d4: ;   {optimized virtual_call}
  0x000002142859f7d4: 2440 90e8 

  0x000002142859f7d8: ; ImmutableOopMap {[64]=Oop [72]=Oop [80]=Oop }
                      ;*invokevirtual getProtectionDomain {reexecute=0 rethrow=0 return_oop=0}
                      ; - java.security.SecureClassLoader::defineClass@9 (line 150)
  0x000002142859f7d8: 442e f2ff 

  0x000002142859f7dc: ;   {other}
  0x000002142859f7dc: 0f1f 8400 | 4c02 0000 | 488b 5424 

  0x000002142859f7e8: ;   {metadata(method data for {method} {0x000002143f0438c0} 'defineClass' '(Ljava/lang/String;[BIILjava/security/CodeSource;)Ljava/lang/Class;' in 'java/security/SecureClassLoader')}
  0x000002142859f7e8: 4049 b828 | d717 8014 | 0200 0049 | 8380 4801 | 0000 014c | 8b44 2448 | 4c8b 4c24 | 508b 7c24 
  0x000002142859f808: 588b 7424 | 5c48 8bc8 | 488b 5424 

  0x000002142859f814: ;   {optimized virtual_call}
  0x000002142859f814: 4066 90e8 

  0x000002142859f818: ; ImmutableOopMap {}
                      ;*invokevirtual defineClass {reexecute=0 rethrow=0 return_oop=0}
                      ; - java.security.SecureClassLoader::defineClass@12 (line 150)
  0x000002142859f818: 243a ffff 

  0x000002142859f81c: ;   {other}
  0x000002142859f81c: 0f1f 8400 | 8c02 0001 | 4883 c470 

  0x000002142859f828: ;   {poll_return}
  0x000002142859f828: 5d49 3ba7 | 5804 0000 | 0f87 2200 

  0x000002142859f834: ;   {metadata({method} {0x000002143f0438c0} 'defineClass' '(Ljava/lang/String;[BIILjava/security/CodeSource;)Ljava/lang/Class;' in 'java/security/SecureClassLoader')}
  0x000002142859f834: 0000 c349 | bab8 3804 | 3f14 0200 | 004c 8954 | 2408 48c7 | 0424 ffff 

  0x000002142859f84c: ;   {runtime_call counter_overflow Runtime1 stub}
  0x000002142859f84c: ffff e8ad 

  0x000002142859f850: ; ImmutableOopMap {rdx=Oop r8=Oop r9=Oop rcx=Oop }
                      ;*synchronization entry
                      ; - java.security.SecureClassLoader::defineClass@-1 (line 150)
  0x000002142859f850: 3b47 07e9 | 49ff ffff 

  0x000002142859f858: ;   {internal_word}
  0x000002142859f858: 49ba 29f8 | 5928 1402 | 0000 4d89 | 9770 0400 

  0x000002142859f868: ;   {runtime_call SafepointBlob}
  0x000002142859f868: 00e9 925e | 3a07 498b | 8708 0500 | 0049 c787 | 0805 0000 | 0000 0000 | 49c7 8710 | 0500 0000 
  0x000002142859f888: 0000 0048 | 83c4 705d 

  0x000002142859f890: ;   {runtime_call unwind_exception Runtime1 stub}
  0x000002142859f890: e96b 003e | 07f4 f4f4 
[Stub Code]
  0x000002142859f898: ;   {no_reloc}
  0x000002142859f898: 48bb 0000 | 0000 0000 

  0x000002142859f8a0: ;   {runtime_call}
  0x000002142859f8a0: 0000 e9fb 

  0x000002142859f8a4: ;   {static_stub}
  0x000002142859f8a4: ffff ff48 | bb00 0000 | 0000 0000 

  0x000002142859f8b0: ;   {runtime_call}
  0x000002142859f8b0: 00e9 fbff 

  0x000002142859f8b4: ;   {runtime_call handle_exception_from_callee Runtime1 stub}
  0x000002142859f8b4: ffff e845 

  0x000002142859f8b8: ;   {external_word}
  0x000002142859f8b8: 0847 0748 | b9c0 2836 | aafb 7f00 | 0048 83e4 

  0x000002142859f8c8: ;   {runtime_call}
  0x000002142859f8c8: f048 b890 | 95fd a9fb | 7f00 00ff 

  0x000002142859f8d4: ;   {section_word}
  0x000002142859f8d4: d0f4 49ba | d6f8 5928 | 1402 0000 

  0x000002142859f8e0: ;   {runtime_call DeoptimizationBlob}
  0x000002142859f8e0: 4152 e9b9 | 503a 07f4 
[/MachCode]


---------------  P R O C E S S  ---------------

Threads class SMR info:
_java_thread_list=0x000002143eceb9e0, length=11, elements={
0x000002141dd91970, 0x000002143ea0ec10, 0x000002143ea0fa30, 0x000002143ea13160,
0x000002143ea13dc0, 0x000002143ea16a60, 0x000002143ea175f0, 0x000002143ea1f030,
0x000002143ea40c30, 0x000002143ec94470, 0x000002143ec97710
}

Java Threads: ( => current thread )
=>0x000002141dd91970 JavaThread "main"                              [_thread_in_vm, id=39364, stack(0x0000008b7e700000,0x0000008b7e800000) (1024K)]
  0x000002143ea0ec10 JavaThread "Reference Handler"          daemon [_thread_blocked, id=39892, stack(0x0000008b7ef00000,0x0000008b7f000000) (1024K)]
  0x000002143ea0fa30 JavaThread "Finalizer"                  daemon [_thread_blocked, id=39896, stack(0x0000008b7f000000,0x0000008b7f100000) (1024K)]
  0x000002143ea13160 JavaThread "Signal Dispatcher"          daemon [_thread_blocked, id=39900, stack(0x0000008b7f100000,0x0000008b7f200000) (1024K)]
  0x000002143ea13dc0 JavaThread "Attach Listener"            daemon [_thread_blocked, id=39904, stack(0x0000008b7f200000,0x0000008b7f300000) (1024K)]
  0x000002143ea16a60 JavaThread "Service Thread"             daemon [_thread_blocked, id=39908, stack(0x0000008b7f300000,0x0000008b7f400000) (1024K)]
  0x000002143ea175f0 JavaThread "Monitor Deflation Thread"   daemon [_thread_blocked, id=39912, stack(0x0000008b7f400000,0x0000008b7f500000) (1024K)]
  0x000002143ea1f030 JavaThread "C2 CompilerThread0"         daemon [_thread_blocked, id=39916, stack(0x0000008b7f500000,0x0000008b7f600000) (1024K)]
  0x000002143ea40c30 JavaThread "C1 CompilerThread0"         daemon [_thread_in_vm, id=39920, stack(0x0000008b7f600000,0x0000008b7f700000) (1024K)]
  0x000002143ec94470 JavaThread "Notification Thread"        daemon [_thread_blocked, id=39924, stack(0x0000008b7f700000,0x0000008b7f800000) (1024K)]
  0x000002143ec97710 JavaThread "Common-Cleaner"             daemon [_thread_blocked, id=39928, stack(0x0000008b7f800000,0x0000008b7f900000) (1024K)]
Total: 11

Other Threads:
  0x000002143e9f1df0 VMThread "VM Thread"                           [id=39888, stack(0x0000008b7ee00000,0x0000008b7ef00000) (1024K)]
  0x000002143e9da110 WatcherThread "VM Periodic Task Thread"        [id=39880, stack(0x0000008b7ed00000,0x0000008b7ee00000) (1024K)]
  0x00000214200dcca0 WorkerThread "GC Thread#0"                     [id=39372, stack(0x0000008b7e800000,0x0000008b7e900000) (1024K)]
  0x0000021484957db0 WorkerThread "GC Thread#1"                     [id=43400, stack(0x0000008b7f900000,0x0000008b7fa00000) (1024K)]
  0x0000021484705d60 WorkerThread "GC Thread#2"                     [id=43404, stack(0x0000008b7fa00000,0x0000008b7fb00000) (1024K)]
  0x0000021484706110 WorkerThread "GC Thread#3"                     [id=43408, stack(0x0000008b7fb00000,0x0000008b7fc00000) (1024K)]
  0x000002148495c8b0 WorkerThread "GC Thread#4"                     [id=43412, stack(0x0000008b7fc00000,0x0000008b7fd00000) (1024K)]
  0x0000021484072d20 WorkerThread "GC Thread#5"                     [id=43420, stack(0x0000008b7fd00000,0x0000008b7fe00000) (1024K)]
  0x00000214840734e0 WorkerThread "GC Thread#6"                     [id=43424, stack(0x0000008b7fe00000,0x0000008b7ff00000) (1024K)]
  0x0000021484073890 WorkerThread "GC Thread#7"                     [id=43428, stack(0x0000008b7ff00000,0x0000008b80000000) (1024K)]
  0x0000021484074040 WorkerThread "GC Thread#8"                     [id=43432, stack(0x0000008b00000000,0x0000008b00100000) (1024K)]
  0x000002148451e0a0 WorkerThread "GC Thread#9"                     [id=44908, stack(0x0000008b00100000,0x0000008b00200000) (1024K)]
  0x00000214200eb7a0 ConcurrentGCThread "G1 Main Marker"            [id=39376, stack(0x0000008b7e900000,0x0000008b7ea00000) (1024K)]
  0x00000214200ec2b0 WorkerThread "G1 Conc#0"                       [id=39380, stack(0x0000008b7ea00000,0x0000008b7eb00000) (1024K)]
  0x000002143e8ac540 ConcurrentGCThread "G1 Refine#0"               [id=39392, stack(0x0000008b7eb00000,0x0000008b7ec00000) (1024K)]
  0x000002143e8ad0c0 ConcurrentGCThread "G1 Service"                [id=39396, stack(0x0000008b7ec00000,0x0000008b7ed00000) (1024K)]
Total: 16

Threads with active compile tasks:
C1 CompilerThread0  26634 1823       3       java.lang.invoke.MemberName::getMethodOrFieldType (72 bytes)
Total: 1

VM state: not at safepoint (normal execution)

VM Mutex/Monitor currently owned by a thread:  ([mutex/lock_event])
[0x00007ffbaa60ab48] Metaspace_lock - owner thread: 0x000002141dd91970

Heap address: 0x0000000724e00000, size: 3506 MB, Compressed Oops mode: Zero based, Oop shift amount: 3

CDS archive(s) mapped at: [0x000002143f000000-0x000002143fc60000-0x000002143fc60000), size 12976128, SharedBaseAddress: 0x000002143f000000, ArchiveRelocationMode: 1.
Compressed class space mapped at: 0x0000021440000000-0x0000021480000000, reserved size: 1073741824
Narrow klass base: 0x000002143f000000, Narrow klass shift: 0, Narrow klass range: 0x41000000

GC Precious Log:
 CardTable entry size: 512
 Card Set container configuration: InlinePtr #cards 4 size 8 Array Of Cards #cards 16 size 48 Howl #buckets 8 coarsen threshold 3686 Howl Bitmap #cards 512 size 80 coarsen threshold 460 Card regions per heap region 1 cards per card region 4096
 CPUs: 12 total, 12 available
 Memory: 14020M
 Large Page Support: Disabled
 NUMA Support: Disabled
 Compressed Oops: Enabled (Zero based)
 Heap Region Size: 2M
 Heap Min Capacity: 8M
 Heap Initial Capacity: 220M
 Heap Max Capacity: 3506M
 Pre-touch: Disabled
 Parallel Workers: 10
 Concurrent Workers: 3
 Concurrent Refinement Workers: 10
 Periodic GC: Disabled

Heap:
 garbage-first heap   total reserved 3590144K, committed 225280K, used 8134K [0x0000000724e00000, 0x0000000800000000)
  region size 2048K, 4 young (8192K), 2 survivors (4096K)
 Metaspace       used 11181K, committed 11328K, reserved 1114112K
  class space    used 1370K, committed 1472K, reserved 1048576K

Heap Regions: E=young(eden), S=young(survivor), O=old, HS=humongous(starts), HC=humongous(continues), CS=collection set, F=free, TAMS=top-at-mark-start, PB=parsable bottom
|   0|0x0000000724e00000, 0x0000000725000000, 0x0000000725000000|100%| O|  |TAMS 0x0000000724e00000| PB 0x0000000724e00000| Untracked |  0
|   1|0x0000000725000000, 0x00000007251abed8, 0x0000000725200000| 83%| O|  |TAMS 0x0000000725000000| PB 0x0000000725000000| Untracked |  0
|   2|0x0000000725200000, 0x0000000725200000, 0x0000000725400000|  0%| F|  |TAMS 0x0000000725200000| PB 0x0000000725200000| Untracked |  0
|   3|0x0000000725400000, 0x0000000725400000, 0x0000000725600000|  0%| F|  |TAMS 0x0000000725400000| PB 0x0000000725400000| Untracked |  0
|   4|0x0000000725600000, 0x0000000725600000, 0x0000000725800000|  0%| F|  |TAMS 0x0000000725600000| PB 0x0000000725600000| Untracked |  0
|   5|0x0000000725800000, 0x0000000725800000, 0x0000000725a00000|  0%| F|  |TAMS 0x0000000725800000| PB 0x0000000725800000| Untracked |  0
|   6|0x0000000725a00000, 0x0000000725a00000, 0x0000000725c00000|  0%| F|  |TAMS 0x0000000725a00000| PB 0x0000000725a00000| Untracked |  0
|   7|0x0000000725c00000, 0x0000000725c00000, 0x0000000725e00000|  0%| F|  |TAMS 0x0000000725c00000| PB 0x0000000725c00000| Untracked |  0
|   8|0x0000000725e00000, 0x0000000725e00000, 0x0000000726000000|  0%| F|  |TAMS 0x0000000725e00000| PB 0x0000000725e00000| Untracked |  0
|   9|0x0000000726000000, 0x0000000726000000, 0x0000000726200000|  0%| F|  |TAMS 0x0000000726000000| PB 0x0000000726000000| Untracked |  0
|  10|0x0000000726200000, 0x0000000726200000, 0x0000000726400000|  0%| F|  |TAMS 0x0000000726200000| PB 0x0000000726200000| Untracked |  0
|  11|0x0000000726400000, 0x0000000726400000, 0x0000000726600000|  0%| F|  |TAMS 0x0000000726400000| PB 0x0000000726400000| Untracked |  0
|  12|0x0000000726600000, 0x0000000726600000, 0x0000000726800000|  0%| F|  |TAMS 0x0000000726600000| PB 0x0000000726600000| Untracked |  0
|  13|0x0000000726800000, 0x0000000726800000, 0x0000000726a00000|  0%| F|  |TAMS 0x0000000726800000| PB 0x0000000726800000| Untracked |  0
|  14|0x0000000726a00000, 0x0000000726a00000, 0x0000000726c00000|  0%| F|  |TAMS 0x0000000726a00000| PB 0x0000000726a00000| Untracked |  0
|  15|0x0000000726c00000, 0x0000000726c00000, 0x0000000726e00000|  0%| F|  |TAMS 0x0000000726c00000| PB 0x0000000726c00000| Untracked |  0
|  16|0x0000000726e00000, 0x0000000726e00000, 0x0000000727000000|  0%| F|  |TAMS 0x0000000726e00000| PB 0x0000000726e00000| Untracked |  0
|  17|0x0000000727000000, 0x0000000727000000, 0x0000000727200000|  0%| F|  |TAMS 0x0000000727000000| PB 0x0000000727000000| Untracked |  0
|  18|0x0000000727200000, 0x0000000727200000, 0x0000000727400000|  0%| F|  |TAMS 0x0000000727200000| PB 0x0000000727200000| Untracked |  0
|  19|0x0000000727400000, 0x0000000727400000, 0x0000000727600000|  0%| F|  |TAMS 0x0000000727400000| PB 0x0000000727400000| Untracked |  0
|  20|0x0000000727600000, 0x0000000727600000, 0x0000000727800000|  0%| F|  |TAMS 0x0000000727600000| PB 0x0000000727600000| Untracked |  0
|  21|0x0000000727800000, 0x0000000727800000, 0x0000000727a00000|  0%| F|  |TAMS 0x0000000727800000| PB 0x0000000727800000| Untracked |  0
|  22|0x0000000727a00000, 0x0000000727a00000, 0x0000000727c00000|  0%| F|  |TAMS 0x0000000727a00000| PB 0x0000000727a00000| Untracked |  0
|  23|0x0000000727c00000, 0x0000000727c00000, 0x0000000727e00000|  0%| F|  |TAMS 0x0000000727c00000| PB 0x0000000727c00000| Untracked |  0
|  24|0x0000000727e00000, 0x0000000727e00000, 0x0000000728000000|  0%| F|  |TAMS 0x0000000727e00000| PB 0x0000000727e00000| Untracked |  0
|  25|0x0000000728000000, 0x0000000728000000, 0x0000000728200000|  0%| F|  |TAMS 0x0000000728000000| PB 0x0000000728000000| Untracked |  0
|  26|0x0000000728200000, 0x0000000728200000, 0x0000000728400000|  0%| F|  |TAMS 0x0000000728200000| PB 0x0000000728200000| Untracked |  0
|  27|0x0000000728400000, 0x0000000728400000, 0x0000000728600000|  0%| F|  |TAMS 0x0000000728400000| PB 0x0000000728400000| Untracked |  0
|  28|0x0000000728600000, 0x0000000728600000, 0x0000000728800000|  0%| F|  |TAMS 0x0000000728600000| PB 0x0000000728600000| Untracked |  0
|  29|0x0000000728800000, 0x0000000728800000, 0x0000000728a00000|  0%| F|  |TAMS 0x0000000728800000| PB 0x0000000728800000| Untracked |  0
|  30|0x0000000728a00000, 0x0000000728a00000, 0x0000000728c00000|  0%| F|  |TAMS 0x0000000728a00000| PB 0x0000000728a00000| Untracked |  0
|  31|0x0000000728c00000, 0x0000000728c00000, 0x0000000728e00000|  0%| F|  |TAMS 0x0000000728c00000| PB 0x0000000728c00000| Untracked |  0
|  32|0x0000000728e00000, 0x0000000728e00000, 0x0000000729000000|  0%| F|  |TAMS 0x0000000728e00000| PB 0x0000000728e00000| Untracked |  0
|  33|0x0000000729000000, 0x0000000729000000, 0x0000000729200000|  0%| F|  |TAMS 0x0000000729000000| PB 0x0000000729000000| Untracked |  0
|  34|0x0000000729200000, 0x0000000729200000, 0x0000000729400000|  0%| F|  |TAMS 0x0000000729200000| PB 0x0000000729200000| Untracked |  0
|  35|0x0000000729400000, 0x0000000729400000, 0x0000000729600000|  0%| F|  |TAMS 0x0000000729400000| PB 0x0000000729400000| Untracked |  0
|  36|0x0000000729600000, 0x0000000729600000, 0x0000000729800000|  0%| F|  |TAMS 0x0000000729600000| PB 0x0000000729600000| Untracked |  0
|  37|0x0000000729800000, 0x0000000729800000, 0x0000000729a00000|  0%| F|  |TAMS 0x0000000729800000| PB 0x0000000729800000| Untracked |  0
|  38|0x0000000729a00000, 0x0000000729a00000, 0x0000000729c00000|  0%| F|  |TAMS 0x0000000729a00000| PB 0x0000000729a00000| Untracked |  0
|  39|0x0000000729c00000, 0x0000000729c00000, 0x0000000729e00000|  0%| F|  |TAMS 0x0000000729c00000| PB 0x0000000729c00000| Untracked |  0
|  40|0x0000000729e00000, 0x0000000729e00000, 0x000000072a000000|  0%| F|  |TAMS 0x0000000729e00000| PB 0x0000000729e00000| Untracked |  0
|  41|0x000000072a000000, 0x000000072a000000, 0x000000072a200000|  0%| F|  |TAMS 0x000000072a000000| PB 0x000000072a000000| Untracked |  0
|  42|0x000000072a200000, 0x000000072a200000, 0x000000072a400000|  0%| F|  |TAMS 0x000000072a200000| PB 0x000000072a200000| Untracked |  0
|  43|0x000000072a400000, 0x000000072a400000, 0x000000072a600000|  0%| F|  |TAMS 0x000000072a400000| PB 0x000000072a400000| Untracked |  0
|  44|0x000000072a600000, 0x000000072a600000, 0x000000072a800000|  0%| F|  |TAMS 0x000000072a600000| PB 0x000000072a600000| Untracked |  0
|  45|0x000000072a800000, 0x000000072a800000, 0x000000072aa00000|  0%| F|  |TAMS 0x000000072a800000| PB 0x000000072a800000| Untracked |  0
|  46|0x000000072aa00000, 0x000000072aa00000, 0x000000072ac00000|  0%| F|  |TAMS 0x000000072aa00000| PB 0x000000072aa00000| Untracked |  0
|  47|0x000000072ac00000, 0x000000072ac00000, 0x000000072ae00000|  0%| F|  |TAMS 0x000000072ac00000| PB 0x000000072ac00000| Untracked |  0
|  48|0x000000072ae00000, 0x000000072ae00000, 0x000000072b000000|  0%| F|  |TAMS 0x000000072ae00000| PB 0x000000072ae00000| Untracked |  0
|  49|0x000000072b000000, 0x000000072b000000, 0x000000072b200000|  0%| F|  |TAMS 0x000000072b000000| PB 0x000000072b000000| Untracked |  0
|  50|0x000000072b200000, 0x000000072b200000, 0x000000072b400000|  0%| F|  |TAMS 0x000000072b200000| PB 0x000000072b200000| Untracked |  0
|  51|0x000000072b400000, 0x000000072b400000, 0x000000072b600000|  0%| F|  |TAMS 0x000000072b400000| PB 0x000000072b400000| Untracked |  0
|  52|0x000000072b600000, 0x000000072b600000, 0x000000072b800000|  0%| F|  |TAMS 0x000000072b600000| PB 0x000000072b600000| Untracked |  0
|  53|0x000000072b800000, 0x000000072b800000, 0x000000072ba00000|  0%| F|  |TAMS 0x000000072b800000| PB 0x000000072b800000| Untracked |  0
|  54|0x000000072ba00000, 0x000000072ba00000, 0x000000072bc00000|  0%| F|  |TAMS 0x000000072ba00000| PB 0x000000072ba00000| Untracked |  0
|  55|0x000000072bc00000, 0x000000072bc00000, 0x000000072be00000|  0%| F|  |TAMS 0x000000072bc00000| PB 0x000000072bc00000| Untracked |  0
|  56|0x000000072be00000, 0x000000072be00000, 0x000000072c000000|  0%| F|  |TAMS 0x000000072be00000| PB 0x000000072be00000| Untracked |  0
|  57|0x000000072c000000, 0x000000072c000000, 0x000000072c200000|  0%| F|  |TAMS 0x000000072c000000| PB 0x000000072c000000| Untracked |  0
|  58|0x000000072c200000, 0x000000072c200000, 0x000000072c400000|  0%| F|  |TAMS 0x000000072c200000| PB 0x000000072c200000| Untracked |  0
|  59|0x000000072c400000, 0x000000072c400000, 0x000000072c600000|  0%| F|  |TAMS 0x000000072c400000| PB 0x000000072c400000| Untracked |  0
|  60|0x000000072c600000, 0x000000072c600000, 0x000000072c800000|  0%| F|  |TAMS 0x000000072c600000| PB 0x000000072c600000| Untracked |  0
|  61|0x000000072c800000, 0x000000072c800000, 0x000000072ca00000|  0%| F|  |TAMS 0x000000072c800000| PB 0x000000072c800000| Untracked |  0
|  62|0x000000072ca00000, 0x000000072ca00000, 0x000000072cc00000|  0%| F|  |TAMS 0x000000072ca00000| PB 0x000000072ca00000| Untracked |  0
|  63|0x000000072cc00000, 0x000000072cc00000, 0x000000072ce00000|  0%| F|  |TAMS 0x000000072cc00000| PB 0x000000072cc00000| Untracked |  0
|  64|0x000000072ce00000, 0x000000072ce00000, 0x000000072d000000|  0%| F|  |TAMS 0x000000072ce00000| PB 0x000000072ce00000| Untracked |  0
|  65|0x000000072d000000, 0x000000072d000000, 0x000000072d200000|  0%| F|  |TAMS 0x000000072d000000| PB 0x000000072d000000| Untracked |  0
|  66|0x000000072d200000, 0x000000072d200000, 0x000000072d400000|  0%| F|  |TAMS 0x000000072d200000| PB 0x000000072d200000| Untracked |  0
|  67|0x000000072d400000, 0x000000072d400000, 0x000000072d600000|  0%| F|  |TAMS 0x000000072d400000| PB 0x000000072d400000| Untracked |  0
|  68|0x000000072d600000, 0x000000072d600000, 0x000000072d800000|  0%| F|  |TAMS 0x000000072d600000| PB 0x000000072d600000| Untracked |  0
|  69|0x000000072d800000, 0x000000072d800000, 0x000000072da00000|  0%| F|  |TAMS 0x000000072d800000| PB 0x000000072d800000| Untracked |  0
|  70|0x000000072da00000, 0x000000072da00000, 0x000000072dc00000|  0%| F|  |TAMS 0x000000072da00000| PB 0x000000072da00000| Untracked |  0
|  71|0x000000072dc00000, 0x000000072dc00000, 0x000000072de00000|  0%| F|  |TAMS 0x000000072dc00000| PB 0x000000072dc00000| Untracked |  0
|  72|0x000000072de00000, 0x000000072de00000, 0x000000072e000000|  0%| F|  |TAMS 0x000000072de00000| PB 0x000000072de00000| Untracked |  0
|  73|0x000000072e000000, 0x000000072e000000, 0x000000072e200000|  0%| F|  |TAMS 0x000000072e000000| PB 0x000000072e000000| Untracked |  0
|  74|0x000000072e200000, 0x000000072e200000, 0x000000072e400000|  0%| F|  |TAMS 0x000000072e200000| PB 0x000000072e200000| Untracked |  0
|  75|0x000000072e400000, 0x000000072e400000, 0x000000072e600000|  0%| F|  |TAMS 0x000000072e400000| PB 0x000000072e400000| Untracked |  0
|  76|0x000000072e600000, 0x000000072e600000, 0x000000072e800000|  0%| F|  |TAMS 0x000000072e600000| PB 0x000000072e600000| Untracked |  0
|  77|0x000000072e800000, 0x000000072e800000, 0x000000072ea00000|  0%| F|  |TAMS 0x000000072e800000| PB 0x000000072e800000| Untracked |  0
|  78|0x000000072ea00000, 0x000000072ea00000, 0x000000072ec00000|  0%| F|  |TAMS 0x000000072ea00000| PB 0x000000072ea00000| Untracked |  0
|  79|0x000000072ec00000, 0x000000072ec00000, 0x000000072ee00000|  0%| F|  |TAMS 0x000000072ec00000| PB 0x000000072ec00000| Untracked |  0
|  80|0x000000072ee00000, 0x000000072ee00000, 0x000000072f000000|  0%| F|  |TAMS 0x000000072ee00000| PB 0x000000072ee00000| Untracked |  0
|  81|0x000000072f000000, 0x000000072f000000, 0x000000072f200000|  0%| F|  |TAMS 0x000000072f000000| PB 0x000000072f000000| Untracked |  0
|  82|0x000000072f200000, 0x000000072f200000, 0x000000072f400000|  0%| F|  |TAMS 0x000000072f200000| PB 0x000000072f200000| Untracked |  0
|  83|0x000000072f400000, 0x000000072f400000, 0x000000072f600000|  0%| F|  |TAMS 0x000000072f400000| PB 0x000000072f400000| Untracked |  0
|  84|0x000000072f600000, 0x000000072f600000, 0x000000072f800000|  0%| F|  |TAMS 0x000000072f600000| PB 0x000000072f600000| Untracked |  0
|  85|0x000000072f800000, 0x000000072f800000, 0x000000072fa00000|  0%| F|  |TAMS 0x000000072f800000| PB 0x000000072f800000| Untracked |  0
|  86|0x000000072fa00000, 0x000000072fa00000, 0x000000072fc00000|  0%| F|  |TAMS 0x000000072fa00000| PB 0x000000072fa00000| Untracked |  0
|  87|0x000000072fc00000, 0x000000072fc00000, 0x000000072fe00000|  0%| F|  |TAMS 0x000000072fc00000| PB 0x000000072fc00000| Untracked |  0
|  88|0x000000072fe00000, 0x000000072fe00000, 0x0000000730000000|  0%| F|  |TAMS 0x000000072fe00000| PB 0x000000072fe00000| Untracked |  0
|  89|0x0000000730000000, 0x0000000730000000, 0x0000000730200000|  0%| F|  |TAMS 0x0000000730000000| PB 0x0000000730000000| Untracked |  0
|  90|0x0000000730200000, 0x0000000730245cf0, 0x0000000730400000| 13%| S|CS|TAMS 0x0000000730200000| PB 0x0000000730200000| Complete |  0
|  91|0x0000000730400000, 0x0000000730600000, 0x0000000730600000|100%| S|CS|TAMS 0x0000000730400000| PB 0x0000000730400000| Complete |  0
|  92|0x0000000730600000, 0x0000000730600000, 0x0000000730800000|  0%| F|  |TAMS 0x0000000730600000| PB 0x0000000730600000| Untracked |  0
|  93|0x0000000730800000, 0x0000000730800000, 0x0000000730a00000|  0%| F|  |TAMS 0x0000000730800000| PB 0x0000000730800000| Untracked |  0
|  94|0x0000000730a00000, 0x0000000730a00000, 0x0000000730c00000|  0%| F|  |TAMS 0x0000000730a00000| PB 0x0000000730a00000| Untracked |  0
|  95|0x0000000730c00000, 0x0000000730c00000, 0x0000000730e00000|  0%| F|  |TAMS 0x0000000730c00000| PB 0x0000000730c00000| Untracked |  0
|  96|0x0000000730e00000, 0x0000000730e00000, 0x0000000731000000|  0%| F|  |TAMS 0x0000000730e00000| PB 0x0000000730e00000| Untracked |  0
|  97|0x0000000731000000, 0x0000000731000000, 0x0000000731200000|  0%| F|  |TAMS 0x0000000731000000| PB 0x0000000731000000| Untracked |  0
|  98|0x0000000731200000, 0x0000000731200000, 0x0000000731400000|  0%| F|  |TAMS 0x0000000731200000| PB 0x0000000731200000| Untracked |  0
|  99|0x0000000731400000, 0x0000000731400000, 0x0000000731600000|  0%| F|  |TAMS 0x0000000731400000| PB 0x0000000731400000| Untracked |  0
| 100|0x0000000731600000, 0x0000000731600000, 0x0000000731800000|  0%| F|  |TAMS 0x0000000731600000| PB 0x0000000731600000| Untracked |  0
| 101|0x0000000731800000, 0x0000000731800000, 0x0000000731a00000|  0%| F|  |TAMS 0x0000000731800000| PB 0x0000000731800000| Untracked |  0
| 102|0x0000000731a00000, 0x0000000731a00000, 0x0000000731c00000|  0%| F|  |TAMS 0x0000000731a00000| PB 0x0000000731a00000| Untracked |  0
| 103|0x0000000731c00000, 0x0000000731c00000, 0x0000000731e00000|  0%| F|  |TAMS 0x0000000731c00000| PB 0x0000000731c00000| Untracked |  0
| 104|0x0000000731e00000, 0x0000000731e00000, 0x0000000732000000|  0%| F|  |TAMS 0x0000000731e00000| PB 0x0000000731e00000| Untracked |  0
| 105|0x0000000732000000, 0x0000000732000000, 0x0000000732200000|  0%| F|  |TAMS 0x0000000732000000| PB 0x0000000732000000| Untracked |  0
| 106|0x0000000732200000, 0x0000000732200000, 0x0000000732400000|  0%| F|  |TAMS 0x0000000732200000| PB 0x0000000732200000| Untracked |  0
| 107|0x0000000732400000, 0x0000000732400000, 0x0000000732600000|  0%| F|  |TAMS 0x0000000732400000| PB 0x0000000732400000| Untracked |  0
| 108|0x0000000732600000, 0x0000000732773fd0, 0x0000000732800000| 72%| E|  |TAMS 0x0000000732600000| PB 0x0000000732600000| Complete |  0
| 109|0x0000000732800000, 0x0000000732a00000, 0x0000000732a00000|100%| E|CS|TAMS 0x0000000732800000| PB 0x0000000732800000| Complete |  0

Card table byte_map: [0x0000021438010000,0x00000214386f0000] _byte_map_base: 0x00000214346e9000

Marking Bits: (CMBitMap*) 0x00000214200dd3b0
 Bits: [0x00000214386f0000, 0x000002143bdb8000)

Polling page: 0x000002141e040000

Metaspace:

Usage:
  Non-class:      9.58 MB used.
      Class:      1.34 MB used.
       Both:     10.92 MB used.

Virtual space:
  Non-class space:       64.00 MB reserved,       9.62 MB ( 15%) committed,  1 nodes.
      Class space:        1.00 GB reserved,       1.44 MB ( <1%) committed,  1 nodes.
             Both:        1.06 GB reserved,      11.06 MB (  1%) committed. 

Chunk freelists:
   Non-Class:  4.92 MB
       Class:  14.59 MB
        Both:  19.52 MB

MaxMetaspaceSize: unlimited
CompressedClassSpaceSize: 1.00 GB
Initial GC threshold: 21.00 MB
Current GC threshold: 21.00 MB
CDS: on
 - commit_granule_bytes: 65536.
 - commit_granule_words: 8192.
 - virtual_space_node_default_size: 8388608.
 - enlarge_chunks_in_place: 1.
 - use_allocation_guard: 0.


Internal statistics:

num_allocs_failed_limit: 0.
num_arena_births: 108.
num_arena_deaths: 0.
num_vsnodes_births: 2.
num_vsnodes_deaths: 0.
num_space_committed: 177.
num_space_uncommitted: 0.
num_chunks_returned_to_freelist: 0.
num_chunks_taken_from_freelist: 474.
num_chunk_merges: 0.
num_chunk_splits: 331.
num_chunks_enlarged: 276.
num_inconsistent_stats: 0.

CodeHeap 'non-profiled nmethods': size=120000Kb used=726Kb max_used=726Kb free=119273Kb
 bounds [0x000002142fe90000, 0x0000021430100000, 0x00000214373c0000]
CodeHeap 'profiled nmethods': size=120000Kb used=3412Kb max_used=3412Kb free=116587Kb
 bounds [0x00000214283c0000, 0x0000021428720000, 0x000002142f8f0000]
CodeHeap 'non-nmethods': size=5760Kb used=1373Kb max_used=1390Kb free=4386Kb
 bounds [0x000002142f8f0000, 0x000002142fb60000, 0x000002142fe90000]
 total_blobs=2339 nmethods=1867 adapters=376
 compilation: enabled
              stopped_count=0, restarted_count=0
 full_count=0

Compilation events (20 events):
Event: 25.792 Thread 0x000002143ea40c30 1868       3       com.google.inject.spi.DefaultElementVisitor::visit (6 bytes)
Event: 25.792 Thread 0x000002143ea40c30 nmethod 1868 0x0000021428713990 code [0x0000021428713b40, 0x0000021428713d08]
Event: 25.792 Thread 0x000002143ea40c30 1874       3       com.google.inject.internal.AbstractProcessor::visitOther (6 bytes)
Event: 25.792 Thread 0x000002143ea40c30 nmethod 1874 0x0000021428713d90 code [0x0000021428713f40, 0x0000021428714198]
Event: 25.792 Thread 0x000002143ea40c30 1875       3       com.google.inject.internal.AbstractProcessor::visitOther (5 bytes)
Event: 25.792 Thread 0x000002143ea40c30 nmethod 1875 0x0000021428714290 code [0x0000021428714420, 0x00000214287145a0]
Event: 25.792 Thread 0x000002143ea40c30 1889       1       com.google.common.cache.LocalCache$StrongEntry::getKey (5 bytes)
Event: 25.792 Thread 0x000002143ea40c30 nmethod 1889 0x000002142ff44810 code [0x000002142ff449a0, 0x000002142ff44a70]
Event: 25.792 Thread 0x000002143ea40c30 1877       3       java.util.WeakHashMap::matchesKey (33 bytes)
Event: 25.792 Thread 0x000002143ea40c30 nmethod 1877 0x0000021428714690 code [0x0000021428714860, 0x0000021428714d68]
Event: 25.792 Thread 0x000002143ea40c30 1819       3       java.lang.reflect.Array::newInstance (6 bytes)
Event: 25.793 Thread 0x000002143ea40c30 nmethod 1819 0x0000021428714f10 code [0x00000214287150c0, 0x00000214287151d8]
Event: 25.793 Thread 0x000002143ea40c30 1823       3       java.lang.invoke.MemberName::getMethodOrFieldType (72 bytes)
Event: 25.794 Thread 0x000002143ea1f030 nmethod 1896 0x000002142ff44b10 code [0x000002142ff44ca0, 0x000002142ff44f18]
Event: 25.794 Thread 0x000002143ea1f030 1905       4       com.google.inject.internal.KotlinSupport::getInstance (4 bytes)
Event: 25.794 Thread 0x000002143ea1f030 nmethod 1905 0x000002142ff44f90 code [0x000002142ff45100, 0x000002142ff45170]
Event: 25.794 Thread 0x000002143ea1f030 1858       4       jdk.internal.org.objectweb.asm.SymbolTable$Entry::<init> (17 bytes)
Event: 25.796 Thread 0x000002143ea1f030 nmethod 1858 0x000002142ff45290 code [0x000002142ff45420, 0x000002142ff45668]
Event: 25.796 Thread 0x000002143ea1f030 1907       4       com.google.common.collect.ImmutableList::of (4 bytes)
Event: 25.796 Thread 0x000002143ea1f030 nmethod 1907 0x000002142ff45710 code [0x000002142ff45880, 0x000002142ff458f0]

GC Heap History (4 events):
Event: 18.684 GC heap before
{Heap before GC invocations=0 (full 0):
 garbage-first heap   total reserved 3590144K, committed 225280K, used 24576K [0x0000000724e00000, 0x0000000800000000)
  region size 2048K, 12 young (24576K), 0 survivors (0K)
 Metaspace       used 5709K, committed 5888K, reserved 1114112K
  class space    used 677K, committed 768K, reserved 1048576K
}
Event: 18.766 GC heap after
{Heap after GC invocations=1 (full 0):
 garbage-first heap   total reserved 3590144K, committed 225280K, used 3904K [0x0000000724e00000, 0x0000000800000000)
  region size 2048K, 2 young (4096K), 2 survivors (4096K)
 Metaspace       used 5709K, committed 5888K, reserved 1114112K
  class space    used 677K, committed 768K, reserved 1048576K
}
Event: 25.640 GC heap before
{Heap before GC invocations=1 (full 0):
 garbage-first heap   total reserved 3590144K, committed 225280K, used 36672K [0x0000000724e00000, 0x0000000800000000)
  region size 2048K, 18 young (36864K), 2 survivors (4096K)
 Metaspace       used 10690K, committed 10880K, reserved 1114112K
  class space    used 1301K, committed 1408K, reserved 1048576K
}
Event: 25.646 GC heap after
{Heap after GC invocations=2 (full 0):
 garbage-first heap   total reserved 3590144K, committed 225280K, used 6086K [0x0000000724e00000, 0x0000000800000000)
  region size 2048K, 2 young (4096K), 2 survivors (4096K)
 Metaspace       used 10690K, committed 10880K, reserved 1114112K
  class space    used 1301K, committed 1408K, reserved 1048576K
}

Dll operation events (8 events):
Event: 0.041 Loaded shared library C:\Program Files\Java\jdk-22\bin\java.dll
Event: 2.597 Loaded shared library C:\Program Files\Java\jdk-22\bin\jsvml.dll
Event: 2.620 Loaded shared library C:\Program Files\Java\jdk-22\bin\net.dll
Event: 2.622 Loaded shared library C:\Program Files\Java\jdk-22\bin\nio.dll
Event: 2.626 Loaded shared library C:\Program Files\Java\jdk-22\bin\zip.dll
Event: 12.305 Loaded shared library C:\Program Files\Java\jdk-22\bin\jimage.dll
Event: 13.433 Loaded shared library C:\Program Files\NetBeans-21\netbeans\java\maven\lib\jansi-native\Windows\x86_64\jansi.dll
Event: 13.711 Loaded shared library C:\Program Files\Java\jdk-22\bin\verify.dll

Deoptimization events (20 events):
Event: 25.364 Thread 0x000002141dd91970 Uncommon trap: trap_request=0xffffffc6 fr.pc=0x000002142ff2bdb8 relative=0x00000000000002d8
Event: 25.364 Thread 0x000002141dd91970 Uncommon trap: reason=bimorphic_or_optimized_type_check action=maybe_recompile pc=0x000002142ff2bdb8 method=java.util.HashMap.getNode(Ljava/lang/Object;)Ljava/util/HashMap$Node; @ 128 c2
Event: 25.364 Thread 0x000002141dd91970 DEOPT PACKING pc=0x000002142ff2bdb8 sp=0x0000008b7e7fe890
Event: 25.364 Thread 0x000002141dd91970 DEOPT UNPACKING pc=0x000002142f9446a2 sp=0x0000008b7e7fe798 mode 2
Event: 25.366 Thread 0x000002141dd91970 Uncommon trap: trap_request=0xffffffc6 fr.pc=0x000002142ff1a9a8 relative=0x0000000000000328
Event: 25.366 Thread 0x000002141dd91970 Uncommon trap: reason=bimorphic_or_optimized_type_check action=maybe_recompile pc=0x000002142ff1a9a8 method=java.util.HashMap.getNode(Ljava/lang/Object;)Ljava/util/HashMap$Node; @ 63 c2
Event: 25.366 Thread 0x000002141dd91970 DEOPT PACKING pc=0x000002142ff1a9a8 sp=0x0000008b7e7fe710
Event: 25.366 Thread 0x000002141dd91970 DEOPT UNPACKING pc=0x000002142f9446a2 sp=0x0000008b7e7fe678 mode 2
Event: 25.603 Thread 0x000002141dd91970 Uncommon trap: trap_request=0xffffff45 fr.pc=0x000002142fec5178 relative=0x00000000000002b8
Event: 25.603 Thread 0x000002141dd91970 Uncommon trap: reason=unstable_if action=reinterpret pc=0x000002142fec5178 method=java.util.concurrent.ConcurrentHashMap.get(Ljava/lang/Object;)Ljava/lang/Object; @ 76 c2
Event: 25.603 Thread 0x000002141dd91970 DEOPT PACKING pc=0x000002142fec5178 sp=0x0000008b7e7fb980
Event: 25.603 Thread 0x000002141dd91970 DEOPT UNPACKING pc=0x000002142f9446a2 sp=0x0000008b7e7fb8f8 mode 2
Event: 25.666 Thread 0x000002141dd91970 Uncommon trap: trap_request=0xffffff45 fr.pc=0x000002142ff0a45c relative=0x000000000000023c
Event: 25.666 Thread 0x000002141dd91970 Uncommon trap: reason=unstable_if action=reinterpret pc=0x000002142ff0a45c method=java.lang.ClassLoader.checkName(Ljava/lang/String;)Z @ 1 c2
Event: 25.666 Thread 0x000002141dd91970 DEOPT PACKING pc=0x000002142ff0a45c sp=0x0000008b7e7fdfb0
Event: 25.666 Thread 0x000002141dd91970 DEOPT UNPACKING pc=0x000002142f9446a2 sp=0x0000008b7e7fdf48 mode 2
Event: 25.680 Thread 0x000002141dd91970 Uncommon trap: trap_request=0xffffff45 fr.pc=0x000002142ff3a2c4 relative=0x0000000000000324
Event: 25.680 Thread 0x000002141dd91970 Uncommon trap: reason=unstable_if action=reinterpret pc=0x000002142ff3a2c4 method=jdk.internal.org.objectweb.asm.SymbolTable.put(Ljdk/internal/org/objectweb/asm/SymbolTable$Entry;)Ljdk/internal/org/objectweb/asm/SymbolTable$Entry; @ 13 c2
Event: 25.680 Thread 0x000002141dd91970 DEOPT PACKING pc=0x000002142ff3a2c4 sp=0x0000008b7e7fdc70
Event: 25.680 Thread 0x000002141dd91970 DEOPT UNPACKING pc=0x000002142f9446a2 sp=0x0000008b7e7fdbf0 mode 2

Classes loaded (20 events):
Event: 25.470 Loading class sun/reflect/generics/repository/FieldRepository
Event: 25.470 Loading class sun/reflect/generics/repository/FieldRepository done
Event: 25.484 Loading class java/io/UncheckedIOException
Event: 25.484 Loading class java/io/UncheckedIOException done
Event: 25.505 Loading class java/nio/channels/OverlappingFileLockException
Event: 25.505 Loading class java/nio/channels/OverlappingFileLockException done
Event: 25.505 Loading class java/nio/channels/FileLock
Event: 25.505 Loading class java/nio/channels/FileLock done
Event: 25.540 Loading class java/nio/file/AccessDeniedException
Event: 25.540 Loading class java/nio/file/AccessDeniedException done
Event: 25.596 Loading class java/lang/ExceptionInInitializerError
Event: 25.596 Loading class java/lang/ExceptionInInitializerError done
Event: 25.602 Loading class jdk/internal/vm/annotation/ForceInline
Event: 25.602 Loading class jdk/internal/vm/annotation/ForceInline done
Event: 25.653 Loading class sun/invoke/util/ValueConversions$1
Event: 25.653 Loading class sun/invoke/util/ValueConversions$1 done
Event: 25.654 Loading class java/lang/invoke/BoundMethodHandle$Species_LI
Event: 25.654 Loading class java/lang/invoke/BoundMethodHandle$Species_LI done
Event: 25.665 Loading class jdk/internal/org/objectweb/asm/ClassReader
Event: 25.665 Loading class jdk/internal/org/objectweb/asm/ClassReader done

Classes unloaded (0 events):
No events

Classes redefined (0 events):
No events

Internal exceptions (20 events):
Event: 14.574 Thread 0x000002141dd91970 Exception <a 'java/lang/NoSuchMethodError'{0x000000073258fed8}: 'void java.lang.invoke.DirectMethodHandle$Holder.invokeStatic(java.lang.Object, java.lang.Object, java.lang.Object)'> (0x000000073258fed8) 
thrown [s\open\src\hotspot\share\interpreter\linkResolver.cpp, line 774]
Event: 15.371 Thread 0x000002141dd91970 Exception <a 'java/lang/NoSuchMethodError'{0x0000000732341eb0}: 'java.lang.Object java.lang.invoke.DirectMethodHandle$Holder.invokeSpecialIFC(java.lang.Object, java.lang.Object, java.lang.Object, java.lang.Object)'> (0x0000000732341eb0) 
thrown [s\open\src\hotspot\share\interpreter\linkResolver.cpp, line 774]
Event: 16.531 Thread 0x000002141dd91970 Exception <a 'java/lang/NoSuchMethodError'{0x0000000731cb3780}: 'void java.lang.invoke.DirectMethodHandle$Holder.invokeSpecial(java.lang.Object, java.lang.Object, java.lang.Object)'> (0x0000000731cb3780) 
thrown [s\open\src\hotspot\share\interpreter\linkResolver.cpp, line 774]
Event: 17.164 Thread 0x000002141dd91970 Exception <a 'java/lang/NoSuchMethodError'{0x0000000731df5eb0}: 'java.lang.Object java.lang.invoke.DirectMethodHandle$Holder.invokeInterface(java.lang.Object, java.lang.Object)'> (0x0000000731df5eb0) 
thrown [s\open\src\hotspot\share\interpreter\linkResolver.cpp, line 774]
Event: 17.235 Thread 0x000002141dd91970 Exception <a 'java/lang/NoSuchMethodError'{0x0000000731a88030}: 'int java.lang.invoke.DirectMethodHandle$Holder.invokeStatic(java.lang.Object, java.lang.Object, java.lang.Object, java.lang.Object)'> (0x0000000731a88030) 
thrown [s\open\src\hotspot\share\interpreter\linkResolver.cpp, line 774]
Event: 17.236 Thread 0x000002141dd91970 Exception <a 'java/lang/NoSuchMethodError'{0x0000000731a8b6f0}: 'java.lang.Object java.lang.invoke.Invokers$Holder.invokeExact_MT(java.lang.Object, java.lang.Object, java.lang.Object, java.lang.Object, java.lang.Object, java.lang.Object)'> (0x0000000731a8b6f0) 
thrown [s\open\src\hotspot\share\interpreter\linkResolver.cpp, line 774]
Event: 17.239 Thread 0x000002141dd91970 Exception <a 'java/lang/NoSuchMethodError'{0x0000000731a9a160}: 'int java.lang.invoke.DirectMethodHandle$Holder.invokeSpecialIFC(java.lang.Object, java.lang.Object, java.lang.Object, java.lang.Object, java.lang.Object)'> (0x0000000731a9a160) 
thrown [s\open\src\hotspot\share\interpreter\linkResolver.cpp, line 774]
Event: 17.411 Thread 0x000002141dd91970 Exception <a 'java/lang/NoSuchMethodError'{0x00000007318107a8}: 'java.lang.Object java.lang.invoke.DirectMethodHandle$Holder.newInvokeSpecial(java.lang.Object, java.lang.Object, java.lang.Object, java.lang.Object, java.lang.Object)'> (0x00000007318107a8) 
thrown [s\open\src\hotspot\share\interpreter\linkResolver.cpp, line 774]
Event: 17.534 Thread 0x000002141dd91970 Exception <a 'java/lang/NoSuchMethodError'{0x0000000731905f38}: 'int java.lang.invoke.DirectMethodHandle$Holder.invokeStaticInit(java.lang.Object, java.lang.Object)'> (0x0000000731905f38) 
thrown [s\open\src\hotspot\share\interpreter\linkResolver.cpp, line 774]
Event: 17.546 Thread 0x000002141dd91970 Exception <a 'java/lang/NoClassDefFoundError'{0x000000073193a040}: javax/enterprise/inject/Typed> (0x000000073193a040) 
thrown [s\open\src\hotspot\share\classfile\systemDictionary.cpp, line 302]
Event: 25.592 Thread 0x000002141dd91970 Exception <a 'java/lang/NoSuchMethodError'{0x00000007306e9818}: 'void java.lang.invoke.DirectMethodHandle$Holder.invokeStaticInit(java.lang.Object, java.lang.Object, java.lang.Object)'> (0x00000007306e9818) 
thrown [s\open\src\hotspot\share\interpreter\linkResolver.cpp, line 774]
Event: 25.599 Thread 0x000002141dd91970 Exception <a 'java/lang/ExceptionInInitializerError'{0x0000000730711b88}> (0x0000000730711b88) 
thrown [s\open\src\hotspot\share\oops\instanceKlass.cpp, line 1247]
Event: 25.653 Thread 0x000002141dd91970 Exception <a 'java/lang/NoSuchMethodError'{0x000000073281aa48}: 'long java.lang.invoke.DirectMethodHandle$Holder.invokeStatic(java.lang.Object, java.lang.Object, int)'> (0x000000073281aa48) 
thrown [s\open\src\hotspot\share\interpreter\linkResolver.cpp, line 774]
Event: 25.655 Thread 0x000002141dd91970 Exception <a 'java/lang/NoSuchMethodError'{0x000000073282df60}: 'java.lang.Object java.lang.invoke.DirectMethodHandle$Holder.invokeStatic(java.lang.Object, java.lang.Object, java.lang.Object, java.lang.Object, int)'> (0x000000073282df60) 
thrown [s\open\src\hotspot\share\interpreter\linkResolver.cpp, line 774]
Event: 25.656 Thread 0x000002141dd91970 Exception <a 'java/lang/NoSuchMethodError'{0x0000000732836118}: 'java.lang.Object java.lang.invoke.DirectMethodHandle$Holder.invokeSpecial(java.lang.Object, java.lang.Object, java.lang.Object, java.lang.Object, long)'> (0x0000000732836118) 
thrown [s\open\src\hotspot\share\interpreter\linkResolver.cpp, line 774]
Event: 25.657 Thread 0x000002141dd91970 Exception <a 'java/lang/NoSuchMethodError'{0x0000000732841ee8}: 'java.lang.Object java.lang.invoke.DirectMethodHandle$Holder.invokeSpecial(java.lang.Object, java.lang.Object, java.lang.Object, int, java.lang.Object)'> (0x0000000732841ee8) 
thrown [s\open\src\hotspot\share\interpreter\linkResolver.cpp, line 774]
Event: 25.658 Thread 0x000002141dd91970 Exception <a 'java/lang/NoSuchMethodError'{0x000000073284a218}: 'int java.lang.invoke.DirectMethodHandle$Holder.invokeSpecial(java.lang.Object, java.lang.Object, java.lang.Object, int)'> (0x000000073284a218) 
thrown [s\open\src\hotspot\share\interpreter\linkResolver.cpp, line 774]
Event: 25.666 Thread 0x000002141dd91970 Implicit null exception at 0x000002142ff0a23d to 0x000002142ff0a448
Event: 25.668 Thread 0x000002141dd91970 Exception <a 'java/lang/NoSuchMethodError'{0x00000007328a42b0}: 'java.lang.Object java.lang.invoke.Invokers$Holder.invokeExact_MT(java.lang.Object, int, java.lang.Object)'> (0x00000007328a42b0) 
thrown [s\open\src\hotspot\share\interpreter\linkResolver.cpp, line 774]
Event: 25.683 Thread 0x000002141dd91970 Exception <a 'java/lang/NoSuchMethodError'{0x00000007328f8020}: 'void java.lang.invoke.DirectMethodHandle$Holder.invokeStatic(java.lang.Object, java.lang.Object)'> (0x00000007328f8020) 
thrown [s\open\src\hotspot\share\interpreter\linkResolver.cpp, line 774]

ZGC Phase Switch (0 events):
No events

VM Operations (20 events):
Event: 21.045 Executing VM operation: Cleanup
Event: 21.045 Executing VM operation: Cleanup done
Event: 22.057 Executing VM operation: Cleanup
Event: 22.057 Executing VM operation: Cleanup done
Event: 22.396 Executing VM operation: HandshakeAllThreads (Deoptimize)
Event: 22.396 Executing VM operation: HandshakeAllThreads (Deoptimize) done
Event: 23.413 Executing VM operation: Cleanup
Event: 23.413 Executing VM operation: Cleanup done
Event: 23.494 Executing VM operation: HandshakeAllThreads (Deoptimize)
Event: 23.494 Executing VM operation: HandshakeAllThreads (Deoptimize) done
Event: 24.500 Executing VM operation: Cleanup
Event: 25.205 Executing VM operation: Cleanup done
Event: 25.616 Executing VM operation: HandshakeAllThreads (Deoptimize)
Event: 25.616 Executing VM operation: HandshakeAllThreads (Deoptimize) done
Event: 25.640 Executing VM operation: G1CollectForAllocation (G1 Evacuation Pause)
Event: 25.646 Executing VM operation: G1CollectForAllocation (G1 Evacuation Pause) done
Event: 25.709 Executing VM operation: HandshakeAllThreads (Deoptimize)
Event: 25.709 Executing VM operation: HandshakeAllThreads (Deoptimize) done
Event: 25.711 Executing VM operation: HandshakeAllThreads (Deoptimize)
Event: 25.711 Executing VM operation: HandshakeAllThreads (Deoptimize) done

Events (13 events):
Event: 2.578 Thread 0x000002141dd91970 Thread added: 0x000002141dd91970
Event: 2.594 Thread 0x000002143ea0ec10 Thread added: 0x000002143ea0ec10
Event: 2.594 Thread 0x000002143ea0fa30 Thread added: 0x000002143ea0fa30
Event: 2.595 Thread 0x000002143ea13160 Thread added: 0x000002143ea13160
Event: 2.595 Thread 0x000002143ea13dc0 Thread added: 0x000002143ea13dc0
Event: 2.595 Thread 0x000002143ea16a60 Thread added: 0x000002143ea16a60
Event: 2.595 Thread 0x000002143ea175f0 Thread added: 0x000002143ea175f0
Event: 2.595 Thread 0x000002143ea1f030 Thread added: 0x000002143ea1f030
Event: 2.595 Thread 0x000002143ea40c30 Thread added: 0x000002143ea40c30
Event: 2.614 Thread 0x000002143ec94470 Thread added: 0x000002143ec94470
Event: 2.617 Thread 0x000002143ec97710 Thread added: 0x000002143ec97710
Event: 15.837 Thread 0x000002143ec56ec0 Thread added: 0x000002143ec56ec0
Event: 16.322 Thread 0x000002143ec56ec0 Thread exited: 0x000002143ec56ec0


Dynamic libraries:
0x00007ff7ed1d0000 - 0x00007ff7ed1e0000 	C:\Program Files\Java\jdk-22\bin\java.exe
0x00007ffc3f9d0000 - 0x00007ffc3fbe7000 	C:\WINDOWS\SYSTEM32\ntdll.dll
0x00007ffc3e920000 - 0x00007ffc3e9e4000 	C:\WINDOWS\System32\KERNEL32.DLL
0x00007ffc3cf80000 - 0x00007ffc3d327000 	C:\WINDOWS\System32\KERNELBASE.dll
0x00007ffc3ce60000 - 0x00007ffc3cf71000 	C:\WINDOWS\System32\ucrtbase.dll
0x00007ffbf78f0000 - 0x00007ffbf790b000 	C:\Program Files\Java\jdk-22\bin\VCRUNTIME140.dll
0x00007ffc0f400000 - 0x00007ffc0f417000 	C:\Program Files\Java\jdk-22\bin\jli.dll
0x00007ffc3e9f0000 - 0x00007ffc3eaa2000 	C:\WINDOWS\System32\ADVAPI32.dll
0x00007ffc3eab0000 - 0x00007ffc3eb57000 	C:\WINDOWS\System32\msvcrt.dll
0x00007ffc3dbc0000 - 0x00007ffc3dc68000 	C:\WINDOWS\System32\sechost.dll
0x00007ffc3ce30000 - 0x00007ffc3ce58000 	C:\WINDOWS\System32\bcrypt.dll
0x00007ffc3f650000 - 0x00007ffc3f765000 	C:\WINDOWS\System32\RPCRT4.dll
0x00007ffc3e520000 - 0x00007ffc3e6ce000 	C:\WINDOWS\System32\USER32.dll
0x00007ffc3d4c0000 - 0x00007ffc3d4e6000 	C:\WINDOWS\System32\win32u.dll
0x00007ffc3db70000 - 0x00007ffc3db99000 	C:\WINDOWS\System32\GDI32.dll
0x00007ffc3d3a0000 - 0x00007ffc3d4b9000 	C:\WINDOWS\System32\gdi32full.dll
0x00007ffc3d4f0000 - 0x00007ffc3d58a000 	C:\WINDOWS\System32\msvcp_win.dll
0x00007ffc10350000 - 0x00007ffc105e3000 	C:\WINDOWS\WinSxS\amd64_microsoft.windows.common-controls_6595b64144ccf1df_6.0.22621.3527_none_270e469b73872a76\COMCTL32.dll
0x00007ffc343d0000 - 0x00007ffc343da000 	C:\WINDOWS\SYSTEM32\VERSION.dll
0x00007ffc3f2b0000 - 0x00007ffc3f2e1000 	C:\WINDOWS\System32\IMM32.DLL
0x00007ffc0e880000 - 0x00007ffc0e88c000 	C:\Program Files\Java\jdk-22\bin\vcruntime140_1.dll
0x00007ffbd0ad0000 - 0x00007ffbd0b5e000 	C:\Program Files\Java\jdk-22\bin\msvcp140.dll
0x00007ffba99a0000 - 0x00007ffbaa6e8000 	C:\Program Files\Java\jdk-22\bin\server\jvm.dll
0x00007ffc3e6d0000 - 0x00007ffc3e741000 	C:\WINDOWS\System32\WS2_32.dll
0x00007ffc3cbb0000 - 0x00007ffc3cbfd000 	C:\WINDOWS\SYSTEM32\POWRPROF.dll
0x00007ffc345c0000 - 0x00007ffc345f4000 	C:\WINDOWS\SYSTEM32\WINMM.dll
0x00007ffc3cb90000 - 0x00007ffc3cba3000 	C:\WINDOWS\SYSTEM32\UMPDC.dll
0x00007ffc3bcd0000 - 0x00007ffc3bce8000 	C:\WINDOWS\SYSTEM32\kernel.appcore.dll
0x00007ffbf77d0000 - 0x00007ffbf77da000 	C:\Program Files\Java\jdk-22\bin\jimage.dll
0x00007ffc3a670000 - 0x00007ffc3a8a2000 	C:\WINDOWS\SYSTEM32\DBGHELP.DLL
0x00007ffc3d700000 - 0x00007ffc3da88000 	C:\WINDOWS\System32\combase.dll
0x00007ffc3da90000 - 0x00007ffc3db67000 	C:\WINDOWS\System32\OLEAUT32.dll
0x00007ffc2a930000 - 0x00007ffc2a962000 	C:\WINDOWS\SYSTEM32\dbgcore.DLL
0x00007ffc3cdb0000 - 0x00007ffc3ce29000 	C:\WINDOWS\System32\bcryptPrimitives.dll
0x00007ffbf78d0000 - 0x00007ffbf78ee000 	C:\Program Files\Java\jdk-22\bin\java.dll
0x00007ffc3dc70000 - 0x00007ffc3e4cc000 	C:\WINDOWS\System32\SHELL32.dll
0x00007ffc3f2f0000 - 0x00007ffc3f495000 	C:\WINDOWS\System32\ole32.dll
0x00007ffc3abe0000 - 0x00007ffc3b4d6000 	C:\WINDOWS\SYSTEM32\windows.storage.dll
0x00007ffc3aaa0000 - 0x00007ffc3abde000 	C:\WINDOWS\SYSTEM32\wintypes.dll
0x00007ffc3ed30000 - 0x00007ffc3ee25000 	C:\WINDOWS\System32\SHCORE.dll
0x00007ffc3ec60000 - 0x00007ffc3ecbe000 	C:\WINDOWS\System32\shlwapi.dll
0x00007ffc3cc20000 - 0x00007ffc3cc41000 	C:\WINDOWS\SYSTEM32\profapi.dll
0x00007ffbdd120000 - 0x00007ffbdd1f7000 	C:\Program Files\Java\jdk-22\bin\jsvml.dll
0x00007ffbf77c0000 - 0x00007ffbf77d0000 	C:\Program Files\Java\jdk-22\bin\net.dll
0x00007ffc3c130000 - 0x00007ffc3c199000 	C:\WINDOWS\system32\mswsock.dll
0x00007ffbdd100000 - 0x00007ffbdd116000 	C:\Program Files\Java\jdk-22\bin\nio.dll
0x00007ffbdd0e0000 - 0x00007ffbdd0f7000 	C:\Program Files\Java\jdk-22\bin\zip.dll
0x0000000069ac0000 - 0x0000000069ae4000 	C:\Program Files\NetBeans-21\netbeans\java\maven\lib\jansi-native\Windows\x86_64\jansi.dll
0x00007ffbf77b0000 - 0x00007ffbf77c0000 	C:\Program Files\Java\jdk-22\bin\verify.dll

dbghelp: loaded successfully - version: 4.0.5 - missing functions: none
symbol engine: initialized successfully - sym options: 0x614 - pdb path: .;C:\Program Files\Java\jdk-22\bin;C:\WINDOWS\SYSTEM32;C:\WINDOWS\WinSxS\amd64_microsoft.windows.common-controls_6595b64144ccf1df_6.0.22621.3527_none_270e469b73872a76;C:\Program Files\Java\jdk-22\bin\server;C:\Program Files\NetBeans-21\netbeans\java\maven\lib\jansi-native\Windows\x86_64

VM Arguments:
jvm_args: -Dclassworlds.conf=C:\Program Files\NetBeans-21\netbeans\java\maven\bin\m2.conf -Dmaven.home=C:\Program Files\NetBeans-21\netbeans\java\maven -Dlibrary.jansi.path=C:\Program Files\NetBeans-21\netbeans\java\maven\lib\jansi-native -Dmaven.multiModuleProjectDirectory=C:\Users\ADMIN\OneDrive\Documents\GitHub\Management_Project_Java\mavenproject1 
java_command: org.codehaus.plexus.classworlds.launcher.Launcher -Dexec.vmArgs=--enable-preview -Dexec.args=${exec.vmArgs} -classpath %classpath ${exec.mainClass} ${exec.appArgs} -Dexec.appArgs= -Dexec.mainClass=GUI.Login -Dexec.executable=C:\Program Files\Java\jdk-22\bin\java.exe -Dmaven.ext.class.path=C:\Program Files\NetBeans-21\netbeans\java\maven-nblib\netbeans-eventspy.jar --no-transfer-progress process-classes org.codehaus.mojo:exec-maven-plugin:3.1.0:exec
java_class_path (initial): C:\Program Files\NetBeans-21\netbeans\java\maven\boot\plexus-classworlds-2.7.0.jar
Launcher Type: SUN_STANDARD

[Global flags]
     intx CICompilerCount                          = 4                                         {product} {ergonomic}
     uint ConcGCThreads                            = 3                                         {product} {ergonomic}
     uint G1ConcRefinementThreads                  = 10                                        {product} {ergonomic}
   size_t G1HeapRegionSize                         = 2097152                                   {product} {ergonomic}
   size_t InitialHeapSize                          = 230686720                                 {product} {ergonomic}
   size_t MarkStackSize                            = 4194304                                   {product} {ergonomic}
   size_t MaxHeapSize                              = 3676307456                                {product} {ergonomic}
   size_t MaxNewSize                               = 2204106752                                {product} {ergonomic}
   size_t MinHeapDeltaBytes                        = 2097152                                   {product} {ergonomic}
   size_t MinHeapSize                              = 8388608                                   {product} {ergonomic}
    uintx NonNMethodCodeHeapSize                   = 5839372                                {pd product} {ergonomic}
    uintx NonProfiledCodeHeapSize                  = 122909434                              {pd product} {ergonomic}
    uintx ProfiledCodeHeapSize                     = 122909434                              {pd product} {ergonomic}
    uintx ReservedCodeCacheSize                    = 251658240                              {pd product} {ergonomic}
     bool SegmentedCodeCache                       = true                                      {product} {ergonomic}
   size_t SoftMaxHeapSize                          = 3676307456                             {manageable} {ergonomic}
     bool UseCompressedOops                        = true                           {product lp64_product} {ergonomic}
     bool UseG1GC                                  = true                                      {product} {ergonomic}
     bool UseLargePagesIndividualAllocation        = false                                  {pd product} {ergonomic}

Logging:
Log output configuration:
 #0: stdout all=warning uptime,level,tags foldmultilines=false
 #1: stderr all=off uptime,level,tags foldmultilines=false

Environment Variables:
JAVA_HOME=C:\Program Files\Java\jdk-22
PATH=C:\Program Files (x86)\VMware\VMware Workstation\bin\;C:\Program Files\Common Files\Oracle\Java\javapath;C:\Program Files (x86)\Common Files\Oracle\Java\javapath;C:\Windows\system32;C:\Windows;C:\Windows\System32\Wbem;C:\Windows\System32\WindowsPowerShell\v1.0\;C:\Windows\System32\OpenSSH\;C:\Program Files (x86)\NVIDIA Corporation\PhysX\Common;C:\Program Files\NVIDIA Corporation\NVIDIA NvDLISR;C:\msys64\mingw64\bin;C:\WINDOWS\system32;C:\WINDOWS;C:\WINDOWS\System32\Wbem;C:\WINDOWS\System32\WindowsPowerShell\v1.0\;C:\WINDOWS\System32\OpenSSH\;C:\Program Files (x86)\Microsoft SQL Server\110\Tools\Binn\;C:\Program Files\Microsoft SQL Server\110\Tools\Binn\;C:\Program Files\Microsoft SQL Server\110\DTS\Binn\;C:\Program Files (x86)\Microsoft SQL Server\110\Tools\Binn\ManagementStudio\;C:\Program Files (x86)\Microsoft SQL Server\110\DTS\Binn\;C:\Program Files\Microsoft SQL Server\150\Tools\Binn\;C:\Program Files\Microsoft SQL Server\Client SDK\ODBC\170\Tools\Binn\;C:\Program Files\dotnet\;C:\Program Files\Git\cmd;C:\Users\ADMIN\AppData\Local\Programs\Python\Python312\Scripts\;C:\Users\ADMIN\AppData\Local\Programs\Python\Python312\;C:\Users\ADMIN\AppData\Local\Programs\Python\Launcher\;C:\Users\ADMIN\AppData\Local\Microsoft\WindowsApps;C:\Users\ADMIN\.dotnet\tools;C:\Users\ADMIN\AppData\Local\Programs\Microsoft VS Code\bin;C:\Users\ADMIN\AppData\Local\GitHubDesktop\bin;C:\Program Files\Java\jdk-22\bin;
USERNAME=ADMIN
OS=Windows_NT
PROCESSOR_IDENTIFIER=AMD64 Family 25 Model 68 Stepping 1, AuthenticAMD
TMP=C:\Users\ADMIN\AppData\Local\Temp
TEMP=C:\Users\ADMIN\AppData\Local\Temp




Periodic native trim disabled

---------------  S Y S T E M  ---------------

OS:
 Windows 11 , 64 bit Build 22621 (10.0.22621.3527)
OS uptime: 1 days 1:44 hours
Hyper-V role detected

CPU: total 12 (initial active 12) (12 cores per cpu, 2 threads per core) family 25 model 68 stepping 1 microcode 0x0, cx8, cmov, fxsr, ht, mmx, 3dnowpref, sse, sse2, sse3, ssse3, sse4a, sse4.1, sse4.2, popcnt, lzcnt, tsc, tscinvbit, avx, avx2, aes, erms, clmul, bmi1, bmi2, adx, sha, fma, vzeroupper, clflush, clflushopt, hv, rdtscp, rdpid, fsrm, f16c, cet_ss
Processor Information for processor 0
  Max Mhz: 3301, Current Mhz: 3301, Mhz Limit: 3301
Processor Information for processor 1
  Max Mhz: 3301, Current Mhz: 3301, Mhz Limit: 3301
Processor Information for processor 2
  Max Mhz: 3301, Current Mhz: 3301, Mhz Limit: 3301
Processor Information for processor 3
  Max Mhz: 3301, Current Mhz: 3301, Mhz Limit: 3301
Processor Information for processor 4
  Max Mhz: 3301, Current Mhz: 3301, Mhz Limit: 3301
Processor Information for processor 5
  Max Mhz: 3301, Current Mhz: 3301, Mhz Limit: 3301
Processor Information for processor 6
  Max Mhz: 3301, Current Mhz: 3301, Mhz Limit: 3301
Processor Information for processor 7
  Max Mhz: 3301, Current Mhz: 2503, Mhz Limit: 3301
Processor Information for processor 8
  Max Mhz: 3301, Current Mhz: 3301, Mhz Limit: 3301
Processor Information for processor 9
  Max Mhz: 3301, Current Mhz: 3301, Mhz Limit: 3301
Processor Information for processor 10
  Max Mhz: 3301, Current Mhz: 3301, Mhz Limit: 3301
Processor Information for processor 11
  Max Mhz: 3301, Current Mhz: 3301, Mhz Limit: 3301

Memory: 4k page, system-wide physical 14020M (8M free)
TotalPageFile size 57028M (AvailPageFile size 12M)
current process WorkingSet (physical memory assigned to process): 102M, peak: 102M
current process commit charge ("private bytes"): 329M, peak: 329M

vm_info: Java HotSpot(TM) 64-Bit Server VM (22+36-2370) for windows-amd64 JRE (22+36-2370), built on 2024-02-15T22:15:19Z by "mach5one" with MS VC++ 17.6 (VS2022)

END.
