#
# There is insufficient memory for the Java Runtime Environment to continue.
# Native memory allocation (malloc) failed to allocate 281216 bytes. Error detail: Chunk::new
# Possible reasons:
#   The system is out of physical RAM or swap space
#   This process is running with CompressedOops enabled, and the Java Heap may be blocking the growth of the native heap
# Possible solutions:
#   Reduce memory load on the system
#   Increase physical memory or swap space
#   Check if swap backing store is full
#   Decrease Java heap size (-Xmx/-Xms)
#   Decrease number of Java threads
#   Decrease Java thread stack sizes (-Xss)
#   Set larger code cache with -XX:ReservedCodeCacheSize=
#   JVM is running with Zero Based Compressed Oops mode in which the Java heap is
#     placed in the first 32GB address space. The Java Heap base address is the
#     maximum limit for the native heap growth. Please use -XX:HeapBaseMinAddress
#     to set the Java Heap base and to place the Java Heap above 32GB virtual address.
# This output file may be truncated or incomplete.
#
#  Out of Memory Error (arena.cpp:150), pid=32156, tid=33880
#
# JRE version: Java(TM) SE Runtime Environment (22.0+36) (build 22+36-2370)
# Java VM: Java HotSpot(TM) 64-Bit Server VM (22+36-2370, mixed mode, sharing, tiered, compressed oops, compressed class ptrs, g1 gc, windows-amd64)
# No core dump will be written. Minidumps are not enabled by default on client versions of Windows
#

---------------  S U M M A R Y ------------

Command Line: -Dclassworlds.conf=C:\Program Files\NetBeans-21\netbeans\java\maven\bin\m2.conf -Dmaven.home=C:\Program Files\NetBeans-21\netbeans\java\maven -Dlibrary.jansi.path=C:\Program Files\NetBeans-21\netbeans\java\maven\lib\jansi-native -Dmaven.multiModuleProjectDirectory=C:\Users\ADMIN\OneDrive\Documents\GitHub\Management_Project_Java\mavenproject1 org.codehaus.plexus.classworlds.launcher.Launcher -Dexec.vmArgs=--enable-preview -Dexec.args=${exec.vmArgs} -classpath %classpath ${exec.mainClass} ${exec.appArgs} -Dexec.appArgs= -Dexec.mainClass=GUI.Login -Dexec.executable=C:\Program Files\Java\jdk-22\bin\java.exe -Dmaven.ext.class.path=C:\Program Files\NetBeans-21\netbeans\java\maven-nblib\netbeans-eventspy.jar --no-transfer-progress process-classes org.codehaus.mojo:exec-maven-plugin:3.1.0:exec

Host: AMD Ryzen 5 6600HS Creator Edition             , 12 cores, 13G,  Windows 11 , 64 bit Build 22621 (10.0.22621.3527)
Time: Thu May 16 16:18:44 2024 SE Asia Standard Time elapsed time: 49.185651 seconds (0d 0h 0m 49s)

---------------  T H R E A D  ---------------

Current thread (0x000001e5f93ea380):  JavaThread "C2 CompilerThread0" daemon [_thread_in_native, id=33880, stack(0x000000ab7b400000,0x000000ab7b500000) (1024K)]


Current CompileTask:
C2:49185 2735       4       jdk.internal.org.objectweb.asm.Frame::execute (2305 bytes)

Stack: [0x000000ab7b400000,0x000000ab7b500000]
Native frames: (J=compiled Java code, j=interpreted, Vv=VM code, C=native code)
V  [jvm.dll+0x6e2349]  (no source info available)
V  [jvm.dll+0x874ed3]  (no source info available)
V  [jvm.dll+0x8772fe]  (no source info available)
V  [jvm.dll+0x8779d3]  (no source info available)
V  [jvm.dll+0x27fcb6]  (no source info available)
V  [jvm.dll+0xc3d0f]  (no source info available)
V  [jvm.dll+0xc3f6b]  (no source info available)
V  [jvm.dll+0x2f3b6f]  (no source info available)
V  [jvm.dll+0x60bd8a]  (no source info available)
V  [jvm.dll+0x2499d6]  (no source info available)
V  [jvm.dll+0x246eb6]  (no source info available)
V  [jvm.dll+0x1c4e90]  (no source info available)
V  [jvm.dll+0x25699e]  (no source info available)
V  [jvm.dll+0x254c5a]  (no source info available)
V  [jvm.dll+0x3f5426]  (no source info available)
V  [jvm.dll+0x81d50b]  (no source info available)
V  [jvm.dll+0x6e09e5]  (no source info available)
C  [ucrtbase.dll+0x29333]  (no source info available)
C  [KERNEL32.DLL+0x1257d]  (no source info available)
C  [ntdll.dll+0x5aa48]  (no source info available)


---------------  P R O C E S S  ---------------

Threads class SMR info:
_java_thread_list=0x000001e5d430d2b0, length=11, elements={
0x000001e5e78af710, 0x000001e5f93def10, 0x000001e5f93dfad0, 0x000001e5f93e36c0,
0x000001e5f93e4120, 0x000001e5f93e4b80, 0x000001e5f93e55e0, 0x000001e5f93ea380,
0x000001e5f93edd90, 0x000001e5d419fc90, 0x000001e5d41a4b30
}

Java Threads: ( => current thread )
  0x000001e5e78af710 JavaThread "main"                              [_thread_in_vm, id=32300, stack(0x000000ab7a500000,0x000000ab7a600000) (1024K)]
  0x000001e5f93def10 JavaThread "Reference Handler"          daemon [_thread_blocked, id=33856, stack(0x000000ab7ae00000,0x000000ab7af00000) (1024K)]
  0x000001e5f93dfad0 JavaThread "Finalizer"                  daemon [_thread_blocked, id=33860, stack(0x000000ab7af00000,0x000000ab7b000000) (1024K)]
  0x000001e5f93e36c0 JavaThread "Signal Dispatcher"          daemon [_thread_blocked, id=33864, stack(0x000000ab7b000000,0x000000ab7b100000) (1024K)]
  0x000001e5f93e4120 JavaThread "Attach Listener"            daemon [_thread_blocked, id=33868, stack(0x000000ab7b100000,0x000000ab7b200000) (1024K)]
  0x000001e5f93e4b80 JavaThread "Service Thread"             daemon [_thread_blocked, id=33872, stack(0x000000ab7b200000,0x000000ab7b300000) (1024K)]
  0x000001e5f93e55e0 JavaThread "Monitor Deflation Thread"   daemon [_thread_blocked, id=33876, stack(0x000000ab7b300000,0x000000ab7b400000) (1024K)]
=>0x000001e5f93ea380 JavaThread "C2 CompilerThread0"         daemon [_thread_in_native, id=33880, stack(0x000000ab7b400000,0x000000ab7b500000) (1024K)]
  0x000001e5f93edd90 JavaThread "C1 CompilerThread0"         daemon [_thread_blocked, id=33948, stack(0x000000ab7b500000,0x000000ab7b600000) (1024K)]
  0x000001e5d419fc90 JavaThread "Notification Thread"        daemon [_thread_blocked, id=34068, stack(0x000000ab7b600000,0x000000ab7b700000) (1024K)]
  0x000001e5d41a4b30 JavaThread "Common-Cleaner"             daemon [_thread_blocked, id=34072, stack(0x000000ab7b700000,0x000000ab7b800000) (1024K)]
Total: 11

Other Threads:
  0x000001e5f93c24a0 VMThread "VM Thread"                           [id=33828, stack(0x000000ab7ad00000,0x000000ab7ae00000) (1024K)] _threads_hazard_ptr=0x000001e5d430d2b0
  0x000001e5f93aaa70 WatcherThread "VM Periodic Task Thread"        [id=32772, stack(0x000000ab7ac00000,0x000000ab7ad00000) (1024K)]
  0x000001e5e9abd9c0 WorkerThread "GC Thread#0"                     [id=32844, stack(0x000000ab7a700000,0x000000ab7a800000) (1024K)]
  0x000001e5d4887590 WorkerThread "GC Thread#1"                     [id=39556, stack(0x000000ab7b800000,0x000000ab7b900000) (1024K)]
  0x000001e5d44bc170 WorkerThread "GC Thread#2"                     [id=39560, stack(0x000000ab7b900000,0x000000ab7ba00000) (1024K)]
  0x000001e5d44bc520 WorkerThread "GC Thread#3"                     [id=39564, stack(0x000000ab7ba00000,0x000000ab7bb00000) (1024K)]
  0x000001e5d4cfa400 WorkerThread "GC Thread#4"                     [id=39568, stack(0x000000ab7bb00000,0x000000ab7bc00000) (1024K)]
  0x000001e5d4a75740 WorkerThread "GC Thread#5"                     [id=39596, stack(0x000000ab7bc00000,0x000000ab7bd00000) (1024K)]
  0x000001e5d4381350 WorkerThread "GC Thread#6"                     [id=39600, stack(0x000000ab7bd00000,0x000000ab7be00000) (1024K)]
  0x000001e5d46885e0 WorkerThread "GC Thread#7"                     [id=39604, stack(0x000000ab7be00000,0x000000ab7bf00000) (1024K)]
  0x000001e5d4688990 WorkerThread "GC Thread#8"                     [id=39608, stack(0x000000ab7bf00000,0x000000ab7c000000) (1024K)]
  0x000001e5d4834300 WorkerThread "GC Thread#9"                     [id=42760, stack(0x000000ab7c000000,0x000000ab7c100000) (1024K)]
  0x000001e5e9acc3c0 ConcurrentGCThread "G1 Main Marker"            [id=32848, stack(0x000000ab7a800000,0x000000ab7a900000) (1024K)]
  0x000001e5e9accdd0 WorkerThread "G1 Conc#0"                       [id=32852, stack(0x000000ab7a900000,0x000000ab7aa00000) (1024K)]
  0x000001e5e9b1ea80 ConcurrentGCThread "G1 Refine#0"               [id=32856, stack(0x000000ab7aa00000,0x000000ab7ab00000) (1024K)]
  0x000001e5f927daa0 ConcurrentGCThread "G1 Service"                [id=32860, stack(0x000000ab7ab00000,0x000000ab7ac00000) (1024K)]
Total: 16

Threads with active compile tasks:
C2 CompilerThread0  77707 2735       4       jdk.internal.org.objectweb.asm.Frame::execute (2305 bytes)
Total: 1

VM state: synchronizing (normal execution)

VM Mutex/Monitor currently owned by a thread:  ([mutex/lock_event])
[0x00007ffbaa60ab48] Metaspace_lock - owner thread: 0x000001e5e78af710
[0x00007ffbaa60cbc8] Threads_lock - owner thread: 0x000001e5f93c24a0

Heap address: 0x0000000724e00000, size: 3506 MB, Compressed Oops mode: Zero based, Oop shift amount: 3

CDS archive(s) mapped at: [0x000001e58f000000-0x000001e58fc60000-0x000001e58fc60000), size 12976128, SharedBaseAddress: 0x000001e58f000000, ArchiveRelocationMode: 1.
Compressed class space mapped at: 0x000001e590000000-0x000001e5d0000000, reserved size: 1073741824
Narrow klass base: 0x000001e58f000000, Narrow klass shift: 0, Narrow klass range: 0x41000000

GC Precious Log:
 CardTable entry size: 512
 Card Set container configuration: InlinePtr #cards 4 size 8 Array Of Cards #cards 16 size 48 Howl #buckets 8 coarsen threshold 3686 Howl Bitmap #cards 512 size 80 coarsen threshold 460 Card regions per heap region 1 cards per card region 4096
 CPUs: 12 total, 12 available
 Memory: 14020M
 Large Page Support: Disabled
 NUMA Support: Disabled
 Compressed Oops: Enabled (Zero based)
 Heap Region Size: 2M
 Heap Min Capacity: 8M
 Heap Initial Capacity: 220M
 Heap Max Capacity: 3506M
 Pre-touch: Disabled
 Parallel Workers: 10
 Concurrent Workers: 3
 Concurrent Refinement Workers: 10
 Periodic GC: Disabled

Heap:
 garbage-first heap   total reserved 3590144K, committed 225280K, used 24655K [0x0000000724e00000, 0x0000000800000000)
  region size 2048K, 12 young (24576K), 2 survivors (4096K)
 Metaspace       used 14504K, committed 14720K, reserved 1114112K
  class space    used 1766K, committed 1856K, reserved 1048576K

Heap Regions: E=young(eden), S=young(survivor), O=old, HS=humongous(starts), HC=humongous(continues), CS=collection set, F=free, TAMS=top-at-mark-start, PB=parsable bottom
|   0|0x0000000724e00000, 0x0000000725000000, 0x0000000725000000|100%| O|  |TAMS 0x0000000724e00000| PB 0x0000000724e00000| Untracked |  0
|   1|0x0000000725000000, 0x00000007251af9f0, 0x0000000725200000| 84%| O|  |TAMS 0x0000000725000000| PB 0x0000000725000000| Untracked |  0
|   2|0x0000000725200000, 0x0000000725200000, 0x0000000725400000|  0%| F|  |TAMS 0x0000000725200000| PB 0x0000000725200000| Untracked |  0
|   3|0x0000000725400000, 0x0000000725400000, 0x0000000725600000|  0%| F|  |TAMS 0x0000000725400000| PB 0x0000000725400000| Untracked |  0
|   4|0x0000000725600000, 0x0000000725600000, 0x0000000725800000|  0%| F|  |TAMS 0x0000000725600000| PB 0x0000000725600000| Untracked |  0
|   5|0x0000000725800000, 0x0000000725800000, 0x0000000725a00000|  0%| F|  |TAMS 0x0000000725800000| PB 0x0000000725800000| Untracked |  0
|   6|0x0000000725a00000, 0x0000000725a00000, 0x0000000725c00000|  0%| F|  |TAMS 0x0000000725a00000| PB 0x0000000725a00000| Untracked |  0
|   7|0x0000000725c00000, 0x0000000725c00000, 0x0000000725e00000|  0%| F|  |TAMS 0x0000000725c00000| PB 0x0000000725c00000| Untracked |  0
|   8|0x0000000725e00000, 0x0000000725e00000, 0x0000000726000000|  0%| F|  |TAMS 0x0000000725e00000| PB 0x0000000725e00000| Untracked |  0
|   9|0x0000000726000000, 0x0000000726000000, 0x0000000726200000|  0%| F|  |TAMS 0x0000000726000000| PB 0x0000000726000000| Untracked |  0
|  10|0x0000000726200000, 0x0000000726200000, 0x0000000726400000|  0%| F|  |TAMS 0x0000000726200000| PB 0x0000000726200000| Untracked |  0
|  11|0x0000000726400000, 0x0000000726400000, 0x0000000726600000|  0%| F|  |TAMS 0x0000000726400000| PB 0x0000000726400000| Untracked |  0
|  12|0x0000000726600000, 0x0000000726600000, 0x0000000726800000|  0%| F|  |TAMS 0x0000000726600000| PB 0x0000000726600000| Untracked |  0
|  13|0x0000000726800000, 0x0000000726800000, 0x0000000726a00000|  0%| F|  |TAMS 0x0000000726800000| PB 0x0000000726800000| Untracked |  0
|  14|0x0000000726a00000, 0x0000000726a00000, 0x0000000726c00000|  0%| F|  |TAMS 0x0000000726a00000| PB 0x0000000726a00000| Untracked |  0
|  15|0x0000000726c00000, 0x0000000726c00000, 0x0000000726e00000|  0%| F|  |TAMS 0x0000000726c00000| PB 0x0000000726c00000| Untracked |  0
|  16|0x0000000726e00000, 0x0000000726e00000, 0x0000000727000000|  0%| F|  |TAMS 0x0000000726e00000| PB 0x0000000726e00000| Untracked |  0
|  17|0x0000000727000000, 0x0000000727000000, 0x0000000727200000|  0%| F|  |TAMS 0x0000000727000000| PB 0x0000000727000000| Untracked |  0
|  18|0x0000000727200000, 0x0000000727200000, 0x0000000727400000|  0%| F|  |TAMS 0x0000000727200000| PB 0x0000000727200000| Untracked |  0
|  19|0x0000000727400000, 0x0000000727400000, 0x0000000727600000|  0%| F|  |TAMS 0x0000000727400000| PB 0x0000000727400000| Untracked |  0
|  20|0x0000000727600000, 0x0000000727600000, 0x0000000727800000|  0%| F|  |TAMS 0x0000000727600000| PB 0x0000000727600000| Untracked |  0
|  21|0x0000000727800000, 0x0000000727800000, 0x0000000727a00000|  0%| F|  |TAMS 0x0000000727800000| PB 0x0000000727800000| Untracked |  0
|  22|0x0000000727a00000, 0x0000000727a00000, 0x0000000727c00000|  0%| F|  |TAMS 0x0000000727a00000| PB 0x0000000727a00000| Untracked |  0
|  23|0x0000000727c00000, 0x0000000727c00000, 0x0000000727e00000|  0%| F|  |TAMS 0x0000000727c00000| PB 0x0000000727c00000| Untracked |  0
|  24|0x0000000727e00000, 0x0000000727e00000, 0x0000000728000000|  0%| F|  |TAMS 0x0000000727e00000| PB 0x0000000727e00000| Untracked |  0
|  25|0x0000000728000000, 0x0000000728000000, 0x0000000728200000|  0%| F|  |TAMS 0x0000000728000000| PB 0x0000000728000000| Untracked |  0
|  26|0x0000000728200000, 0x0000000728200000, 0x0000000728400000|  0%| F|  |TAMS 0x0000000728200000| PB 0x0000000728200000| Untracked |  0
|  27|0x0000000728400000, 0x0000000728400000, 0x0000000728600000|  0%| F|  |TAMS 0x0000000728400000| PB 0x0000000728400000| Untracked |  0
|  28|0x0000000728600000, 0x0000000728600000, 0x0000000728800000|  0%| F|  |TAMS 0x0000000728600000| PB 0x0000000728600000| Untracked |  0
|  29|0x0000000728800000, 0x0000000728800000, 0x0000000728a00000|  0%| F|  |TAMS 0x0000000728800000| PB 0x0000000728800000| Untracked |  0
|  30|0x0000000728a00000, 0x0000000728a00000, 0x0000000728c00000|  0%| F|  |TAMS 0x0000000728a00000| PB 0x0000000728a00000| Untracked |  0
|  31|0x0000000728c00000, 0x0000000728c00000, 0x0000000728e00000|  0%| F|  |TAMS 0x0000000728c00000| PB 0x0000000728c00000| Untracked |  0
|  32|0x0000000728e00000, 0x0000000728e00000, 0x0000000729000000|  0%| F|  |TAMS 0x0000000728e00000| PB 0x0000000728e00000| Untracked |  0
|  33|0x0000000729000000, 0x0000000729000000, 0x0000000729200000|  0%| F|  |TAMS 0x0000000729000000| PB 0x0000000729000000| Untracked |  0
|  34|0x0000000729200000, 0x0000000729200000, 0x0000000729400000|  0%| F|  |TAMS 0x0000000729200000| PB 0x0000000729200000| Untracked |  0
|  35|0x0000000729400000, 0x0000000729400000, 0x0000000729600000|  0%| F|  |TAMS 0x0000000729400000| PB 0x0000000729400000| Untracked |  0
|  36|0x0000000729600000, 0x0000000729600000, 0x0000000729800000|  0%| F|  |TAMS 0x0000000729600000| PB 0x0000000729600000| Untracked |  0
|  37|0x0000000729800000, 0x0000000729800000, 0x0000000729a00000|  0%| F|  |TAMS 0x0000000729800000| PB 0x0000000729800000| Untracked |  0
|  38|0x0000000729a00000, 0x0000000729a00000, 0x0000000729c00000|  0%| F|  |TAMS 0x0000000729a00000| PB 0x0000000729a00000| Untracked |  0
|  39|0x0000000729c00000, 0x0000000729c00000, 0x0000000729e00000|  0%| F|  |TAMS 0x0000000729c00000| PB 0x0000000729c00000| Untracked |  0
|  40|0x0000000729e00000, 0x0000000729e00000, 0x000000072a000000|  0%| F|  |TAMS 0x0000000729e00000| PB 0x0000000729e00000| Untracked |  0
|  41|0x000000072a000000, 0x000000072a000000, 0x000000072a200000|  0%| F|  |TAMS 0x000000072a000000| PB 0x000000072a000000| Untracked |  0
|  42|0x000000072a200000, 0x000000072a200000, 0x000000072a400000|  0%| F|  |TAMS 0x000000072a200000| PB 0x000000072a200000| Untracked |  0
|  43|0x000000072a400000, 0x000000072a400000, 0x000000072a600000|  0%| F|  |TAMS 0x000000072a400000| PB 0x000000072a400000| Untracked |  0
|  44|0x000000072a600000, 0x000000072a600000, 0x000000072a800000|  0%| F|  |TAMS 0x000000072a600000| PB 0x000000072a600000| Untracked |  0
|  45|0x000000072a800000, 0x000000072a800000, 0x000000072aa00000|  0%| F|  |TAMS 0x000000072a800000| PB 0x000000072a800000| Untracked |  0
|  46|0x000000072aa00000, 0x000000072aa00000, 0x000000072ac00000|  0%| F|  |TAMS 0x000000072aa00000| PB 0x000000072aa00000| Untracked |  0
|  47|0x000000072ac00000, 0x000000072ac00000, 0x000000072ae00000|  0%| F|  |TAMS 0x000000072ac00000| PB 0x000000072ac00000| Untracked |  0
|  48|0x000000072ae00000, 0x000000072ae00000, 0x000000072b000000|  0%| F|  |TAMS 0x000000072ae00000| PB 0x000000072ae00000| Untracked |  0
|  49|0x000000072b000000, 0x000000072b000000, 0x000000072b200000|  0%| F|  |TAMS 0x000000072b000000| PB 0x000000072b000000| Untracked |  0
|  50|0x000000072b200000, 0x000000072b200000, 0x000000072b400000|  0%| F|  |TAMS 0x000000072b200000| PB 0x000000072b200000| Untracked |  0
|  51|0x000000072b400000, 0x000000072b400000, 0x000000072b600000|  0%| F|  |TAMS 0x000000072b400000| PB 0x000000072b400000| Untracked |  0
|  52|0x000000072b600000, 0x000000072b600000, 0x000000072b800000|  0%| F|  |TAMS 0x000000072b600000| PB 0x000000072b600000| Untracked |  0
|  53|0x000000072b800000, 0x000000072b800000, 0x000000072ba00000|  0%| F|  |TAMS 0x000000072b800000| PB 0x000000072b800000| Untracked |  0
|  54|0x000000072ba00000, 0x000000072ba00000, 0x000000072bc00000|  0%| F|  |TAMS 0x000000072ba00000| PB 0x000000072ba00000| Untracked |  0
|  55|0x000000072bc00000, 0x000000072bc00000, 0x000000072be00000|  0%| F|  |TAMS 0x000000072bc00000| PB 0x000000072bc00000| Untracked |  0
|  56|0x000000072be00000, 0x000000072be00000, 0x000000072c000000|  0%| F|  |TAMS 0x000000072be00000| PB 0x000000072be00000| Untracked |  0
|  57|0x000000072c000000, 0x000000072c000000, 0x000000072c200000|  0%| F|  |TAMS 0x000000072c000000| PB 0x000000072c000000| Untracked |  0
|  58|0x000000072c200000, 0x000000072c200000, 0x000000072c400000|  0%| F|  |TAMS 0x000000072c200000| PB 0x000000072c200000| Untracked |  0
|  59|0x000000072c400000, 0x000000072c400000, 0x000000072c600000|  0%| F|  |TAMS 0x000000072c400000| PB 0x000000072c400000| Untracked |  0
|  60|0x000000072c600000, 0x000000072c600000, 0x000000072c800000|  0%| F|  |TAMS 0x000000072c600000| PB 0x000000072c600000| Untracked |  0
|  61|0x000000072c800000, 0x000000072c800000, 0x000000072ca00000|  0%| F|  |TAMS 0x000000072c800000| PB 0x000000072c800000| Untracked |  0
|  62|0x000000072ca00000, 0x000000072ca00000, 0x000000072cc00000|  0%| F|  |TAMS 0x000000072ca00000| PB 0x000000072ca00000| Untracked |  0
|  63|0x000000072cc00000, 0x000000072cc00000, 0x000000072ce00000|  0%| F|  |TAMS 0x000000072cc00000| PB 0x000000072cc00000| Untracked |  0
|  64|0x000000072ce00000, 0x000000072ce00000, 0x000000072d000000|  0%| F|  |TAMS 0x000000072ce00000| PB 0x000000072ce00000| Untracked |  0
|  65|0x000000072d000000, 0x000000072d000000, 0x000000072d200000|  0%| F|  |TAMS 0x000000072d000000| PB 0x000000072d000000| Untracked |  0
|  66|0x000000072d200000, 0x000000072d200000, 0x000000072d400000|  0%| F|  |TAMS 0x000000072d200000| PB 0x000000072d200000| Untracked |  0
|  67|0x000000072d400000, 0x000000072d400000, 0x000000072d600000|  0%| F|  |TAMS 0x000000072d400000| PB 0x000000072d400000| Untracked |  0
|  68|0x000000072d600000, 0x000000072d600000, 0x000000072d800000|  0%| F|  |TAMS 0x000000072d600000| PB 0x000000072d600000| Untracked |  0
|  69|0x000000072d800000, 0x000000072d800000, 0x000000072da00000|  0%| F|  |TAMS 0x000000072d800000| PB 0x000000072d800000| Untracked |  0
|  70|0x000000072da00000, 0x000000072da00000, 0x000000072dc00000|  0%| F|  |TAMS 0x000000072da00000| PB 0x000000072da00000| Untracked |  0
|  71|0x000000072dc00000, 0x000000072dc00000, 0x000000072de00000|  0%| F|  |TAMS 0x000000072dc00000| PB 0x000000072dc00000| Untracked |  0
|  72|0x000000072de00000, 0x000000072de00000, 0x000000072e000000|  0%| F|  |TAMS 0x000000072de00000| PB 0x000000072de00000| Untracked |  0
|  73|0x000000072e000000, 0x000000072e000000, 0x000000072e200000|  0%| F|  |TAMS 0x000000072e000000| PB 0x000000072e000000| Untracked |  0
|  74|0x000000072e200000, 0x000000072e200000, 0x000000072e400000|  0%| F|  |TAMS 0x000000072e200000| PB 0x000000072e200000| Untracked |  0
|  75|0x000000072e400000, 0x000000072e400000, 0x000000072e600000|  0%| F|  |TAMS 0x000000072e400000| PB 0x000000072e400000| Untracked |  0
|  76|0x000000072e600000, 0x000000072e600000, 0x000000072e800000|  0%| F|  |TAMS 0x000000072e600000| PB 0x000000072e600000| Untracked |  0
|  77|0x000000072e800000, 0x000000072e800000, 0x000000072ea00000|  0%| F|  |TAMS 0x000000072e800000| PB 0x000000072e800000| Untracked |  0
|  78|0x000000072ea00000, 0x000000072ea00000, 0x000000072ec00000|  0%| F|  |TAMS 0x000000072ea00000| PB 0x000000072ea00000| Untracked |  0
|  79|0x000000072ec00000, 0x000000072ec00000, 0x000000072ee00000|  0%| F|  |TAMS 0x000000072ec00000| PB 0x000000072ec00000| Untracked |  0
|  80|0x000000072ee00000, 0x000000072ee00000, 0x000000072f000000|  0%| F|  |TAMS 0x000000072ee00000| PB 0x000000072ee00000| Untracked |  0
|  81|0x000000072f000000, 0x000000072f000000, 0x000000072f200000|  0%| F|  |TAMS 0x000000072f000000| PB 0x000000072f000000| Untracked |  0
|  82|0x000000072f200000, 0x000000072f200000, 0x000000072f400000|  0%| F|  |TAMS 0x000000072f200000| PB 0x000000072f200000| Untracked |  0
|  83|0x000000072f400000, 0x000000072f400000, 0x000000072f600000|  0%| F|  |TAMS 0x000000072f400000| PB 0x000000072f400000| Untracked |  0
|  84|0x000000072f600000, 0x000000072f600000, 0x000000072f800000|  0%| F|  |TAMS 0x000000072f600000| PB 0x000000072f600000| Untracked |  0
|  85|0x000000072f800000, 0x000000072f800000, 0x000000072fa00000|  0%| F|  |TAMS 0x000000072f800000| PB 0x000000072f800000| Untracked |  0
|  86|0x000000072fa00000, 0x000000072fa00000, 0x000000072fc00000|  0%| F|  |TAMS 0x000000072fa00000| PB 0x000000072fa00000| Untracked |  0
|  87|0x000000072fc00000, 0x000000072fc00000, 0x000000072fe00000|  0%| F|  |TAMS 0x000000072fc00000| PB 0x000000072fc00000| Untracked |  0
|  88|0x000000072fe00000, 0x000000072fe00000, 0x0000000730000000|  0%| F|  |TAMS 0x000000072fe00000| PB 0x000000072fe00000| Untracked |  0
|  89|0x0000000730000000, 0x0000000730000000, 0x0000000730200000|  0%| F|  |TAMS 0x0000000730000000| PB 0x0000000730000000| Untracked |  0
|  90|0x0000000730200000, 0x00000007302642d8, 0x0000000730400000| 19%| S|CS|TAMS 0x0000000730200000| PB 0x0000000730200000| Complete |  0
|  91|0x0000000730400000, 0x0000000730600000, 0x0000000730600000|100%| S|CS|TAMS 0x0000000730400000| PB 0x0000000730400000| Complete |  0
|  92|0x0000000730600000, 0x0000000730600000, 0x0000000730800000|  0%| F|  |TAMS 0x0000000730600000| PB 0x0000000730600000| Untracked |  0
|  93|0x0000000730800000, 0x0000000730800000, 0x0000000730a00000|  0%| F|  |TAMS 0x0000000730800000| PB 0x0000000730800000| Untracked |  0
|  94|0x0000000730a00000, 0x0000000730a00000, 0x0000000730c00000|  0%| F|  |TAMS 0x0000000730a00000| PB 0x0000000730a00000| Untracked |  0
|  95|0x0000000730c00000, 0x0000000730c00000, 0x0000000730e00000|  0%| F|  |TAMS 0x0000000730c00000| PB 0x0000000730c00000| Untracked |  0
|  96|0x0000000730e00000, 0x0000000730e00000, 0x0000000731000000|  0%| F|  |TAMS 0x0000000730e00000| PB 0x0000000730e00000| Untracked |  0
|  97|0x0000000731000000, 0x0000000731000000, 0x0000000731200000|  0%| F|  |TAMS 0x0000000731000000| PB 0x0000000731000000| Untracked |  0
|  98|0x0000000731200000, 0x0000000731200000, 0x0000000731400000|  0%| F|  |TAMS 0x0000000731200000| PB 0x0000000731200000| Untracked |  0
|  99|0x0000000731400000, 0x0000000731400000, 0x0000000731600000|  0%| F|  |TAMS 0x0000000731400000| PB 0x0000000731400000| Untracked |  0
| 100|0x0000000731600000, 0x00000007316a4818, 0x0000000731800000| 32%| E|  |TAMS 0x0000000731600000| PB 0x0000000731600000| Complete |  0
| 101|0x0000000731800000, 0x0000000731a00000, 0x0000000731a00000|100%| E|CS|TAMS 0x0000000731800000| PB 0x0000000731800000| Complete |  0
| 102|0x0000000731a00000, 0x0000000731c00000, 0x0000000731c00000|100%| E|CS|TAMS 0x0000000731a00000| PB 0x0000000731a00000| Complete |  0
| 103|0x0000000731c00000, 0x0000000731e00000, 0x0000000731e00000|100%| E|CS|TAMS 0x0000000731c00000| PB 0x0000000731c00000| Complete |  0
| 104|0x0000000731e00000, 0x0000000732000000, 0x0000000732000000|100%| E|CS|TAMS 0x0000000731e00000| PB 0x0000000731e00000| Complete |  0
| 105|0x0000000732000000, 0x0000000732200000, 0x0000000732200000|100%| E|CS|TAMS 0x0000000732000000| PB 0x0000000732000000| Complete |  0
| 106|0x0000000732200000, 0x0000000732400000, 0x0000000732400000|100%| E|CS|TAMS 0x0000000732200000| PB 0x0000000732200000| Complete |  0
| 107|0x0000000732400000, 0x0000000732600000, 0x0000000732600000|100%| E|CS|TAMS 0x0000000732400000| PB 0x0000000732400000| Complete |  0
| 108|0x0000000732600000, 0x0000000732800000, 0x0000000732800000|100%| E|CS|TAMS 0x0000000732600000| PB 0x0000000732600000| Complete |  0
| 109|0x0000000732800000, 0x0000000732a00000, 0x0000000732a00000|100%| E|CS|TAMS 0x0000000732800000| PB 0x0000000732800000| Complete |  0

Card table byte_map: [0x000001e5f29d0000,0x000001e5f30b0000] _byte_map_base: 0x000001e5ef0a9000

Marking Bits: (CMBitMap*) 0x000001e5e9abdfd0
 Bits: [0x000001e5f30b0000, 0x000001e5f6778000)

Polling page: 0x000001e5e7a30000

Metaspace:

Usage:
  Non-class:     12.44 MB used.
      Class:      1.72 MB used.
       Both:     14.16 MB used.

Virtual space:
  Non-class space:       64.00 MB reserved,      12.56 MB ( 20%) committed,  1 nodes.
      Class space:        1.00 GB reserved,       1.81 MB ( <1%) committed,  1 nodes.
             Both:        1.06 GB reserved,      14.38 MB (  1%) committed. 

Chunk freelists:
   Non-Class:  2.80 MB
       Class:  14.01 MB
        Both:  16.80 MB

MaxMetaspaceSize: unlimited
CompressedClassSpaceSize: 1.00 GB
Initial GC threshold: 21.00 MB
Current GC threshold: 21.00 MB
CDS: on
 - commit_granule_bytes: 65536.
 - commit_granule_words: 8192.
 - virtual_space_node_default_size: 8388608.
 - enlarge_chunks_in_place: 1.
 - use_allocation_guard: 0.


Internal statistics:

num_allocs_failed_limit: 0.
num_arena_births: 152.
num_arena_deaths: 0.
num_vsnodes_births: 2.
num_vsnodes_deaths: 0.
num_space_committed: 230.
num_space_uncommitted: 0.
num_chunks_returned_to_freelist: 0.
num_chunks_taken_from_freelist: 628.
num_chunk_merges: 0.
num_chunk_splits: 435.
num_chunks_enlarged: 367.
num_inconsistent_stats: 0.

CodeHeap 'non-profiled nmethods': size=120000Kb used=952Kb max_used=952Kb free=119048Kb
 bounds [0x000001e587ad0000, 0x000001e587d40000, 0x000001e58f000000]
CodeHeap 'profiled nmethods': size=120000Kb used=5342Kb max_used=5342Kb free=114657Kb
 bounds [0x000001e580000000, 0x000001e580540000, 0x000001e587530000]
CodeHeap 'non-nmethods': size=5760Kb used=1398Kb max_used=1414Kb free=4361Kb
 bounds [0x000001e587530000, 0x000001e5877a0000, 0x000001e587ad0000]
 total_blobs=3239 nmethods=2749 adapters=393
 compilation: enabled
              stopped_count=0, restarted_count=0
 full_count=0

Compilation events (20 events):
Event: 48.700 Thread 0x000001e5f93edd90 nmethod 2732 0x000001e58052c810 code [0x000001e58052ca00, 0x000001e58052d1b8]
Event: 48.700 Thread 0x000001e5f93edd90 2733   !   3       com.google.inject.internal.FailableCache$1::load (48 bytes)
Event: 48.700 Thread 0x000001e5f93edd90 nmethod 2733 0x000001e58052d390 code [0x000001e58052d5a0, 0x000001e58052dbf8]
Event: 48.875 Thread 0x000001e5f93edd90 2734       3       java.util.ImmutableCollections$List12::size (16 bytes)
Event: 48.875 Thread 0x000001e5f93edd90 nmethod 2734 0x000001e58052de10 code [0x000001e58052dfc0, 0x000001e58052e150]
Event: 48.875 Thread 0x000001e5f93ea380 2735       4       jdk.internal.org.objectweb.asm.Frame::execute (2305 bytes)
Event: 48.876 Thread 0x000001e5f93edd90 2736       3       jdk.internal.org.objectweb.asm.ClassWriter::visitField (53 bytes)
Event: 48.876 Thread 0x000001e5f93edd90 nmethod 2736 0x000001e58052e210 code [0x000001e58052e3c0, 0x000001e58052e738]
Event: 48.876 Thread 0x000001e5f93edd90 2737       3       jdk.internal.org.objectweb.asm.FieldWriter::<init> (69 bytes)
Event: 48.876 Thread 0x000001e5f93edd90 nmethod 2737 0x000001e58052e890 code [0x000001e58052ea80, 0x000001e58052ee40]
Event: 48.876 Thread 0x000001e5f93edd90 2738       3       java.lang.invoke.MethodHandleStatics::dumper (4 bytes)
Event: 48.876 Thread 0x000001e5f93edd90 nmethod 2738 0x000001e58052f010 code [0x000001e58052f1a0, 0x000001e58052f298]
Event: 48.877 Thread 0x000001e5f93edd90 2742       3       java.lang.invoke.LambdaFormBuffer::ownedCount (7 bytes)
Event: 48.877 Thread 0x000001e5f93edd90 nmethod 2742 0x000001e58052f310 code [0x000001e58052f4a0, 0x000001e58052f5b0]
Event: 48.887 Thread 0x000001e5f93edd90 2743       3       java.lang.invoke.InvokerBytecodeGenerator::emitStoreResult (27 bytes)
Event: 48.887 Thread 0x000001e5f93edd90 nmethod 2743 0x000001e58052f610 code [0x000001e58052f7c0, 0x000001e58052f998]
Event: 48.887 Thread 0x000001e5f93edd90 2744       3       java.lang.invoke.LambdaForm$NamedFunction::intrinsicName (21 bytes)
Event: 48.887 Thread 0x000001e5f93edd90 nmethod 2744 0x000001e58052fa90 code [0x000001e58052fc40, 0x000001e58052fe90]
Event: 48.887 Thread 0x000001e5f93edd90 2745       3       java.lang.invoke.MemberName::isMethod (8 bytes)
Event: 48.888 Thread 0x000001e5f93edd90 nmethod 2745 0x000001e58052ff90 code [0x000001e580530120, 0x000001e5805302e8]

GC Heap History (4 events):
Event: 22.502 GC heap before
{Heap before GC invocations=0 (full 0):
 garbage-first heap   total reserved 3590144K, committed 225280K, used 24576K [0x0000000724e00000, 0x0000000800000000)
  region size 2048K, 12 young (24576K), 0 survivors (0K)
 Metaspace       used 5739K, committed 5888K, reserved 1114112K
  class space    used 677K, committed 768K, reserved 1048576K
}
Event: 22.702 GC heap after
{Heap after GC invocations=1 (full 0):
 garbage-first heap   total reserved 3590144K, committed 225280K, used 4096K [0x0000000724e00000, 0x0000000800000000)
  region size 2048K, 2 young (4096K), 2 survivors (4096K)
 Metaspace       used 5739K, committed 5888K, reserved 1114112K
  class space    used 677K, committed 768K, reserved 1048576K
}
Event: 35.953 GC heap before
{Heap before GC invocations=1 (full 0):
 garbage-first heap   total reserved 3590144K, committed 225280K, used 34816K [0x0000000724e00000, 0x0000000800000000)
  region size 2048K, 18 young (36864K), 2 survivors (4096K)
 Metaspace       used 10938K, committed 11136K, reserved 1114112K
  class space    used 1323K, committed 1408K, reserved 1048576K
}
Event: 35.961 GC heap after
{Heap after GC invocations=2 (full 0):
 garbage-first heap   total reserved 3590144K, committed 225280K, used 6223K [0x0000000724e00000, 0x0000000800000000)
  region size 2048K, 2 young (4096K), 2 survivors (4096K)
 Metaspace       used 10938K, committed 11136K, reserved 1114112K
  class space    used 1323K, committed 1408K, reserved 1048576K
}

Dll operation events (8 events):
Event: 1.165 Loaded shared library C:\Program Files\Java\jdk-22\bin\java.dll
Event: 4.164 Loaded shared library C:\Program Files\Java\jdk-22\bin\jsvml.dll
Event: 4.167 Loaded shared library C:\Program Files\Java\jdk-22\bin\net.dll
Event: 4.169 Loaded shared library C:\Program Files\Java\jdk-22\bin\nio.dll
Event: 6.285 Loaded shared library C:\Program Files\Java\jdk-22\bin\zip.dll
Event: 13.006 Loaded shared library C:\Program Files\Java\jdk-22\bin\jimage.dll
Event: 13.097 Loaded shared library C:\Program Files\NetBeans-21\netbeans\java\maven\lib\jansi-native\Windows\x86_64\jansi.dll
Event: 13.145 Loaded shared library C:\Program Files\Java\jdk-22\bin\verify.dll

Deoptimization events (20 events):
Event: 47.987 Thread 0x000001e5e78af710 Uncommon trap: trap_request=0xffffffc6 fr.pc=0x000001e587bb3958 relative=0x0000000000003158
Event: 47.987 Thread 0x000001e5e78af710 Uncommon trap: reason=bimorphic_or_optimized_type_check action=maybe_recompile pc=0x000001e587bb3958 method=java.net.URL.<init>(Ljava/net/URL;Ljava/lang/String;Ljava/net/URLStreamHandler;)V @ 504 c2
Event: 47.987 Thread 0x000001e5e78af710 DEOPT PACKING pc=0x000001e587bb3958 sp=0x000000ab7a5fe5c0
Event: 48.119 Thread 0x000001e5e78af710 DEOPT UNPACKING pc=0x000001e5875846a2 sp=0x000000ab7a5fe540 mode 2
Event: 48.405 Thread 0x000001e5e78af710 Uncommon trap: trap_request=0xffffff45 fr.pc=0x000001e587aebfe4 relative=0x00000000000001c4
Event: 48.405 Thread 0x000001e5e78af710 Uncommon trap: reason=unstable_if action=reinterpret pc=0x000001e587aebfe4 method=java.lang.String.indexOf(II)I @ 4 c2
Event: 48.405 Thread 0x000001e5e78af710 DEOPT PACKING pc=0x000001e587aebfe4 sp=0x000000ab7a5fded0
Event: 48.405 Thread 0x000001e5e78af710 DEOPT UNPACKING pc=0x000001e5875846a2 sp=0x000000ab7a5fde00 mode 2
Event: 48.405 Thread 0x000001e5e78af710 Uncommon trap: trap_request=0xffffff45 fr.pc=0x000001e587affce8 relative=0x0000000000000608
Event: 48.405 Thread 0x000001e5e78af710 Uncommon trap: reason=unstable_if action=reinterpret pc=0x000001e587affce8 method=java.lang.String.substring(II)Ljava/lang/String; @ 31 c2
Event: 48.405 Thread 0x000001e5e78af710 DEOPT PACKING pc=0x000001e587affce8 sp=0x000000ab7a5fde70
Event: 48.405 Thread 0x000001e5e78af710 DEOPT UNPACKING pc=0x000001e5875846a2 sp=0x000000ab7a5fde40 mode 2
Event: 48.409 Thread 0x000001e5e78af710 Uncommon trap: trap_request=0xffffff45 fr.pc=0x000001e587b2fc8c relative=0x000000000000060c
Event: 48.409 Thread 0x000001e5e78af710 Uncommon trap: reason=unstable_if action=reinterpret pc=0x000001e587b2fc8c method=java.lang.String.decodeASCII([BI[CII)I @ 13 c2
Event: 48.409 Thread 0x000001e5e78af710 DEOPT PACKING pc=0x000001e587b2fc8c sp=0x000000ab7a5fd990
Event: 48.409 Thread 0x000001e5e78af710 DEOPT UNPACKING pc=0x000001e5875846a2 sp=0x000000ab7a5fd7b8 mode 2
Event: 48.643 Thread 0x000001e5e78af710 Uncommon trap: trap_request=0xffffff45 fr.pc=0x000001e587b458c8 relative=0x0000000000000688
Event: 48.643 Thread 0x000001e5e78af710 Uncommon trap: reason=unstable_if action=reinterpret pc=0x000001e587b458c8 method=java.lang.String.replace(CC)Ljava/lang/String; @ 2 c2
Event: 48.643 Thread 0x000001e5e78af710 DEOPT PACKING pc=0x000001e587b458c8 sp=0x000000ab7a5fdce0
Event: 48.643 Thread 0x000001e5e78af710 DEOPT UNPACKING pc=0x000001e5875846a2 sp=0x000000ab7a5fdca0 mode 2

Classes loaded (20 events):
Event: 47.185 Loading class java/net/URL$1
Event: 47.185 Loading class java/net/URL$1 done
Event: 47.185 Loading class java/net/spi/URLStreamHandlerProvider
Event: 47.187 Loading class java/net/spi/URLStreamHandlerProvider done
Event: 47.187 Loading class sun/net/www/protocol/https/Handler
Event: 47.190 Loading class sun/net/www/protocol/http/Handler
Event: 47.191 Loading class sun/net/www/protocol/http/Handler done
Event: 47.191 Loading class sun/net/www/protocol/https/Handler done
Event: 47.379 Loading class java/util/regex/Pattern$Pos
Event: 47.986 Loading class java/util/regex/Pattern$Pos done
Event: 48.125 Loading class java/util/ArrayList$SubList$1
Event: 48.367 Loading class java/util/ArrayList$SubList$1 done
Event: 48.383 Loading class java/util/concurrent/atomic/AtomicReference
Event: 48.385 Loading class java/util/concurrent/atomic/AtomicReference done
Event: 48.691 Loading class java/math/BigDecimal
Event: 48.694 Loading class java/math/BigDecimal done
Event: 48.694 Loading class java/lang/Short$ShortCache
Event: 48.695 Loading class java/lang/Short$ShortCache done
Event: 48.695 Loading class java/lang/Byte$ByteCache
Event: 48.698 Loading class java/lang/Byte$ByteCache done

Classes unloaded (0 events):
No events

Classes redefined (0 events):
No events

Internal exceptions (20 events):
Event: 18.211 Thread 0x000001e5e78af710 Exception <a 'java/lang/NoSuchMethodError'{0x0000000731a9a5f0}: 'int java.lang.invoke.DirectMethodHandle$Holder.invokeSpecialIFC(java.lang.Object, java.lang.Object, java.lang.Object, java.lang.Object, java.lang.Object)'> (0x0000000731a9a5f0) 
thrown [s\open\src\hotspot\share\interpreter\linkResolver.cpp, line 774]
Event: 18.837 Thread 0x000001e5e78af710 Exception <a 'java/lang/NoSuchMethodError'{0x0000000731810be8}: 'java.lang.Object java.lang.invoke.DirectMethodHandle$Holder.newInvokeSpecial(java.lang.Object, java.lang.Object, java.lang.Object, java.lang.Object, java.lang.Object)'> (0x0000000731810be8) 
thrown [s\open\src\hotspot\share\interpreter\linkResolver.cpp, line 774]
Event: 21.282 Thread 0x000001e5e78af710 Exception <a 'java/lang/NoSuchMethodError'{0x0000000731906370}: 'int java.lang.invoke.DirectMethodHandle$Holder.invokeStaticInit(java.lang.Object, java.lang.Object)'> (0x0000000731906370) 
thrown [s\open\src\hotspot\share\interpreter\linkResolver.cpp, line 774]
Event: 21.562 Thread 0x000001e5e78af710 Exception <a 'java/lang/NoClassDefFoundError'{0x000000073193a508}: javax/enterprise/inject/Typed> (0x000000073193a508) 
thrown [s\open\src\hotspot\share\classfile\systemDictionary.cpp, line 302]
Event: 34.541 Thread 0x000001e5e78af710 Exception <a 'java/lang/NoSuchMethodError'{0x0000000730640900}: 'void java.lang.invoke.DirectMethodHandle$Holder.invokeStaticInit(java.lang.Object, java.lang.Object, java.lang.Object)'> (0x0000000730640900) 
thrown [s\open\src\hotspot\share\interpreter\linkResolver.cpp, line 774]
Event: 34.741 Thread 0x000001e5e78af710 Exception <a 'java/lang/ExceptionInInitializerError'{0x0000000730668eb0}> (0x0000000730668eb0) 
thrown [s\open\src\hotspot\share\oops\instanceKlass.cpp, line 1247]
Event: 35.564 Thread 0x000001e5e78af710 Exception <a 'java/lang/NoSuchMethodError'{0x0000000730771c08}: 'long java.lang.invoke.DirectMethodHandle$Holder.invokeStatic(java.lang.Object, java.lang.Object, int)'> (0x0000000730771c08) 
thrown [s\open\src\hotspot\share\interpreter\linkResolver.cpp, line 774]
Event: 35.566 Thread 0x000001e5e78af710 Exception <a 'java/lang/NoSuchMethodError'{0x0000000730785120}: 'java.lang.Object java.lang.invoke.DirectMethodHandle$Holder.invokeStatic(java.lang.Object, java.lang.Object, java.lang.Object, java.lang.Object, int)'> (0x0000000730785120) 
thrown [s\open\src\hotspot\share\interpreter\linkResolver.cpp, line 774]
Event: 35.567 Thread 0x000001e5e78af710 Exception <a 'java/lang/NoSuchMethodError'{0x000000073078d2d8}: 'java.lang.Object java.lang.invoke.DirectMethodHandle$Holder.invokeSpecial(java.lang.Object, java.lang.Object, java.lang.Object, java.lang.Object, long)'> (0x000000073078d2d8) 
thrown [s\open\src\hotspot\share\interpreter\linkResolver.cpp, line 774]
Event: 35.573 Thread 0x000001e5e78af710 Exception <a 'java/lang/NoSuchMethodError'{0x00000007307992e8}: 'java.lang.Object java.lang.invoke.DirectMethodHandle$Holder.invokeSpecial(java.lang.Object, java.lang.Object, java.lang.Object, int, java.lang.Object)'> (0x00000007307992e8) 
thrown [s\open\src\hotspot\share\interpreter\linkResolver.cpp, line 774]
Event: 35.591 Thread 0x000001e5e78af710 Exception <a 'java/lang/NoSuchMethodError'{0x00000007307a1618}: 'int java.lang.invoke.DirectMethodHandle$Holder.invokeSpecial(java.lang.Object, java.lang.Object, java.lang.Object, int)'> (0x00000007307a1618) 
thrown [s\open\src\hotspot\share\interpreter\linkResolver.cpp, line 774]
Event: 35.944 Thread 0x000001e5e78af710 Implicit null exception at 0x000001e587b4213a to 0x000001e587b42334
Event: 35.946 Thread 0x000001e5e78af710 Exception <a 'java/lang/NoSuchMethodError'{0x00000007307c5c90}: 'java.lang.Object java.lang.invoke.Invokers$Holder.invokeExact_MT(java.lang.Object, int, java.lang.Object)'> (0x00000007307c5c90) 
thrown [s\open\src\hotspot\share\interpreter\linkResolver.cpp, line 774]
Event: 35.965 Thread 0x000001e5e78af710 Exception <a 'java/lang/NoSuchMethodError'{0x000000073281a168}: 'void java.lang.invoke.DirectMethodHandle$Holder.invokeStatic(java.lang.Object, java.lang.Object)'> (0x000000073281a168) 
thrown [s\open\src\hotspot\share\interpreter\linkResolver.cpp, line 774]
Event: 39.454 Thread 0x000001e5e78af710 Exception <a 'java/lang/NoSuchMethodError'{0x000000073200c460}: 'void java.lang.invoke.Invokers$Holder.invokeExact_MT(java.lang.Object, java.lang.Object, java.lang.Object, java.lang.Object)'> (0x000000073200c460) 
thrown [s\open\src\hotspot\share\interpreter\linkResolver.cpp, line 774]
Event: 39.474 Thread 0x000001e5e78af710 Exception <a 'java/lang/NoClassDefFoundError'{0x0000000732095a38}: com/google/inject/servlet/ServletModuleTargetVisitor> (0x0000000732095a38) 
thrown [s\open\src\hotspot\share\classfile\systemDictionary.cpp, line 302]
Event: 41.453 Thread 0x000001e5e78af710 Exception <a 'java/lang/NoSuchMethodError'{0x0000000731f522a8}: 'void java.lang.invoke.DirectMethodHandle$Holder.invokeVirtual(java.lang.Object, java.lang.Object)'> (0x0000000731f522a8) 
thrown [s\open\src\hotspot\share\interpreter\linkResolver.cpp, line 774]
Event: 41.752 Thread 0x000001e5e78af710 Exception <a 'java/lang/NoSuchMethodError'{0x0000000731fe0120}: 'java.lang.Object java.lang.invoke.DirectMethodHandle$Holder.invokeStaticInit(java.lang.Object, int, int, int, int)'> (0x0000000731fe0120) 
thrown [s\open\src\hotspot\share\interpreter\linkResolver.cpp, line 774]
Event: 48.876 Thread 0x000001e5e78af710 Exception <a 'java/lang/NoSuchMethodError'{0x0000000731987ae8}: 'void java.lang.invoke.DirectMethodHandle$Holder.invokeVirtual(java.lang.Object, java.lang.Object, int)'> (0x0000000731987ae8) 
thrown [s\open\src\hotspot\share\interpreter\linkResolver.cpp, line 774]
Event: 48.877 Thread 0x000001e5e78af710 Exception <a 'java/lang/NoSuchMethodError'{0x000000073198eca0}: 'void java.lang.invoke.DelegatingMethodHandle$Holder.reinvoke_L(java.lang.Object, java.lang.Object, int)'> (0x000000073198eca0) 
thrown [s\open\src\hotspot\share\interpreter\linkResolver.cpp, line 774]

ZGC Phase Switch (0 events):
No events

VM Operations (20 events):
Event: 40.463 Executing VM operation: Cleanup
Event: 40.463 Executing VM operation: Cleanup done
Event: 41.467 Executing VM operation: Cleanup
Event: 41.467 Executing VM operation: Cleanup done
Event: 41.630 Executing VM operation: HandshakeAllThreads (Deoptimize)
Event: 41.630 Executing VM operation: HandshakeAllThreads (Deoptimize) done
Event: 42.380 Executing VM operation: HandshakeAllThreads (Deoptimize)
Event: 42.380 Executing VM operation: HandshakeAllThreads (Deoptimize) done
Event: 43.206 Executing VM operation: HandshakeAllThreads (Deoptimize)
Event: 43.206 Executing VM operation: HandshakeAllThreads (Deoptimize) done
Event: 43.206 Executing VM operation: Cleanup
Event: 43.207 Executing VM operation: Cleanup done
Event: 44.216 Executing VM operation: Cleanup
Event: 44.216 Executing VM operation: Cleanup done
Event: 47.192 Executing VM operation: HandshakeAllThreads (Deoptimize)
Event: 47.192 Executing VM operation: HandshakeAllThreads (Deoptimize) done
Event: 47.192 Executing VM operation: Cleanup
Event: 47.195 Executing VM operation: Cleanup done
Event: 48.205 Executing VM operation: Cleanup
Event: 48.376 Executing VM operation: Cleanup done

Events (13 events):
Event: 3.020 Thread 0x000001e5e78af710 Thread added: 0x000001e5e78af710
Event: 3.384 Thread 0x000001e5f93def10 Thread added: 0x000001e5f93def10
Event: 3.384 Thread 0x000001e5f93dfad0 Thread added: 0x000001e5f93dfad0
Event: 3.384 Thread 0x000001e5f93e36c0 Thread added: 0x000001e5f93e36c0
Event: 3.385 Thread 0x000001e5f93e4120 Thread added: 0x000001e5f93e4120
Event: 3.385 Thread 0x000001e5f93e4b80 Thread added: 0x000001e5f93e4b80
Event: 3.385 Thread 0x000001e5f93e55e0 Thread added: 0x000001e5f93e55e0
Event: 3.385 Thread 0x000001e5f93ea380 Thread added: 0x000001e5f93ea380
Event: 3.513 Thread 0x000001e5f93edd90 Thread added: 0x000001e5f93edd90
Event: 3.710 Thread 0x000001e5d419fc90 Thread added: 0x000001e5d419fc90
Event: 3.713 Thread 0x000001e5d41a4b30 Thread added: 0x000001e5d41a4b30
Event: 15.374 Thread 0x000001e5d47e4570 Thread added: 0x000001e5d47e4570
Event: 15.692 Thread 0x000001e5d47e4570 Thread exited: 0x000001e5d47e4570


Dynamic libraries:
0x00007ff7ed1d0000 - 0x00007ff7ed1e0000 	C:\Program Files\Java\jdk-22\bin\java.exe
0x00007ffc3f9d0000 - 0x00007ffc3fbe7000 	C:\WINDOWS\SYSTEM32\ntdll.dll
0x00007ffc3e920000 - 0x00007ffc3e9e4000 	C:\WINDOWS\System32\KERNEL32.DLL
0x00007ffc3cf80000 - 0x00007ffc3d327000 	C:\WINDOWS\System32\KERNELBASE.dll
0x00007ffc3ce60000 - 0x00007ffc3cf71000 	C:\WINDOWS\System32\ucrtbase.dll
0x00007ffc0f400000 - 0x00007ffc0f417000 	C:\Program Files\Java\jdk-22\bin\jli.dll
0x00007ffc3e9f0000 - 0x00007ffc3eaa2000 	C:\WINDOWS\System32\ADVAPI32.dll
0x00007ffc3eab0000 - 0x00007ffc3eb57000 	C:\WINDOWS\System32\msvcrt.dll
0x00007ffc3dbc0000 - 0x00007ffc3dc68000 	C:\WINDOWS\System32\sechost.dll
0x00007ffc3ce30000 - 0x00007ffc3ce58000 	C:\WINDOWS\System32\bcrypt.dll
0x00007ffc3f650000 - 0x00007ffc3f765000 	C:\WINDOWS\System32\RPCRT4.dll
0x00007ffc3e520000 - 0x00007ffc3e6ce000 	C:\WINDOWS\System32\USER32.dll
0x00007ffc3d4c0000 - 0x00007ffc3d4e6000 	C:\WINDOWS\System32\win32u.dll
0x00007ffc3db70000 - 0x00007ffc3db99000 	C:\WINDOWS\System32\GDI32.dll
0x00007ffc3d3a0000 - 0x00007ffc3d4b9000 	C:\WINDOWS\System32\gdi32full.dll
0x00007ffc3d4f0000 - 0x00007ffc3d58a000 	C:\WINDOWS\System32\msvcp_win.dll
0x00007ffbf78f0000 - 0x00007ffbf790b000 	C:\Program Files\Java\jdk-22\bin\VCRUNTIME140.dll
0x00007ffc10350000 - 0x00007ffc105e3000 	C:\WINDOWS\WinSxS\amd64_microsoft.windows.common-controls_6595b64144ccf1df_6.0.22621.3527_none_270e469b73872a76\COMCTL32.dll
0x00007ffc343d0000 - 0x00007ffc343da000 	C:\WINDOWS\SYSTEM32\VERSION.dll
0x00007ffc3f2b0000 - 0x00007ffc3f2e1000 	C:\WINDOWS\System32\IMM32.DLL
0x00007ffc0e880000 - 0x00007ffc0e88c000 	C:\Program Files\Java\jdk-22\bin\vcruntime140_1.dll
0x00007ffbd0ad0000 - 0x00007ffbd0b5e000 	C:\Program Files\Java\jdk-22\bin\msvcp140.dll
0x00007ffba99a0000 - 0x00007ffbaa6e8000 	C:\Program Files\Java\jdk-22\bin\server\jvm.dll
0x00007ffc3e6d0000 - 0x00007ffc3e741000 	C:\WINDOWS\System32\WS2_32.dll
0x00007ffc3cbb0000 - 0x00007ffc3cbfd000 	C:\WINDOWS\SYSTEM32\POWRPROF.dll
0x00007ffc345c0000 - 0x00007ffc345f4000 	C:\WINDOWS\SYSTEM32\WINMM.dll
0x00007ffc3cb90000 - 0x00007ffc3cba3000 	C:\WINDOWS\SYSTEM32\UMPDC.dll
0x00007ffc3bcd0000 - 0x00007ffc3bce8000 	C:\WINDOWS\SYSTEM32\kernel.appcore.dll
0x00007ffbf77d0000 - 0x00007ffbf77da000 	C:\Program Files\Java\jdk-22\bin\jimage.dll
0x00007ffc3a670000 - 0x00007ffc3a8a2000 	C:\WINDOWS\SYSTEM32\DBGHELP.DLL
0x00007ffc3d700000 - 0x00007ffc3da88000 	C:\WINDOWS\System32\combase.dll
0x00007ffc3da90000 - 0x00007ffc3db67000 	C:\WINDOWS\System32\OLEAUT32.dll
0x00007ffc2a930000 - 0x00007ffc2a962000 	C:\WINDOWS\SYSTEM32\dbgcore.DLL
0x00007ffc3cdb0000 - 0x00007ffc3ce29000 	C:\WINDOWS\System32\bcryptPrimitives.dll
0x00007ffbf78d0000 - 0x00007ffbf78ee000 	C:\Program Files\Java\jdk-22\bin\java.dll
0x00007ffc3dc70000 - 0x00007ffc3e4cc000 	C:\WINDOWS\System32\SHELL32.dll
0x00007ffc3f2f0000 - 0x00007ffc3f495000 	C:\WINDOWS\System32\ole32.dll
0x00007ffc3abe0000 - 0x00007ffc3b4d6000 	C:\WINDOWS\SYSTEM32\windows.storage.dll
0x00007ffc3aaa0000 - 0x00007ffc3abde000 	C:\WINDOWS\SYSTEM32\wintypes.dll
0x00007ffc3ed30000 - 0x00007ffc3ee25000 	C:\WINDOWS\System32\SHCORE.dll
0x00007ffc3ec60000 - 0x00007ffc3ecbe000 	C:\WINDOWS\System32\shlwapi.dll
0x00007ffc3cc20000 - 0x00007ffc3cc41000 	C:\WINDOWS\SYSTEM32\profapi.dll
0x00007ffbdd120000 - 0x00007ffbdd1f7000 	C:\Program Files\Java\jdk-22\bin\jsvml.dll
0x00007ffbf77c0000 - 0x00007ffbf77d0000 	C:\Program Files\Java\jdk-22\bin\net.dll
0x00007ffc3c130000 - 0x00007ffc3c199000 	C:\WINDOWS\system32\mswsock.dll
0x00007ffbdd100000 - 0x00007ffbdd116000 	C:\Program Files\Java\jdk-22\bin\nio.dll
0x00007ffbdd0e0000 - 0x00007ffbdd0f7000 	C:\Program Files\Java\jdk-22\bin\zip.dll
0x0000000069ac0000 - 0x0000000069ae4000 	C:\Program Files\NetBeans-21\netbeans\java\maven\lib\jansi-native\Windows\x86_64\jansi.dll
0x00007ffbf77b0000 - 0x00007ffbf77c0000 	C:\Program Files\Java\jdk-22\bin\verify.dll

dbghelp: loaded successfully - version: 4.0.5 - missing functions: none
symbol engine: initialized successfully - sym options: 0x614 - pdb path: .;C:\Program Files\Java\jdk-22\bin;C:\WINDOWS\SYSTEM32;C:\WINDOWS\WinSxS\amd64_microsoft.windows.common-controls_6595b64144ccf1df_6.0.22621.3527_none_270e469b73872a76;C:\Program Files\Java\jdk-22\bin\server;C:\Program Files\NetBeans-21\netbeans\java\maven\lib\jansi-native\Windows\x86_64

VM Arguments:
jvm_args: -Dclassworlds.conf=C:\Program Files\NetBeans-21\netbeans\java\maven\bin\m2.conf -Dmaven.home=C:\Program Files\NetBeans-21\netbeans\java\maven -Dlibrary.jansi.path=C:\Program Files\NetBeans-21\netbeans\java\maven\lib\jansi-native -Dmaven.multiModuleProjectDirectory=C:\Users\ADMIN\OneDrive\Documents\GitHub\Management_Project_Java\mavenproject1 
java_command: org.codehaus.plexus.classworlds.launcher.Launcher -Dexec.vmArgs=--enable-preview -Dexec.args=${exec.vmArgs} -classpath %classpath ${exec.mainClass} ${exec.appArgs} -Dexec.appArgs= -Dexec.mainClass=GUI.Login -Dexec.executable=C:\Program Files\Java\jdk-22\bin\java.exe -Dmaven.ext.class.path=C:\Program Files\NetBeans-21\netbeans\java\maven-nblib\netbeans-eventspy.jar --no-transfer-progress process-classes org.codehaus.mojo:exec-maven-plugin:3.1.0:exec
java_class_path (initial): C:\Program Files\NetBeans-21\netbeans\java\maven\boot\plexus-classworlds-2.7.0.jar
Launcher Type: SUN_STANDARD

[Global flags]
     intx CICompilerCount                          = 4                                         {product} {ergonomic}
     uint ConcGCThreads                            = 3                                         {product} {ergonomic}
     uint G1ConcRefinementThreads                  = 10                                        {product} {ergonomic}
   size_t G1HeapRegionSize                         = 2097152                                   {product} {ergonomic}
   size_t InitialHeapSize                          = 230686720                                 {product} {ergonomic}
   size_t MarkStackSize                            = 4194304                                   {product} {ergonomic}
   size_t MaxHeapSize                              = 3676307456                                {product} {ergonomic}
   size_t MaxNewSize                               = 2204106752                                {product} {ergonomic}
   size_t MinHeapDeltaBytes                        = 2097152                                   {product} {ergonomic}
   size_t MinHeapSize                              = 8388608                                   {product} {ergonomic}
    uintx NonNMethodCodeHeapSize                   = 5839372                                {pd product} {ergonomic}
    uintx NonProfiledCodeHeapSize                  = 122909434                              {pd product} {ergonomic}
    uintx ProfiledCodeHeapSize                     = 122909434                              {pd product} {ergonomic}
    uintx ReservedCodeCacheSize                    = 251658240                              {pd product} {ergonomic}
     bool SegmentedCodeCache                       = true                                      {product} {ergonomic}
   size_t SoftMaxHeapSize                          = 3676307456                             {manageable} {ergonomic}
     bool UseCompressedOops                        = true                           {product lp64_product} {ergonomic}
     bool UseG1GC                                  = true                                      {product} {ergonomic}
     bool UseLargePagesIndividualAllocation        = false                                  {pd product} {ergonomic}

Logging:
Log output configuration:
 #0: stdout all=warning uptime,level,tags foldmultilines=false
 #1: stderr all=off uptime,level,tags foldmultilines=false

Environment Variables:
JAVA_HOME=C:\Program Files\Java\jdk-22
PATH=C:\Program Files (x86)\VMware\VMware Workstation\bin\;C:\Program Files\Common Files\Oracle\Java\javapath;C:\Program Files (x86)\Common Files\Oracle\Java\javapath;C:\Windows\system32;C:\Windows;C:\Windows\System32\Wbem;C:\Windows\System32\WindowsPowerShell\v1.0\;C:\Windows\System32\OpenSSH\;C:\Program Files (x86)\NVIDIA Corporation\PhysX\Common;C:\Program Files\NVIDIA Corporation\NVIDIA NvDLISR;C:\msys64\mingw64\bin;C:\WINDOWS\system32;C:\WINDOWS;C:\WINDOWS\System32\Wbem;C:\WINDOWS\System32\WindowsPowerShell\v1.0\;C:\WINDOWS\System32\OpenSSH\;C:\Program Files (x86)\Microsoft SQL Server\110\Tools\Binn\;C:\Program Files\Microsoft SQL Server\110\Tools\Binn\;C:\Program Files\Microsoft SQL Server\110\DTS\Binn\;C:\Program Files (x86)\Microsoft SQL Server\110\Tools\Binn\ManagementStudio\;C:\Program Files (x86)\Microsoft SQL Server\110\DTS\Binn\;C:\Program Files\Microsoft SQL Server\150\Tools\Binn\;C:\Program Files\Microsoft SQL Server\Client SDK\ODBC\170\Tools\Binn\;C:\Program Files\dotnet\;C:\Program Files\Git\cmd;C:\Users\ADMIN\AppData\Local\Programs\Python\Python312\Scripts\;C:\Users\ADMIN\AppData\Local\Programs\Python\Python312\;C:\Users\ADMIN\AppData\Local\Programs\Python\Launcher\;C:\Users\ADMIN\AppData\Local\Microsoft\WindowsApps;C:\Users\ADMIN\.dotnet\tools;C:\Users\ADMIN\AppData\Local\Programs\Microsoft VS Code\bin;C:\Users\ADMIN\AppData\Local\GitHubDesktop\bin;C:\Program Files\Java\jdk-22\bin;
USERNAME=ADMIN
OS=Windows_NT
PROCESSOR_IDENTIFIER=AMD64 Family 25 Model 68 Stepping 1, AuthenticAMD
TMP=C:\Users\ADMIN\AppData\Local\Temp
TEMP=C:\Users\ADMIN\AppData\Local\Temp




Periodic native trim disabled

---------------  S Y S T E M  ---------------

OS:
 Windows 11 , 64 bit Build 22621 (10.0.22621.3527)
OS uptime: 1 days 1:44 hours
Hyper-V role detected

CPU: total 12 (initial active 12) (12 cores per cpu, 2 threads per core) family 25 model 68 stepping 1 microcode 0x0, cx8, cmov, fxsr, ht, mmx, 3dnowpref, sse, sse2, sse3, ssse3, sse4a, sse4.1, sse4.2, popcnt, lzcnt, tsc, tscinvbit, avx, avx2, aes, erms, clmul, bmi1, bmi2, adx, sha, fma, vzeroupper, clflush, clflushopt, hv, rdtscp, rdpid, fsrm, f16c, cet_ss
Processor Information for all 12 processors :
  Max Mhz: 3301, Current Mhz: 3301, Mhz Limit: 3301

Memory: 4k page, system-wide physical 14020M (1085M free)
TotalPageFile size 57028M (AvailPageFile size 2344M)
current process WorkingSet (physical memory assigned to process): 90M, peak: 116M
current process commit charge ("private bytes"): 336M, peak: 342M

vm_info: Java HotSpot(TM) 64-Bit Server VM (22+36-2370) for windows-amd64 JRE (22+36-2370), built on 2024-02-15T22:15:19Z by "mach5one" with MS VC++ 17.6 (VS2022)

END.
