#
# There is insufficient memory for the Java Runtime Environment to continue.
# Native memory allocation (malloc) failed to allocate 32744 bytes. Error detail: Chunk::new
# Possible reasons:
#   The system is out of physical RAM or swap space
#   This process is running with CompressedOops enabled, and the Java Heap may be blocking the growth of the native heap
# Possible solutions:
#   Reduce memory load on the system
#   Increase physical memory or swap space
#   Check if swap backing store is full
#   Decrease Java heap size (-Xmx/-Xms)
#   Decrease number of Java threads
#   Decrease Java thread stack sizes (-Xss)
#   Set larger code cache with -XX:ReservedCodeCacheSize=
#   JVM is running with Zero Based Compressed Oops mode in which the Java heap is
#     placed in the first 32GB address space. The Java Heap base address is the
#     maximum limit for the native heap growth. Please use -XX:HeapBaseMinAddress
#     to set the Java Heap base and to place the Java Heap above 32GB virtual address.
# This output file may be truncated or incomplete.
#
#  Out of Memory Error (arena.cpp:150), pid=31764, tid=33016
#
# JRE version: Java(TM) SE Runtime Environment (22.0+36) (build 22+36-2370)
# Java VM: Java HotSpot(TM) 64-Bit Server VM (22+36-2370, mixed mode, sharing, tiered, compressed oops, compressed class ptrs, g1 gc, windows-amd64)
# No core dump will be written. Minidumps are not enabled by default on client versions of Windows
#

---------------  S U M M A R Y ------------

Command Line: -Dclassworlds.conf=C:\Program Files\NetBeans-21\netbeans\java\maven\bin\m2.conf -Dmaven.home=C:\Program Files\NetBeans-21\netbeans\java\maven -Dlibrary.jansi.path=C:\Program Files\NetBeans-21\netbeans\java\maven\lib\jansi-native -Dmaven.multiModuleProjectDirectory=C:\Users\ADMIN\OneDrive\Documents\GitHub\Management_Project_Java\mavenproject1 org.codehaus.plexus.classworlds.launcher.Launcher -Dexec.vmArgs=--enable-preview -Dexec.args=${exec.vmArgs} -classpath %classpath ${exec.mainClass} ${exec.appArgs} -Dexec.appArgs= -Dexec.mainClass=GUI.Login -Dexec.executable=C:\Program Files\Java\jdk-22\bin\java.exe -Dmaven.ext.class.path=C:\Program Files\NetBeans-21\netbeans\java\maven-nblib\netbeans-eventspy.jar --no-transfer-progress process-classes org.codehaus.mojo:exec-maven-plugin:3.1.0:exec

Host: AMD Ryzen 5 6600HS Creator Edition             , 12 cores, 13G,  Windows 11 , 64 bit Build 22621 (10.0.22621.3527)
Time: Thu May 16 16:18:43 2024 SE Asia Standard Time elapsed time: 48.280470 seconds (0d 0h 0m 48s)

---------------  T H R E A D  ---------------

Current thread (0x0000015c1e27bff0):  JavaThread "C2 CompilerThread0" daemon [_thread_in_native, id=33016, stack(0x000000061d200000,0x000000061d300000) (1024K)]


Current CompileTask:
C2:48280 2904       4       org.codehaus.plexus.util.xml.pull.MXParser::nextImpl (1203 bytes)

Stack: [0x000000061d200000,0x000000061d300000]
Native frames: (J=compiled Java code, j=interpreted, Vv=VM code, C=native code)
V  [jvm.dll+0x6e2349]  (no source info available)
V  [jvm.dll+0x874ed3]  (no source info available)
V  [jvm.dll+0x8772fe]  (no source info available)
V  [jvm.dll+0x8779d3]  (no source info available)
V  [jvm.dll+0x27fcb6]  (no source info available)
V  [jvm.dll+0xc3d0f]  (no source info available)
V  [jvm.dll+0xc3f6b]  (no source info available)
V  [jvm.dll+0x7376dd]  (no source info available)
V  [jvm.dll+0x737616]  (no source info available)
V  [jvm.dll+0x6bddef]  (no source info available)
V  [jvm.dll+0x398a23]  (no source info available)
V  [jvm.dll+0x39665e]  (no source info available)
V  [jvm.dll+0x6f93e9]  (no source info available)
V  [jvm.dll+0x6fcd30]  (no source info available)
V  [jvm.dll+0x6f509f]  (no source info available)
V  [jvm.dll+0x6f4657]  (no source info available)
V  [jvm.dll+0x6f2834]  (no source info available)
V  [jvm.dll+0x1c805c]  (no source info available)
V  [jvm.dll+0x246c1b]  (no source info available)
V  [jvm.dll+0x1c4e90]  (no source info available)
V  [jvm.dll+0x25699e]  (no source info available)
V  [jvm.dll+0x254c5a]  (no source info available)
V  [jvm.dll+0x3f5426]  (no source info available)
V  [jvm.dll+0x81d50b]  (no source info available)
V  [jvm.dll+0x6e09e5]  (no source info available)
C  [ucrtbase.dll+0x29333]  (no source info available)
C  [KERNEL32.DLL+0x1257d]  (no source info available)
C  [ntdll.dll+0x5aa48]  (no source info available)


---------------  P R O C E S S  ---------------

Threads class SMR info:
_java_thread_list=0x0000015c1e7d4730, length=11, elements={
0x0000015c7d54f710, 0x0000015c1e26f100, 0x0000015c1e270dc0, 0x0000015c1e2749e0,
0x0000015c1e275440, 0x0000015c1e279eb0, 0x0000015c1e27aac0, 0x0000015c1e27bff0,
0x0000015c1e27cf30, 0x0000015c1e503cf0, 0x0000015c1e508ba0
}

Java Threads: ( => current thread )
  0x0000015c7d54f710 JavaThread "main"                              [_thread_in_vm, id=32336, stack(0x000000061c300000,0x000000061c400000) (1024K)]
  0x0000015c1e26f100 JavaThread "Reference Handler"          daemon [_thread_blocked, id=32980, stack(0x000000061cc00000,0x000000061cd00000) (1024K)]
  0x0000015c1e270dc0 JavaThread "Finalizer"                  daemon [_thread_blocked, id=32984, stack(0x000000061cd00000,0x000000061ce00000) (1024K)]
  0x0000015c1e2749e0 JavaThread "Signal Dispatcher"          daemon [_thread_blocked, id=32996, stack(0x000000061ce00000,0x000000061cf00000) (1024K)]
  0x0000015c1e275440 JavaThread "Attach Listener"            daemon [_thread_blocked, id=33000, stack(0x000000061cf00000,0x000000061d000000) (1024K)]
  0x0000015c1e279eb0 JavaThread "Service Thread"             daemon [_thread_blocked, id=33008, stack(0x000000061d000000,0x000000061d100000) (1024K)]
  0x0000015c1e27aac0 JavaThread "Monitor Deflation Thread"   daemon [_thread_blocked, id=33012, stack(0x000000061d100000,0x000000061d200000) (1024K)]
=>0x0000015c1e27bff0 JavaThread "C2 CompilerThread0"         daemon [_thread_in_native, id=33016, stack(0x000000061d200000,0x000000061d300000) (1024K)]
  0x0000015c1e27cf30 JavaThread "C1 CompilerThread0"         daemon [_thread_in_native, id=33020, stack(0x000000061d300000,0x000000061d400000) (1024K)]
  0x0000015c1e503cf0 JavaThread "Notification Thread"        daemon [_thread_blocked, id=33068, stack(0x000000061d400000,0x000000061d500000) (1024K)]
  0x0000015c1e508ba0 JavaThread "Common-Cleaner"             daemon [_thread_blocked, id=33072, stack(0x000000061d500000,0x000000061d600000) (1024K)]
Total: 11

Other Threads:
  0x0000015c1e2524e0 VMThread "VM Thread"                           [id=32392, stack(0x000000061cb00000,0x000000061cc00000) (1024K)] _threads_hazard_ptr=0x0000015c1e7d4730
  0x0000015c1e23a900 WatcherThread "VM Periodic Task Thread"        [id=32116, stack(0x000000061ca00000,0x000000061cb00000) (1024K)]
  0x0000015c7f84d9c0 WorkerThread "GC Thread#0"                     [id=32408, stack(0x000000061c500000,0x000000061c600000) (1024K)]
  0x0000015c1eedab30 WorkerThread "GC Thread#1"                     [id=15628, stack(0x000000061d700000,0x000000061d800000) (1024K)]
  0x0000015c1effe7c0 WorkerThread "GC Thread#2"                     [id=33308, stack(0x000000061d800000,0x000000061d900000) (1024K)]
  0x0000015c1effeb70 WorkerThread "GC Thread#3"                     [id=33496, stack(0x000000061d900000,0x000000061da00000) (1024K)]
  0x0000015c640ac020 WorkerThread "GC Thread#4"                     [id=33624, stack(0x000000061da00000,0x000000061db00000) (1024K)]
  0x0000015c646c4010 WorkerThread "GC Thread#5"                     [id=37844, stack(0x000000061db00000,0x000000061dc00000) (1024K)]
  0x0000015c1ec8f180 WorkerThread "GC Thread#6"                     [id=19324, stack(0x000000061dc00000,0x000000061dd00000) (1024K)]
  0x0000015c1ec9d880 WorkerThread "GC Thread#7"                     [id=3728, stack(0x000000061dd00000,0x000000061de00000) (1024K)]
  0x0000015c1ec9dc30 WorkerThread "GC Thread#8"                     [id=16128, stack(0x000000061de00000,0x000000061df00000) (1024K)]
  0x0000015c643e8a90 WorkerThread "GC Thread#9"                     [id=39824, stack(0x000000061d600000,0x000000061d700000) (1024K)]
  0x0000015c7f85c3c0 ConcurrentGCThread "G1 Main Marker"            [id=32400, stack(0x000000061c600000,0x000000061c700000) (1024K)]
  0x0000015c7f85cdd0 WorkerThread "G1 Conc#0"                       [id=29224, stack(0x000000061c700000,0x000000061c800000) (1024K)]
  0x0000015c7f8ae960 ConcurrentGCThread "G1 Refine#0"               [id=18492, stack(0x000000061c800000,0x000000061c900000) (1024K)]
  0x0000015c1e10daa0 ConcurrentGCThread "G1 Service"                [id=31336, stack(0x000000061c900000,0x000000061ca00000) (1024K)]
Total: 16

Threads with active compile tasks:
C2 CompilerThread0  77753 2904       4       org.codehaus.plexus.util.xml.pull.MXParser::nextImpl (1203 bytes)
C1 CompilerThread0  77753 2914   !   3       java.lang.String::<init> (880 bytes)
Total: 2

VM state: synchronizing (normal execution)

VM Mutex/Monitor currently owned by a thread:  ([mutex/lock_event])
[0x00007ffbaa60cbc8] Threads_lock - owner thread: 0x0000015c1e2524e0

Heap address: 0x0000000724e00000, size: 3506 MB, Compressed Oops mode: Zero based, Oop shift amount: 3

CDS archive(s) mapped at: [0x0000015c1f000000-0x0000015c1fc60000-0x0000015c1fc60000), size 12976128, SharedBaseAddress: 0x0000015c1f000000, ArchiveRelocationMode: 1.
Compressed class space mapped at: 0x0000015c20000000-0x0000015c60000000, reserved size: 1073741824
Narrow klass base: 0x0000015c1f000000, Narrow klass shift: 0, Narrow klass range: 0x41000000

GC Precious Log:
 CardTable entry size: 512
 Card Set container configuration: InlinePtr #cards 4 size 8 Array Of Cards #cards 16 size 48 Howl #buckets 8 coarsen threshold 3686 Howl Bitmap #cards 512 size 80 coarsen threshold 460 Card regions per heap region 1 cards per card region 4096
 CPUs: 12 total, 12 available
 Memory: 14020M
 Large Page Support: Disabled
 NUMA Support: Disabled
 Compressed Oops: Enabled (Zero based)
 Heap Region Size: 2M
 Heap Min Capacity: 8M
 Heap Initial Capacity: 220M
 Heap Max Capacity: 3506M
 Pre-touch: Disabled
 Parallel Workers: 10
 Concurrent Workers: 3
 Concurrent Refinement Workers: 10
 Periodic GC: Disabled

Heap:
 garbage-first heap   total reserved 3590144K, committed 225280K, used 24999K [0x0000000724e00000, 0x0000000800000000)
  region size 2048K, 12 young (24576K), 2 survivors (4096K)
 Metaspace       used 15049K, committed 15296K, reserved 1114112K
  class space    used 1831K, committed 1920K, reserved 1048576K

Heap Regions: E=young(eden), S=young(survivor), O=old, HS=humongous(starts), HC=humongous(continues), CS=collection set, F=free, TAMS=top-at-mark-start, PB=parsable bottom
|   0|0x0000000724e00000, 0x0000000725000000, 0x0000000725000000|100%| O|  |TAMS 0x0000000724e00000| PB 0x0000000724e00000| Untracked |  0
|   1|0x0000000725000000, 0x00000007251a33d0, 0x0000000725200000| 81%| O|  |TAMS 0x0000000725000000| PB 0x0000000725000000| Untracked |  0
|   2|0x0000000725200000, 0x0000000725200000, 0x0000000725400000|  0%| F|  |TAMS 0x0000000725200000| PB 0x0000000725200000| Untracked |  0
|   3|0x0000000725400000, 0x0000000725400000, 0x0000000725600000|  0%| F|  |TAMS 0x0000000725400000| PB 0x0000000725400000| Untracked |  0
|   4|0x0000000725600000, 0x0000000725600000, 0x0000000725800000|  0%| F|  |TAMS 0x0000000725600000| PB 0x0000000725600000| Untracked |  0
|   5|0x0000000725800000, 0x0000000725800000, 0x0000000725a00000|  0%| F|  |TAMS 0x0000000725800000| PB 0x0000000725800000| Untracked |  0
|   6|0x0000000725a00000, 0x0000000725a00000, 0x0000000725c00000|  0%| F|  |TAMS 0x0000000725a00000| PB 0x0000000725a00000| Untracked |  0
|   7|0x0000000725c00000, 0x0000000725c00000, 0x0000000725e00000|  0%| F|  |TAMS 0x0000000725c00000| PB 0x0000000725c00000| Untracked |  0
|   8|0x0000000725e00000, 0x0000000725e00000, 0x0000000726000000|  0%| F|  |TAMS 0x0000000725e00000| PB 0x0000000725e00000| Untracked |  0
|   9|0x0000000726000000, 0x0000000726000000, 0x0000000726200000|  0%| F|  |TAMS 0x0000000726000000| PB 0x0000000726000000| Untracked |  0
|  10|0x0000000726200000, 0x0000000726200000, 0x0000000726400000|  0%| F|  |TAMS 0x0000000726200000| PB 0x0000000726200000| Untracked |  0
|  11|0x0000000726400000, 0x0000000726400000, 0x0000000726600000|  0%| F|  |TAMS 0x0000000726400000| PB 0x0000000726400000| Untracked |  0
|  12|0x0000000726600000, 0x0000000726600000, 0x0000000726800000|  0%| F|  |TAMS 0x0000000726600000| PB 0x0000000726600000| Untracked |  0
|  13|0x0000000726800000, 0x0000000726800000, 0x0000000726a00000|  0%| F|  |TAMS 0x0000000726800000| PB 0x0000000726800000| Untracked |  0
|  14|0x0000000726a00000, 0x0000000726a00000, 0x0000000726c00000|  0%| F|  |TAMS 0x0000000726a00000| PB 0x0000000726a00000| Untracked |  0
|  15|0x0000000726c00000, 0x0000000726c00000, 0x0000000726e00000|  0%| F|  |TAMS 0x0000000726c00000| PB 0x0000000726c00000| Untracked |  0
|  16|0x0000000726e00000, 0x0000000726e00000, 0x0000000727000000|  0%| F|  |TAMS 0x0000000726e00000| PB 0x0000000726e00000| Untracked |  0
|  17|0x0000000727000000, 0x0000000727000000, 0x0000000727200000|  0%| F|  |TAMS 0x0000000727000000| PB 0x0000000727000000| Untracked |  0
|  18|0x0000000727200000, 0x0000000727200000, 0x0000000727400000|  0%| F|  |TAMS 0x0000000727200000| PB 0x0000000727200000| Untracked |  0
|  19|0x0000000727400000, 0x0000000727400000, 0x0000000727600000|  0%| F|  |TAMS 0x0000000727400000| PB 0x0000000727400000| Untracked |  0
|  20|0x0000000727600000, 0x0000000727600000, 0x0000000727800000|  0%| F|  |TAMS 0x0000000727600000| PB 0x0000000727600000| Untracked |  0
|  21|0x0000000727800000, 0x0000000727800000, 0x0000000727a00000|  0%| F|  |TAMS 0x0000000727800000| PB 0x0000000727800000| Untracked |  0
|  22|0x0000000727a00000, 0x0000000727a00000, 0x0000000727c00000|  0%| F|  |TAMS 0x0000000727a00000| PB 0x0000000727a00000| Untracked |  0
|  23|0x0000000727c00000, 0x0000000727c00000, 0x0000000727e00000|  0%| F|  |TAMS 0x0000000727c00000| PB 0x0000000727c00000| Untracked |  0
|  24|0x0000000727e00000, 0x0000000727e00000, 0x0000000728000000|  0%| F|  |TAMS 0x0000000727e00000| PB 0x0000000727e00000| Untracked |  0
|  25|0x0000000728000000, 0x0000000728000000, 0x0000000728200000|  0%| F|  |TAMS 0x0000000728000000| PB 0x0000000728000000| Untracked |  0
|  26|0x0000000728200000, 0x0000000728200000, 0x0000000728400000|  0%| F|  |TAMS 0x0000000728200000| PB 0x0000000728200000| Untracked |  0
|  27|0x0000000728400000, 0x0000000728400000, 0x0000000728600000|  0%| F|  |TAMS 0x0000000728400000| PB 0x0000000728400000| Untracked |  0
|  28|0x0000000728600000, 0x0000000728600000, 0x0000000728800000|  0%| F|  |TAMS 0x0000000728600000| PB 0x0000000728600000| Untracked |  0
|  29|0x0000000728800000, 0x0000000728800000, 0x0000000728a00000|  0%| F|  |TAMS 0x0000000728800000| PB 0x0000000728800000| Untracked |  0
|  30|0x0000000728a00000, 0x0000000728a00000, 0x0000000728c00000|  0%| F|  |TAMS 0x0000000728a00000| PB 0x0000000728a00000| Untracked |  0
|  31|0x0000000728c00000, 0x0000000728c00000, 0x0000000728e00000|  0%| F|  |TAMS 0x0000000728c00000| PB 0x0000000728c00000| Untracked |  0
|  32|0x0000000728e00000, 0x0000000728e00000, 0x0000000729000000|  0%| F|  |TAMS 0x0000000728e00000| PB 0x0000000728e00000| Untracked |  0
|  33|0x0000000729000000, 0x0000000729000000, 0x0000000729200000|  0%| F|  |TAMS 0x0000000729000000| PB 0x0000000729000000| Untracked |  0
|  34|0x0000000729200000, 0x0000000729200000, 0x0000000729400000|  0%| F|  |TAMS 0x0000000729200000| PB 0x0000000729200000| Untracked |  0
|  35|0x0000000729400000, 0x0000000729400000, 0x0000000729600000|  0%| F|  |TAMS 0x0000000729400000| PB 0x0000000729400000| Untracked |  0
|  36|0x0000000729600000, 0x0000000729600000, 0x0000000729800000|  0%| F|  |TAMS 0x0000000729600000| PB 0x0000000729600000| Untracked |  0
|  37|0x0000000729800000, 0x0000000729800000, 0x0000000729a00000|  0%| F|  |TAMS 0x0000000729800000| PB 0x0000000729800000| Untracked |  0
|  38|0x0000000729a00000, 0x0000000729a00000, 0x0000000729c00000|  0%| F|  |TAMS 0x0000000729a00000| PB 0x0000000729a00000| Untracked |  0
|  39|0x0000000729c00000, 0x0000000729c00000, 0x0000000729e00000|  0%| F|  |TAMS 0x0000000729c00000| PB 0x0000000729c00000| Untracked |  0
|  40|0x0000000729e00000, 0x0000000729e00000, 0x000000072a000000|  0%| F|  |TAMS 0x0000000729e00000| PB 0x0000000729e00000| Untracked |  0
|  41|0x000000072a000000, 0x000000072a000000, 0x000000072a200000|  0%| F|  |TAMS 0x000000072a000000| PB 0x000000072a000000| Untracked |  0
|  42|0x000000072a200000, 0x000000072a200000, 0x000000072a400000|  0%| F|  |TAMS 0x000000072a200000| PB 0x000000072a200000| Untracked |  0
|  43|0x000000072a400000, 0x000000072a400000, 0x000000072a600000|  0%| F|  |TAMS 0x000000072a400000| PB 0x000000072a400000| Untracked |  0
|  44|0x000000072a600000, 0x000000072a600000, 0x000000072a800000|  0%| F|  |TAMS 0x000000072a600000| PB 0x000000072a600000| Untracked |  0
|  45|0x000000072a800000, 0x000000072a800000, 0x000000072aa00000|  0%| F|  |TAMS 0x000000072a800000| PB 0x000000072a800000| Untracked |  0
|  46|0x000000072aa00000, 0x000000072aa00000, 0x000000072ac00000|  0%| F|  |TAMS 0x000000072aa00000| PB 0x000000072aa00000| Untracked |  0
|  47|0x000000072ac00000, 0x000000072ac00000, 0x000000072ae00000|  0%| F|  |TAMS 0x000000072ac00000| PB 0x000000072ac00000| Untracked |  0
|  48|0x000000072ae00000, 0x000000072ae00000, 0x000000072b000000|  0%| F|  |TAMS 0x000000072ae00000| PB 0x000000072ae00000| Untracked |  0
|  49|0x000000072b000000, 0x000000072b000000, 0x000000072b200000|  0%| F|  |TAMS 0x000000072b000000| PB 0x000000072b000000| Untracked |  0
|  50|0x000000072b200000, 0x000000072b200000, 0x000000072b400000|  0%| F|  |TAMS 0x000000072b200000| PB 0x000000072b200000| Untracked |  0
|  51|0x000000072b400000, 0x000000072b400000, 0x000000072b600000|  0%| F|  |TAMS 0x000000072b400000| PB 0x000000072b400000| Untracked |  0
|  52|0x000000072b600000, 0x000000072b600000, 0x000000072b800000|  0%| F|  |TAMS 0x000000072b600000| PB 0x000000072b600000| Untracked |  0
|  53|0x000000072b800000, 0x000000072b800000, 0x000000072ba00000|  0%| F|  |TAMS 0x000000072b800000| PB 0x000000072b800000| Untracked |  0
|  54|0x000000072ba00000, 0x000000072ba00000, 0x000000072bc00000|  0%| F|  |TAMS 0x000000072ba00000| PB 0x000000072ba00000| Untracked |  0
|  55|0x000000072bc00000, 0x000000072bc00000, 0x000000072be00000|  0%| F|  |TAMS 0x000000072bc00000| PB 0x000000072bc00000| Untracked |  0
|  56|0x000000072be00000, 0x000000072be00000, 0x000000072c000000|  0%| F|  |TAMS 0x000000072be00000| PB 0x000000072be00000| Untracked |  0
|  57|0x000000072c000000, 0x000000072c000000, 0x000000072c200000|  0%| F|  |TAMS 0x000000072c000000| PB 0x000000072c000000| Untracked |  0
|  58|0x000000072c200000, 0x000000072c200000, 0x000000072c400000|  0%| F|  |TAMS 0x000000072c200000| PB 0x000000072c200000| Untracked |  0
|  59|0x000000072c400000, 0x000000072c400000, 0x000000072c600000|  0%| F|  |TAMS 0x000000072c400000| PB 0x000000072c400000| Untracked |  0
|  60|0x000000072c600000, 0x000000072c600000, 0x000000072c800000|  0%| F|  |TAMS 0x000000072c600000| PB 0x000000072c600000| Untracked |  0
|  61|0x000000072c800000, 0x000000072c800000, 0x000000072ca00000|  0%| F|  |TAMS 0x000000072c800000| PB 0x000000072c800000| Untracked |  0
|  62|0x000000072ca00000, 0x000000072ca00000, 0x000000072cc00000|  0%| F|  |TAMS 0x000000072ca00000| PB 0x000000072ca00000| Untracked |  0
|  63|0x000000072cc00000, 0x000000072cc00000, 0x000000072ce00000|  0%| F|  |TAMS 0x000000072cc00000| PB 0x000000072cc00000| Untracked |  0
|  64|0x000000072ce00000, 0x000000072ce00000, 0x000000072d000000|  0%| F|  |TAMS 0x000000072ce00000| PB 0x000000072ce00000| Untracked |  0
|  65|0x000000072d000000, 0x000000072d000000, 0x000000072d200000|  0%| F|  |TAMS 0x000000072d000000| PB 0x000000072d000000| Untracked |  0
|  66|0x000000072d200000, 0x000000072d200000, 0x000000072d400000|  0%| F|  |TAMS 0x000000072d200000| PB 0x000000072d200000| Untracked |  0
|  67|0x000000072d400000, 0x000000072d400000, 0x000000072d600000|  0%| F|  |TAMS 0x000000072d400000| PB 0x000000072d400000| Untracked |  0
|  68|0x000000072d600000, 0x000000072d600000, 0x000000072d800000|  0%| F|  |TAMS 0x000000072d600000| PB 0x000000072d600000| Untracked |  0
|  69|0x000000072d800000, 0x000000072d800000, 0x000000072da00000|  0%| F|  |TAMS 0x000000072d800000| PB 0x000000072d800000| Untracked |  0
|  70|0x000000072da00000, 0x000000072da00000, 0x000000072dc00000|  0%| F|  |TAMS 0x000000072da00000| PB 0x000000072da00000| Untracked |  0
|  71|0x000000072dc00000, 0x000000072dc00000, 0x000000072de00000|  0%| F|  |TAMS 0x000000072dc00000| PB 0x000000072dc00000| Untracked |  0
|  72|0x000000072de00000, 0x000000072de00000, 0x000000072e000000|  0%| F|  |TAMS 0x000000072de00000| PB 0x000000072de00000| Untracked |  0
|  73|0x000000072e000000, 0x000000072e000000, 0x000000072e200000|  0%| F|  |TAMS 0x000000072e000000| PB 0x000000072e000000| Untracked |  0
|  74|0x000000072e200000, 0x000000072e200000, 0x000000072e400000|  0%| F|  |TAMS 0x000000072e200000| PB 0x000000072e200000| Untracked |  0
|  75|0x000000072e400000, 0x000000072e400000, 0x000000072e600000|  0%| F|  |TAMS 0x000000072e400000| PB 0x000000072e400000| Untracked |  0
|  76|0x000000072e600000, 0x000000072e600000, 0x000000072e800000|  0%| F|  |TAMS 0x000000072e600000| PB 0x000000072e600000| Untracked |  0
|  77|0x000000072e800000, 0x000000072e800000, 0x000000072ea00000|  0%| F|  |TAMS 0x000000072e800000| PB 0x000000072e800000| Untracked |  0
|  78|0x000000072ea00000, 0x000000072ea00000, 0x000000072ec00000|  0%| F|  |TAMS 0x000000072ea00000| PB 0x000000072ea00000| Untracked |  0
|  79|0x000000072ec00000, 0x000000072ec00000, 0x000000072ee00000|  0%| F|  |TAMS 0x000000072ec00000| PB 0x000000072ec00000| Untracked |  0
|  80|0x000000072ee00000, 0x000000072ee00000, 0x000000072f000000|  0%| F|  |TAMS 0x000000072ee00000| PB 0x000000072ee00000| Untracked |  0
|  81|0x000000072f000000, 0x000000072f000000, 0x000000072f200000|  0%| F|  |TAMS 0x000000072f000000| PB 0x000000072f000000| Untracked |  0
|  82|0x000000072f200000, 0x000000072f200000, 0x000000072f400000|  0%| F|  |TAMS 0x000000072f200000| PB 0x000000072f200000| Untracked |  0
|  83|0x000000072f400000, 0x000000072f400000, 0x000000072f600000|  0%| F|  |TAMS 0x000000072f400000| PB 0x000000072f400000| Untracked |  0
|  84|0x000000072f600000, 0x000000072f600000, 0x000000072f800000|  0%| F|  |TAMS 0x000000072f600000| PB 0x000000072f600000| Untracked |  0
|  85|0x000000072f800000, 0x000000072f800000, 0x000000072fa00000|  0%| F|  |TAMS 0x000000072f800000| PB 0x000000072f800000| Untracked |  0
|  86|0x000000072fa00000, 0x000000072fa00000, 0x000000072fc00000|  0%| F|  |TAMS 0x000000072fa00000| PB 0x000000072fa00000| Untracked |  0
|  87|0x000000072fc00000, 0x000000072fc00000, 0x000000072fe00000|  0%| F|  |TAMS 0x000000072fc00000| PB 0x000000072fc00000| Untracked |  0
|  88|0x000000072fe00000, 0x000000072fec6ab0, 0x0000000730000000| 38%| S|CS|TAMS 0x000000072fe00000| PB 0x000000072fe00000| Complete |  0
|  89|0x0000000730000000, 0x0000000730200000, 0x0000000730200000|100%| S|CS|TAMS 0x0000000730000000| PB 0x0000000730000000| Complete |  0
|  90|0x0000000730200000, 0x0000000730200000, 0x0000000730400000|  0%| F|  |TAMS 0x0000000730200000| PB 0x0000000730200000| Untracked |  0
|  91|0x0000000730400000, 0x0000000730400000, 0x0000000730600000|  0%| F|  |TAMS 0x0000000730400000| PB 0x0000000730400000| Untracked |  0
|  92|0x0000000730600000, 0x0000000730600000, 0x0000000730800000|  0%| F|  |TAMS 0x0000000730600000| PB 0x0000000730600000| Untracked |  0
|  93|0x0000000730800000, 0x0000000730800000, 0x0000000730a00000|  0%| F|  |TAMS 0x0000000730800000| PB 0x0000000730800000| Untracked |  0
|  94|0x0000000730a00000, 0x0000000730a00000, 0x0000000730c00000|  0%| F|  |TAMS 0x0000000730a00000| PB 0x0000000730a00000| Untracked |  0
|  95|0x0000000730c00000, 0x0000000730c00000, 0x0000000730e00000|  0%| F|  |TAMS 0x0000000730c00000| PB 0x0000000730c00000| Untracked |  0
|  96|0x0000000730e00000, 0x0000000730e00000, 0x0000000731000000|  0%| F|  |TAMS 0x0000000730e00000| PB 0x0000000730e00000| Untracked |  0
|  97|0x0000000731000000, 0x0000000731000000, 0x0000000731200000|  0%| F|  |TAMS 0x0000000731000000| PB 0x0000000731000000| Untracked |  0
|  98|0x0000000731200000, 0x0000000731200000, 0x0000000731400000|  0%| F|  |TAMS 0x0000000731200000| PB 0x0000000731200000| Untracked |  0
|  99|0x0000000731400000, 0x0000000731400000, 0x0000000731600000|  0%| F|  |TAMS 0x0000000731400000| PB 0x0000000731400000| Untracked |  0
| 100|0x0000000731600000, 0x0000000731800000, 0x0000000731800000|100%| E|  |TAMS 0x0000000731600000| PB 0x0000000731600000| Complete |  0
| 101|0x0000000731800000, 0x0000000731a00000, 0x0000000731a00000|100%| E|CS|TAMS 0x0000000731800000| PB 0x0000000731800000| Complete |  0
| 102|0x0000000731a00000, 0x0000000731c00000, 0x0000000731c00000|100%| E|CS|TAMS 0x0000000731a00000| PB 0x0000000731a00000| Complete |  0
| 103|0x0000000731c00000, 0x0000000731e00000, 0x0000000731e00000|100%| E|CS|TAMS 0x0000000731c00000| PB 0x0000000731c00000| Complete |  0
| 104|0x0000000731e00000, 0x0000000732000000, 0x0000000732000000|100%| E|CS|TAMS 0x0000000731e00000| PB 0x0000000731e00000| Complete |  0
| 105|0x0000000732000000, 0x0000000732200000, 0x0000000732200000|100%| E|CS|TAMS 0x0000000732000000| PB 0x0000000732000000| Complete |  0
| 106|0x0000000732200000, 0x0000000732400000, 0x0000000732400000|100%| E|CS|TAMS 0x0000000732200000| PB 0x0000000732200000| Complete |  0
| 107|0x0000000732400000, 0x0000000732600000, 0x0000000732600000|100%| E|CS|TAMS 0x0000000732400000| PB 0x0000000732400000| Complete |  0
| 108|0x0000000732600000, 0x0000000732800000, 0x0000000732800000|100%| E|CS|TAMS 0x0000000732600000| PB 0x0000000732600000| Complete |  0
| 109|0x0000000732800000, 0x0000000732a00000, 0x0000000732a00000|100%| E|CS|TAMS 0x0000000732800000| PB 0x0000000732800000| Complete |  0

Card table byte_map: [0x0000015c17960000,0x0000015c18040000] _byte_map_base: 0x0000015c14039000

Marking Bits: (CMBitMap*) 0x0000015c7f84dfd0
 Bits: [0x0000015c18040000, 0x0000015c1b708000)

Polling page: 0x0000015c7d770000

Metaspace:

Usage:
  Non-class:     12.91 MB used.
      Class:      1.79 MB used.
       Both:     14.70 MB used.

Virtual space:
  Non-class space:       64.00 MB reserved,      13.06 MB ( 20%) committed,  1 nodes.
      Class space:        1.00 GB reserved,       1.88 MB ( <1%) committed,  1 nodes.
             Both:        1.06 GB reserved,      14.94 MB (  1%) committed. 

Chunk freelists:
   Non-Class:  2.42 MB
       Class:  13.95 MB
        Both:  16.38 MB

MaxMetaspaceSize: unlimited
CompressedClassSpaceSize: 1.00 GB
Initial GC threshold: 21.00 MB
Current GC threshold: 21.00 MB
CDS: on
 - commit_granule_bytes: 65536.
 - commit_granule_words: 8192.
 - virtual_space_node_default_size: 8388608.
 - enlarge_chunks_in_place: 1.
 - use_allocation_guard: 0.


Internal statistics:

num_allocs_failed_limit: 0.
num_arena_births: 154.
num_arena_deaths: 0.
num_vsnodes_births: 2.
num_vsnodes_deaths: 0.
num_space_committed: 239.
num_space_uncommitted: 0.
num_chunks_returned_to_freelist: 0.
num_chunks_taken_from_freelist: 645.
num_chunk_merges: 0.
num_chunk_splits: 454.
num_chunks_enlarged: 380.
num_inconsistent_stats: 0.

CodeHeap 'non-profiled nmethods': size=120000Kb used=1082Kb max_used=1082Kb free=118917Kb
 bounds [0x0000015c0fd50000, 0x0000015c0ffc0000, 0x0000015c17280000]
CodeHeap 'profiled nmethods': size=120000Kb used=5477Kb max_used=5477Kb free=114522Kb
 bounds [0x0000015c08280000, 0x0000015c087e0000, 0x0000015c0f7b0000]
CodeHeap 'non-nmethods': size=5760Kb used=1398Kb max_used=1421Kb free=4361Kb
 bounds [0x0000015c0f7b0000, 0x0000015c0fa20000, 0x0000015c0fd50000]
 total_blobs=3332 nmethods=2837 adapters=399
 compilation: enabled
              stopped_count=0, restarted_count=0
 full_count=0

Compilation events (20 events):
Event: 46.676 Thread 0x0000015c1e27cf30 2895       3       java.lang.reflect.AccessibleObject::checkCanSetAccessible (195 bytes)
Event: 46.677 Thread 0x0000015c1e27cf30 nmethod 2895 0x0000015c087ce290 code [0x0000015c087ce620, 0x0000015c087cfb88]
Event: 46.677 Thread 0x0000015c1e27cf30 2896       3       java.lang.reflect.Field::setOverrideFieldAccessor (20 bytes)
Event: 46.680 Thread 0x0000015c1e27cf30 nmethod 2896 0x0000015c087d0290 code [0x0000015c087d0440, 0x0000015c087d0718]
Event: 46.683 Thread 0x0000015c1e27cf30 2901  s    1       java.lang.StringBuffer::length (5 bytes)
Event: 46.683 Thread 0x0000015c1e27cf30 nmethod 2901 0x0000015c0fe5c210 code [0x0000015c0fe5c3a0, 0x0000015c0fe5c528]
Event: 46.684 Thread 0x0000015c1e27cf30 2897   !   3       jdk.internal.reflect.MethodHandleAccessorFactory::newFieldAccessor (240 bytes)
Event: 46.685 Thread 0x0000015c1e27cf30 nmethod 2897 0x0000015c087d0810 code [0x0000015c087d0b80, 0x0000015c087d1960]
Event: 46.685 Thread 0x0000015c1e27cf30 2898       3       jdk.internal.reflect.MethodHandleObjectFieldAccessorImpl::fieldAccessor (96 bytes)
Event: 46.685 Thread 0x0000015c1e27bff0 nmethod 2888 0x0000015c0fe5c590 code [0x0000015c0fe5c780, 0x0000015c0fe5d360]
Event: 46.685 Thread 0x0000015c1e27cf30 nmethod 2898 0x0000015c087d1f10 code [0x0000015c087d2220, 0x0000015c087d3168]
Event: 46.685 Thread 0x0000015c1e27cf30 2899       3       jdk.internal.reflect.MethodHandleObjectFieldAccessorImpl::<init> (12 bytes)
Event: 46.686 Thread 0x0000015c1e27cf30 nmethod 2899 0x0000015c087d3610 code [0x0000015c087d37c0, 0x0000015c087d38f8]
Event: 46.686 Thread 0x0000015c1e27cf30 2900       3       jdk.internal.reflect.MethodHandleFieldAccessorImpl::<init> (44 bytes)
Event: 46.686 Thread 0x0000015c1e27cf30 nmethod 2900 0x0000015c087d3990 code [0x0000015c087d3b40, 0x0000015c087d3f30]
Event: 46.741 Thread 0x0000015c1e27bff0 2902       4       org.fusesource.jansi.io.AnsiOutputStream::write (898 bytes)
Event: 46.742 Thread 0x0000015c1e27cf30 2903       3       java.util.TreeMap::addEntryToEmptyMap (37 bytes)
Event: 46.743 Thread 0x0000015c1e27cf30 nmethod 2903 0x0000015c087d4090 code [0x0000015c087d4280, 0x0000015c087d4960]
Event: 46.750 Thread 0x0000015c1e27bff0 nmethod 2902 0x0000015c0fe5d510 code [0x0000015c0fe5d7c0, 0x0000015c0fe5e150]
Event: 48.263 Thread 0x0000015c1e27bff0 2904       4       org.codehaus.plexus.util.xml.pull.MXParser::nextImpl (1203 bytes)

GC Heap History (4 events):
Event: 16.692 GC heap before
{Heap before GC invocations=0 (full 0):
 garbage-first heap   total reserved 3590144K, committed 225280K, used 24576K [0x0000000724e00000, 0x0000000800000000)
  region size 2048K, 12 young (24576K), 0 survivors (0K)
 Metaspace       used 5702K, committed 5888K, reserved 1114112K
  class space    used 673K, committed 768K, reserved 1048576K
}
Event: 16.874 GC heap after
{Heap after GC invocations=1 (full 0):
 garbage-first heap   total reserved 3590144K, committed 225280K, used 4043K [0x0000000724e00000, 0x0000000800000000)
  region size 2048K, 2 young (4096K), 2 survivors (4096K)
 Metaspace       used 5702K, committed 5888K, reserved 1114112K
  class space    used 673K, committed 768K, reserved 1048576K
}
Event: 24.331 GC heap before
{Heap before GC invocations=1 (full 0):
 garbage-first heap   total reserved 3590144K, committed 225280K, used 38859K [0x0000000724e00000, 0x0000000800000000)
  region size 2048K, 20 young (40960K), 2 survivors (4096K)
 Metaspace       used 11383K, committed 11584K, reserved 1114112K
  class space    used 1385K, committed 1472K, reserved 1048576K
}
Event: 24.338 GC heap after
{Heap after GC invocations=2 (full 0):
 garbage-first heap   total reserved 3590144K, committed 225280K, used 6567K [0x0000000724e00000, 0x0000000800000000)
  region size 2048K, 2 young (4096K), 2 survivors (4096K)
 Metaspace       used 11383K, committed 11584K, reserved 1114112K
  class space    used 1385K, committed 1472K, reserved 1048576K
}

Dll operation events (8 events):
Event: 0.982 Loaded shared library C:\Program Files\Java\jdk-22\bin\java.dll
Event: 1.434 Loaded shared library C:\Program Files\Java\jdk-22\bin\jsvml.dll
Event: 1.491 Loaded shared library C:\Program Files\Java\jdk-22\bin\net.dll
Event: 1.730 Loaded shared library C:\Program Files\Java\jdk-22\bin\nio.dll
Event: 1.735 Loaded shared library C:\Program Files\Java\jdk-22\bin\zip.dll
Event: 11.931 Loaded shared library C:\Program Files\Java\jdk-22\bin\jimage.dll
Event: 11.952 Loaded shared library C:\Program Files\NetBeans-21\netbeans\java\maven\lib\jansi-native\Windows\x86_64\jansi.dll
Event: 12.041 Loaded shared library C:\Program Files\Java\jdk-22\bin\verify.dll

Deoptimization events (20 events):
Event: 40.676 Thread 0x0000015c7d54f710 DEOPT PACKING pc=0x0000015c0fdc1a30 sp=0x000000061c3fd920
Event: 40.676 Thread 0x0000015c7d54f710 DEOPT UNPACKING pc=0x0000015c0f8046a2 sp=0x000000061c3fd908 mode 2
Event: 46.144 Thread 0x0000015c7d54f710 Uncommon trap: trap_request=0xffffff45 fr.pc=0x0000015c0fddeb68 relative=0x0000000000000ca8
Event: 46.144 Thread 0x0000015c7d54f710 Uncommon trap: reason=unstable_if action=reinterpret pc=0x0000015c0fddeb68 method=java.lang.String.<init>(Ljava/nio/charset/Charset;[BII)V @ 97 c2
Event: 46.144 Thread 0x0000015c7d54f710 DEOPT PACKING pc=0x0000015c0fddeb68 sp=0x000000061c3fd850
Event: 46.144 Thread 0x0000015c7d54f710 DEOPT UNPACKING pc=0x0000015c0f8046a2 sp=0x000000061c3fd808 mode 2
Event: 46.145 Thread 0x0000015c7d54f710 Uncommon trap: trap_request=0xffffff45 fr.pc=0x0000015c0fdb1c74 relative=0x00000000000002d4
Event: 46.145 Thread 0x0000015c7d54f710 Uncommon trap: reason=unstable_if action=reinterpret pc=0x0000015c0fdb1c74 method=java.lang.String.decodeASCII([BI[CII)I @ 13 c2
Event: 46.145 Thread 0x0000015c7d54f710 DEOPT PACKING pc=0x0000015c0fdb1c74 sp=0x000000061c3fd390
Event: 46.145 Thread 0x0000015c7d54f710 DEOPT UNPACKING pc=0x0000015c0f8046a2 sp=0x000000061c3fd290 mode 2
Event: 46.151 Thread 0x0000015c7d54f710 DEOPT PACKING pc=0x0000015c08772fe5 sp=0x000000061c3fd8d0
Event: 46.151 Thread 0x0000015c7d54f710 DEOPT UNPACKING pc=0x0000015c0f804e42 sp=0x000000061c3fcdf8 mode 0
Event: 46.153 Thread 0x0000015c7d54f710 Uncommon trap: trap_request=0xffffffde fr.pc=0x0000015c0fe26820 relative=0x0000000000000880
Event: 46.153 Thread 0x0000015c7d54f710 Uncommon trap: reason=class_check action=maybe_recompile pc=0x0000015c0fe26820 method=java.util.HashMap.putVal(ILjava/lang/Object;Ljava/lang/Object;ZZ)Ljava/lang/Object; @ 203 c2
Event: 46.153 Thread 0x0000015c7d54f710 DEOPT PACKING pc=0x0000015c0fe26820 sp=0x000000061c3fd800
Event: 46.153 Thread 0x0000015c7d54f710 DEOPT UNPACKING pc=0x0000015c0f8046a2 sp=0x000000061c3fd738 mode 2
Event: 46.519 Thread 0x0000015c7d54f710 Uncommon trap: trap_request=0xffffff45 fr.pc=0x0000015c0fe58bd4 relative=0x0000000000000eb4
Event: 46.519 Thread 0x0000015c7d54f710 Uncommon trap: reason=unstable_if action=reinterpret pc=0x0000015c0fe58bd4 method=org.codehaus.plexus.util.xml.pull.MXParser.nextImpl()I @ 1162 c2
Event: 46.519 Thread 0x0000015c7d54f710 DEOPT PACKING pc=0x0000015c0fe58bd4 sp=0x000000061c3fde50
Event: 46.519 Thread 0x0000015c7d54f710 DEOPT UNPACKING pc=0x0000015c0f8046a2 sp=0x000000061c3fdde8 mode 2

Classes loaded (20 events):
Event: 40.457 Loading class java/nio/channels/spi/AbstractInterruptibleChannel$1
Event: 40.533 Loading class sun/nio/ch/Interruptible
Event: 40.676 Loading class sun/nio/ch/Interruptible done
Event: 40.676 Loading class java/nio/channels/spi/AbstractInterruptibleChannel$1 done
Event: 40.677 Loading class java/util/AbstractMap$2
Event: 40.696 Loading class java/util/AbstractMap$2 done
Event: 40.696 Loading class java/util/AbstractMap$ValueIterator
Event: 40.697 Loading class java/util/AbstractMap$ValueIterator done
Event: 42.590 Loading class java/util/Formatter$FixedString
Event: 42.893 Loading class java/util/Formatter$FixedString done
Event: 46.424 Loading class java/util/stream/MatchOps$MatchKind
Event: 46.424 Loading class java/util/stream/MatchOps$MatchKind done
Event: 46.424 Loading class java/util/stream/MatchOps
Event: 46.424 Loading class java/util/stream/MatchOps done
Event: 46.424 Loading class java/util/stream/MatchOps$MatchOp
Event: 46.424 Loading class java/util/stream/MatchOps$MatchOp done
Event: 46.424 Loading class java/util/stream/MatchOps$BooleanTerminalSink
Event: 46.424 Loading class java/util/stream/MatchOps$BooleanTerminalSink done
Event: 46.425 Loading class java/util/stream/MatchOps$1MatchSink
Event: 46.425 Loading class java/util/stream/MatchOps$1MatchSink done

Classes unloaded (0 events):
No events

Classes redefined (0 events):
No events

Internal exceptions (20 events):
Event: 14.927 Thread 0x0000015c7d54f710 Exception <a 'java/lang/NoSuchMethodError'{0x0000000731b7c4a8}: 'int java.lang.invoke.DirectMethodHandle$Holder.invokeSpecialIFC(java.lang.Object, java.lang.Object, java.lang.Object, java.lang.Object, java.lang.Object)'> (0x0000000731b7c4a8) 
thrown [s\open\src\hotspot\share\interpreter\linkResolver.cpp, line 774]
Event: 15.205 Thread 0x0000015c7d54f710 Exception <a 'java/lang/NoSuchMethodError'{0x00000007318f1ea8}: 'java.lang.Object java.lang.invoke.DirectMethodHandle$Holder.newInvokeSpecial(java.lang.Object, java.lang.Object, java.lang.Object, java.lang.Object, java.lang.Object)'> (0x00000007318f1ea8) 
thrown [s\open\src\hotspot\share\interpreter\linkResolver.cpp, line 774]
Event: 15.720 Thread 0x0000015c7d54f710 Exception <a 'java/lang/NoSuchMethodError'{0x00000007319e79b8}: 'int java.lang.invoke.DirectMethodHandle$Holder.invokeStaticInit(java.lang.Object, java.lang.Object)'> (0x00000007319e79b8) 
thrown [s\open\src\hotspot\share\interpreter\linkResolver.cpp, line 774]
Event: 15.767 Thread 0x0000015c7d54f710 Exception <a 'java/lang/NoClassDefFoundError'{0x000000073161c068}: javax/enterprise/inject/Typed> (0x000000073161c068) 
thrown [s\open\src\hotspot\share\classfile\systemDictionary.cpp, line 302]
Event: 23.294 Thread 0x0000015c7d54f710 Exception <a 'java/lang/NoSuchMethodError'{0x00000007307cc080}: 'void java.lang.invoke.DirectMethodHandle$Holder.invokeStaticInit(java.lang.Object, java.lang.Object, java.lang.Object)'> (0x00000007307cc080) 
thrown [s\open\src\hotspot\share\interpreter\linkResolver.cpp, line 774]
Event: 23.311 Thread 0x0000015c7d54f710 Exception <a 'java/lang/ExceptionInInitializerError'{0x00000007307f4668}> (0x00000007307f4668) 
thrown [s\open\src\hotspot\share\oops\instanceKlass.cpp, line 1247]
Event: 23.488 Thread 0x0000015c7d54f710 Exception <a 'java/lang/NoSuchMethodError'{0x00000007304fd490}: 'long java.lang.invoke.DirectMethodHandle$Holder.invokeStatic(java.lang.Object, java.lang.Object, int)'> (0x00000007304fd490) 
thrown [s\open\src\hotspot\share\interpreter\linkResolver.cpp, line 774]
Event: 23.490 Thread 0x0000015c7d54f710 Exception <a 'java/lang/NoSuchMethodError'{0x00000007305109a8}: 'java.lang.Object java.lang.invoke.DirectMethodHandle$Holder.invokeStatic(java.lang.Object, java.lang.Object, java.lang.Object, java.lang.Object, int)'> (0x00000007305109a8) 
thrown [s\open\src\hotspot\share\interpreter\linkResolver.cpp, line 774]
Event: 23.491 Thread 0x0000015c7d54f710 Exception <a 'java/lang/NoSuchMethodError'{0x0000000730518b60}: 'java.lang.Object java.lang.invoke.DirectMethodHandle$Holder.invokeSpecial(java.lang.Object, java.lang.Object, java.lang.Object, java.lang.Object, long)'> (0x0000000730518b60) 
thrown [s\open\src\hotspot\share\interpreter\linkResolver.cpp, line 774]
Event: 23.680 Thread 0x0000015c7d54f710 Exception <a 'java/lang/NoSuchMethodError'{0x0000000730524930}: 'java.lang.Object java.lang.invoke.DirectMethodHandle$Holder.invokeSpecial(java.lang.Object, java.lang.Object, java.lang.Object, int, java.lang.Object)'> (0x0000000730524930) 
thrown [s\open\src\hotspot\share\interpreter\linkResolver.cpp, line 774]
Event: 23.682 Thread 0x0000015c7d54f710 Exception <a 'java/lang/NoSuchMethodError'{0x000000073052d200}: 'int java.lang.invoke.DirectMethodHandle$Holder.invokeSpecial(java.lang.Object, java.lang.Object, java.lang.Object, int)'> (0x000000073052d200) 
thrown [s\open\src\hotspot\share\interpreter\linkResolver.cpp, line 774]
Event: 23.689 Thread 0x0000015c7d54f710 Implicit null exception at 0x0000015c0fdcff3a to 0x0000015c0fdd0134
Event: 23.692 Thread 0x0000015c7d54f710 Exception <a 'java/lang/NoSuchMethodError'{0x0000000730551878}: 'java.lang.Object java.lang.invoke.Invokers$Holder.invokeExact_MT(java.lang.Object, int, java.lang.Object)'> (0x0000000730551878) 
thrown [s\open\src\hotspot\share\interpreter\linkResolver.cpp, line 774]
Event: 23.712 Thread 0x0000015c7d54f710 Exception <a 'java/lang/NoSuchMethodError'{0x00000007305a5838}: 'void java.lang.invoke.DirectMethodHandle$Holder.invokeStatic(java.lang.Object, java.lang.Object)'> (0x00000007305a5838) 
thrown [s\open\src\hotspot\share\interpreter\linkResolver.cpp, line 774]
Event: 28.799 Thread 0x0000015c7d54f710 Exception <a 'java/lang/NoSuchMethodError'{0x00000007325a66e8}: 'void java.lang.invoke.Invokers$Holder.invokeExact_MT(java.lang.Object, java.lang.Object, java.lang.Object, java.lang.Object)'> (0x00000007325a66e8) 
thrown [s\open\src\hotspot\share\interpreter\linkResolver.cpp, line 774]
Event: 28.939 Thread 0x0000015c7d54f710 Exception <a 'java/lang/NoClassDefFoundError'{0x000000073222ffb8}: com/google/inject/servlet/ServletModuleTargetVisitor> (0x000000073222ffb8) 
thrown [s\open\src\hotspot\share\classfile\systemDictionary.cpp, line 302]
Event: 30.203 Thread 0x0000015c7d54f710 Exception <a 'java/lang/NoSuchMethodError'{0x00000007320edb50}: 'void java.lang.invoke.DirectMethodHandle$Holder.invokeVirtual(java.lang.Object, java.lang.Object)'> (0x00000007320edb50) 
thrown [s\open\src\hotspot\share\interpreter\linkResolver.cpp, line 774]
Event: 32.082 Thread 0x0000015c7d54f710 Exception <a 'java/lang/NoSuchMethodError'{0x000000073217bc58}: 'java.lang.Object java.lang.invoke.DirectMethodHandle$Holder.invokeStaticInit(java.lang.Object, int, int, int, int)'> (0x000000073217bc58) 
thrown [s\open\src\hotspot\share\interpreter\linkResolver.cpp, line 774]
Event: 38.347 Thread 0x0000015c7d54f710 Exception <a 'java/lang/NoSuchMethodError'{0x0000000731b23050}: 'void java.lang.invoke.DirectMethodHandle$Holder.invokeVirtual(java.lang.Object, java.lang.Object, int)'> (0x0000000731b23050) 
thrown [s\open\src\hotspot\share\interpreter\linkResolver.cpp, line 774]
Event: 38.348 Thread 0x0000015c7d54f710 Exception <a 'java/lang/NoSuchMethodError'{0x0000000731b2a208}: 'void java.lang.invoke.DelegatingMethodHandle$Holder.reinvoke_L(java.lang.Object, java.lang.Object, int)'> (0x0000000731b2a208) 
thrown [s\open\src\hotspot\share\interpreter\linkResolver.cpp, line 774]

ZGC Phase Switch (0 events):
No events

VM Operations (20 events):
Event: 34.237 Executing VM operation: Cleanup
Event: 34.237 Executing VM operation: Cleanup done
Event: 34.812 Executing VM operation: HandshakeAllThreads (Deoptimize)
Event: 34.813 Executing VM operation: HandshakeAllThreads (Deoptimize) done
Event: 35.816 Executing VM operation: Cleanup
Event: 35.816 Executing VM operation: Cleanup done
Event: 36.830 Executing VM operation: Cleanup
Event: 36.830 Executing VM operation: Cleanup done
Event: 37.846 Executing VM operation: Cleanup
Event: 37.972 Executing VM operation: Cleanup done
Event: 38.986 Executing VM operation: Cleanup
Event: 38.986 Executing VM operation: Cleanup done
Event: 39.997 Executing VM operation: Cleanup
Event: 40.384 Executing VM operation: Cleanup done
Event: 43.403 Executing VM operation: Cleanup
Event: 43.403 Executing VM operation: Cleanup done
Event: 46.423 Executing VM operation: Cleanup
Event: 46.423 Executing VM operation: Cleanup done
Event: 47.437 Executing VM operation: Cleanup
Event: 47.437 Executing VM operation: Cleanup done

Events (13 events):
Event: 1.032 Thread 0x0000015c7d54f710 Thread added: 0x0000015c7d54f710
Event: 1.413 Thread 0x0000015c1e26f100 Thread added: 0x0000015c1e26f100
Event: 1.423 Thread 0x0000015c1e270dc0 Thread added: 0x0000015c1e270dc0
Event: 1.428 Thread 0x0000015c1e2749e0 Thread added: 0x0000015c1e2749e0
Event: 1.428 Thread 0x0000015c1e275440 Thread added: 0x0000015c1e275440
Event: 1.432 Thread 0x0000015c1e279eb0 Thread added: 0x0000015c1e279eb0
Event: 1.432 Thread 0x0000015c1e27aac0 Thread added: 0x0000015c1e27aac0
Event: 1.433 Thread 0x0000015c1e27bff0 Thread added: 0x0000015c1e27bff0
Event: 1.433 Thread 0x0000015c1e27cf30 Thread added: 0x0000015c1e27cf30
Event: 1.477 Thread 0x0000015c1e503cf0 Thread added: 0x0000015c1e503cf0
Event: 1.481 Thread 0x0000015c1e508ba0 Thread added: 0x0000015c1e508ba0
Event: 16.018 Thread 0x0000015c1eea90c0 Thread added: 0x0000015c1eea90c0
Event: 17.546 Thread 0x0000015c1eea90c0 Thread exited: 0x0000015c1eea90c0


Dynamic libraries:
0x00007ff7ed1d0000 - 0x00007ff7ed1e0000 	C:\Program Files\Java\jdk-22\bin\java.exe
0x00007ffc3f9d0000 - 0x00007ffc3fbe7000 	C:\WINDOWS\SYSTEM32\ntdll.dll
0x00007ffc3e920000 - 0x00007ffc3e9e4000 	C:\WINDOWS\System32\KERNEL32.DLL
0x00007ffc3cf80000 - 0x00007ffc3d327000 	C:\WINDOWS\System32\KERNELBASE.dll
0x00007ffc3ce60000 - 0x00007ffc3cf71000 	C:\WINDOWS\System32\ucrtbase.dll
0x00007ffc0f400000 - 0x00007ffc0f417000 	C:\Program Files\Java\jdk-22\bin\jli.dll
0x00007ffc3e9f0000 - 0x00007ffc3eaa2000 	C:\WINDOWS\System32\ADVAPI32.dll
0x00007ffc3eab0000 - 0x00007ffc3eb57000 	C:\WINDOWS\System32\msvcrt.dll
0x00007ffc3dbc0000 - 0x00007ffc3dc68000 	C:\WINDOWS\System32\sechost.dll
0x00007ffc3ce30000 - 0x00007ffc3ce58000 	C:\WINDOWS\System32\bcrypt.dll
0x00007ffc3f650000 - 0x00007ffc3f765000 	C:\WINDOWS\System32\RPCRT4.dll
0x00007ffc3e520000 - 0x00007ffc3e6ce000 	C:\WINDOWS\System32\USER32.dll
0x00007ffc3d4c0000 - 0x00007ffc3d4e6000 	C:\WINDOWS\System32\win32u.dll
0x00007ffc3db70000 - 0x00007ffc3db99000 	C:\WINDOWS\System32\GDI32.dll
0x00007ffc3d3a0000 - 0x00007ffc3d4b9000 	C:\WINDOWS\System32\gdi32full.dll
0x00007ffc3d4f0000 - 0x00007ffc3d58a000 	C:\WINDOWS\System32\msvcp_win.dll
0x00007ffbf78f0000 - 0x00007ffbf790b000 	C:\Program Files\Java\jdk-22\bin\VCRUNTIME140.dll
0x00007ffc10350000 - 0x00007ffc105e3000 	C:\WINDOWS\WinSxS\amd64_microsoft.windows.common-controls_6595b64144ccf1df_6.0.22621.3527_none_270e469b73872a76\COMCTL32.dll
0x00007ffc343d0000 - 0x00007ffc343da000 	C:\WINDOWS\SYSTEM32\VERSION.dll
0x00007ffc3f2b0000 - 0x00007ffc3f2e1000 	C:\WINDOWS\System32\IMM32.DLL
0x00007ffc0e880000 - 0x00007ffc0e88c000 	C:\Program Files\Java\jdk-22\bin\vcruntime140_1.dll
0x00007ffbd0ad0000 - 0x00007ffbd0b5e000 	C:\Program Files\Java\jdk-22\bin\msvcp140.dll
0x00007ffba99a0000 - 0x00007ffbaa6e8000 	C:\Program Files\Java\jdk-22\bin\server\jvm.dll
0x00007ffc3e6d0000 - 0x00007ffc3e741000 	C:\WINDOWS\System32\WS2_32.dll
0x00007ffc3cbb0000 - 0x00007ffc3cbfd000 	C:\WINDOWS\SYSTEM32\POWRPROF.dll
0x00007ffc345c0000 - 0x00007ffc345f4000 	C:\WINDOWS\SYSTEM32\WINMM.dll
0x00007ffc3cb90000 - 0x00007ffc3cba3000 	C:\WINDOWS\SYSTEM32\UMPDC.dll
0x00007ffc3bcd0000 - 0x00007ffc3bce8000 	C:\WINDOWS\SYSTEM32\kernel.appcore.dll
0x00007ffbf77d0000 - 0x00007ffbf77da000 	C:\Program Files\Java\jdk-22\bin\jimage.dll
0x00007ffc3a670000 - 0x00007ffc3a8a2000 	C:\WINDOWS\SYSTEM32\DBGHELP.DLL
0x00007ffc3d700000 - 0x00007ffc3da88000 	C:\WINDOWS\System32\combase.dll
0x00007ffc3da90000 - 0x00007ffc3db67000 	C:\WINDOWS\System32\OLEAUT32.dll
0x00007ffc2a930000 - 0x00007ffc2a962000 	C:\WINDOWS\SYSTEM32\dbgcore.DLL
0x00007ffc3cdb0000 - 0x00007ffc3ce29000 	C:\WINDOWS\System32\bcryptPrimitives.dll
0x00007ffbf78d0000 - 0x00007ffbf78ee000 	C:\Program Files\Java\jdk-22\bin\java.dll
0x00007ffc3dc70000 - 0x00007ffc3e4cc000 	C:\WINDOWS\System32\SHELL32.dll
0x00007ffc3f2f0000 - 0x00007ffc3f495000 	C:\WINDOWS\System32\ole32.dll
0x00007ffc3abe0000 - 0x00007ffc3b4d6000 	C:\WINDOWS\SYSTEM32\windows.storage.dll
0x00007ffc3aaa0000 - 0x00007ffc3abde000 	C:\WINDOWS\SYSTEM32\wintypes.dll
0x00007ffc3ed30000 - 0x00007ffc3ee25000 	C:\WINDOWS\System32\SHCORE.dll
0x00007ffc3ec60000 - 0x00007ffc3ecbe000 	C:\WINDOWS\System32\shlwapi.dll
0x00007ffc3cc20000 - 0x00007ffc3cc41000 	C:\WINDOWS\SYSTEM32\profapi.dll
0x00007ffbdd120000 - 0x00007ffbdd1f7000 	C:\Program Files\Java\jdk-22\bin\jsvml.dll
0x00007ffbf77c0000 - 0x00007ffbf77d0000 	C:\Program Files\Java\jdk-22\bin\net.dll
0x00007ffc3c130000 - 0x00007ffc3c199000 	C:\WINDOWS\system32\mswsock.dll
0x00007ffbdd100000 - 0x00007ffbdd116000 	C:\Program Files\Java\jdk-22\bin\nio.dll
0x00007ffbdd0e0000 - 0x00007ffbdd0f7000 	C:\Program Files\Java\jdk-22\bin\zip.dll
0x0000000069ac0000 - 0x0000000069ae4000 	C:\Program Files\NetBeans-21\netbeans\java\maven\lib\jansi-native\Windows\x86_64\jansi.dll
0x00007ffbf77b0000 - 0x00007ffbf77c0000 	C:\Program Files\Java\jdk-22\bin\verify.dll

dbghelp: loaded successfully - version: 4.0.5 - missing functions: none
symbol engine: initialized successfully - sym options: 0x614 - pdb path: .;C:\Program Files\Java\jdk-22\bin;C:\WINDOWS\SYSTEM32;C:\WINDOWS\WinSxS\amd64_microsoft.windows.common-controls_6595b64144ccf1df_6.0.22621.3527_none_270e469b73872a76;C:\Program Files\Java\jdk-22\bin\server;C:\Program Files\NetBeans-21\netbeans\java\maven\lib\jansi-native\Windows\x86_64

VM Arguments:
jvm_args: -Dclassworlds.conf=C:\Program Files\NetBeans-21\netbeans\java\maven\bin\m2.conf -Dmaven.home=C:\Program Files\NetBeans-21\netbeans\java\maven -Dlibrary.jansi.path=C:\Program Files\NetBeans-21\netbeans\java\maven\lib\jansi-native -Dmaven.multiModuleProjectDirectory=C:\Users\ADMIN\OneDrive\Documents\GitHub\Management_Project_Java\mavenproject1 
java_command: org.codehaus.plexus.classworlds.launcher.Launcher -Dexec.vmArgs=--enable-preview -Dexec.args=${exec.vmArgs} -classpath %classpath ${exec.mainClass} ${exec.appArgs} -Dexec.appArgs= -Dexec.mainClass=GUI.Login -Dexec.executable=C:\Program Files\Java\jdk-22\bin\java.exe -Dmaven.ext.class.path=C:\Program Files\NetBeans-21\netbeans\java\maven-nblib\netbeans-eventspy.jar --no-transfer-progress process-classes org.codehaus.mojo:exec-maven-plugin:3.1.0:exec
java_class_path (initial): C:\Program Files\NetBeans-21\netbeans\java\maven\boot\plexus-classworlds-2.7.0.jar
Launcher Type: SUN_STANDARD

[Global flags]
     intx CICompilerCount                          = 4                                         {product} {ergonomic}
     uint ConcGCThreads                            = 3                                         {product} {ergonomic}
     uint G1ConcRefinementThreads                  = 10                                        {product} {ergonomic}
   size_t G1HeapRegionSize                         = 2097152                                   {product} {ergonomic}
   size_t InitialHeapSize                          = 230686720                                 {product} {ergonomic}
   size_t MarkStackSize                            = 4194304                                   {product} {ergonomic}
   size_t MaxHeapSize                              = 3676307456                                {product} {ergonomic}
   size_t MaxNewSize                               = 2204106752                                {product} {ergonomic}
   size_t MinHeapDeltaBytes                        = 2097152                                   {product} {ergonomic}
   size_t MinHeapSize                              = 8388608                                   {product} {ergonomic}
    uintx NonNMethodCodeHeapSize                   = 5839372                                {pd product} {ergonomic}
    uintx NonProfiledCodeHeapSize                  = 122909434                              {pd product} {ergonomic}
    uintx ProfiledCodeHeapSize                     = 122909434                              {pd product} {ergonomic}
    uintx ReservedCodeCacheSize                    = 251658240                              {pd product} {ergonomic}
     bool SegmentedCodeCache                       = true                                      {product} {ergonomic}
   size_t SoftMaxHeapSize                          = 3676307456                             {manageable} {ergonomic}
     bool UseCompressedOops                        = true                           {product lp64_product} {ergonomic}
     bool UseG1GC                                  = true                                      {product} {ergonomic}
     bool UseLargePagesIndividualAllocation        = false                                  {pd product} {ergonomic}

Logging:
Log output configuration:
 #0: stdout all=warning uptime,level,tags foldmultilines=false
 #1: stderr all=off uptime,level,tags foldmultilines=false

Environment Variables:
JAVA_HOME=C:\Program Files\Java\jdk-22
PATH=C:\Program Files (x86)\VMware\VMware Workstation\bin\;C:\Program Files\Common Files\Oracle\Java\javapath;C:\Program Files (x86)\Common Files\Oracle\Java\javapath;C:\Windows\system32;C:\Windows;C:\Windows\System32\Wbem;C:\Windows\System32\WindowsPowerShell\v1.0\;C:\Windows\System32\OpenSSH\;C:\Program Files (x86)\NVIDIA Corporation\PhysX\Common;C:\Program Files\NVIDIA Corporation\NVIDIA NvDLISR;C:\msys64\mingw64\bin;C:\WINDOWS\system32;C:\WINDOWS;C:\WINDOWS\System32\Wbem;C:\WINDOWS\System32\WindowsPowerShell\v1.0\;C:\WINDOWS\System32\OpenSSH\;C:\Program Files (x86)\Microsoft SQL Server\110\Tools\Binn\;C:\Program Files\Microsoft SQL Server\110\Tools\Binn\;C:\Program Files\Microsoft SQL Server\110\DTS\Binn\;C:\Program Files (x86)\Microsoft SQL Server\110\Tools\Binn\ManagementStudio\;C:\Program Files (x86)\Microsoft SQL Server\110\DTS\Binn\;C:\Program Files\Microsoft SQL Server\150\Tools\Binn\;C:\Program Files\Microsoft SQL Server\Client SDK\ODBC\170\Tools\Binn\;C:\Program Files\dotnet\;C:\Program Files\Git\cmd;C:\Users\ADMIN\AppData\Local\Programs\Python\Python312\Scripts\;C:\Users\ADMIN\AppData\Local\Programs\Python\Python312\;C:\Users\ADMIN\AppData\Local\Programs\Python\Launcher\;C:\Users\ADMIN\AppData\Local\Microsoft\WindowsApps;C:\Users\ADMIN\.dotnet\tools;C:\Users\ADMIN\AppData\Local\Programs\Microsoft VS Code\bin;C:\Users\ADMIN\AppData\Local\GitHubDesktop\bin;C:\Program Files\Java\jdk-22\bin;
USERNAME=ADMIN
OS=Windows_NT
PROCESSOR_IDENTIFIER=AMD64 Family 25 Model 68 Stepping 1, AuthenticAMD
TMP=C:\Users\ADMIN\AppData\Local\Temp
TEMP=C:\Users\ADMIN\AppData\Local\Temp




Periodic native trim disabled

---------------  S Y S T E M  ---------------

OS:
 Windows 11 , 64 bit Build 22621 (10.0.22621.3527)
OS uptime: 1 days 1:44 hours
Hyper-V role detected

CPU: total 12 (initial active 12) (12 cores per cpu, 2 threads per core) family 25 model 68 stepping 1 microcode 0x0, cx8, cmov, fxsr, ht, mmx, 3dnowpref, sse, sse2, sse3, ssse3, sse4a, sse4.1, sse4.2, popcnt, lzcnt, tsc, tscinvbit, avx, avx2, aes, erms, clmul, bmi1, bmi2, adx, sha, fma, vzeroupper, clflush, clflushopt, hv, rdtscp, rdpid, fsrm, f16c, cet_ss
Processor Information for all 12 processors :
  Max Mhz: 3301, Current Mhz: 3301, Mhz Limit: 3301

Memory: 4k page, system-wide physical 14020M (1084M free)
TotalPageFile size 57028M (AvailPageFile size 2342M)
current process WorkingSet (physical memory assigned to process): 51M, peak: 120M
current process commit charge ("private bytes"): 335M, peak: 342M

vm_info: Java HotSpot(TM) 64-Bit Server VM (22+36-2370) for windows-amd64 JRE (22+36-2370), built on 2024-02-15T22:15:19Z by "mach5one" with MS VC++ 17.6 (VS2022)

END.
