#
# There is insufficient memory for the Java Runtime Environment to continue.
# Native memory allocation (malloc) failed to allocate 32744 bytes. Error detail: Chunk::new
# Possible reasons:
#   The system is out of physical RAM or swap space
#   This process is running with CompressedOops enabled, and the Java Heap may be blocking the growth of the native heap
# Possible solutions:
#   Reduce memory load on the system
#   Increase physical memory or swap space
#   Check if swap backing store is full
#   Decrease Java heap size (-Xmx/-Xms)
#   Decrease number of Java threads
#   Decrease Java thread stack sizes (-Xss)
#   Set larger code cache with -XX:ReservedCodeCacheSize=
#   JVM is running with Zero Based Compressed Oops mode in which the Java heap is
#     placed in the first 32GB address space. The Java Heap base address is the
#     maximum limit for the native heap growth. Please use -XX:HeapBaseMinAddress
#     to set the Java Heap base and to place the Java Heap above 32GB virtual address.
# This output file may be truncated or incomplete.
#
#  Out of Memory Error (arena.cpp:150), pid=39772, tid=41416
#
# JRE version: Java(TM) SE Runtime Environment (22.0+36) (build 22+36-2370)
# Java VM: Java HotSpot(TM) 64-Bit Server VM (22+36-2370, mixed mode, sharing, tiered, compressed oops, compressed class ptrs, g1 gc, windows-amd64)
# No core dump will be written. Minidumps are not enabled by default on client versions of Windows
#

---------------  S U M M A R Y ------------

Command Line: -Dclassworlds.conf=C:\Program Files\NetBeans-21\netbeans\java\maven\bin\m2.conf -Dmaven.home=C:\Program Files\NetBeans-21\netbeans\java\maven -Dlibrary.jansi.path=C:\Program Files\NetBeans-21\netbeans\java\maven\lib\jansi-native -Dmaven.multiModuleProjectDirectory=C:\Users\ADMIN\OneDrive\Documents\GitHub\Management_Project_Java\mavenproject1 org.codehaus.plexus.classworlds.launcher.Launcher -Dexec.vmArgs=--enable-preview -Dexec.args=${exec.vmArgs} -classpath %classpath ${exec.mainClass} ${exec.appArgs} -Dexec.appArgs= -Dexec.mainClass=GUI.Login -Dexec.executable=C:\Program Files\Java\jdk-22\bin\java.exe -Dmaven.ext.class.path=C:\Program Files\NetBeans-21\netbeans\java\maven-nblib\netbeans-eventspy.jar --no-transfer-progress process-classes org.codehaus.mojo:exec-maven-plugin:3.1.0:exec

Host: AMD Ryzen 5 6600HS Creator Edition             , 12 cores, 13G,  Windows 11 , 64 bit Build 22621 (10.0.22621.3527)
Time: Thu May 16 16:18:43 2024 SE Asia Standard Time elapsed time: 20.836323 seconds (0d 0h 0m 20s)

---------------  T H R E A D  ---------------

Current thread (0x00000186b1ac0040):  JavaThread "C1 CompilerThread0" daemon [_thread_in_native, id=41416, stack(0x0000002b48c00000,0x0000002b48d00000) (1024K)]


Current CompileTask:
C1:20836 2006       3       java.util.HashMap::<init> (98 bytes)

Stack: [0x0000002b48c00000,0x0000002b48d00000]
Native frames: (J=compiled Java code, j=interpreted, Vv=VM code, C=native code)
V  [jvm.dll+0x6e2349]  (no source info available)
V  [jvm.dll+0x874ed3]  (no source info available)
V  [jvm.dll+0x8772fe]  (no source info available)
V  [jvm.dll+0x8779d3]  (no source info available)
V  [jvm.dll+0x27fcb6]  (no source info available)
V  [jvm.dll+0xc3d0f]  (no source info available)
V  [jvm.dll+0xc3f6b]  (no source info available)
V  [jvm.dll+0x1949d4]  (no source info available)
V  [jvm.dll+0x194a8d]  (no source info available)
V  [jvm.dll+0x194b0d]  (no source info available)
V  [jvm.dll+0x1970f9]  (no source info available)
V  [jvm.dll+0x198714]  (no source info available)
V  [jvm.dll+0x153e45]  (no source info available)
V  [jvm.dll+0x1535c3]  (no source info available)
V  [jvm.dll+0x1538a0]  (no source info available)
V  [jvm.dll+0x152c1d]  (no source info available)
V  [jvm.dll+0x154add]  (no source info available)
V  [jvm.dll+0x25699e]  (no source info available)
V  [jvm.dll+0x254c5a]  (no source info available)
V  [jvm.dll+0x3f5426]  (no source info available)
V  [jvm.dll+0x81d50b]  (no source info available)
V  [jvm.dll+0x6e09e5]  (no source info available)
C  [ucrtbase.dll+0x29333]  (no source info available)
C  [KERNEL32.DLL+0x1257d]  (no source info available)
C  [ntdll.dll+0x5aa48]  (no source info available)


---------------  P R O C E S S  ---------------

Threads class SMR info:
_java_thread_list=0x00000186f7e643b0, length=11, elements={
0x0000018690ce07d0, 0x00000186b194e2d0, 0x00000186b194f0f0, 0x00000186b1951ed0,
0x00000186b1952b30, 0x00000186b19555a0, 0x00000186b1956000, 0x00000186b195ada0,
0x00000186b1ac0040, 0x00000186b1bac1a0, 0x00000186b1bb0c60
}

Java Threads: ( => current thread )
  0x0000018690ce07d0 JavaThread "main"                              [_thread_in_vm, id=40608, stack(0x0000002b47d00000,0x0000002b47e00000) (1024K)]
  0x00000186b194e2d0 JavaThread "Reference Handler"          daemon [_thread_blocked, id=41304, stack(0x0000002b48500000,0x0000002b48600000) (1024K)]
  0x00000186b194f0f0 JavaThread "Finalizer"                  daemon [_thread_blocked, id=41316, stack(0x0000002b48600000,0x0000002b48700000) (1024K)]
  0x00000186b1951ed0 JavaThread "Signal Dispatcher"          daemon [_thread_blocked, id=41320, stack(0x0000002b48700000,0x0000002b48800000) (1024K)]
  0x00000186b1952b30 JavaThread "Attach Listener"            daemon [_thread_blocked, id=41328, stack(0x0000002b48800000,0x0000002b48900000) (1024K)]
  0x00000186b19555a0 JavaThread "Service Thread"             daemon [_thread_blocked, id=41340, stack(0x0000002b48900000,0x0000002b48a00000) (1024K)]
  0x00000186b1956000 JavaThread "Monitor Deflation Thread"   daemon [_thread_blocked, id=41348, stack(0x0000002b48a00000,0x0000002b48b00000) (1024K)]
  0x00000186b195ada0 JavaThread "C2 CompilerThread0"         daemon [_thread_in_native, id=41356, stack(0x0000002b48b00000,0x0000002b48c00000) (1024K)]
=>0x00000186b1ac0040 JavaThread "C1 CompilerThread0"         daemon [_thread_in_native, id=41416, stack(0x0000002b48c00000,0x0000002b48d00000) (1024K)]
  0x00000186b1bac1a0 JavaThread "Notification Thread"        daemon [_thread_blocked, id=41424, stack(0x0000002b48d00000,0x0000002b48e00000) (1024K)]
  0x00000186b1bb0c60 JavaThread "Common-Cleaner"             daemon [_thread_blocked, id=41428, stack(0x0000002b48e00000,0x0000002b48f00000) (1024K)]
Total: 11

Other Threads:
  0x00000186b1930650 VMThread "VM Thread"                           [id=41260, stack(0x0000002b48400000,0x0000002b48500000) (1024K)] _threads_hazard_ptr=0x00000186f7e643b0
  0x00000186b1918970 WatcherThread "VM Periodic Task Thread"        [id=41240, stack(0x0000002b48300000,0x0000002b48400000) (1024K)]
  0x000001869301b990 WorkerThread "GC Thread#0"                     [id=41092, stack(0x0000002b47e00000,0x0000002b47f00000) (1024K)]
  0x00000186f7e706e0 WorkerThread "GC Thread#1"                     [id=43088, stack(0x0000002b49000000,0x0000002b49100000) (1024K)]
  0x00000186f7c66dd0 WorkerThread "GC Thread#2"                     [id=43092, stack(0x0000002b49100000,0x0000002b49200000) (1024K)]
  0x00000186f7c67180 WorkerThread "GC Thread#3"                     [id=43096, stack(0x0000002b49200000,0x0000002b49300000) (1024K)]
  0x00000186f7c67940 WorkerThread "GC Thread#4"                     [id=43100, stack(0x0000002b49300000,0x0000002b49400000) (1024K)]
  0x00000186f7c67cf0 WorkerThread "GC Thread#5"                     [id=43280, stack(0x0000002b49400000,0x0000002b49500000) (1024K)]
  0x00000186f7984260 WorkerThread "GC Thread#6"                     [id=43284, stack(0x0000002b49500000,0x0000002b49600000) (1024K)]
  0x00000186f7984610 WorkerThread "GC Thread#7"                     [id=43288, stack(0x0000002b49600000,0x0000002b49700000) (1024K)]
  0x00000186f79849c0 WorkerThread "GC Thread#8"                     [id=43292, stack(0x0000002b49700000,0x0000002b49800000) (1024K)]
  0x000001869302a490 ConcurrentGCThread "G1 Main Marker"            [id=41100, stack(0x0000002b47f00000,0x0000002b48000000) (1024K)]
  0x000001869302afa0 WorkerThread "G1 Conc#0"                       [id=41104, stack(0x0000002b48000000,0x0000002b48100000) (1024K)]
  0x000001869307e740 ConcurrentGCThread "G1 Refine#0"               [id=41124, stack(0x0000002b48100000,0x0000002b48200000) (1024K)]
  0x00000186b17eb490 ConcurrentGCThread "G1 Service"                [id=41128, stack(0x0000002b48200000,0x0000002b48300000) (1024K)]
Total: 15

Threads with active compile tasks:
C2 CompilerThread0  50221 2005       4       jdk.internal.org.objectweb.asm.Frame::execute (2305 bytes)
C1 CompilerThread0  50221 2006       3       java.util.HashMap::<init> (98 bytes)
Total: 2

VM state: synchronizing (normal execution)

VM Mutex/Monitor currently owned by a thread:  ([mutex/lock_event])
[0x00007ffbaa60cbc8] Threads_lock - owner thread: 0x00000186b1930650

Heap address: 0x0000000724e00000, size: 3506 MB, Compressed Oops mode: Zero based, Oop shift amount: 3

CDS archive(s) mapped at: [0x00000186b2000000-0x00000186b2c60000-0x00000186b2c60000), size 12976128, SharedBaseAddress: 0x00000186b2000000, ArchiveRelocationMode: 1.
Compressed class space mapped at: 0x00000186b3000000-0x00000186f3000000, reserved size: 1073741824
Narrow klass base: 0x00000186b2000000, Narrow klass shift: 0, Narrow klass range: 0x41000000

GC Precious Log:
 CardTable entry size: 512
 Card Set container configuration: InlinePtr #cards 4 size 8 Array Of Cards #cards 16 size 48 Howl #buckets 8 coarsen threshold 3686 Howl Bitmap #cards 512 size 80 coarsen threshold 460 Card regions per heap region 1 cards per card region 4096
 CPUs: 12 total, 12 available
 Memory: 14020M
 Large Page Support: Disabled
 NUMA Support: Disabled
 Compressed Oops: Enabled (Zero based)
 Heap Region Size: 2M
 Heap Min Capacity: 8M
 Heap Initial Capacity: 220M
 Heap Max Capacity: 3506M
 Pre-touch: Disabled
 Parallel Workers: 10
 Concurrent Workers: 3
 Concurrent Refinement Workers: 10
 Periodic GC: Disabled

Heap:
 garbage-first heap   total reserved 3590144K, committed 225280K, used 38656K [0x0000000724e00000, 0x0000000800000000)
  region size 2048K, 20 young (40960K), 2 survivors (4096K)
 Metaspace       used 11138K, committed 11328K, reserved 1114112K
  class space    used 1347K, committed 1408K, reserved 1048576K

Heap Regions: E=young(eden), S=young(survivor), O=old, HS=humongous(starts), HC=humongous(continues), CS=collection set, F=free, TAMS=top-at-mark-start, PB=parsable bottom
|   0|0x0000000724e00000, 0x0000000724e00000, 0x0000000725000000|  0%| F|  |TAMS 0x0000000724e00000| PB 0x0000000724e00000| Untracked |  0
|   1|0x0000000725000000, 0x0000000725000000, 0x0000000725200000|  0%| F|  |TAMS 0x0000000725000000| PB 0x0000000725000000| Untracked |  0
|   2|0x0000000725200000, 0x0000000725200000, 0x0000000725400000|  0%| F|  |TAMS 0x0000000725200000| PB 0x0000000725200000| Untracked |  0
|   3|0x0000000725400000, 0x0000000725400000, 0x0000000725600000|  0%| F|  |TAMS 0x0000000725400000| PB 0x0000000725400000| Untracked |  0
|   4|0x0000000725600000, 0x0000000725600000, 0x0000000725800000|  0%| F|  |TAMS 0x0000000725600000| PB 0x0000000725600000| Untracked |  0
|   5|0x0000000725800000, 0x0000000725800000, 0x0000000725a00000|  0%| F|  |TAMS 0x0000000725800000| PB 0x0000000725800000| Untracked |  0
|   6|0x0000000725a00000, 0x0000000725a00000, 0x0000000725c00000|  0%| F|  |TAMS 0x0000000725a00000| PB 0x0000000725a00000| Untracked |  0
|   7|0x0000000725c00000, 0x0000000725c00000, 0x0000000725e00000|  0%| F|  |TAMS 0x0000000725c00000| PB 0x0000000725c00000| Untracked |  0
|   8|0x0000000725e00000, 0x0000000725e00000, 0x0000000726000000|  0%| F|  |TAMS 0x0000000725e00000| PB 0x0000000725e00000| Untracked |  0
|   9|0x0000000726000000, 0x0000000726000000, 0x0000000726200000|  0%| F|  |TAMS 0x0000000726000000| PB 0x0000000726000000| Untracked |  0
|  10|0x0000000726200000, 0x0000000726200000, 0x0000000726400000|  0%| F|  |TAMS 0x0000000726200000| PB 0x0000000726200000| Untracked |  0
|  11|0x0000000726400000, 0x0000000726400000, 0x0000000726600000|  0%| F|  |TAMS 0x0000000726400000| PB 0x0000000726400000| Untracked |  0
|  12|0x0000000726600000, 0x0000000726600000, 0x0000000726800000|  0%| F|  |TAMS 0x0000000726600000| PB 0x0000000726600000| Untracked |  0
|  13|0x0000000726800000, 0x0000000726800000, 0x0000000726a00000|  0%| F|  |TAMS 0x0000000726800000| PB 0x0000000726800000| Untracked |  0
|  14|0x0000000726a00000, 0x0000000726a00000, 0x0000000726c00000|  0%| F|  |TAMS 0x0000000726a00000| PB 0x0000000726a00000| Untracked |  0
|  15|0x0000000726c00000, 0x0000000726c00000, 0x0000000726e00000|  0%| F|  |TAMS 0x0000000726c00000| PB 0x0000000726c00000| Untracked |  0
|  16|0x0000000726e00000, 0x0000000726e00000, 0x0000000727000000|  0%| F|  |TAMS 0x0000000726e00000| PB 0x0000000726e00000| Untracked |  0
|  17|0x0000000727000000, 0x0000000727000000, 0x0000000727200000|  0%| F|  |TAMS 0x0000000727000000| PB 0x0000000727000000| Untracked |  0
|  18|0x0000000727200000, 0x0000000727200000, 0x0000000727400000|  0%| F|  |TAMS 0x0000000727200000| PB 0x0000000727200000| Untracked |  0
|  19|0x0000000727400000, 0x0000000727400000, 0x0000000727600000|  0%| F|  |TAMS 0x0000000727400000| PB 0x0000000727400000| Untracked |  0
|  20|0x0000000727600000, 0x0000000727600000, 0x0000000727800000|  0%| F|  |TAMS 0x0000000727600000| PB 0x0000000727600000| Untracked |  0
|  21|0x0000000727800000, 0x0000000727800000, 0x0000000727a00000|  0%| F|  |TAMS 0x0000000727800000| PB 0x0000000727800000| Untracked |  0
|  22|0x0000000727a00000, 0x0000000727a00000, 0x0000000727c00000|  0%| F|  |TAMS 0x0000000727a00000| PB 0x0000000727a00000| Untracked |  0
|  23|0x0000000727c00000, 0x0000000727c00000, 0x0000000727e00000|  0%| F|  |TAMS 0x0000000727c00000| PB 0x0000000727c00000| Untracked |  0
|  24|0x0000000727e00000, 0x0000000727e00000, 0x0000000728000000|  0%| F|  |TAMS 0x0000000727e00000| PB 0x0000000727e00000| Untracked |  0
|  25|0x0000000728000000, 0x0000000728000000, 0x0000000728200000|  0%| F|  |TAMS 0x0000000728000000| PB 0x0000000728000000| Untracked |  0
|  26|0x0000000728200000, 0x0000000728200000, 0x0000000728400000|  0%| F|  |TAMS 0x0000000728200000| PB 0x0000000728200000| Untracked |  0
|  27|0x0000000728400000, 0x0000000728400000, 0x0000000728600000|  0%| F|  |TAMS 0x0000000728400000| PB 0x0000000728400000| Untracked |  0
|  28|0x0000000728600000, 0x0000000728600000, 0x0000000728800000|  0%| F|  |TAMS 0x0000000728600000| PB 0x0000000728600000| Untracked |  0
|  29|0x0000000728800000, 0x0000000728800000, 0x0000000728a00000|  0%| F|  |TAMS 0x0000000728800000| PB 0x0000000728800000| Untracked |  0
|  30|0x0000000728a00000, 0x0000000728a00000, 0x0000000728c00000|  0%| F|  |TAMS 0x0000000728a00000| PB 0x0000000728a00000| Untracked |  0
|  31|0x0000000728c00000, 0x0000000728c00000, 0x0000000728e00000|  0%| F|  |TAMS 0x0000000728c00000| PB 0x0000000728c00000| Untracked |  0
|  32|0x0000000728e00000, 0x0000000728e00000, 0x0000000729000000|  0%| F|  |TAMS 0x0000000728e00000| PB 0x0000000728e00000| Untracked |  0
|  33|0x0000000729000000, 0x0000000729000000, 0x0000000729200000|  0%| F|  |TAMS 0x0000000729000000| PB 0x0000000729000000| Untracked |  0
|  34|0x0000000729200000, 0x0000000729200000, 0x0000000729400000|  0%| F|  |TAMS 0x0000000729200000| PB 0x0000000729200000| Untracked |  0
|  35|0x0000000729400000, 0x0000000729400000, 0x0000000729600000|  0%| F|  |TAMS 0x0000000729400000| PB 0x0000000729400000| Untracked |  0
|  36|0x0000000729600000, 0x0000000729600000, 0x0000000729800000|  0%| F|  |TAMS 0x0000000729600000| PB 0x0000000729600000| Untracked |  0
|  37|0x0000000729800000, 0x0000000729800000, 0x0000000729a00000|  0%| F|  |TAMS 0x0000000729800000| PB 0x0000000729800000| Untracked |  0
|  38|0x0000000729a00000, 0x0000000729a00000, 0x0000000729c00000|  0%| F|  |TAMS 0x0000000729a00000| PB 0x0000000729a00000| Untracked |  0
|  39|0x0000000729c00000, 0x0000000729c00000, 0x0000000729e00000|  0%| F|  |TAMS 0x0000000729c00000| PB 0x0000000729c00000| Untracked |  0
|  40|0x0000000729e00000, 0x0000000729e00000, 0x000000072a000000|  0%| F|  |TAMS 0x0000000729e00000| PB 0x0000000729e00000| Untracked |  0
|  41|0x000000072a000000, 0x000000072a000000, 0x000000072a200000|  0%| F|  |TAMS 0x000000072a000000| PB 0x000000072a000000| Untracked |  0
|  42|0x000000072a200000, 0x000000072a200000, 0x000000072a400000|  0%| F|  |TAMS 0x000000072a200000| PB 0x000000072a200000| Untracked |  0
|  43|0x000000072a400000, 0x000000072a400000, 0x000000072a600000|  0%| F|  |TAMS 0x000000072a400000| PB 0x000000072a400000| Untracked |  0
|  44|0x000000072a600000, 0x000000072a600000, 0x000000072a800000|  0%| F|  |TAMS 0x000000072a600000| PB 0x000000072a600000| Untracked |  0
|  45|0x000000072a800000, 0x000000072a800000, 0x000000072aa00000|  0%| F|  |TAMS 0x000000072a800000| PB 0x000000072a800000| Untracked |  0
|  46|0x000000072aa00000, 0x000000072aa00000, 0x000000072ac00000|  0%| F|  |TAMS 0x000000072aa00000| PB 0x000000072aa00000| Untracked |  0
|  47|0x000000072ac00000, 0x000000072ac00000, 0x000000072ae00000|  0%| F|  |TAMS 0x000000072ac00000| PB 0x000000072ac00000| Untracked |  0
|  48|0x000000072ae00000, 0x000000072ae00000, 0x000000072b000000|  0%| F|  |TAMS 0x000000072ae00000| PB 0x000000072ae00000| Untracked |  0
|  49|0x000000072b000000, 0x000000072b000000, 0x000000072b200000|  0%| F|  |TAMS 0x000000072b000000| PB 0x000000072b000000| Untracked |  0
|  50|0x000000072b200000, 0x000000072b200000, 0x000000072b400000|  0%| F|  |TAMS 0x000000072b200000| PB 0x000000072b200000| Untracked |  0
|  51|0x000000072b400000, 0x000000072b400000, 0x000000072b600000|  0%| F|  |TAMS 0x000000072b400000| PB 0x000000072b400000| Untracked |  0
|  52|0x000000072b600000, 0x000000072b600000, 0x000000072b800000|  0%| F|  |TAMS 0x000000072b600000| PB 0x000000072b600000| Untracked |  0
|  53|0x000000072b800000, 0x000000072b800000, 0x000000072ba00000|  0%| F|  |TAMS 0x000000072b800000| PB 0x000000072b800000| Untracked |  0
|  54|0x000000072ba00000, 0x000000072ba00000, 0x000000072bc00000|  0%| F|  |TAMS 0x000000072ba00000| PB 0x000000072ba00000| Untracked |  0
|  55|0x000000072bc00000, 0x000000072bc00000, 0x000000072be00000|  0%| F|  |TAMS 0x000000072bc00000| PB 0x000000072bc00000| Untracked |  0
|  56|0x000000072be00000, 0x000000072be00000, 0x000000072c000000|  0%| F|  |TAMS 0x000000072be00000| PB 0x000000072be00000| Untracked |  0
|  57|0x000000072c000000, 0x000000072c000000, 0x000000072c200000|  0%| F|  |TAMS 0x000000072c000000| PB 0x000000072c000000| Untracked |  0
|  58|0x000000072c200000, 0x000000072c200000, 0x000000072c400000|  0%| F|  |TAMS 0x000000072c200000| PB 0x000000072c200000| Untracked |  0
|  59|0x000000072c400000, 0x000000072c400000, 0x000000072c600000|  0%| F|  |TAMS 0x000000072c400000| PB 0x000000072c400000| Untracked |  0
|  60|0x000000072c600000, 0x000000072c600000, 0x000000072c800000|  0%| F|  |TAMS 0x000000072c600000| PB 0x000000072c600000| Untracked |  0
|  61|0x000000072c800000, 0x000000072c800000, 0x000000072ca00000|  0%| F|  |TAMS 0x000000072c800000| PB 0x000000072c800000| Untracked |  0
|  62|0x000000072ca00000, 0x000000072ca00000, 0x000000072cc00000|  0%| F|  |TAMS 0x000000072ca00000| PB 0x000000072ca00000| Untracked |  0
|  63|0x000000072cc00000, 0x000000072cc00000, 0x000000072ce00000|  0%| F|  |TAMS 0x000000072cc00000| PB 0x000000072cc00000| Untracked |  0
|  64|0x000000072ce00000, 0x000000072ce00000, 0x000000072d000000|  0%| F|  |TAMS 0x000000072ce00000| PB 0x000000072ce00000| Untracked |  0
|  65|0x000000072d000000, 0x000000072d000000, 0x000000072d200000|  0%| F|  |TAMS 0x000000072d000000| PB 0x000000072d000000| Untracked |  0
|  66|0x000000072d200000, 0x000000072d200000, 0x000000072d400000|  0%| F|  |TAMS 0x000000072d200000| PB 0x000000072d200000| Untracked |  0
|  67|0x000000072d400000, 0x000000072d400000, 0x000000072d600000|  0%| F|  |TAMS 0x000000072d400000| PB 0x000000072d400000| Untracked |  0
|  68|0x000000072d600000, 0x000000072d600000, 0x000000072d800000|  0%| F|  |TAMS 0x000000072d600000| PB 0x000000072d600000| Untracked |  0
|  69|0x000000072d800000, 0x000000072d800000, 0x000000072da00000|  0%| F|  |TAMS 0x000000072d800000| PB 0x000000072d800000| Untracked |  0
|  70|0x000000072da00000, 0x000000072da00000, 0x000000072dc00000|  0%| F|  |TAMS 0x000000072da00000| PB 0x000000072da00000| Untracked |  0
|  71|0x000000072dc00000, 0x000000072dc00000, 0x000000072de00000|  0%| F|  |TAMS 0x000000072dc00000| PB 0x000000072dc00000| Untracked |  0
|  72|0x000000072de00000, 0x000000072de00000, 0x000000072e000000|  0%| F|  |TAMS 0x000000072de00000| PB 0x000000072de00000| Untracked |  0
|  73|0x000000072e000000, 0x000000072e000000, 0x000000072e200000|  0%| F|  |TAMS 0x000000072e000000| PB 0x000000072e000000| Untracked |  0
|  74|0x000000072e200000, 0x000000072e200000, 0x000000072e400000|  0%| F|  |TAMS 0x000000072e200000| PB 0x000000072e200000| Untracked |  0
|  75|0x000000072e400000, 0x000000072e400000, 0x000000072e600000|  0%| F|  |TAMS 0x000000072e400000| PB 0x000000072e400000| Untracked |  0
|  76|0x000000072e600000, 0x000000072e600000, 0x000000072e800000|  0%| F|  |TAMS 0x000000072e600000| PB 0x000000072e600000| Untracked |  0
|  77|0x000000072e800000, 0x000000072e800000, 0x000000072ea00000|  0%| F|  |TAMS 0x000000072e800000| PB 0x000000072e800000| Untracked |  0
|  78|0x000000072ea00000, 0x000000072ea00000, 0x000000072ec00000|  0%| F|  |TAMS 0x000000072ea00000| PB 0x000000072ea00000| Untracked |  0
|  79|0x000000072ec00000, 0x000000072ec00000, 0x000000072ee00000|  0%| F|  |TAMS 0x000000072ec00000| PB 0x000000072ec00000| Untracked |  0
|  80|0x000000072ee00000, 0x000000072ee00000, 0x000000072f000000|  0%| F|  |TAMS 0x000000072ee00000| PB 0x000000072ee00000| Untracked |  0
|  81|0x000000072f000000, 0x000000072f000000, 0x000000072f200000|  0%| F|  |TAMS 0x000000072f000000| PB 0x000000072f000000| Untracked |  0
|  82|0x000000072f200000, 0x000000072f200000, 0x000000072f400000|  0%| F|  |TAMS 0x000000072f200000| PB 0x000000072f200000| Untracked |  0
|  83|0x000000072f400000, 0x000000072f400000, 0x000000072f600000|  0%| F|  |TAMS 0x000000072f400000| PB 0x000000072f400000| Untracked |  0
|  84|0x000000072f600000, 0x000000072f600000, 0x000000072f800000|  0%| F|  |TAMS 0x000000072f600000| PB 0x000000072f600000| Untracked |  0
|  85|0x000000072f800000, 0x000000072f800000, 0x000000072fa00000|  0%| F|  |TAMS 0x000000072f800000| PB 0x000000072f800000| Untracked |  0
|  86|0x000000072fa00000, 0x000000072fa00000, 0x000000072fc00000|  0%| F|  |TAMS 0x000000072fa00000| PB 0x000000072fa00000| Untracked |  0
|  87|0x000000072fc00000, 0x000000072fc00000, 0x000000072fe00000|  0%| F|  |TAMS 0x000000072fc00000| PB 0x000000072fc00000| Untracked |  0
|  88|0x000000072fe00000, 0x000000072fe00000, 0x0000000730000000|  0%| F|  |TAMS 0x000000072fe00000| PB 0x000000072fe00000| Untracked |  0
|  89|0x0000000730000000, 0x0000000730000000, 0x0000000730200000|  0%| F|  |TAMS 0x0000000730000000| PB 0x0000000730000000| Untracked |  0
|  90|0x0000000730200000, 0x00000007302c43d0, 0x0000000730400000| 38%| E|  |TAMS 0x0000000730200000| PB 0x0000000730200000| Complete |  0
|  91|0x0000000730400000, 0x0000000730600000, 0x0000000730600000|100%| E|CS|TAMS 0x0000000730400000| PB 0x0000000730400000| Complete |  0
|  92|0x0000000730600000, 0x0000000730800000, 0x0000000730800000|100%| E|CS|TAMS 0x0000000730600000| PB 0x0000000730600000| Complete |  0
|  93|0x0000000730800000, 0x0000000730a00000, 0x0000000730a00000|100%| E|CS|TAMS 0x0000000730800000| PB 0x0000000730800000| Complete |  0
|  94|0x0000000730a00000, 0x0000000730c00000, 0x0000000730c00000|100%| E|CS|TAMS 0x0000000730a00000| PB 0x0000000730a00000| Complete |  0
|  95|0x0000000730c00000, 0x0000000730e00000, 0x0000000730e00000|100%| E|CS|TAMS 0x0000000730c00000| PB 0x0000000730c00000| Complete |  0
|  96|0x0000000730e00000, 0x0000000730fc0000, 0x0000000731000000| 87%| S|CS|TAMS 0x0000000730e00000| PB 0x0000000730e00000| Complete |  0
|  97|0x0000000731000000, 0x0000000731200000, 0x0000000731200000|100%| S|CS|TAMS 0x0000000731000000| PB 0x0000000731000000| Complete |  0
|  98|0x0000000731200000, 0x0000000731400000, 0x0000000731400000|100%| E|CS|TAMS 0x0000000731200000| PB 0x0000000731200000| Complete |  0
|  99|0x0000000731400000, 0x0000000731600000, 0x0000000731600000|100%| E|CS|TAMS 0x0000000731400000| PB 0x0000000731400000| Complete |  0
| 100|0x0000000731600000, 0x0000000731800000, 0x0000000731800000|100%| E|CS|TAMS 0x0000000731600000| PB 0x0000000731600000| Complete |  0
| 101|0x0000000731800000, 0x0000000731a00000, 0x0000000731a00000|100%| E|CS|TAMS 0x0000000731800000| PB 0x0000000731800000| Complete |  0
| 102|0x0000000731a00000, 0x0000000731c00000, 0x0000000731c00000|100%| E|CS|TAMS 0x0000000731a00000| PB 0x0000000731a00000| Complete |  0
| 103|0x0000000731c00000, 0x0000000731e00000, 0x0000000731e00000|100%| E|CS|TAMS 0x0000000731c00000| PB 0x0000000731c00000| Complete |  0
| 104|0x0000000731e00000, 0x0000000732000000, 0x0000000732000000|100%| E|CS|TAMS 0x0000000731e00000| PB 0x0000000731e00000| Complete |  0
| 105|0x0000000732000000, 0x0000000732200000, 0x0000000732200000|100%| E|CS|TAMS 0x0000000732000000| PB 0x0000000732000000| Complete |  0
| 106|0x0000000732200000, 0x0000000732400000, 0x0000000732400000|100%| E|CS|TAMS 0x0000000732200000| PB 0x0000000732200000| Complete |  0
| 107|0x0000000732400000, 0x0000000732600000, 0x0000000732600000|100%| E|CS|TAMS 0x0000000732400000| PB 0x0000000732400000| Complete |  0
| 108|0x0000000732600000, 0x0000000732800000, 0x0000000732800000|100%| E|CS|TAMS 0x0000000732600000| PB 0x0000000732600000| Complete |  0
| 109|0x0000000732800000, 0x0000000732a00000, 0x0000000732a00000|100%| E|CS|TAMS 0x0000000732800000| PB 0x0000000732800000| Complete |  0

Card table byte_map: [0x00000186aaf40000,0x00000186ab620000] _byte_map_base: 0x00000186a7619000

Marking Bits: (CMBitMap*) 0x000001869301c0a0
 Bits: [0x00000186ab620000, 0x00000186aece8000)

Polling page: 0x0000018690f40000

Metaspace:

Usage:
  Non-class:      9.56 MB used.
      Class:      1.32 MB used.
       Both:     10.88 MB used.

Virtual space:
  Non-class space:       64.00 MB reserved,       9.69 MB ( 15%) committed,  1 nodes.
      Class space:        1.00 GB reserved,       1.38 MB ( <1%) committed,  1 nodes.
             Both:        1.06 GB reserved,      11.06 MB (  1%) committed. 

Chunk freelists:
   Non-Class:  5.05 MB
       Class:  14.63 MB
        Both:  19.67 MB

MaxMetaspaceSize: unlimited
CompressedClassSpaceSize: 1.00 GB
Initial GC threshold: 21.00 MB
Current GC threshold: 21.00 MB
CDS: on
 - commit_granule_bytes: 65536.
 - commit_granule_words: 8192.
 - virtual_space_node_default_size: 8388608.
 - enlarge_chunks_in_place: 1.
 - use_allocation_guard: 0.


Internal statistics:

num_allocs_failed_limit: 0.
num_arena_births: 108.
num_arena_deaths: 0.
num_vsnodes_births: 2.
num_vsnodes_deaths: 0.
num_space_committed: 177.
num_space_uncommitted: 0.
num_chunks_returned_to_freelist: 0.
num_chunks_taken_from_freelist: 466.
num_chunk_merges: 0.
num_chunk_splits: 328.
num_chunks_enlarged: 274.
num_inconsistent_stats: 0.

CodeHeap 'non-profiled nmethods': size=120000Kb used=740Kb max_used=740Kb free=119259Kb
 bounds [0x00000186a2dd0000, 0x00000186a3040000, 0x00000186aa300000]
CodeHeap 'profiled nmethods': size=120000Kb used=3752Kb max_used=3752Kb free=116247Kb
 bounds [0x000001869b300000, 0x000001869b6b0000, 0x00000186a2830000]
CodeHeap 'non-nmethods': size=5760Kb used=1375Kb max_used=1391Kb free=4384Kb
 bounds [0x00000186a2830000, 0x00000186a2aa0000, 0x00000186a2dd0000]
 total_blobs=2437 nmethods=1965 adapters=376
 compilation: enabled
              stopped_count=0, restarted_count=0
 full_count=0

Compilation events (20 events):
Event: 20.686 Thread 0x00000186b195ada0 1998       4       java.lang.StringConcatHelper::simpleConcat (94 bytes)
Event: 20.686 Thread 0x00000186b1ac0040 1999       3       com.google.inject.internal.AbstractProcessor::visitOther (6 bytes)
Event: 20.686 Thread 0x00000186b1ac0040 nmethod 1999 0x000001869b6a3c90 code [0x000001869b6a3e40, 0x000001869b6a4098]
Event: 20.686 Thread 0x00000186b1ac0040 2000       3       com.google.inject.internal.AbstractProcessor::visitOther (5 bytes)
Event: 20.687 Thread 0x00000186b1ac0040 nmethod 2000 0x000001869b6a4190 code [0x000001869b6a4320, 0x000001869b6a44a0]
Event: 20.691 Thread 0x00000186b1ac0040 2002       1       jdk.internal.org.objectweb.asm.SymbolTable::getClassName (5 bytes)
Event: 20.722 Thread 0x00000186b1ac0040 nmethod 2002 0x00000186a2e87e90 code [0x00000186a2e88020, 0x00000186a2e880f0]
Event: 20.723 Thread 0x00000186b195ada0 nmethod 1998 0x00000186a2e88190 code [0x00000186a2e88380, 0x00000186a2e88948]
Event: 20.723 Thread 0x00000186b195ada0 2001       4       java.util.ArrayList::elementAt (4 bytes)
Event: 20.724 Thread 0x00000186b195ada0 nmethod 2001 0x00000186a2e88e10 code [0x00000186a2e88f80, 0x00000186a2e89030]
Event: 20.732 Thread 0x00000186b1ac0040 2003       3       jdk.internal.org.objectweb.asm.MethodWriter::visitLdcInsn (215 bytes)
Event: 20.733 Thread 0x00000186b195ada0 2005       4       jdk.internal.org.objectweb.asm.Frame::execute (2305 bytes)
Event: 20.733 Thread 0x00000186b1ac0040 nmethod 2003 0x000001869b6a4590 code [0x000001869b6a4800, 0x000001869b6a52b0]
Event: 20.733 Thread 0x00000186b1ac0040 2004       3       jdk.internal.org.objectweb.asm.SymbolTable::addConstant (330 bytes)
Event: 20.735 Thread 0x00000186b1ac0040 nmethod 2004 0x000001869b6a5710 code [0x000001869b6a5c00, 0x000001869b6a8930]
Event: 20.735 Thread 0x00000186b1ac0040 2007       3       java.lang.reflect.Proxy$ProxyBuilder::addElementTypes (33 bytes)
Event: 20.739 Thread 0x00000186b1ac0040 nmethod 2007 0x000001869b6a9290 code [0x000001869b6a94a0, 0x000001869b6a9b50]
Event: 20.739 Thread 0x00000186b1ac0040 2009       3       java.util.ArrayList::isClear (21 bytes)
Event: 20.739 Thread 0x00000186b1ac0040 nmethod 2009 0x000001869b6a9e10 code [0x000001869b6a9fa0, 0x000001869b6aa120]
Event: 20.739 Thread 0x00000186b1ac0040 2006       3       java.util.HashMap::<init> (98 bytes)

GC Heap History (2 events):
Event: 12.166 GC heap before
{Heap before GC invocations=0 (full 0):
 garbage-first heap   total reserved 3590144K, committed 225280K, used 24576K [0x0000000724e00000, 0x0000000800000000)
  region size 2048K, 12 young (24576K), 0 survivors (0K)
 Metaspace       used 5646K, committed 5824K, reserved 1114112K
  class space    used 673K, committed 768K, reserved 1048576K
}
Event: 12.832 GC heap after
{Heap after GC invocations=1 (full 0):
 garbage-first heap   total reserved 3590144K, committed 225280K, used 3840K [0x0000000724e00000, 0x0000000800000000)
  region size 2048K, 2 young (4096K), 2 survivors (4096K)
 Metaspace       used 5646K, committed 5824K, reserved 1114112K
  class space    used 673K, committed 768K, reserved 1048576K
}

Dll operation events (8 events):
Event: 2.038 Loaded shared library C:\Program Files\Java\jdk-22\bin\java.dll
Event: 3.138 Loaded shared library C:\Program Files\Java\jdk-22\bin\jsvml.dll
Event: 3.172 Loaded shared library C:\Program Files\Java\jdk-22\bin\net.dll
Event: 3.175 Loaded shared library C:\Program Files\Java\jdk-22\bin\nio.dll
Event: 3.180 Loaded shared library C:\Program Files\Java\jdk-22\bin\zip.dll
Event: 7.744 Loaded shared library C:\Program Files\Java\jdk-22\bin\jimage.dll
Event: 8.497 Loaded shared library C:\Program Files\NetBeans-21\netbeans\java\maven\lib\jansi-native\Windows\x86_64\jansi.dll
Event: 8.794 Loaded shared library C:\Program Files\Java\jdk-22\bin\verify.dll

Deoptimization events (20 events):
Event: 20.029 Thread 0x0000018690ce07d0 Uncommon trap: trap_request=0xffffffc6 fr.pc=0x00000186a2e7433c relative=0x00000000000002dc
Event: 20.029 Thread 0x0000018690ce07d0 Uncommon trap: reason=bimorphic_or_optimized_type_check action=maybe_recompile pc=0x00000186a2e7433c method=java.util.HashMap.getNode(Ljava/lang/Object;)Ljava/util/HashMap$Node; @ 128 c2
Event: 20.029 Thread 0x0000018690ce07d0 DEOPT PACKING pc=0x00000186a2e7433c sp=0x0000002b47dfe320
Event: 20.029 Thread 0x0000018690ce07d0 DEOPT UNPACKING pc=0x00000186a28846a2 sp=0x0000002b47dfe228 mode 2
Event: 20.032 Thread 0x0000018690ce07d0 Uncommon trap: trap_request=0xffffffc6 fr.pc=0x00000186a2e5979c relative=0x000000000000031c
Event: 20.032 Thread 0x0000018690ce07d0 Uncommon trap: reason=bimorphic_or_optimized_type_check action=maybe_recompile pc=0x00000186a2e5979c method=java.util.HashMap.getNode(Ljava/lang/Object;)Ljava/util/HashMap$Node; @ 63 c2
Event: 20.032 Thread 0x0000018690ce07d0 DEOPT PACKING pc=0x00000186a2e5979c sp=0x0000002b47dfe1a0
Event: 20.032 Thread 0x0000018690ce07d0 DEOPT UNPACKING pc=0x00000186a28846a2 sp=0x0000002b47dfe108 mode 2
Event: 20.500 Thread 0x0000018690ce07d0 Uncommon trap: trap_request=0xffffff45 fr.pc=0x00000186a2e1b2ec relative=0x00000000000002ac
Event: 20.500 Thread 0x0000018690ce07d0 Uncommon trap: reason=unstable_if action=reinterpret pc=0x00000186a2e1b2ec method=java.util.concurrent.ConcurrentHashMap.get(Ljava/lang/Object;)Ljava/lang/Object; @ 76 c2
Event: 20.500 Thread 0x0000018690ce07d0 DEOPT PACKING pc=0x00000186a2e1b2ec sp=0x0000002b47dfb410
Event: 20.500 Thread 0x0000018690ce07d0 DEOPT UNPACKING pc=0x00000186a28846a2 sp=0x0000002b47dfb388 mode 2
Event: 20.643 Thread 0x0000018690ce07d0 Uncommon trap: trap_request=0xffffff45 fr.pc=0x00000186a2e3c1c8 relative=0x0000000000000228
Event: 20.643 Thread 0x0000018690ce07d0 Uncommon trap: reason=unstable_if action=reinterpret pc=0x00000186a2e3c1c8 method=java.lang.ClassLoader.checkName(Ljava/lang/String;)Z @ 1 c2
Event: 20.643 Thread 0x0000018690ce07d0 DEOPT PACKING pc=0x00000186a2e3c1c8 sp=0x0000002b47dfda40
Event: 20.643 Thread 0x0000018690ce07d0 DEOPT UNPACKING pc=0x00000186a28846a2 sp=0x0000002b47dfd9d8 mode 2
Event: 20.665 Thread 0x0000018690ce07d0 Uncommon trap: trap_request=0xffffff45 fr.pc=0x00000186a2e842c4 relative=0x0000000000000324
Event: 20.665 Thread 0x0000018690ce07d0 Uncommon trap: reason=unstable_if action=reinterpret pc=0x00000186a2e842c4 method=jdk.internal.org.objectweb.asm.SymbolTable.put(Ljdk/internal/org/objectweb/asm/SymbolTable$Entry;)Ljdk/internal/org/objectweb/asm/SymbolTable$Entry; @ 13 c2
Event: 20.665 Thread 0x0000018690ce07d0 DEOPT PACKING pc=0x00000186a2e842c4 sp=0x0000002b47dfd700
Event: 20.665 Thread 0x0000018690ce07d0 DEOPT UNPACKING pc=0x00000186a28846a2 sp=0x0000002b47dfd680 mode 2

Classes loaded (20 events):
Event: 20.247 Loading class sun/reflect/generics/repository/FieldRepository
Event: 20.247 Loading class sun/reflect/generics/repository/FieldRepository done
Event: 20.263 Loading class java/io/UncheckedIOException
Event: 20.263 Loading class java/io/UncheckedIOException done
Event: 20.293 Loading class java/nio/channels/OverlappingFileLockException
Event: 20.293 Loading class java/nio/channels/OverlappingFileLockException done
Event: 20.293 Loading class java/nio/channels/FileLock
Event: 20.293 Loading class java/nio/channels/FileLock done
Event: 20.408 Loading class java/nio/file/AccessDeniedException
Event: 20.408 Loading class java/nio/file/AccessDeniedException done
Event: 20.482 Loading class java/lang/ExceptionInInitializerError
Event: 20.493 Loading class java/lang/ExceptionInInitializerError done
Event: 20.499 Loading class jdk/internal/vm/annotation/ForceInline
Event: 20.500 Loading class jdk/internal/vm/annotation/ForceInline done
Event: 20.567 Loading class sun/invoke/util/ValueConversions$1
Event: 20.587 Loading class sun/invoke/util/ValueConversions$1 done
Event: 20.588 Loading class java/lang/invoke/BoundMethodHandle$Species_LI
Event: 20.588 Loading class java/lang/invoke/BoundMethodHandle$Species_LI done
Event: 20.616 Loading class jdk/internal/org/objectweb/asm/ClassReader
Event: 20.640 Loading class jdk/internal/org/objectweb/asm/ClassReader done

Classes unloaded (0 events):
No events

Classes redefined (0 events):
No events

Internal exceptions (20 events):
Event: 9.096 Thread 0x0000018690ce07d0 Exception <a 'java/lang/NoSuchMethodError'{0x00000007322725c0}: 'void java.lang.invoke.DirectMethodHandle$Holder.invokeStatic(java.lang.Object, java.lang.Object, java.lang.Object)'> (0x00000007322725c0) 
thrown [s\open\src\hotspot\share\interpreter\linkResolver.cpp, line 774]
Event: 9.691 Thread 0x0000018690ce07d0 Exception <a 'java/lang/NoSuchMethodError'{0x0000000732024f48}: 'java.lang.Object java.lang.invoke.DirectMethodHandle$Holder.invokeSpecialIFC(java.lang.Object, java.lang.Object, java.lang.Object, java.lang.Object)'> (0x0000000732024f48) 
thrown [s\open\src\hotspot\share\interpreter\linkResolver.cpp, line 774]
Event: 9.999 Thread 0x0000018690ce07d0 Exception <a 'java/lang/NoSuchMethodError'{0x0000000731d98398}: 'void java.lang.invoke.DirectMethodHandle$Holder.invokeSpecial(java.lang.Object, java.lang.Object, java.lang.Object)'> (0x0000000731d98398) 
thrown [s\open\src\hotspot\share\interpreter\linkResolver.cpp, line 774]
Event: 10.338 Thread 0x0000018690ce07d0 Exception <a 'java/lang/NoSuchMethodError'{0x0000000731ad9bb0}: 'java.lang.Object java.lang.invoke.DirectMethodHandle$Holder.invokeInterface(java.lang.Object, java.lang.Object)'> (0x0000000731ad9bb0) 
thrown [s\open\src\hotspot\share\interpreter\linkResolver.cpp, line 774]
Event: 10.376 Thread 0x0000018690ce07d0 Exception <a 'java/lang/NoSuchMethodError'{0x0000000731b6bb00}: 'int java.lang.invoke.DirectMethodHandle$Holder.invokeStatic(java.lang.Object, java.lang.Object, java.lang.Object, java.lang.Object)'> (0x0000000731b6bb00) 
thrown [s\open\src\hotspot\share\interpreter\linkResolver.cpp, line 774]
Event: 10.377 Thread 0x0000018690ce07d0 Exception <a 'java/lang/NoSuchMethodError'{0x0000000731b6f1c0}: 'java.lang.Object java.lang.invoke.Invokers$Holder.invokeExact_MT(java.lang.Object, java.lang.Object, java.lang.Object, java.lang.Object, java.lang.Object, java.lang.Object)'> (0x0000000731b6f1c0) 
thrown [s\open\src\hotspot\share\interpreter\linkResolver.cpp, line 774]
Event: 10.379 Thread 0x0000018690ce07d0 Exception <a 'java/lang/NoSuchMethodError'{0x0000000731b7dc30}: 'int java.lang.invoke.DirectMethodHandle$Holder.invokeSpecialIFC(java.lang.Object, java.lang.Object, java.lang.Object, java.lang.Object, java.lang.Object)'> (0x0000000731b7dc30) 
thrown [s\open\src\hotspot\share\interpreter\linkResolver.cpp, line 774]
Event: 10.990 Thread 0x0000018690ce07d0 Exception <a 'java/lang/NoSuchMethodError'{0x00000007318f5980}: 'java.lang.Object java.lang.invoke.DirectMethodHandle$Holder.newInvokeSpecial(java.lang.Object, java.lang.Object, java.lang.Object, java.lang.Object, java.lang.Object)'> (0x00000007318f5980) 
thrown [s\open\src\hotspot\share\interpreter\linkResolver.cpp, line 774]
Event: 11.660 Thread 0x0000018690ce07d0 Exception <a 'java/lang/NoSuchMethodError'{0x00000007319ec608}: 'int java.lang.invoke.DirectMethodHandle$Holder.invokeStaticInit(java.lang.Object, java.lang.Object)'> (0x00000007319ec608) 
thrown [s\open\src\hotspot\share\interpreter\linkResolver.cpp, line 774]
Event: 11.672 Thread 0x0000018690ce07d0 Exception <a 'java/lang/NoClassDefFoundError'{0x0000000731620bd8}: javax/enterprise/inject/Typed> (0x0000000731620bd8) 
thrown [s\open\src\hotspot\share\classfile\systemDictionary.cpp, line 302]
Event: 20.467 Thread 0x0000018690ce07d0 Exception <a 'java/lang/NoSuchMethodError'{0x00000007307cf998}: 'void java.lang.invoke.DirectMethodHandle$Holder.invokeStaticInit(java.lang.Object, java.lang.Object, java.lang.Object)'> (0x00000007307cf998) 
thrown [s\open\src\hotspot\share\interpreter\linkResolver.cpp, line 774]
Event: 20.496 Thread 0x0000018690ce07d0 Exception <a 'java/lang/ExceptionInInitializerError'{0x00000007307f7f70}> (0x00000007307f7f70) 
thrown [s\open\src\hotspot\share\oops\instanceKlass.cpp, line 1247]
Event: 20.587 Thread 0x0000018690ce07d0 Exception <a 'java/lang/NoSuchMethodError'{0x0000000730501890}: 'long java.lang.invoke.DirectMethodHandle$Holder.invokeStatic(java.lang.Object, java.lang.Object, int)'> (0x0000000730501890) 
thrown [s\open\src\hotspot\share\interpreter\linkResolver.cpp, line 774]
Event: 20.591 Thread 0x0000018690ce07d0 Exception <a 'java/lang/NoSuchMethodError'{0x0000000730514da8}: 'java.lang.Object java.lang.invoke.DirectMethodHandle$Holder.invokeStatic(java.lang.Object, java.lang.Object, java.lang.Object, java.lang.Object, int)'> (0x0000000730514da8) 
thrown [s\open\src\hotspot\share\interpreter\linkResolver.cpp, line 774]
Event: 20.593 Thread 0x0000018690ce07d0 Exception <a 'java/lang/NoSuchMethodError'{0x000000073051cf60}: 'java.lang.Object java.lang.invoke.DirectMethodHandle$Holder.invokeSpecial(java.lang.Object, java.lang.Object, java.lang.Object, java.lang.Object, long)'> (0x000000073051cf60) 
thrown [s\open\src\hotspot\share\interpreter\linkResolver.cpp, line 774]
Event: 20.597 Thread 0x0000018690ce07d0 Exception <a 'java/lang/NoSuchMethodError'{0x0000000730528f90}: 'java.lang.Object java.lang.invoke.DirectMethodHandle$Holder.invokeSpecial(java.lang.Object, java.lang.Object, java.lang.Object, int, java.lang.Object)'> (0x0000000730528f90) 
thrown [s\open\src\hotspot\share\interpreter\linkResolver.cpp, line 774]
Event: 20.606 Thread 0x0000018690ce07d0 Exception <a 'java/lang/NoSuchMethodError'{0x00000007305312c0}: 'int java.lang.invoke.DirectMethodHandle$Holder.invokeSpecial(java.lang.Object, java.lang.Object, java.lang.Object, int)'> (0x00000007305312c0) 
thrown [s\open\src\hotspot\share\interpreter\linkResolver.cpp, line 774]
Event: 20.643 Thread 0x0000018690ce07d0 Implicit null exception at 0x00000186a2e3bfba to 0x00000186a2e3c1b4
Event: 20.653 Thread 0x0000018690ce07d0 Exception <a 'java/lang/NoSuchMethodError'{0x0000000730555938}: 'java.lang.Object java.lang.invoke.Invokers$Holder.invokeExact_MT(java.lang.Object, int, java.lang.Object)'> (0x0000000730555938) 
thrown [s\open\src\hotspot\share\interpreter\linkResolver.cpp, line 774]
Event: 20.669 Thread 0x0000018690ce07d0 Exception <a 'java/lang/NoSuchMethodError'{0x00000007305a98f0}: 'void java.lang.invoke.DirectMethodHandle$Holder.invokeStatic(java.lang.Object, java.lang.Object)'> (0x00000007305a98f0) 
thrown [s\open\src\hotspot\share\interpreter\linkResolver.cpp, line 774]

ZGC Phase Switch (0 events):
No events

VM Operations (20 events):
Event: 11.350 Executing VM operation: Cleanup
Event: 11.526 Executing VM operation: Cleanup done
Event: 12.166 Executing VM operation: G1CollectForAllocation (G1 Evacuation Pause)
Event: 12.832 Executing VM operation: G1CollectForAllocation (G1 Evacuation Pause) done
Event: 13.843 Executing VM operation: Cleanup
Event: 13.843 Executing VM operation: Cleanup done
Event: 14.846 Executing VM operation: Cleanup
Event: 14.861 Executing VM operation: Cleanup done
Event: 15.875 Executing VM operation: Cleanup
Event: 15.875 Executing VM operation: Cleanup done
Event: 17.027 Executing VM operation: HandshakeAllThreads (Deoptimize)
Event: 17.028 Executing VM operation: HandshakeAllThreads (Deoptimize) done
Event: 17.028 Executing VM operation: Cleanup
Event: 17.028 Executing VM operation: Cleanup done
Event: 17.491 Executing VM operation: HandshakeAllThreads (Deoptimize)
Event: 17.491 Executing VM operation: HandshakeAllThreads (Deoptimize) done
Event: 18.496 Executing VM operation: Cleanup
Event: 19.836 Executing VM operation: Cleanup done
Event: 20.509 Executing VM operation: HandshakeAllThreads (Deoptimize)
Event: 20.509 Executing VM operation: HandshakeAllThreads (Deoptimize) done

Events (15 events):
Event: 3.104 Thread 0x0000018690ce07d0 Thread added: 0x0000018690ce07d0
Event: 3.134 Thread 0x00000186b194e2d0 Thread added: 0x00000186b194e2d0
Event: 3.134 Thread 0x00000186b194f0f0 Thread added: 0x00000186b194f0f0
Event: 3.135 Thread 0x00000186b1951ed0 Thread added: 0x00000186b1951ed0
Event: 3.135 Thread 0x00000186b1952b30 Thread added: 0x00000186b1952b30
Event: 3.135 Thread 0x00000186b19555a0 Thread added: 0x00000186b19555a0
Event: 3.135 Thread 0x00000186b1956000 Thread added: 0x00000186b1956000
Event: 3.135 Thread 0x00000186b195ada0 Thread added: 0x00000186b195ada0
Event: 3.140 Thread 0x00000186b1ac0040 Thread added: 0x00000186b1ac0040
Event: 3.163 Thread 0x00000186b1bac1a0 Thread added: 0x00000186b1bac1a0
Event: 3.166 Thread 0x00000186b1bb0c60 Thread added: 0x00000186b1bb0c60
Event: 10.533 Thread 0x00000186f77fe6f0 Thread added: 0x00000186f77fe6f0
Event: 10.954 Thread 0x00000186f77fe6f0 Thread exited: 0x00000186f77fe6f0
Event: 11.678 Thread 0x00000186b1bf1f70 Thread added: 0x00000186b1bf1f70
Event: 13.011 Thread 0x00000186b1bf1f70 Thread exited: 0x00000186b1bf1f70


Dynamic libraries:
0x00007ff7ed1d0000 - 0x00007ff7ed1e0000 	C:\Program Files\Java\jdk-22\bin\java.exe
0x00007ffc3f9d0000 - 0x00007ffc3fbe7000 	C:\WINDOWS\SYSTEM32\ntdll.dll
0x00007ffc3e920000 - 0x00007ffc3e9e4000 	C:\WINDOWS\System32\KERNEL32.DLL
0x00007ffc3cf80000 - 0x00007ffc3d327000 	C:\WINDOWS\System32\KERNELBASE.dll
0x00007ffc3ce60000 - 0x00007ffc3cf71000 	C:\WINDOWS\System32\ucrtbase.dll
0x00007ffbf78f0000 - 0x00007ffbf790b000 	C:\Program Files\Java\jdk-22\bin\VCRUNTIME140.dll
0x00007ffc0f400000 - 0x00007ffc0f417000 	C:\Program Files\Java\jdk-22\bin\jli.dll
0x00007ffc3e9f0000 - 0x00007ffc3eaa2000 	C:\WINDOWS\System32\ADVAPI32.dll
0x00007ffc3eab0000 - 0x00007ffc3eb57000 	C:\WINDOWS\System32\msvcrt.dll
0x00007ffc3dbc0000 - 0x00007ffc3dc68000 	C:\WINDOWS\System32\sechost.dll
0x00007ffc3ce30000 - 0x00007ffc3ce58000 	C:\WINDOWS\System32\bcrypt.dll
0x00007ffc3f650000 - 0x00007ffc3f765000 	C:\WINDOWS\System32\RPCRT4.dll
0x00007ffc3e520000 - 0x00007ffc3e6ce000 	C:\WINDOWS\System32\USER32.dll
0x00007ffc3d4c0000 - 0x00007ffc3d4e6000 	C:\WINDOWS\System32\win32u.dll
0x00007ffc3db70000 - 0x00007ffc3db99000 	C:\WINDOWS\System32\GDI32.dll
0x00007ffc3d3a0000 - 0x00007ffc3d4b9000 	C:\WINDOWS\System32\gdi32full.dll
0x00007ffc3d4f0000 - 0x00007ffc3d58a000 	C:\WINDOWS\System32\msvcp_win.dll
0x00007ffc10350000 - 0x00007ffc105e3000 	C:\WINDOWS\WinSxS\amd64_microsoft.windows.common-controls_6595b64144ccf1df_6.0.22621.3527_none_270e469b73872a76\COMCTL32.dll
0x00007ffc343d0000 - 0x00007ffc343da000 	C:\WINDOWS\SYSTEM32\VERSION.dll
0x00007ffc3f2b0000 - 0x00007ffc3f2e1000 	C:\WINDOWS\System32\IMM32.DLL
0x00007ffc0e880000 - 0x00007ffc0e88c000 	C:\Program Files\Java\jdk-22\bin\vcruntime140_1.dll
0x00007ffbd0ad0000 - 0x00007ffbd0b5e000 	C:\Program Files\Java\jdk-22\bin\msvcp140.dll
0x00007ffba99a0000 - 0x00007ffbaa6e8000 	C:\Program Files\Java\jdk-22\bin\server\jvm.dll
0x00007ffc3e6d0000 - 0x00007ffc3e741000 	C:\WINDOWS\System32\WS2_32.dll
0x00007ffc3cbb0000 - 0x00007ffc3cbfd000 	C:\WINDOWS\SYSTEM32\POWRPROF.dll
0x00007ffc345c0000 - 0x00007ffc345f4000 	C:\WINDOWS\SYSTEM32\WINMM.dll
0x00007ffc3cb90000 - 0x00007ffc3cba3000 	C:\WINDOWS\SYSTEM32\UMPDC.dll
0x00007ffc3bcd0000 - 0x00007ffc3bce8000 	C:\WINDOWS\SYSTEM32\kernel.appcore.dll
0x00007ffbf77d0000 - 0x00007ffbf77da000 	C:\Program Files\Java\jdk-22\bin\jimage.dll
0x00007ffc3a670000 - 0x00007ffc3a8a2000 	C:\WINDOWS\SYSTEM32\DBGHELP.DLL
0x00007ffc3d700000 - 0x00007ffc3da88000 	C:\WINDOWS\System32\combase.dll
0x00007ffc3da90000 - 0x00007ffc3db67000 	C:\WINDOWS\System32\OLEAUT32.dll
0x00007ffc2a930000 - 0x00007ffc2a962000 	C:\WINDOWS\SYSTEM32\dbgcore.DLL
0x00007ffc3cdb0000 - 0x00007ffc3ce29000 	C:\WINDOWS\System32\bcryptPrimitives.dll
0x00007ffbf78d0000 - 0x00007ffbf78ee000 	C:\Program Files\Java\jdk-22\bin\java.dll
0x00007ffc3dc70000 - 0x00007ffc3e4cc000 	C:\WINDOWS\System32\SHELL32.dll
0x00007ffc3f2f0000 - 0x00007ffc3f495000 	C:\WINDOWS\System32\ole32.dll
0x00007ffc3abe0000 - 0x00007ffc3b4d6000 	C:\WINDOWS\SYSTEM32\windows.storage.dll
0x00007ffc3aaa0000 - 0x00007ffc3abde000 	C:\WINDOWS\SYSTEM32\wintypes.dll
0x00007ffc3ed30000 - 0x00007ffc3ee25000 	C:\WINDOWS\System32\SHCORE.dll
0x00007ffc3ec60000 - 0x00007ffc3ecbe000 	C:\WINDOWS\System32\shlwapi.dll
0x00007ffc3cc20000 - 0x00007ffc3cc41000 	C:\WINDOWS\SYSTEM32\profapi.dll
0x00007ffbdd120000 - 0x00007ffbdd1f7000 	C:\Program Files\Java\jdk-22\bin\jsvml.dll
0x00007ffbf77c0000 - 0x00007ffbf77d0000 	C:\Program Files\Java\jdk-22\bin\net.dll
0x00007ffc3c130000 - 0x00007ffc3c199000 	C:\WINDOWS\system32\mswsock.dll
0x00007ffbdd100000 - 0x00007ffbdd116000 	C:\Program Files\Java\jdk-22\bin\nio.dll
0x00007ffbdd0e0000 - 0x00007ffbdd0f7000 	C:\Program Files\Java\jdk-22\bin\zip.dll
0x0000000069ac0000 - 0x0000000069ae4000 	C:\Program Files\NetBeans-21\netbeans\java\maven\lib\jansi-native\Windows\x86_64\jansi.dll
0x00007ffbf77b0000 - 0x00007ffbf77c0000 	C:\Program Files\Java\jdk-22\bin\verify.dll

dbghelp: loaded successfully - version: 4.0.5 - missing functions: none
symbol engine: initialized successfully - sym options: 0x614 - pdb path: .;C:\Program Files\Java\jdk-22\bin;C:\WINDOWS\SYSTEM32;C:\WINDOWS\WinSxS\amd64_microsoft.windows.common-controls_6595b64144ccf1df_6.0.22621.3527_none_270e469b73872a76;C:\Program Files\Java\jdk-22\bin\server;C:\Program Files\NetBeans-21\netbeans\java\maven\lib\jansi-native\Windows\x86_64

VM Arguments:
jvm_args: -Dclassworlds.conf=C:\Program Files\NetBeans-21\netbeans\java\maven\bin\m2.conf -Dmaven.home=C:\Program Files\NetBeans-21\netbeans\java\maven -Dlibrary.jansi.path=C:\Program Files\NetBeans-21\netbeans\java\maven\lib\jansi-native -Dmaven.multiModuleProjectDirectory=C:\Users\ADMIN\OneDrive\Documents\GitHub\Management_Project_Java\mavenproject1 
java_command: org.codehaus.plexus.classworlds.launcher.Launcher -Dexec.vmArgs=--enable-preview -Dexec.args=${exec.vmArgs} -classpath %classpath ${exec.mainClass} ${exec.appArgs} -Dexec.appArgs= -Dexec.mainClass=GUI.Login -Dexec.executable=C:\Program Files\Java\jdk-22\bin\java.exe -Dmaven.ext.class.path=C:\Program Files\NetBeans-21\netbeans\java\maven-nblib\netbeans-eventspy.jar --no-transfer-progress process-classes org.codehaus.mojo:exec-maven-plugin:3.1.0:exec
java_class_path (initial): C:\Program Files\NetBeans-21\netbeans\java\maven\boot\plexus-classworlds-2.7.0.jar
Launcher Type: SUN_STANDARD

[Global flags]
     intx CICompilerCount                          = 4                                         {product} {ergonomic}
     uint ConcGCThreads                            = 3                                         {product} {ergonomic}
     uint G1ConcRefinementThreads                  = 10                                        {product} {ergonomic}
   size_t G1HeapRegionSize                         = 2097152                                   {product} {ergonomic}
   size_t InitialHeapSize                          = 230686720                                 {product} {ergonomic}
   size_t MarkStackSize                            = 4194304                                   {product} {ergonomic}
   size_t MaxHeapSize                              = 3676307456                                {product} {ergonomic}
   size_t MaxNewSize                               = 2204106752                                {product} {ergonomic}
   size_t MinHeapDeltaBytes                        = 2097152                                   {product} {ergonomic}
   size_t MinHeapSize                              = 8388608                                   {product} {ergonomic}
    uintx NonNMethodCodeHeapSize                   = 5839372                                {pd product} {ergonomic}
    uintx NonProfiledCodeHeapSize                  = 122909434                              {pd product} {ergonomic}
    uintx ProfiledCodeHeapSize                     = 122909434                              {pd product} {ergonomic}
    uintx ReservedCodeCacheSize                    = 251658240                              {pd product} {ergonomic}
     bool SegmentedCodeCache                       = true                                      {product} {ergonomic}
   size_t SoftMaxHeapSize                          = 3676307456                             {manageable} {ergonomic}
     bool UseCompressedOops                        = true                           {product lp64_product} {ergonomic}
     bool UseG1GC                                  = true                                      {product} {ergonomic}
     bool UseLargePagesIndividualAllocation        = false                                  {pd product} {ergonomic}

Logging:
Log output configuration:
 #0: stdout all=warning uptime,level,tags foldmultilines=false
 #1: stderr all=off uptime,level,tags foldmultilines=false

Environment Variables:
JAVA_HOME=C:\Program Files\Java\jdk-22
PATH=C:\Program Files (x86)\VMware\VMware Workstation\bin\;C:\Program Files\Common Files\Oracle\Java\javapath;C:\Program Files (x86)\Common Files\Oracle\Java\javapath;C:\Windows\system32;C:\Windows;C:\Windows\System32\Wbem;C:\Windows\System32\WindowsPowerShell\v1.0\;C:\Windows\System32\OpenSSH\;C:\Program Files (x86)\NVIDIA Corporation\PhysX\Common;C:\Program Files\NVIDIA Corporation\NVIDIA NvDLISR;C:\msys64\mingw64\bin;C:\WINDOWS\system32;C:\WINDOWS;C:\WINDOWS\System32\Wbem;C:\WINDOWS\System32\WindowsPowerShell\v1.0\;C:\WINDOWS\System32\OpenSSH\;C:\Program Files (x86)\Microsoft SQL Server\110\Tools\Binn\;C:\Program Files\Microsoft SQL Server\110\Tools\Binn\;C:\Program Files\Microsoft SQL Server\110\DTS\Binn\;C:\Program Files (x86)\Microsoft SQL Server\110\Tools\Binn\ManagementStudio\;C:\Program Files (x86)\Microsoft SQL Server\110\DTS\Binn\;C:\Program Files\Microsoft SQL Server\150\Tools\Binn\;C:\Program Files\Microsoft SQL Server\Client SDK\ODBC\170\Tools\Binn\;C:\Program Files\dotnet\;C:\Program Files\Git\cmd;C:\Users\ADMIN\AppData\Local\Programs\Python\Python312\Scripts\;C:\Users\ADMIN\AppData\Local\Programs\Python\Python312\;C:\Users\ADMIN\AppData\Local\Programs\Python\Launcher\;C:\Users\ADMIN\AppData\Local\Microsoft\WindowsApps;C:\Users\ADMIN\.dotnet\tools;C:\Users\ADMIN\AppData\Local\Programs\Microsoft VS Code\bin;C:\Users\ADMIN\AppData\Local\GitHubDesktop\bin;C:\Program Files\Java\jdk-22\bin;
USERNAME=ADMIN
OS=Windows_NT
PROCESSOR_IDENTIFIER=AMD64 Family 25 Model 68 Stepping 1, AuthenticAMD
TMP=C:\Users\ADMIN\AppData\Local\Temp
TEMP=C:\Users\ADMIN\AppData\Local\Temp




Periodic native trim disabled

---------------  S Y S T E M  ---------------

OS:
 Windows 11 , 64 bit Build 22621 (10.0.22621.3527)
OS uptime: 1 days 1:44 hours
Hyper-V role detected

CPU: total 12 (initial active 12) (12 cores per cpu, 2 threads per core) family 25 model 68 stepping 1 microcode 0x0, cx8, cmov, fxsr, ht, mmx, 3dnowpref, sse, sse2, sse3, ssse3, sse4a, sse4.1, sse4.2, popcnt, lzcnt, tsc, tscinvbit, avx, avx2, aes, erms, clmul, bmi1, bmi2, adx, sha, fma, vzeroupper, clflush, clflushopt, hv, rdtscp, rdpid, fsrm, f16c, cet_ss
Processor Information for all 12 processors :
  Max Mhz: 3301, Current Mhz: 3301, Mhz Limit: 3301

Memory: 4k page, system-wide physical 14020M (1090M free)
TotalPageFile size 57028M (AvailPageFile size 2339M)
current process WorkingSet (physical memory assigned to process): 86M, peak: 98M
current process commit charge ("private bytes"): 328M, peak: 329M

vm_info: Java HotSpot(TM) 64-Bit Server VM (22+36-2370) for windows-amd64 JRE (22+36-2370), built on 2024-02-15T22:15:19Z by "mach5one" with MS VC++ 17.6 (VS2022)

END.
