#
# There is insufficient memory for the Java Runtime Environment to continue.
# Native memory allocation (mmap) failed to map 65536 bytes. Error detail: Failed to commit metaspace.
# Possible reasons:
#   The system is out of physical RAM or swap space
#   This process is running with CompressedOops enabled, and the Java Heap may be blocking the growth of the native heap
# Possible solutions:
#   Reduce memory load on the system
#   Increase physical memory or swap space
#   Check if swap backing store is full
#   Decrease Java heap size (-Xmx/-Xms)
#   Decrease number of Java threads
#   Decrease Java thread stack sizes (-Xss)
#   Set larger code cache with -XX:ReservedCodeCacheSize=
#   JVM is running with Zero Based Compressed Oops mode in which the Java heap is
#     placed in the first 32GB address space. The Java Heap base address is the
#     maximum limit for the native heap growth. Please use -XX:HeapBaseMinAddress
#     to set the Java Heap base and to place the Java Heap above 32GB virtual address.
# This output file may be truncated or incomplete.
#
#  Out of Memory Error (virtualSpaceNode.cpp:112), pid=35064, tid=10736
#
# JRE version: Java(TM) SE Runtime Environment (22.0+36) (build 22+36-2370)
# Java VM: Java HotSpot(TM) 64-Bit Server VM (22+36-2370, mixed mode, sharing, tiered, compressed oops, compressed class ptrs, g1 gc, windows-amd64)
# No core dump will be written. Minidumps are not enabled by default on client versions of Windows
#

---------------  S U M M A R Y ------------

Command Line: -Dclassworlds.conf=C:\Program Files\NetBeans-21\netbeans\java\maven\bin\m2.conf -Dmaven.home=C:\Program Files\NetBeans-21\netbeans\java\maven -Dlibrary.jansi.path=C:\Program Files\NetBeans-21\netbeans\java\maven\lib\jansi-native -Dmaven.multiModuleProjectDirectory=C:\Users\ADMIN\OneDrive\Documents\GitHub\Management_Project_Java\mavenproject1 org.codehaus.plexus.classworlds.launcher.Launcher -Dexec.vmArgs=--enable-preview -Dexec.args=${exec.vmArgs} -classpath %classpath ${exec.mainClass} ${exec.appArgs} -Dexec.appArgs= -Dexec.mainClass=GUI.Login -Dexec.executable=C:\Program Files\Java\jdk-22\bin\java.exe -Dmaven.ext.class.path=C:\Program Files\NetBeans-21\netbeans\java\maven-nblib\netbeans-eventspy.jar --no-transfer-progress process-classes org.codehaus.mojo:exec-maven-plugin:3.1.0:exec

Host: AMD Ryzen 5 6600HS Creator Edition             , 12 cores, 13G,  Windows 11 , 64 bit Build 22621 (10.0.22621.3527)
Time: Thu May 16 16:18:44 2024 SE Asia Standard Time elapsed time: 30.984460 seconds (0d 0h 0m 30s)

---------------  T H R E A D  ---------------

Current thread (0x000002728c4cf710):  JavaThread "main"             [_thread_in_vm, id=10736, stack(0x000000791d200000,0x000000791d300000) (1024K)]

Stack: [0x000000791d200000,0x000000791d300000]
Native frames: (J=compiled Java code, j=interpreted, Vv=VM code, C=native code)
V  [jvm.dll+0x6e2349]  (no source info available)
V  [jvm.dll+0x874ed3]  (no source info available)
V  [jvm.dll+0x8772fe]  (no source info available)
V  [jvm.dll+0x8779d3]  (no source info available)
V  [jvm.dll+0x27fcb6]  (no source info available)
V  [jvm.dll+0x870b1e]  (no source info available)
V  [jvm.dll+0x6853b5]  (no source info available)
V  [jvm.dll+0x1e3e9c]  (no source info available)
V  [jvm.dll+0x1e3c6e]  (no source info available)
V  [jvm.dll+0x687d08]  (no source info available)
V  [jvm.dll+0x22509c]  (no source info available)
V  [jvm.dll+0x685dce]  (no source info available)
V  [jvm.dll+0x690068]  (no source info available)
V  [jvm.dll+0x2152f1]  (no source info available)
V  [jvm.dll+0x21577a]  (no source info available)
V  [jvm.dll+0x2161a1]  (no source info available)
V  [jvm.dll+0x20b4de]  (no source info available)
V  [jvm.dll+0x5c471f]  (no source info available)
V  [jvm.dll+0x7ec136]  (no source info available)
V  [jvm.dll+0x47cb26]  (no source info available)
V  [jvm.dll+0x4829d8]  (no source info available)
C  [java.dll+0x17e4]  (no source info available)
C  0x000002729e5a000c  (no source info available)

The last pc belongs to native nmethod (printed below).
Java frames: (J=compiled Java code, j=interpreted, Vv=VM code)
J 816  java.lang.ClassLoader.defineClass1(Ljava/lang/ClassLoader;Ljava/lang/String;[BIILjava/security/ProtectionDomain;Ljava/lang/String;)Ljava/lang/Class; java.base@22 (0 bytes) @ 0x000002729e59ff71 [0x000002729e59fea0+0x00000000000000d1]
J 815 c1 java.lang.ClassLoader.defineClass(Ljava/lang/String;[BIILjava/security/ProtectionDomain;)Ljava/lang/Class; java.base@22 (43 bytes) @ 0x0000027296c0c6fc [0x0000027296c0c3a0+0x000000000000035c]
J 814 c1 java.security.SecureClassLoader.defineClass(Ljava/lang/String;[BIILjava/security/CodeSource;)Ljava/lang/Class; java.base@22 (16 bytes) @ 0x0000027296c0bb9c [0x0000027296c0bac0+0x00000000000000dc]
j  java.net.URLClassLoader.defineClass(Ljava/lang/String;Ljdk/internal/loader/Resource;)Ljava/lang/Class;+220 java.base@22
j  java.net.URLClassLoader$1.run()Ljava/lang/Class;+43 java.base@22
j  java.net.URLClassLoader$1.run()Ljava/lang/Object;+1 java.base@22
J 728 c1 java.security.AccessController.doPrivileged(Ljava/security/PrivilegedExceptionAction;Ljava/security/AccessControlContext;)Ljava/lang/Object; java.base@22 (26 bytes) @ 0x0000027296bcb094 [0x0000027296bcaea0+0x00000000000001f4]
j  java.net.URLClassLoader.findClass(Ljava/lang/String;)Ljava/lang/Class;+13 java.base@22
j  org.codehaus.plexus.classworlds.realm.ClassRealm.findClassInternal(Ljava/lang/String;)Ljava/lang/Class;+2
j  org.codehaus.plexus.classworlds.realm.ClassRealm.loadClassFromSelf(Ljava/lang/String;)Ljava/lang/Class;+20
J 749 c1 org.codehaus.plexus.classworlds.strategy.SelfFirstStrategy.loadClass(Ljava/lang/String;)Ljava/lang/Class; (50 bytes) @ 0x0000027296bd1c1c [0x0000027296bd1840+0x00000000000003dc]
J 528 c1 org.codehaus.plexus.classworlds.realm.ClassRealm.loadClass(Ljava/lang/String;Z)Ljava/lang/Class; (33 bytes) @ 0x0000027296b5b364 [0x0000027296b5b1e0+0x0000000000000184]
J 527 c1 org.codehaus.plexus.classworlds.realm.ClassRealm.loadClass(Ljava/lang/String;)Ljava/lang/Class; (7 bytes) @ 0x0000027296b5ae44 [0x0000027296b5ad40+0x0000000000000104]
v  ~StubRoutines::call_stub 0x000002729dfc100d
j  com.google.common.cache.CacheBuilder.getWeigher()Lcom/google/common/cache/Weigher;+4
j  com.google.common.cache.LocalCache.<init>(Lcom/google/common/cache/CacheBuilder;Lcom/google/common/cache/CacheLoader;)V+59
j  com.google.common.cache.LocalCache$LocalManualCache.<init>(Lcom/google/common/cache/CacheBuilder;)V+7
j  com.google.common.cache.CacheBuilder.build()Lcom/google/common/cache/Cache;+13
j  com.google.inject.internal.WeakKeySet.<init>(Ljava/lang/Object;)V+20
j  com.google.inject.internal.InjectorJitBindingData.<init>(Ljava/util/Optional;)V+57
j  com.google.inject.internal.InjectorShell$Builder.lock()Ljava/lang/Object;+15
j  com.google.inject.internal.InternalInjectorCreator.build()Lcom/google/inject/Injector;+21
j  com.google.inject.Guice.createInjector(Lcom/google/inject/Stage;Ljava/lang/Iterable;)Lcom/google/inject/Injector;+15
j  com.google.inject.Guice.createInjector(Ljava/lang/Iterable;)Lcom/google/inject/Injector;+4
j  com.google.inject.Guice.createInjector([Lcom/google/inject/Module;)Lcom/google/inject/Injector;+4
j  org.codehaus.plexus.DefaultPlexusContainer.addPlexusInjector(Ljava/util/List;[Lcom/google/inject/Module;)Lcom/google/inject/Injector;+88
j  org.codehaus.plexus.DefaultPlexusContainer.<init>(Lorg/codehaus/plexus/ContainerConfiguration;[Lcom/google/inject/Module;)V+400
j  org.apache.maven.cli.MavenCli.container(Lorg/apache/maven/cli/CliRequest;)Lorg/codehaus/plexus/PlexusContainer;+279
j  org.apache.maven.cli.MavenCli.doMain(Lorg/apache/maven/cli/CliRequest;)I+34
j  org.apache.maven.cli.MavenCli.main([Ljava/lang/String;Lorg/codehaus/plexus/classworlds/ClassWorld;)I+24
j  java.lang.invoke.DirectMethodHandle$Holder.invokeStatic(Ljava/lang/Object;Ljava/lang/Object;Ljava/lang/Object;)I+11 java.base@22
j  java.lang.invoke.LambdaForm$MH+0x00000272af009400.invoke(Ljava/lang/Object;Ljava/lang/Object;Ljava/lang/Object;Ljava/lang/Object;)Ljava/lang/Object;+54 java.base@22
j  java.lang.invoke.LambdaForm$MH+0x00000272af009800.invokeExact_MT(Ljava/lang/Object;Ljava/lang/Object;Ljava/lang/Object;Ljava/lang/Object;Ljava/lang/Object;)Ljava/lang/Object;+22 java.base@22
j  jdk.internal.reflect.DirectMethodHandleAccessor.invokeImpl(Ljava/lang/Object;[Ljava/lang/Object;)Ljava/lang/Object;+72 java.base@22
j  jdk.internal.reflect.DirectMethodHandleAccessor.invoke(Ljava/lang/Object;[Ljava/lang/Object;)Ljava/lang/Object;+23 java.base@22
j  java.lang.reflect.Method.invoke(Ljava/lang/Object;[Ljava/lang/Object;)Ljava/lang/Object;+102 java.base@22
j  org.codehaus.plexus.classworlds.launcher.Launcher.launchEnhanced([Ljava/lang/String;)V+45
j  org.codehaus.plexus.classworlds.launcher.Launcher.launch([Ljava/lang/String;)V+2
j  org.codehaus.plexus.classworlds.launcher.Launcher.mainWithExitCode([Ljava/lang/String;)I+108
j  org.codehaus.plexus.classworlds.launcher.Launcher.main([Ljava/lang/String;)V+1
v  ~StubRoutines::call_stub 0x000002729dfc100d

Compiled method (n/a) 60649  816     n 0       java.lang.ClassLoader::defineClass1 (native)
 total in heap  [0x000002729e59fd10,0x000002729e5a0350] = 1600
 relocation     [0x000002729e59fe68,0x000002729e59fea0] = 56
 main code      [0x000002729e59fea0,0x000002729e5a034f] = 1199
 stub code      [0x000002729e5a034f,0x000002729e5a0350] = 1

[Constant Pool (empty)]

[MachCode]
[Entry Point]
  # {method} {0x00000272ae3fec58} 'defineClass1' '(Ljava/lang/ClassLoader;Ljava/lang/String;[BIILjava/security/ProtectionDomain;Ljava/lang/String;)Ljava/lang/Class;' in 'java/lang/ClassLoader'
  # parm0:    rdx:rdx   = 'java/lang/ClassLoader'
  # parm1:    r8:r8     = 'java/lang/String'
  # parm2:    r9:r9     = '[B'
  # parm3:    rdi       = int
  # parm4:    rsi       = int
  # parm5:    rcx:rcx   = 'java/security/ProtectionDomain'
  # parm6:    [sp+0xa0]   = 'java/lang/String'  (sp of caller)
  0x000002729e59fea0: 448b 5208 | 49bb 0000 | 00ae 7202 | 0000 4d03 | d349 3bc2 | 0f84 0600 

  0x000002729e59feb8: ;   {runtime_call ic_miss_stub}
  0x000002729e59feb8: 0000 e9c1 | e8a6 ff90 
[Verified Entry Point]
  0x000002729e59fec0: 8984 2400 | 80ff ff55 | 488b ec48 | 81ec 9000 | 0000 6690 | 4181 7f20 | 0100 0000 

  0x000002729e59fedc: ;   {runtime_call StubRoutines (final stubs)}
  0x000002729e59fedc: 7405 e8fd | 4da5 ff48 | 837d 1000 | 488d 4510 | 480f 4445 | 1048 8944 | 2440 4889 | 4c24 7048 
  0x000002729e59fefc: 83f9 0048 | 8d44 2470 | 480f 4444 | 2470 4889 | 4424 3848 | 8974 2430 | 4889 7c24 | 284c 894c 
  0x000002729e59ff1c: 2458 4983 | f900 488d | 4424 5848 | 0f44 4424 | 5848 8944 | 2420 4c89 | 4424 5049 | 83f8 004c 
  0x000002729e59ff3c: 8d4c 2450 | 4c0f 444c | 2450 4889 | 5424 4848 | 83fa 004c | 8d44 2448 | 4c0f 4444 

  0x000002729e59ff58: ;   {oop(a 'java/lang/Class'{0x0000000732801390} = 'java/lang/ClassLoader')}
  0x000002729e59ff58: 2448 49be | 9013 8032 | 0700 0000 | 4c89 7424 | 784c 8d74 | 2478 498b | d6c5 f877 

  0x000002729e59ff74: ;   {internal_word}
  0x000002729e59ff74: 49ba 71ff | 599e 7202 | 0000 4d89 | 97a8 0300 | 0049 89a7 | a003 0000 

  0x000002729e59ff8c: ;   {external_word}
  0x000002729e59ff8c: 49ba ac40 | 5eaa fb7f | 0000 4180 | 3a00 0f84 | 4e00 0000 | 5241 5041 

  0x000002729e59ffa4: ;   {metadata({method} {0x00000272ae3fec58} 'defineClass1' '(Ljava/lang/ClassLoader;Ljava/lang/String;[BIILjava/security/ProtectionDomain;Ljava/lang/String;)Ljava/lang/Class;' in 'java/lang/ClassLoader')}
  0x000002729e59ffa4: 5148 ba50 | ec3f ae72 | 0200 0049 | 8bcf 4883 | ec20 40f6 | c40f 0f84 | 1900 0000 | 4883 ec08 
  0x000002729e59ffc4: ;   {runtime_call}
  0x000002729e59ffc4: 48b8 00b6 | 0eaa fb7f | 0000 ffd0 | 4883 c408 | e90c 0000 

  0x000002729e59ffd8: ;   {runtime_call}
  0x000002729e59ffd8: 0048 b800 | b60e aafb | 7f00 00ff | d048 83c4 | 2041 5941 | 585a 498d | 8fc0 0300 | 0041 c787 
  0x000002729e59fff8: 5404 0000 | 0400 0000 

  0x000002729e5a0000: ;   {runtime_call}
  0x000002729e5a0000: 48b8 a416 | 8df7 fb7f | 0000 ffd0 | c5f8 7741 | c787 5404 | 0000 0500 | 0000 f083 | 4424 c000 
  0x000002729e5a0020: 493b af58 | 0400 000f | 870e 0000 | 0041 83bf | 5004 0000 | 000f 842b | 0000 00c5 | f877 4889 
  0x000002729e5a0040: 45f8 498b | cf4c 8be4 | 4883 ec20 | 4883 e4f0 

  0x000002729e5a0050: ;   {runtime_call}
  0x000002729e5a0050: 48b8 c01f | d9a9 fb7f | 0000 ffd0 | 498b e44d | 33e4 488b | 45f8 41c7 | 8754 0400 | 0008 0000 
  0x000002729e5a0070: 0041 83bf | d004 0000 | 020f 84a3 

  0x000002729e5a007c: ;   {external_word}
  0x000002729e5a007c: 0200 0049 | baac 405e | aafb 7f00 | 0041 803a | 000f 844c | 0000 0048 

  0x000002729e5a0094: ;   {metadata({method} {0x00000272ae3fec58} 'defineClass1' '(Ljava/lang/ClassLoader;Ljava/lang/String;[BIILjava/security/ProtectionDomain;Ljava/lang/String;)Ljava/lang/Class;' in 'java/lang/ClassLoader')}
  0x000002729e5a0094: 8945 f848 | ba50 ec3f | ae72 0200 | 0049 8bcf | 4883 ec20 | 40f6 c40f | 0f84 1900 | 0000 4883 
  0x000002729e5a00b4: ;   {runtime_call}
  0x000002729e5a00b4: ec08 48b8 | 00b6 0eaa | fb7f 0000 | ffd0 4883 | c408 e90c 

  0x000002729e5a00c8: ;   {runtime_call}
  0x000002729e5a00c8: 0000 0048 | b800 b60e | aafb 7f00 | 00ff d048 | 83c4 2048 | 8b45 f849 | c787 a003 | 0000 0000 
  0x000002729e5a00e8: 0000 49c7 | 87a8 0300 | 0000 0000 | 00c5 f877 | 4885 c00f | 84fe 0100 | 00a8 030f | 8508 0000 
  0x000002729e5a0108: 0048 8b00 | e9ee 0100 | 00a8 010f | 8509 0000 | 0048 8b40 | fee9 dd01 | 0000 488b | 40ff 4180 
  0x000002729e5a0128: 7f38 000f | 84ce 0100 | 0048 83f8 | 000f 84c4 | 0100 0049 | 8b4f 2848 | 83f9 000f | 8414 0000 
  0x000002729e5a0148: 0048 83e9 | 0849 894f | 2849 034f | 3048 8901 | e9a2 0100 | 0048 81ec | d000 0000 | 4889 0424 
  0x000002729e5a0168: 4889 4c24 | 0848 8954 | 2410 4889 | 7424 1848 | 897c 2420 | 4c89 4424 | 284c 894c | 2430 4c89 
  0x000002729e5a0188: 5424 384c | 895c 2440 | c5fb 1144 | 2450 c5fb | 114c 2458 | c5fb 1154 | 2460 c5fb | 115c 2468 
  0x000002729e5a01a8: c5fb 1164 | 2470 c5fb | 116c 2478 | c5fb 11b4 | 2480 0000 | 00c5 fb11 | bc24 8800 | 0000 c57b 
  0x000002729e5a01c8: ;   {no_reloc}
  0x000002729e5a01c8: 1184 2490 | 0000 00c5 | 7b11 8c24 | 9800 0000 | c57b 1194 | 24a0 0000 | 00c5 7b11 | 9c24 a800 
  0x000002729e5a01e8: 0000 c57b | 11a4 24b0 | 0000 00c5 | 7b11 ac24 | b800 0000 | c57b 11b4 | 24c0 0000 | 00c5 7b11 
  0x000002729e5a0208: bc24 c800 | 0000 498b | d748 8bc8 | 4883 ec20 | 40f6 c40f | 0f84 1900 | 0000 4883 

  0x000002729e5a0224: ;   {runtime_call}
  0x000002729e5a0224: ec08 48b8 | 303e cca9 | fb7f 0000 | ffd0 4883 | c408 e90c 

  0x000002729e5a0238: ;   {runtime_call}
  0x000002729e5a0238: 0000 0048 | b830 3ecc | a9fb 7f00 | 00ff d048 | 83c4 20c5 | 7b10 bc24 | c800 0000 | c57b 10b4 
  0x000002729e5a0258: 24c0 0000 | 00c5 7b10 | ac24 b800 | 0000 c57b | 10a4 24b0 | 0000 00c5 | 7b10 9c24 | a800 0000 
  0x000002729e5a0278: c57b 1094 | 24a0 0000 | 00c5 7b10 | 8c24 9800 | 0000 c57b | 1084 2490 | 0000 00c5 | fb10 bc24 
  0x000002729e5a0298: 8800 0000 | c5fb 10b4 | 2480 0000 | 00c5 fb10 | 6c24 78c5 | fb10 6424 | 70c5 fb10 | 5c24 68c5 
  0x000002729e5a02b8: fb10 5424 | 60c5 fb10 | 4c24 58c5 | fb10 4424 | 504c 8b5c | 2440 4c8b | 5424 384c | 8b4c 2430 
  0x000002729e5a02d8: 4c8b 4424 | 2848 8b7c | 2420 488b | 7424 1848 | 8b54 2410 | 488b 4c24 | 0848 8b04 | 2448 81c4 
  0x000002729e5a02f8: d000 0000 | c5f8 7749 | 8b8f 3004 | 0000 c781 | 0001 0000 | 0000 0000 | c949 837f | 0800 0f85 
  0x000002729e5a0318: 0100 0000 

  0x000002729e5a031c: ;   {runtime_call StubRoutines (initial stubs)}
  0x000002729e5a031c: c3e9 de0b | a2ff c5f8 | 7748 8945 | f84c 8be4 | 4883 ec20 | 4883 e4f0 

  0x000002729e5a0334: ;   {runtime_call}
  0x000002729e5a0334: 48b8 50ee | 0eaa fb7f | 0000 ffd0 | 498b e44d | 33e4 488b | 45f8 e930 | fdff fff4 
[/MachCode]


Compiled method (c1) 60663  815       3       java.lang.ClassLoader::defineClass (43 bytes)
 total in heap  [0x0000027296c0c190,0x0000027296c0cae8] = 2392
 relocation     [0x0000027296c0c2e8,0x0000027296c0c388] = 160
 main code      [0x0000027296c0c3a0,0x0000027296c0c840] = 1184
 stub code      [0x0000027296c0c840,0x0000027296c0c8b8] = 120
 metadata       [0x0000027296c0c8b8,0x0000027296c0c8e8] = 48
 scopes data    [0x0000027296c0c8e8,0x0000027296c0c9d8] = 240
 scopes pcs     [0x0000027296c0c9d8,0x0000027296c0cab8] = 224
 dependencies   [0x0000027296c0cab8,0x0000027296c0cac0] = 8
 nul chk table  [0x0000027296c0cac0,0x0000027296c0cae8] = 40

[Constant Pool (empty)]

[MachCode]
[Entry Point]
  # {method} {0x00000272ae3fefd8} 'defineClass' '(Ljava/lang/String;[BIILjava/security/ProtectionDomain;)Ljava/lang/Class;' in 'java/lang/ClassLoader'
  # this:     rdx:rdx   = 'java/lang/ClassLoader'
  # parm0:    r8:r8     = 'java/lang/String'
  # parm1:    r9:r9     = '[B'
  # parm2:    rdi       = int
  # parm3:    rsi       = int
  # parm4:    rcx:rcx   = 'java/security/ProtectionDomain'
  #           [sp+0xc0]  (sp of caller)
  0x0000027296c0c3a0: 448b 5208 | 49bb 0000 | 00ae 7202 | 0000 4d03 | d34c 3bd0 

  0x0000027296c0c3b4: ;   {runtime_call ic_miss_stub}
  0x0000027296c0c3b4: 0f85 c623 | 4007 660f | 1f44 0000 
[Verified Entry Point]
  0x0000027296c0c3c0: 8984 2400 | 80ff ff55 | 4881 ecb0 | 0000 0090 | 4181 7f20 | 0100 0000 

  0x0000027296c0c3d8: ;   {runtime_call StubRoutines (final stubs)}
  0x0000027296c0c3d8: 7405 e801 | 893e 0748 | 8954 2478 

  0x0000027296c0c3e4: ;   {metadata(method data for {method} {0x00000272ae3fefd8} 'defineClass' '(Ljava/lang/String;[BIILjava/security/ProtectionDomain;)Ljava/lang/Class;' in 'java/lang/ClassLoader')}
  0x0000027296c0c3e4: 48bb 4886 | 18ef 7202 | 0000 8b83 | cc00 0000 | 83c0 0289 | 83cc 0000 | 0025 fe07 | 0000 85c0 
  0x0000027296c0c404: 0f84 5803 | 0000 89b4 | 2494 0000 | 0089 bc24 | 9000 0000 | 4c89 8c24 | 8800 0000 

  0x0000027296c0c420: ;   {metadata(method data for {method} {0x00000272ae3fefd8} 'defineClass' '(Ljava/lang/String;[BIILjava/security/ProtectionDomain;)Ljava/lang/Class;' in 'java/lang/ClassLoader')}
  0x0000027296c0c420: 488b da48 | b848 8618 | ef72 0200 | 0048 8380 | 1801 0000 | 0149 8bd8 | 4c8b c34c | 8bc9 488b 
  0x0000027296c0c440: ca48 8bd1 | 4889 9c24 | 8000 0000 

  0x0000027296c0c44c: ;   {optimized virtual_call}
  0x0000027296c0c44c: 6666 90e8 

  0x0000027296c0c450: ; ImmutableOopMap {[120]=Oop [128]=Oop [136]=Oop }
                      ;*invokevirtual preDefineClass {reexecute=0 rethrow=0 return_oop=0}
                      ; - java.lang.ClassLoader::defineClass@4 (line 1021)
  0x0000027296c0c450: cca1 ffff 

  0x0000027296c0c454: ;   {other}
  0x0000027296c0c454: 0f1f 8400 | c402 0000 | 4889 8424 | 9800 0000 | 488b 5424 

  0x0000027296c0c468: ;   {metadata(method data for {method} {0x00000272ae3fefd8} 'defineClass' '(Ljava/lang/String;[BIILjava/security/ProtectionDomain;)Ljava/lang/Class;' in 'java/lang/ClassLoader')}
  0x0000027296c0c468: 7849 b848 | 8618 ef72 | 0200 0049 | 8380 4801 

  0x0000027296c0c478: ;   {metadata(method data for {method} {0x00000272ae3fecc0} 'defineClassSourceLocation' '(Ljava/security/ProtectionDomain;)Ljava/lang/String;' in 'java/lang/ClassLoader')}
  0x0000027296c0c478: 0000 0149 | b8d0 8c18 | ef72 0200 | 0041 8b90 | cc00 0000 | 83c2 0241 | 8990 cc00 | 0000 81e2 
  0x0000027296c0c498: feff 1f00 | 85d2 0f84 | df02 0000 

  0x0000027296c0c4a4: ; implicit exception: dispatches to 0x0000027296c0c7a4
  0x0000027296c0c4a4: 483b 004c 

  0x0000027296c0c4a8: ;   {metadata(method data for {method} {0x00000272ae3fecc0} 'defineClassSourceLocation' '(Ljava/security/ProtectionDomain;)Ljava/lang/String;' in 'java/lang/ClassLoader')}
  0x0000027296c0c4a8: 8bc0 48ba | d08c 18ef | 7202 0000 | 4883 8218 | 0100 0001 | 448b 4010 | 49c1 e003 

  0x0000027296c0c4c4: ;   {metadata(method data for {method} {0x00000272ae3fecc0} 'defineClassSourceLocation' '(Ljava/security/ProtectionDomain;)Ljava/lang/String;' in 'java/lang/ClassLoader')}
  0x0000027296c0c4c4: 4d85 c048 | bad0 8c18 | ef72 0200 | 0048 c7c6 | 5801 0000 | 7507 48c7 | c648 0100 | 0048 8b3c 
  0x0000027296c0c4e4: 3248 8d7f | 0148 893c | 320f 850f 

  0x0000027296c0c4f0: ;   {oop(nullptr)}
  0x0000027296c0c4f0: 0000 0048 | bb00 0000 | 0000 0000 | 00e9 a501 | 0000 493b | 0049 8bd0 

  0x0000027296c0c508: ;   {metadata(method data for {method} {0x00000272ae3fecc0} 'defineClassSourceLocation' '(Ljava/security/ProtectionDomain;)Ljava/lang/String;' in 'java/lang/ClassLoader')}
  0x0000027296c0c508: 48be d08c | 18ef 7202 | 0000 4883 | 8668 0100 | 0001 418b | 500c 48c1 | e203 4885 

  0x0000027296c0c524: ;   {metadata(method data for {method} {0x00000272ae3fecc0} 'defineClassSourceLocation' '(Ljava/security/ProtectionDomain;)Ljava/lang/String;' in 'java/lang/ClassLoader')}
  0x0000027296c0c524: d248 bed0 | 8c18 ef72 | 0200 0048 | c7c7 a801 | 0000 7507 | 48c7 c798 | 0100 0048 | 8b1c 3e48 
  0x0000027296c0c544: 8d5b 0148 | 891c 3e0f | 850f 0000 

  0x0000027296c0c550: ;   {oop(nullptr)}
  0x0000027296c0c550: 0048 bb00 | 0000 0000 | 0000 00e9 | 4701 0000 

  0x0000027296c0c560: ;   {metadata(method data for {method} {0x00000272ae3fecc0} 'defineClassSourceLocation' '(Ljava/security/ProtectionDomain;)Ljava/lang/String;' in 'java/lang/ClassLoader')}
  0x0000027296c0c560: 48be d08c | 18ef 7202 | 0000 4883 | 86b8 0100 | 0001 483b | 024c 8bc2 

  0x0000027296c0c578: ;   {metadata(method data for {method} {0x00000272ae3fecc0} 'defineClassSourceLocation' '(Ljava/security/ProtectionDomain;)Ljava/lang/String;' in 'java/lang/ClassLoader')}
  0x0000027296c0c578: 48be d08c | 18ef 7202 | 0000 4883 | 86e8 0100 

  0x0000027296c0c588: ;   {metadata(method data for {method} {0x00000272ae01a690} 'toString' '()Ljava/lang/String;' in 'java/net/URL')}
  0x0000027296c0c588: 0001 49b8 | 20d7 16ef | 7202 0000 | 418b b0cc | 0000 0083 | c602 4189 | b0cc 0000 | 0081 e6fe 
  0x0000027296c0c5a8: ff1f 0085 | f60f 8400 | 0200 004c 

  0x0000027296c0c5b4: ;   {metadata(method data for {method} {0x00000272ae01a690} 'toString' '()Ljava/lang/String;' in 'java/net/URL')}
  0x0000027296c0c5b4: 8bc2 48be | 20d7 16ef | 7202 0000 | 4883 8618 | 0100 0001 

  0x0000027296c0c5c8: ;   {metadata(method data for {method} {0x00000272ae3f38b8} 'toExternalForm' '()Ljava/lang/String;' in 'java/net/URL')}
  0x0000027296c0c5c8: 49b8 38b3 | 12ef 7202 | 0000 418b | b0cc 0000 | 0083 c602 | 4189 b0cc | 0000 0081 | e6fe ff1f 
  0x0000027296c0c5e8: 0085 f60f | 84e3 0100 | 008b 7238 | 48c1 e603 

  0x0000027296c0c5f8: ; implicit exception: dispatches to 0x0000027296c0c7f5
  0x0000027296c0c5f8: 483b 064c 

  0x0000027296c0c5fc: ;   {metadata(method data for {method} {0x00000272ae3f38b8} 'toExternalForm' '()Ljava/lang/String;' in 'java/net/URL')}
  0x0000027296c0c5fc: 8bc6 48bf | 38b3 12ef | 7202 0000 | 458b 4008 | 49ba 0000 | 00ae 7202 | 0000 4d03 | c24c 3b87 
  0x0000027296c0c61c: 2001 0000 | 750d 4883 | 8728 0100 | 0001 e960 | 0000 004c | 3b87 3001 | 0000 750d | 4883 8738 
  0x0000027296c0c63c: 0100 0001 | e94a 0000 | 0048 83bf | 2001 0000 | 0075 174c | 8987 2001 | 0000 48c7 | 8728 0100 
  0x0000027296c0c65c: 0001 0000 | 00e9 2900 | 0000 4883 | bf30 0100 | 0000 7517 | 4c89 8730 | 0100 0048 | c787 3801 
  0x0000027296c0c67c: 0000 0100 | 0000 e908 | 0000 0048 | 8387 1801 | 0000 014c | 8bc2 488b 

  0x0000027296c0c694: ;   {optimized virtual_call}
  0x0000027296c0c694: d666 90e8 

  0x0000027296c0c698: ; ImmutableOopMap {[120]=Oop [128]=Oop [136]=Oop [152]=Oop }
                      ;*invokevirtual toExternalForm {reexecute=0 rethrow=0 return_oop=0}
                      ; - java.net.URL::toExternalForm@5 (line 1203)
                      ; - java.net.URL::toString@1 (line 1189)
                      ; - java.lang.ClassLoader::defineClassSourceLocation@22 (line 925)
                      ; - java.lang.ClassLoader::defineClass@12 (line 1022)
  0x0000027296c0c698: 6462 fcff 

  0x0000027296c0c69c: ;   {other}
  0x0000027296c0c69c: 0f1f 8400 | 0c05 0001 | 488b d848 | 8b84 2498 | 0000 008b | b424 9400 | 0000 8bbc | 2490 0000 
  0x0000027296c0c6bc: 004c 8b8c | 2488 0000 | 004c 8b84 | 2480 0000 | 0048 8b54 

  0x0000027296c0c6d0: ;   {metadata(method data for {method} {0x00000272ae3fefd8} 'defineClass' '(Ljava/lang/String;[BIILjava/security/ProtectionDomain;)Ljava/lang/Class;' in 'java/lang/ClassLoader')}
  0x0000027296c0c6d0: 2478 48b9 | 4886 18ef | 7202 0000 | 4883 8178 | 0100 0001 | 4c8b da49 | 8bd3 488b | c848 891c 
  0x0000027296c0c6f0: 2466 0f1f 

  0x0000027296c0c6f4: ;   {static_call}
  0x0000027296c0c6f4: 4400 00e8 

  0x0000027296c0c6f8: ; ImmutableOopMap {[120]=Oop [152]=Oop }
                      ;*invokestatic defineClass1 {reexecute=0 rethrow=0 return_oop=0}
                      ; - java.lang.ClassLoader::defineClass@27 (line 1023)
  0x0000027296c0c6f8: c437 9907 

  0x0000027296c0c6fc: ;   {other}
  0x0000027296c0c6fc: 0f1f 8400 | 6c05 0002 | 488b 5424 

  0x0000027296c0c708: ;   {metadata(method data for {method} {0x00000272ae3fefd8} 'defineClass' '(Ljava/lang/String;[BIILjava/security/ProtectionDomain;)Ljava/lang/Class;' in 'java/lang/ClassLoader')}
  0x0000027296c0c708: 7849 b848 | 8618 ef72 | 0200 0049 | 8380 8801 | 0000 014c | 8bc0 4c8b | 8c24 9800 | 0000 488b 
  0x0000027296c0c728: 5424 7848 | 8984 24a0 | 0000 000f 

  0x0000027296c0c734: ;   {optimized virtual_call}
  0x0000027296c0c734: 1f40 00e8 

  0x0000027296c0c738: ; ImmutableOopMap {[160]=Oop }
                      ;*invokevirtual postDefineClass {reexecute=0 rethrow=0 return_oop=0}
                      ; - java.lang.ClassLoader::defineClass@37 (line 1024)
  0x0000027296c0c738: 64c4 ffff 

  0x0000027296c0c73c: ;   {other}
  0x0000027296c0c73c: 0f1f 8400 | ac05 0003 | 488b 8424 | a000 0000 | 4881 c4b0 | 0000 005d 

  0x0000027296c0c754: ;   {poll_return}
  0x0000027296c0c754: 493b a758 | 0400 000f | 8799 0000 

  0x0000027296c0c760: ;   {metadata({method} {0x00000272ae3fefd8} 'defineClass' '(Ljava/lang/String;[BIILjava/security/ProtectionDomain;)Ljava/lang/Class;' in 'java/lang/ClassLoader')}
  0x0000027296c0c760: 00c3 49ba | d0ef 3fae | 7202 0000 | 4c89 5424 | 0848 c704 | 24ff ffff 

  0x0000027296c0c778: ;   {runtime_call counter_overflow Runtime1 stub}
  0x0000027296c0c778: ffe8 023b 

  0x0000027296c0c77c: ; ImmutableOopMap {rdx=Oop r8=Oop r9=Oop rcx=Oop [120]=Oop }
                      ;*synchronization entry
                      ; - java.lang.ClassLoader::defineClass@-1 (line 1021)
  0x0000027296c0c77c: 4d07 e987 

  0x0000027296c0c780: ;   {metadata({method} {0x00000272ae3fecc0} 'defineClassSourceLocation' '(Ljava/security/ProtectionDomain;)Ljava/lang/String;' in 'java/lang/ClassLoader')}
  0x0000027296c0c780: fcff ff49 | bab8 ec3f | ae72 0200 | 004c 8954 | 2408 48c7 | 0424 ffff 

  0x0000027296c0c798: ;   {runtime_call counter_overflow Runtime1 stub}
  0x0000027296c0c798: ffff e8e1 

  0x0000027296c0c79c: ; ImmutableOopMap {rax=Oop [120]=Oop [128]=Oop [136]=Oop [152]=Oop }
                      ;*synchronization entry
                      ; - java.lang.ClassLoader::defineClassSourceLocation@-1 (line 922)
                      ; - java.lang.ClassLoader::defineClass@12 (line 1022)
  0x0000027296c0c79c: 3a4d 07e9 | 00fd ffff 

  0x0000027296c0c7a4: ;   {runtime_call throw_null_pointer_exception Runtime1 stub}
  0x0000027296c0c7a4: e8d7 e94c 

  0x0000027296c0c7a8: ; ImmutableOopMap {rax=Oop [120]=Oop [128]=Oop [136]=Oop [152]=Oop }
                      ;*invokevirtual getCodeSource {reexecute=0 rethrow=0 return_oop=0}
                      ; - java.lang.ClassLoader::defineClassSourceLocation@1 (line 922)
                      ; - java.lang.ClassLoader::defineClass@12 (line 1022)
                      ;   {runtime_call throw_null_pointer_exception Runtime1 stub}
  0x0000027296c0c7a8: 07e8 d2e9 

  0x0000027296c0c7ac: ; ImmutableOopMap {rax=Oop r8=Oop [120]=Oop [128]=Oop [136]=Oop [152]=Oop }
                      ;*invokevirtual getLocation {reexecute=0 rethrow=0 return_oop=0}
                      ; - java.lang.ClassLoader::defineClassSourceLocation@12 (line 924)
                      ; - java.lang.ClassLoader::defineClass@12 (line 1022)
                      ;   {runtime_call throw_null_pointer_exception Runtime1 stub}
  0x0000027296c0c7ac: 4c07 e8cd 

  0x0000027296c0c7b0: ; ImmutableOopMap {rdx=Oop [120]=Oop [128]=Oop [136]=Oop [152]=Oop }
                      ;*invokevirtual toString {reexecute=0 rethrow=0 return_oop=0}
                      ; - java.lang.ClassLoader::defineClassSourceLocation@22 (line 925)
                      ; - java.lang.ClassLoader::defineClass@12 (line 1022)
                      ;   {metadata({method} {0x00000272ae01a690} 'toString' '()Ljava/lang/String;' in 'java/net/URL')}
  0x0000027296c0c7b0: e94c 0749 | ba88 a601 | ae72 0200 | 004c 8954 | 2408 48c7 | 0424 ffff 

  0x0000027296c0c7c8: ;   {runtime_call counter_overflow Runtime1 stub}
  0x0000027296c0c7c8: ffff e8b1 

  0x0000027296c0c7cc: ; ImmutableOopMap {rdx=Oop [120]=Oop [128]=Oop [136]=Oop [152]=Oop }
                      ;*synchronization entry
                      ; - java.net.URL::toString@-1 (line 1189)
                      ; - java.lang.ClassLoader::defineClassSourceLocation@22 (line 925)
                      ; - java.lang.ClassLoader::defineClass@12 (line 1022)
  0x0000027296c0c7cc: 3a4d 07e9 | dffd ffff 

  0x0000027296c0c7d4: ;   {metadata({method} {0x00000272ae3f38b8} 'toExternalForm' '()Ljava/lang/String;' in 'java/net/URL')}
  0x0000027296c0c7d4: 49ba b038 | 3fae 7202 | 0000 4c89 | 5424 0848 | c704 24ff 

  0x0000027296c0c7e8: ;   {runtime_call counter_overflow Runtime1 stub}
  0x0000027296c0c7e8: ffff ffe8 

  0x0000027296c0c7ec: ; ImmutableOopMap {rdx=Oop [120]=Oop [128]=Oop [136]=Oop [152]=Oop }
                      ;*synchronization entry
                      ; - java.net.URL::toExternalForm@-1 (line 1203)
                      ; - java.net.URL::toString@1 (line 1189)
                      ; - java.lang.ClassLoader::defineClassSourceLocation@22 (line 925)
                      ; - java.lang.ClassLoader::defineClass@12 (line 1022)
  0x0000027296c0c7ec: 903a 4d07 | e9fc fdff 

  0x0000027296c0c7f4: ;   {runtime_call throw_null_pointer_exception Runtime1 stub}
  0x0000027296c0c7f4: ffe8 86e9 

  0x0000027296c0c7f8: ; ImmutableOopMap {rdx=Oop rsi=Oop [120]=Oop [128]=Oop [136]=Oop [152]=Oop }
                      ;*invokevirtual toExternalForm {reexecute=0 rethrow=0 return_oop=0}
                      ; - java.net.URL::toExternalForm@5 (line 1203)
                      ; - java.net.URL::toString@1 (line 1189)
                      ; - java.lang.ClassLoader::defineClassSourceLocation@22 (line 925)
                      ; - java.lang.ClassLoader::defineClass@12 (line 1022)
                      ;   {internal_word}
  0x0000027296c0c7f8: 4c07 49ba | 54c7 c096 | 7202 0000 | 4d89 9770 

  0x0000027296c0c808: ;   {runtime_call SafepointBlob}
  0x0000027296c0c808: 0400 00e9 | f08e 4007 | 498b 8708 | 0500 0049 | c787 0805 | 0000 0000 | 0000 49c7 | 8710 0500 
  0x0000027296c0c828: 0000 0000 | 0048 81c4 | b000 0000 

  0x0000027296c0c834: ;   {runtime_call unwind_exception Runtime1 stub}
  0x0000027296c0c834: 5de9 46da | 4c07 f4f4 | f4f4 f4f4 
[Stub Code]
  0x0000027296c0c840: ;   {no_reloc}
  0x0000027296c0c840: 0f1f 4400 

  0x0000027296c0c844: ;   {static_stub}
  0x0000027296c0c844: 0048 bb00 | 0000 0000 

  0x0000027296c0c84c: ;   {runtime_call}
  0x0000027296c0c84c: 0000 00e9 | fbff ffff 

  0x0000027296c0c854: ;   {static_stub}
  0x0000027296c0c854: 48bb 0000 | 0000 0000 

  0x0000027296c0c85c: ;   {runtime_call}
  0x0000027296c0c85c: 0000 e9fb 

  0x0000027296c0c860: ;   {static_stub}
  0x0000027296c0c860: ffff ff48 | bb00 0000 | 0000 0000 

  0x0000027296c0c86c: ;   {runtime_call}
  0x0000027296c0c86c: 00e9 fbff 

  0x0000027296c0c870: ;   {static_stub}
  0x0000027296c0c870: ffff 48bb | 0000 0000 | 0000 0000 

  0x0000027296c0c87c: ;   {runtime_call}
  0x0000027296c0c87c: e9fb ffff 

  0x0000027296c0c880: ;   {runtime_call handle_exception_from_callee Runtime1 stub}
  0x0000027296c0c880: ffe8 fa06 

  0x0000027296c0c884: ;   {external_word}
  0x0000027296c0c884: 4d07 48b9 | c028 36aa | fb7f 0000 | 4883 e4f0 

  0x0000027296c0c894: ;   {runtime_call}
  0x0000027296c0c894: 48b8 9095 | fda9 fb7f | 0000 ffd0 

  0x0000027296c0c8a0: ;   {section_word}
  0x0000027296c0c8a0: f449 baa1 | c8c0 9672 | 0200 0041 

  0x0000027296c0c8ac: ;   {runtime_call DeoptimizationBlob}
  0x0000027296c0c8ac: 52e9 ee80 | 4007 f4f4 | f4f4 f4f4 
[/MachCode]


Compiled method (c1) 60797  814       3       java.security.SecureClassLoader::defineClass (16 bytes)
 total in heap  [0x0000027296c0b910,0x0000027296c0bd10] = 1024
 relocation     [0x0000027296c0ba68,0x0000027296c0bab8] = 80
 main code      [0x0000027296c0bac0,0x0000027296c0bc18] = 344
 stub code      [0x0000027296c0bc18,0x0000027296c0bc68] = 80
 metadata       [0x0000027296c0bc68,0x0000027296c0bc70] = 8
 scopes data    [0x0000027296c0bc70,0x0000027296c0bcb8] = 72
 scopes pcs     [0x0000027296c0bcb8,0x0000027296c0bd08] = 80
 dependencies   [0x0000027296c0bd08,0x0000027296c0bd10] = 8

[Constant Pool (empty)]

[MachCode]
[Entry Point]
  # {method} {0x00000272ae0438c0} 'defineClass' '(Ljava/lang/String;[BIILjava/security/CodeSource;)Ljava/lang/Class;' in 'java/security/SecureClassLoader'
  # this:     rdx:rdx   = 'java/security/SecureClassLoader'
  # parm0:    r8:r8     = 'java/lang/String'
  # parm1:    r9:r9     = '[B'
  # parm2:    rdi       = int
  # parm3:    rsi       = int
  # parm4:    rcx:rcx   = 'java/security/CodeSource'
  #           [sp+0x80]  (sp of caller)
  0x0000027296c0bac0: 448b 5208 | 49bb 0000 | 00ae 7202 | 0000 4d03 | d34c 3bd0 

  0x0000027296c0bad4: ;   {runtime_call ic_miss_stub}
  0x0000027296c0bad4: 0f85 a62c | 4007 660f | 1f44 0000 
[Verified Entry Point]
  0x0000027296c0bae0: 8984 2400 | 80ff ff55 | 4883 ec70 | 4181 7f20 | 0100 0000 

  0x0000027296c0baf4: ;   {runtime_call StubRoutines (final stubs)}
  0x0000027296c0baf4: 7405 e8e5 

  0x0000027296c0baf8: ;   {metadata(method data for {method} {0x00000272ae0438c0} 'defineClass' '(Ljava/lang/String;[BIILjava/security/CodeSource;)Ljava/lang/Class;' in 'java/security/SecureClassLoader')}
  0x0000027296c0baf8: 913e 0748 | bb68 8418 | ef72 0200 | 008b 83cc | 0000 0083 | c002 8983 | cc00 0000 | 25fe 0700 
  0x0000027296c0bb18: 0085 c00f | 8496 0000 | 0089 7424 | 5c89 7c24 | 584c 894c | 2450 4c89 | 4424 4848 

  0x0000027296c0bb34: ;   {metadata(method data for {method} {0x00000272ae0438c0} 'defineClass' '(Ljava/lang/String;[BIILjava/security/CodeSource;)Ljava/lang/Class;' in 'java/security/SecureClassLoader')}
  0x0000027296c0bb34: 8bda 48b8 | 6884 18ef | 7202 0000 | 4883 8018 | 0100 0001 | 4c8b c148 | 8bc2 488b | d048 8944 
  0x0000027296c0bb54: ;   {optimized virtual_call}
  0x0000027296c0bb54: 2440 90e8 

  0x0000027296c0bb58: ; ImmutableOopMap {[64]=Oop [72]=Oop [80]=Oop }
                      ;*invokevirtual getProtectionDomain {reexecute=0 rethrow=0 return_oop=0}
                      ; - java.security.SecureClassLoader::defineClass@9 (line 150)
  0x0000027296c0bb58: c490 ffff 

  0x0000027296c0bb5c: ;   {other}
  0x0000027296c0bb5c: 0f1f 8400 | 4c02 0000 | 488b 5424 

  0x0000027296c0bb68: ;   {metadata(method data for {method} {0x00000272ae0438c0} 'defineClass' '(Ljava/lang/String;[BIILjava/security/CodeSource;)Ljava/lang/Class;' in 'java/security/SecureClassLoader')}
  0x0000027296c0bb68: 4049 b868 | 8418 ef72 | 0200 0049 | 8380 4801 | 0000 014c | 8b44 2448 | 4c8b 4c24 | 508b 7c24 
  0x0000027296c0bb88: 588b 7424 | 5c48 8bc8 | 488b 5424 

  0x0000027296c0bb94: ;   {optimized virtual_call}
  0x0000027296c0bb94: 4066 90e8 

  0x0000027296c0bb98: ; ImmutableOopMap {}
                      ;*invokevirtual defineClass {reexecute=0 rethrow=0 return_oop=0}
                      ; - java.security.SecureClassLoader::defineClass@12 (line 150)
  0x0000027296c0bb98: 2408 0000 

  0x0000027296c0bb9c: ;   {other}
  0x0000027296c0bb9c: 0f1f 8400 | 8c02 0001 | 4883 c470 

  0x0000027296c0bba8: ;   {poll_return}
  0x0000027296c0bba8: 5d49 3ba7 | 5804 0000 | 0f87 2200 

  0x0000027296c0bbb4: ;   {metadata({method} {0x00000272ae0438c0} 'defineClass' '(Ljava/lang/String;[BIILjava/security/CodeSource;)Ljava/lang/Class;' in 'java/security/SecureClassLoader')}
  0x0000027296c0bbb4: 0000 c349 | bab8 3804 | ae72 0200 | 004c 8954 | 2408 48c7 | 0424 ffff 

  0x0000027296c0bbcc: ;   {runtime_call counter_overflow Runtime1 stub}
  0x0000027296c0bbcc: ffff e8ad 

  0x0000027296c0bbd0: ; ImmutableOopMap {rdx=Oop r8=Oop r9=Oop rcx=Oop }
                      ;*synchronization entry
                      ; - java.security.SecureClassLoader::defineClass@-1 (line 150)
  0x0000027296c0bbd0: 464d 07e9 | 49ff ffff 

  0x0000027296c0bbd8: ;   {internal_word}
  0x0000027296c0bbd8: 49ba a9bb | c096 7202 | 0000 4d89 | 9770 0400 

  0x0000027296c0bbe8: ;   {runtime_call SafepointBlob}
  0x0000027296c0bbe8: 00e9 129b | 4007 498b | 8708 0500 | 0049 c787 | 0805 0000 | 0000 0000 | 49c7 8710 | 0500 0000 
  0x0000027296c0bc08: 0000 0048 | 83c4 705d 

  0x0000027296c0bc10: ;   {runtime_call unwind_exception Runtime1 stub}
  0x0000027296c0bc10: e96b e64c | 07f4 f4f4 
[Stub Code]
  0x0000027296c0bc18: ;   {no_reloc}
  0x0000027296c0bc18: 48bb 0000 | 0000 0000 

  0x0000027296c0bc20: ;   {runtime_call}
  0x0000027296c0bc20: 0000 e9fb 

  0x0000027296c0bc24: ;   {static_stub}
  0x0000027296c0bc24: ffff ff48 | bbd0 ef3f | ae72 0200 

  0x0000027296c0bc30: ;   {runtime_call I2C/C2I adapters}
  0x0000027296c0bc30: 00e9 3f55 

  0x0000027296c0bc34: ;   {runtime_call handle_exception_from_callee Runtime1 stub}
  0x0000027296c0bc34: 3f07 e845 

  0x0000027296c0bc38: ;   {external_word}
  0x0000027296c0bc38: 134d 0748 | b9c0 2836 | aafb 7f00 | 0048 83e4 

  0x0000027296c0bc48: ;   {runtime_call}
  0x0000027296c0bc48: f048 b890 | 95fd a9fb | 7f00 00ff 

  0x0000027296c0bc54: ;   {section_word}
  0x0000027296c0bc54: d0f4 49ba | 56bc c096 | 7202 0000 

  0x0000027296c0bc60: ;   {runtime_call DeoptimizationBlob}
  0x0000027296c0bc60: 4152 e939 | 8d40 07f4 
[/MachCode]


---------------  P R O C E S S  ---------------

Threads class SMR info:
_java_thread_list=0x00000272ad372fa0, length=11, elements={
0x000002728c4cf710, 0x00000272ad0d4080, 0x00000272ad0d4c40, 0x00000272ad0d6810,
0x00000272ad0d8280, 0x00000272ad0d8ce0, 0x00000272ad0d9740, 0x00000272ad0da4d0,
0x00000272ad270020, 0x00000272ad3a73a0, 0x00000272ad3ad250
}

Java Threads: ( => current thread )
=>0x000002728c4cf710 JavaThread "main"                              [_thread_in_vm, id=10736, stack(0x000000791d200000,0x000000791d300000) (1024K)]
  0x00000272ad0d4080 JavaThread "Reference Handler"          daemon [_thread_blocked, id=37988, stack(0x000000791db00000,0x000000791dc00000) (1024K)]
  0x00000272ad0d4c40 JavaThread "Finalizer"                  daemon [_thread_blocked, id=37992, stack(0x000000791dc00000,0x000000791dd00000) (1024K)]
  0x00000272ad0d6810 JavaThread "Signal Dispatcher"          daemon [_thread_blocked, id=37996, stack(0x000000791dd00000,0x000000791de00000) (1024K)]
  0x00000272ad0d8280 JavaThread "Attach Listener"            daemon [_thread_blocked, id=38000, stack(0x000000791de00000,0x000000791df00000) (1024K)]
  0x00000272ad0d8ce0 JavaThread "Service Thread"             daemon [_thread_blocked, id=38004, stack(0x000000791df00000,0x000000791e000000) (1024K)]
  0x00000272ad0d9740 JavaThread "Monitor Deflation Thread"   daemon [_thread_blocked, id=38008, stack(0x000000791e000000,0x000000791e100000) (1024K)]
  0x00000272ad0da4d0 JavaThread "C2 CompilerThread0"         daemon [_thread_blocked, id=38012, stack(0x000000791e100000,0x000000791e200000) (1024K)]
  0x00000272ad270020 JavaThread "C1 CompilerThread0"         daemon [_thread_blocked, id=38088, stack(0x000000791e200000,0x000000791e300000) (1024K)]
  0x00000272ad3a73a0 JavaThread "Notification Thread"        daemon [_thread_blocked, id=38104, stack(0x000000791e300000,0x000000791e400000) (1024K)]
  0x00000272ad3ad250 JavaThread "Common-Cleaner"             daemon [_thread_blocked, id=38108, stack(0x000000791e400000,0x000000791e500000) (1024K)]
Total: 11

Other Threads:
  0x00000272ad0b50f0 VMThread "VM Thread"                           [id=37900, stack(0x000000791da00000,0x000000791db00000) (1024K)] _threads_hazard_ptr=0x00000272ad372fa0
  0x00000272ad099800 WatcherThread "VM Periodic Task Thread"        [id=37896, stack(0x000000791d900000,0x000000791da00000) (1024K)]
  0x000002728e7ad9c0 WorkerThread "GC Thread#0"                     [id=17772, stack(0x000000791d400000,0x000000791d500000) (1024K)]
  0x000002728e7bc3c0 ConcurrentGCThread "G1 Main Marker"            [id=10084, stack(0x000000791d500000,0x000000791d600000) (1024K)]
  0x000002728e7bcdd0 WorkerThread "G1 Conc#0"                       [id=29424, stack(0x000000791d600000,0x000000791d700000) (1024K)]
  0x00000272acf6c540 ConcurrentGCThread "G1 Refine#0"               [id=28800, stack(0x000000791d700000,0x000000791d800000) (1024K)]
  0x00000272acf6d670 ConcurrentGCThread "G1 Service"                [id=37892, stack(0x000000791d800000,0x000000791d900000) (1024K)]
Total: 7

Threads with active compile tasks:
Total: 0

VM state: synchronizing (normal execution)

VM Mutex/Monitor currently owned by a thread:  ([mutex/lock_event])
[0x00007ffbaa60ab48] Metaspace_lock - owner thread: 0x000002728c4cf710
[0x00007ffbaa60cbc8] Threads_lock - owner thread: 0x00000272ad0b50f0

Heap address: 0x0000000724e00000, size: 3506 MB, Compressed Oops mode: Zero based, Oop shift amount: 3

CDS archive(s) mapped at: [0x00000272ae000000-0x00000272aec60000-0x00000272aec60000), size 12976128, SharedBaseAddress: 0x00000272ae000000, ArchiveRelocationMode: 1.
Compressed class space mapped at: 0x00000272af000000-0x00000272ef000000, reserved size: 1073741824
Narrow klass base: 0x00000272ae000000, Narrow klass shift: 0, Narrow klass range: 0x41000000

GC Precious Log:
 CardTable entry size: 512
 Card Set container configuration: InlinePtr #cards 4 size 8 Array Of Cards #cards 16 size 48 Howl #buckets 8 coarsen threshold 3686 Howl Bitmap #cards 512 size 80 coarsen threshold 460 Card regions per heap region 1 cards per card region 4096
 CPUs: 12 total, 12 available
 Memory: 14020M
 Large Page Support: Disabled
 NUMA Support: Disabled
 Compressed Oops: Enabled (Zero based)
 Heap Region Size: 2M
 Heap Min Capacity: 8M
 Heap Initial Capacity: 220M
 Heap Max Capacity: 3506M
 Pre-touch: Disabled
 Parallel Workers: 10
 Concurrent Workers: 3
 Concurrent Refinement Workers: 10
 Periodic GC: Disabled

Heap:
 garbage-first heap   total reserved 3590144K, committed 225280K, used 12288K [0x0000000724e00000, 0x0000000800000000)
  region size 2048K, 7 young (14336K), 0 survivors (0K)
 Metaspace       used 3880K, committed 4032K, reserved 1114112K
  class space    used 407K, committed 512K, reserved 1048576K

Heap Regions: E=young(eden), S=young(survivor), O=old, HS=humongous(starts), HC=humongous(continues), CS=collection set, F=free, TAMS=top-at-mark-start, PB=parsable bottom
|   0|0x0000000724e00000, 0x0000000724e00000, 0x0000000725000000|  0%| F|  |TAMS 0x0000000724e00000| PB 0x0000000724e00000| Untracked |  0
|   1|0x0000000725000000, 0x0000000725000000, 0x0000000725200000|  0%| F|  |TAMS 0x0000000725000000| PB 0x0000000725000000| Untracked |  0
|   2|0x0000000725200000, 0x0000000725200000, 0x0000000725400000|  0%| F|  |TAMS 0x0000000725200000| PB 0x0000000725200000| Untracked |  0
|   3|0x0000000725400000, 0x0000000725400000, 0x0000000725600000|  0%| F|  |TAMS 0x0000000725400000| PB 0x0000000725400000| Untracked |  0
|   4|0x0000000725600000, 0x0000000725600000, 0x0000000725800000|  0%| F|  |TAMS 0x0000000725600000| PB 0x0000000725600000| Untracked |  0
|   5|0x0000000725800000, 0x0000000725800000, 0x0000000725a00000|  0%| F|  |TAMS 0x0000000725800000| PB 0x0000000725800000| Untracked |  0
|   6|0x0000000725a00000, 0x0000000725a00000, 0x0000000725c00000|  0%| F|  |TAMS 0x0000000725a00000| PB 0x0000000725a00000| Untracked |  0
|   7|0x0000000725c00000, 0x0000000725c00000, 0x0000000725e00000|  0%| F|  |TAMS 0x0000000725c00000| PB 0x0000000725c00000| Untracked |  0
|   8|0x0000000725e00000, 0x0000000725e00000, 0x0000000726000000|  0%| F|  |TAMS 0x0000000725e00000| PB 0x0000000725e00000| Untracked |  0
|   9|0x0000000726000000, 0x0000000726000000, 0x0000000726200000|  0%| F|  |TAMS 0x0000000726000000| PB 0x0000000726000000| Untracked |  0
|  10|0x0000000726200000, 0x0000000726200000, 0x0000000726400000|  0%| F|  |TAMS 0x0000000726200000| PB 0x0000000726200000| Untracked |  0
|  11|0x0000000726400000, 0x0000000726400000, 0x0000000726600000|  0%| F|  |TAMS 0x0000000726400000| PB 0x0000000726400000| Untracked |  0
|  12|0x0000000726600000, 0x0000000726600000, 0x0000000726800000|  0%| F|  |TAMS 0x0000000726600000| PB 0x0000000726600000| Untracked |  0
|  13|0x0000000726800000, 0x0000000726800000, 0x0000000726a00000|  0%| F|  |TAMS 0x0000000726800000| PB 0x0000000726800000| Untracked |  0
|  14|0x0000000726a00000, 0x0000000726a00000, 0x0000000726c00000|  0%| F|  |TAMS 0x0000000726a00000| PB 0x0000000726a00000| Untracked |  0
|  15|0x0000000726c00000, 0x0000000726c00000, 0x0000000726e00000|  0%| F|  |TAMS 0x0000000726c00000| PB 0x0000000726c00000| Untracked |  0
|  16|0x0000000726e00000, 0x0000000726e00000, 0x0000000727000000|  0%| F|  |TAMS 0x0000000726e00000| PB 0x0000000726e00000| Untracked |  0
|  17|0x0000000727000000, 0x0000000727000000, 0x0000000727200000|  0%| F|  |TAMS 0x0000000727000000| PB 0x0000000727000000| Untracked |  0
|  18|0x0000000727200000, 0x0000000727200000, 0x0000000727400000|  0%| F|  |TAMS 0x0000000727200000| PB 0x0000000727200000| Untracked |  0
|  19|0x0000000727400000, 0x0000000727400000, 0x0000000727600000|  0%| F|  |TAMS 0x0000000727400000| PB 0x0000000727400000| Untracked |  0
|  20|0x0000000727600000, 0x0000000727600000, 0x0000000727800000|  0%| F|  |TAMS 0x0000000727600000| PB 0x0000000727600000| Untracked |  0
|  21|0x0000000727800000, 0x0000000727800000, 0x0000000727a00000|  0%| F|  |TAMS 0x0000000727800000| PB 0x0000000727800000| Untracked |  0
|  22|0x0000000727a00000, 0x0000000727a00000, 0x0000000727c00000|  0%| F|  |TAMS 0x0000000727a00000| PB 0x0000000727a00000| Untracked |  0
|  23|0x0000000727c00000, 0x0000000727c00000, 0x0000000727e00000|  0%| F|  |TAMS 0x0000000727c00000| PB 0x0000000727c00000| Untracked |  0
|  24|0x0000000727e00000, 0x0000000727e00000, 0x0000000728000000|  0%| F|  |TAMS 0x0000000727e00000| PB 0x0000000727e00000| Untracked |  0
|  25|0x0000000728000000, 0x0000000728000000, 0x0000000728200000|  0%| F|  |TAMS 0x0000000728000000| PB 0x0000000728000000| Untracked |  0
|  26|0x0000000728200000, 0x0000000728200000, 0x0000000728400000|  0%| F|  |TAMS 0x0000000728200000| PB 0x0000000728200000| Untracked |  0
|  27|0x0000000728400000, 0x0000000728400000, 0x0000000728600000|  0%| F|  |TAMS 0x0000000728400000| PB 0x0000000728400000| Untracked |  0
|  28|0x0000000728600000, 0x0000000728600000, 0x0000000728800000|  0%| F|  |TAMS 0x0000000728600000| PB 0x0000000728600000| Untracked |  0
|  29|0x0000000728800000, 0x0000000728800000, 0x0000000728a00000|  0%| F|  |TAMS 0x0000000728800000| PB 0x0000000728800000| Untracked |  0
|  30|0x0000000728a00000, 0x0000000728a00000, 0x0000000728c00000|  0%| F|  |TAMS 0x0000000728a00000| PB 0x0000000728a00000| Untracked |  0
|  31|0x0000000728c00000, 0x0000000728c00000, 0x0000000728e00000|  0%| F|  |TAMS 0x0000000728c00000| PB 0x0000000728c00000| Untracked |  0
|  32|0x0000000728e00000, 0x0000000728e00000, 0x0000000729000000|  0%| F|  |TAMS 0x0000000728e00000| PB 0x0000000728e00000| Untracked |  0
|  33|0x0000000729000000, 0x0000000729000000, 0x0000000729200000|  0%| F|  |TAMS 0x0000000729000000| PB 0x0000000729000000| Untracked |  0
|  34|0x0000000729200000, 0x0000000729200000, 0x0000000729400000|  0%| F|  |TAMS 0x0000000729200000| PB 0x0000000729200000| Untracked |  0
|  35|0x0000000729400000, 0x0000000729400000, 0x0000000729600000|  0%| F|  |TAMS 0x0000000729400000| PB 0x0000000729400000| Untracked |  0
|  36|0x0000000729600000, 0x0000000729600000, 0x0000000729800000|  0%| F|  |TAMS 0x0000000729600000| PB 0x0000000729600000| Untracked |  0
|  37|0x0000000729800000, 0x0000000729800000, 0x0000000729a00000|  0%| F|  |TAMS 0x0000000729800000| PB 0x0000000729800000| Untracked |  0
|  38|0x0000000729a00000, 0x0000000729a00000, 0x0000000729c00000|  0%| F|  |TAMS 0x0000000729a00000| PB 0x0000000729a00000| Untracked |  0
|  39|0x0000000729c00000, 0x0000000729c00000, 0x0000000729e00000|  0%| F|  |TAMS 0x0000000729c00000| PB 0x0000000729c00000| Untracked |  0
|  40|0x0000000729e00000, 0x0000000729e00000, 0x000000072a000000|  0%| F|  |TAMS 0x0000000729e00000| PB 0x0000000729e00000| Untracked |  0
|  41|0x000000072a000000, 0x000000072a000000, 0x000000072a200000|  0%| F|  |TAMS 0x000000072a000000| PB 0x000000072a000000| Untracked |  0
|  42|0x000000072a200000, 0x000000072a200000, 0x000000072a400000|  0%| F|  |TAMS 0x000000072a200000| PB 0x000000072a200000| Untracked |  0
|  43|0x000000072a400000, 0x000000072a400000, 0x000000072a600000|  0%| F|  |TAMS 0x000000072a400000| PB 0x000000072a400000| Untracked |  0
|  44|0x000000072a600000, 0x000000072a600000, 0x000000072a800000|  0%| F|  |TAMS 0x000000072a600000| PB 0x000000072a600000| Untracked |  0
|  45|0x000000072a800000, 0x000000072a800000, 0x000000072aa00000|  0%| F|  |TAMS 0x000000072a800000| PB 0x000000072a800000| Untracked |  0
|  46|0x000000072aa00000, 0x000000072aa00000, 0x000000072ac00000|  0%| F|  |TAMS 0x000000072aa00000| PB 0x000000072aa00000| Untracked |  0
|  47|0x000000072ac00000, 0x000000072ac00000, 0x000000072ae00000|  0%| F|  |TAMS 0x000000072ac00000| PB 0x000000072ac00000| Untracked |  0
|  48|0x000000072ae00000, 0x000000072ae00000, 0x000000072b000000|  0%| F|  |TAMS 0x000000072ae00000| PB 0x000000072ae00000| Untracked |  0
|  49|0x000000072b000000, 0x000000072b000000, 0x000000072b200000|  0%| F|  |TAMS 0x000000072b000000| PB 0x000000072b000000| Untracked |  0
|  50|0x000000072b200000, 0x000000072b200000, 0x000000072b400000|  0%| F|  |TAMS 0x000000072b200000| PB 0x000000072b200000| Untracked |  0
|  51|0x000000072b400000, 0x000000072b400000, 0x000000072b600000|  0%| F|  |TAMS 0x000000072b400000| PB 0x000000072b400000| Untracked |  0
|  52|0x000000072b600000, 0x000000072b600000, 0x000000072b800000|  0%| F|  |TAMS 0x000000072b600000| PB 0x000000072b600000| Untracked |  0
|  53|0x000000072b800000, 0x000000072b800000, 0x000000072ba00000|  0%| F|  |TAMS 0x000000072b800000| PB 0x000000072b800000| Untracked |  0
|  54|0x000000072ba00000, 0x000000072ba00000, 0x000000072bc00000|  0%| F|  |TAMS 0x000000072ba00000| PB 0x000000072ba00000| Untracked |  0
|  55|0x000000072bc00000, 0x000000072bc00000, 0x000000072be00000|  0%| F|  |TAMS 0x000000072bc00000| PB 0x000000072bc00000| Untracked |  0
|  56|0x000000072be00000, 0x000000072be00000, 0x000000072c000000|  0%| F|  |TAMS 0x000000072be00000| PB 0x000000072be00000| Untracked |  0
|  57|0x000000072c000000, 0x000000072c000000, 0x000000072c200000|  0%| F|  |TAMS 0x000000072c000000| PB 0x000000072c000000| Untracked |  0
|  58|0x000000072c200000, 0x000000072c200000, 0x000000072c400000|  0%| F|  |TAMS 0x000000072c200000| PB 0x000000072c200000| Untracked |  0
|  59|0x000000072c400000, 0x000000072c400000, 0x000000072c600000|  0%| F|  |TAMS 0x000000072c400000| PB 0x000000072c400000| Untracked |  0
|  60|0x000000072c600000, 0x000000072c600000, 0x000000072c800000|  0%| F|  |TAMS 0x000000072c600000| PB 0x000000072c600000| Untracked |  0
|  61|0x000000072c800000, 0x000000072c800000, 0x000000072ca00000|  0%| F|  |TAMS 0x000000072c800000| PB 0x000000072c800000| Untracked |  0
|  62|0x000000072ca00000, 0x000000072ca00000, 0x000000072cc00000|  0%| F|  |TAMS 0x000000072ca00000| PB 0x000000072ca00000| Untracked |  0
|  63|0x000000072cc00000, 0x000000072cc00000, 0x000000072ce00000|  0%| F|  |TAMS 0x000000072cc00000| PB 0x000000072cc00000| Untracked |  0
|  64|0x000000072ce00000, 0x000000072ce00000, 0x000000072d000000|  0%| F|  |TAMS 0x000000072ce00000| PB 0x000000072ce00000| Untracked |  0
|  65|0x000000072d000000, 0x000000072d000000, 0x000000072d200000|  0%| F|  |TAMS 0x000000072d000000| PB 0x000000072d000000| Untracked |  0
|  66|0x000000072d200000, 0x000000072d200000, 0x000000072d400000|  0%| F|  |TAMS 0x000000072d200000| PB 0x000000072d200000| Untracked |  0
|  67|0x000000072d400000, 0x000000072d400000, 0x000000072d600000|  0%| F|  |TAMS 0x000000072d400000| PB 0x000000072d400000| Untracked |  0
|  68|0x000000072d600000, 0x000000072d600000, 0x000000072d800000|  0%| F|  |TAMS 0x000000072d600000| PB 0x000000072d600000| Untracked |  0
|  69|0x000000072d800000, 0x000000072d800000, 0x000000072da00000|  0%| F|  |TAMS 0x000000072d800000| PB 0x000000072d800000| Untracked |  0
|  70|0x000000072da00000, 0x000000072da00000, 0x000000072dc00000|  0%| F|  |TAMS 0x000000072da00000| PB 0x000000072da00000| Untracked |  0
|  71|0x000000072dc00000, 0x000000072dc00000, 0x000000072de00000|  0%| F|  |TAMS 0x000000072dc00000| PB 0x000000072dc00000| Untracked |  0
|  72|0x000000072de00000, 0x000000072de00000, 0x000000072e000000|  0%| F|  |TAMS 0x000000072de00000| PB 0x000000072de00000| Untracked |  0
|  73|0x000000072e000000, 0x000000072e000000, 0x000000072e200000|  0%| F|  |TAMS 0x000000072e000000| PB 0x000000072e000000| Untracked |  0
|  74|0x000000072e200000, 0x000000072e200000, 0x000000072e400000|  0%| F|  |TAMS 0x000000072e200000| PB 0x000000072e200000| Untracked |  0
|  75|0x000000072e400000, 0x000000072e400000, 0x000000072e600000|  0%| F|  |TAMS 0x000000072e400000| PB 0x000000072e400000| Untracked |  0
|  76|0x000000072e600000, 0x000000072e600000, 0x000000072e800000|  0%| F|  |TAMS 0x000000072e600000| PB 0x000000072e600000| Untracked |  0
|  77|0x000000072e800000, 0x000000072e800000, 0x000000072ea00000|  0%| F|  |TAMS 0x000000072e800000| PB 0x000000072e800000| Untracked |  0
|  78|0x000000072ea00000, 0x000000072ea00000, 0x000000072ec00000|  0%| F|  |TAMS 0x000000072ea00000| PB 0x000000072ea00000| Untracked |  0
|  79|0x000000072ec00000, 0x000000072ec00000, 0x000000072ee00000|  0%| F|  |TAMS 0x000000072ec00000| PB 0x000000072ec00000| Untracked |  0
|  80|0x000000072ee00000, 0x000000072ee00000, 0x000000072f000000|  0%| F|  |TAMS 0x000000072ee00000| PB 0x000000072ee00000| Untracked |  0
|  81|0x000000072f000000, 0x000000072f000000, 0x000000072f200000|  0%| F|  |TAMS 0x000000072f000000| PB 0x000000072f000000| Untracked |  0
|  82|0x000000072f200000, 0x000000072f200000, 0x000000072f400000|  0%| F|  |TAMS 0x000000072f200000| PB 0x000000072f200000| Untracked |  0
|  83|0x000000072f400000, 0x000000072f400000, 0x000000072f600000|  0%| F|  |TAMS 0x000000072f400000| PB 0x000000072f400000| Untracked |  0
|  84|0x000000072f600000, 0x000000072f600000, 0x000000072f800000|  0%| F|  |TAMS 0x000000072f600000| PB 0x000000072f600000| Untracked |  0
|  85|0x000000072f800000, 0x000000072f800000, 0x000000072fa00000|  0%| F|  |TAMS 0x000000072f800000| PB 0x000000072f800000| Untracked |  0
|  86|0x000000072fa00000, 0x000000072fa00000, 0x000000072fc00000|  0%| F|  |TAMS 0x000000072fa00000| PB 0x000000072fa00000| Untracked |  0
|  87|0x000000072fc00000, 0x000000072fc00000, 0x000000072fe00000|  0%| F|  |TAMS 0x000000072fc00000| PB 0x000000072fc00000| Untracked |  0
|  88|0x000000072fe00000, 0x000000072fe00000, 0x0000000730000000|  0%| F|  |TAMS 0x000000072fe00000| PB 0x000000072fe00000| Untracked |  0
|  89|0x0000000730000000, 0x0000000730000000, 0x0000000730200000|  0%| F|  |TAMS 0x0000000730000000| PB 0x0000000730000000| Untracked |  0
|  90|0x0000000730200000, 0x0000000730200000, 0x0000000730400000|  0%| F|  |TAMS 0x0000000730200000| PB 0x0000000730200000| Untracked |  0
|  91|0x0000000730400000, 0x0000000730400000, 0x0000000730600000|  0%| F|  |TAMS 0x0000000730400000| PB 0x0000000730400000| Untracked |  0
|  92|0x0000000730600000, 0x0000000730600000, 0x0000000730800000|  0%| F|  |TAMS 0x0000000730600000| PB 0x0000000730600000| Untracked |  0
|  93|0x0000000730800000, 0x0000000730800000, 0x0000000730a00000|  0%| F|  |TAMS 0x0000000730800000| PB 0x0000000730800000| Untracked |  0
|  94|0x0000000730a00000, 0x0000000730a00000, 0x0000000730c00000|  0%| F|  |TAMS 0x0000000730a00000| PB 0x0000000730a00000| Untracked |  0
|  95|0x0000000730c00000, 0x0000000730c00000, 0x0000000730e00000|  0%| F|  |TAMS 0x0000000730c00000| PB 0x0000000730c00000| Untracked |  0
|  96|0x0000000730e00000, 0x0000000730e00000, 0x0000000731000000|  0%| F|  |TAMS 0x0000000730e00000| PB 0x0000000730e00000| Untracked |  0
|  97|0x0000000731000000, 0x0000000731000000, 0x0000000731200000|  0%| F|  |TAMS 0x0000000731000000| PB 0x0000000731000000| Untracked |  0
|  98|0x0000000731200000, 0x0000000731200000, 0x0000000731400000|  0%| F|  |TAMS 0x0000000731200000| PB 0x0000000731200000| Untracked |  0
|  99|0x0000000731400000, 0x0000000731400000, 0x0000000731600000|  0%| F|  |TAMS 0x0000000731400000| PB 0x0000000731400000| Untracked |  0
| 100|0x0000000731600000, 0x0000000731600000, 0x0000000731800000|  0%| F|  |TAMS 0x0000000731600000| PB 0x0000000731600000| Untracked |  0
| 101|0x0000000731800000, 0x0000000731800000, 0x0000000731a00000|  0%| F|  |TAMS 0x0000000731800000| PB 0x0000000731800000| Untracked |  0
| 102|0x0000000731a00000, 0x0000000731a00000, 0x0000000731c00000|  0%| F|  |TAMS 0x0000000731a00000| PB 0x0000000731a00000| Untracked |  0
| 103|0x0000000731c00000, 0x0000000731dfb6a0, 0x0000000731e00000| 99%| E|  |TAMS 0x0000000731c00000| PB 0x0000000731c00000| Complete |  0
| 104|0x0000000731e00000, 0x0000000732000000, 0x0000000732000000|100%| E|CS|TAMS 0x0000000731e00000| PB 0x0000000731e00000| Complete |  0
| 105|0x0000000732000000, 0x0000000732200000, 0x0000000732200000|100%| E|CS|TAMS 0x0000000732000000| PB 0x0000000732000000| Complete |  0
| 106|0x0000000732200000, 0x0000000732400000, 0x0000000732400000|100%| E|CS|TAMS 0x0000000732200000| PB 0x0000000732200000| Complete |  0
| 107|0x0000000732400000, 0x0000000732600000, 0x0000000732600000|100%| E|CS|TAMS 0x0000000732400000| PB 0x0000000732400000| Complete |  0
| 108|0x0000000732600000, 0x0000000732800000, 0x0000000732800000|100%| E|CS|TAMS 0x0000000732600000| PB 0x0000000732600000| Complete |  0
| 109|0x0000000732800000, 0x0000000732a00000, 0x0000000732a00000|100%| E|CS|TAMS 0x0000000732800000| PB 0x0000000732800000| Complete |  0

Card table byte_map: [0x00000272a66c0000,0x00000272a6da0000] _byte_map_base: 0x00000272a2d99000

Marking Bits: (CMBitMap*) 0x000002728e7adfd0
 Bits: [0x00000272a6da0000, 0x00000272aa468000)

Polling page: 0x000002728df10000

Metaspace:

Usage:
  Non-class:      3.39 MB used.
      Class:    407.88 KB used.
       Both:      3.79 MB used.

Virtual space:
  Non-class space:       64.00 MB reserved,       3.44 MB (  5%) committed,  1 nodes.
      Class space:        1.00 GB reserved,     512.00 KB ( <1%) committed,  1 nodes.
             Both:        1.06 GB reserved,       3.94 MB ( <1%) committed. 

Chunk freelists:
   Non-Class:  10.11 MB
       Class:  15.47 MB
        Both:  25.58 MB

MaxMetaspaceSize: unlimited
CompressedClassSpaceSize: 1.00 GB
Initial GC threshold: 21.00 MB
Current GC threshold: 21.00 MB
CDS: on
 - commit_granule_bytes: 65536.
 - commit_granule_words: 8192.
 - virtual_space_node_default_size: 8388608.
 - enlarge_chunks_in_place: 1.
 - use_allocation_guard: 0.


Internal statistics:

num_allocs_failed_limit: 0.
num_arena_births: 38.
num_arena_deaths: 0.
num_vsnodes_births: 2.
num_vsnodes_deaths: 0.
num_space_committed: 63.
num_space_uncommitted: 0.
num_chunks_returned_to_freelist: 0.
num_chunks_taken_from_freelist: 143.
num_chunk_merges: 0.
num_chunk_splits: 95.
num_chunks_enlarged: 76.
num_inconsistent_stats: 0.

CodeHeap 'non-profiled nmethods': size=120000Kb used=259Kb max_used=259Kb free=119740Kb
 bounds [0x000002729e560000, 0x000002729e7d0000, 0x00000272a5a90000]
CodeHeap 'profiled nmethods': size=120000Kb used=1542Kb max_used=1542Kb free=118457Kb
 bounds [0x0000027296a90000, 0x0000027296d00000, 0x000002729dfc0000]
CodeHeap 'non-nmethods': size=5760Kb used=1354Kb max_used=1371Kb free=4405Kb
 bounds [0x000002729dfc0000, 0x000002729e230000, 0x000002729e560000]
 total_blobs=1288 nmethods=829 adapters=364
 compilation: enabled
              stopped_count=0, restarted_count=0
 full_count=0

Compilation events (20 events):
Event: 30.505 Thread 0x00000272ad0da4d0 nmethod 818 0x000002729e5a0390 code [0x000002729e5a0500, 0x000002729e5a0708]
Event: 30.505 Thread 0x00000272ad270020  820       3       java.util.zip.ZipEntry::<init> (84 bytes)
Event: 30.506 Thread 0x00000272ad270020 nmethod 820 0x0000027296c0dd10 code [0x0000027296c0df00, 0x0000027296c0e478]
Event: 30.506 Thread 0x00000272ad270020  825       3       java.util.TreeMap::getFirstEntry (26 bytes)
Event: 30.506 Thread 0x00000272ad270020 nmethod 825 0x0000027296c0e690 code [0x0000027296c0e840, 0x0000027296c0ea28]
Event: 30.506 Thread 0x00000272ad270020  821       3       java.util.TreeSet::iterator (15 bytes)
Event: 30.506 Thread 0x00000272ad270020 nmethod 821 0x0000027296c0eb10 code [0x0000027296c0ecc0, 0x0000027296c0ef20]
Event: 30.506 Thread 0x00000272ad270020  822       3       java.util.TreeMap::navigableKeySet (27 bytes)
Event: 30.506 Thread 0x00000272ad270020 nmethod 822 0x0000027296c0f090 code [0x0000027296c0f260, 0x0000027296c0f658]
Event: 30.506 Thread 0x00000272ad270020  823       3       java.util.TreeMap$KeySet::iterator (32 bytes)
Event: 30.507 Thread 0x00000272ad270020 nmethod 823 0x0000027296c0f790 code [0x0000027296c0f9a0, 0x0000027296c100b0]
Event: 30.507 Thread 0x00000272ad270020  824       3       java.util.TreeMap::keyIterator (13 bytes)
Event: 30.507 Thread 0x00000272ad270020 nmethod 824 0x0000027296c10310 code [0x0000027296c104e0, 0x0000027296c109a0]
Event: 30.507 Thread 0x00000272ad270020  826       3       java.security.AccessController::checkContext (49 bytes)
Event: 30.507 Thread 0x00000272ad270020 nmethod 826 0x0000027296c10b90 code [0x0000027296c10d40, 0x0000027296c10f18]
Event: 30.511 Thread 0x00000272ad270020  827       3       jdk.internal.perf.PerfCounter::addElapsedTimeFrom (10 bytes)
Event: 30.511 Thread 0x00000272ad270020 nmethod 827 0x0000027296c11010 code [0x0000027296c111c0, 0x0000027296c11348]
Event: 30.511 Thread 0x00000272ad270020  828  s    3       jdk.internal.perf.PerfCounter::add (18 bytes)
Event: 30.512 Thread 0x00000272ad270020 nmethod 828 0x0000027296c11410 code [0x0000027296c115e0, 0x0000027296c119b0]
Event: 30.512 Thread 0x00000272ad0da4d0  829       4       sun.net.www.ParseUtil::firstEncodeIndex (86 bytes)

GC Heap History (0 events):
No events

Dll operation events (8 events):
Event: 0.013 Loaded shared library C:\Program Files\Java\jdk-22\bin\java.dll
Event: 0.475 Loaded shared library C:\Program Files\Java\jdk-22\bin\jsvml.dll
Event: 0.844 Loaded shared library C:\Program Files\Java\jdk-22\bin\net.dll
Event: 0.851 Loaded shared library C:\Program Files\Java\jdk-22\bin\nio.dll
Event: 1.100 Loaded shared library C:\Program Files\Java\jdk-22\bin\zip.dll
Event: 18.974 Loaded shared library C:\Program Files\Java\jdk-22\bin\jimage.dll
Event: 19.045 Loaded shared library C:\Program Files\NetBeans-21\netbeans\java\maven\lib\jansi-native\Windows\x86_64\jansi.dll
Event: 19.420 Loaded shared library C:\Program Files\Java\jdk-22\bin\verify.dll

Deoptimization events (20 events):
Event: 19.502 Thread 0x000002728c4cf710 DEOPT PACKING pc=0x0000027296ad37c9 sp=0x000000791d2fd340
Event: 19.502 Thread 0x000002728c4cf710 DEOPT UNPACKING pc=0x000002729e014e42 sp=0x000000791d2fc7b0 mode 0
Event: 21.670 Thread 0x000002728c4cf710 DEOPT PACKING pc=0x0000027296ad37c9 sp=0x000000791d2fe110
Event: 21.670 Thread 0x000002728c4cf710 DEOPT UNPACKING pc=0x000002729e014e42 sp=0x000000791d2fd598 mode 0
Event: 23.129 Thread 0x000002728c4cf710 DEOPT PACKING pc=0x0000027296ad37c9 sp=0x000000791d2fa020
Event: 23.129 Thread 0x000002728c4cf710 DEOPT UNPACKING pc=0x000002729e014e42 sp=0x000000791d2f9490 mode 0
Event: 25.992 Thread 0x000002728c4cf710 Uncommon trap: trap_request=0xffffff45 fr.pc=0x000002729e56b9c0 relative=0x00000000000004e0
Event: 25.992 Thread 0x000002728c4cf710 Uncommon trap: reason=unstable_if action=reinterpret pc=0x000002729e56b9c0 method=java.lang.StringLatin1.canEncode(C)Z @ 4 c2
Event: 25.992 Thread 0x000002728c4cf710 DEOPT PACKING pc=0x000002729e56b9c0 sp=0x000000791d2fe1b0
Event: 25.993 Thread 0x000002728c4cf710 DEOPT UNPACKING pc=0x000002729e0146a2 sp=0x000000791d2fe0e0 mode 2
Event: 25.993 Thread 0x000002728c4cf710 Uncommon trap: trap_request=0xffffff45 fr.pc=0x000002729e584610 relative=0x00000000000004b0
Event: 25.993 Thread 0x000002728c4cf710 Uncommon trap: reason=unstable_if action=reinterpret pc=0x000002729e584610 method=java.lang.AbstractStringBuilder.isLatin1()Z @ 10 c2
Event: 25.993 Thread 0x000002728c4cf710 DEOPT PACKING pc=0x000002729e584610 sp=0x000000791d2fe1d0
Event: 25.993 Thread 0x000002728c4cf710 DEOPT UNPACKING pc=0x000002729e0146a2 sp=0x000000791d2fe160 mode 2
Event: 26.062 Thread 0x000002728c4cf710 DEOPT PACKING pc=0x0000027296adf2a5 sp=0x000000791d2fd0e0
Event: 26.062 Thread 0x000002728c4cf710 DEOPT UNPACKING pc=0x000002729e014e42 sp=0x000000791d2fc530 mode 0
Event: 26.073 Thread 0x000002728c4cf710 DEOPT PACKING pc=0x0000027296adf2a5 sp=0x000000791d2f9c70
Event: 26.073 Thread 0x000002728c4cf710 DEOPT UNPACKING pc=0x000002729e014e42 sp=0x000000791d2f90c0 mode 0
Event: 30.497 Thread 0x000002728c4cf710 DEOPT PACKING pc=0x0000027296ab93c3 sp=0x000000791d2fa080
Event: 30.497 Thread 0x000002728c4cf710 DEOPT UNPACKING pc=0x000002729e014e42 sp=0x000000791d2f94f8 mode 0

Classes loaded (20 events):
Event: 25.991 Loading class sun/text/resources/cldr/FormatData_en_US
Event: 25.991 Loading class sun/text/resources/cldr/FormatData_en_US done
Event: 26.235 Loading class java/lang/ArrayIndexOutOfBoundsException
Event: 26.692 Loading class java/lang/ArrayIndexOutOfBoundsException done
Event: 26.835 Loading class java/io/FilterReader
Event: 27.097 Loading class java/io/FilterReader done
Event: 28.262 Loading class java/io/InvalidObjectException
Event: 28.262 Loading class java/io/ObjectStreamException
Event: 28.262 Loading class java/io/ObjectStreamException done
Event: 28.262 Loading class java/io/InvalidObjectException done
Event: 28.531 Loading class java/util/NoSuchElementException
Event: 28.531 Loading class java/util/NoSuchElementException done
Event: 29.239 Loading class java/util/Arrays$ArrayItr
Event: 29.440 Loading class java/util/Arrays$ArrayItr done
Event: 29.530 Loading class java/lang/invoke/DirectMethodHandle$Special
Event: 29.735 Loading class java/lang/invoke/DirectMethodHandle$Special done
Event: 30.496 Loading class java/lang/InterruptedException
Event: 30.496 Loading class java/lang/InterruptedException done
Event: 30.496 Loading class java/util/concurrent/ExecutionException
Event: 30.496 Loading class java/util/concurrent/ExecutionException done

Classes unloaded (0 events):
No events

Classes redefined (0 events):
No events

Internal exceptions (20 events):
Event: 18.704 Thread 0x000002728c4cf710 Exception <a 'java/lang/NullPointerException'{0x0000000732579b10}> (0x0000000732579b10) 
thrown [s\open\src\hotspot\share\interpreter\linkResolver.cpp, line 1374]
Event: 19.057 Thread 0x000002728c4cf710 Exception <a 'java/lang/NullPointerException'{0x00000007325baa58}> (0x00000007325baa58) 
thrown [s\open\src\hotspot\share\interpreter\linkResolver.cpp, line 1374]
Event: 19.057 Thread 0x000002728c4cf710 Exception <a 'java/lang/NullPointerException'{0x00000007325bad38}> (0x00000007325bad38) 
thrown [s\open\src\hotspot\share\interpreter\linkResolver.cpp, line 1374]
Event: 19.057 Thread 0x000002728c4cf710 Exception <a 'java/lang/NullPointerException'{0x00000007325bb018}> (0x00000007325bb018) 
thrown [s\open\src\hotspot\share\interpreter\linkResolver.cpp, line 1374]
Event: 19.077 Thread 0x000002728c4cf710 Exception <a 'java/lang/NullPointerException'{0x00000007325bfd80}> (0x00000007325bfd80) 
thrown [s\open\src\hotspot\share\interpreter\linkResolver.cpp, line 1374]
Event: 19.086 Thread 0x000002728c4cf710 Exception <a 'java/lang/NullPointerException'{0x00000007325d2e70}> (0x00000007325d2e70) 
thrown [s\open\src\hotspot\share\interpreter\linkResolver.cpp, line 1374]
Event: 19.086 Thread 0x000002728c4cf710 Exception <a 'java/lang/NullPointerException'{0x00000007325d3150}> (0x00000007325d3150) 
thrown [s\open\src\hotspot\share\interpreter\linkResolver.cpp, line 1374]
Event: 19.086 Thread 0x000002728c4cf710 Exception <a 'java/lang/NullPointerException'{0x00000007325d3430}> (0x00000007325d3430) 
thrown [s\open\src\hotspot\share\interpreter\linkResolver.cpp, line 1374]
Event: 19.086 Thread 0x000002728c4cf710 Exception <a 'java/lang/NullPointerException'{0x00000007325d3710}> (0x00000007325d3710) 
thrown [s\open\src\hotspot\share\interpreter\linkResolver.cpp, line 1374]
Event: 19.097 Thread 0x000002728c4cf710 Exception <a 'sun/nio/fs/WindowsException'{0x00000007325fc690}> (0x00000007325fc690) 
thrown [s\open\src\hotspot\share\prims\jni.cpp, line 520]
Event: 19.097 Thread 0x000002728c4cf710 Exception <a 'sun/nio/fs/WindowsException'{0x00000007325fce68}> (0x00000007325fce68) 
thrown [s\open\src\hotspot\share\prims\jni.cpp, line 520]
Event: 19.098 Thread 0x000002728c4cf710 Exception <a 'sun/nio/fs/WindowsException'{0x00000007325fd490}> (0x00000007325fd490) 
thrown [s\open\src\hotspot\share\prims\jni.cpp, line 520]
Event: 19.098 Thread 0x000002728c4cf710 Exception <a 'sun/nio/fs/WindowsException'{0x00000007325fda90}> (0x00000007325fda90) 
thrown [s\open\src\hotspot\share\prims\jni.cpp, line 520]
Event: 19.098 Thread 0x000002728c4cf710 Exception <a 'sun/nio/fs/WindowsException'{0x00000007325fe008}> (0x00000007325fe008) 
thrown [s\open\src\hotspot\share\prims\jni.cpp, line 520]
Event: 19.098 Thread 0x000002728c4cf710 Exception <a 'sun/nio/fs/WindowsException'{0x00000007325fe560}> (0x00000007325fe560) 
thrown [s\open\src\hotspot\share\prims\jni.cpp, line 520]
Event: 19.098 Thread 0x000002728c4cf710 Exception <a 'sun/nio/fs/WindowsException'{0x00000007325fea68}> (0x00000007325fea68) 
thrown [s\open\src\hotspot\share\prims\jni.cpp, line 520]
Event: 19.098 Thread 0x000002728c4cf710 Exception <a 'sun/nio/fs/WindowsException'{0x00000007325fef28}> (0x00000007325fef28) 
thrown [s\open\src\hotspot\share\prims\jni.cpp, line 520]
Event: 19.497 Thread 0x000002728c4cf710 Exception <a 'java/lang/NoSuchMethodError'{0x0000000732270970}: 'void java.lang.invoke.DirectMethodHandle$Holder.invokeStatic(java.lang.Object, java.lang.Object, java.lang.Object)'> (0x0000000732270970) 
thrown [s\open\src\hotspot\share\interpreter\linkResolver.cpp, line 774]
Event: 22.215 Thread 0x000002728c4cf710 Exception <a 'java/lang/NoSuchMethodError'{0x0000000732022bf8}: 'java.lang.Object java.lang.invoke.DirectMethodHandle$Holder.invokeSpecialIFC(java.lang.Object, java.lang.Object, java.lang.Object, java.lang.Object)'> (0x0000000732022bf8) 
thrown [s\open\src\hotspot\share\interpreter\linkResolver.cpp, line 774]
Event: 29.530 Thread 0x000002728c4cf710 Exception <a 'java/lang/NoSuchMethodError'{0x0000000731d925a0}: 'void java.lang.invoke.DirectMethodHandle$Holder.invokeSpecial(java.lang.Object, java.lang.Object, java.lang.Object)'> (0x0000000731d925a0) 
thrown [s\open\src\hotspot\share\interpreter\linkResolver.cpp, line 774]

ZGC Phase Switch (0 events):
No events

VM Operations (20 events):
Event: 18.997 Executing VM operation: HandshakeAllThreads (Deoptimize)
Event: 18.997 Executing VM operation: HandshakeAllThreads (Deoptimize) done
Event: 20.005 Executing VM operation: Cleanup
Event: 20.005 Executing VM operation: Cleanup done
Event: 21.017 Executing VM operation: Cleanup
Event: 21.017 Executing VM operation: Cleanup done
Event: 22.031 Executing VM operation: Cleanup
Event: 22.201 Executing VM operation: Cleanup done
Event: 23.207 Executing VM operation: Cleanup
Event: 23.208 Executing VM operation: Cleanup done
Event: 24.216 Executing VM operation: Cleanup
Event: 24.216 Executing VM operation: Cleanup done
Event: 26.259 Executing VM operation: Cleanup
Event: 26.698 Executing VM operation: Cleanup done
Event: 27.711 Executing VM operation: Cleanup
Event: 27.711 Executing VM operation: Cleanup done
Event: 28.720 Executing VM operation: Cleanup
Event: 28.720 Executing VM operation: Cleanup done
Event: 29.736 Executing VM operation: Cleanup
Event: 29.736 Executing VM operation: Cleanup done

Events (11 events):
Event: 0.033 Thread 0x000002728c4cf710 Thread added: 0x000002728c4cf710
Event: 0.468 Thread 0x00000272ad0d4080 Thread added: 0x00000272ad0d4080
Event: 0.468 Thread 0x00000272ad0d4c40 Thread added: 0x00000272ad0d4c40
Event: 0.469 Thread 0x00000272ad0d6810 Thread added: 0x00000272ad0d6810
Event: 0.469 Thread 0x00000272ad0d8280 Thread added: 0x00000272ad0d8280
Event: 0.469 Thread 0x00000272ad0d8ce0 Thread added: 0x00000272ad0d8ce0
Event: 0.469 Thread 0x00000272ad0d9740 Thread added: 0x00000272ad0d9740
Event: 0.469 Thread 0x00000272ad0da4d0 Thread added: 0x00000272ad0da4d0
Event: 0.672 Thread 0x00000272ad270020 Thread added: 0x00000272ad270020
Event: 0.838 Thread 0x00000272ad3a73a0 Thread added: 0x00000272ad3a73a0
Event: 0.841 Thread 0x00000272ad3ad250 Thread added: 0x00000272ad3ad250


Dynamic libraries:
0x00007ff7ed1d0000 - 0x00007ff7ed1e0000 	C:\Program Files\Java\jdk-22\bin\java.exe
0x00007ffc3f9d0000 - 0x00007ffc3fbe7000 	C:\WINDOWS\SYSTEM32\ntdll.dll
0x00007ffc3e920000 - 0x00007ffc3e9e4000 	C:\WINDOWS\System32\KERNEL32.DLL
0x00007ffc3cf80000 - 0x00007ffc3d327000 	C:\WINDOWS\System32\KERNELBASE.dll
0x00007ffc3ce60000 - 0x00007ffc3cf71000 	C:\WINDOWS\System32\ucrtbase.dll
0x00007ffc0f400000 - 0x00007ffc0f417000 	C:\Program Files\Java\jdk-22\bin\jli.dll
0x00007ffc3e9f0000 - 0x00007ffc3eaa2000 	C:\WINDOWS\System32\ADVAPI32.dll
0x00007ffc3eab0000 - 0x00007ffc3eb57000 	C:\WINDOWS\System32\msvcrt.dll
0x00007ffc3dbc0000 - 0x00007ffc3dc68000 	C:\WINDOWS\System32\sechost.dll
0x00007ffc3ce30000 - 0x00007ffc3ce58000 	C:\WINDOWS\System32\bcrypt.dll
0x00007ffc3f650000 - 0x00007ffc3f765000 	C:\WINDOWS\System32\RPCRT4.dll
0x00007ffc3e520000 - 0x00007ffc3e6ce000 	C:\WINDOWS\System32\USER32.dll
0x00007ffc3d4c0000 - 0x00007ffc3d4e6000 	C:\WINDOWS\System32\win32u.dll
0x00007ffc3db70000 - 0x00007ffc3db99000 	C:\WINDOWS\System32\GDI32.dll
0x00007ffc3d3a0000 - 0x00007ffc3d4b9000 	C:\WINDOWS\System32\gdi32full.dll
0x00007ffc3d4f0000 - 0x00007ffc3d58a000 	C:\WINDOWS\System32\msvcp_win.dll
0x00007ffbf78f0000 - 0x00007ffbf790b000 	C:\Program Files\Java\jdk-22\bin\VCRUNTIME140.dll
0x00007ffc10350000 - 0x00007ffc105e3000 	C:\WINDOWS\WinSxS\amd64_microsoft.windows.common-controls_6595b64144ccf1df_6.0.22621.3527_none_270e469b73872a76\COMCTL32.dll
0x00007ffc343d0000 - 0x00007ffc343da000 	C:\WINDOWS\SYSTEM32\VERSION.dll
0x00007ffc3f2b0000 - 0x00007ffc3f2e1000 	C:\WINDOWS\System32\IMM32.DLL
0x00007ffc0e880000 - 0x00007ffc0e88c000 	C:\Program Files\Java\jdk-22\bin\vcruntime140_1.dll
0x00007ffbd0ad0000 - 0x00007ffbd0b5e000 	C:\Program Files\Java\jdk-22\bin\msvcp140.dll
0x00007ffba99a0000 - 0x00007ffbaa6e8000 	C:\Program Files\Java\jdk-22\bin\server\jvm.dll
0x00007ffc3e6d0000 - 0x00007ffc3e741000 	C:\WINDOWS\System32\WS2_32.dll
0x00007ffc3cbb0000 - 0x00007ffc3cbfd000 	C:\WINDOWS\SYSTEM32\POWRPROF.dll
0x00007ffc345c0000 - 0x00007ffc345f4000 	C:\WINDOWS\SYSTEM32\WINMM.dll
0x00007ffc3cb90000 - 0x00007ffc3cba3000 	C:\WINDOWS\SYSTEM32\UMPDC.dll
0x00007ffc3bcd0000 - 0x00007ffc3bce8000 	C:\WINDOWS\SYSTEM32\kernel.appcore.dll
0x00007ffbf77d0000 - 0x00007ffbf77da000 	C:\Program Files\Java\jdk-22\bin\jimage.dll
0x00007ffc3a670000 - 0x00007ffc3a8a2000 	C:\WINDOWS\SYSTEM32\DBGHELP.DLL
0x00007ffc3d700000 - 0x00007ffc3da88000 	C:\WINDOWS\System32\combase.dll
0x00007ffc3da90000 - 0x00007ffc3db67000 	C:\WINDOWS\System32\OLEAUT32.dll
0x00007ffc2a930000 - 0x00007ffc2a962000 	C:\WINDOWS\SYSTEM32\dbgcore.DLL
0x00007ffc3cdb0000 - 0x00007ffc3ce29000 	C:\WINDOWS\System32\bcryptPrimitives.dll
0x00007ffbf78d0000 - 0x00007ffbf78ee000 	C:\Program Files\Java\jdk-22\bin\java.dll
0x00007ffc3dc70000 - 0x00007ffc3e4cc000 	C:\WINDOWS\System32\SHELL32.dll
0x00007ffc3f2f0000 - 0x00007ffc3f495000 	C:\WINDOWS\System32\ole32.dll
0x00007ffc3abe0000 - 0x00007ffc3b4d6000 	C:\WINDOWS\SYSTEM32\windows.storage.dll
0x00007ffc3aaa0000 - 0x00007ffc3abde000 	C:\WINDOWS\SYSTEM32\wintypes.dll
0x00007ffc3ed30000 - 0x00007ffc3ee25000 	C:\WINDOWS\System32\SHCORE.dll
0x00007ffc3ec60000 - 0x00007ffc3ecbe000 	C:\WINDOWS\System32\shlwapi.dll
0x00007ffc3cc20000 - 0x00007ffc3cc41000 	C:\WINDOWS\SYSTEM32\profapi.dll
0x00007ffbdd120000 - 0x00007ffbdd1f7000 	C:\Program Files\Java\jdk-22\bin\jsvml.dll
0x00007ffbf77c0000 - 0x00007ffbf77d0000 	C:\Program Files\Java\jdk-22\bin\net.dll
0x00007ffc3c130000 - 0x00007ffc3c199000 	C:\WINDOWS\system32\mswsock.dll
0x00007ffbdd100000 - 0x00007ffbdd116000 	C:\Program Files\Java\jdk-22\bin\nio.dll
0x00007ffbdd0e0000 - 0x00007ffbdd0f7000 	C:\Program Files\Java\jdk-22\bin\zip.dll
0x0000000069ac0000 - 0x0000000069ae4000 	C:\Program Files\NetBeans-21\netbeans\java\maven\lib\jansi-native\Windows\x86_64\jansi.dll
0x00007ffbf77b0000 - 0x00007ffbf77c0000 	C:\Program Files\Java\jdk-22\bin\verify.dll

dbghelp: loaded successfully - version: 4.0.5 - missing functions: none
symbol engine: initialized successfully - sym options: 0x614 - pdb path: .;C:\Program Files\Java\jdk-22\bin;C:\WINDOWS\SYSTEM32;C:\WINDOWS\WinSxS\amd64_microsoft.windows.common-controls_6595b64144ccf1df_6.0.22621.3527_none_270e469b73872a76;C:\Program Files\Java\jdk-22\bin\server;C:\Program Files\NetBeans-21\netbeans\java\maven\lib\jansi-native\Windows\x86_64

VM Arguments:
jvm_args: -Dclassworlds.conf=C:\Program Files\NetBeans-21\netbeans\java\maven\bin\m2.conf -Dmaven.home=C:\Program Files\NetBeans-21\netbeans\java\maven -Dlibrary.jansi.path=C:\Program Files\NetBeans-21\netbeans\java\maven\lib\jansi-native -Dmaven.multiModuleProjectDirectory=C:\Users\ADMIN\OneDrive\Documents\GitHub\Management_Project_Java\mavenproject1 
java_command: org.codehaus.plexus.classworlds.launcher.Launcher -Dexec.vmArgs=--enable-preview -Dexec.args=${exec.vmArgs} -classpath %classpath ${exec.mainClass} ${exec.appArgs} -Dexec.appArgs= -Dexec.mainClass=GUI.Login -Dexec.executable=C:\Program Files\Java\jdk-22\bin\java.exe -Dmaven.ext.class.path=C:\Program Files\NetBeans-21\netbeans\java\maven-nblib\netbeans-eventspy.jar --no-transfer-progress process-classes org.codehaus.mojo:exec-maven-plugin:3.1.0:exec
java_class_path (initial): C:\Program Files\NetBeans-21\netbeans\java\maven\boot\plexus-classworlds-2.7.0.jar
Launcher Type: SUN_STANDARD

[Global flags]
     intx CICompilerCount                          = 4                                         {product} {ergonomic}
     uint ConcGCThreads                            = 3                                         {product} {ergonomic}
     uint G1ConcRefinementThreads                  = 10                                        {product} {ergonomic}
   size_t G1HeapRegionSize                         = 2097152                                   {product} {ergonomic}
   size_t InitialHeapSize                          = 230686720                                 {product} {ergonomic}
   size_t MarkStackSize                            = 4194304                                   {product} {ergonomic}
   size_t MaxHeapSize                              = 3676307456                                {product} {ergonomic}
   size_t MaxNewSize                               = 2204106752                                {product} {ergonomic}
   size_t MinHeapDeltaBytes                        = 2097152                                   {product} {ergonomic}
   size_t MinHeapSize                              = 8388608                                   {product} {ergonomic}
    uintx NonNMethodCodeHeapSize                   = 5839372                                {pd product} {ergonomic}
    uintx NonProfiledCodeHeapSize                  = 122909434                              {pd product} {ergonomic}
    uintx ProfiledCodeHeapSize                     = 122909434                              {pd product} {ergonomic}
    uintx ReservedCodeCacheSize                    = 251658240                              {pd product} {ergonomic}
     bool SegmentedCodeCache                       = true                                      {product} {ergonomic}
   size_t SoftMaxHeapSize                          = 3676307456                             {manageable} {ergonomic}
     bool UseCompressedOops                        = true                           {product lp64_product} {ergonomic}
     bool UseG1GC                                  = true                                      {product} {ergonomic}
     bool UseLargePagesIndividualAllocation        = false                                  {pd product} {ergonomic}

Logging:
Log output configuration:
 #0: stdout all=warning uptime,level,tags foldmultilines=false
 #1: stderr all=off uptime,level,tags foldmultilines=false

Environment Variables:
JAVA_HOME=C:\Program Files\Java\jdk-22
PATH=C:\Program Files (x86)\VMware\VMware Workstation\bin\;C:\Program Files\Common Files\Oracle\Java\javapath;C:\Program Files (x86)\Common Files\Oracle\Java\javapath;C:\Windows\system32;C:\Windows;C:\Windows\System32\Wbem;C:\Windows\System32\WindowsPowerShell\v1.0\;C:\Windows\System32\OpenSSH\;C:\Program Files (x86)\NVIDIA Corporation\PhysX\Common;C:\Program Files\NVIDIA Corporation\NVIDIA NvDLISR;C:\msys64\mingw64\bin;C:\WINDOWS\system32;C:\WINDOWS;C:\WINDOWS\System32\Wbem;C:\WINDOWS\System32\WindowsPowerShell\v1.0\;C:\WINDOWS\System32\OpenSSH\;C:\Program Files (x86)\Microsoft SQL Server\110\Tools\Binn\;C:\Program Files\Microsoft SQL Server\110\Tools\Binn\;C:\Program Files\Microsoft SQL Server\110\DTS\Binn\;C:\Program Files (x86)\Microsoft SQL Server\110\Tools\Binn\ManagementStudio\;C:\Program Files (x86)\Microsoft SQL Server\110\DTS\Binn\;C:\Program Files\Microsoft SQL Server\150\Tools\Binn\;C:\Program Files\Microsoft SQL Server\Client SDK\ODBC\170\Tools\Binn\;C:\Program Files\dotnet\;C:\Program Files\Git\cmd;C:\Users\ADMIN\AppData\Local\Programs\Python\Python312\Scripts\;C:\Users\ADMIN\AppData\Local\Programs\Python\Python312\;C:\Users\ADMIN\AppData\Local\Programs\Python\Launcher\;C:\Users\ADMIN\AppData\Local\Microsoft\WindowsApps;C:\Users\ADMIN\.dotnet\tools;C:\Users\ADMIN\AppData\Local\Programs\Microsoft VS Code\bin;C:\Users\ADMIN\AppData\Local\GitHubDesktop\bin;C:\Program Files\Java\jdk-22\bin;
USERNAME=ADMIN
OS=Windows_NT
PROCESSOR_IDENTIFIER=AMD64 Family 25 Model 68 Stepping 1, AuthenticAMD
TMP=C:\Users\ADMIN\AppData\Local\Temp
TEMP=C:\Users\ADMIN\AppData\Local\Temp




Periodic native trim disabled

---------------  S Y S T E M  ---------------

OS:
 Windows 11 , 64 bit Build 22621 (10.0.22621.3527)
OS uptime: 1 days 1:44 hours
Hyper-V role detected

CPU: total 12 (initial active 12) (12 cores per cpu, 2 threads per core) family 25 model 68 stepping 1 microcode 0x0, cx8, cmov, fxsr, ht, mmx, 3dnowpref, sse, sse2, sse3, ssse3, sse4a, sse4.1, sse4.2, popcnt, lzcnt, tsc, tscinvbit, avx, avx2, aes, erms, clmul, bmi1, bmi2, adx, sha, fma, vzeroupper, clflush, clflushopt, hv, rdtscp, rdpid, fsrm, f16c, cet_ss
Processor Information for all 12 processors :
  Max Mhz: 3301, Current Mhz: 3301, Mhz Limit: 3301

Memory: 4k page, system-wide physical 14020M (2564M free)
TotalPageFile size 55124M (AvailPageFile size 11557M)
current process WorkingSet (physical memory assigned to process): 48M, peak: 61M
current process commit charge ("private bytes"): 319M, peak: 319M

vm_info: Java HotSpot(TM) 64-Bit Server VM (22+36-2370) for windows-amd64 JRE (22+36-2370), built on 2024-02-15T22:15:19Z by "mach5one" with MS VC++ 17.6 (VS2022)

END.
