#
# There is insufficient memory for the Java Runtime Environment to continue.
# Native memory allocation (malloc) failed to allocate 675328 bytes. Error detail: Chunk::new
# Possible reasons:
#   The system is out of physical RAM or swap space
#   This process is running with CompressedOops enabled, and the Java Heap may be blocking the growth of the native heap
# Possible solutions:
#   Reduce memory load on the system
#   Increase physical memory or swap space
#   Check if swap backing store is full
#   Decrease Java heap size (-Xmx/-Xms)
#   Decrease number of Java threads
#   Decrease Java thread stack sizes (-Xss)
#   Set larger code cache with -XX:ReservedCodeCacheSize=
#   JVM is running with Zero Based Compressed Oops mode in which the Java heap is
#     placed in the first 32GB address space. The Java Heap base address is the
#     maximum limit for the native heap growth. Please use -XX:HeapBaseMinAddress
#     to set the Java Heap base and to place the Java Heap above 32GB virtual address.
# This output file may be truncated or incomplete.
#
#  Out of Memory Error (arena.cpp:150), pid=35496, tid=35456
#
# JRE version: Java(TM) SE Runtime Environment (22.0+36) (build 22+36-2370)
# Java VM: Java HotSpot(TM) 64-Bit Server VM (22+36-2370, mixed mode, sharing, tiered, compressed oops, compressed class ptrs, g1 gc, windows-amd64)
# No core dump will be written. Minidumps are not enabled by default on client versions of Windows
#

---------------  S U M M A R Y ------------

Command Line: -Dclassworlds.conf=C:\Program Files\NetBeans-21\netbeans\java\maven\bin\m2.conf -Dmaven.home=C:\Program Files\NetBeans-21\netbeans\java\maven -Dlibrary.jansi.path=C:\Program Files\NetBeans-21\netbeans\java\maven\lib\jansi-native -Dmaven.multiModuleProjectDirectory=C:\Users\ADMIN\OneDrive\Documents\GitHub\Management_Project_Java\mavenproject1 org.codehaus.plexus.classworlds.launcher.Launcher -Dexec.vmArgs=--enable-preview -Dexec.args=${exec.vmArgs} -classpath %classpath ${exec.mainClass} ${exec.appArgs} -Dexec.appArgs= -Dexec.mainClass=GUI.Login -Dexec.executable=C:\Program Files\Java\jdk-22\bin\java.exe -Dmaven.ext.class.path=C:\Program Files\NetBeans-21\netbeans\java\maven-nblib\netbeans-eventspy.jar --no-transfer-progress process-classes org.codehaus.mojo:exec-maven-plugin:3.1.0:exec

Host: AMD Ryzen 5 6600HS Creator Edition             , 12 cores, 13G,  Windows 11 , 64 bit Build 22621 (10.0.22621.3527)
Time: Thu May 16 16:19:58 2024 SE Asia Standard Time elapsed time: 114.885170 seconds (0d 0h 1m 54s)

---------------  T H R E A D  ---------------

Current thread (0x00000205b5af7b10):  JavaThread "C2 CompilerThread0" daemon [_thread_in_native, id=35456, stack(0x0000005383d00000,0x0000005383e00000) (1024K)]


Current CompileTask:
C2:114885 4160   !   4       jdk.internal.loader.BuiltinClassLoader::loadClassOrNull (143 bytes)

Stack: [0x0000005383d00000,0x0000005383e00000]
Native frames: (J=compiled Java code, j=interpreted, Vv=VM code, C=native code)
V  [jvm.dll+0x6e2349]  (no source info available)
V  [jvm.dll+0x874ed3]  (no source info available)
V  [jvm.dll+0x8772fe]  (no source info available)
V  [jvm.dll+0x8779d3]  (no source info available)
V  [jvm.dll+0x27fcb6]  (no source info available)
V  [jvm.dll+0xc3d0f]  (no source info available)
V  [jvm.dll+0xc3f6b]  (no source info available)
V  [jvm.dll+0x3bb05c]  (no source info available)
V  [jvm.dll+0x1df50c]  (no source info available)
V  [jvm.dll+0x247a4c]  (no source info available)
V  [jvm.dll+0x246faf]  (no source info available)
V  [jvm.dll+0x1c4e90]  (no source info available)
V  [jvm.dll+0x25699e]  (no source info available)
V  [jvm.dll+0x254c5a]  (no source info available)
V  [jvm.dll+0x3f5426]  (no source info available)
V  [jvm.dll+0x81d50b]  (no source info available)
V  [jvm.dll+0x6e09e5]  (no source info available)
C  [ucrtbase.dll+0x29333]  (no source info available)
C  [KERNEL32.DLL+0x1257d]  (no source info available)
C  [ntdll.dll+0x5aa48]  (no source info available)


---------------  P R O C E S S  ---------------

Threads class SMR info:
_java_thread_list=0x00000205fc05bc40, length=11, elements={
0x0000020594f51570, 0x00000205b5aeef50, 0x00000205b5aefe70, 0x00000205b5af2c50,
0x00000205b5af38b0, 0x00000205b5af6320, 0x00000205b5af6d80, 0x00000205b5af7b10,
0x00000205b5afc930, 0x00000205fb032880, 0x00000205fb039730
}

Java Threads: ( => current thread )
  0x0000020594f51570 JavaThread "main"                              [_thread_in_vm, id=36272, stack(0x0000005382f00000,0x0000005383000000) (1024K)]
  0x00000205b5aeef50 JavaThread "Reference Handler"          daemon [_thread_blocked, id=35812, stack(0x0000005383700000,0x0000005383800000) (1024K)]
  0x00000205b5aefe70 JavaThread "Finalizer"                  daemon [_thread_blocked, id=22212, stack(0x0000005383800000,0x0000005383900000) (1024K)]
  0x00000205b5af2c50 JavaThread "Signal Dispatcher"          daemon [_thread_blocked, id=2400, stack(0x0000005383900000,0x0000005383a00000) (1024K)]
  0x00000205b5af38b0 JavaThread "Attach Listener"            daemon [_thread_blocked, id=18820, stack(0x0000005383a00000,0x0000005383b00000) (1024K)]
  0x00000205b5af6320 JavaThread "Service Thread"             daemon [_thread_blocked, id=15920, stack(0x0000005383b00000,0x0000005383c00000) (1024K)]
  0x00000205b5af6d80 JavaThread "Monitor Deflation Thread"   daemon [_thread_blocked, id=17696, stack(0x0000005383c00000,0x0000005383d00000) (1024K)]
=>0x00000205b5af7b10 JavaThread "C2 CompilerThread0"         daemon [_thread_in_native, id=35456, stack(0x0000005383d00000,0x0000005383e00000) (1024K)]
  0x00000205b5afc930 JavaThread "C1 CompilerThread0"         daemon [_thread_blocked, id=21476, stack(0x0000005383e00000,0x0000005383f00000) (1024K)]
  0x00000205fb032880 JavaThread "Notification Thread"        daemon [_thread_blocked, id=36224, stack(0x0000005383f00000,0x0000005384000000) (1024K)]
  0x00000205fb039730 JavaThread "Common-Cleaner"             daemon [_thread_blocked, id=3016, stack(0x0000005384000000,0x0000005384100000) (1024K)]
Total: 11

Other Threads:
  0x00000205b5acf440 VMThread "VM Thread"                           [id=36452, stack(0x0000005383600000,0x0000005383700000) (1024K)] _threads_hazard_ptr=0x00000205fc05bc40
  0x00000205b5ab5c30 WatcherThread "VM Periodic Task Thread"        [id=36420, stack(0x0000005383500000,0x0000005383600000) (1024K)]
  0x00000205951fc880 WorkerThread "GC Thread#0"                     [id=36336, stack(0x0000005383000000,0x0000005383100000) (1024K)]
  0x00000205fbb0fb50 WorkerThread "GC Thread#1"                     [id=38136, stack(0x0000005384100000,0x0000005384200000) (1024K)]
  0x00000205fbb0ff00 WorkerThread "GC Thread#2"                     [id=38140, stack(0x0000005384200000,0x0000005384300000) (1024K)]
  0x00000205fbbb2190 WorkerThread "GC Thread#3"                     [id=38144, stack(0x0000005384300000,0x0000005384400000) (1024K)]
  0x00000205fbbb2540 WorkerThread "GC Thread#4"                     [id=38148, stack(0x0000005384400000,0x0000005384500000) (1024K)]
  0x00000205fbe979c0 WorkerThread "GC Thread#5"                     [id=38252, stack(0x0000005384500000,0x0000005384600000) (1024K)]
  0x00000205fbe97d70 WorkerThread "GC Thread#6"                     [id=38256, stack(0x0000005384600000,0x0000005384700000) (1024K)]
  0x00000205fbdcb010 WorkerThread "GC Thread#7"                     [id=38260, stack(0x0000005384700000,0x0000005384800000) (1024K)]
  0x00000205fbdcb3c0 WorkerThread "GC Thread#8"                     [id=38264, stack(0x0000005384800000,0x0000005384900000) (1024K)]
  0x00000205fbd77520 WorkerThread "GC Thread#9"                     [id=39172, stack(0x0000005384900000,0x0000005384a00000) (1024K)]
  0x000002059520b380 ConcurrentGCThread "G1 Main Marker"            [id=36340, stack(0x0000005383100000,0x0000005383200000) (1024K)]
  0x000002059520be90 WorkerThread "G1 Conc#0"                       [id=36344, stack(0x0000005383200000,0x0000005383300000) (1024K)]
  0x000002059525e4e0 ConcurrentGCThread "G1 Refine#0"               [id=36348, stack(0x0000005383300000,0x0000005383400000) (1024K)]
  0x00000205b598b6a0 ConcurrentGCThread "G1 Service"                [id=36352, stack(0x0000005383400000,0x0000005383500000) (1024K)]
Total: 16

Threads with active compile tasks:
C2 CompilerThread0  115222 4160   !   4       jdk.internal.loader.BuiltinClassLoader::loadClassOrNull (143 bytes)
Total: 1

VM state: synchronizing (normal execution)

VM Mutex/Monitor currently owned by a thread:  ([mutex/lock_event])
[0x00007ffbaa60ab48] Metaspace_lock - owner thread: 0x0000020594f51570
[0x00007ffbaa60cbc8] Threads_lock - owner thread: 0x00000205b5acf440

Heap address: 0x0000000724e00000, size: 3506 MB, Compressed Oops mode: Zero based, Oop shift amount: 3

CDS archive(s) mapped at: [0x00000205b6000000-0x00000205b6c60000-0x00000205b6c60000), size 12976128, SharedBaseAddress: 0x00000205b6000000, ArchiveRelocationMode: 1.
Compressed class space mapped at: 0x00000205b7000000-0x00000205f7000000, reserved size: 1073741824
Narrow klass base: 0x00000205b6000000, Narrow klass shift: 0, Narrow klass range: 0x41000000

GC Precious Log:
 CardTable entry size: 512
 Card Set container configuration: InlinePtr #cards 4 size 8 Array Of Cards #cards 16 size 48 Howl #buckets 8 coarsen threshold 3686 Howl Bitmap #cards 512 size 80 coarsen threshold 460 Card regions per heap region 1 cards per card region 4096
 CPUs: 12 total, 12 available
 Memory: 14020M
 Large Page Support: Disabled
 NUMA Support: Disabled
 Compressed Oops: Enabled (Zero based)
 Heap Region Size: 2M
 Heap Min Capacity: 8M
 Heap Initial Capacity: 220M
 Heap Max Capacity: 3506M
 Pre-touch: Disabled
 Parallel Workers: 10
 Concurrent Workers: 3
 Concurrent Refinement Workers: 10
 Periodic GC: Disabled

Heap:
 garbage-first heap   total reserved 3590144K, committed 225280K, used 75612K [0x0000000724e00000, 0x0000000800000000)
  region size 2048K, 38 young (77824K), 2 survivors (4096K)
 Metaspace       used 20968K, committed 21248K, reserved 1114112K
  class space    used 2539K, committed 2688K, reserved 1048576K

Heap Regions: E=young(eden), S=young(survivor), O=old, HS=humongous(starts), HC=humongous(continues), CS=collection set, F=free, TAMS=top-at-mark-start, PB=parsable bottom
|   0|0x0000000724e00000, 0x0000000725000000, 0x0000000725000000|100%| O|  |TAMS 0x0000000724e00000| PB 0x0000000724e00000| Untracked |  0
|   1|0x0000000725000000, 0x00000007251b2e80, 0x0000000725200000| 84%| O|  |TAMS 0x0000000725000000| PB 0x0000000725000000| Untracked |  0
|   2|0x0000000725200000, 0x0000000725200000, 0x0000000725400000|  0%| F|  |TAMS 0x0000000725200000| PB 0x0000000725200000| Untracked |  0
|   3|0x0000000725400000, 0x0000000725400000, 0x0000000725600000|  0%| F|  |TAMS 0x0000000725400000| PB 0x0000000725400000| Untracked |  0
|   4|0x0000000725600000, 0x0000000725600000, 0x0000000725800000|  0%| F|  |TAMS 0x0000000725600000| PB 0x0000000725600000| Untracked |  0
|   5|0x0000000725800000, 0x0000000725800000, 0x0000000725a00000|  0%| F|  |TAMS 0x0000000725800000| PB 0x0000000725800000| Untracked |  0
|   6|0x0000000725a00000, 0x0000000725a00000, 0x0000000725c00000|  0%| F|  |TAMS 0x0000000725a00000| PB 0x0000000725a00000| Untracked |  0
|   7|0x0000000725c00000, 0x0000000725c00000, 0x0000000725e00000|  0%| F|  |TAMS 0x0000000725c00000| PB 0x0000000725c00000| Untracked |  0
|   8|0x0000000725e00000, 0x0000000725e00000, 0x0000000726000000|  0%| F|  |TAMS 0x0000000725e00000| PB 0x0000000725e00000| Untracked |  0
|   9|0x0000000726000000, 0x0000000726000000, 0x0000000726200000|  0%| F|  |TAMS 0x0000000726000000| PB 0x0000000726000000| Untracked |  0
|  10|0x0000000726200000, 0x0000000726200000, 0x0000000726400000|  0%| F|  |TAMS 0x0000000726200000| PB 0x0000000726200000| Untracked |  0
|  11|0x0000000726400000, 0x0000000726400000, 0x0000000726600000|  0%| F|  |TAMS 0x0000000726400000| PB 0x0000000726400000| Untracked |  0
|  12|0x0000000726600000, 0x0000000726600000, 0x0000000726800000|  0%| F|  |TAMS 0x0000000726600000| PB 0x0000000726600000| Untracked |  0
|  13|0x0000000726800000, 0x0000000726800000, 0x0000000726a00000|  0%| F|  |TAMS 0x0000000726800000| PB 0x0000000726800000| Untracked |  0
|  14|0x0000000726a00000, 0x0000000726a00000, 0x0000000726c00000|  0%| F|  |TAMS 0x0000000726a00000| PB 0x0000000726a00000| Untracked |  0
|  15|0x0000000726c00000, 0x0000000726c00000, 0x0000000726e00000|  0%| F|  |TAMS 0x0000000726c00000| PB 0x0000000726c00000| Untracked |  0
|  16|0x0000000726e00000, 0x0000000726e00000, 0x0000000727000000|  0%| F|  |TAMS 0x0000000726e00000| PB 0x0000000726e00000| Untracked |  0
|  17|0x0000000727000000, 0x0000000727000000, 0x0000000727200000|  0%| F|  |TAMS 0x0000000727000000| PB 0x0000000727000000| Untracked |  0
|  18|0x0000000727200000, 0x0000000727200000, 0x0000000727400000|  0%| F|  |TAMS 0x0000000727200000| PB 0x0000000727200000| Untracked |  0
|  19|0x0000000727400000, 0x0000000727400000, 0x0000000727600000|  0%| F|  |TAMS 0x0000000727400000| PB 0x0000000727400000| Untracked |  0
|  20|0x0000000727600000, 0x0000000727600000, 0x0000000727800000|  0%| F|  |TAMS 0x0000000727600000| PB 0x0000000727600000| Untracked |  0
|  21|0x0000000727800000, 0x0000000727800000, 0x0000000727a00000|  0%| F|  |TAMS 0x0000000727800000| PB 0x0000000727800000| Untracked |  0
|  22|0x0000000727a00000, 0x0000000727a00000, 0x0000000727c00000|  0%| F|  |TAMS 0x0000000727a00000| PB 0x0000000727a00000| Untracked |  0
|  23|0x0000000727c00000, 0x0000000727c00000, 0x0000000727e00000|  0%| F|  |TAMS 0x0000000727c00000| PB 0x0000000727c00000| Untracked |  0
|  24|0x0000000727e00000, 0x0000000727e00000, 0x0000000728000000|  0%| F|  |TAMS 0x0000000727e00000| PB 0x0000000727e00000| Untracked |  0
|  25|0x0000000728000000, 0x0000000728000000, 0x0000000728200000|  0%| F|  |TAMS 0x0000000728000000| PB 0x0000000728000000| Untracked |  0
|  26|0x0000000728200000, 0x0000000728200000, 0x0000000728400000|  0%| F|  |TAMS 0x0000000728200000| PB 0x0000000728200000| Untracked |  0
|  27|0x0000000728400000, 0x0000000728400000, 0x0000000728600000|  0%| F|  |TAMS 0x0000000728400000| PB 0x0000000728400000| Untracked |  0
|  28|0x0000000728600000, 0x0000000728600000, 0x0000000728800000|  0%| F|  |TAMS 0x0000000728600000| PB 0x0000000728600000| Untracked |  0
|  29|0x0000000728800000, 0x0000000728800000, 0x0000000728a00000|  0%| F|  |TAMS 0x0000000728800000| PB 0x0000000728800000| Untracked |  0
|  30|0x0000000728a00000, 0x0000000728a00000, 0x0000000728c00000|  0%| F|  |TAMS 0x0000000728a00000| PB 0x0000000728a00000| Untracked |  0
|  31|0x0000000728c00000, 0x0000000728c00000, 0x0000000728e00000|  0%| F|  |TAMS 0x0000000728c00000| PB 0x0000000728c00000| Untracked |  0
|  32|0x0000000728e00000, 0x0000000728e00000, 0x0000000729000000|  0%| F|  |TAMS 0x0000000728e00000| PB 0x0000000728e00000| Untracked |  0
|  33|0x0000000729000000, 0x0000000729000000, 0x0000000729200000|  0%| F|  |TAMS 0x0000000729000000| PB 0x0000000729000000| Untracked |  0
|  34|0x0000000729200000, 0x0000000729200000, 0x0000000729400000|  0%| F|  |TAMS 0x0000000729200000| PB 0x0000000729200000| Untracked |  0
|  35|0x0000000729400000, 0x0000000729400000, 0x0000000729600000|  0%| F|  |TAMS 0x0000000729400000| PB 0x0000000729400000| Untracked |  0
|  36|0x0000000729600000, 0x0000000729600000, 0x0000000729800000|  0%| F|  |TAMS 0x0000000729600000| PB 0x0000000729600000| Untracked |  0
|  37|0x0000000729800000, 0x0000000729800000, 0x0000000729a00000|  0%| F|  |TAMS 0x0000000729800000| PB 0x0000000729800000| Untracked |  0
|  38|0x0000000729a00000, 0x0000000729a00000, 0x0000000729c00000|  0%| F|  |TAMS 0x0000000729a00000| PB 0x0000000729a00000| Untracked |  0
|  39|0x0000000729c00000, 0x0000000729c00000, 0x0000000729e00000|  0%| F|  |TAMS 0x0000000729c00000| PB 0x0000000729c00000| Untracked |  0
|  40|0x0000000729e00000, 0x0000000729e00000, 0x000000072a000000|  0%| F|  |TAMS 0x0000000729e00000| PB 0x0000000729e00000| Untracked |  0
|  41|0x000000072a000000, 0x000000072a000000, 0x000000072a200000|  0%| F|  |TAMS 0x000000072a000000| PB 0x000000072a000000| Untracked |  0
|  42|0x000000072a200000, 0x000000072a200000, 0x000000072a400000|  0%| F|  |TAMS 0x000000072a200000| PB 0x000000072a200000| Untracked |  0
|  43|0x000000072a400000, 0x000000072a400000, 0x000000072a600000|  0%| F|  |TAMS 0x000000072a400000| PB 0x000000072a400000| Untracked |  0
|  44|0x000000072a600000, 0x000000072a600000, 0x000000072a800000|  0%| F|  |TAMS 0x000000072a600000| PB 0x000000072a600000| Untracked |  0
|  45|0x000000072a800000, 0x000000072a800000, 0x000000072aa00000|  0%| F|  |TAMS 0x000000072a800000| PB 0x000000072a800000| Untracked |  0
|  46|0x000000072aa00000, 0x000000072aa00000, 0x000000072ac00000|  0%| F|  |TAMS 0x000000072aa00000| PB 0x000000072aa00000| Untracked |  0
|  47|0x000000072ac00000, 0x000000072ac00000, 0x000000072ae00000|  0%| F|  |TAMS 0x000000072ac00000| PB 0x000000072ac00000| Untracked |  0
|  48|0x000000072ae00000, 0x000000072ae00000, 0x000000072b000000|  0%| F|  |TAMS 0x000000072ae00000| PB 0x000000072ae00000| Untracked |  0
|  49|0x000000072b000000, 0x000000072b000000, 0x000000072b200000|  0%| F|  |TAMS 0x000000072b000000| PB 0x000000072b000000| Untracked |  0
|  50|0x000000072b200000, 0x000000072b200000, 0x000000072b400000|  0%| F|  |TAMS 0x000000072b200000| PB 0x000000072b200000| Untracked |  0
|  51|0x000000072b400000, 0x000000072b400000, 0x000000072b600000|  0%| F|  |TAMS 0x000000072b400000| PB 0x000000072b400000| Untracked |  0
|  52|0x000000072b600000, 0x000000072b600000, 0x000000072b800000|  0%| F|  |TAMS 0x000000072b600000| PB 0x000000072b600000| Untracked |  0
|  53|0x000000072b800000, 0x000000072b800000, 0x000000072ba00000|  0%| F|  |TAMS 0x000000072b800000| PB 0x000000072b800000| Untracked |  0
|  54|0x000000072ba00000, 0x000000072ba00000, 0x000000072bc00000|  0%| F|  |TAMS 0x000000072ba00000| PB 0x000000072ba00000| Untracked |  0
|  55|0x000000072bc00000, 0x000000072bc00000, 0x000000072be00000|  0%| F|  |TAMS 0x000000072bc00000| PB 0x000000072bc00000| Untracked |  0
|  56|0x000000072be00000, 0x000000072be00000, 0x000000072c000000|  0%| F|  |TAMS 0x000000072be00000| PB 0x000000072be00000| Untracked |  0
|  57|0x000000072c000000, 0x000000072c000000, 0x000000072c200000|  0%| F|  |TAMS 0x000000072c000000| PB 0x000000072c000000| Untracked |  0
|  58|0x000000072c200000, 0x000000072c200000, 0x000000072c400000|  0%| F|  |TAMS 0x000000072c200000| PB 0x000000072c200000| Untracked |  0
|  59|0x000000072c400000, 0x000000072c400000, 0x000000072c600000|  0%| F|  |TAMS 0x000000072c400000| PB 0x000000072c400000| Untracked |  0
|  60|0x000000072c600000, 0x000000072c600000, 0x000000072c800000|  0%| F|  |TAMS 0x000000072c600000| PB 0x000000072c600000| Untracked |  0
|  61|0x000000072c800000, 0x000000072c800000, 0x000000072ca00000|  0%| F|  |TAMS 0x000000072c800000| PB 0x000000072c800000| Untracked |  0
|  62|0x000000072ca00000, 0x000000072ca00000, 0x000000072cc00000|  0%| F|  |TAMS 0x000000072ca00000| PB 0x000000072ca00000| Untracked |  0
|  63|0x000000072cc00000, 0x000000072cc00000, 0x000000072ce00000|  0%| F|  |TAMS 0x000000072cc00000| PB 0x000000072cc00000| Untracked |  0
|  64|0x000000072ce00000, 0x000000072ce00000, 0x000000072d000000|  0%| F|  |TAMS 0x000000072ce00000| PB 0x000000072ce00000| Untracked |  0
|  65|0x000000072d000000, 0x000000072d000000, 0x000000072d200000|  0%| F|  |TAMS 0x000000072d000000| PB 0x000000072d000000| Untracked |  0
|  66|0x000000072d200000, 0x000000072d200000, 0x000000072d400000|  0%| F|  |TAMS 0x000000072d200000| PB 0x000000072d200000| Untracked |  0
|  67|0x000000072d400000, 0x000000072d400000, 0x000000072d600000|  0%| F|  |TAMS 0x000000072d400000| PB 0x000000072d400000| Untracked |  0
|  68|0x000000072d600000, 0x000000072d600000, 0x000000072d800000|  0%| F|  |TAMS 0x000000072d600000| PB 0x000000072d600000| Untracked |  0
|  69|0x000000072d800000, 0x000000072d800000, 0x000000072da00000|  0%| F|  |TAMS 0x000000072d800000| PB 0x000000072d800000| Untracked |  0
|  70|0x000000072da00000, 0x000000072da00000, 0x000000072dc00000|  0%| F|  |TAMS 0x000000072da00000| PB 0x000000072da00000| Untracked |  0
|  71|0x000000072dc00000, 0x000000072dc00000, 0x000000072de00000|  0%| F|  |TAMS 0x000000072dc00000| PB 0x000000072dc00000| Untracked |  0
|  72|0x000000072de00000, 0x000000072de9fe50, 0x000000072e000000| 31%| E|  |TAMS 0x000000072de00000| PB 0x000000072de00000| Complete |  0
|  73|0x000000072e000000, 0x000000072e200000, 0x000000072e200000|100%| E|CS|TAMS 0x000000072e000000| PB 0x000000072e000000| Complete |  0
|  74|0x000000072e200000, 0x000000072e400000, 0x000000072e400000|100%| E|  |TAMS 0x000000072e200000| PB 0x000000072e200000| Complete |  0
|  75|0x000000072e400000, 0x000000072e600000, 0x000000072e600000|100%| E|CS|TAMS 0x000000072e400000| PB 0x000000072e400000| Complete |  0
|  76|0x000000072e600000, 0x000000072e800000, 0x000000072e800000|100%| E|CS|TAMS 0x000000072e600000| PB 0x000000072e600000| Complete |  0
|  77|0x000000072e800000, 0x000000072ea00000, 0x000000072ea00000|100%| E|CS|TAMS 0x000000072e800000| PB 0x000000072e800000| Complete |  0
|  78|0x000000072ea00000, 0x000000072ec00000, 0x000000072ec00000|100%| E|CS|TAMS 0x000000072ea00000| PB 0x000000072ea00000| Complete |  0
|  79|0x000000072ec00000, 0x000000072ee00000, 0x000000072ee00000|100%| E|CS|TAMS 0x000000072ec00000| PB 0x000000072ec00000| Complete |  0
|  80|0x000000072ee00000, 0x000000072f000000, 0x000000072f000000|100%| E|CS|TAMS 0x000000072ee00000| PB 0x000000072ee00000| Complete |  0
|  81|0x000000072f000000, 0x000000072f200000, 0x000000072f200000|100%| E|CS|TAMS 0x000000072f000000| PB 0x000000072f000000| Complete |  0
|  82|0x000000072f200000, 0x000000072f400000, 0x000000072f400000|100%| E|CS|TAMS 0x000000072f200000| PB 0x000000072f200000| Complete |  0
|  83|0x000000072f400000, 0x000000072f600000, 0x000000072f600000|100%| E|CS|TAMS 0x000000072f400000| PB 0x000000072f400000| Complete |  0
|  84|0x000000072f600000, 0x000000072f800000, 0x000000072f800000|100%| E|CS|TAMS 0x000000072f600000| PB 0x000000072f600000| Complete |  0
|  85|0x000000072f800000, 0x000000072fa00000, 0x000000072fa00000|100%| E|CS|TAMS 0x000000072f800000| PB 0x000000072f800000| Complete |  0
|  86|0x000000072fa00000, 0x000000072fc00000, 0x000000072fc00000|100%| E|CS|TAMS 0x000000072fa00000| PB 0x000000072fa00000| Complete |  0
|  87|0x000000072fc00000, 0x000000072fe00000, 0x000000072fe00000|100%| E|CS|TAMS 0x000000072fc00000| PB 0x000000072fc00000| Complete |  0
|  88|0x000000072fe00000, 0x0000000730000000, 0x0000000730000000|100%| E|CS|TAMS 0x000000072fe00000| PB 0x000000072fe00000| Complete |  0
|  89|0x0000000730000000, 0x0000000730200000, 0x0000000730200000|100%| E|CS|TAMS 0x0000000730000000| PB 0x0000000730000000| Complete |  0
|  90|0x0000000730200000, 0x00000007302241a8, 0x0000000730400000|  7%| S|CS|TAMS 0x0000000730200000| PB 0x0000000730200000| Complete |  0
|  91|0x0000000730400000, 0x0000000730600000, 0x0000000730600000|100%| S|CS|TAMS 0x0000000730400000| PB 0x0000000730400000| Complete |  0
|  92|0x0000000730600000, 0x0000000730800000, 0x0000000730800000|100%| E|CS|TAMS 0x0000000730600000| PB 0x0000000730600000| Complete |  0
|  93|0x0000000730800000, 0x0000000730a00000, 0x0000000730a00000|100%| E|CS|TAMS 0x0000000730800000| PB 0x0000000730800000| Complete |  0
|  94|0x0000000730a00000, 0x0000000730c00000, 0x0000000730c00000|100%| E|CS|TAMS 0x0000000730a00000| PB 0x0000000730a00000| Complete |  0
|  95|0x0000000730c00000, 0x0000000730e00000, 0x0000000730e00000|100%| E|CS|TAMS 0x0000000730c00000| PB 0x0000000730c00000| Complete |  0
|  96|0x0000000730e00000, 0x0000000731000000, 0x0000000731000000|100%| E|CS|TAMS 0x0000000730e00000| PB 0x0000000730e00000| Complete |  0
|  97|0x0000000731000000, 0x0000000731200000, 0x0000000731200000|100%| E|CS|TAMS 0x0000000731000000| PB 0x0000000731000000| Complete |  0
|  98|0x0000000731200000, 0x0000000731400000, 0x0000000731400000|100%| E|CS|TAMS 0x0000000731200000| PB 0x0000000731200000| Complete |  0
|  99|0x0000000731400000, 0x0000000731600000, 0x0000000731600000|100%| E|CS|TAMS 0x0000000731400000| PB 0x0000000731400000| Complete |  0
| 100|0x0000000731600000, 0x0000000731800000, 0x0000000731800000|100%| E|CS|TAMS 0x0000000731600000| PB 0x0000000731600000| Complete |  0
| 101|0x0000000731800000, 0x0000000731a00000, 0x0000000731a00000|100%| E|CS|TAMS 0x0000000731800000| PB 0x0000000731800000| Complete |  0
| 102|0x0000000731a00000, 0x0000000731c00000, 0x0000000731c00000|100%| E|CS|TAMS 0x0000000731a00000| PB 0x0000000731a00000| Complete |  0
| 103|0x0000000731c00000, 0x0000000731e00000, 0x0000000731e00000|100%| E|CS|TAMS 0x0000000731c00000| PB 0x0000000731c00000| Complete |  0
| 104|0x0000000731e00000, 0x0000000732000000, 0x0000000732000000|100%| E|CS|TAMS 0x0000000731e00000| PB 0x0000000731e00000| Complete |  0
| 105|0x0000000732000000, 0x0000000732200000, 0x0000000732200000|100%| E|CS|TAMS 0x0000000732000000| PB 0x0000000732000000| Complete |  0
| 106|0x0000000732200000, 0x0000000732400000, 0x0000000732400000|100%| E|CS|TAMS 0x0000000732200000| PB 0x0000000732200000| Complete |  0
| 107|0x0000000732400000, 0x0000000732600000, 0x0000000732600000|100%| E|CS|TAMS 0x0000000732400000| PB 0x0000000732400000| Complete |  0
| 108|0x0000000732600000, 0x0000000732800000, 0x0000000732800000|100%| E|CS|TAMS 0x0000000732600000| PB 0x0000000732600000| Complete |  0
| 109|0x0000000732800000, 0x0000000732a00000, 0x0000000732a00000|100%| E|CS|TAMS 0x0000000732800000| PB 0x0000000732800000| Complete |  0

Card table byte_map: [0x00000205af050000,0x00000205af730000] _byte_map_base: 0x00000205ab729000

Marking Bits: (CMBitMap*) 0x00000205951fcf90
 Bits: [0x00000205af730000, 0x00000205b2df8000)

Polling page: 0x0000020594ef0000

Metaspace:

Usage:
  Non-class:     18.00 MB used.
      Class:      2.48 MB used.
       Both:     20.48 MB used.

Virtual space:
  Non-class space:       64.00 MB reserved,      18.12 MB ( 28%) committed,  1 nodes.
      Class space:        1.00 GB reserved,       2.62 MB ( <1%) committed,  1 nodes.
             Both:        1.06 GB reserved,      20.75 MB (  2%) committed. 

Chunk freelists:
   Non-Class:  13.86 MB
       Class:  13.28 MB
        Both:  27.14 MB

MaxMetaspaceSize: unlimited
CompressedClassSpaceSize: 1.00 GB
Initial GC threshold: 21.00 MB
Current GC threshold: 21.00 MB
CDS: on
 - commit_granule_bytes: 65536.
 - commit_granule_words: 8192.
 - virtual_space_node_default_size: 8388608.
 - enlarge_chunks_in_place: 1.
 - use_allocation_guard: 0.


Internal statistics:

num_allocs_failed_limit: 0.
num_arena_births: 202.
num_arena_deaths: 0.
num_vsnodes_births: 2.
num_vsnodes_deaths: 0.
num_space_committed: 332.
num_space_uncommitted: 0.
num_chunks_returned_to_freelist: 0.
num_chunks_taken_from_freelist: 916.
num_chunk_merges: 0.
num_chunk_splits: 653.
num_chunks_enlarged: 542.
num_inconsistent_stats: 0.

CodeHeap 'non-profiled nmethods': size=120000Kb used=1846Kb max_used=1846Kb free=118153Kb
 bounds [0x00000205a67b0000, 0x00000205a6a20000, 0x00000205adce0000]
CodeHeap 'profiled nmethods': size=120000Kb used=8348Kb max_used=8348Kb free=111651Kb
 bounds [0x000002059ece0000, 0x000002059f510000, 0x00000205a6210000]
CodeHeap 'non-nmethods': size=5760Kb used=1429Kb max_used=1461Kb free=4330Kb
 bounds [0x00000205a6210000, 0x00000205a6480000, 0x00000205a67b0000]
 total_blobs=4690 nmethods=4173 adapters=420
 compilation: enabled
              stopped_count=0, restarted_count=0
 full_count=0

Compilation events (20 events):
Event: 114.191 Thread 0x00000205b5afc930 4166   !   3       jdk.internal.jimage.BasicImageReader::getResourceBuffer (203 bytes)
Event: 114.204 Thread 0x00000205b5afc930 nmethod 4166 0x000002059f4fe790 code [0x000002059f4feba0, 0x000002059f500328]
Event: 114.265 Thread 0x00000205b5afc930 4169       3       java.util.HashMap::computeIfAbsent (330 bytes)
Event: 114.282 Thread 0x00000205b5afc930 nmethod 4169 0x000002059f500e10 code [0x000002059f501120, 0x000002059f5026f0]
Event: 114.349 Thread 0x00000205b5afc930 4170       3       java.nio.DirectByteBufferR::slice (5 bytes)
Event: 114.349 Thread 0x00000205b5afc930 nmethod 4170 0x000002059f502d10 code [0x000002059f502ec0, 0x000002059f502ff8]
Event: 114.349 Thread 0x00000205b5afc930 4171       3       java.nio.DirectByteBufferR::slice (74 bytes)
Event: 114.349 Thread 0x00000205b5afc930 nmethod 4171 0x000002059f503090 code [0x000002059f503240, 0x000002059f5034f8]
Event: 114.359 Thread 0x00000205b5afc930 4172       3       java.nio.MappedByteBuffer::<init> (24 bytes)
Event: 114.360 Thread 0x00000205b5afc930 nmethod 4172 0x000002059f503610 code [0x000002059f5037c0, 0x000002059f503978]
Event: 114.360 Thread 0x00000205b5afc930 4173       3       java.lang.ClassLoader::defineClass (108 bytes)
Event: 114.361 Thread 0x00000205b5afc930 nmethod 4173 0x000002059f503a10 code [0x000002059f503d20, 0x000002059f504d08]
Event: 114.361 Thread 0x00000205b5afc930 4175       3       java.security.SecureClassLoader::defineClass (12 bytes)
Event: 114.361 Thread 0x00000205b5afc930 nmethod 4175 0x000002059f505310 code [0x000002059f5054c0, 0x000002059f505658]
Event: 114.363 Thread 0x00000205b5afc930 4176   !   3       jdk.internal.jimage.BasicImageReader::readBuffer (238 bytes)
Event: 114.363 Thread 0x00000205b5afc930 nmethod 4176 0x000002059f505710 code [0x000002059f5059e0, 0x000002059f5065e8]
Event: 114.368 Thread 0x00000205b5afc930 4177       3       java.lang.reflect.Executable::isVarArgs (17 bytes)
Event: 114.369 Thread 0x00000205b5afc930 nmethod 4177 0x000002059f506b10 code [0x000002059f506cc0, 0x000002059f506ee0]
Event: 114.369 Thread 0x00000205b5afc930 4178       3       com.sun.tools.javac.util.List::nil (4 bytes)
Event: 114.369 Thread 0x00000205b5afc930 nmethod 4178 0x000002059f506f90 code [0x000002059f507120, 0x000002059f507218]

GC Heap History (4 events):
Event: 10.620 GC heap before
{Heap before GC invocations=0 (full 0):
 garbage-first heap   total reserved 3590144K, committed 225280K, used 24576K [0x0000000724e00000, 0x0000000800000000)
  region size 2048K, 12 young (24576K), 0 survivors (0K)
 Metaspace       used 5721K, committed 5888K, reserved 1114112K
  class space    used 677K, committed 768K, reserved 1048576K
}
Event: 11.058 GC heap after
{Heap after GC invocations=1 (full 0):
 garbage-first heap   total reserved 3590144K, committed 225280K, used 4096K [0x0000000724e00000, 0x0000000800000000)
  region size 2048K, 2 young (4096K), 2 survivors (4096K)
 Metaspace       used 5721K, committed 5888K, reserved 1114112K
  class space    used 677K, committed 768K, reserved 1048576K
}
Event: 13.274 GC heap before
{Heap before GC invocations=1 (full 0):
 garbage-first heap   total reserved 3590144K, committed 225280K, used 34816K [0x0000000724e00000, 0x0000000800000000)
  region size 2048K, 18 young (36864K), 2 survivors (4096K)
 Metaspace       used 10814K, committed 11008K, reserved 1114112K
  class space    used 1312K, committed 1408K, reserved 1048576K
}
Event: 13.279 GC heap after
{Heap after GC invocations=2 (full 0):
 garbage-first heap   total reserved 3590144K, committed 225280K, used 5980K [0x0000000724e00000, 0x0000000800000000)
  region size 2048K, 2 young (4096K), 2 survivors (4096K)
 Metaspace       used 10814K, committed 11008K, reserved 1114112K
  class space    used 1312K, committed 1408K, reserved 1048576K
}

Dll operation events (8 events):
Event: 0.138 Loaded shared library C:\Program Files\Java\jdk-22\bin\java.dll
Event: 2.378 Loaded shared library C:\Program Files\Java\jdk-22\bin\net.dll
Event: 3.353 Loaded shared library C:\Program Files\Java\jdk-22\bin\jsvml.dll
Event: 3.354 Loaded shared library C:\Program Files\Java\jdk-22\bin\nio.dll
Event: 3.821 Loaded shared library C:\Program Files\Java\jdk-22\bin\zip.dll
Event: 9.022 Loaded shared library C:\Program Files\Java\jdk-22\bin\jimage.dll
Event: 9.039 Loaded shared library C:\Program Files\NetBeans-21\netbeans\java\maven\lib\jansi-native\Windows\x86_64\jansi.dll
Event: 9.226 Loaded shared library C:\Program Files\Java\jdk-22\bin\verify.dll

Deoptimization events (20 events):
Event: 107.209 Thread 0x0000020594f51570 Uncommon trap: trap_request=0xffffffc6 fr.pc=0x00000205a6811a6c relative=0x000000000000038c
Event: 107.209 Thread 0x0000020594f51570 Uncommon trap: reason=bimorphic_or_optimized_type_check action=maybe_recompile pc=0x00000205a6811a6c method=java.nio.Buffer.<init>(IIIILjava/lang/foreign/MemorySegment;)V @ 39 c2
Event: 107.209 Thread 0x0000020594f51570 DEOPT PACKING pc=0x00000205a6811a6c sp=0x0000005382ff8300
Event: 107.209 Thread 0x0000020594f51570 DEOPT UNPACKING pc=0x00000205a62646a2 sp=0x0000005382ff82a8 mode 2
Event: 107.211 Thread 0x0000020594f51570 Uncommon trap: trap_request=0xffffffc6 fr.pc=0x00000205a6811a6c relative=0x000000000000038c
Event: 107.211 Thread 0x0000020594f51570 Uncommon trap: reason=bimorphic_or_optimized_type_check action=maybe_recompile pc=0x00000205a6811a6c method=java.nio.Buffer.<init>(IIIILjava/lang/foreign/MemorySegment;)V @ 39 c2
Event: 107.211 Thread 0x0000020594f51570 DEOPT PACKING pc=0x00000205a6811a6c sp=0x0000005382ff8300
Event: 107.211 Thread 0x0000020594f51570 DEOPT UNPACKING pc=0x00000205a62646a2 sp=0x0000005382ff82a8 mode 2
Event: 107.211 Thread 0x0000020594f51570 Uncommon trap: trap_request=0xffffffc6 fr.pc=0x00000205a6811a6c relative=0x000000000000038c
Event: 107.211 Thread 0x0000020594f51570 Uncommon trap: reason=bimorphic_or_optimized_type_check action=maybe_recompile pc=0x00000205a6811a6c method=java.nio.Buffer.<init>(IIIILjava/lang/foreign/MemorySegment;)V @ 39 c2
Event: 107.211 Thread 0x0000020594f51570 DEOPT PACKING pc=0x00000205a6811a6c sp=0x0000005382ff6a20
Event: 107.211 Thread 0x0000020594f51570 DEOPT UNPACKING pc=0x00000205a62646a2 sp=0x0000005382ff69c8 mode 2
Event: 107.211 Thread 0x0000020594f51570 Uncommon trap: trap_request=0xffffffc6 fr.pc=0x00000205a6811a6c relative=0x000000000000038c
Event: 107.211 Thread 0x0000020594f51570 Uncommon trap: reason=bimorphic_or_optimized_type_check action=maybe_recompile pc=0x00000205a6811a6c method=java.nio.Buffer.<init>(IIIILjava/lang/foreign/MemorySegment;)V @ 39 c2
Event: 107.211 Thread 0x0000020594f51570 DEOPT PACKING pc=0x00000205a6811a6c sp=0x0000005382ffb860
Event: 107.211 Thread 0x0000020594f51570 DEOPT UNPACKING pc=0x00000205a62646a2 sp=0x0000005382ffb808 mode 2
Event: 107.822 Thread 0x0000020594f51570 Uncommon trap: trap_request=0xffffff76 fr.pc=0x00000205a696c610 relative=0x00000000000004d0
Event: 107.822 Thread 0x0000020594f51570 Uncommon trap: reason=predicate action=maybe_recompile pc=0x00000205a696c610 method=org.codehaus.plexus.util.SelectorUtils.matchAntPathPattern([[C[[CZ)Z @ 118 c2
Event: 107.822 Thread 0x0000020594f51570 DEOPT PACKING pc=0x00000205a696c610 sp=0x0000005382ffda20
Event: 107.822 Thread 0x0000020594f51570 DEOPT UNPACKING pc=0x00000205a62646a2 sp=0x0000005382ffd960 mode 2

Classes loaded (20 events):
Event: 113.834 Loading class java/nio/channels/AsynchronousChannel done
Event: 113.834 Loading class java/nio/channels/AsynchronousFileChannel done
Event: 113.835 Loading class jdk/internal/jrtfs/JrtFileSystemProvider
Event: 113.835 Loading class jdk/internal/jrtfs/JrtFileSystemProvider done
Event: 113.837 Loading class sun/net/www/protocol/jrt/JavaRuntimeURLConnection
Event: 113.837 Loading class sun/net/www/protocol/jrt/JavaRuntimeURLConnection done
Event: 113.839 Loading class sun/net/www/protocol/jrt/JavaRuntimeURLConnection$1
Event: 113.839 Loading class sun/net/www/protocol/jrt/JavaRuntimeURLConnection$1 done
Event: 113.840 Loading class jdk/internal/jimage/ImageBufferCache
Event: 113.840 Loading class jdk/internal/jimage/ImageBufferCache done
Event: 113.840 Loading class jdk/internal/jimage/ImageBufferCache$1
Event: 113.840 Loading class jdk/internal/jimage/ImageBufferCache$1 done
Event: 113.840 Loading class jdk/internal/jimage/ImageBufferCache$2
Event: 113.840 Loading class jdk/internal/jimage/ImageBufferCache$2 done
Event: 113.840 Loading class java/util/AbstractMap$SimpleEntry
Event: 113.841 Loading class java/util/AbstractMap$SimpleEntry done
Event: 114.251 Loading class java/nio/file/ReadOnlyFileSystemException
Event: 114.251 Loading class java/nio/file/ReadOnlyFileSystemException done
Event: 114.286 Loading class java/nio/file/ClosedFileSystemException
Event: 114.287 Loading class java/nio/file/ClosedFileSystemException done

Classes unloaded (0 events):
No events

Classes redefined (0 events):
No events

Internal exceptions (20 events):
Event: 13.305 Thread 0x0000020594f51570 Exception <a 'java/lang/NoSuchMethodError'{0x00000007328a86a8}: 'void java.lang.invoke.DirectMethodHandle$Holder.invokeStatic(java.lang.Object, java.lang.Object)'> (0x00000007328a86a8) 
thrown [s\open\src\hotspot\share\interpreter\linkResolver.cpp, line 774]
Event: 13.697 Thread 0x0000020594f51570 Exception <a 'java/lang/NoSuchMethodError'{0x0000000732066cb8}: 'void java.lang.invoke.Invokers$Holder.invokeExact_MT(java.lang.Object, java.lang.Object, java.lang.Object, java.lang.Object)'> (0x0000000732066cb8) 
thrown [s\open\src\hotspot\share\interpreter\linkResolver.cpp, line 774]
Event: 13.731 Thread 0x0000020594f51570 Exception <a 'java/lang/NoClassDefFoundError'{0x00000007320f0510}: com/google/inject/servlet/ServletModuleTargetVisitor> (0x00000007320f0510) 
thrown [s\open\src\hotspot\share\classfile\systemDictionary.cpp, line 302]
Event: 13.992 Thread 0x0000020594f51570 Exception <a 'java/lang/NoSuchMethodError'{0x0000000731fac6e8}: 'void java.lang.invoke.DirectMethodHandle$Holder.invokeVirtual(java.lang.Object, java.lang.Object)'> (0x0000000731fac6e8) 
thrown [s\open\src\hotspot\share\interpreter\linkResolver.cpp, line 774]
Event: 14.081 Thread 0x0000020594f51570 Exception <a 'java/lang/NoSuchMethodError'{0x0000000731c3aa30}: 'java.lang.Object java.lang.invoke.DirectMethodHandle$Holder.invokeStaticInit(java.lang.Object, int, int, int, int)'> (0x0000000731c3aa30) 
thrown [s\open\src\hotspot\share\interpreter\linkResolver.cpp, line 774]
Event: 16.314 Thread 0x0000020594f51570 Exception <a 'java/lang/NoSuchMethodError'{0x00000007319de5d8}: 'void java.lang.invoke.DirectMethodHandle$Holder.invokeVirtual(java.lang.Object, java.lang.Object, int)'> (0x00000007319de5d8) 
thrown [s\open\src\hotspot\share\interpreter\linkResolver.cpp, line 774]
Event: 16.315 Thread 0x0000020594f51570 Exception <a 'java/lang/NoSuchMethodError'{0x00000007319e59e8}: 'void java.lang.invoke.DelegatingMethodHandle$Holder.reinvoke_L(java.lang.Object, java.lang.Object, int)'> (0x00000007319e59e8) 
thrown [s\open\src\hotspot\share\interpreter\linkResolver.cpp, line 774]
Event: 101.402 Thread 0x0000020594f51570 Implicit null exception at 0x00000205a684df1b to 0x00000205a684e108
Event: 101.402 Thread 0x0000020594f51570 Implicit null exception at 0x00000205a68c118d to 0x00000205a68c1a2c
Event: 101.402 Thread 0x0000020594f51570 Implicit null exception at 0x00000205a685021b to 0x00000205a6850418
Event: 105.453 Thread 0x0000020594f51570 Implicit null exception at 0x00000205a682653d to 0x00000205a68265bd
Event: 105.532 Thread 0x0000020594f51570 Exception <a 'java/lang/NoSuchMethodError'{0x000000072fd31ae0}: 'java.lang.Object java.lang.invoke.DirectMethodHandle$Holder.newInvokeSpecial(java.lang.Object, java.lang.Object, java.lang.Object, java.lang.Object, java.lang.Object, java.lang.Object, java.lang.Object)'> (0x000000072fd31ae0) 
thrown [s\open\src\hotspot\share\interpreter\linkResolver.cpp, line 774]
Event: 105.916 Thread 0x0000020594f51570 Exception <a 'java/lang/NoSuchMethodError'{0x000000072f56bf20}: 'java.lang.Object java.lang.invoke.DirectMethodHandle$Holder.invokeVirtual(java.lang.Object, java.lang.Object, java.lang.Object)'> (0x000000072f56bf20) 
thrown [s\open\src\hotspot\share\interpreter\linkResolver.cpp, line 774]
Event: 105.917 Thread 0x0000020594f51570 Exception <a 'java/lang/NoSuchMethodError'{0x000000072f5728e8}: 'void java.lang.invoke.DirectMethodHandle$Holder.invokeSpecial(java.lang.Object, java.lang.Object, java.lang.Object, java.lang.Object, java.lang.Object, java.lang.Object)'> (0x000000072f5728e8) 
thrown [s\open\src\hotspot\share\interpreter\linkResolver.cpp, line 774]
Event: 105.928 Thread 0x0000020594f51570 Exception <a 'java/lang/NoSuchMethodError'{0x000000072f5828b8}: 'int java.lang.invoke.DirectMethodHandle$Holder.invokeVirtual(java.lang.Object, java.lang.Object)'> (0x000000072f5828b8) 
thrown [s\open\src\hotspot\share\interpreter\linkResolver.cpp, line 774]
Event: 105.958 Thread 0x0000020594f51570 Exception <a 'java/lang/NoSuchMethodError'{0x000000072f251c80}: 'void java.lang.invoke.Invokers$Holder.invokeExact_MT(java.lang.Object, java.lang.Object, int, java.lang.Object)'> (0x000000072f251c80) 
thrown [s\open\src\hotspot\share\interpreter\linkResolver.cpp, line 774]
Event: 112.846 Thread 0x0000020594f51570 Exception <a 'java/lang/NoSuchMethodError'{0x000000072e2166d8}: 'int java.lang.invoke.DirectMethodHandle$Holder.invokeInterface(java.lang.Object, java.lang.Object)'> (0x000000072e2166d8) 
thrown [s\open\src\hotspot\share\interpreter\linkResolver.cpp, line 774]
Event: 114.084 Thread 0x0000020594f51570 Exception <a 'sun/nio/fs/WindowsException'{0x000000072e151438}> (0x000000072e151438) 
thrown [s\open\src\hotspot\share\prims\jni.cpp, line 520]
Event: 114.085 Thread 0x0000020594f51570 Exception <a 'java/lang/NoSuchMethodError'{0x000000072e155258}: 'int java.lang.invoke.DirectMethodHandle$Holder.invokeVirtual(java.lang.Object, java.lang.Object, java.lang.Object)'> (0x000000072e155258) 
thrown [s\open\src\hotspot\share\interpreter\linkResolver.cpp, line 774]
Event: 114.086 Thread 0x0000020594f51570 Exception <a 'java/lang/NoSuchMethodError'{0x000000072e15ad70}: 'void java.lang.invoke.DirectMethodHandle$Holder.invokeInterface(java.lang.Object, java.lang.Object, java.lang.Object)'> (0x000000072e15ad70) 
thrown [s\open\src\hotspot\share\interpreter\linkResolver.cpp, line 774]

ZGC Phase Switch (0 events):
No events

VM Operations (20 events):
Event: 105.897 Executing VM operation: ICBufferFull
Event: 105.897 Executing VM operation: ICBufferFull done
Event: 105.957 Executing VM operation: HandshakeAllThreads (Deoptimize)
Event: 105.957 Executing VM operation: HandshakeAllThreads (Deoptimize) done
Event: 106.959 Executing VM operation: Cleanup
Event: 106.959 Executing VM operation: Cleanup done
Event: 107.960 Executing VM operation: Cleanup
Event: 108.021 Executing VM operation: Cleanup done
Event: 110.359 Executing VM operation: HandshakeAllThreads (Deoptimize)
Event: 110.359 Executing VM operation: HandshakeAllThreads (Deoptimize) done
Event: 110.359 Executing VM operation: Cleanup
Event: 110.359 Executing VM operation: Cleanup done
Event: 111.361 Executing VM operation: Cleanup
Event: 111.377 Executing VM operation: Cleanup done
Event: 112.845 Executing VM operation: HandshakeAllThreads (Deoptimize)
Event: 112.845 Executing VM operation: HandshakeAllThreads (Deoptimize) done
Event: 112.845 Executing VM operation: Cleanup
Event: 112.845 Executing VM operation: Cleanup done
Event: 113.849 Executing VM operation: Cleanup
Event: 113.881 Executing VM operation: Cleanup done

Events (13 events):
Event: 0.244 Thread 0x0000020594f51570 Thread added: 0x0000020594f51570
Event: 1.749 Thread 0x00000205b5aeef50 Thread added: 0x00000205b5aeef50
Event: 1.750 Thread 0x00000205b5aefe70 Thread added: 0x00000205b5aefe70
Event: 1.750 Thread 0x00000205b5af2c50 Thread added: 0x00000205b5af2c50
Event: 1.750 Thread 0x00000205b5af38b0 Thread added: 0x00000205b5af38b0
Event: 1.750 Thread 0x00000205b5af6320 Thread added: 0x00000205b5af6320
Event: 1.751 Thread 0x00000205b5af6d80 Thread added: 0x00000205b5af6d80
Event: 1.751 Thread 0x00000205b5af7b10 Thread added: 0x00000205b5af7b10
Event: 1.751 Thread 0x00000205b5afc930 Thread added: 0x00000205b5afc930
Event: 1.779 Thread 0x00000205fb032880 Thread added: 0x00000205fb032880
Event: 1.782 Thread 0x00000205fb039730 Thread added: 0x00000205fb039730
Event: 101.261 Thread 0x00000205fb98e0a0 Thread added: 0x00000205fb98e0a0
Event: 101.648 Thread 0x00000205fb98e0a0 Thread exited: 0x00000205fb98e0a0


Dynamic libraries:
0x00007ff7ed1d0000 - 0x00007ff7ed1e0000 	C:\Program Files\Java\jdk-22\bin\java.exe
0x00007ffc3f9d0000 - 0x00007ffc3fbe7000 	C:\WINDOWS\SYSTEM32\ntdll.dll
0x00007ffc3e920000 - 0x00007ffc3e9e4000 	C:\WINDOWS\System32\KERNEL32.DLL
0x00007ffc3cf80000 - 0x00007ffc3d327000 	C:\WINDOWS\System32\KERNELBASE.dll
0x00007ffc3ce60000 - 0x00007ffc3cf71000 	C:\WINDOWS\System32\ucrtbase.dll
0x00007ffbf78f0000 - 0x00007ffbf790b000 	C:\Program Files\Java\jdk-22\bin\VCRUNTIME140.dll
0x00007ffc0f400000 - 0x00007ffc0f417000 	C:\Program Files\Java\jdk-22\bin\jli.dll
0x00007ffc3e9f0000 - 0x00007ffc3eaa2000 	C:\WINDOWS\System32\ADVAPI32.dll
0x00007ffc3eab0000 - 0x00007ffc3eb57000 	C:\WINDOWS\System32\msvcrt.dll
0x00007ffc3dbc0000 - 0x00007ffc3dc68000 	C:\WINDOWS\System32\sechost.dll
0x00007ffc3ce30000 - 0x00007ffc3ce58000 	C:\WINDOWS\System32\bcrypt.dll
0x00007ffc3f650000 - 0x00007ffc3f765000 	C:\WINDOWS\System32\RPCRT4.dll
0x00007ffc3e520000 - 0x00007ffc3e6ce000 	C:\WINDOWS\System32\USER32.dll
0x00007ffc3d4c0000 - 0x00007ffc3d4e6000 	C:\WINDOWS\System32\win32u.dll
0x00007ffc3db70000 - 0x00007ffc3db99000 	C:\WINDOWS\System32\GDI32.dll
0x00007ffc3d3a0000 - 0x00007ffc3d4b9000 	C:\WINDOWS\System32\gdi32full.dll
0x00007ffc3d4f0000 - 0x00007ffc3d58a000 	C:\WINDOWS\System32\msvcp_win.dll
0x00007ffc10350000 - 0x00007ffc105e3000 	C:\WINDOWS\WinSxS\amd64_microsoft.windows.common-controls_6595b64144ccf1df_6.0.22621.3527_none_270e469b73872a76\COMCTL32.dll
0x00007ffc343d0000 - 0x00007ffc343da000 	C:\WINDOWS\SYSTEM32\VERSION.dll
0x00007ffc3f2b0000 - 0x00007ffc3f2e1000 	C:\WINDOWS\System32\IMM32.DLL
0x00007ffc0e880000 - 0x00007ffc0e88c000 	C:\Program Files\Java\jdk-22\bin\vcruntime140_1.dll
0x00007ffbd0ad0000 - 0x00007ffbd0b5e000 	C:\Program Files\Java\jdk-22\bin\msvcp140.dll
0x00007ffba99a0000 - 0x00007ffbaa6e8000 	C:\Program Files\Java\jdk-22\bin\server\jvm.dll
0x00007ffc3e6d0000 - 0x00007ffc3e741000 	C:\WINDOWS\System32\WS2_32.dll
0x00007ffc3cbb0000 - 0x00007ffc3cbfd000 	C:\WINDOWS\SYSTEM32\POWRPROF.dll
0x00007ffc345c0000 - 0x00007ffc345f4000 	C:\WINDOWS\SYSTEM32\WINMM.dll
0x00007ffc3cb90000 - 0x00007ffc3cba3000 	C:\WINDOWS\SYSTEM32\UMPDC.dll
0x00007ffc3bcd0000 - 0x00007ffc3bce8000 	C:\WINDOWS\SYSTEM32\kernel.appcore.dll
0x00007ffbf77d0000 - 0x00007ffbf77da000 	C:\Program Files\Java\jdk-22\bin\jimage.dll
0x00007ffc3a670000 - 0x00007ffc3a8a2000 	C:\WINDOWS\SYSTEM32\DBGHELP.DLL
0x00007ffc3d700000 - 0x00007ffc3da88000 	C:\WINDOWS\System32\combase.dll
0x00007ffc3da90000 - 0x00007ffc3db67000 	C:\WINDOWS\System32\OLEAUT32.dll
0x00007ffc2a930000 - 0x00007ffc2a962000 	C:\WINDOWS\SYSTEM32\dbgcore.DLL
0x00007ffc3cdb0000 - 0x00007ffc3ce29000 	C:\WINDOWS\System32\bcryptPrimitives.dll
0x00007ffbf78d0000 - 0x00007ffbf78ee000 	C:\Program Files\Java\jdk-22\bin\java.dll
0x00007ffc3dc70000 - 0x00007ffc3e4cc000 	C:\WINDOWS\System32\SHELL32.dll
0x00007ffc3f2f0000 - 0x00007ffc3f495000 	C:\WINDOWS\System32\ole32.dll
0x00007ffc3abe0000 - 0x00007ffc3b4d6000 	C:\WINDOWS\SYSTEM32\windows.storage.dll
0x00007ffc3aaa0000 - 0x00007ffc3abde000 	C:\WINDOWS\SYSTEM32\wintypes.dll
0x00007ffc3ed30000 - 0x00007ffc3ee25000 	C:\WINDOWS\System32\SHCORE.dll
0x00007ffc3ec60000 - 0x00007ffc3ecbe000 	C:\WINDOWS\System32\shlwapi.dll
0x00007ffc3cc20000 - 0x00007ffc3cc41000 	C:\WINDOWS\SYSTEM32\profapi.dll
0x00007ffbf77c0000 - 0x00007ffbf77d0000 	C:\Program Files\Java\jdk-22\bin\net.dll
0x00007ffc3c130000 - 0x00007ffc3c199000 	C:\WINDOWS\system32\mswsock.dll
0x00007ffbdd120000 - 0x00007ffbdd1f7000 	C:\Program Files\Java\jdk-22\bin\jsvml.dll
0x00007ffbdd100000 - 0x00007ffbdd116000 	C:\Program Files\Java\jdk-22\bin\nio.dll
0x00007ffbdd0e0000 - 0x00007ffbdd0f7000 	C:\Program Files\Java\jdk-22\bin\zip.dll
0x0000000069ac0000 - 0x0000000069ae4000 	C:\Program Files\NetBeans-21\netbeans\java\maven\lib\jansi-native\Windows\x86_64\jansi.dll
0x00007ffbf77b0000 - 0x00007ffbf77c0000 	C:\Program Files\Java\jdk-22\bin\verify.dll

dbghelp: loaded successfully - version: 4.0.5 - missing functions: none
symbol engine: initialized successfully - sym options: 0x614 - pdb path: .;C:\Program Files\Java\jdk-22\bin;C:\WINDOWS\SYSTEM32;C:\WINDOWS\WinSxS\amd64_microsoft.windows.common-controls_6595b64144ccf1df_6.0.22621.3527_none_270e469b73872a76;C:\Program Files\Java\jdk-22\bin\server;C:\Program Files\NetBeans-21\netbeans\java\maven\lib\jansi-native\Windows\x86_64

VM Arguments:
jvm_args: -Dclassworlds.conf=C:\Program Files\NetBeans-21\netbeans\java\maven\bin\m2.conf -Dmaven.home=C:\Program Files\NetBeans-21\netbeans\java\maven -Dlibrary.jansi.path=C:\Program Files\NetBeans-21\netbeans\java\maven\lib\jansi-native -Dmaven.multiModuleProjectDirectory=C:\Users\ADMIN\OneDrive\Documents\GitHub\Management_Project_Java\mavenproject1 
java_command: org.codehaus.plexus.classworlds.launcher.Launcher -Dexec.vmArgs=--enable-preview -Dexec.args=${exec.vmArgs} -classpath %classpath ${exec.mainClass} ${exec.appArgs} -Dexec.appArgs= -Dexec.mainClass=GUI.Login -Dexec.executable=C:\Program Files\Java\jdk-22\bin\java.exe -Dmaven.ext.class.path=C:\Program Files\NetBeans-21\netbeans\java\maven-nblib\netbeans-eventspy.jar --no-transfer-progress process-classes org.codehaus.mojo:exec-maven-plugin:3.1.0:exec
java_class_path (initial): C:\Program Files\NetBeans-21\netbeans\java\maven\boot\plexus-classworlds-2.7.0.jar
Launcher Type: SUN_STANDARD

[Global flags]
     intx CICompilerCount                          = 4                                         {product} {ergonomic}
     uint ConcGCThreads                            = 3                                         {product} {ergonomic}
     uint G1ConcRefinementThreads                  = 10                                        {product} {ergonomic}
   size_t G1HeapRegionSize                         = 2097152                                   {product} {ergonomic}
   size_t InitialHeapSize                          = 230686720                                 {product} {ergonomic}
   size_t MarkStackSize                            = 4194304                                   {product} {ergonomic}
   size_t MaxHeapSize                              = 3676307456                                {product} {ergonomic}
   size_t MaxNewSize                               = 2204106752                                {product} {ergonomic}
   size_t MinHeapDeltaBytes                        = 2097152                                   {product} {ergonomic}
   size_t MinHeapSize                              = 8388608                                   {product} {ergonomic}
    uintx NonNMethodCodeHeapSize                   = 5839372                                {pd product} {ergonomic}
    uintx NonProfiledCodeHeapSize                  = 122909434                              {pd product} {ergonomic}
    uintx ProfiledCodeHeapSize                     = 122909434                              {pd product} {ergonomic}
    uintx ReservedCodeCacheSize                    = 251658240                              {pd product} {ergonomic}
     bool SegmentedCodeCache                       = true                                      {product} {ergonomic}
   size_t SoftMaxHeapSize                          = 3676307456                             {manageable} {ergonomic}
     bool UseCompressedOops                        = true                           {product lp64_product} {ergonomic}
     bool UseG1GC                                  = true                                      {product} {ergonomic}
     bool UseLargePagesIndividualAllocation        = false                                  {pd product} {ergonomic}

Logging:
Log output configuration:
 #0: stdout all=warning uptime,level,tags foldmultilines=false
 #1: stderr all=off uptime,level,tags foldmultilines=false

Environment Variables:
JAVA_HOME=C:\Program Files\Java\jdk-22
PATH=C:\Program Files (x86)\VMware\VMware Workstation\bin\;C:\Program Files\Common Files\Oracle\Java\javapath;C:\Program Files (x86)\Common Files\Oracle\Java\javapath;C:\Windows\system32;C:\Windows;C:\Windows\System32\Wbem;C:\Windows\System32\WindowsPowerShell\v1.0\;C:\Windows\System32\OpenSSH\;C:\Program Files (x86)\NVIDIA Corporation\PhysX\Common;C:\Program Files\NVIDIA Corporation\NVIDIA NvDLISR;C:\msys64\mingw64\bin;C:\WINDOWS\system32;C:\WINDOWS;C:\WINDOWS\System32\Wbem;C:\WINDOWS\System32\WindowsPowerShell\v1.0\;C:\WINDOWS\System32\OpenSSH\;C:\Program Files (x86)\Microsoft SQL Server\110\Tools\Binn\;C:\Program Files\Microsoft SQL Server\110\Tools\Binn\;C:\Program Files\Microsoft SQL Server\110\DTS\Binn\;C:\Program Files (x86)\Microsoft SQL Server\110\Tools\Binn\ManagementStudio\;C:\Program Files (x86)\Microsoft SQL Server\110\DTS\Binn\;C:\Program Files\Microsoft SQL Server\150\Tools\Binn\;C:\Program Files\Microsoft SQL Server\Client SDK\ODBC\170\Tools\Binn\;C:\Program Files\dotnet\;C:\Program Files\Git\cmd;C:\Users\ADMIN\AppData\Local\Programs\Python\Python312\Scripts\;C:\Users\ADMIN\AppData\Local\Programs\Python\Python312\;C:\Users\ADMIN\AppData\Local\Programs\Python\Launcher\;C:\Users\ADMIN\AppData\Local\Microsoft\WindowsApps;C:\Users\ADMIN\.dotnet\tools;C:\Users\ADMIN\AppData\Local\Programs\Microsoft VS Code\bin;C:\Users\ADMIN\AppData\Local\GitHubDesktop\bin;C:\Program Files\Java\jdk-22\bin;
USERNAME=ADMIN
OS=Windows_NT
PROCESSOR_IDENTIFIER=AMD64 Family 25 Model 68 Stepping 1, AuthenticAMD
TMP=C:\Users\ADMIN\AppData\Local\Temp
TEMP=C:\Users\ADMIN\AppData\Local\Temp




Periodic native trim disabled

---------------  S Y S T E M  ---------------

OS:
 Windows 11 , 64 bit Build 22621 (10.0.22621.3527)
OS uptime: 1 days 1:45 hours
Hyper-V role detected

CPU: total 12 (initial active 12) (12 cores per cpu, 2 threads per core) family 25 model 68 stepping 1 microcode 0x0, cx8, cmov, fxsr, ht, mmx, 3dnowpref, sse, sse2, sse3, ssse3, sse4a, sse4.1, sse4.2, popcnt, lzcnt, tsc, tscinvbit, avx, avx2, aes, erms, clmul, bmi1, bmi2, adx, sha, fma, vzeroupper, clflush, clflushopt, hv, rdtscp, rdpid, fsrm, f16c, cet_ss
Processor Information for all 12 processors :
  Max Mhz: 3301, Current Mhz: 3301, Mhz Limit: 3301

Memory: 4k page, system-wide physical 14020M (95M free)
TotalPageFile size 57028M (AvailPageFile size 52M)
current process WorkingSet (physical memory assigned to process): 142M, peak: 142M
current process commit charge ("private bytes"): 360M, peak: 362M

vm_info: Java HotSpot(TM) 64-Bit Server VM (22+36-2370) for windows-amd64 JRE (22+36-2370), built on 2024-02-15T22:15:19Z by "mach5one" with MS VC++ 17.6 (VS2022)

END.
