#
# There is insufficient memory for the Java Runtime Environment to continue.
# Native memory allocation (mmap) failed to map 65536 bytes. Error detail: Failed to commit metaspace.
# Possible reasons:
#   The system is out of physical RAM or swap space
#   This process is running with CompressedOops enabled, and the Java Heap may be blocking the growth of the native heap
# Possible solutions:
#   Reduce memory load on the system
#   Increase physical memory or swap space
#   Check if swap backing store is full
#   Decrease Java heap size (-Xmx/-Xms)
#   Decrease number of Java threads
#   Decrease Java thread stack sizes (-Xss)
#   Set larger code cache with -XX:ReservedCodeCacheSize=
#   JVM is running with Zero Based Compressed Oops mode in which the Java heap is
#     placed in the first 32GB address space. The Java Heap base address is the
#     maximum limit for the native heap growth. Please use -XX:HeapBaseMinAddress
#     to set the Java Heap base and to place the Java Heap above 32GB virtual address.
# This output file may be truncated or incomplete.
#
#  Out of Memory Error (virtualSpaceNode.cpp:112), pid=39540, tid=40596
#
# JRE version: Java(TM) SE Runtime Environment (22.0+36) (build 22+36-2370)
# Java VM: Java HotSpot(TM) 64-Bit Server VM (22+36-2370, mixed mode, sharing, tiered, compressed oops, compressed class ptrs, g1 gc, windows-amd64)
# No core dump will be written. Minidumps are not enabled by default on client versions of Windows
#

---------------  S U M M A R Y ------------

Command Line: -Dclassworlds.conf=C:\Program Files\NetBeans-21\netbeans\java\maven\bin\m2.conf -Dmaven.home=C:\Program Files\NetBeans-21\netbeans\java\maven -Dlibrary.jansi.path=C:\Program Files\NetBeans-21\netbeans\java\maven\lib\jansi-native -Dmaven.multiModuleProjectDirectory=C:\Users\ADMIN\OneDrive\Documents\GitHub\Management_Project_Java\mavenproject1 org.codehaus.plexus.classworlds.launcher.Launcher -Dexec.vmArgs=--enable-preview -Dexec.args=${exec.vmArgs} -classpath %classpath ${exec.mainClass} ${exec.appArgs} -Dexec.appArgs= -Dexec.mainClass=GUI.Login -Dexec.executable=C:\Program Files\Java\jdk-22\bin\java.exe -Dmaven.ext.class.path=C:\Program Files\NetBeans-21\netbeans\java\maven-nblib\netbeans-eventspy.jar --no-transfer-progress process-classes org.codehaus.mojo:exec-maven-plugin:3.1.0:exec

Host: AMD Ryzen 5 6600HS Creator Edition             , 12 cores, 13G,  Windows 11 , 64 bit Build 22621 (10.0.22621.3527)
Time: Thu May 16 16:18:43 2024 SE Asia Standard Time elapsed time: 20.735900 seconds (0d 0h 0m 20s)

---------------  T H R E A D  ---------------

Current thread (0x000002673e901970):  JavaThread "main"             [_thread_in_vm, id=40596, stack(0x0000007bb7100000,0x0000007bb7200000) (1024K)]

Stack: [0x0000007bb7100000,0x0000007bb7200000]
Native frames: (J=compiled Java code, j=interpreted, Vv=VM code, C=native code)
V  [jvm.dll+0x6e2349]  (no source info available)
V  [jvm.dll+0x874ed3]  (no source info available)
V  [jvm.dll+0x8772fe]  (no source info available)
V  [jvm.dll+0x8779d3]  (no source info available)
V  [jvm.dll+0x27fcb6]  (no source info available)
V  [jvm.dll+0x870b1e]  (no source info available)
V  [jvm.dll+0x6853b5]  (no source info available)
V  [jvm.dll+0x1e3e9c]  (no source info available)
V  [jvm.dll+0x1e3c6e]  (no source info available)
V  [jvm.dll+0x687d08]  (no source info available)
V  [jvm.dll+0x22509c]  (no source info available)
V  [jvm.dll+0x685dce]  (no source info available)
V  [jvm.dll+0x690068]  (no source info available)
V  [jvm.dll+0x2152f1]  (no source info available)
V  [jvm.dll+0x21577a]  (no source info available)
V  [jvm.dll+0x2161a1]  (no source info available)
V  [jvm.dll+0x20b4de]  (no source info available)
V  [jvm.dll+0x5c471f]  (no source info available)
V  [jvm.dll+0x7ec136]  (no source info available)
V  [jvm.dll+0x47cb26]  (no source info available)
V  [jvm.dll+0x4829d8]  (no source info available)
C  [java.dll+0x17e4]  (no source info available)
C  0x00000267508e070c  (no source info available)

The last pc belongs to native nmethod (printed below).
Java frames: (J=compiled Java code, j=interpreted, Vv=VM code)
J 1205  java.lang.ClassLoader.defineClass1(Ljava/lang/ClassLoader;Ljava/lang/String;[BIILjava/security/ProtectionDomain;Ljava/lang/String;)Ljava/lang/Class; java.base@22 (0 bytes) @ 0x00000267508e0671 [0x00000267508e05a0+0x00000000000000d1]
J 1229 c1 java.lang.ClassLoader.defineClass(Ljava/lang/String;[BIILjava/security/ProtectionDomain;)Ljava/lang/Class; java.base@22 (43 bytes) @ 0x0000026748fb99fc [0x0000026748fb96a0+0x000000000000035c]
J 1228 c1 java.security.SecureClassLoader.defineClass(Ljava/lang/String;[BIILjava/security/CodeSource;)Ljava/lang/Class; java.base@22 (16 bytes) @ 0x0000026748fb929c [0x0000026748fb91c0+0x00000000000000dc]
J 1022 c1 java.net.URLClassLoader.defineClass(Ljava/lang/String;Ljdk/internal/loader/Resource;)Ljava/lang/Class; java.base@22 (224 bytes) @ 0x0000026748f5e404 [0x0000026748f5dd60+0x00000000000006a4]
J 1036 c1 java.net.URLClassLoader$1.run()Ljava/lang/Class; java.base@22 (81 bytes) @ 0x0000026748f67acc [0x0000026748f677c0+0x000000000000030c]
J 779 c1 java.net.URLClassLoader$1.run()Ljava/lang/Object; java.base@22 (5 bytes) @ 0x0000026748ef5b54 [0x0000026748ef5ac0+0x0000000000000094]
J 708 c1 java.security.AccessController.doPrivileged(Ljava/security/PrivilegedExceptionAction;Ljava/security/AccessControlContext;)Ljava/lang/Object; java.base@22 (26 bytes) @ 0x0000026748ecd214 [0x0000026748ecd020+0x00000000000001f4]
J 777 c1 java.net.URLClassLoader.findClass(Ljava/lang/String;)Ljava/lang/Class; java.base@22 (47 bytes) @ 0x0000026748ef4e34 [0x0000026748ef4c80+0x00000000000001b4]
J 1035 c1 org.codehaus.plexus.classworlds.realm.ClassRealm.loadClassFromSelf(Ljava/lang/String;)Ljava/lang/Class; (40 bytes) @ 0x0000026748f6708c [0x0000026748f66f60+0x000000000000012c]
J 774 c1 org.codehaus.plexus.classworlds.strategy.SelfFirstStrategy.loadClass(Ljava/lang/String;)Ljava/lang/Class; (50 bytes) @ 0x0000026748ef399c [0x0000026748ef35c0+0x00000000000003dc]
J 711 c1 org.codehaus.plexus.classworlds.realm.ClassRealm.loadClass(Ljava/lang/String;Z)Ljava/lang/Class; (33 bytes) @ 0x0000026748ecf6d4 [0x0000026748ecf560+0x0000000000000174]
J 525 c1 org.codehaus.plexus.classworlds.realm.ClassRealm.loadClass(Ljava/lang/String;)Ljava/lang/Class; (7 bytes) @ 0x0000026748e61044 [0x0000026748e60f40+0x0000000000000104]
v  ~StubRoutines::call_stub 0x00000267502d100d
j  java.lang.Class.getDeclaredMethods0(Z)[Ljava/lang/reflect/Method;+0 java.base@22
J 1300 c1 java.lang.Class.privateGetDeclaredMethods(Z)[Ljava/lang/reflect/Method; java.base@22 (64 bytes) @ 0x0000026748fcf244 [0x0000026748fcf0c0+0x0000000000000184]
J 1128 c1 java.lang.Class.getDeclaredMethods()[Ljava/lang/reflect/Method; java.base@22 (27 bytes) @ 0x0000026748f85d14 [0x0000026748f85be0+0x0000000000000134]
j  com.google.inject.internal.DeclaredMembers.getDeclaredMethods(Ljava/lang/Class;)[Ljava/lang/reflect/Method;+1
j  com.google.inject.spi.InjectionPoint.getDeclaredMethods(Lcom/google/inject/TypeLiteral;)[Ljava/lang/reflect/Method;+4
j  com.google.inject.spi.InjectionPoint.getInjectionPoints(Lcom/google/inject/TypeLiteral;ZLcom/google/inject/internal/Errors;)Ljava/util/Set;+195
j  com.google.inject.spi.InjectionPoint.forInstanceMethodsAndFields(Lcom/google/inject/TypeLiteral;)Ljava/util/Set;+11
j  org.eclipse.sisu.wire.DependencyAnalyzer.analyzeImplementation(Lcom/google/inject/TypeLiteral;Z)Ljava/lang/Boolean;+44
j  org.eclipse.sisu.wire.DependencyAnalyzer.visit(Lcom/google/inject/spi/UntargettedBinding;)Ljava/lang/Boolean;+11
j  org.eclipse.sisu.wire.DependencyAnalyzer.visit(Lcom/google/inject/spi/UntargettedBinding;)Ljava/lang/Object;+2
j  com.google.inject.internal.UntargettedBindingImpl.acceptTargetVisitor(Lcom/google/inject/spi/BindingTargetVisitor;)Ljava/lang/Object;+2
j  org.eclipse.sisu.wire.ElementAnalyzer.visit(Lcom/google/inject/Binding;)Ljava/lang/Void;+43
j  org.eclipse.sisu.wire.ElementAnalyzer.visit(Lcom/google/inject/Binding;)Ljava/lang/Object;+2
j  com.google.inject.internal.BindingImpl.acceptVisitor(Lcom/google/inject/spi/ElementVisitor;)Ljava/lang/Object;+2
j  org.eclipse.sisu.wire.WireModule.configure(Lcom/google/inject/Binder;)V+45
j  com.google.inject.spi.Elements$RecordingBinder.install(Lcom/google/inject/Module;)V+209
j  com.google.inject.spi.Elements.getElements(Lcom/google/inject/Stage;Ljava/lang/Iterable;)Ljava/util/List;+40
j  com.google.inject.internal.InjectorShell$Builder.build(Lcom/google/inject/internal/Initializer;Lcom/google/inject/internal/ProcessedBindingData;Lcom/google/inject/internal/util/ContinuousStopwatch;Lcom/google/inject/internal/Errors;)Ljava/util/List;+163
j  com.google.inject.internal.InternalInjectorCreator.build()Lcom/google/inject/Injector;+48
j  com.google.inject.Guice.createInjector(Lcom/google/inject/Stage;Ljava/lang/Iterable;)Lcom/google/inject/Injector;+15
j  com.google.inject.Guice.createInjector(Ljava/lang/Iterable;)Lcom/google/inject/Injector;+4
j  com.google.inject.Guice.createInjector([Lcom/google/inject/Module;)Lcom/google/inject/Injector;+4
j  org.codehaus.plexus.DefaultPlexusContainer.addPlexusInjector(Ljava/util/List;[Lcom/google/inject/Module;)Lcom/google/inject/Injector;+88
j  org.codehaus.plexus.DefaultPlexusContainer.<init>(Lorg/codehaus/plexus/ContainerConfiguration;[Lcom/google/inject/Module;)V+400
j  org.apache.maven.cli.MavenCli.container(Lorg/apache/maven/cli/CliRequest;)Lorg/codehaus/plexus/PlexusContainer;+279
j  org.apache.maven.cli.MavenCli.doMain(Lorg/apache/maven/cli/CliRequest;)I+34
j  org.apache.maven.cli.MavenCli.main([Ljava/lang/String;Lorg/codehaus/plexus/classworlds/ClassWorld;)I+24
j  java.lang.invoke.DirectMethodHandle$Holder.invokeStatic(Ljava/lang/Object;Ljava/lang/Object;Ljava/lang/Object;)I+11 java.base@22
j  java.lang.invoke.LambdaForm$MH+0x0000026761009400.invoke(Ljava/lang/Object;Ljava/lang/Object;Ljava/lang/Object;Ljava/lang/Object;)Ljava/lang/Object;+54 java.base@22
j  java.lang.invoke.LambdaForm$MH+0x0000026761009800.invokeExact_MT(Ljava/lang/Object;Ljava/lang/Object;Ljava/lang/Object;Ljava/lang/Object;Ljava/lang/Object;)Ljava/lang/Object;+22 java.base@22
j  jdk.internal.reflect.DirectMethodHandleAccessor.invokeImpl(Ljava/lang/Object;[Ljava/lang/Object;)Ljava/lang/Object;+72 java.base@22
j  jdk.internal.reflect.DirectMethodHandleAccessor.invoke(Ljava/lang/Object;[Ljava/lang/Object;)Ljava/lang/Object;+23 java.base@22
j  java.lang.reflect.Method.invoke(Ljava/lang/Object;[Ljava/lang/Object;)Ljava/lang/Object;+102 java.base@22
j  org.codehaus.plexus.classworlds.launcher.Launcher.launchEnhanced([Ljava/lang/String;)V+45
j  org.codehaus.plexus.classworlds.launcher.Launcher.launch([Ljava/lang/String;)V+2
j  org.codehaus.plexus.classworlds.launcher.Launcher.mainWithExitCode([Ljava/lang/String;)I+108
j  org.codehaus.plexus.classworlds.launcher.Launcher.main([Ljava/lang/String;)V+1
v  ~StubRoutines::call_stub 0x00000267502d100d

Compiled method (n/a) 50248 1205     n 0       java.lang.ClassLoader::defineClass1 (native)
 total in heap  [0x00000267508e0410,0x00000267508e0a50] = 1600
 relocation     [0x00000267508e0568,0x00000267508e05a0] = 56
 main code      [0x00000267508e05a0,0x00000267508e0a4f] = 1199
 stub code      [0x00000267508e0a4f,0x00000267508e0a50] = 1

[Constant Pool (empty)]

[MachCode]
[Entry Point]
  # {method} {0x00000267603fec58} 'defineClass1' '(Ljava/lang/ClassLoader;Ljava/lang/String;[BIILjava/security/ProtectionDomain;Ljava/lang/String;)Ljava/lang/Class;' in 'java/lang/ClassLoader'
  # parm0:    rdx:rdx   = 'java/lang/ClassLoader'
  # parm1:    r8:r8     = 'java/lang/String'
  # parm2:    r9:r9     = '[B'
  # parm3:    rdi       = int
  # parm4:    rsi       = int
  # parm5:    rcx:rcx   = 'java/security/ProtectionDomain'
  # parm6:    [sp+0xa0]   = 'java/lang/String'  (sp of caller)
  0x00000267508e05a0: 448b 5208 | 49bb 0000 | 0060 6702 | 0000 4d03 | d349 3bc2 | 0f84 0600 

  0x00000267508e05b8: ;   {runtime_call ic_miss_stub}
  0x00000267508e05b8: 0000 e9c1 | e1a3 ff90 
[Verified Entry Point]
  0x00000267508e05c0: 8984 2400 | 80ff ff55 | 488b ec48 | 81ec 9000 | 0000 6690 | 4181 7f20 | 0100 0000 

  0x00000267508e05dc: ;   {runtime_call StubRoutines (final stubs)}
  0x00000267508e05dc: 7405 e8fd | 46a2 ff48 | 837d 1000 | 488d 4510 | 480f 4445 | 1048 8944 | 2440 4889 | 4c24 7048 
  0x00000267508e05fc: 83f9 0048 | 8d44 2470 | 480f 4444 | 2470 4889 | 4424 3848 | 8974 2430 | 4889 7c24 | 284c 894c 
  0x00000267508e061c: 2458 4983 | f900 488d | 4424 5848 | 0f44 4424 | 5848 8944 | 2420 4c89 | 4424 5049 | 83f8 004c 
  0x00000267508e063c: 8d4c 2450 | 4c0f 444c | 2450 4889 | 5424 4848 | 83fa 004c | 8d44 2448 | 4c0f 4444 

  0x00000267508e0658: ;   {oop(a 'java/lang/Class'{0x00000007310700e8} = 'java/lang/ClassLoader')}
  0x00000267508e0658: 2448 49be | e800 0731 | 0700 0000 | 4c89 7424 | 784c 8d74 | 2478 498b | d6c5 f877 

  0x00000267508e0674: ;   {internal_word}
  0x00000267508e0674: 49ba 7106 | 8e50 6702 | 0000 4d89 | 97a8 0300 | 0049 89a7 | a003 0000 

  0x00000267508e068c: ;   {external_word}
  0x00000267508e068c: 49ba ac40 | 5eaa fb7f | 0000 4180 | 3a00 0f84 | 4e00 0000 | 5241 5041 

  0x00000267508e06a4: ;   {metadata({method} {0x00000267603fec58} 'defineClass1' '(Ljava/lang/ClassLoader;Ljava/lang/String;[BIILjava/security/ProtectionDomain;Ljava/lang/String;)Ljava/lang/Class;' in 'java/lang/ClassLoader')}
  0x00000267508e06a4: 5148 ba50 | ec3f 6067 | 0200 0049 | 8bcf 4883 | ec20 40f6 | c40f 0f84 | 1900 0000 | 4883 ec08 
  0x00000267508e06c4: ;   {runtime_call}
  0x00000267508e06c4: 48b8 00b6 | 0eaa fb7f | 0000 ffd0 | 4883 c408 | e90c 0000 

  0x00000267508e06d8: ;   {runtime_call}
  0x00000267508e06d8: 0048 b800 | b60e aafb | 7f00 00ff | d048 83c4 | 2041 5941 | 585a 498d | 8fc0 0300 | 0041 c787 
  0x00000267508e06f8: 5404 0000 | 0400 0000 

  0x00000267508e0700: ;   {runtime_call}
  0x00000267508e0700: 48b8 a416 | 8df7 fb7f | 0000 ffd0 | c5f8 7741 | c787 5404 | 0000 0500 | 0000 f083 | 4424 c000 
  0x00000267508e0720: 493b af58 | 0400 000f | 870e 0000 | 0041 83bf | 5004 0000 | 000f 842b | 0000 00c5 | f877 4889 
  0x00000267508e0740: 45f8 498b | cf4c 8be4 | 4883 ec20 | 4883 e4f0 

  0x00000267508e0750: ;   {runtime_call}
  0x00000267508e0750: 48b8 c01f | d9a9 fb7f | 0000 ffd0 | 498b e44d | 33e4 488b | 45f8 41c7 | 8754 0400 | 0008 0000 
  0x00000267508e0770: 0041 83bf | d004 0000 | 020f 84a3 

  0x00000267508e077c: ;   {external_word}
  0x00000267508e077c: 0200 0049 | baac 405e | aafb 7f00 | 0041 803a | 000f 844c | 0000 0048 

  0x00000267508e0794: ;   {metadata({method} {0x00000267603fec58} 'defineClass1' '(Ljava/lang/ClassLoader;Ljava/lang/String;[BIILjava/security/ProtectionDomain;Ljava/lang/String;)Ljava/lang/Class;' in 'java/lang/ClassLoader')}
  0x00000267508e0794: 8945 f848 | ba50 ec3f | 6067 0200 | 0049 8bcf | 4883 ec20 | 40f6 c40f | 0f84 1900 | 0000 4883 
  0x00000267508e07b4: ;   {runtime_call}
  0x00000267508e07b4: ec08 48b8 | 00b6 0eaa | fb7f 0000 | ffd0 4883 | c408 e90c 

  0x00000267508e07c8: ;   {runtime_call}
  0x00000267508e07c8: 0000 0048 | b800 b60e | aafb 7f00 | 00ff d048 | 83c4 2048 | 8b45 f849 | c787 a003 | 0000 0000 
  0x00000267508e07e8: 0000 49c7 | 87a8 0300 | 0000 0000 | 00c5 f877 | 4885 c00f | 84fe 0100 | 00a8 030f | 8508 0000 
  0x00000267508e0808: 0048 8b00 | e9ee 0100 | 00a8 010f | 8509 0000 | 0048 8b40 | fee9 dd01 | 0000 488b | 40ff 4180 
  0x00000267508e0828: 7f38 000f | 84ce 0100 | 0048 83f8 | 000f 84c4 | 0100 0049 | 8b4f 2848 | 83f9 000f | 8414 0000 
  0x00000267508e0848: 0048 83e9 | 0849 894f | 2849 034f | 3048 8901 | e9a2 0100 | 0048 81ec | d000 0000 | 4889 0424 
  0x00000267508e0868: 4889 4c24 | 0848 8954 | 2410 4889 | 7424 1848 | 897c 2420 | 4c89 4424 | 284c 894c | 2430 4c89 
  0x00000267508e0888: 5424 384c | 895c 2440 | c5fb 1144 | 2450 c5fb | 114c 2458 | c5fb 1154 | 2460 c5fb | 115c 2468 
  0x00000267508e08a8: c5fb 1164 | 2470 c5fb | 116c 2478 | c5fb 11b4 | 2480 0000 | 00c5 fb11 | bc24 8800 | 0000 c57b 
  0x00000267508e08c8: ;   {no_reloc}
  0x00000267508e08c8: 1184 2490 | 0000 00c5 | 7b11 8c24 | 9800 0000 | c57b 1194 | 24a0 0000 | 00c5 7b11 | 9c24 a800 
  0x00000267508e08e8: 0000 c57b | 11a4 24b0 | 0000 00c5 | 7b11 ac24 | b800 0000 | c57b 11b4 | 24c0 0000 | 00c5 7b11 
  0x00000267508e0908: bc24 c800 | 0000 498b | d748 8bc8 | 4883 ec20 | 40f6 c40f | 0f84 1900 | 0000 4883 

  0x00000267508e0924: ;   {runtime_call}
  0x00000267508e0924: ec08 48b8 | 303e cca9 | fb7f 0000 | ffd0 4883 | c408 e90c 

  0x00000267508e0938: ;   {runtime_call}
  0x00000267508e0938: 0000 0048 | b830 3ecc | a9fb 7f00 | 00ff d048 | 83c4 20c5 | 7b10 bc24 | c800 0000 | c57b 10b4 
  0x00000267508e0958: 24c0 0000 | 00c5 7b10 | ac24 b800 | 0000 c57b | 10a4 24b0 | 0000 00c5 | 7b10 9c24 | a800 0000 
  0x00000267508e0978: c57b 1094 | 24a0 0000 | 00c5 7b10 | 8c24 9800 | 0000 c57b | 1084 2490 | 0000 00c5 | fb10 bc24 
  0x00000267508e0998: 8800 0000 | c5fb 10b4 | 2480 0000 | 00c5 fb10 | 6c24 78c5 | fb10 6424 | 70c5 fb10 | 5c24 68c5 
  0x00000267508e09b8: fb10 5424 | 60c5 fb10 | 4c24 58c5 | fb10 4424 | 504c 8b5c | 2440 4c8b | 5424 384c | 8b4c 2430 
  0x00000267508e09d8: 4c8b 4424 | 2848 8b7c | 2420 488b | 7424 1848 | 8b54 2410 | 488b 4c24 | 0848 8b04 | 2448 81c4 
  0x00000267508e09f8: d000 0000 | c5f8 7749 | 8b8f 3004 | 0000 c781 | 0001 0000 | 0000 0000 | c949 837f | 0800 0f85 
  0x00000267508e0a18: 0100 0000 

  0x00000267508e0a1c: ;   {runtime_call StubRoutines (initial stubs)}
  0x00000267508e0a1c: c3e9 de04 | 9fff c5f8 | 7748 8945 | f84c 8be4 | 4883 ec20 | 4883 e4f0 

  0x00000267508e0a34: ;   {runtime_call}
  0x00000267508e0a34: 48b8 50ee | 0eaa fb7f | 0000 ffd0 | 498b e44d | 33e4 488b | 45f8 e930 | fdff fff4 
[/MachCode]


Compiled method (c1) 50262 1229       3       java.lang.ClassLoader::defineClass (43 bytes)
 total in heap  [0x0000026748fb9490,0x0000026748fb9de8] = 2392
 relocation     [0x0000026748fb95e8,0x0000026748fb9688] = 160
 main code      [0x0000026748fb96a0,0x0000026748fb9b40] = 1184
 stub code      [0x0000026748fb9b40,0x0000026748fb9bb8] = 120
 metadata       [0x0000026748fb9bb8,0x0000026748fb9be8] = 48
 scopes data    [0x0000026748fb9be8,0x0000026748fb9cd8] = 240
 scopes pcs     [0x0000026748fb9cd8,0x0000026748fb9db8] = 224
 dependencies   [0x0000026748fb9db8,0x0000026748fb9dc0] = 8
 nul chk table  [0x0000026748fb9dc0,0x0000026748fb9de8] = 40

[Constant Pool (empty)]

[MachCode]
[Entry Point]
  # {method} {0x00000267603fefd8} 'defineClass' '(Ljava/lang/String;[BIILjava/security/ProtectionDomain;)Ljava/lang/Class;' in 'java/lang/ClassLoader'
  # this:     rdx:rdx   = 'java/lang/ClassLoader'
  # parm0:    r8:r8     = 'java/lang/String'
  # parm1:    r9:r9     = '[B'
  # parm2:    rdi       = int
  # parm3:    rsi       = int
  # parm4:    rcx:rcx   = 'java/security/ProtectionDomain'
  #           [sp+0xc0]  (sp of caller)
  0x0000026748fb96a0: 448b 5208 | 49bb 0000 | 0060 6702 | 0000 4d03 | d34c 3bd0 

  0x0000026748fb96b4: ;   {runtime_call ic_miss_stub}
  0x0000026748fb96b4: 0f85 c650 | 3607 660f | 1f44 0000 
[Verified Entry Point]
  0x0000026748fb96c0: 8984 2400 | 80ff ff55 | 4881 ecb0 | 0000 0090 | 4181 7f20 | 0100 0000 

  0x0000026748fb96d8: ;   {runtime_call StubRoutines (final stubs)}
  0x0000026748fb96d8: 7405 e801 | b634 0748 | 8954 2478 

  0x0000026748fb96e4: ;   {metadata(method data for {method} {0x00000267603fefd8} 'defineClass' '(Ljava/lang/String;[BIILjava/security/ProtectionDomain;)Ljava/lang/Class;' in 'java/lang/ClassLoader')}
  0x0000026748fb96e4: 48bb 4833 | 1ba1 6702 | 0000 8b83 | cc00 0000 | 83c0 0289 | 83cc 0000 | 0025 fe07 | 0000 85c0 
  0x0000026748fb9704: 0f84 5803 | 0000 89b4 | 2494 0000 | 0089 bc24 | 9000 0000 | 4c89 8c24 | 8800 0000 

  0x0000026748fb9720: ;   {metadata(method data for {method} {0x00000267603fefd8} 'defineClass' '(Ljava/lang/String;[BIILjava/security/ProtectionDomain;)Ljava/lang/Class;' in 'java/lang/ClassLoader')}
  0x0000026748fb9720: 488b da48 | b848 331b | a167 0200 | 0048 8380 | 1801 0000 | 0149 8bd8 | 4c8b c34c | 8bc9 488b 
  0x0000026748fb9740: ca48 8bd1 | 4889 9c24 | 8000 0000 

  0x0000026748fb974c: ;   {optimized virtual_call}
  0x0000026748fb974c: 6666 90e8 

  0x0000026748fb9750: ; ImmutableOopMap {[120]=Oop [128]=Oop [136]=Oop }
                      ;*invokevirtual preDefineClass {reexecute=0 rethrow=0 return_oop=0}
                      ; - java.lang.ClassLoader::defineClass@4 (line 1021)
  0x0000026748fb9750: cc65 f5ff 

  0x0000026748fb9754: ;   {other}
  0x0000026748fb9754: 0f1f 8400 | c402 0000 | 4889 8424 | 9800 0000 | 488b 5424 

  0x0000026748fb9768: ;   {metadata(method data for {method} {0x00000267603fefd8} 'defineClass' '(Ljava/lang/String;[BIILjava/security/ProtectionDomain;)Ljava/lang/Class;' in 'java/lang/ClassLoader')}
  0x0000026748fb9768: 7849 b848 | 331b a167 | 0200 0049 | 8380 4801 

  0x0000026748fb9778: ;   {metadata(method data for {method} {0x00000267603fecc0} 'defineClassSourceLocation' '(Ljava/security/ProtectionDomain;)Ljava/lang/String;' in 'java/lang/ClassLoader')}
  0x0000026748fb9778: 0000 0149 | b898 241b | a167 0200 | 0041 8b90 | cc00 0000 | 83c2 0241 | 8990 cc00 | 0000 81e2 
  0x0000026748fb9798: feff 1f00 | 85d2 0f84 | df02 0000 

  0x0000026748fb97a4: ; implicit exception: dispatches to 0x0000026748fb9aa4
  0x0000026748fb97a4: 483b 004c 

  0x0000026748fb97a8: ;   {metadata(method data for {method} {0x00000267603fecc0} 'defineClassSourceLocation' '(Ljava/security/ProtectionDomain;)Ljava/lang/String;' in 'java/lang/ClassLoader')}
  0x0000026748fb97a8: 8bc0 48ba | 9824 1ba1 | 6702 0000 | 4883 8218 | 0100 0001 | 448b 4010 | 49c1 e003 

  0x0000026748fb97c4: ;   {metadata(method data for {method} {0x00000267603fecc0} 'defineClassSourceLocation' '(Ljava/security/ProtectionDomain;)Ljava/lang/String;' in 'java/lang/ClassLoader')}
  0x0000026748fb97c4: 4d85 c048 | ba98 241b | a167 0200 | 0048 c7c6 | 5801 0000 | 7507 48c7 | c648 0100 | 0048 8b3c 
  0x0000026748fb97e4: 3248 8d7f | 0148 893c | 320f 850f 

  0x0000026748fb97f0: ;   {oop(nullptr)}
  0x0000026748fb97f0: 0000 0048 | bb00 0000 | 0000 0000 | 00e9 a501 | 0000 493b | 0049 8bd0 

  0x0000026748fb9808: ;   {metadata(method data for {method} {0x00000267603fecc0} 'defineClassSourceLocation' '(Ljava/security/ProtectionDomain;)Ljava/lang/String;' in 'java/lang/ClassLoader')}
  0x0000026748fb9808: 48be 9824 | 1ba1 6702 | 0000 4883 | 8668 0100 | 0001 418b | 500c 48c1 | e203 4885 

  0x0000026748fb9824: ;   {metadata(method data for {method} {0x00000267603fecc0} 'defineClassSourceLocation' '(Ljava/security/ProtectionDomain;)Ljava/lang/String;' in 'java/lang/ClassLoader')}
  0x0000026748fb9824: d248 be98 | 241b a167 | 0200 0048 | c7c7 a801 | 0000 7507 | 48c7 c798 | 0100 0048 | 8b1c 3e48 
  0x0000026748fb9844: 8d5b 0148 | 891c 3e0f | 850f 0000 

  0x0000026748fb9850: ;   {oop(nullptr)}
  0x0000026748fb9850: 0048 bb00 | 0000 0000 | 0000 00e9 | 4701 0000 

  0x0000026748fb9860: ;   {metadata(method data for {method} {0x00000267603fecc0} 'defineClassSourceLocation' '(Ljava/security/ProtectionDomain;)Ljava/lang/String;' in 'java/lang/ClassLoader')}
  0x0000026748fb9860: 48be 9824 | 1ba1 6702 | 0000 4883 | 86b8 0100 | 0001 483b | 024c 8bc2 

  0x0000026748fb9878: ;   {metadata(method data for {method} {0x00000267603fecc0} 'defineClassSourceLocation' '(Ljava/security/ProtectionDomain;)Ljava/lang/String;' in 'java/lang/ClassLoader')}
  0x0000026748fb9878: 48be 9824 | 1ba1 6702 | 0000 4883 | 86e8 0100 

  0x0000026748fb9888: ;   {metadata(method data for {method} {0x000002676001a690} 'toString' '()Ljava/lang/String;' in 'java/net/URL')}
  0x0000026748fb9888: 0001 49b8 | 70a5 16a1 | 6702 0000 | 418b b0cc | 0000 0083 | c602 4189 | b0cc 0000 | 0081 e6fe 
  0x0000026748fb98a8: ff1f 0085 | f60f 8400 | 0200 004c 

  0x0000026748fb98b4: ;   {metadata(method data for {method} {0x000002676001a690} 'toString' '()Ljava/lang/String;' in 'java/net/URL')}
  0x0000026748fb98b4: 8bc2 48be | 70a5 16a1 | 6702 0000 | 4883 8618 | 0100 0001 

  0x0000026748fb98c8: ;   {metadata(method data for {method} {0x00000267603f38b8} 'toExternalForm' '()Ljava/lang/String;' in 'java/net/URL')}
  0x0000026748fb98c8: 49b8 98bf | 12a1 6702 | 0000 418b | b0cc 0000 | 0083 c602 | 4189 b0cc | 0000 0081 | e6fe ff1f 
  0x0000026748fb98e8: 0085 f60f | 84e3 0100 | 008b 7238 | 48c1 e603 

  0x0000026748fb98f8: ; implicit exception: dispatches to 0x0000026748fb9af5
  0x0000026748fb98f8: 483b 064c 

  0x0000026748fb98fc: ;   {metadata(method data for {method} {0x00000267603f38b8} 'toExternalForm' '()Ljava/lang/String;' in 'java/net/URL')}
  0x0000026748fb98fc: 8bc6 48bf | 98bf 12a1 | 6702 0000 | 458b 4008 | 49ba 0000 | 0060 6702 | 0000 4d03 | c24c 3b87 
  0x0000026748fb991c: 2001 0000 | 750d 4883 | 8728 0100 | 0001 e960 | 0000 004c | 3b87 3001 | 0000 750d | 4883 8738 
  0x0000026748fb993c: 0100 0001 | e94a 0000 | 0048 83bf | 2001 0000 | 0075 174c | 8987 2001 | 0000 48c7 | 8728 0100 
  0x0000026748fb995c: 0001 0000 | 00e9 2900 | 0000 4883 | bf30 0100 | 0000 7517 | 4c89 8730 | 0100 0048 | c787 3801 
  0x0000026748fb997c: 0000 0100 | 0000 e908 | 0000 0048 | 8387 1801 | 0000 014c | 8bc2 488b 

  0x0000026748fb9994: ;   {optimized virtual_call}
  0x0000026748fb9994: d666 90e8 

  0x0000026748fb9998: ; ImmutableOopMap {[120]=Oop [128]=Oop [136]=Oop [152]=Oop }
                      ;*invokevirtual toExternalForm {reexecute=0 rethrow=0 return_oop=0}
                      ; - java.net.URL::toExternalForm@5 (line 1203)
                      ; - java.net.URL::toString@1 (line 1189)
                      ; - java.lang.ClassLoader::defineClassSourceLocation@22 (line 925)
                      ; - java.lang.ClassLoader::defineClass@12 (line 1022)
  0x0000026748fb9998: 649c eaff 

  0x0000026748fb999c: ;   {other}
  0x0000026748fb999c: 0f1f 8400 | 0c05 0001 | 488b d848 | 8b84 2498 | 0000 008b | b424 9400 | 0000 8bbc | 2490 0000 
  0x0000026748fb99bc: 004c 8b8c | 2488 0000 | 004c 8b84 | 2480 0000 | 0048 8b54 

  0x0000026748fb99d0: ;   {metadata(method data for {method} {0x00000267603fefd8} 'defineClass' '(Ljava/lang/String;[BIILjava/security/ProtectionDomain;)Ljava/lang/Class;' in 'java/lang/ClassLoader')}
  0x0000026748fb99d0: 2478 48b9 | 4833 1ba1 | 6702 0000 | 4883 8178 | 0100 0001 | 4c8b da49 | 8bd3 488b | c848 891c 
  0x0000026748fb99f0: 2466 0f1f 

  0x0000026748fb99f4: ;   {static_call}
  0x0000026748fb99f4: 4400 00e8 

  0x0000026748fb99f8: ; ImmutableOopMap {[120]=Oop [152]=Oop }
                      ;*invokestatic defineClass1 {reexecute=0 rethrow=0 return_oop=0}
                      ; - java.lang.ClassLoader::defineClass@27 (line 1023)
  0x0000026748fb99f8: c46b 9207 

  0x0000026748fb99fc: ;   {other}
  0x0000026748fb99fc: 0f1f 8400 | 6c05 0002 | 488b 5424 

  0x0000026748fb9a08: ;   {metadata(method data for {method} {0x00000267603fefd8} 'defineClass' '(Ljava/lang/String;[BIILjava/security/ProtectionDomain;)Ljava/lang/Class;' in 'java/lang/ClassLoader')}
  0x0000026748fb9a08: 7849 b848 | 331b a167 | 0200 0049 | 8380 8801 | 0000 014c | 8bc0 4c8b | 8c24 9800 | 0000 488b 
  0x0000026748fb9a28: 5424 7848 | 8984 24a0 | 0000 000f 

  0x0000026748fb9a34: ;   {optimized virtual_call}
  0x0000026748fb9a34: 1f40 00e8 

  0x0000026748fb9a38: ; ImmutableOopMap {[160]=Oop }
                      ;*invokevirtual postDefineClass {reexecute=0 rethrow=0 return_oop=0}
                      ; - java.lang.ClassLoader::defineClass@37 (line 1024)
  0x0000026748fb9a38: 642e f3ff 

  0x0000026748fb9a3c: ;   {other}
  0x0000026748fb9a3c: 0f1f 8400 | ac05 0003 | 488b 8424 | a000 0000 | 4881 c4b0 | 0000 005d 

  0x0000026748fb9a54: ;   {poll_return}
  0x0000026748fb9a54: 493b a758 | 0400 000f | 8799 0000 

  0x0000026748fb9a60: ;   {metadata({method} {0x00000267603fefd8} 'defineClass' '(Ljava/lang/String;[BIILjava/security/ProtectionDomain;)Ljava/lang/Class;' in 'java/lang/ClassLoader')}
  0x0000026748fb9a60: 00c3 49ba | d0ef 3f60 | 6702 0000 | 4c89 5424 | 0848 c704 | 24ff ffff 

  0x0000026748fb9a78: ;   {runtime_call counter_overflow Runtime1 stub}
  0x0000026748fb9a78: ffe8 8270 

  0x0000026748fb9a7c: ; ImmutableOopMap {rdx=Oop r8=Oop r9=Oop rcx=Oop [120]=Oop }
                      ;*synchronization entry
                      ; - java.lang.ClassLoader::defineClass@-1 (line 1021)
  0x0000026748fb9a7c: 4307 e987 

  0x0000026748fb9a80: ;   {metadata({method} {0x00000267603fecc0} 'defineClassSourceLocation' '(Ljava/security/ProtectionDomain;)Ljava/lang/String;' in 'java/lang/ClassLoader')}
  0x0000026748fb9a80: fcff ff49 | bab8 ec3f | 6067 0200 | 004c 8954 | 2408 48c7 | 0424 ffff 

  0x0000026748fb9a98: ;   {runtime_call counter_overflow Runtime1 stub}
  0x0000026748fb9a98: ffff e861 

  0x0000026748fb9a9c: ; ImmutableOopMap {rax=Oop [120]=Oop [128]=Oop [136]=Oop [152]=Oop }
                      ;*synchronization entry
                      ; - java.lang.ClassLoader::defineClassSourceLocation@-1 (line 922)
                      ; - java.lang.ClassLoader::defineClass@12 (line 1022)
  0x0000026748fb9a9c: 7043 07e9 | 00fd ffff 

  0x0000026748fb9aa4: ;   {runtime_call throw_null_pointer_exception Runtime1 stub}
  0x0000026748fb9aa4: e857 1f43 

  0x0000026748fb9aa8: ; ImmutableOopMap {rax=Oop [120]=Oop [128]=Oop [136]=Oop [152]=Oop }
                      ;*invokevirtual getCodeSource {reexecute=0 rethrow=0 return_oop=0}
                      ; - java.lang.ClassLoader::defineClassSourceLocation@1 (line 922)
                      ; - java.lang.ClassLoader::defineClass@12 (line 1022)
                      ;   {runtime_call throw_null_pointer_exception Runtime1 stub}
  0x0000026748fb9aa8: 07e8 521f 

  0x0000026748fb9aac: ; ImmutableOopMap {rax=Oop r8=Oop [120]=Oop [128]=Oop [136]=Oop [152]=Oop }
                      ;*invokevirtual getLocation {reexecute=0 rethrow=0 return_oop=0}
                      ; - java.lang.ClassLoader::defineClassSourceLocation@12 (line 924)
                      ; - java.lang.ClassLoader::defineClass@12 (line 1022)
                      ;   {runtime_call throw_null_pointer_exception Runtime1 stub}
  0x0000026748fb9aac: 4307 e84d 

  0x0000026748fb9ab0: ; ImmutableOopMap {rdx=Oop [120]=Oop [128]=Oop [136]=Oop [152]=Oop }
                      ;*invokevirtual toString {reexecute=0 rethrow=0 return_oop=0}
                      ; - java.lang.ClassLoader::defineClassSourceLocation@22 (line 925)
                      ; - java.lang.ClassLoader::defineClass@12 (line 1022)
                      ;   {metadata({method} {0x000002676001a690} 'toString' '()Ljava/lang/String;' in 'java/net/URL')}
  0x0000026748fb9ab0: 1f43 0749 | ba88 a601 | 6067 0200 | 004c 8954 | 2408 48c7 | 0424 ffff 

  0x0000026748fb9ac8: ;   {runtime_call counter_overflow Runtime1 stub}
  0x0000026748fb9ac8: ffff e831 

  0x0000026748fb9acc: ; ImmutableOopMap {rdx=Oop [120]=Oop [128]=Oop [136]=Oop [152]=Oop }
                      ;*synchronization entry
                      ; - java.net.URL::toString@-1 (line 1189)
                      ; - java.lang.ClassLoader::defineClassSourceLocation@22 (line 925)
                      ; - java.lang.ClassLoader::defineClass@12 (line 1022)
  0x0000026748fb9acc: 7043 07e9 | dffd ffff 

  0x0000026748fb9ad4: ;   {metadata({method} {0x00000267603f38b8} 'toExternalForm' '()Ljava/lang/String;' in 'java/net/URL')}
  0x0000026748fb9ad4: 49ba b038 | 3f60 6702 | 0000 4c89 | 5424 0848 | c704 24ff 

  0x0000026748fb9ae8: ;   {runtime_call counter_overflow Runtime1 stub}
  0x0000026748fb9ae8: ffff ffe8 

  0x0000026748fb9aec: ; ImmutableOopMap {rdx=Oop [120]=Oop [128]=Oop [136]=Oop [152]=Oop }
                      ;*synchronization entry
                      ; - java.net.URL::toExternalForm@-1 (line 1203)
                      ; - java.net.URL::toString@1 (line 1189)
                      ; - java.lang.ClassLoader::defineClassSourceLocation@22 (line 925)
                      ; - java.lang.ClassLoader::defineClass@12 (line 1022)
  0x0000026748fb9aec: 1070 4307 | e9fc fdff 

  0x0000026748fb9af4: ;   {runtime_call throw_null_pointer_exception Runtime1 stub}
  0x0000026748fb9af4: ffe8 061f 

  0x0000026748fb9af8: ; ImmutableOopMap {rdx=Oop rsi=Oop [120]=Oop [128]=Oop [136]=Oop [152]=Oop }
                      ;*invokevirtual toExternalForm {reexecute=0 rethrow=0 return_oop=0}
                      ; - java.net.URL::toExternalForm@5 (line 1203)
                      ; - java.net.URL::toString@1 (line 1189)
                      ; - java.lang.ClassLoader::defineClassSourceLocation@22 (line 925)
                      ; - java.lang.ClassLoader::defineClass@12 (line 1022)
                      ;   {internal_word}
  0x0000026748fb9af8: 4307 49ba | 549a fb48 | 6702 0000 | 4d89 9770 

  0x0000026748fb9b08: ;   {runtime_call SafepointBlob}
  0x0000026748fb9b08: 0400 00e9 | f0bb 3607 | 498b 8708 | 0500 0049 | c787 0805 | 0000 0000 | 0000 49c7 | 8710 0500 
  0x0000026748fb9b28: 0000 0000 | 0048 81c4 | b000 0000 

  0x0000026748fb9b34: ;   {runtime_call unwind_exception Runtime1 stub}
  0x0000026748fb9b34: 5de9 c60f | 4307 f4f4 | f4f4 f4f4 
[Stub Code]
  0x0000026748fb9b40: ;   {no_reloc}
  0x0000026748fb9b40: 0f1f 4400 

  0x0000026748fb9b44: ;   {static_stub}
  0x0000026748fb9b44: 0048 bb00 | 0000 0000 

  0x0000026748fb9b4c: ;   {runtime_call}
  0x0000026748fb9b4c: 0000 00e9 | fbff ffff 

  0x0000026748fb9b54: ;   {static_stub}
  0x0000026748fb9b54: 48bb 0000 | 0000 0000 

  0x0000026748fb9b5c: ;   {runtime_call}
  0x0000026748fb9b5c: 0000 e9fb 

  0x0000026748fb9b60: ;   {static_stub}
  0x0000026748fb9b60: ffff ff48 | bb00 0000 | 0000 0000 

  0x0000026748fb9b6c: ;   {runtime_call}
  0x0000026748fb9b6c: 00e9 fbff 

  0x0000026748fb9b70: ;   {static_stub}
  0x0000026748fb9b70: ffff 48bb | 0000 0000 | 0000 0000 

  0x0000026748fb9b7c: ;   {runtime_call}
  0x0000026748fb9b7c: e9fb ffff 

  0x0000026748fb9b80: ;   {runtime_call handle_exception_from_callee Runtime1 stub}
  0x0000026748fb9b80: ffe8 7a3c 

  0x0000026748fb9b84: ;   {external_word}
  0x0000026748fb9b84: 4307 48b9 | c028 36aa | fb7f 0000 | 4883 e4f0 

  0x0000026748fb9b94: ;   {runtime_call}
  0x0000026748fb9b94: 48b8 9095 | fda9 fb7f | 0000 ffd0 

  0x0000026748fb9ba0: ;   {section_word}
  0x0000026748fb9ba0: f449 baa1 | 9bfb 4867 | 0200 0041 

  0x0000026748fb9bac: ;   {runtime_call DeoptimizationBlob}
  0x0000026748fb9bac: 52e9 eead | 3607 f4f4 | f4f4 f4f4 
[/MachCode]


Compiled method (c1) 50327 1228       3       java.security.SecureClassLoader::defineClass (16 bytes)
 total in heap  [0x0000026748fb9010,0x0000026748fb9410] = 1024
 relocation     [0x0000026748fb9168,0x0000026748fb91b8] = 80
 main code      [0x0000026748fb91c0,0x0000026748fb9318] = 344
 stub code      [0x0000026748fb9318,0x0000026748fb9368] = 80
 metadata       [0x0000026748fb9368,0x0000026748fb9370] = 8
 scopes data    [0x0000026748fb9370,0x0000026748fb93b8] = 72
 scopes pcs     [0x0000026748fb93b8,0x0000026748fb9408] = 80
 dependencies   [0x0000026748fb9408,0x0000026748fb9410] = 8

[Constant Pool (empty)]

[MachCode]
[Entry Point]
  # {method} {0x00000267600438c0} 'defineClass' '(Ljava/lang/String;[BIILjava/security/CodeSource;)Ljava/lang/Class;' in 'java/security/SecureClassLoader'
  # this:     rdx:rdx   = 'java/security/SecureClassLoader'
  # parm0:    r8:r8     = 'java/lang/String'
  # parm1:    r9:r9     = '[B'
  # parm2:    rdi       = int
  # parm3:    rsi       = int
  # parm4:    rcx:rcx   = 'java/security/CodeSource'
  #           [sp+0x80]  (sp of caller)
  0x0000026748fb91c0: 448b 5208 | 49bb 0000 | 0060 6702 | 0000 4d03 | d34c 3bd0 

  0x0000026748fb91d4: ;   {runtime_call ic_miss_stub}
  0x0000026748fb91d4: 0f85 a655 | 3607 660f | 1f44 0000 
[Verified Entry Point]
  0x0000026748fb91e0: 8984 2400 | 80ff ff55 | 4883 ec70 | 4181 7f20 | 0100 0000 

  0x0000026748fb91f4: ;   {runtime_call StubRoutines (final stubs)}
  0x0000026748fb91f4: 7405 e8e5 

  0x0000026748fb91f8: ;   {metadata(method data for {method} {0x00000267600438c0} 'defineClass' '(Ljava/lang/String;[BIILjava/security/CodeSource;)Ljava/lang/Class;' in 'java/security/SecureClassLoader')}
  0x0000026748fb91f8: ba34 0748 | bb68 311b | a167 0200 | 008b 83cc | 0000 0083 | c002 8983 | cc00 0000 | 25fe 0700 
  0x0000026748fb9218: 0085 c00f | 8496 0000 | 0089 7424 | 5c89 7c24 | 584c 894c | 2450 4c89 | 4424 4848 

  0x0000026748fb9234: ;   {metadata(method data for {method} {0x00000267600438c0} 'defineClass' '(Ljava/lang/String;[BIILjava/security/CodeSource;)Ljava/lang/Class;' in 'java/security/SecureClassLoader')}
  0x0000026748fb9234: 8bda 48b8 | 6831 1ba1 | 6702 0000 | 4883 8018 | 0100 0001 | 4c8b c148 | 8bc2 488b | d048 8944 
  0x0000026748fb9254: ;   {optimized virtual_call}
  0x0000026748fb9254: 2440 90e8 

  0x0000026748fb9258: ; ImmutableOopMap {[64]=Oop [72]=Oop [80]=Oop }
                      ;*invokevirtual getProtectionDomain {reexecute=0 rethrow=0 return_oop=0}
                      ; - java.security.SecureClassLoader::defineClass@9 (line 150)
  0x0000026748fb9258: c417 f3ff 

  0x0000026748fb925c: ;   {other}
  0x0000026748fb925c: 0f1f 8400 | 4c02 0000 | 488b 5424 

  0x0000026748fb9268: ;   {metadata(method data for {method} {0x00000267600438c0} 'defineClass' '(Ljava/lang/String;[BIILjava/security/CodeSource;)Ljava/lang/Class;' in 'java/security/SecureClassLoader')}
  0x0000026748fb9268: 4049 b868 | 311b a167 | 0200 0049 | 8380 4801 | 0000 014c | 8b44 2448 | 4c8b 4c24 | 508b 7c24 
  0x0000026748fb9288: 588b 7424 | 5c48 8bc8 | 488b 5424 

  0x0000026748fb9294: ;   {optimized virtual_call}
  0x0000026748fb9294: 4066 90e8 

  0x0000026748fb9298: ; ImmutableOopMap {}
                      ;*invokevirtual defineClass {reexecute=0 rethrow=0 return_oop=0}
                      ; - java.security.SecureClassLoader::defineClass@12 (line 150)
  0x0000026748fb9298: 2404 0000 

  0x0000026748fb929c: ;   {other}
  0x0000026748fb929c: 0f1f 8400 | 8c02 0001 | 4883 c470 

  0x0000026748fb92a8: ;   {poll_return}
  0x0000026748fb92a8: 5d49 3ba7 | 5804 0000 | 0f87 2200 

  0x0000026748fb92b4: ;   {metadata({method} {0x00000267600438c0} 'defineClass' '(Ljava/lang/String;[BIILjava/security/CodeSource;)Ljava/lang/Class;' in 'java/security/SecureClassLoader')}
  0x0000026748fb92b4: 0000 c349 | bab8 3804 | 6067 0200 | 004c 8954 | 2408 48c7 | 0424 ffff 

  0x0000026748fb92cc: ;   {runtime_call counter_overflow Runtime1 stub}
  0x0000026748fb92cc: ffff e82d 

  0x0000026748fb92d0: ; ImmutableOopMap {rdx=Oop r8=Oop r9=Oop rcx=Oop }
                      ;*synchronization entry
                      ; - java.security.SecureClassLoader::defineClass@-1 (line 150)
  0x0000026748fb92d0: 7843 07e9 | 49ff ffff 

  0x0000026748fb92d8: ;   {internal_word}
  0x0000026748fb92d8: 49ba a992 | fb48 6702 | 0000 4d89 | 9770 0400 

  0x0000026748fb92e8: ;   {runtime_call SafepointBlob}
  0x0000026748fb92e8: 00e9 12c4 | 3607 498b | 8708 0500 | 0049 c787 | 0805 0000 | 0000 0000 | 49c7 8710 | 0500 0000 
  0x0000026748fb9308: 0000 0048 | 83c4 705d 

  0x0000026748fb9310: ;   {runtime_call unwind_exception Runtime1 stub}
  0x0000026748fb9310: e9eb 1743 | 07f4 f4f4 
[Stub Code]
  0x0000026748fb9318: ;   {no_reloc}
  0x0000026748fb9318: 48bb 0000 | 0000 0000 

  0x0000026748fb9320: ;   {runtime_call}
  0x0000026748fb9320: 0000 e9fb 

  0x0000026748fb9324: ;   {static_stub}
  0x0000026748fb9324: ffff ff48 | bb00 0000 | 0000 0000 

  0x0000026748fb9330: ;   {runtime_call}
  0x0000026748fb9330: 00e9 fbff 

  0x0000026748fb9334: ;   {runtime_call handle_exception_from_callee Runtime1 stub}
  0x0000026748fb9334: ffff e8c5 

  0x0000026748fb9338: ;   {external_word}
  0x0000026748fb9338: 4443 0748 | b9c0 2836 | aafb 7f00 | 0048 83e4 

  0x0000026748fb9348: ;   {runtime_call}
  0x0000026748fb9348: f048 b890 | 95fd a9fb | 7f00 00ff 

  0x0000026748fb9354: ;   {section_word}
  0x0000026748fb9354: d0f4 49ba | 5693 fb48 | 6702 0000 

  0x0000026748fb9360: ;   {runtime_call DeoptimizationBlob}
  0x0000026748fb9360: 4152 e939 | b636 07f4 
[/MachCode]


---------------  P R O C E S S  ---------------

Threads class SMR info:
_java_thread_list=0x00000267a571c5e0, length=11, elements={
0x000002673e901970, 0x000002675f3de2d0, 0x000002675f3df0f0, 0x000002675f3e1ed0,
0x000002675f3e2b30, 0x000002675f3e56a0, 0x000002675f3e6100, 0x000002675f3eb050,
0x000002675f3ec8e0, 0x000002675f593090, 0x000002675f5d4cd0
}

Java Threads: ( => current thread )
=>0x000002673e901970 JavaThread "main"                              [_thread_in_vm, id=40596, stack(0x0000007bb7100000,0x0000007bb7200000) (1024K)]
  0x000002675f3de2d0 JavaThread "Reference Handler"          daemon [_thread_blocked, id=41308, stack(0x0000007bb7900000,0x0000007bb7a00000) (1024K)]
  0x000002675f3df0f0 JavaThread "Finalizer"                  daemon [_thread_blocked, id=41312, stack(0x0000007bb7a00000,0x0000007bb7b00000) (1024K)]
  0x000002675f3e1ed0 JavaThread "Signal Dispatcher"          daemon [_thread_blocked, id=41324, stack(0x0000007bb7b00000,0x0000007bb7c00000) (1024K)]
  0x000002675f3e2b30 JavaThread "Attach Listener"            daemon [_thread_blocked, id=41332, stack(0x0000007bb7c00000,0x0000007bb7d00000) (1024K)]
  0x000002675f3e56a0 JavaThread "Service Thread"             daemon [_thread_blocked, id=41336, stack(0x0000007bb7d00000,0x0000007bb7e00000) (1024K)]
  0x000002675f3e6100 JavaThread "Monitor Deflation Thread"   daemon [_thread_blocked, id=41344, stack(0x0000007bb7e00000,0x0000007bb7f00000) (1024K)]
  0x000002675f3eb050 JavaThread "C2 CompilerThread0"         daemon [_thread_blocked, id=41352, stack(0x0000007bb7f00000,0x0000007bb8000000) (1024K)]
  0x000002675f3ec8e0 JavaThread "C1 CompilerThread0"         daemon [_thread_blocked, id=41412, stack(0x0000007bb8000000,0x0000007bb8100000) (1024K)]
  0x000002675f593090 JavaThread "Notification Thread"        daemon [_thread_blocked, id=41440, stack(0x0000007bb8100000,0x0000007bb8200000) (1024K)]
  0x000002675f5d4cd0 JavaThread "Common-Cleaner"             daemon [_thread_blocked, id=41448, stack(0x0000007bb8200000,0x0000007bb8300000) (1024K)]
Total: 11

Other Threads:
  0x000002675f3c14b0 VMThread "VM Thread"                           [id=41264, stack(0x0000007bb7800000,0x0000007bb7900000) (1024K)] _threads_hazard_ptr=0x00000267a571c5e0
  0x000002675f3a97d0 WatcherThread "VM Periodic Task Thread"        [id=41248, stack(0x0000007bb7700000,0x0000007bb7800000) (1024K)]
  0x0000026740abcca0 WorkerThread "GC Thread#0"                     [id=41064, stack(0x0000007bb7200000,0x0000007bb7300000) (1024K)]
  0x00000267a54994f0 WorkerThread "GC Thread#1"                     [id=43776, stack(0x0000007bb8300000,0x0000007bb8400000) (1024K)]
  0x00000267a54998a0 WorkerThread "GC Thread#2"                     [id=43780, stack(0x0000007bb8400000,0x0000007bb8500000) (1024K)]
  0x00000267a5499c50 WorkerThread "GC Thread#3"                     [id=43784, stack(0x0000007bb8500000,0x0000007bb8600000) (1024K)]
  0x00000267a549a000 WorkerThread "GC Thread#4"                     [id=43788, stack(0x0000007bb8600000,0x0000007bb8700000) (1024K)]
  0x00000267a5144810 WorkerThread "GC Thread#5"                     [id=43836, stack(0x0000007bb8700000,0x0000007bb8800000) (1024K)]
  0x00000267a51d8b80 WorkerThread "GC Thread#6"                     [id=43840, stack(0x0000007bb8800000,0x0000007bb8900000) (1024K)]
  0x00000267a521a370 WorkerThread "GC Thread#7"                     [id=43844, stack(0x0000007bb8900000,0x0000007bb8a00000) (1024K)]
  0x00000267a521a720 WorkerThread "GC Thread#8"                     [id=43848, stack(0x0000007bb8a00000,0x0000007bb8b00000) (1024K)]
  0x0000026740acb7a0 ConcurrentGCThread "G1 Main Marker"            [id=41068, stack(0x0000007bb7300000,0x0000007bb7400000) (1024K)]
  0x0000026740acc2b0 WorkerThread "G1 Conc#0"                       [id=41072, stack(0x0000007bb7400000,0x0000007bb7500000) (1024K)]
  0x0000026740b1e900 ConcurrentGCThread "G1 Refine#0"               [id=41084, stack(0x0000007bb7500000,0x0000007bb7600000) (1024K)]
  0x000002675f27ba90 ConcurrentGCThread "G1 Service"                [id=41088, stack(0x0000007bb7600000,0x0000007bb7700000) (1024K)]
Total: 15

Threads with active compile tasks:
Total: 0

VM state: synchronizing (normal execution)

VM Mutex/Monitor currently owned by a thread:  ([mutex/lock_event])
[0x00007ffbaa60ab48] Metaspace_lock - owner thread: 0x000002673e901970
[0x00007ffbaa60cbc8] Threads_lock - owner thread: 0x000002675f3c14b0

Heap address: 0x0000000724e00000, size: 3506 MB, Compressed Oops mode: Zero based, Oop shift amount: 3

CDS archive(s) mapped at: [0x0000026760000000-0x0000026760c60000-0x0000026760c60000), size 12976128, SharedBaseAddress: 0x0000026760000000, ArchiveRelocationMode: 1.
Compressed class space mapped at: 0x0000026761000000-0x00000267a1000000, reserved size: 1073741824
Narrow klass base: 0x0000026760000000, Narrow klass shift: 0, Narrow klass range: 0x41000000

GC Precious Log:
 CardTable entry size: 512
 Card Set container configuration: InlinePtr #cards 4 size 8 Array Of Cards #cards 16 size 48 Howl #buckets 8 coarsen threshold 3686 Howl Bitmap #cards 512 size 80 coarsen threshold 460 Card regions per heap region 1 cards per card region 4096
 CPUs: 12 total, 12 available
 Memory: 14020M
 Large Page Support: Disabled
 NUMA Support: Disabled
 Compressed Oops: Enabled (Zero based)
 Heap Region Size: 2M
 Heap Min Capacity: 8M
 Heap Initial Capacity: 220M
 Heap Max Capacity: 3506M
 Pre-touch: Disabled
 Parallel Workers: 10
 Concurrent Workers: 3
 Concurrent Refinement Workers: 10
 Periodic GC: Disabled

Heap:
 garbage-first heap   total reserved 3590144K, committed 225280K, used 20480K [0x0000000724e00000, 0x0000000800000000)
  region size 2048K, 12 young (24576K), 2 survivors (4096K)
 Metaspace       used 7954K, committed 8128K, reserved 1114112K
  class space    used 938K, committed 1024K, reserved 1048576K

Heap Regions: E=young(eden), S=young(survivor), O=old, HS=humongous(starts), HC=humongous(continues), CS=collection set, F=free, TAMS=top-at-mark-start, PB=parsable bottom
|   0|0x0000000724e00000, 0x0000000724e00000, 0x0000000725000000|  0%| F|  |TAMS 0x0000000724e00000| PB 0x0000000724e00000| Untracked |  0
|   1|0x0000000725000000, 0x0000000725000000, 0x0000000725200000|  0%| F|  |TAMS 0x0000000725000000| PB 0x0000000725000000| Untracked |  0
|   2|0x0000000725200000, 0x0000000725200000, 0x0000000725400000|  0%| F|  |TAMS 0x0000000725200000| PB 0x0000000725200000| Untracked |  0
|   3|0x0000000725400000, 0x0000000725400000, 0x0000000725600000|  0%| F|  |TAMS 0x0000000725400000| PB 0x0000000725400000| Untracked |  0
|   4|0x0000000725600000, 0x0000000725600000, 0x0000000725800000|  0%| F|  |TAMS 0x0000000725600000| PB 0x0000000725600000| Untracked |  0
|   5|0x0000000725800000, 0x0000000725800000, 0x0000000725a00000|  0%| F|  |TAMS 0x0000000725800000| PB 0x0000000725800000| Untracked |  0
|   6|0x0000000725a00000, 0x0000000725a00000, 0x0000000725c00000|  0%| F|  |TAMS 0x0000000725a00000| PB 0x0000000725a00000| Untracked |  0
|   7|0x0000000725c00000, 0x0000000725c00000, 0x0000000725e00000|  0%| F|  |TAMS 0x0000000725c00000| PB 0x0000000725c00000| Untracked |  0
|   8|0x0000000725e00000, 0x0000000725e00000, 0x0000000726000000|  0%| F|  |TAMS 0x0000000725e00000| PB 0x0000000725e00000| Untracked |  0
|   9|0x0000000726000000, 0x0000000726000000, 0x0000000726200000|  0%| F|  |TAMS 0x0000000726000000| PB 0x0000000726000000| Untracked |  0
|  10|0x0000000726200000, 0x0000000726200000, 0x0000000726400000|  0%| F|  |TAMS 0x0000000726200000| PB 0x0000000726200000| Untracked |  0
|  11|0x0000000726400000, 0x0000000726400000, 0x0000000726600000|  0%| F|  |TAMS 0x0000000726400000| PB 0x0000000726400000| Untracked |  0
|  12|0x0000000726600000, 0x0000000726600000, 0x0000000726800000|  0%| F|  |TAMS 0x0000000726600000| PB 0x0000000726600000| Untracked |  0
|  13|0x0000000726800000, 0x0000000726800000, 0x0000000726a00000|  0%| F|  |TAMS 0x0000000726800000| PB 0x0000000726800000| Untracked |  0
|  14|0x0000000726a00000, 0x0000000726a00000, 0x0000000726c00000|  0%| F|  |TAMS 0x0000000726a00000| PB 0x0000000726a00000| Untracked |  0
|  15|0x0000000726c00000, 0x0000000726c00000, 0x0000000726e00000|  0%| F|  |TAMS 0x0000000726c00000| PB 0x0000000726c00000| Untracked |  0
|  16|0x0000000726e00000, 0x0000000726e00000, 0x0000000727000000|  0%| F|  |TAMS 0x0000000726e00000| PB 0x0000000726e00000| Untracked |  0
|  17|0x0000000727000000, 0x0000000727000000, 0x0000000727200000|  0%| F|  |TAMS 0x0000000727000000| PB 0x0000000727000000| Untracked |  0
|  18|0x0000000727200000, 0x0000000727200000, 0x0000000727400000|  0%| F|  |TAMS 0x0000000727200000| PB 0x0000000727200000| Untracked |  0
|  19|0x0000000727400000, 0x0000000727400000, 0x0000000727600000|  0%| F|  |TAMS 0x0000000727400000| PB 0x0000000727400000| Untracked |  0
|  20|0x0000000727600000, 0x0000000727600000, 0x0000000727800000|  0%| F|  |TAMS 0x0000000727600000| PB 0x0000000727600000| Untracked |  0
|  21|0x0000000727800000, 0x0000000727800000, 0x0000000727a00000|  0%| F|  |TAMS 0x0000000727800000| PB 0x0000000727800000| Untracked |  0
|  22|0x0000000727a00000, 0x0000000727a00000, 0x0000000727c00000|  0%| F|  |TAMS 0x0000000727a00000| PB 0x0000000727a00000| Untracked |  0
|  23|0x0000000727c00000, 0x0000000727c00000, 0x0000000727e00000|  0%| F|  |TAMS 0x0000000727c00000| PB 0x0000000727c00000| Untracked |  0
|  24|0x0000000727e00000, 0x0000000727e00000, 0x0000000728000000|  0%| F|  |TAMS 0x0000000727e00000| PB 0x0000000727e00000| Untracked |  0
|  25|0x0000000728000000, 0x0000000728000000, 0x0000000728200000|  0%| F|  |TAMS 0x0000000728000000| PB 0x0000000728000000| Untracked |  0
|  26|0x0000000728200000, 0x0000000728200000, 0x0000000728400000|  0%| F|  |TAMS 0x0000000728200000| PB 0x0000000728200000| Untracked |  0
|  27|0x0000000728400000, 0x0000000728400000, 0x0000000728600000|  0%| F|  |TAMS 0x0000000728400000| PB 0x0000000728400000| Untracked |  0
|  28|0x0000000728600000, 0x0000000728600000, 0x0000000728800000|  0%| F|  |TAMS 0x0000000728600000| PB 0x0000000728600000| Untracked |  0
|  29|0x0000000728800000, 0x0000000728800000, 0x0000000728a00000|  0%| F|  |TAMS 0x0000000728800000| PB 0x0000000728800000| Untracked |  0
|  30|0x0000000728a00000, 0x0000000728a00000, 0x0000000728c00000|  0%| F|  |TAMS 0x0000000728a00000| PB 0x0000000728a00000| Untracked |  0
|  31|0x0000000728c00000, 0x0000000728c00000, 0x0000000728e00000|  0%| F|  |TAMS 0x0000000728c00000| PB 0x0000000728c00000| Untracked |  0
|  32|0x0000000728e00000, 0x0000000728e00000, 0x0000000729000000|  0%| F|  |TAMS 0x0000000728e00000| PB 0x0000000728e00000| Untracked |  0
|  33|0x0000000729000000, 0x0000000729000000, 0x0000000729200000|  0%| F|  |TAMS 0x0000000729000000| PB 0x0000000729000000| Untracked |  0
|  34|0x0000000729200000, 0x0000000729200000, 0x0000000729400000|  0%| F|  |TAMS 0x0000000729200000| PB 0x0000000729200000| Untracked |  0
|  35|0x0000000729400000, 0x0000000729400000, 0x0000000729600000|  0%| F|  |TAMS 0x0000000729400000| PB 0x0000000729400000| Untracked |  0
|  36|0x0000000729600000, 0x0000000729600000, 0x0000000729800000|  0%| F|  |TAMS 0x0000000729600000| PB 0x0000000729600000| Untracked |  0
|  37|0x0000000729800000, 0x0000000729800000, 0x0000000729a00000|  0%| F|  |TAMS 0x0000000729800000| PB 0x0000000729800000| Untracked |  0
|  38|0x0000000729a00000, 0x0000000729a00000, 0x0000000729c00000|  0%| F|  |TAMS 0x0000000729a00000| PB 0x0000000729a00000| Untracked |  0
|  39|0x0000000729c00000, 0x0000000729c00000, 0x0000000729e00000|  0%| F|  |TAMS 0x0000000729c00000| PB 0x0000000729c00000| Untracked |  0
|  40|0x0000000729e00000, 0x0000000729e00000, 0x000000072a000000|  0%| F|  |TAMS 0x0000000729e00000| PB 0x0000000729e00000| Untracked |  0
|  41|0x000000072a000000, 0x000000072a000000, 0x000000072a200000|  0%| F|  |TAMS 0x000000072a000000| PB 0x000000072a000000| Untracked |  0
|  42|0x000000072a200000, 0x000000072a200000, 0x000000072a400000|  0%| F|  |TAMS 0x000000072a200000| PB 0x000000072a200000| Untracked |  0
|  43|0x000000072a400000, 0x000000072a400000, 0x000000072a600000|  0%| F|  |TAMS 0x000000072a400000| PB 0x000000072a400000| Untracked |  0
|  44|0x000000072a600000, 0x000000072a600000, 0x000000072a800000|  0%| F|  |TAMS 0x000000072a600000| PB 0x000000072a600000| Untracked |  0
|  45|0x000000072a800000, 0x000000072a800000, 0x000000072aa00000|  0%| F|  |TAMS 0x000000072a800000| PB 0x000000072a800000| Untracked |  0
|  46|0x000000072aa00000, 0x000000072aa00000, 0x000000072ac00000|  0%| F|  |TAMS 0x000000072aa00000| PB 0x000000072aa00000| Untracked |  0
|  47|0x000000072ac00000, 0x000000072ac00000, 0x000000072ae00000|  0%| F|  |TAMS 0x000000072ac00000| PB 0x000000072ac00000| Untracked |  0
|  48|0x000000072ae00000, 0x000000072ae00000, 0x000000072b000000|  0%| F|  |TAMS 0x000000072ae00000| PB 0x000000072ae00000| Untracked |  0
|  49|0x000000072b000000, 0x000000072b000000, 0x000000072b200000|  0%| F|  |TAMS 0x000000072b000000| PB 0x000000072b000000| Untracked |  0
|  50|0x000000072b200000, 0x000000072b200000, 0x000000072b400000|  0%| F|  |TAMS 0x000000072b200000| PB 0x000000072b200000| Untracked |  0
|  51|0x000000072b400000, 0x000000072b400000, 0x000000072b600000|  0%| F|  |TAMS 0x000000072b400000| PB 0x000000072b400000| Untracked |  0
|  52|0x000000072b600000, 0x000000072b600000, 0x000000072b800000|  0%| F|  |TAMS 0x000000072b600000| PB 0x000000072b600000| Untracked |  0
|  53|0x000000072b800000, 0x000000072b800000, 0x000000072ba00000|  0%| F|  |TAMS 0x000000072b800000| PB 0x000000072b800000| Untracked |  0
|  54|0x000000072ba00000, 0x000000072ba00000, 0x000000072bc00000|  0%| F|  |TAMS 0x000000072ba00000| PB 0x000000072ba00000| Untracked |  0
|  55|0x000000072bc00000, 0x000000072bc00000, 0x000000072be00000|  0%| F|  |TAMS 0x000000072bc00000| PB 0x000000072bc00000| Untracked |  0
|  56|0x000000072be00000, 0x000000072be00000, 0x000000072c000000|  0%| F|  |TAMS 0x000000072be00000| PB 0x000000072be00000| Untracked |  0
|  57|0x000000072c000000, 0x000000072c000000, 0x000000072c200000|  0%| F|  |TAMS 0x000000072c000000| PB 0x000000072c000000| Untracked |  0
|  58|0x000000072c200000, 0x000000072c200000, 0x000000072c400000|  0%| F|  |TAMS 0x000000072c200000| PB 0x000000072c200000| Untracked |  0
|  59|0x000000072c400000, 0x000000072c400000, 0x000000072c600000|  0%| F|  |TAMS 0x000000072c400000| PB 0x000000072c400000| Untracked |  0
|  60|0x000000072c600000, 0x000000072c600000, 0x000000072c800000|  0%| F|  |TAMS 0x000000072c600000| PB 0x000000072c600000| Untracked |  0
|  61|0x000000072c800000, 0x000000072c800000, 0x000000072ca00000|  0%| F|  |TAMS 0x000000072c800000| PB 0x000000072c800000| Untracked |  0
|  62|0x000000072ca00000, 0x000000072ca00000, 0x000000072cc00000|  0%| F|  |TAMS 0x000000072ca00000| PB 0x000000072ca00000| Untracked |  0
|  63|0x000000072cc00000, 0x000000072cc00000, 0x000000072ce00000|  0%| F|  |TAMS 0x000000072cc00000| PB 0x000000072cc00000| Untracked |  0
|  64|0x000000072ce00000, 0x000000072ce00000, 0x000000072d000000|  0%| F|  |TAMS 0x000000072ce00000| PB 0x000000072ce00000| Untracked |  0
|  65|0x000000072d000000, 0x000000072d000000, 0x000000072d200000|  0%| F|  |TAMS 0x000000072d000000| PB 0x000000072d000000| Untracked |  0
|  66|0x000000072d200000, 0x000000072d200000, 0x000000072d400000|  0%| F|  |TAMS 0x000000072d200000| PB 0x000000072d200000| Untracked |  0
|  67|0x000000072d400000, 0x000000072d400000, 0x000000072d600000|  0%| F|  |TAMS 0x000000072d400000| PB 0x000000072d400000| Untracked |  0
|  68|0x000000072d600000, 0x000000072d600000, 0x000000072d800000|  0%| F|  |TAMS 0x000000072d600000| PB 0x000000072d600000| Untracked |  0
|  69|0x000000072d800000, 0x000000072d800000, 0x000000072da00000|  0%| F|  |TAMS 0x000000072d800000| PB 0x000000072d800000| Untracked |  0
|  70|0x000000072da00000, 0x000000072da00000, 0x000000072dc00000|  0%| F|  |TAMS 0x000000072da00000| PB 0x000000072da00000| Untracked |  0
|  71|0x000000072dc00000, 0x000000072dc00000, 0x000000072de00000|  0%| F|  |TAMS 0x000000072dc00000| PB 0x000000072dc00000| Untracked |  0
|  72|0x000000072de00000, 0x000000072de00000, 0x000000072e000000|  0%| F|  |TAMS 0x000000072de00000| PB 0x000000072de00000| Untracked |  0
|  73|0x000000072e000000, 0x000000072e000000, 0x000000072e200000|  0%| F|  |TAMS 0x000000072e000000| PB 0x000000072e000000| Untracked |  0
|  74|0x000000072e200000, 0x000000072e200000, 0x000000072e400000|  0%| F|  |TAMS 0x000000072e200000| PB 0x000000072e200000| Untracked |  0
|  75|0x000000072e400000, 0x000000072e400000, 0x000000072e600000|  0%| F|  |TAMS 0x000000072e400000| PB 0x000000072e400000| Untracked |  0
|  76|0x000000072e600000, 0x000000072e600000, 0x000000072e800000|  0%| F|  |TAMS 0x000000072e600000| PB 0x000000072e600000| Untracked |  0
|  77|0x000000072e800000, 0x000000072e800000, 0x000000072ea00000|  0%| F|  |TAMS 0x000000072e800000| PB 0x000000072e800000| Untracked |  0
|  78|0x000000072ea00000, 0x000000072ea00000, 0x000000072ec00000|  0%| F|  |TAMS 0x000000072ea00000| PB 0x000000072ea00000| Untracked |  0
|  79|0x000000072ec00000, 0x000000072ec00000, 0x000000072ee00000|  0%| F|  |TAMS 0x000000072ec00000| PB 0x000000072ec00000| Untracked |  0
|  80|0x000000072ee00000, 0x000000072ee00000, 0x000000072f000000|  0%| F|  |TAMS 0x000000072ee00000| PB 0x000000072ee00000| Untracked |  0
|  81|0x000000072f000000, 0x000000072f000000, 0x000000072f200000|  0%| F|  |TAMS 0x000000072f000000| PB 0x000000072f000000| Untracked |  0
|  82|0x000000072f200000, 0x000000072f200000, 0x000000072f400000|  0%| F|  |TAMS 0x000000072f200000| PB 0x000000072f200000| Untracked |  0
|  83|0x000000072f400000, 0x000000072f400000, 0x000000072f600000|  0%| F|  |TAMS 0x000000072f400000| PB 0x000000072f400000| Untracked |  0
|  84|0x000000072f600000, 0x000000072f600000, 0x000000072f800000|  0%| F|  |TAMS 0x000000072f600000| PB 0x000000072f600000| Untracked |  0
|  85|0x000000072f800000, 0x000000072f800000, 0x000000072fa00000|  0%| F|  |TAMS 0x000000072f800000| PB 0x000000072f800000| Untracked |  0
|  86|0x000000072fa00000, 0x000000072fa00000, 0x000000072fc00000|  0%| F|  |TAMS 0x000000072fa00000| PB 0x000000072fa00000| Untracked |  0
|  87|0x000000072fc00000, 0x000000072fc00000, 0x000000072fe00000|  0%| F|  |TAMS 0x000000072fc00000| PB 0x000000072fc00000| Untracked |  0
|  88|0x000000072fe00000, 0x000000072fe00000, 0x0000000730000000|  0%| F|  |TAMS 0x000000072fe00000| PB 0x000000072fe00000| Untracked |  0
|  89|0x0000000730000000, 0x0000000730000000, 0x0000000730200000|  0%| F|  |TAMS 0x0000000730000000| PB 0x0000000730000000| Untracked |  0
|  90|0x0000000730200000, 0x0000000730200000, 0x0000000730400000|  0%| F|  |TAMS 0x0000000730200000| PB 0x0000000730200000| Untracked |  0
|  91|0x0000000730400000, 0x0000000730400000, 0x0000000730600000|  0%| F|  |TAMS 0x0000000730400000| PB 0x0000000730400000| Untracked |  0
|  92|0x0000000730600000, 0x0000000730600000, 0x0000000730800000|  0%| F|  |TAMS 0x0000000730600000| PB 0x0000000730600000| Untracked |  0
|  93|0x0000000730800000, 0x0000000730800000, 0x0000000730a00000|  0%| F|  |TAMS 0x0000000730800000| PB 0x0000000730800000| Untracked |  0
|  94|0x0000000730a00000, 0x0000000730a00000, 0x0000000730c00000|  0%| F|  |TAMS 0x0000000730a00000| PB 0x0000000730a00000| Untracked |  0
|  95|0x0000000730c00000, 0x0000000730c00000, 0x0000000730e00000|  0%| F|  |TAMS 0x0000000730c00000| PB 0x0000000730c00000| Untracked |  0
|  96|0x0000000730e00000, 0x0000000731000000, 0x0000000731000000|100%| S|CS|TAMS 0x0000000730e00000| PB 0x0000000730e00000| Complete |  0
|  97|0x0000000731000000, 0x0000000731200000, 0x0000000731200000|100%| S|CS|TAMS 0x0000000731000000| PB 0x0000000731000000| Complete |  0
|  98|0x0000000731200000, 0x0000000731200000, 0x0000000731400000|  0%| F|  |TAMS 0x0000000731200000| PB 0x0000000731200000| Untracked |  0
|  99|0x0000000731400000, 0x0000000731400000, 0x0000000731600000|  0%| F|  |TAMS 0x0000000731400000| PB 0x0000000731400000| Untracked |  0
| 100|0x0000000731600000, 0x00000007316cb178, 0x0000000731800000| 39%| E|  |TAMS 0x0000000731600000| PB 0x0000000731600000| Complete |  0
| 101|0x0000000731800000, 0x0000000731a00000, 0x0000000731a00000|100%| E|CS|TAMS 0x0000000731800000| PB 0x0000000731800000| Complete |  0
| 102|0x0000000731a00000, 0x0000000731c00000, 0x0000000731c00000|100%| E|CS|TAMS 0x0000000731a00000| PB 0x0000000731a00000| Complete |  0
| 103|0x0000000731c00000, 0x0000000731e00000, 0x0000000731e00000|100%| E|CS|TAMS 0x0000000731c00000| PB 0x0000000731c00000| Complete |  0
| 104|0x0000000731e00000, 0x0000000732000000, 0x0000000732000000|100%| E|CS|TAMS 0x0000000731e00000| PB 0x0000000731e00000| Complete |  0
| 105|0x0000000732000000, 0x0000000732200000, 0x0000000732200000|100%| E|CS|TAMS 0x0000000732000000| PB 0x0000000732000000| Complete |  0
| 106|0x0000000732200000, 0x0000000732400000, 0x0000000732400000|100%| E|CS|TAMS 0x0000000732200000| PB 0x0000000732200000| Complete |  0
| 107|0x0000000732400000, 0x0000000732600000, 0x0000000732600000|100%| E|  |TAMS 0x0000000732400000| PB 0x0000000732400000| Complete |  0
| 108|0x0000000732600000, 0x0000000732800000, 0x0000000732800000|100%| E|CS|TAMS 0x0000000732600000| PB 0x0000000732600000| Complete |  0
| 109|0x0000000732800000, 0x0000000732a00000, 0x0000000732a00000|100%| E|CS|TAMS 0x0000000732800000| PB 0x0000000732800000| Complete |  0

Card table byte_map: [0x00000267589d0000,0x00000267590b0000] _byte_map_base: 0x00000267550a9000

Marking Bits: (CMBitMap*) 0x0000026740abd3b0
 Bits: [0x00000267590b0000, 0x000002675c778000)

Polling page: 0x000002673ea00000

Metaspace:

Usage:
  Non-class:      6.85 MB used.
      Class:    938.88 KB used.
       Both:      7.77 MB used.

Virtual space:
  Non-class space:       64.00 MB reserved,       6.94 MB ( 11%) committed,  1 nodes.
      Class space:        1.00 GB reserved,       1.00 MB ( <1%) committed,  1 nodes.
             Both:        1.06 GB reserved,       7.94 MB ( <1%) committed. 

Chunk freelists:
   Non-Class:  7.48 MB
       Class:  15.02 MB
        Both:  22.50 MB

MaxMetaspaceSize: unlimited
CompressedClassSpaceSize: 1.00 GB
Initial GC threshold: 21.00 MB
Current GC threshold: 21.00 MB
CDS: on
 - commit_granule_bytes: 65536.
 - commit_granule_words: 8192.
 - virtual_space_node_default_size: 8388608.
 - enlarge_chunks_in_place: 1.
 - use_allocation_guard: 0.


Internal statistics:

num_allocs_failed_limit: 0.
num_arena_births: 58.
num_arena_deaths: 0.
num_vsnodes_births: 2.
num_vsnodes_deaths: 0.
num_space_committed: 127.
num_space_uncommitted: 0.
num_chunks_returned_to_freelist: 0.
num_chunks_taken_from_freelist: 293.
num_chunk_merges: 0.
num_chunk_splits: 200.
num_chunks_enlarged: 171.
num_inconsistent_stats: 0.

CodeHeap 'non-profiled nmethods': size=120000Kb used=586Kb max_used=586Kb free=119413Kb
 bounds [0x0000026750870000, 0x0000026750ae0000, 0x0000026757da0000]
CodeHeap 'profiled nmethods': size=120000Kb used=2882Kb max_used=2882Kb free=117117Kb
 bounds [0x0000026748da0000, 0x0000026749080000, 0x00000267502d0000]
CodeHeap 'non-nmethods': size=5760Kb used=1366Kb max_used=1388Kb free=4393Kb
 bounds [0x00000267502d0000, 0x0000026750540000, 0x0000026750870000]
 total_blobs=2028 nmethods=1560 adapters=372
 compilation: enabled
              stopped_count=0, restarted_count=0
 full_count=0

Compilation events (20 events):
Event: 20.187 Thread 0x000002675f3ec8e0 nmethod 1559 0x000002674906d910 code [0x000002674906dac0, 0x000002674906df90]
Event: 20.187 Thread 0x000002675f3ec8e0 1560       3       com.google.inject.internal.KotlinSupport::getInstance (4 bytes)
Event: 20.187 Thread 0x000002675f3ec8e0 nmethod 1560 0x000002674906e110 code [0x000002674906e2a0, 0x000002674906e398]
Event: 20.188 Thread 0x000002675f3ec8e0 1561       3       java.util.HashMap$HashIterator::<init> (79 bytes)
Event: 20.188 Thread 0x000002675f3ec8e0 nmethod 1561 0x000002674906e410 code [0x000002674906e5c0, 0x000002674906e9d8]
Event: 20.188 Thread 0x000002675f3ec8e0 1562       3       com.google.common.collect.ImmutableCollection::<init> (5 bytes)
Event: 20.189 Thread 0x000002675f3ec8e0 nmethod 1562 0x000002674906eb10 code [0x000002674906ecc0, 0x000002674906ee88]
Event: 20.189 Thread 0x000002675f3eb050 nmethod 1551 0x00000267508ffb90 code [0x00000267508ffde0, 0x00000267509007c8]
Event: 20.189 Thread 0x000002675f3eb050 1558       4       java.util.HashMap::put (13 bytes)
Event: 20.191 Thread 0x000002675f3ec8e0 1563       3       java.util.Spliterators::spliterator (25 bytes)
Event: 20.191 Thread 0x000002675f3ec8e0 nmethod 1563 0x000002674906ef90 code [0x000002674906f160, 0x000002674906f4b8]
Event: 20.191 Thread 0x000002675f3ec8e0 1564       3       java.util.Spliterators::checkFromToBounds (74 bytes)
Event: 20.198 Thread 0x000002675f3ec8e0 nmethod 1564 0x000002674906f610 code [0x000002674906f8c0, 0x00000267490702b8]
Event: 20.210 Thread 0x000002675f3ec8e0 1565       3       java.util.Arrays$ArrayItr::hasNext (18 bytes)
Event: 20.218 Thread 0x000002675f3ec8e0 nmethod 1565 0x0000026749070710 code [0x00000267490708a0, 0x0000026749070a10]
Event: 20.221 Thread 0x000002675f3ec8e0 1566       1       java.lang.reflect.Constructor::getDeclaringClass (5 bytes)
Event: 20.225 Thread 0x000002675f3ec8e0 nmethod 1566 0x0000026750900f90 code [0x0000026750901120, 0x00000267509011f0]
Event: 20.407 Thread 0x000002675f3eb050 nmethod 1558 0x0000026750901290 code [0x00000267509014e0, 0x0000026750901f98]
Event: 20.407 Thread 0x000002675f3eb050 1557       4       java.lang.Class::getName (18 bytes)
Event: 20.408 Thread 0x000002675f3eb050 nmethod 1557 0x0000026750902690 code [0x0000026750902820, 0x00000267509028e0]

GC Heap History (2 events):
Event: 14.631 GC heap before
{Heap before GC invocations=0 (full 0):
 garbage-first heap   total reserved 3590144K, committed 225280K, used 24576K [0x0000000724e00000, 0x0000000800000000)
  region size 2048K, 12 young (24576K), 0 survivors (0K)
 Metaspace       used 5693K, committed 5888K, reserved 1114112K
  class space    used 676K, committed 768K, reserved 1048576K
}
Event: 14.899 GC heap after
{Heap after GC invocations=1 (full 0):
 garbage-first heap   total reserved 3590144K, committed 225280K, used 4096K [0x0000000724e00000, 0x0000000800000000)
  region size 2048K, 2 young (4096K), 2 survivors (4096K)
 Metaspace       used 5693K, committed 5888K, reserved 1114112K
  class space    used 676K, committed 768K, reserved 1048576K
}

Dll operation events (8 events):
Event: 2.074 Loaded shared library C:\Program Files\Java\jdk-22\bin\java.dll
Event: 3.204 Loaded shared library C:\Program Files\Java\jdk-22\bin\jsvml.dll
Event: 3.215 Loaded shared library C:\Program Files\Java\jdk-22\bin\net.dll
Event: 3.217 Loaded shared library C:\Program Files\Java\jdk-22\bin\nio.dll
Event: 3.227 Loaded shared library C:\Program Files\Java\jdk-22\bin\zip.dll
Event: 8.746 Loaded shared library C:\Program Files\Java\jdk-22\bin\jimage.dll
Event: 9.182 Loaded shared library C:\Program Files\NetBeans-21\netbeans\java\maven\lib\jansi-native\Windows\x86_64\jansi.dll
Event: 9.554 Loaded shared library C:\Program Files\Java\jdk-22\bin\verify.dll

Deoptimization events (20 events):
Event: 14.900 Thread 0x000002675f3de2d0 Uncommon trap: trap_request=0xffffff45 fr.pc=0x00000267508be9a0 relative=0x0000000000000180
Event: 14.900 Thread 0x000002675f3de2d0 Uncommon trap: reason=unstable_if action=reinterpret pc=0x00000267508be9a0 method=java.util.concurrent.locks.ReentrantLock$NonfairSync.initialTryLock()Z @ 25 c2
Event: 14.900 Thread 0x000002675f3de2d0 DEOPT PACKING pc=0x00000267508be9a0 sp=0x0000007bb79ff6a0
Event: 14.900 Thread 0x000002675f3de2d0 DEOPT UNPACKING pc=0x00000267503246a2 sp=0x0000007bb79ff640 mode 2
Event: 17.206 Thread 0x000002673e901970 Uncommon trap: trap_request=0xffffff45 fr.pc=0x00000267508e4c94 relative=0x0000000000000654
Event: 17.206 Thread 0x000002673e901970 Uncommon trap: reason=unstable_if action=reinterpret pc=0x00000267508e4c94 method=java.lang.String.<init>([CIILjava/lang/Void;)V @ 5 c2
Event: 17.207 Thread 0x000002673e901970 DEOPT PACKING pc=0x00000267508e4c94 sp=0x0000007bb71fe330
Event: 17.207 Thread 0x000002673e901970 DEOPT UNPACKING pc=0x00000267503246a2 sp=0x0000007bb71fe1d0 mode 2
Event: 17.314 Thread 0x000002673e901970 DEOPT PACKING pc=0x0000026748f6ed7f sp=0x0000007bb71fe520
Event: 17.314 Thread 0x000002673e901970 DEOPT UNPACKING pc=0x0000026750324e42 sp=0x0000007bb71fd990 mode 0
Event: 19.732 Thread 0x000002673e901970 DEOPT PACKING pc=0x0000026748f6da83 sp=0x0000007bb71fd710
Event: 19.732 Thread 0x000002673e901970 DEOPT UNPACKING pc=0x0000026750324e42 sp=0x0000007bb71fcc70 mode 0
Event: 19.733 Thread 0x000002673e901970 DEOPT PACKING pc=0x0000026748fdf17b sp=0x0000007bb71fe520
Event: 19.734 Thread 0x000002673e901970 DEOPT UNPACKING pc=0x0000026750324e42 sp=0x0000007bb71fd990 mode 0
Event: 19.746 Thread 0x000002673e901970 DEOPT PACKING pc=0x0000026748fdf17b sp=0x0000007bb71fe520
Event: 19.746 Thread 0x000002673e901970 DEOPT UNPACKING pc=0x0000026750324e42 sp=0x0000007bb71fd990 mode 0
Event: 19.973 Thread 0x000002673e901970 Uncommon trap: trap_request=0xffffffc6 fr.pc=0x00000267508e3130 relative=0x0000000000000330
Event: 19.973 Thread 0x000002673e901970 Uncommon trap: reason=bimorphic_or_optimized_type_check action=maybe_recompile pc=0x00000267508e3130 method=java.util.HashMap.getNode(Ljava/lang/Object;)Ljava/util/HashMap$Node; @ 63 c2
Event: 19.973 Thread 0x000002673e901970 DEOPT PACKING pc=0x00000267508e3130 sp=0x0000007bb71fe800
Event: 19.973 Thread 0x000002673e901970 DEOPT UNPACKING pc=0x00000267503246a2 sp=0x0000007bb71fe778 mode 2

Classes loaded (20 events):
Event: 15.519 Loading class sun/reflect/generics/reflectiveObjects/ParameterizedTypeImpl
Event: 15.526 Loading class sun/reflect/generics/reflectiveObjects/ParameterizedTypeImpl done
Event: 15.622 Loading class jdk/internal/foreign/MemorySessionImpl
Event: 15.687 Loading class java/lang/foreign/MemorySegment$Scope
Event: 15.687 Loading class java/lang/foreign/MemorySegment$Scope done
Event: 15.687 Loading class jdk/internal/foreign/MemorySessionImpl done
Event: 17.669 Loading class java/lang/Deprecated
Event: 17.669 Loading class java/lang/Deprecated done
Event: 19.787 Loading class java/lang/invoke/MethodHandle$1
Event: 19.864 Loading class java/lang/invoke/MethodHandle$1 done
Event: 19.951 Loading class sun/reflect/generics/tree/BottomSignature
Event: 19.951 Loading class sun/reflect/generics/tree/BottomSignature done
Event: 19.951 Loading class sun/reflect/generics/tree/Wildcard
Event: 19.951 Loading class sun/reflect/generics/tree/Wildcard done
Event: 19.951 Loading class sun/reflect/generics/reflectiveObjects/WildcardTypeImpl
Event: 19.951 Loading class sun/reflect/generics/reflectiveObjects/WildcardTypeImpl done
Event: 19.951 Loading class sun/reflect/annotation/AnnotatedTypeFactory$AnnotatedParameterizedTypeImpl
Event: 19.951 Loading class java/lang/reflect/AnnotatedParameterizedType
Event: 19.951 Loading class java/lang/reflect/AnnotatedParameterizedType done
Event: 19.951 Loading class sun/reflect/annotation/AnnotatedTypeFactory$AnnotatedParameterizedTypeImpl done

Classes unloaded (0 events):
No events

Classes redefined (0 events):
No events

Internal exceptions (20 events):
Event: 9.199 Thread 0x000002673e901970 Exception <a 'java/lang/NullPointerException'{0x00000007324f13b8}> (0x00000007324f13b8) 
thrown [s\open\src\hotspot\share\interpreter\linkResolver.cpp, line 1374]
Event: 9.199 Thread 0x000002673e901970 Exception <a 'java/lang/NullPointerException'{0x00000007324f1698}> (0x00000007324f1698) 
thrown [s\open\src\hotspot\share\interpreter\linkResolver.cpp, line 1374]
Event: 9.240 Thread 0x000002673e901970 Exception <a 'sun/nio/fs/WindowsException'{0x000000073251a798}> (0x000000073251a798) 
thrown [s\open\src\hotspot\share\prims\jni.cpp, line 520]
Event: 9.241 Thread 0x000002673e901970 Exception <a 'sun/nio/fs/WindowsException'{0x000000073251af70}> (0x000000073251af70) 
thrown [s\open\src\hotspot\share\prims\jni.cpp, line 520]
Event: 9.241 Thread 0x000002673e901970 Exception <a 'sun/nio/fs/WindowsException'{0x000000073251b598}> (0x000000073251b598) 
thrown [s\open\src\hotspot\share\prims\jni.cpp, line 520]
Event: 9.241 Thread 0x000002673e901970 Exception <a 'sun/nio/fs/WindowsException'{0x000000073251bb98}> (0x000000073251bb98) 
thrown [s\open\src\hotspot\share\prims\jni.cpp, line 520]
Event: 9.241 Thread 0x000002673e901970 Exception <a 'sun/nio/fs/WindowsException'{0x000000073251c110}> (0x000000073251c110) 
thrown [s\open\src\hotspot\share\prims\jni.cpp, line 520]
Event: 9.241 Thread 0x000002673e901970 Exception <a 'sun/nio/fs/WindowsException'{0x000000073251c668}> (0x000000073251c668) 
thrown [s\open\src\hotspot\share\prims\jni.cpp, line 520]
Event: 9.241 Thread 0x000002673e901970 Exception <a 'sun/nio/fs/WindowsException'{0x000000073251cb70}> (0x000000073251cb70) 
thrown [s\open\src\hotspot\share\prims\jni.cpp, line 520]
Event: 9.242 Thread 0x000002673e901970 Exception <a 'sun/nio/fs/WindowsException'{0x000000073251d030}> (0x000000073251d030) 
thrown [s\open\src\hotspot\share\prims\jni.cpp, line 520]
Event: 9.697 Thread 0x000002673e901970 Exception <a 'java/lang/NoSuchMethodError'{0x000000073258e998}: 'void java.lang.invoke.DirectMethodHandle$Holder.invokeStatic(java.lang.Object, java.lang.Object, java.lang.Object)'> (0x000000073258e998) 
thrown [s\open\src\hotspot\share\interpreter\linkResolver.cpp, line 774]
Event: 9.972 Thread 0x000002673e901970 Exception <a 'java/lang/NoSuchMethodError'{0x000000073233f6d8}: 'java.lang.Object java.lang.invoke.DirectMethodHandle$Holder.invokeSpecialIFC(java.lang.Object, java.lang.Object, java.lang.Object, java.lang.Object)'> (0x000000073233f6d8) 
thrown [s\open\src\hotspot\share\interpreter\linkResolver.cpp, line 774]
Event: 13.519 Thread 0x000002673e901970 Exception <a 'java/lang/NoSuchMethodError'{0x0000000731cb3b08}: 'void java.lang.invoke.DirectMethodHandle$Holder.invokeSpecial(java.lang.Object, java.lang.Object, java.lang.Object)'> (0x0000000731cb3b08) 
thrown [s\open\src\hotspot\share\interpreter\linkResolver.cpp, line 774]
Event: 13.925 Thread 0x000002673e901970 Exception <a 'java/lang/NoSuchMethodError'{0x0000000731df43b0}: 'java.lang.Object java.lang.invoke.DirectMethodHandle$Holder.invokeInterface(java.lang.Object, java.lang.Object)'> (0x0000000731df43b0) 
thrown [s\open\src\hotspot\share\interpreter\linkResolver.cpp, line 774]
Event: 13.973 Thread 0x000002673e901970 Exception <a 'java/lang/NoSuchMethodError'{0x0000000731a86620}: 'int java.lang.invoke.DirectMethodHandle$Holder.invokeStatic(java.lang.Object, java.lang.Object, java.lang.Object, java.lang.Object)'> (0x0000000731a86620) 
thrown [s\open\src\hotspot\share\interpreter\linkResolver.cpp, line 774]
Event: 13.973 Thread 0x000002673e901970 Exception <a 'java/lang/NoSuchMethodError'{0x0000000731a89ce0}: 'java.lang.Object java.lang.invoke.Invokers$Holder.invokeExact_MT(java.lang.Object, java.lang.Object, java.lang.Object, java.lang.Object, java.lang.Object, java.lang.Object)'> (0x0000000731a89ce0) 
thrown [s\open\src\hotspot\share\interpreter\linkResolver.cpp, line 774]
Event: 13.976 Thread 0x000002673e901970 Exception <a 'java/lang/NoSuchMethodError'{0x0000000731a98750}: 'int java.lang.invoke.DirectMethodHandle$Holder.invokeSpecialIFC(java.lang.Object, java.lang.Object, java.lang.Object, java.lang.Object, java.lang.Object)'> (0x0000000731a98750) 
thrown [s\open\src\hotspot\share\interpreter\linkResolver.cpp, line 774]
Event: 14.199 Thread 0x000002673e901970 Exception <a 'java/lang/NoSuchMethodError'{0x000000073180eab0}: 'java.lang.Object java.lang.invoke.DirectMethodHandle$Holder.newInvokeSpecial(java.lang.Object, java.lang.Object, java.lang.Object, java.lang.Object, java.lang.Object)'> (0x000000073180eab0) 
thrown [s\open\src\hotspot\share\interpreter\linkResolver.cpp, line 774]
Event: 14.298 Thread 0x000002673e901970 Exception <a 'java/lang/NoSuchMethodError'{0x0000000731904248}: 'int java.lang.invoke.DirectMethodHandle$Holder.invokeStaticInit(java.lang.Object, java.lang.Object)'> (0x0000000731904248) 
thrown [s\open\src\hotspot\share\interpreter\linkResolver.cpp, line 774]
Event: 14.310 Thread 0x000002673e901970 Exception <a 'java/lang/NoClassDefFoundError'{0x00000007319382c0}: javax/enterprise/inject/Typed> (0x00000007319382c0) 
thrown [s\open\src\hotspot\share\classfile\systemDictionary.cpp, line 302]

ZGC Phase Switch (0 events):
No events

VM Operations (20 events):
Event: 9.757 Executing VM operation: Cleanup
Event: 9.772 Executing VM operation: Cleanup done
Event: 10.778 Executing VM operation: Cleanup
Event: 10.778 Executing VM operation: Cleanup done
Event: 11.787 Executing VM operation: Cleanup
Event: 11.787 Executing VM operation: Cleanup done
Event: 13.797 Executing VM operation: Cleanup
Event: 13.828 Executing VM operation: Cleanup done
Event: 14.631 Executing VM operation: G1CollectForAllocation (G1 Evacuation Pause)
Event: 14.899 Executing VM operation: G1CollectForAllocation (G1 Evacuation Pause) done
Event: 15.906 Executing VM operation: Cleanup
Event: 15.906 Executing VM operation: Cleanup done
Event: 16.921 Executing VM operation: Cleanup
Event: 16.936 Executing VM operation: Cleanup done
Event: 17.953 Executing VM operation: Cleanup
Event: 17.953 Executing VM operation: Cleanup done
Event: 19.973 Executing VM operation: Cleanup
Event: 19.974 Executing VM operation: Cleanup done
Event: 20.140 Executing VM operation: HandshakeAllThreads (Deoptimize)
Event: 20.140 Executing VM operation: HandshakeAllThreads (Deoptimize) done

Events (13 events):
Event: 3.107 Thread 0x000002673e901970 Thread added: 0x000002673e901970
Event: 3.135 Thread 0x000002675f3de2d0 Thread added: 0x000002675f3de2d0
Event: 3.135 Thread 0x000002675f3df0f0 Thread added: 0x000002675f3df0f0
Event: 3.135 Thread 0x000002675f3e1ed0 Thread added: 0x000002675f3e1ed0
Event: 3.135 Thread 0x000002675f3e2b30 Thread added: 0x000002675f3e2b30
Event: 3.135 Thread 0x000002675f3e56a0 Thread added: 0x000002675f3e56a0
Event: 3.135 Thread 0x000002675f3e6100 Thread added: 0x000002675f3e6100
Event: 3.136 Thread 0x000002675f3eb050 Thread added: 0x000002675f3eb050
Event: 3.141 Thread 0x000002675f3ec8e0 Thread added: 0x000002675f3ec8e0
Event: 3.187 Thread 0x000002675f593090 Thread added: 0x000002675f593090
Event: 3.211 Thread 0x000002675f5d4cd0 Thread added: 0x000002675f5d4cd0
Event: 11.112 Thread 0x00000267a50e87d0 Thread added: 0x00000267a50e87d0
Event: 12.913 Thread 0x00000267a50e87d0 Thread exited: 0x00000267a50e87d0


Dynamic libraries:
0x00007ff7ed1d0000 - 0x00007ff7ed1e0000 	C:\Program Files\Java\jdk-22\bin\java.exe
0x00007ffc3f9d0000 - 0x00007ffc3fbe7000 	C:\WINDOWS\SYSTEM32\ntdll.dll
0x00007ffc3e920000 - 0x00007ffc3e9e4000 	C:\WINDOWS\System32\KERNEL32.DLL
0x00007ffc3cf80000 - 0x00007ffc3d327000 	C:\WINDOWS\System32\KERNELBASE.dll
0x00007ffc3ce60000 - 0x00007ffc3cf71000 	C:\WINDOWS\System32\ucrtbase.dll
0x00007ffbf78f0000 - 0x00007ffbf790b000 	C:\Program Files\Java\jdk-22\bin\VCRUNTIME140.dll
0x00007ffc0f400000 - 0x00007ffc0f417000 	C:\Program Files\Java\jdk-22\bin\jli.dll
0x00007ffc3e9f0000 - 0x00007ffc3eaa2000 	C:\WINDOWS\System32\ADVAPI32.dll
0x00007ffc3eab0000 - 0x00007ffc3eb57000 	C:\WINDOWS\System32\msvcrt.dll
0x00007ffc3dbc0000 - 0x00007ffc3dc68000 	C:\WINDOWS\System32\sechost.dll
0x00007ffc3ce30000 - 0x00007ffc3ce58000 	C:\WINDOWS\System32\bcrypt.dll
0x00007ffc3f650000 - 0x00007ffc3f765000 	C:\WINDOWS\System32\RPCRT4.dll
0x00007ffc3e520000 - 0x00007ffc3e6ce000 	C:\WINDOWS\System32\USER32.dll
0x00007ffc3d4c0000 - 0x00007ffc3d4e6000 	C:\WINDOWS\System32\win32u.dll
0x00007ffc3db70000 - 0x00007ffc3db99000 	C:\WINDOWS\System32\GDI32.dll
0x00007ffc3d3a0000 - 0x00007ffc3d4b9000 	C:\WINDOWS\System32\gdi32full.dll
0x00007ffc3d4f0000 - 0x00007ffc3d58a000 	C:\WINDOWS\System32\msvcp_win.dll
0x00007ffc10350000 - 0x00007ffc105e3000 	C:\WINDOWS\WinSxS\amd64_microsoft.windows.common-controls_6595b64144ccf1df_6.0.22621.3527_none_270e469b73872a76\COMCTL32.dll
0x00007ffc343d0000 - 0x00007ffc343da000 	C:\WINDOWS\SYSTEM32\VERSION.dll
0x00007ffc3f2b0000 - 0x00007ffc3f2e1000 	C:\WINDOWS\System32\IMM32.DLL
0x00007ffc0e880000 - 0x00007ffc0e88c000 	C:\Program Files\Java\jdk-22\bin\vcruntime140_1.dll
0x00007ffbd0ad0000 - 0x00007ffbd0b5e000 	C:\Program Files\Java\jdk-22\bin\msvcp140.dll
0x00007ffba99a0000 - 0x00007ffbaa6e8000 	C:\Program Files\Java\jdk-22\bin\server\jvm.dll
0x00007ffc3e6d0000 - 0x00007ffc3e741000 	C:\WINDOWS\System32\WS2_32.dll
0x00007ffc3cbb0000 - 0x00007ffc3cbfd000 	C:\WINDOWS\SYSTEM32\POWRPROF.dll
0x00007ffc345c0000 - 0x00007ffc345f4000 	C:\WINDOWS\SYSTEM32\WINMM.dll
0x00007ffc3cb90000 - 0x00007ffc3cba3000 	C:\WINDOWS\SYSTEM32\UMPDC.dll
0x00007ffc3bcd0000 - 0x00007ffc3bce8000 	C:\WINDOWS\SYSTEM32\kernel.appcore.dll
0x00007ffbf77d0000 - 0x00007ffbf77da000 	C:\Program Files\Java\jdk-22\bin\jimage.dll
0x00007ffc3a670000 - 0x00007ffc3a8a2000 	C:\WINDOWS\SYSTEM32\DBGHELP.DLL
0x00007ffc3d700000 - 0x00007ffc3da88000 	C:\WINDOWS\System32\combase.dll
0x00007ffc3da90000 - 0x00007ffc3db67000 	C:\WINDOWS\System32\OLEAUT32.dll
0x00007ffc2a930000 - 0x00007ffc2a962000 	C:\WINDOWS\SYSTEM32\dbgcore.DLL
0x00007ffc3cdb0000 - 0x00007ffc3ce29000 	C:\WINDOWS\System32\bcryptPrimitives.dll
0x00007ffbf78d0000 - 0x00007ffbf78ee000 	C:\Program Files\Java\jdk-22\bin\java.dll
0x00007ffc3dc70000 - 0x00007ffc3e4cc000 	C:\WINDOWS\System32\SHELL32.dll
0x00007ffc3f2f0000 - 0x00007ffc3f495000 	C:\WINDOWS\System32\ole32.dll
0x00007ffc3abe0000 - 0x00007ffc3b4d6000 	C:\WINDOWS\SYSTEM32\windows.storage.dll
0x00007ffc3aaa0000 - 0x00007ffc3abde000 	C:\WINDOWS\SYSTEM32\wintypes.dll
0x00007ffc3ed30000 - 0x00007ffc3ee25000 	C:\WINDOWS\System32\SHCORE.dll
0x00007ffc3ec60000 - 0x00007ffc3ecbe000 	C:\WINDOWS\System32\shlwapi.dll
0x00007ffc3cc20000 - 0x00007ffc3cc41000 	C:\WINDOWS\SYSTEM32\profapi.dll
0x00007ffbdd120000 - 0x00007ffbdd1f7000 	C:\Program Files\Java\jdk-22\bin\jsvml.dll
0x00007ffbf77c0000 - 0x00007ffbf77d0000 	C:\Program Files\Java\jdk-22\bin\net.dll
0x00007ffc3c130000 - 0x00007ffc3c199000 	C:\WINDOWS\system32\mswsock.dll
0x00007ffbdd100000 - 0x00007ffbdd116000 	C:\Program Files\Java\jdk-22\bin\nio.dll
0x00007ffbdd0e0000 - 0x00007ffbdd0f7000 	C:\Program Files\Java\jdk-22\bin\zip.dll
0x0000000069ac0000 - 0x0000000069ae4000 	C:\Program Files\NetBeans-21\netbeans\java\maven\lib\jansi-native\Windows\x86_64\jansi.dll
0x00007ffbf77b0000 - 0x00007ffbf77c0000 	C:\Program Files\Java\jdk-22\bin\verify.dll

dbghelp: loaded successfully - version: 4.0.5 - missing functions: none
symbol engine: initialized successfully - sym options: 0x614 - pdb path: .;C:\Program Files\Java\jdk-22\bin;C:\WINDOWS\SYSTEM32;C:\WINDOWS\WinSxS\amd64_microsoft.windows.common-controls_6595b64144ccf1df_6.0.22621.3527_none_270e469b73872a76;C:\Program Files\Java\jdk-22\bin\server;C:\Program Files\NetBeans-21\netbeans\java\maven\lib\jansi-native\Windows\x86_64

VM Arguments:
jvm_args: -Dclassworlds.conf=C:\Program Files\NetBeans-21\netbeans\java\maven\bin\m2.conf -Dmaven.home=C:\Program Files\NetBeans-21\netbeans\java\maven -Dlibrary.jansi.path=C:\Program Files\NetBeans-21\netbeans\java\maven\lib\jansi-native -Dmaven.multiModuleProjectDirectory=C:\Users\ADMIN\OneDrive\Documents\GitHub\Management_Project_Java\mavenproject1 
java_command: org.codehaus.plexus.classworlds.launcher.Launcher -Dexec.vmArgs=--enable-preview -Dexec.args=${exec.vmArgs} -classpath %classpath ${exec.mainClass} ${exec.appArgs} -Dexec.appArgs= -Dexec.mainClass=GUI.Login -Dexec.executable=C:\Program Files\Java\jdk-22\bin\java.exe -Dmaven.ext.class.path=C:\Program Files\NetBeans-21\netbeans\java\maven-nblib\netbeans-eventspy.jar --no-transfer-progress process-classes org.codehaus.mojo:exec-maven-plugin:3.1.0:exec
java_class_path (initial): C:\Program Files\NetBeans-21\netbeans\java\maven\boot\plexus-classworlds-2.7.0.jar
Launcher Type: SUN_STANDARD

[Global flags]
     intx CICompilerCount                          = 4                                         {product} {ergonomic}
     uint ConcGCThreads                            = 3                                         {product} {ergonomic}
     uint G1ConcRefinementThreads                  = 10                                        {product} {ergonomic}
   size_t G1HeapRegionSize                         = 2097152                                   {product} {ergonomic}
   size_t InitialHeapSize                          = 230686720                                 {product} {ergonomic}
   size_t MarkStackSize                            = 4194304                                   {product} {ergonomic}
   size_t MaxHeapSize                              = 3676307456                                {product} {ergonomic}
   size_t MaxNewSize                               = 2204106752                                {product} {ergonomic}
   size_t MinHeapDeltaBytes                        = 2097152                                   {product} {ergonomic}
   size_t MinHeapSize                              = 8388608                                   {product} {ergonomic}
    uintx NonNMethodCodeHeapSize                   = 5839372                                {pd product} {ergonomic}
    uintx NonProfiledCodeHeapSize                  = 122909434                              {pd product} {ergonomic}
    uintx ProfiledCodeHeapSize                     = 122909434                              {pd product} {ergonomic}
    uintx ReservedCodeCacheSize                    = 251658240                              {pd product} {ergonomic}
     bool SegmentedCodeCache                       = true                                      {product} {ergonomic}
   size_t SoftMaxHeapSize                          = 3676307456                             {manageable} {ergonomic}
     bool UseCompressedOops                        = true                           {product lp64_product} {ergonomic}
     bool UseG1GC                                  = true                                      {product} {ergonomic}
     bool UseLargePagesIndividualAllocation        = false                                  {pd product} {ergonomic}

Logging:
Log output configuration:
 #0: stdout all=warning uptime,level,tags foldmultilines=false
 #1: stderr all=off uptime,level,tags foldmultilines=false

Environment Variables:
JAVA_HOME=C:\Program Files\Java\jdk-22
PATH=C:\Program Files (x86)\VMware\VMware Workstation\bin\;C:\Program Files\Common Files\Oracle\Java\javapath;C:\Program Files (x86)\Common Files\Oracle\Java\javapath;C:\Windows\system32;C:\Windows;C:\Windows\System32\Wbem;C:\Windows\System32\WindowsPowerShell\v1.0\;C:\Windows\System32\OpenSSH\;C:\Program Files (x86)\NVIDIA Corporation\PhysX\Common;C:\Program Files\NVIDIA Corporation\NVIDIA NvDLISR;C:\msys64\mingw64\bin;C:\WINDOWS\system32;C:\WINDOWS;C:\WINDOWS\System32\Wbem;C:\WINDOWS\System32\WindowsPowerShell\v1.0\;C:\WINDOWS\System32\OpenSSH\;C:\Program Files (x86)\Microsoft SQL Server\110\Tools\Binn\;C:\Program Files\Microsoft SQL Server\110\Tools\Binn\;C:\Program Files\Microsoft SQL Server\110\DTS\Binn\;C:\Program Files (x86)\Microsoft SQL Server\110\Tools\Binn\ManagementStudio\;C:\Program Files (x86)\Microsoft SQL Server\110\DTS\Binn\;C:\Program Files\Microsoft SQL Server\150\Tools\Binn\;C:\Program Files\Microsoft SQL Server\Client SDK\ODBC\170\Tools\Binn\;C:\Program Files\dotnet\;C:\Program Files\Git\cmd;C:\Users\ADMIN\AppData\Local\Programs\Python\Python312\Scripts\;C:\Users\ADMIN\AppData\Local\Programs\Python\Python312\;C:\Users\ADMIN\AppData\Local\Programs\Python\Launcher\;C:\Users\ADMIN\AppData\Local\Microsoft\WindowsApps;C:\Users\ADMIN\.dotnet\tools;C:\Users\ADMIN\AppData\Local\Programs\Microsoft VS Code\bin;C:\Users\ADMIN\AppData\Local\GitHubDesktop\bin;C:\Program Files\Java\jdk-22\bin;
USERNAME=ADMIN
OS=Windows_NT
PROCESSOR_IDENTIFIER=AMD64 Family 25 Model 68 Stepping 1, AuthenticAMD
TMP=C:\Users\ADMIN\AppData\Local\Temp
TEMP=C:\Users\ADMIN\AppData\Local\Temp




Periodic native trim disabled

---------------  S Y S T E M  ---------------

OS:
 Windows 11 , 64 bit Build 22621 (10.0.22621.3527)
OS uptime: 1 days 1:44 hours
Hyper-V role detected

CPU: total 12 (initial active 12) (12 cores per cpu, 2 threads per core) family 25 model 68 stepping 1 microcode 0x0, cx8, cmov, fxsr, ht, mmx, 3dnowpref, sse, sse2, sse3, ssse3, sse4a, sse4.1, sse4.2, popcnt, lzcnt, tsc, tscinvbit, avx, avx2, aes, erms, clmul, bmi1, bmi2, adx, sha, fma, vzeroupper, clflush, clflushopt, hv, rdtscp, rdpid, fsrm, f16c, cet_ss
Processor Information for all 12 processors :
  Max Mhz: 3301, Current Mhz: 3301, Mhz Limit: 3301

Memory: 4k page, system-wide physical 14020M (1084M free)
TotalPageFile size 57028M (AvailPageFile size 2339M)
current process WorkingSet (physical memory assigned to process): 64M, peak: 79M
current process commit charge ("private bytes"): 326M, peak: 327M

vm_info: Java HotSpot(TM) 64-Bit Server VM (22+36-2370) for windows-amd64 JRE (22+36-2370), built on 2024-02-15T22:15:19Z by "mach5one" with MS VC++ 17.6 (VS2022)

END.
