#
# There is insufficient memory for the Java Runtime Environment to continue.
# Native memory allocation (malloc) failed to allocate 173776 bytes. Error detail: Chunk::new
# Possible reasons:
#   The system is out of physical RAM or swap space
#   This process is running with CompressedOops enabled, and the Java Heap may be blocking the growth of the native heap
# Possible solutions:
#   Reduce memory load on the system
#   Increase physical memory or swap space
#   Check if swap backing store is full
#   Decrease Java heap size (-Xmx/-Xms)
#   Decrease number of Java threads
#   Decrease Java thread stack sizes (-Xss)
#   Set larger code cache with -XX:ReservedCodeCacheSize=
#   JVM is running with Zero Based Compressed Oops mode in which the Java heap is
#     placed in the first 32GB address space. The Java Heap base address is the
#     maximum limit for the native heap growth. Please use -XX:HeapBaseMinAddress
#     to set the Java Heap base and to place the Java Heap above 32GB virtual address.
# This output file may be truncated or incomplete.
#
#  Out of Memory Error (arena.cpp:150), pid=48392, tid=49420
#
# JRE version: Java(TM) SE Runtime Environment (22.0+36) (build 22+36-2370)
# Java VM: Java HotSpot(TM) 64-Bit Server VM (22+36-2370, mixed mode, sharing, tiered, compressed oops, compressed class ptrs, g1 gc, windows-amd64)
# No core dump will be written. Minidumps are not enabled by default on client versions of Windows
#

---------------  S U M M A R Y ------------

Command Line: -Dclassworlds.conf=C:\Program Files\NetBeans-21\netbeans\java\maven\bin\m2.conf -Dmaven.home=C:\Program Files\NetBeans-21\netbeans\java\maven -Dlibrary.jansi.path=C:\Program Files\NetBeans-21\netbeans\java\maven\lib\jansi-native -Dmaven.multiModuleProjectDirectory=C:\Users\ADMIN\OneDrive\Documents\GitHub\Management_Project_Java\mavenproject1 org.codehaus.plexus.classworlds.launcher.Launcher -Dexec.vmArgs=--enable-preview -Dexec.args=${exec.vmArgs} -classpath %classpath ${exec.mainClass} ${exec.appArgs} -Dexec.appArgs= -Dexec.mainClass=GUI.Login -Dexec.executable=C:\Program Files\Java\jdk-22\bin\java.exe -Dmaven.ext.class.path=C:\Program Files\NetBeans-21\netbeans\java\maven-nblib\netbeans-eventspy.jar --no-transfer-progress process-classes org.codehaus.mojo:exec-maven-plugin:3.1.0:exec

Host: AMD Ryzen 5 6600HS Creator Edition             , 12 cores, 13G,  Windows 11 , 64 bit Build 22621 (10.0.22621.3527)
Time: Thu May 16 16:19:58 2024 SE Asia Standard Time elapsed time: 12.265373 seconds (0d 0h 0m 12s)

---------------  T H R E A D  ---------------

Current thread (0x0000026cde627780):  JavaThread "C2 CompilerThread0" daemon [_thread_in_native, id=49420, stack(0x0000007494800000,0x0000007494900000) (1024K)]


Current CompileTask:
C2:12265 2671   !   4       java.net.URL::<init> (543 bytes)

Stack: [0x0000007494800000,0x0000007494900000]
Native frames: (J=compiled Java code, j=interpreted, Vv=VM code, C=native code)
V  [jvm.dll+0x6e2349]  (no source info available)
V  [jvm.dll+0x874ed3]  (no source info available)
V  [jvm.dll+0x8772fe]  (no source info available)
V  [jvm.dll+0x8779d3]  (no source info available)
V  [jvm.dll+0x27fcb6]  (no source info available)
V  [jvm.dll+0xc3d0f]  (no source info available)
V  [jvm.dll+0xc3f6b]  (no source info available)
V  [jvm.dll+0x5ed717]  (no source info available)
V  [jvm.dll+0x387aea]  (no source info available)
V  [jvm.dll+0x386f2a]  (no source info available)
V  [jvm.dll+0x247908]  (no source info available)
V  [jvm.dll+0x246faf]  (no source info available)
V  [jvm.dll+0x1c4e90]  (no source info available)
V  [jvm.dll+0x25699e]  (no source info available)
V  [jvm.dll+0x254c5a]  (no source info available)
V  [jvm.dll+0x3f5426]  (no source info available)
V  [jvm.dll+0x81d50b]  (no source info available)
V  [jvm.dll+0x6e09e5]  (no source info available)
C  [ucrtbase.dll+0x29333]  (no source info available)
C  [KERNEL32.DLL+0x1257d]  (no source info available)
C  [ntdll.dll+0x5aa48]  (no source info available)


---------------  P R O C E S S  ---------------

Threads class SMR info:
_java_thread_list=0x0000026cde87b440, length=11, elements={
0x0000026cbda2f8b0, 0x0000026cde61ecc0, 0x0000026cde61fae0, 0x0000026cde6218b0,
0x0000026cde623520, 0x0000026cde625f90, 0x0000026cde6269f0, 0x0000026cde627780,
0x0000026cde628590, 0x0000026cde8858c0, 0x0000026cde888750
}

Java Threads: ( => current thread )
  0x0000026cbda2f8b0 JavaThread "main"                              [_thread_in_vm, id=49260, stack(0x0000007493a00000,0x0000007493b00000) (1024K)]
  0x0000026cde61ecc0 JavaThread "Reference Handler"          daemon [_thread_blocked, id=49396, stack(0x0000007494200000,0x0000007494300000) (1024K)]
  0x0000026cde61fae0 JavaThread "Finalizer"                  daemon [_thread_blocked, id=49400, stack(0x0000007494300000,0x0000007494400000) (1024K)]
  0x0000026cde6218b0 JavaThread "Signal Dispatcher"          daemon [_thread_blocked, id=49404, stack(0x0000007494400000,0x0000007494500000) (1024K)]
  0x0000026cde623520 JavaThread "Attach Listener"            daemon [_thread_blocked, id=49408, stack(0x0000007494500000,0x0000007494600000) (1024K)]
  0x0000026cde625f90 JavaThread "Service Thread"             daemon [_thread_blocked, id=49412, stack(0x0000007494600000,0x0000007494700000) (1024K)]
  0x0000026cde6269f0 JavaThread "Monitor Deflation Thread"   daemon [_thread_blocked, id=49416, stack(0x0000007494700000,0x0000007494800000) (1024K)]
=>0x0000026cde627780 JavaThread "C2 CompilerThread0"         daemon [_thread_in_native, id=49420, stack(0x0000007494800000,0x0000007494900000) (1024K)]
  0x0000026cde628590 JavaThread "C1 CompilerThread0"         daemon [_thread_blocked, id=49424, stack(0x0000007494900000,0x0000007494a00000) (1024K)]
  0x0000026cde8858c0 JavaThread "Notification Thread"        daemon [_thread_blocked, id=49444, stack(0x0000007494a00000,0x0000007494b00000) (1024K)]
  0x0000026cde888750 JavaThread "Common-Cleaner"             daemon [_thread_blocked, id=49460, stack(0x0000007494b00000,0x0000007494c00000) (1024K)]
Total: 11

Other Threads:
  0x0000026cde5ffe80 VMThread "VM Thread"                           [id=49388, stack(0x0000007494100000,0x0000007494200000) (1024K)]
  0x0000026cde5e81a0 WatcherThread "VM Periodic Task Thread"        [id=49376, stack(0x0000007494000000,0x0000007494100000) (1024K)]
  0x0000026cbfd0ba40 WorkerThread "GC Thread#0"                     [id=49332, stack(0x0000007493b00000,0x0000007493c00000) (1024K)]
  0x0000026d240f4fb0 WorkerThread "GC Thread#1"                     [id=50784, stack(0x0000007494c00000,0x0000007494d00000) (1024K)]
  0x0000026d240f5360 WorkerThread "GC Thread#2"                     [id=50788, stack(0x0000007494d00000,0x0000007494e00000) (1024K)]
  0x0000026d240f5710 WorkerThread "GC Thread#3"                     [id=50792, stack(0x0000007494e00000,0x0000007494f00000) (1024K)]
  0x0000026d240f5ed0 WorkerThread "GC Thread#4"                     [id=50796, stack(0x0000007494f00000,0x0000007495000000) (1024K)]
  0x0000026d2448fb80 WorkerThread "GC Thread#5"                     [id=50872, stack(0x0000007495000000,0x0000007495100000) (1024K)]
  0x0000026d2448ff30 WorkerThread "GC Thread#6"                     [id=50876, stack(0x0000007495100000,0x0000007495200000) (1024K)]
  0x0000026d244902e0 WorkerThread "GC Thread#7"                     [id=50880, stack(0x0000007495200000,0x0000007495300000) (1024K)]
  0x0000026d24490690 WorkerThread "GC Thread#8"                     [id=50884, stack(0x0000007495300000,0x0000007495400000) (1024K)]
  0x0000026d24c38de0 WorkerThread "GC Thread#9"                     [id=51444, stack(0x0000007495400000,0x0000007495500000) (1024K)]
  0x0000026cbfd1a540 ConcurrentGCThread "G1 Main Marker"            [id=49336, stack(0x0000007493c00000,0x0000007493d00000) (1024K)]
  0x0000026cbfd1b050 WorkerThread "G1 Conc#0"                       [id=49340, stack(0x0000007493d00000,0x0000007493e00000) (1024K)]
  0x0000026cde4ba130 ConcurrentGCThread "G1 Refine#0"               [id=49344, stack(0x0000007493e00000,0x0000007493f00000) (1024K)]
  0x0000026cde4bad70 ConcurrentGCThread "G1 Service"                [id=49348, stack(0x0000007493f00000,0x0000007494000000) (1024K)]
Total: 16

Threads with active compile tasks:
C2 CompilerThread0  12710 2671   !   4       java.net.URL::<init> (543 bytes)
Total: 1

VM state: not at safepoint (normal execution)

VM Mutex/Monitor currently owned by a thread:  ([mutex/lock_event])
[0x00007ffbaa60ab48] Metaspace_lock - owner thread: 0x0000026cbda2f8b0

Heap address: 0x0000000724e00000, size: 3506 MB, Compressed Oops mode: Zero based, Oop shift amount: 3

CDS archive(s) mapped at: [0x0000026cdf000000-0x0000026cdfc60000-0x0000026cdfc60000), size 12976128, SharedBaseAddress: 0x0000026cdf000000, ArchiveRelocationMode: 1.
Compressed class space mapped at: 0x0000026ce0000000-0x0000026d20000000, reserved size: 1073741824
Narrow klass base: 0x0000026cdf000000, Narrow klass shift: 0, Narrow klass range: 0x41000000

GC Precious Log:
 CardTable entry size: 512
 Card Set container configuration: InlinePtr #cards 4 size 8 Array Of Cards #cards 16 size 48 Howl #buckets 8 coarsen threshold 3686 Howl Bitmap #cards 512 size 80 coarsen threshold 460 Card regions per heap region 1 cards per card region 4096
 CPUs: 12 total, 12 available
 Memory: 14020M
 Large Page Support: Disabled
 NUMA Support: Disabled
 Compressed Oops: Enabled (Zero based)
 Heap Region Size: 2M
 Heap Min Capacity: 8M
 Heap Initial Capacity: 220M
 Heap Max Capacity: 3506M
 Pre-touch: Disabled
 Parallel Workers: 10
 Concurrent Workers: 3
 Concurrent Refinement Workers: 10
 Periodic GC: Disabled

Heap:
 garbage-first heap   total reserved 3590144K, committed 225280K, used 22700K [0x0000000724e00000, 0x0000000800000000)
  region size 2048K, 11 young (22528K), 2 survivors (4096K)
 Metaspace       used 13965K, committed 14144K, reserved 1114112K
  class space    used 1714K, committed 1792K, reserved 1048576K

Heap Regions: E=young(eden), S=young(survivor), O=old, HS=humongous(starts), HC=humongous(continues), CS=collection set, F=free, TAMS=top-at-mark-start, PB=parsable bottom
|   0|0x0000000724e00000, 0x0000000725000000, 0x0000000725000000|100%| O|  |TAMS 0x0000000724e00000| PB 0x0000000724e00000| Untracked |  0
|   1|0x0000000725000000, 0x00000007251c74e0, 0x0000000725200000| 88%| O|  |TAMS 0x0000000725000000| PB 0x0000000725000000| Untracked |  0
|   2|0x0000000725200000, 0x0000000725200000, 0x0000000725400000|  0%| F|  |TAMS 0x0000000725200000| PB 0x0000000725200000| Untracked |  0
|   3|0x0000000725400000, 0x0000000725400000, 0x0000000725600000|  0%| F|  |TAMS 0x0000000725400000| PB 0x0000000725400000| Untracked |  0
|   4|0x0000000725600000, 0x0000000725600000, 0x0000000725800000|  0%| F|  |TAMS 0x0000000725600000| PB 0x0000000725600000| Untracked |  0
|   5|0x0000000725800000, 0x0000000725800000, 0x0000000725a00000|  0%| F|  |TAMS 0x0000000725800000| PB 0x0000000725800000| Untracked |  0
|   6|0x0000000725a00000, 0x0000000725a00000, 0x0000000725c00000|  0%| F|  |TAMS 0x0000000725a00000| PB 0x0000000725a00000| Untracked |  0
|   7|0x0000000725c00000, 0x0000000725c00000, 0x0000000725e00000|  0%| F|  |TAMS 0x0000000725c00000| PB 0x0000000725c00000| Untracked |  0
|   8|0x0000000725e00000, 0x0000000725e00000, 0x0000000726000000|  0%| F|  |TAMS 0x0000000725e00000| PB 0x0000000725e00000| Untracked |  0
|   9|0x0000000726000000, 0x0000000726000000, 0x0000000726200000|  0%| F|  |TAMS 0x0000000726000000| PB 0x0000000726000000| Untracked |  0
|  10|0x0000000726200000, 0x0000000726200000, 0x0000000726400000|  0%| F|  |TAMS 0x0000000726200000| PB 0x0000000726200000| Untracked |  0
|  11|0x0000000726400000, 0x0000000726400000, 0x0000000726600000|  0%| F|  |TAMS 0x0000000726400000| PB 0x0000000726400000| Untracked |  0
|  12|0x0000000726600000, 0x0000000726600000, 0x0000000726800000|  0%| F|  |TAMS 0x0000000726600000| PB 0x0000000726600000| Untracked |  0
|  13|0x0000000726800000, 0x0000000726800000, 0x0000000726a00000|  0%| F|  |TAMS 0x0000000726800000| PB 0x0000000726800000| Untracked |  0
|  14|0x0000000726a00000, 0x0000000726a00000, 0x0000000726c00000|  0%| F|  |TAMS 0x0000000726a00000| PB 0x0000000726a00000| Untracked |  0
|  15|0x0000000726c00000, 0x0000000726c00000, 0x0000000726e00000|  0%| F|  |TAMS 0x0000000726c00000| PB 0x0000000726c00000| Untracked |  0
|  16|0x0000000726e00000, 0x0000000726e00000, 0x0000000727000000|  0%| F|  |TAMS 0x0000000726e00000| PB 0x0000000726e00000| Untracked |  0
|  17|0x0000000727000000, 0x0000000727000000, 0x0000000727200000|  0%| F|  |TAMS 0x0000000727000000| PB 0x0000000727000000| Untracked |  0
|  18|0x0000000727200000, 0x0000000727200000, 0x0000000727400000|  0%| F|  |TAMS 0x0000000727200000| PB 0x0000000727200000| Untracked |  0
|  19|0x0000000727400000, 0x0000000727400000, 0x0000000727600000|  0%| F|  |TAMS 0x0000000727400000| PB 0x0000000727400000| Untracked |  0
|  20|0x0000000727600000, 0x0000000727600000, 0x0000000727800000|  0%| F|  |TAMS 0x0000000727600000| PB 0x0000000727600000| Untracked |  0
|  21|0x0000000727800000, 0x0000000727800000, 0x0000000727a00000|  0%| F|  |TAMS 0x0000000727800000| PB 0x0000000727800000| Untracked |  0
|  22|0x0000000727a00000, 0x0000000727a00000, 0x0000000727c00000|  0%| F|  |TAMS 0x0000000727a00000| PB 0x0000000727a00000| Untracked |  0
|  23|0x0000000727c00000, 0x0000000727c00000, 0x0000000727e00000|  0%| F|  |TAMS 0x0000000727c00000| PB 0x0000000727c00000| Untracked |  0
|  24|0x0000000727e00000, 0x0000000727e00000, 0x0000000728000000|  0%| F|  |TAMS 0x0000000727e00000| PB 0x0000000727e00000| Untracked |  0
|  25|0x0000000728000000, 0x0000000728000000, 0x0000000728200000|  0%| F|  |TAMS 0x0000000728000000| PB 0x0000000728000000| Untracked |  0
|  26|0x0000000728200000, 0x0000000728200000, 0x0000000728400000|  0%| F|  |TAMS 0x0000000728200000| PB 0x0000000728200000| Untracked |  0
|  27|0x0000000728400000, 0x0000000728400000, 0x0000000728600000|  0%| F|  |TAMS 0x0000000728400000| PB 0x0000000728400000| Untracked |  0
|  28|0x0000000728600000, 0x0000000728600000, 0x0000000728800000|  0%| F|  |TAMS 0x0000000728600000| PB 0x0000000728600000| Untracked |  0
|  29|0x0000000728800000, 0x0000000728800000, 0x0000000728a00000|  0%| F|  |TAMS 0x0000000728800000| PB 0x0000000728800000| Untracked |  0
|  30|0x0000000728a00000, 0x0000000728a00000, 0x0000000728c00000|  0%| F|  |TAMS 0x0000000728a00000| PB 0x0000000728a00000| Untracked |  0
|  31|0x0000000728c00000, 0x0000000728c00000, 0x0000000728e00000|  0%| F|  |TAMS 0x0000000728c00000| PB 0x0000000728c00000| Untracked |  0
|  32|0x0000000728e00000, 0x0000000728e00000, 0x0000000729000000|  0%| F|  |TAMS 0x0000000728e00000| PB 0x0000000728e00000| Untracked |  0
|  33|0x0000000729000000, 0x0000000729000000, 0x0000000729200000|  0%| F|  |TAMS 0x0000000729000000| PB 0x0000000729000000| Untracked |  0
|  34|0x0000000729200000, 0x0000000729200000, 0x0000000729400000|  0%| F|  |TAMS 0x0000000729200000| PB 0x0000000729200000| Untracked |  0
|  35|0x0000000729400000, 0x0000000729400000, 0x0000000729600000|  0%| F|  |TAMS 0x0000000729400000| PB 0x0000000729400000| Untracked |  0
|  36|0x0000000729600000, 0x0000000729600000, 0x0000000729800000|  0%| F|  |TAMS 0x0000000729600000| PB 0x0000000729600000| Untracked |  0
|  37|0x0000000729800000, 0x0000000729800000, 0x0000000729a00000|  0%| F|  |TAMS 0x0000000729800000| PB 0x0000000729800000| Untracked |  0
|  38|0x0000000729a00000, 0x0000000729a00000, 0x0000000729c00000|  0%| F|  |TAMS 0x0000000729a00000| PB 0x0000000729a00000| Untracked |  0
|  39|0x0000000729c00000, 0x0000000729c00000, 0x0000000729e00000|  0%| F|  |TAMS 0x0000000729c00000| PB 0x0000000729c00000| Untracked |  0
|  40|0x0000000729e00000, 0x0000000729e00000, 0x000000072a000000|  0%| F|  |TAMS 0x0000000729e00000| PB 0x0000000729e00000| Untracked |  0
|  41|0x000000072a000000, 0x000000072a000000, 0x000000072a200000|  0%| F|  |TAMS 0x000000072a000000| PB 0x000000072a000000| Untracked |  0
|  42|0x000000072a200000, 0x000000072a200000, 0x000000072a400000|  0%| F|  |TAMS 0x000000072a200000| PB 0x000000072a200000| Untracked |  0
|  43|0x000000072a400000, 0x000000072a400000, 0x000000072a600000|  0%| F|  |TAMS 0x000000072a400000| PB 0x000000072a400000| Untracked |  0
|  44|0x000000072a600000, 0x000000072a600000, 0x000000072a800000|  0%| F|  |TAMS 0x000000072a600000| PB 0x000000072a600000| Untracked |  0
|  45|0x000000072a800000, 0x000000072a800000, 0x000000072aa00000|  0%| F|  |TAMS 0x000000072a800000| PB 0x000000072a800000| Untracked |  0
|  46|0x000000072aa00000, 0x000000072aa00000, 0x000000072ac00000|  0%| F|  |TAMS 0x000000072aa00000| PB 0x000000072aa00000| Untracked |  0
|  47|0x000000072ac00000, 0x000000072ac00000, 0x000000072ae00000|  0%| F|  |TAMS 0x000000072ac00000| PB 0x000000072ac00000| Untracked |  0
|  48|0x000000072ae00000, 0x000000072ae00000, 0x000000072b000000|  0%| F|  |TAMS 0x000000072ae00000| PB 0x000000072ae00000| Untracked |  0
|  49|0x000000072b000000, 0x000000072b000000, 0x000000072b200000|  0%| F|  |TAMS 0x000000072b000000| PB 0x000000072b000000| Untracked |  0
|  50|0x000000072b200000, 0x000000072b200000, 0x000000072b400000|  0%| F|  |TAMS 0x000000072b200000| PB 0x000000072b200000| Untracked |  0
|  51|0x000000072b400000, 0x000000072b400000, 0x000000072b600000|  0%| F|  |TAMS 0x000000072b400000| PB 0x000000072b400000| Untracked |  0
|  52|0x000000072b600000, 0x000000072b600000, 0x000000072b800000|  0%| F|  |TAMS 0x000000072b600000| PB 0x000000072b600000| Untracked |  0
|  53|0x000000072b800000, 0x000000072b800000, 0x000000072ba00000|  0%| F|  |TAMS 0x000000072b800000| PB 0x000000072b800000| Untracked |  0
|  54|0x000000072ba00000, 0x000000072ba00000, 0x000000072bc00000|  0%| F|  |TAMS 0x000000072ba00000| PB 0x000000072ba00000| Untracked |  0
|  55|0x000000072bc00000, 0x000000072bc00000, 0x000000072be00000|  0%| F|  |TAMS 0x000000072bc00000| PB 0x000000072bc00000| Untracked |  0
|  56|0x000000072be00000, 0x000000072be00000, 0x000000072c000000|  0%| F|  |TAMS 0x000000072be00000| PB 0x000000072be00000| Untracked |  0
|  57|0x000000072c000000, 0x000000072c000000, 0x000000072c200000|  0%| F|  |TAMS 0x000000072c000000| PB 0x000000072c000000| Untracked |  0
|  58|0x000000072c200000, 0x000000072c200000, 0x000000072c400000|  0%| F|  |TAMS 0x000000072c200000| PB 0x000000072c200000| Untracked |  0
|  59|0x000000072c400000, 0x000000072c400000, 0x000000072c600000|  0%| F|  |TAMS 0x000000072c400000| PB 0x000000072c400000| Untracked |  0
|  60|0x000000072c600000, 0x000000072c600000, 0x000000072c800000|  0%| F|  |TAMS 0x000000072c600000| PB 0x000000072c600000| Untracked |  0
|  61|0x000000072c800000, 0x000000072c800000, 0x000000072ca00000|  0%| F|  |TAMS 0x000000072c800000| PB 0x000000072c800000| Untracked |  0
|  62|0x000000072ca00000, 0x000000072ca00000, 0x000000072cc00000|  0%| F|  |TAMS 0x000000072ca00000| PB 0x000000072ca00000| Untracked |  0
|  63|0x000000072cc00000, 0x000000072cc00000, 0x000000072ce00000|  0%| F|  |TAMS 0x000000072cc00000| PB 0x000000072cc00000| Untracked |  0
|  64|0x000000072ce00000, 0x000000072ce00000, 0x000000072d000000|  0%| F|  |TAMS 0x000000072ce00000| PB 0x000000072ce00000| Untracked |  0
|  65|0x000000072d000000, 0x000000072d000000, 0x000000072d200000|  0%| F|  |TAMS 0x000000072d000000| PB 0x000000072d000000| Untracked |  0
|  66|0x000000072d200000, 0x000000072d200000, 0x000000072d400000|  0%| F|  |TAMS 0x000000072d200000| PB 0x000000072d200000| Untracked |  0
|  67|0x000000072d400000, 0x000000072d400000, 0x000000072d600000|  0%| F|  |TAMS 0x000000072d400000| PB 0x000000072d400000| Untracked |  0
|  68|0x000000072d600000, 0x000000072d600000, 0x000000072d800000|  0%| F|  |TAMS 0x000000072d600000| PB 0x000000072d600000| Untracked |  0
|  69|0x000000072d800000, 0x000000072d800000, 0x000000072da00000|  0%| F|  |TAMS 0x000000072d800000| PB 0x000000072d800000| Untracked |  0
|  70|0x000000072da00000, 0x000000072da00000, 0x000000072dc00000|  0%| F|  |TAMS 0x000000072da00000| PB 0x000000072da00000| Untracked |  0
|  71|0x000000072dc00000, 0x000000072dc00000, 0x000000072de00000|  0%| F|  |TAMS 0x000000072dc00000| PB 0x000000072dc00000| Untracked |  0
|  72|0x000000072de00000, 0x000000072de00000, 0x000000072e000000|  0%| F|  |TAMS 0x000000072de00000| PB 0x000000072de00000| Untracked |  0
|  73|0x000000072e000000, 0x000000072e000000, 0x000000072e200000|  0%| F|  |TAMS 0x000000072e000000| PB 0x000000072e000000| Untracked |  0
|  74|0x000000072e200000, 0x000000072e200000, 0x000000072e400000|  0%| F|  |TAMS 0x000000072e200000| PB 0x000000072e200000| Untracked |  0
|  75|0x000000072e400000, 0x000000072e400000, 0x000000072e600000|  0%| F|  |TAMS 0x000000072e400000| PB 0x000000072e400000| Untracked |  0
|  76|0x000000072e600000, 0x000000072e600000, 0x000000072e800000|  0%| F|  |TAMS 0x000000072e600000| PB 0x000000072e600000| Untracked |  0
|  77|0x000000072e800000, 0x000000072e800000, 0x000000072ea00000|  0%| F|  |TAMS 0x000000072e800000| PB 0x000000072e800000| Untracked |  0
|  78|0x000000072ea00000, 0x000000072ea00000, 0x000000072ec00000|  0%| F|  |TAMS 0x000000072ea00000| PB 0x000000072ea00000| Untracked |  0
|  79|0x000000072ec00000, 0x000000072ec00000, 0x000000072ee00000|  0%| F|  |TAMS 0x000000072ec00000| PB 0x000000072ec00000| Untracked |  0
|  80|0x000000072ee00000, 0x000000072ee00000, 0x000000072f000000|  0%| F|  |TAMS 0x000000072ee00000| PB 0x000000072ee00000| Untracked |  0
|  81|0x000000072f000000, 0x000000072f000000, 0x000000072f200000|  0%| F|  |TAMS 0x000000072f000000| PB 0x000000072f000000| Untracked |  0
|  82|0x000000072f200000, 0x000000072f200000, 0x000000072f400000|  0%| F|  |TAMS 0x000000072f200000| PB 0x000000072f200000| Untracked |  0
|  83|0x000000072f400000, 0x000000072f400000, 0x000000072f600000|  0%| F|  |TAMS 0x000000072f400000| PB 0x000000072f400000| Untracked |  0
|  84|0x000000072f600000, 0x000000072f600000, 0x000000072f800000|  0%| F|  |TAMS 0x000000072f600000| PB 0x000000072f600000| Untracked |  0
|  85|0x000000072f800000, 0x000000072f800000, 0x000000072fa00000|  0%| F|  |TAMS 0x000000072f800000| PB 0x000000072f800000| Untracked |  0
|  86|0x000000072fa00000, 0x000000072fa00000, 0x000000072fc00000|  0%| F|  |TAMS 0x000000072fa00000| PB 0x000000072fa00000| Untracked |  0
|  87|0x000000072fc00000, 0x000000072fc00000, 0x000000072fe00000|  0%| F|  |TAMS 0x000000072fc00000| PB 0x000000072fc00000| Untracked |  0
|  88|0x000000072fe00000, 0x000000072fe00000, 0x0000000730000000|  0%| F|  |TAMS 0x000000072fe00000| PB 0x000000072fe00000| Untracked |  0
|  89|0x0000000730000000, 0x0000000730000000, 0x0000000730200000|  0%| F|  |TAMS 0x0000000730000000| PB 0x0000000730000000| Untracked |  0
|  90|0x0000000730200000, 0x0000000730263c00, 0x0000000730400000| 19%| S|CS|TAMS 0x0000000730200000| PB 0x0000000730200000| Complete |  0
|  91|0x0000000730400000, 0x0000000730600000, 0x0000000730600000|100%| S|CS|TAMS 0x0000000730400000| PB 0x0000000730400000| Complete |  0
|  92|0x0000000730600000, 0x0000000730600000, 0x0000000730800000|  0%| F|  |TAMS 0x0000000730600000| PB 0x0000000730600000| Untracked |  0
|  93|0x0000000730800000, 0x0000000730800000, 0x0000000730a00000|  0%| F|  |TAMS 0x0000000730800000| PB 0x0000000730800000| Untracked |  0
|  94|0x0000000730a00000, 0x0000000730a00000, 0x0000000730c00000|  0%| F|  |TAMS 0x0000000730a00000| PB 0x0000000730a00000| Untracked |  0
|  95|0x0000000730c00000, 0x0000000730c00000, 0x0000000730e00000|  0%| F|  |TAMS 0x0000000730c00000| PB 0x0000000730c00000| Untracked |  0
|  96|0x0000000730e00000, 0x0000000730e00000, 0x0000000731000000|  0%| F|  |TAMS 0x0000000730e00000| PB 0x0000000730e00000| Untracked |  0
|  97|0x0000000731000000, 0x0000000731000000, 0x0000000731200000|  0%| F|  |TAMS 0x0000000731000000| PB 0x0000000731000000| Untracked |  0
|  98|0x0000000731200000, 0x0000000731200000, 0x0000000731400000|  0%| F|  |TAMS 0x0000000731200000| PB 0x0000000731200000| Untracked |  0
|  99|0x0000000731400000, 0x0000000731400000, 0x0000000731600000|  0%| F|  |TAMS 0x0000000731400000| PB 0x0000000731400000| Untracked |  0
| 100|0x0000000731600000, 0x0000000731600000, 0x0000000731800000|  0%| F|  |TAMS 0x0000000731600000| PB 0x0000000731600000| Untracked |  0
| 101|0x0000000731800000, 0x0000000731941910, 0x0000000731a00000| 62%| E|  |TAMS 0x0000000731800000| PB 0x0000000731800000| Complete |  0
| 102|0x0000000731a00000, 0x0000000731c00000, 0x0000000731c00000|100%| E|CS|TAMS 0x0000000731a00000| PB 0x0000000731a00000| Complete |  0
| 103|0x0000000731c00000, 0x0000000731e00000, 0x0000000731e00000|100%| E|CS|TAMS 0x0000000731c00000| PB 0x0000000731c00000| Complete |  0
| 104|0x0000000731e00000, 0x0000000732000000, 0x0000000732000000|100%| E|CS|TAMS 0x0000000731e00000| PB 0x0000000731e00000| Complete |  0
| 105|0x0000000732000000, 0x0000000732200000, 0x0000000732200000|100%| E|CS|TAMS 0x0000000732000000| PB 0x0000000732000000| Complete |  0
| 106|0x0000000732200000, 0x0000000732400000, 0x0000000732400000|100%| E|CS|TAMS 0x0000000732200000| PB 0x0000000732200000| Complete |  0
| 107|0x0000000732400000, 0x0000000732600000, 0x0000000732600000|100%| E|CS|TAMS 0x0000000732400000| PB 0x0000000732400000| Complete |  0
| 108|0x0000000732600000, 0x0000000732800000, 0x0000000732800000|100%| E|CS|TAMS 0x0000000732600000| PB 0x0000000732600000| Complete |  0
| 109|0x0000000732800000, 0x0000000732a00000, 0x0000000732a00000|100%| E|CS|TAMS 0x0000000732800000| PB 0x0000000732800000| Complete |  0

Card table byte_map: [0x0000026cd7c20000,0x0000026cd8300000] _byte_map_base: 0x0000026cd42f9000

Marking Bits: (CMBitMap*) 0x0000026cbfd0c150
 Bits: [0x0000026cd8300000, 0x0000026cdb9c8000)

Polling page: 0x0000026cbdc00000

Metaspace:

Usage:
  Non-class:     11.96 MB used.
      Class:      1.67 MB used.
       Both:     13.64 MB used.

Virtual space:
  Non-class space:       64.00 MB reserved,      12.06 MB ( 19%) committed,  1 nodes.
      Class space:        1.00 GB reserved,       1.75 MB ( <1%) committed,  1 nodes.
             Both:        1.06 GB reserved,      13.81 MB (  1%) committed. 

Chunk freelists:
   Non-Class:  3.17 MB
       Class:  14.06 MB
        Both:  17.24 MB

MaxMetaspaceSize: unlimited
CompressedClassSpaceSize: 1.00 GB
Initial GC threshold: 21.00 MB
Current GC threshold: 21.00 MB
CDS: on
 - commit_granule_bytes: 65536.
 - commit_granule_words: 8192.
 - virtual_space_node_default_size: 8388608.
 - enlarge_chunks_in_place: 1.
 - use_allocation_guard: 0.


Internal statistics:

num_allocs_failed_limit: 0.
num_arena_births: 134.
num_arena_deaths: 0.
num_vsnodes_births: 2.
num_vsnodes_deaths: 0.
num_space_committed: 221.
num_space_uncommitted: 0.
num_chunks_returned_to_freelist: 0.
num_chunks_taken_from_freelist: 589.
num_chunk_merges: 0.
num_chunk_splits: 411.
num_chunks_enlarged: 346.
num_inconsistent_stats: 0.

CodeHeap 'non-profiled nmethods': size=120000Kb used=944Kb max_used=944Kb free=119055Kb
 bounds [0x0000026ccfac0000, 0x0000026ccfd30000, 0x0000026cd6ff0000]
CodeHeap 'profiled nmethods': size=120000Kb used=5144Kb max_used=5144Kb free=114855Kb
 bounds [0x0000026cc7ff0000, 0x0000026cc8500000, 0x0000026ccf520000]
CodeHeap 'non-nmethods': size=5760Kb used=1395Kb max_used=1406Kb free=4365Kb
 bounds [0x0000026ccf520000, 0x0000026ccf790000, 0x0000026ccfac0000]
 total_blobs=3200 nmethods=2712 adapters=392
 compilation: enabled
              stopped_count=0, restarted_count=0
 full_count=0

Compilation events (20 events):
Event: 10.055 Thread 0x0000026cde628590 2672       3       java.lang.Character::isSurrogate (18 bytes)
Event: 10.056 Thread 0x0000026cde628590 nmethod 2672 0x0000026cc84d2a90 code [0x0000026cc84d2c20, 0x0000026cc84d2d98]
Event: 10.056 Thread 0x0000026cde628590 2674       3       org.codehaus.plexus.util.xml.pull.MXParser::more (106 bytes)
Event: 10.056 Thread 0x0000026cde628590 nmethod 2674 0x0000026cc84d2e10 code [0x0000026cc84d3060, 0x0000026cc84d3780]
Event: 10.056 Thread 0x0000026cde628590 2673       3       java.util.regex.Pattern$Slice::match (79 bytes)
Event: 10.057 Thread 0x0000026cde628590 nmethod 2673 0x0000026cc84d3a90 code [0x0000026cc84d3c60, 0x0000026cc84d40f0]
Event: 10.117 Thread 0x0000026cde628590 2675       3       java.util.regex.Pattern$$Lambda/0x0000026ce0059638::is (5 bytes)
Event: 10.117 Thread 0x0000026cde628590 nmethod 2675 0x0000026cc84d4290 code [0x0000026cc84d4440, 0x0000026cc84d4698]
Event: 10.117 Thread 0x0000026cde628590 2676       3       java.util.regex.Pattern::lambda$DOT$11 (34 bytes)
Event: 10.118 Thread 0x0000026cde628590 nmethod 2676 0x0000026cc84d4790 code [0x0000026cc84d4920, 0x0000026cc84d4af8]
Event: 11.028 Thread 0x0000026cde628590 2678       1       org.apache.commons.cli.Option::getOpt (5 bytes)
Event: 11.029 Thread 0x0000026cde628590 nmethod 2678 0x0000026ccfbab110 code [0x0000026ccfbab2a0, 0x0000026ccfbab370]
Event: 11.034 Thread 0x0000026cde628590 2679       3       java.util.concurrent.ConcurrentHashMap$MapEntry::<init> (20 bytes)
Event: 11.034 Thread 0x0000026cde628590 nmethod 2679 0x0000026cc84d4b90 code [0x0000026cc84d4d40, 0x0000026cc84d4fd8]
Event: 11.034 Thread 0x0000026cde628590 2680       3       java.util.concurrent.ConcurrentHashMap$EntryIterator::next (51 bytes)
Event: 11.035 Thread 0x0000026cde628590 nmethod 2680 0x0000026cc84d5090 code [0x0000026cc84d5280, 0x0000026cc84d57c8]
Event: 11.040 Thread 0x0000026cde628590 2681       3       com.google.inject.internal.InjectorImpl::getProviderOrThrow (35 bytes)
Event: 11.041 Thread 0x0000026cde628590 nmethod 2681 0x0000026cc84d5990 code [0x0000026cc84d5b60, 0x0000026cc84d5fc8]
Event: 11.041 Thread 0x0000026cde628590 2682       3       org.eclipse.sisu.bean.BeanPropertyIterator::hasNext (127 bytes)
Event: 11.041 Thread 0x0000026cde628590 nmethod 2682 0x0000026cc84d6190 code [0x0000026cc84d6420, 0x0000026cc84d7598]

GC Heap History (4 events):
Event: 5.809 GC heap before
{Heap before GC invocations=0 (full 0):
 garbage-first heap   total reserved 3590144K, committed 225280K, used 24576K [0x0000000724e00000, 0x0000000800000000)
  region size 2048K, 12 young (24576K), 0 survivors (0K)
 Metaspace       used 5728K, committed 5888K, reserved 1114112K
  class space    used 677K, committed 768K, reserved 1048576K
}
Event: 5.891 GC heap after
{Heap after GC invocations=1 (full 0):
 garbage-first heap   total reserved 3590144K, committed 225280K, used 4047K [0x0000000724e00000, 0x0000000800000000)
  region size 2048K, 2 young (4096K), 2 survivors (4096K)
 Metaspace       used 5728K, committed 5888K, reserved 1114112K
  class space    used 677K, committed 768K, reserved 1048576K
}
Event: 8.235 GC heap before
{Heap before GC invocations=1 (full 0):
 garbage-first heap   total reserved 3590144K, committed 225280K, used 34767K [0x0000000724e00000, 0x0000000800000000)
  region size 2048K, 18 young (36864K), 2 survivors (4096K)
 Metaspace       used 10740K, committed 10944K, reserved 1114112K
  class space    used 1300K, committed 1408K, reserved 1048576K
}
Event: 8.242 GC heap after
{Heap after GC invocations=2 (full 0):
 garbage-first heap   total reserved 3590144K, committed 225280K, used 6316K [0x0000000724e00000, 0x0000000800000000)
  region size 2048K, 2 young (4096K), 2 survivors (4096K)
 Metaspace       used 10740K, committed 10944K, reserved 1114112K
  class space    used 1300K, committed 1408K, reserved 1048576K
}

Dll operation events (8 events):
Event: 0.060 Loaded shared library C:\Program Files\Java\jdk-22\bin\java.dll
Event: 0.232 Loaded shared library C:\Program Files\Java\jdk-22\bin\jsvml.dll
Event: 0.281 Loaded shared library C:\Program Files\Java\jdk-22\bin\net.dll
Event: 0.285 Loaded shared library C:\Program Files\Java\jdk-22\bin\nio.dll
Event: 0.911 Loaded shared library C:\Program Files\Java\jdk-22\bin\zip.dll
Event: 4.195 Loaded shared library C:\Program Files\Java\jdk-22\bin\jimage.dll
Event: 4.227 Loaded shared library C:\Program Files\NetBeans-21\netbeans\java\maven\lib\jansi-native\Windows\x86_64\jansi.dll
Event: 4.265 Loaded shared library C:\Program Files\Java\jdk-22\bin\verify.dll

Deoptimization events (20 events):
Event: 9.879 Thread 0x0000026cbda2f8b0 Uncommon trap: trap_request=0xffffff45 fr.pc=0x0000026ccfb72490 relative=0x0000000000000c30
Event: 9.879 Thread 0x0000026cbda2f8b0 Uncommon trap: reason=unstable_if action=reinterpret pc=0x0000026ccfb72490 method=jdk.internal.org.objectweb.asm.SymbolTable.put(Ljdk/internal/org/objectweb/asm/SymbolTable$Entry;)Ljdk/internal/org/objectweb/asm/SymbolTable$Entry; @ 13 c2
Event: 9.879 Thread 0x0000026cbda2f8b0 DEOPT PACKING pc=0x0000026ccfb72490 sp=0x0000007493af98c0
Event: 9.879 Thread 0x0000026cbda2f8b0 DEOPT UNPACKING pc=0x0000026ccf5746a2 sp=0x0000007493af97f8 mode 2
Event: 9.927 Thread 0x0000026cbda2f8b0 Uncommon trap: trap_request=0xffffff45 fr.pc=0x0000026ccfb9d2f0 relative=0x0000000000000af0
Event: 9.927 Thread 0x0000026cbda2f8b0 Uncommon trap: reason=unstable_if action=reinterpret pc=0x0000026ccfb9d2f0 method=org.eclipse.sisu.inject.InjectorBindings.isAssignableFrom(Lcom/google/inject/TypeLiteral;Lcom/google/inject/Binding;)Z @ 15 c2
Event: 9.927 Thread 0x0000026cbda2f8b0 DEOPT PACKING pc=0x0000026ccfb9d2f0 sp=0x0000007493afdc20
Event: 9.927 Thread 0x0000026cbda2f8b0 DEOPT UNPACKING pc=0x0000026ccf5746a2 sp=0x0000007493afdbf0 mode 2
Event: 9.994 Thread 0x0000026cbda2f8b0 Uncommon trap: trap_request=0xffffff45 fr.pc=0x0000026ccfb137ec relative=0x0000000000001f4c
Event: 9.994 Thread 0x0000026cbda2f8b0 Uncommon trap: reason=unstable_if action=reinterpret pc=0x0000026ccfb137ec method=sun.nio.cs.StreamDecoder.implRead([CII)I @ 36 c2
Event: 9.994 Thread 0x0000026cbda2f8b0 DEOPT PACKING pc=0x0000026ccfb137ec sp=0x0000007493afe7c0
Event: 9.994 Thread 0x0000026cbda2f8b0 DEOPT UNPACKING pc=0x0000026ccf5746a2 sp=0x0000007493afe688 mode 2
Event: 9.995 Thread 0x0000026cbda2f8b0 Uncommon trap: trap_request=0xffffff45 fr.pc=0x0000026ccfb17f88 relative=0x0000000000000908
Event: 9.995 Thread 0x0000026cbda2f8b0 Uncommon trap: reason=unstable_if action=reinterpret pc=0x0000026ccfb17f88 method=sun.nio.cs.StreamDecoder.implRead([CII)I @ 36 c2
Event: 9.995 Thread 0x0000026cbda2f8b0 DEOPT PACKING pc=0x0000026ccfb17f88 sp=0x0000007493afe820
Event: 9.995 Thread 0x0000026cbda2f8b0 DEOPT UNPACKING pc=0x0000026ccf5746a2 sp=0x0000007493afe7e0 mode 2
Event: 9.995 Thread 0x0000026cbda2f8b0 Uncommon trap: trap_request=0x000000e1 fr.pc=0x0000026ccfae4e84 relative=0x00000000000000e4
Event: 9.995 Thread 0x0000026cbda2f8b0 Uncommon trap: reason=unloaded action=reinterpret pc=0x0000026ccfae4e84 method=org.codehaus.plexus.util.xml.pull.MXParser.more()C @ 22 c2
Event: 9.995 Thread 0x0000026cbda2f8b0 DEOPT PACKING pc=0x0000026ccfae4e84 sp=0x0000007493afeac0
Event: 9.995 Thread 0x0000026cbda2f8b0 DEOPT UNPACKING pc=0x0000026ccf5746a2 sp=0x0000007493afea60 mode 2

Classes loaded (20 events):
Event: 9.783 Loading class java/security/SecureRandomSpi done
Event: 9.783 Loading class sun/security/provider/DRBG done
Event: 9.785 Loading class java/security/DrbgParameters$Capability
Event: 9.791 Loading class java/security/DrbgParameters$Capability done
Event: 9.791 Loading class sun/security/provider/MoreDrbgParameters
Event: 9.792 Loading class sun/security/provider/MoreDrbgParameters done
Event: 9.792 Loading class java/security/DrbgParameters
Event: 9.792 Loading class java/security/DrbgParameters done
Event: 9.792 Loading class java/security/DrbgParameters$Instantiation
Event: 9.793 Loading class java/security/DrbgParameters$Instantiation done
Event: 9.793 Loading class sun/security/provider/HashDrbg
Event: 9.794 Loading class sun/security/provider/AbstractHashDrbg
Event: 9.806 Loading class sun/security/provider/AbstractDrbg
Event: 9.843 Loading class sun/security/provider/AbstractDrbg done
Event: 9.843 Loading class sun/security/provider/AbstractHashDrbg done
Event: 9.843 Loading class sun/security/provider/HashDrbg done
Event: 9.843 Loading class sun/security/provider/EntropySource
Event: 9.844 Loading class sun/security/provider/EntropySource done
Event: 10.005 Loading class java/lang/ProcessEnvironment$CheckedKeySet
Event: 10.050 Loading class java/lang/ProcessEnvironment$CheckedKeySet done

Classes unloaded (0 events):
No events

Classes redefined (0 events):
No events

Internal exceptions (20 events):
Event: 5.266 Thread 0x0000026cbda2f8b0 Exception <a 'java/lang/NoSuchMethodError'{0x0000000731a8b7b8}: 'int java.lang.invoke.DirectMethodHandle$Holder.invokeStatic(java.lang.Object, java.lang.Object, java.lang.Object, java.lang.Object)'> (0x0000000731a8b7b8) 
thrown [s\open\src\hotspot\share\interpreter\linkResolver.cpp, line 774]
Event: 5.267 Thread 0x0000026cbda2f8b0 Exception <a 'java/lang/NoSuchMethodError'{0x0000000731a8ee78}: 'java.lang.Object java.lang.invoke.Invokers$Holder.invokeExact_MT(java.lang.Object, java.lang.Object, java.lang.Object, java.lang.Object, java.lang.Object, java.lang.Object)'> (0x0000000731a8ee78) 
thrown [s\open\src\hotspot\share\interpreter\linkResolver.cpp, line 774]
Event: 5.279 Thread 0x0000026cbda2f8b0 Exception <a 'java/lang/NoSuchMethodError'{0x0000000731a9d8e8}: 'int java.lang.invoke.DirectMethodHandle$Holder.invokeSpecialIFC(java.lang.Object, java.lang.Object, java.lang.Object, java.lang.Object, java.lang.Object)'> (0x0000000731a9d8e8) 
thrown [s\open\src\hotspot\share\interpreter\linkResolver.cpp, line 774]
Event: 5.513 Thread 0x0000026cbda2f8b0 Exception <a 'java/lang/NoSuchMethodError'{0x0000000731813968}: 'java.lang.Object java.lang.invoke.DirectMethodHandle$Holder.newInvokeSpecial(java.lang.Object, java.lang.Object, java.lang.Object, java.lang.Object, java.lang.Object)'> (0x0000000731813968) 
thrown [s\open\src\hotspot\share\interpreter\linkResolver.cpp, line 774]
Event: 5.569 Thread 0x0000026cbda2f8b0 Exception <a 'java/lang/NoSuchMethodError'{0x0000000731909ee0}: 'int java.lang.invoke.DirectMethodHandle$Holder.invokeStaticInit(java.lang.Object, java.lang.Object)'> (0x0000000731909ee0) 
thrown [s\open\src\hotspot\share\interpreter\linkResolver.cpp, line 774]
Event: 5.615 Thread 0x0000026cbda2f8b0 Exception <a 'java/lang/NoClassDefFoundError'{0x000000073193dfe8}: javax/enterprise/inject/Typed> (0x000000073193dfe8) 
thrown [s\open\src\hotspot\share\classfile\systemDictionary.cpp, line 302]
Event: 8.151 Thread 0x0000026cbda2f8b0 Exception <a 'java/lang/NoSuchMethodError'{0x00000007306ed9e8}: 'void java.lang.invoke.DirectMethodHandle$Holder.invokeStaticInit(java.lang.Object, java.lang.Object, java.lang.Object)'> (0x00000007306ed9e8) 
thrown [s\open\src\hotspot\share\interpreter\linkResolver.cpp, line 774]
Event: 8.175 Thread 0x0000026cbda2f8b0 Exception <a 'java/lang/ExceptionInInitializerError'{0x0000000730715d58}> (0x0000000730715d58) 
thrown [s\open\src\hotspot\share\oops\instanceKlass.cpp, line 1247]
Event: 8.262 Thread 0x0000026cbda2f8b0 Exception <a 'java/lang/NoSuchMethodError'{0x000000073281feb8}: 'long java.lang.invoke.DirectMethodHandle$Holder.invokeStatic(java.lang.Object, java.lang.Object, int)'> (0x000000073281feb8) 
thrown [s\open\src\hotspot\share\interpreter\linkResolver.cpp, line 774]
Event: 8.265 Thread 0x0000026cbda2f8b0 Exception <a 'java/lang/NoSuchMethodError'{0x00000007328333d0}: 'java.lang.Object java.lang.invoke.DirectMethodHandle$Holder.invokeStatic(java.lang.Object, java.lang.Object, java.lang.Object, java.lang.Object, int)'> (0x00000007328333d0) 
thrown [s\open\src\hotspot\share\interpreter\linkResolver.cpp, line 774]
Event: 8.266 Thread 0x0000026cbda2f8b0 Exception <a 'java/lang/NoSuchMethodError'{0x000000073283b588}: 'java.lang.Object java.lang.invoke.DirectMethodHandle$Holder.invokeSpecial(java.lang.Object, java.lang.Object, java.lang.Object, java.lang.Object, long)'> (0x000000073283b588) 
thrown [s\open\src\hotspot\share\interpreter\linkResolver.cpp, line 774]
Event: 8.268 Thread 0x0000026cbda2f8b0 Exception <a 'java/lang/NoSuchMethodError'{0x0000000732847358}: 'java.lang.Object java.lang.invoke.DirectMethodHandle$Holder.invokeSpecial(java.lang.Object, java.lang.Object, java.lang.Object, int, java.lang.Object)'> (0x0000000732847358) 
thrown [s\open\src\hotspot\share\interpreter\linkResolver.cpp, line 774]
Event: 8.272 Thread 0x0000026cbda2f8b0 Exception <a 'java/lang/NoSuchMethodError'{0x000000073284f688}: 'int java.lang.invoke.DirectMethodHandle$Holder.invokeSpecial(java.lang.Object, java.lang.Object, java.lang.Object, int)'> (0x000000073284f688) 
thrown [s\open\src\hotspot\share\interpreter\linkResolver.cpp, line 774]
Event: 8.282 Thread 0x0000026cbda2f8b0 Implicit null exception at 0x0000026ccfb2e03a to 0x0000026ccfb2e234
Event: 8.286 Thread 0x0000026cbda2f8b0 Exception <a 'java/lang/NoSuchMethodError'{0x00000007328de7e0}: 'java.lang.Object java.lang.invoke.Invokers$Holder.invokeExact_MT(java.lang.Object, int, java.lang.Object)'> (0x00000007328de7e0) 
thrown [s\open\src\hotspot\share\interpreter\linkResolver.cpp, line 774]
Event: 8.301 Thread 0x0000026cbda2f8b0 Exception <a 'java/lang/NoSuchMethodError'{0x0000000732932808}: 'void java.lang.invoke.DirectMethodHandle$Holder.invokeStatic(java.lang.Object, java.lang.Object)'> (0x0000000732932808) 
thrown [s\open\src\hotspot\share\interpreter\linkResolver.cpp, line 774]
Event: 9.020 Thread 0x0000026cbda2f8b0 Exception <a 'java/lang/NoSuchMethodError'{0x00000007320bbe80}: 'void java.lang.invoke.Invokers$Holder.invokeExact_MT(java.lang.Object, java.lang.Object, java.lang.Object, java.lang.Object)'> (0x00000007320bbe80) 
thrown [s\open\src\hotspot\share\interpreter\linkResolver.cpp, line 774]
Event: 9.065 Thread 0x0000026cbda2f8b0 Exception <a 'java/lang/NoClassDefFoundError'{0x0000000732145f98}: com/google/inject/servlet/ServletModuleTargetVisitor> (0x0000000732145f98) 
thrown [s\open\src\hotspot\share\classfile\systemDictionary.cpp, line 302]
Event: 9.530 Thread 0x0000026cbda2f8b0 Exception <a 'java/lang/NoSuchMethodError'{0x0000000731c02e90}: 'void java.lang.invoke.DirectMethodHandle$Holder.invokeVirtual(java.lang.Object, java.lang.Object)'> (0x0000000731c02e90) 
thrown [s\open\src\hotspot\share\interpreter\linkResolver.cpp, line 774]
Event: 9.844 Thread 0x0000026cbda2f8b0 Exception <a 'java/lang/NoSuchMethodError'{0x0000000731c90d08}: 'java.lang.Object java.lang.invoke.DirectMethodHandle$Holder.invokeStaticInit(java.lang.Object, int, int, int, int)'> (0x0000000731c90d08) 
thrown [s\open\src\hotspot\share\interpreter\linkResolver.cpp, line 774]

ZGC Phase Switch (0 events):
No events

VM Operations (20 events):
Event: 8.235 Executing VM operation: G1CollectForAllocation (G1 Evacuation Pause)
Event: 8.242 Executing VM operation: G1CollectForAllocation (G1 Evacuation Pause) done
Event: 8.370 Executing VM operation: HandshakeAllThreads (Deoptimize)
Event: 8.370 Executing VM operation: HandshakeAllThreads (Deoptimize) done
Event: 8.372 Executing VM operation: HandshakeAllThreads (Deoptimize)
Event: 8.372 Executing VM operation: HandshakeAllThreads (Deoptimize) done
Event: 8.597 Executing VM operation: HandshakeAllThreads (Deoptimize)
Event: 8.597 Executing VM operation: HandshakeAllThreads (Deoptimize) done
Event: 8.894 Executing VM operation: HandshakeAllThreads (Deoptimize)
Event: 8.894 Executing VM operation: HandshakeAllThreads (Deoptimize) done
Event: 9.321 Executing VM operation: ICBufferFull
Event: 9.321 Executing VM operation: ICBufferFull done
Event: 9.640 Executing VM operation: HandshakeAllThreads (Deoptimize)
Event: 9.640 Executing VM operation: HandshakeAllThreads (Deoptimize) done
Event: 9.877 Executing VM operation: HandshakeAllThreads (Deoptimize)
Event: 9.878 Executing VM operation: HandshakeAllThreads (Deoptimize) done
Event: 9.996 Executing VM operation: HandshakeAllThreads (Deoptimize)
Event: 9.996 Executing VM operation: HandshakeAllThreads (Deoptimize) done
Event: 11.045 Executing VM operation: Cleanup
Event: 11.046 Executing VM operation: Cleanup done

Events (11 events):
Event: 0.193 Thread 0x0000026cbda2f8b0 Thread added: 0x0000026cbda2f8b0
Event: 0.222 Thread 0x0000026cde61ecc0 Thread added: 0x0000026cde61ecc0
Event: 0.222 Thread 0x0000026cde61fae0 Thread added: 0x0000026cde61fae0
Event: 0.222 Thread 0x0000026cde6218b0 Thread added: 0x0000026cde6218b0
Event: 0.223 Thread 0x0000026cde623520 Thread added: 0x0000026cde623520
Event: 0.223 Thread 0x0000026cde625f90 Thread added: 0x0000026cde625f90
Event: 0.223 Thread 0x0000026cde6269f0 Thread added: 0x0000026cde6269f0
Event: 0.223 Thread 0x0000026cde627780 Thread added: 0x0000026cde627780
Event: 0.223 Thread 0x0000026cde628590 Thread added: 0x0000026cde628590
Event: 0.264 Thread 0x0000026cde8858c0 Thread added: 0x0000026cde8858c0
Event: 0.270 Thread 0x0000026cde888750 Thread added: 0x0000026cde888750


Dynamic libraries:
0x00007ff7ed1d0000 - 0x00007ff7ed1e0000 	C:\Program Files\Java\jdk-22\bin\java.exe
0x00007ffc3f9d0000 - 0x00007ffc3fbe7000 	C:\WINDOWS\SYSTEM32\ntdll.dll
0x00007ffc3e920000 - 0x00007ffc3e9e4000 	C:\WINDOWS\System32\KERNEL32.DLL
0x00007ffc3cf80000 - 0x00007ffc3d327000 	C:\WINDOWS\System32\KERNELBASE.dll
0x00007ffc3ce60000 - 0x00007ffc3cf71000 	C:\WINDOWS\System32\ucrtbase.dll
0x00007ffc0f400000 - 0x00007ffc0f417000 	C:\Program Files\Java\jdk-22\bin\jli.dll
0x00007ffc3e9f0000 - 0x00007ffc3eaa2000 	C:\WINDOWS\System32\ADVAPI32.dll
0x00007ffc3eab0000 - 0x00007ffc3eb57000 	C:\WINDOWS\System32\msvcrt.dll
0x00007ffc3dbc0000 - 0x00007ffc3dc68000 	C:\WINDOWS\System32\sechost.dll
0x00007ffc3ce30000 - 0x00007ffc3ce58000 	C:\WINDOWS\System32\bcrypt.dll
0x00007ffc3f650000 - 0x00007ffc3f765000 	C:\WINDOWS\System32\RPCRT4.dll
0x00007ffc3e520000 - 0x00007ffc3e6ce000 	C:\WINDOWS\System32\USER32.dll
0x00007ffc3d4c0000 - 0x00007ffc3d4e6000 	C:\WINDOWS\System32\win32u.dll
0x00007ffc3db70000 - 0x00007ffc3db99000 	C:\WINDOWS\System32\GDI32.dll
0x00007ffc3d3a0000 - 0x00007ffc3d4b9000 	C:\WINDOWS\System32\gdi32full.dll
0x00007ffc3d4f0000 - 0x00007ffc3d58a000 	C:\WINDOWS\System32\msvcp_win.dll
0x00007ffbf78f0000 - 0x00007ffbf790b000 	C:\Program Files\Java\jdk-22\bin\VCRUNTIME140.dll
0x00007ffc10350000 - 0x00007ffc105e3000 	C:\WINDOWS\WinSxS\amd64_microsoft.windows.common-controls_6595b64144ccf1df_6.0.22621.3527_none_270e469b73872a76\COMCTL32.dll
0x00007ffc343d0000 - 0x00007ffc343da000 	C:\WINDOWS\SYSTEM32\VERSION.dll
0x00007ffc3f2b0000 - 0x00007ffc3f2e1000 	C:\WINDOWS\System32\IMM32.DLL
0x00007ffc0e880000 - 0x00007ffc0e88c000 	C:\Program Files\Java\jdk-22\bin\vcruntime140_1.dll
0x00007ffbd0ad0000 - 0x00007ffbd0b5e000 	C:\Program Files\Java\jdk-22\bin\msvcp140.dll
0x00007ffba99a0000 - 0x00007ffbaa6e8000 	C:\Program Files\Java\jdk-22\bin\server\jvm.dll
0x00007ffc3e6d0000 - 0x00007ffc3e741000 	C:\WINDOWS\System32\WS2_32.dll
0x00007ffc3cbb0000 - 0x00007ffc3cbfd000 	C:\WINDOWS\SYSTEM32\POWRPROF.dll
0x00007ffc345c0000 - 0x00007ffc345f4000 	C:\WINDOWS\SYSTEM32\WINMM.dll
0x00007ffc3cb90000 - 0x00007ffc3cba3000 	C:\WINDOWS\SYSTEM32\UMPDC.dll
0x00007ffc3bcd0000 - 0x00007ffc3bce8000 	C:\WINDOWS\SYSTEM32\kernel.appcore.dll
0x00007ffbf77d0000 - 0x00007ffbf77da000 	C:\Program Files\Java\jdk-22\bin\jimage.dll
0x00007ffc3a670000 - 0x00007ffc3a8a2000 	C:\WINDOWS\SYSTEM32\DBGHELP.DLL
0x00007ffc3d700000 - 0x00007ffc3da88000 	C:\WINDOWS\System32\combase.dll
0x00007ffc3da90000 - 0x00007ffc3db67000 	C:\WINDOWS\System32\OLEAUT32.dll
0x00007ffc2a930000 - 0x00007ffc2a962000 	C:\WINDOWS\SYSTEM32\dbgcore.DLL
0x00007ffc3cdb0000 - 0x00007ffc3ce29000 	C:\WINDOWS\System32\bcryptPrimitives.dll
0x00007ffbf78d0000 - 0x00007ffbf78ee000 	C:\Program Files\Java\jdk-22\bin\java.dll
0x00007ffc3dc70000 - 0x00007ffc3e4cc000 	C:\WINDOWS\System32\SHELL32.dll
0x00007ffc3f2f0000 - 0x00007ffc3f495000 	C:\WINDOWS\System32\ole32.dll
0x00007ffc3abe0000 - 0x00007ffc3b4d6000 	C:\WINDOWS\SYSTEM32\windows.storage.dll
0x00007ffc3aaa0000 - 0x00007ffc3abde000 	C:\WINDOWS\SYSTEM32\wintypes.dll
0x00007ffc3ed30000 - 0x00007ffc3ee25000 	C:\WINDOWS\System32\SHCORE.dll
0x00007ffc3ec60000 - 0x00007ffc3ecbe000 	C:\WINDOWS\System32\shlwapi.dll
0x00007ffc3cc20000 - 0x00007ffc3cc41000 	C:\WINDOWS\SYSTEM32\profapi.dll
0x00007ffbdd120000 - 0x00007ffbdd1f7000 	C:\Program Files\Java\jdk-22\bin\jsvml.dll
0x00007ffbf77c0000 - 0x00007ffbf77d0000 	C:\Program Files\Java\jdk-22\bin\net.dll
0x00007ffc3c130000 - 0x00007ffc3c199000 	C:\WINDOWS\system32\mswsock.dll
0x00007ffbdd100000 - 0x00007ffbdd116000 	C:\Program Files\Java\jdk-22\bin\nio.dll
0x00007ffbdd0e0000 - 0x00007ffbdd0f7000 	C:\Program Files\Java\jdk-22\bin\zip.dll
0x0000000069ac0000 - 0x0000000069ae4000 	C:\Program Files\NetBeans-21\netbeans\java\maven\lib\jansi-native\Windows\x86_64\jansi.dll
0x00007ffbf77b0000 - 0x00007ffbf77c0000 	C:\Program Files\Java\jdk-22\bin\verify.dll

dbghelp: loaded successfully - version: 4.0.5 - missing functions: none
symbol engine: initialized successfully - sym options: 0x614 - pdb path: .;C:\Program Files\Java\jdk-22\bin;C:\WINDOWS\SYSTEM32;C:\WINDOWS\WinSxS\amd64_microsoft.windows.common-controls_6595b64144ccf1df_6.0.22621.3527_none_270e469b73872a76;C:\Program Files\Java\jdk-22\bin\server;C:\Program Files\NetBeans-21\netbeans\java\maven\lib\jansi-native\Windows\x86_64

VM Arguments:
jvm_args: -Dclassworlds.conf=C:\Program Files\NetBeans-21\netbeans\java\maven\bin\m2.conf -Dmaven.home=C:\Program Files\NetBeans-21\netbeans\java\maven -Dlibrary.jansi.path=C:\Program Files\NetBeans-21\netbeans\java\maven\lib\jansi-native -Dmaven.multiModuleProjectDirectory=C:\Users\ADMIN\OneDrive\Documents\GitHub\Management_Project_Java\mavenproject1 
java_command: org.codehaus.plexus.classworlds.launcher.Launcher -Dexec.vmArgs=--enable-preview -Dexec.args=${exec.vmArgs} -classpath %classpath ${exec.mainClass} ${exec.appArgs} -Dexec.appArgs= -Dexec.mainClass=GUI.Login -Dexec.executable=C:\Program Files\Java\jdk-22\bin\java.exe -Dmaven.ext.class.path=C:\Program Files\NetBeans-21\netbeans\java\maven-nblib\netbeans-eventspy.jar --no-transfer-progress process-classes org.codehaus.mojo:exec-maven-plugin:3.1.0:exec
java_class_path (initial): C:\Program Files\NetBeans-21\netbeans\java\maven\boot\plexus-classworlds-2.7.0.jar
Launcher Type: SUN_STANDARD

[Global flags]
     intx CICompilerCount                          = 4                                         {product} {ergonomic}
     uint ConcGCThreads                            = 3                                         {product} {ergonomic}
     uint G1ConcRefinementThreads                  = 10                                        {product} {ergonomic}
   size_t G1HeapRegionSize                         = 2097152                                   {product} {ergonomic}
   size_t InitialHeapSize                          = 230686720                                 {product} {ergonomic}
   size_t MarkStackSize                            = 4194304                                   {product} {ergonomic}
   size_t MaxHeapSize                              = 3676307456                                {product} {ergonomic}
   size_t MaxNewSize                               = 2204106752                                {product} {ergonomic}
   size_t MinHeapDeltaBytes                        = 2097152                                   {product} {ergonomic}
   size_t MinHeapSize                              = 8388608                                   {product} {ergonomic}
    uintx NonNMethodCodeHeapSize                   = 5839372                                {pd product} {ergonomic}
    uintx NonProfiledCodeHeapSize                  = 122909434                              {pd product} {ergonomic}
    uintx ProfiledCodeHeapSize                     = 122909434                              {pd product} {ergonomic}
    uintx ReservedCodeCacheSize                    = 251658240                              {pd product} {ergonomic}
     bool SegmentedCodeCache                       = true                                      {product} {ergonomic}
   size_t SoftMaxHeapSize                          = 3676307456                             {manageable} {ergonomic}
     bool UseCompressedOops                        = true                           {product lp64_product} {ergonomic}
     bool UseG1GC                                  = true                                      {product} {ergonomic}
     bool UseLargePagesIndividualAllocation        = false                                  {pd product} {ergonomic}

Logging:
Log output configuration:
 #0: stdout all=warning uptime,level,tags foldmultilines=false
 #1: stderr all=off uptime,level,tags foldmultilines=false

Environment Variables:
JAVA_HOME=C:\Program Files\Java\jdk-22
PATH=C:\Program Files (x86)\VMware\VMware Workstation\bin\;C:\Program Files\Common Files\Oracle\Java\javapath;C:\Program Files (x86)\Common Files\Oracle\Java\javapath;C:\Windows\system32;C:\Windows;C:\Windows\System32\Wbem;C:\Windows\System32\WindowsPowerShell\v1.0\;C:\Windows\System32\OpenSSH\;C:\Program Files (x86)\NVIDIA Corporation\PhysX\Common;C:\Program Files\NVIDIA Corporation\NVIDIA NvDLISR;C:\msys64\mingw64\bin;C:\WINDOWS\system32;C:\WINDOWS;C:\WINDOWS\System32\Wbem;C:\WINDOWS\System32\WindowsPowerShell\v1.0\;C:\WINDOWS\System32\OpenSSH\;C:\Program Files (x86)\Microsoft SQL Server\110\Tools\Binn\;C:\Program Files\Microsoft SQL Server\110\Tools\Binn\;C:\Program Files\Microsoft SQL Server\110\DTS\Binn\;C:\Program Files (x86)\Microsoft SQL Server\110\Tools\Binn\ManagementStudio\;C:\Program Files (x86)\Microsoft SQL Server\110\DTS\Binn\;C:\Program Files\Microsoft SQL Server\150\Tools\Binn\;C:\Program Files\Microsoft SQL Server\Client SDK\ODBC\170\Tools\Binn\;C:\Program Files\dotnet\;C:\Program Files\Git\cmd;C:\Users\ADMIN\AppData\Local\Programs\Python\Python312\Scripts\;C:\Users\ADMIN\AppData\Local\Programs\Python\Python312\;C:\Users\ADMIN\AppData\Local\Programs\Python\Launcher\;C:\Users\ADMIN\AppData\Local\Microsoft\WindowsApps;C:\Users\ADMIN\.dotnet\tools;C:\Users\ADMIN\AppData\Local\Programs\Microsoft VS Code\bin;C:\Users\ADMIN\AppData\Local\GitHubDesktop\bin;C:\Program Files\Java\jdk-22\bin;
USERNAME=ADMIN
OS=Windows_NT
PROCESSOR_IDENTIFIER=AMD64 Family 25 Model 68 Stepping 1, AuthenticAMD
TMP=C:\Users\ADMIN\AppData\Local\Temp
TEMP=C:\Users\ADMIN\AppData\Local\Temp




Periodic native trim disabled

---------------  S Y S T E M  ---------------

OS:
 Windows 11 , 64 bit Build 22621 (10.0.22621.3527)
OS uptime: 1 days 1:45 hours
Hyper-V role detected

CPU: total 12 (initial active 12) (12 cores per cpu, 2 threads per core) family 25 model 68 stepping 1 microcode 0x0, cx8, cmov, fxsr, ht, mmx, 3dnowpref, sse, sse2, sse3, ssse3, sse4a, sse4.1, sse4.2, popcnt, lzcnt, tsc, tscinvbit, avx, avx2, aes, erms, clmul, bmi1, bmi2, adx, sha, fma, vzeroupper, clflush, clflushopt, hv, rdtscp, rdpid, fsrm, f16c, cet_ss
Processor Information for all 12 processors :
  Max Mhz: 3301, Current Mhz: 3301, Mhz Limit: 3301

Memory: 4k page, system-wide physical 14020M (86M free)
TotalPageFile size 57028M (AvailPageFile size 40M)
current process WorkingSet (physical memory assigned to process): 116M, peak: 116M
current process commit charge ("private bytes"): 343M, peak: 343M

vm_info: Java HotSpot(TM) 64-Bit Server VM (22+36-2370) for windows-amd64 JRE (22+36-2370), built on 2024-02-15T22:15:19Z by "mach5one" with MS VC++ 17.6 (VS2022)

END.
