#
# There is insufficient memory for the Java Runtime Environment to continue.
# Native memory allocation (mmap) failed to map 65536 bytes. Error detail: Failed to commit metaspace.
# Possible reasons:
#   The system is out of physical RAM or swap space
#   This process is running with CompressedOops enabled, and the Java Heap may be blocking the growth of the native heap
# Possible solutions:
#   Reduce memory load on the system
#   Increase physical memory or swap space
#   Check if swap backing store is full
#   Decrease Java heap size (-Xmx/-Xms)
#
#  Out of Memory Error (virtualSpaceNode.cpp:112), pid=14724, tid=31648
#
# JRE version: Java(TM) SE Runtime Environment (22.0+36) (build 22+36-2370)
# Java VM: Java HotSpot(TM) 64-Bit Server VM (22+36-2370, mixed mode, sharing, tiered, compressed oops, compressed class ptrs, g1 gc, windows-amd64)
# No core dump will be written. Minidumps are not enabled by default on client versions of Windows
#

---------------  S U M M A R Y ------------

Command Line: -Dclassworlds.conf=C:\Program Files\NetBeans-21\netbeans\java\maven\bin\m2.conf -Dmaven.home=C:\Program Files\NetBeans-21\netbeans\java\maven -Dlibrary.jansi.path=C:\Program Files\NetBeans-21\netbeans\java\maven\lib\jansi-native -Dmaven.multiModuleProjectDirectory=C:\Users\ADMIN\OneDrive\Documents\GitHub\Management_Project_Java\mavenproject1 org.codehaus.plexus.classworlds.launcher.Launcher -Dexec.vmArgs=--enable-preview -Dexec.args=${exec.vmArgs} -classpath %classpath ${exec.mainClass} ${exec.appArgs} -Dexec.appArgs= -Dexec.mainClass=GUI.Login -Dexec.executable=C:\Program Files\Java\jdk-22\bin\java.exe -Dmaven.ext.class.path=C:\Program Files\NetBeans-21\netbeans\java\maven-nblib\netbeans-eventspy.jar --no-transfer-progress process-classes org.codehaus.mojo:exec-maven-plugin:3.1.0:exec

Host: AMD Ryzen 5 6600HS Creator Edition             , 12 cores, 13G,  Windows 11 , 64 bit Build 22621 (10.0.22621.3527)
Time: Thu May 16 16:18:43 2024 SE Asia Standard Time elapsed time: 50.055924 seconds (0d 0h 0m 50s)

---------------  T H R E A D  ---------------

Current thread (0x000001ffc5160040):  JavaThread "C1 CompilerThread0" daemon [_thread_in_vm, id=31648, stack(0x00000056d1600000,0x00000056d1700000) (1024K)]


Current CompileTask:
C1:50056 1418       3       org.eclipse.sisu.space.asm.ClassReader::readMethod (1055 bytes)

Stack: [0x00000056d1600000,0x00000056d1700000]
Native frames: (J=compiled Java code, j=interpreted, Vv=VM code, C=native code)
V  [jvm.dll+0x6e2349]  (no source info available)
V  [jvm.dll+0x874ed3]  (no source info available)
V  [jvm.dll+0x8772fe]  (no source info available)
V  [jvm.dll+0x8779d3]  (no source info available)
V  [jvm.dll+0x27fcb6]  (no source info available)
V  [jvm.dll+0x870b1e]  (no source info available)
V  [jvm.dll+0x6853b5]  (no source info available)
V  [jvm.dll+0x1e3e9c]  (no source info available)
V  [jvm.dll+0x1e3c6e]  (no source info available)
V  [jvm.dll+0x687d08]  (no source info available)
V  [jvm.dll+0x22509c]  (no source info available)
V  [jvm.dll+0x685dce]  (no source info available)
V  [jvm.dll+0x6974aa]  (no source info available)
V  [jvm.dll+0x690332]  (no source info available)
V  [jvm.dll+0x1f1c50]  (no source info available)
V  [jvm.dll+0x1f1e38]  (no source info available)
V  [jvm.dll+0x165fde]  (no source info available)
V  [jvm.dll+0x165e26]  (no source info available)
V  [jvm.dll+0x15d70a]  (no source info available)
V  [jvm.dll+0x15f96d]  (no source info available)
V  [jvm.dll+0x15dfa5]  (no source info available)
V  [jvm.dll+0x157a2f]  (no source info available)
V  [jvm.dll+0x167a86]  (no source info available)
V  [jvm.dll+0x1530bb]  (no source info available)
V  [jvm.dll+0x153507]  (no source info available)
V  [jvm.dll+0x1538a0]  (no source info available)
V  [jvm.dll+0x152c1d]  (no source info available)
V  [jvm.dll+0x154add]  (no source info available)
V  [jvm.dll+0x25699e]  (no source info available)
V  [jvm.dll+0x254c5a]  (no source info available)
V  [jvm.dll+0x3f5426]  (no source info available)
V  [jvm.dll+0x81d50b]  (no source info available)
V  [jvm.dll+0x6e09e5]  (no source info available)
C  [ucrtbase.dll+0x29333]  (no source info available)
C  [KERNEL32.DLL+0x1257d]  (no source info available)
C  [ntdll.dll+0x5aa48]  (no source info available)


---------------  P R O C E S S  ---------------

Threads class SMR info:
_java_thread_list=0x000001ffc5230300, length=11, elements={
0x000001ffd70ef710, 0x000001fff7bc96c0, 0x000001fff7bca280, 0x000001fff7bccda0,
0x000001fff7bcd800, 0x000001fff7bceb30, 0x000001fff7bcf6c0, 0x000001fff7bd0660,
0x000001ffc5160040, 0x000001ffc52435a0, 0x000001ffc524c450
}

Java Threads: ( => current thread )
  0x000001ffd70ef710 JavaThread "main"                              [_thread_in_vm, id=30872, stack(0x00000056d0600000,0x00000056d0700000) (1024K)]
  0x000001fff7bc96c0 JavaThread "Reference Handler"          daemon [_thread_blocked, id=31572, stack(0x00000056d0f00000,0x00000056d1000000) (1024K)]
  0x000001fff7bca280 JavaThread "Finalizer"                  daemon [_thread_blocked, id=31576, stack(0x00000056d1000000,0x00000056d1100000) (1024K)]
  0x000001fff7bccda0 JavaThread "Signal Dispatcher"          daemon [_thread_blocked, id=31580, stack(0x00000056d1100000,0x00000056d1200000) (1024K)]
  0x000001fff7bcd800 JavaThread "Attach Listener"            daemon [_thread_blocked, id=31584, stack(0x00000056d1200000,0x00000056d1300000) (1024K)]
  0x000001fff7bceb30 JavaThread "Service Thread"             daemon [_thread_blocked, id=31588, stack(0x00000056d1300000,0x00000056d1400000) (1024K)]
  0x000001fff7bcf6c0 JavaThread "Monitor Deflation Thread"   daemon [_thread_blocked, id=31592, stack(0x00000056d1400000,0x00000056d1500000) (1024K)]
  0x000001fff7bd0660 JavaThread "C2 CompilerThread0"         daemon [_thread_blocked, id=31596, stack(0x00000056d1500000,0x00000056d1600000) (1024K)]
=>0x000001ffc5160040 JavaThread "C1 CompilerThread0"         daemon [_thread_in_vm, id=31648, stack(0x00000056d1600000,0x00000056d1700000) (1024K)]
  0x000001ffc52435a0 JavaThread "Notification Thread"        daemon [_thread_blocked, id=31664, stack(0x00000056d1700000,0x00000056d1800000) (1024K)]
  0x000001ffc524c450 JavaThread "Common-Cleaner"             daemon [_thread_blocked, id=31752, stack(0x00000056d1800000,0x00000056d1900000) (1024K)]
Total: 11

Other Threads:
  0x000001fff7babc50 VMThread "VM Thread"                           [id=31540, stack(0x00000056d0e00000,0x00000056d0f00000) (1024K)] _threads_hazard_ptr=0x000001ffc5230300
  0x000001fff7b94220 WatcherThread "VM Periodic Task Thread"        [id=31532, stack(0x00000056d0d00000,0x00000056d0e00000) (1024K)]
  0x000001ffd92ad9c0 WorkerThread "GC Thread#0"                     [id=31100, stack(0x00000056d0800000,0x00000056d0900000) (1024K)]
  0x000001ffc5c49060 WorkerThread "GC Thread#1"                     [id=43884, stack(0x00000056d1900000,0x00000056d1a00000) (1024K)]
  0x000001ffc5ade960 WorkerThread "GC Thread#2"                     [id=43888, stack(0x00000056d1a00000,0x00000056d1b00000) (1024K)]
  0x000001ffc57f5470 WorkerThread "GC Thread#3"                     [id=43892, stack(0x00000056d1b00000,0x00000056d1c00000) (1024K)]
  0x000001ffc514f0c0 WorkerThread "GC Thread#4"                     [id=43896, stack(0x00000056d1c00000,0x00000056d1d00000) (1024K)]
  0x000001ffc5a270d0 WorkerThread "GC Thread#5"                     [id=43924, stack(0x00000056d1d00000,0x00000056d1e00000) (1024K)]
  0x000001ffc56ca410 WorkerThread "GC Thread#6"                     [id=43928, stack(0x00000056d1e00000,0x00000056d1f00000) (1024K)]
  0x000001ffc514fb60 WorkerThread "GC Thread#7"                     [id=43932, stack(0x00000056d1f00000,0x00000056d2000000) (1024K)]
  0x000001ffc5d3ea80 WorkerThread "GC Thread#8"                     [id=43936, stack(0x00000056d2000000,0x00000056d2100000) (1024K)]
  0x000001ffd92bc3c0 ConcurrentGCThread "G1 Main Marker"            [id=31104, stack(0x00000056d0900000,0x00000056d0a00000) (1024K)]
  0x000001ffd92bcdd0 WorkerThread "G1 Conc#0"                       [id=31108, stack(0x00000056d0a00000,0x00000056d0b00000) (1024K)]
  0x000001fff7a67950 ConcurrentGCThread "G1 Refine#0"               [id=31112, stack(0x00000056d0b00000,0x00000056d0c00000) (1024K)]
  0x000001fff7a68180 ConcurrentGCThread "G1 Service"                [id=31116, stack(0x00000056d0c00000,0x00000056d0d00000) (1024K)]
Total: 15

Threads with active compile tasks:
C1 CompilerThread0  79781 1418       3       org.eclipse.sisu.space.asm.ClassReader::readMethod (1055 bytes)
Total: 1

VM state: synchronizing (normal execution)

VM Mutex/Monitor currently owned by a thread:  ([mutex/lock_event])
[0x00007ffbaa60ab48] Metaspace_lock - owner thread: 0x000001ffc5160040
[0x00007ffbaa60cbc8] Threads_lock - owner thread: 0x000001fff7babc50

Heap address: 0x0000000724e00000, size: 3506 MB, Compressed Oops mode: Zero based, Oop shift amount: 3

CDS archive(s) mapped at: [0x000001ff80000000-0x000001ff80c60000-0x000001ff80c60000), size 12976128, SharedBaseAddress: 0x000001ff80000000, ArchiveRelocationMode: 1.
Compressed class space mapped at: 0x000001ff81000000-0x000001ffc1000000, reserved size: 1073741824
Narrow klass base: 0x000001ff80000000, Narrow klass shift: 0, Narrow klass range: 0x41000000

GC Precious Log:
 CardTable entry size: 512
 Card Set container configuration: InlinePtr #cards 4 size 8 Array Of Cards #cards 16 size 48 Howl #buckets 8 coarsen threshold 3686 Howl Bitmap #cards 512 size 80 coarsen threshold 460 Card regions per heap region 1 cards per card region 4096
 CPUs: 12 total, 12 available
 Memory: 14020M
 Large Page Support: Disabled
 NUMA Support: Disabled
 Compressed Oops: Enabled (Zero based)
 Heap Region Size: 2M
 Heap Min Capacity: 8M
 Heap Initial Capacity: 220M
 Heap Max Capacity: 3506M
 Pre-touch: Disabled
 Parallel Workers: 10
 Concurrent Workers: 3
 Concurrent Refinement Workers: 10
 Periodic GC: Disabled

Heap:
 garbage-first heap   total reserved 3590144K, committed 225280K, used 10112K [0x0000000724e00000, 0x0000000800000000)
  region size 2048K, 6 young (12288K), 2 survivors (4096K)
 Metaspace       used 6507K, committed 6656K, reserved 1114112K
  class space    used 761K, committed 832K, reserved 1048576K

Heap Regions: E=young(eden), S=young(survivor), O=old, HS=humongous(starts), HC=humongous(continues), CS=collection set, F=free, TAMS=top-at-mark-start, PB=parsable bottom
|   0|0x0000000724e00000, 0x0000000724e00000, 0x0000000725000000|  0%| F|  |TAMS 0x0000000724e00000| PB 0x0000000724e00000| Untracked |  0
|   1|0x0000000725000000, 0x0000000725000000, 0x0000000725200000|  0%| F|  |TAMS 0x0000000725000000| PB 0x0000000725000000| Untracked |  0
|   2|0x0000000725200000, 0x0000000725200000, 0x0000000725400000|  0%| F|  |TAMS 0x0000000725200000| PB 0x0000000725200000| Untracked |  0
|   3|0x0000000725400000, 0x0000000725400000, 0x0000000725600000|  0%| F|  |TAMS 0x0000000725400000| PB 0x0000000725400000| Untracked |  0
|   4|0x0000000725600000, 0x0000000725600000, 0x0000000725800000|  0%| F|  |TAMS 0x0000000725600000| PB 0x0000000725600000| Untracked |  0
|   5|0x0000000725800000, 0x0000000725800000, 0x0000000725a00000|  0%| F|  |TAMS 0x0000000725800000| PB 0x0000000725800000| Untracked |  0
|   6|0x0000000725a00000, 0x0000000725a00000, 0x0000000725c00000|  0%| F|  |TAMS 0x0000000725a00000| PB 0x0000000725a00000| Untracked |  0
|   7|0x0000000725c00000, 0x0000000725c00000, 0x0000000725e00000|  0%| F|  |TAMS 0x0000000725c00000| PB 0x0000000725c00000| Untracked |  0
|   8|0x0000000725e00000, 0x0000000725e00000, 0x0000000726000000|  0%| F|  |TAMS 0x0000000725e00000| PB 0x0000000725e00000| Untracked |  0
|   9|0x0000000726000000, 0x0000000726000000, 0x0000000726200000|  0%| F|  |TAMS 0x0000000726000000| PB 0x0000000726000000| Untracked |  0
|  10|0x0000000726200000, 0x0000000726200000, 0x0000000726400000|  0%| F|  |TAMS 0x0000000726200000| PB 0x0000000726200000| Untracked |  0
|  11|0x0000000726400000, 0x0000000726400000, 0x0000000726600000|  0%| F|  |TAMS 0x0000000726400000| PB 0x0000000726400000| Untracked |  0
|  12|0x0000000726600000, 0x0000000726600000, 0x0000000726800000|  0%| F|  |TAMS 0x0000000726600000| PB 0x0000000726600000| Untracked |  0
|  13|0x0000000726800000, 0x0000000726800000, 0x0000000726a00000|  0%| F|  |TAMS 0x0000000726800000| PB 0x0000000726800000| Untracked |  0
|  14|0x0000000726a00000, 0x0000000726a00000, 0x0000000726c00000|  0%| F|  |TAMS 0x0000000726a00000| PB 0x0000000726a00000| Untracked |  0
|  15|0x0000000726c00000, 0x0000000726c00000, 0x0000000726e00000|  0%| F|  |TAMS 0x0000000726c00000| PB 0x0000000726c00000| Untracked |  0
|  16|0x0000000726e00000, 0x0000000726e00000, 0x0000000727000000|  0%| F|  |TAMS 0x0000000726e00000| PB 0x0000000726e00000| Untracked |  0
|  17|0x0000000727000000, 0x0000000727000000, 0x0000000727200000|  0%| F|  |TAMS 0x0000000727000000| PB 0x0000000727000000| Untracked |  0
|  18|0x0000000727200000, 0x0000000727200000, 0x0000000727400000|  0%| F|  |TAMS 0x0000000727200000| PB 0x0000000727200000| Untracked |  0
|  19|0x0000000727400000, 0x0000000727400000, 0x0000000727600000|  0%| F|  |TAMS 0x0000000727400000| PB 0x0000000727400000| Untracked |  0
|  20|0x0000000727600000, 0x0000000727600000, 0x0000000727800000|  0%| F|  |TAMS 0x0000000727600000| PB 0x0000000727600000| Untracked |  0
|  21|0x0000000727800000, 0x0000000727800000, 0x0000000727a00000|  0%| F|  |TAMS 0x0000000727800000| PB 0x0000000727800000| Untracked |  0
|  22|0x0000000727a00000, 0x0000000727a00000, 0x0000000727c00000|  0%| F|  |TAMS 0x0000000727a00000| PB 0x0000000727a00000| Untracked |  0
|  23|0x0000000727c00000, 0x0000000727c00000, 0x0000000727e00000|  0%| F|  |TAMS 0x0000000727c00000| PB 0x0000000727c00000| Untracked |  0
|  24|0x0000000727e00000, 0x0000000727e00000, 0x0000000728000000|  0%| F|  |TAMS 0x0000000727e00000| PB 0x0000000727e00000| Untracked |  0
|  25|0x0000000728000000, 0x0000000728000000, 0x0000000728200000|  0%| F|  |TAMS 0x0000000728000000| PB 0x0000000728000000| Untracked |  0
|  26|0x0000000728200000, 0x0000000728200000, 0x0000000728400000|  0%| F|  |TAMS 0x0000000728200000| PB 0x0000000728200000| Untracked |  0
|  27|0x0000000728400000, 0x0000000728400000, 0x0000000728600000|  0%| F|  |TAMS 0x0000000728400000| PB 0x0000000728400000| Untracked |  0
|  28|0x0000000728600000, 0x0000000728600000, 0x0000000728800000|  0%| F|  |TAMS 0x0000000728600000| PB 0x0000000728600000| Untracked |  0
|  29|0x0000000728800000, 0x0000000728800000, 0x0000000728a00000|  0%| F|  |TAMS 0x0000000728800000| PB 0x0000000728800000| Untracked |  0
|  30|0x0000000728a00000, 0x0000000728a00000, 0x0000000728c00000|  0%| F|  |TAMS 0x0000000728a00000| PB 0x0000000728a00000| Untracked |  0
|  31|0x0000000728c00000, 0x0000000728c00000, 0x0000000728e00000|  0%| F|  |TAMS 0x0000000728c00000| PB 0x0000000728c00000| Untracked |  0
|  32|0x0000000728e00000, 0x0000000728e00000, 0x0000000729000000|  0%| F|  |TAMS 0x0000000728e00000| PB 0x0000000728e00000| Untracked |  0
|  33|0x0000000729000000, 0x0000000729000000, 0x0000000729200000|  0%| F|  |TAMS 0x0000000729000000| PB 0x0000000729000000| Untracked |  0
|  34|0x0000000729200000, 0x0000000729200000, 0x0000000729400000|  0%| F|  |TAMS 0x0000000729200000| PB 0x0000000729200000| Untracked |  0
|  35|0x0000000729400000, 0x0000000729400000, 0x0000000729600000|  0%| F|  |TAMS 0x0000000729400000| PB 0x0000000729400000| Untracked |  0
|  36|0x0000000729600000, 0x0000000729600000, 0x0000000729800000|  0%| F|  |TAMS 0x0000000729600000| PB 0x0000000729600000| Untracked |  0
|  37|0x0000000729800000, 0x0000000729800000, 0x0000000729a00000|  0%| F|  |TAMS 0x0000000729800000| PB 0x0000000729800000| Untracked |  0
|  38|0x0000000729a00000, 0x0000000729a00000, 0x0000000729c00000|  0%| F|  |TAMS 0x0000000729a00000| PB 0x0000000729a00000| Untracked |  0
|  39|0x0000000729c00000, 0x0000000729c00000, 0x0000000729e00000|  0%| F|  |TAMS 0x0000000729c00000| PB 0x0000000729c00000| Untracked |  0
|  40|0x0000000729e00000, 0x0000000729e00000, 0x000000072a000000|  0%| F|  |TAMS 0x0000000729e00000| PB 0x0000000729e00000| Untracked |  0
|  41|0x000000072a000000, 0x000000072a000000, 0x000000072a200000|  0%| F|  |TAMS 0x000000072a000000| PB 0x000000072a000000| Untracked |  0
|  42|0x000000072a200000, 0x000000072a200000, 0x000000072a400000|  0%| F|  |TAMS 0x000000072a200000| PB 0x000000072a200000| Untracked |  0
|  43|0x000000072a400000, 0x000000072a400000, 0x000000072a600000|  0%| F|  |TAMS 0x000000072a400000| PB 0x000000072a400000| Untracked |  0
|  44|0x000000072a600000, 0x000000072a600000, 0x000000072a800000|  0%| F|  |TAMS 0x000000072a600000| PB 0x000000072a600000| Untracked |  0
|  45|0x000000072a800000, 0x000000072a800000, 0x000000072aa00000|  0%| F|  |TAMS 0x000000072a800000| PB 0x000000072a800000| Untracked |  0
|  46|0x000000072aa00000, 0x000000072aa00000, 0x000000072ac00000|  0%| F|  |TAMS 0x000000072aa00000| PB 0x000000072aa00000| Untracked |  0
|  47|0x000000072ac00000, 0x000000072ac00000, 0x000000072ae00000|  0%| F|  |TAMS 0x000000072ac00000| PB 0x000000072ac00000| Untracked |  0
|  48|0x000000072ae00000, 0x000000072ae00000, 0x000000072b000000|  0%| F|  |TAMS 0x000000072ae00000| PB 0x000000072ae00000| Untracked |  0
|  49|0x000000072b000000, 0x000000072b000000, 0x000000072b200000|  0%| F|  |TAMS 0x000000072b000000| PB 0x000000072b000000| Untracked |  0
|  50|0x000000072b200000, 0x000000072b200000, 0x000000072b400000|  0%| F|  |TAMS 0x000000072b200000| PB 0x000000072b200000| Untracked |  0
|  51|0x000000072b400000, 0x000000072b400000, 0x000000072b600000|  0%| F|  |TAMS 0x000000072b400000| PB 0x000000072b400000| Untracked |  0
|  52|0x000000072b600000, 0x000000072b600000, 0x000000072b800000|  0%| F|  |TAMS 0x000000072b600000| PB 0x000000072b600000| Untracked |  0
|  53|0x000000072b800000, 0x000000072b800000, 0x000000072ba00000|  0%| F|  |TAMS 0x000000072b800000| PB 0x000000072b800000| Untracked |  0
|  54|0x000000072ba00000, 0x000000072ba00000, 0x000000072bc00000|  0%| F|  |TAMS 0x000000072ba00000| PB 0x000000072ba00000| Untracked |  0
|  55|0x000000072bc00000, 0x000000072bc00000, 0x000000072be00000|  0%| F|  |TAMS 0x000000072bc00000| PB 0x000000072bc00000| Untracked |  0
|  56|0x000000072be00000, 0x000000072be00000, 0x000000072c000000|  0%| F|  |TAMS 0x000000072be00000| PB 0x000000072be00000| Untracked |  0
|  57|0x000000072c000000, 0x000000072c000000, 0x000000072c200000|  0%| F|  |TAMS 0x000000072c000000| PB 0x000000072c000000| Untracked |  0
|  58|0x000000072c200000, 0x000000072c200000, 0x000000072c400000|  0%| F|  |TAMS 0x000000072c200000| PB 0x000000072c200000| Untracked |  0
|  59|0x000000072c400000, 0x000000072c400000, 0x000000072c600000|  0%| F|  |TAMS 0x000000072c400000| PB 0x000000072c400000| Untracked |  0
|  60|0x000000072c600000, 0x000000072c600000, 0x000000072c800000|  0%| F|  |TAMS 0x000000072c600000| PB 0x000000072c600000| Untracked |  0
|  61|0x000000072c800000, 0x000000072c800000, 0x000000072ca00000|  0%| F|  |TAMS 0x000000072c800000| PB 0x000000072c800000| Untracked |  0
|  62|0x000000072ca00000, 0x000000072ca00000, 0x000000072cc00000|  0%| F|  |TAMS 0x000000072ca00000| PB 0x000000072ca00000| Untracked |  0
|  63|0x000000072cc00000, 0x000000072cc00000, 0x000000072ce00000|  0%| F|  |TAMS 0x000000072cc00000| PB 0x000000072cc00000| Untracked |  0
|  64|0x000000072ce00000, 0x000000072ce00000, 0x000000072d000000|  0%| F|  |TAMS 0x000000072ce00000| PB 0x000000072ce00000| Untracked |  0
|  65|0x000000072d000000, 0x000000072d000000, 0x000000072d200000|  0%| F|  |TAMS 0x000000072d000000| PB 0x000000072d000000| Untracked |  0
|  66|0x000000072d200000, 0x000000072d200000, 0x000000072d400000|  0%| F|  |TAMS 0x000000072d200000| PB 0x000000072d200000| Untracked |  0
|  67|0x000000072d400000, 0x000000072d400000, 0x000000072d600000|  0%| F|  |TAMS 0x000000072d400000| PB 0x000000072d400000| Untracked |  0
|  68|0x000000072d600000, 0x000000072d600000, 0x000000072d800000|  0%| F|  |TAMS 0x000000072d600000| PB 0x000000072d600000| Untracked |  0
|  69|0x000000072d800000, 0x000000072d800000, 0x000000072da00000|  0%| F|  |TAMS 0x000000072d800000| PB 0x000000072d800000| Untracked |  0
|  70|0x000000072da00000, 0x000000072da00000, 0x000000072dc00000|  0%| F|  |TAMS 0x000000072da00000| PB 0x000000072da00000| Untracked |  0
|  71|0x000000072dc00000, 0x000000072dc00000, 0x000000072de00000|  0%| F|  |TAMS 0x000000072dc00000| PB 0x000000072dc00000| Untracked |  0
|  72|0x000000072de00000, 0x000000072de00000, 0x000000072e000000|  0%| F|  |TAMS 0x000000072de00000| PB 0x000000072de00000| Untracked |  0
|  73|0x000000072e000000, 0x000000072e000000, 0x000000072e200000|  0%| F|  |TAMS 0x000000072e000000| PB 0x000000072e000000| Untracked |  0
|  74|0x000000072e200000, 0x000000072e200000, 0x000000072e400000|  0%| F|  |TAMS 0x000000072e200000| PB 0x000000072e200000| Untracked |  0
|  75|0x000000072e400000, 0x000000072e400000, 0x000000072e600000|  0%| F|  |TAMS 0x000000072e400000| PB 0x000000072e400000| Untracked |  0
|  76|0x000000072e600000, 0x000000072e600000, 0x000000072e800000|  0%| F|  |TAMS 0x000000072e600000| PB 0x000000072e600000| Untracked |  0
|  77|0x000000072e800000, 0x000000072e800000, 0x000000072ea00000|  0%| F|  |TAMS 0x000000072e800000| PB 0x000000072e800000| Untracked |  0
|  78|0x000000072ea00000, 0x000000072ea00000, 0x000000072ec00000|  0%| F|  |TAMS 0x000000072ea00000| PB 0x000000072ea00000| Untracked |  0
|  79|0x000000072ec00000, 0x000000072ec00000, 0x000000072ee00000|  0%| F|  |TAMS 0x000000072ec00000| PB 0x000000072ec00000| Untracked |  0
|  80|0x000000072ee00000, 0x000000072ee00000, 0x000000072f000000|  0%| F|  |TAMS 0x000000072ee00000| PB 0x000000072ee00000| Untracked |  0
|  81|0x000000072f000000, 0x000000072f000000, 0x000000072f200000|  0%| F|  |TAMS 0x000000072f000000| PB 0x000000072f000000| Untracked |  0
|  82|0x000000072f200000, 0x000000072f200000, 0x000000072f400000|  0%| F|  |TAMS 0x000000072f200000| PB 0x000000072f200000| Untracked |  0
|  83|0x000000072f400000, 0x000000072f400000, 0x000000072f600000|  0%| F|  |TAMS 0x000000072f400000| PB 0x000000072f400000| Untracked |  0
|  84|0x000000072f600000, 0x000000072f600000, 0x000000072f800000|  0%| F|  |TAMS 0x000000072f600000| PB 0x000000072f600000| Untracked |  0
|  85|0x000000072f800000, 0x000000072f800000, 0x000000072fa00000|  0%| F|  |TAMS 0x000000072f800000| PB 0x000000072f800000| Untracked |  0
|  86|0x000000072fa00000, 0x000000072fa00000, 0x000000072fc00000|  0%| F|  |TAMS 0x000000072fa00000| PB 0x000000072fa00000| Untracked |  0
|  87|0x000000072fc00000, 0x000000072fc00000, 0x000000072fe00000|  0%| F|  |TAMS 0x000000072fc00000| PB 0x000000072fc00000| Untracked |  0
|  88|0x000000072fe00000, 0x000000072fe00000, 0x0000000730000000|  0%| F|  |TAMS 0x000000072fe00000| PB 0x000000072fe00000| Untracked |  0
|  89|0x0000000730000000, 0x0000000730000000, 0x0000000730200000|  0%| F|  |TAMS 0x0000000730000000| PB 0x0000000730000000| Untracked |  0
|  90|0x0000000730200000, 0x0000000730200000, 0x0000000730400000|  0%| F|  |TAMS 0x0000000730200000| PB 0x0000000730200000| Untracked |  0
|  91|0x0000000730400000, 0x0000000730400000, 0x0000000730600000|  0%| F|  |TAMS 0x0000000730400000| PB 0x0000000730400000| Untracked |  0
|  92|0x0000000730600000, 0x0000000730600000, 0x0000000730800000|  0%| F|  |TAMS 0x0000000730600000| PB 0x0000000730600000| Untracked |  0
|  93|0x0000000730800000, 0x0000000730800000, 0x0000000730a00000|  0%| F|  |TAMS 0x0000000730800000| PB 0x0000000730800000| Untracked |  0
|  94|0x0000000730a00000, 0x0000000730a00000, 0x0000000730c00000|  0%| F|  |TAMS 0x0000000730a00000| PB 0x0000000730a00000| Untracked |  0
|  95|0x0000000730c00000, 0x0000000730c00000, 0x0000000730e00000|  0%| F|  |TAMS 0x0000000730c00000| PB 0x0000000730c00000| Untracked |  0
|  96|0x0000000730e00000, 0x0000000730fe0000, 0x0000000731000000| 93%| S|CS|TAMS 0x0000000730e00000| PB 0x0000000730e00000| Complete |  0
|  97|0x0000000731000000, 0x0000000731200000, 0x0000000731200000|100%| S|CS|TAMS 0x0000000731000000| PB 0x0000000731000000| Complete |  0
|  98|0x0000000731200000, 0x0000000731200000, 0x0000000731400000|  0%| F|  |TAMS 0x0000000731200000| PB 0x0000000731200000| Untracked |  0
|  99|0x0000000731400000, 0x0000000731400000, 0x0000000731600000|  0%| F|  |TAMS 0x0000000731400000| PB 0x0000000731400000| Untracked |  0
| 100|0x0000000731600000, 0x0000000731600000, 0x0000000731800000|  0%| F|  |TAMS 0x0000000731600000| PB 0x0000000731600000| Untracked |  0
| 101|0x0000000731800000, 0x0000000731800000, 0x0000000731a00000|  0%| F|  |TAMS 0x0000000731800000| PB 0x0000000731800000| Untracked |  0
| 102|0x0000000731a00000, 0x0000000731a00000, 0x0000000731c00000|  0%| F|  |TAMS 0x0000000731a00000| PB 0x0000000731a00000| Untracked |  0
| 103|0x0000000731c00000, 0x0000000731c00000, 0x0000000731e00000|  0%| F|  |TAMS 0x0000000731c00000| PB 0x0000000731c00000| Untracked |  0
| 104|0x0000000731e00000, 0x0000000731e00000, 0x0000000732000000|  0%| F|  |TAMS 0x0000000731e00000| PB 0x0000000731e00000| Untracked |  0
| 105|0x0000000732000000, 0x0000000732000000, 0x0000000732200000|  0%| F|  |TAMS 0x0000000732000000| PB 0x0000000732000000| Untracked |  0
| 106|0x0000000732200000, 0x00000007323ed898, 0x0000000732400000| 96%| E|  |TAMS 0x0000000732200000| PB 0x0000000732200000| Complete |  0
| 107|0x0000000732400000, 0x0000000732600000, 0x0000000732600000|100%| E|CS|TAMS 0x0000000732400000| PB 0x0000000732400000| Complete |  0
| 108|0x0000000732600000, 0x0000000732800000, 0x0000000732800000|100%| E|CS|TAMS 0x0000000732600000| PB 0x0000000732600000| Complete |  0
| 109|0x0000000732800000, 0x0000000732a00000, 0x0000000732a00000|100%| E|CS|TAMS 0x0000000732800000| PB 0x0000000732800000| Complete |  0

Card table byte_map: [0x000001fff11c0000,0x000001fff18a0000] _byte_map_base: 0x000001ffed899000

Marking Bits: (CMBitMap*) 0x000001ffd92adfd0
 Bits: [0x000001fff18a0000, 0x000001fff4f68000)

Polling page: 0x000001ffd8a10000

Metaspace:

Usage:
  Non-class:      5.61 MB used.
      Class:    761.93 KB used.
       Both:      6.35 MB used.

Virtual space:
  Non-class space:       64.00 MB reserved,       5.69 MB (  9%) committed,  1 nodes.
      Class space:        1.00 GB reserved,     832.00 KB ( <1%) committed,  1 nodes.
             Both:        1.06 GB reserved,       6.50 MB ( <1%) committed. 

Chunk freelists:
   Non-Class:  8.61 MB
       Class:  15.19 MB
        Both:  23.80 MB

MaxMetaspaceSize: unlimited
CompressedClassSpaceSize: 1.00 GB
Initial GC threshold: 21.00 MB
Current GC threshold: 21.00 MB
CDS: on
 - commit_granule_bytes: 65536.
 - commit_granule_words: 8192.
 - virtual_space_node_default_size: 8388608.
 - enlarge_chunks_in_place: 1.
 - use_allocation_guard: 0.


Internal statistics:

num_allocs_failed_limit: 0.
num_arena_births: 54.
num_arena_deaths: 0.
num_vsnodes_births: 2.
num_vsnodes_deaths: 0.
num_space_committed: 104.
num_space_uncommitted: 0.
num_chunks_returned_to_freelist: 0.
num_chunks_taken_from_freelist: 235.
num_chunk_merges: 0.
num_chunk_splits: 157.
num_chunks_enlarged: 134.
num_inconsistent_stats: 0.

CodeHeap 'non-profiled nmethods': size=120000Kb used=479Kb max_used=479Kb free=119520Kb
 bounds [0x000001ffe9060000, 0x000001ffe92d0000, 0x000001fff0590000]
CodeHeap 'profiled nmethods': size=120000Kb used=2559Kb max_used=2559Kb free=117441Kb
 bounds [0x000001ffe1590000, 0x000001ffe1810000, 0x000001ffe8ac0000]
CodeHeap 'non-nmethods': size=5760Kb used=1362Kb max_used=1388Kb free=4397Kb
 bounds [0x000001ffe8ac0000, 0x000001ffe8d30000, 0x000001ffe9060000]
 total_blobs=1844 nmethods=1379 adapters=370
 compilation: enabled
              stopped_count=0, restarted_count=0
 full_count=0

Compilation events (20 events):
Event: 49.853 Thread 0x000001ffc5160040 nmethod 1408 0x000001ffe90d6b90 code [0x000001ffe90d6d20, 0x000001ffe90d6df0]
Event: 49.853 Thread 0x000001ffc5160040 1409       1       java.util.HashMap::size (5 bytes)
Event: 49.853 Thread 0x000001ffc5160040 nmethod 1409 0x000001ffe90d6e90 code [0x000001ffe90d7020, 0x000001ffe90d70e8]
Event: 49.857 Thread 0x000001ffc5160040 1410       3       jdk.internal.access.SharedSecrets::getJavaLangAccess (4 bytes)
Event: 49.857 Thread 0x000001ffc5160040 nmethod 1410 0x000001ffe180dc10 code [0x000001ffe180dda0, 0x000001ffe180dea0]
Event: 49.919 Thread 0x000001ffc5160040 1411       3       java.nio.charset.CharsetDecoder::<init> (100 bytes)
Event: 49.919 Thread 0x000001ffc5160040 nmethod 1411 0x000001ffe180df10 code [0x000001ffe180e120, 0x000001ffe180e7d8]
Event: 49.919 Thread 0x000001ffc5160040 1412       3       java.nio.charset.CharsetDecoder::replaceWith (68 bytes)
Event: 49.919 Thread 0x000001ffc5160040 nmethod 1412 0x000001ffe180e990 code [0x000001ffe180eba0, 0x000001ffe180f1e8]
Event: 49.964 Thread 0x000001ffc5160040 1414       3       java.nio.HeapByteBuffer::ix (7 bytes)
Event: 49.964 Thread 0x000001fff7bd0660 1413       4       jdk.internal.jimage.ImageLocation::readValue (61 bytes)
Event: 49.965 Thread 0x000001ffc5160040 nmethod 1414 0x000001ffe180f410 code [0x000001ffe180f5a0, 0x000001ffe180f6b0]
Event: 49.966 Thread 0x000001ffc5160040 1416       3       java.nio.ByteBuffer::allocate (20 bytes)
Event: 49.966 Thread 0x000001ffc5160040 nmethod 1416 0x000001ffe180f710 code [0x000001ffe180f8c0, 0x000001ffe180fad8]
Event: 49.966 Thread 0x000001ffc5160040 1417       3       java.nio.HeapByteBuffer::<init> (21 bytes)
Event: 49.966 Thread 0x000001ffc5160040 nmethod 1417 0x000001ffe90d7190 code [0x000001ffe90d7340, 0x000001ffe90d7558]
Event: 49.966 Thread 0x000001ffc5160040 1418       3       org.eclipse.sisu.space.asm.ClassReader::readMethod (1055 bytes)
Event: 49.968 Thread 0x000001fff7bd0660 nmethod 1413 0x000001ffe90d7690 code [0x000001ffe90d7820, 0x000001ffe90d7a10]
Event: 49.968 Thread 0x000001fff7bd0660 1415       4       org.eclipse.sisu.space.asm.ClassReader::readInt (52 bytes)
Event: 49.969 Thread 0x000001fff7bd0660 nmethod 1415 0x000001ffe90d7b10 code [0x000001ffe90d7ca0, 0x000001ffe90d7dc8]

GC Heap History (2 events):
Event: 44.805 GC heap before
{Heap before GC invocations=0 (full 0):
 garbage-first heap   total reserved 3590144K, committed 225280K, used 24576K [0x0000000724e00000, 0x0000000800000000)
  region size 2048K, 12 young (24576K), 0 survivors (0K)
 Metaspace       used 5709K, committed 5888K, reserved 1114112K
  class space    used 673K, committed 768K, reserved 1048576K
}
Event: 45.083 GC heap after
{Heap after GC invocations=1 (full 0):
 garbage-first heap   total reserved 3590144K, committed 225280K, used 3968K [0x0000000724e00000, 0x0000000800000000)
  region size 2048K, 2 young (4096K), 2 survivors (4096K)
 Metaspace       used 5709K, committed 5888K, reserved 1114112K
  class space    used 673K, committed 768K, reserved 1048576K
}

Dll operation events (8 events):
Event: 0.138 Loaded shared library C:\Program Files\Java\jdk-22\bin\java.dll
Event: 0.862 Loaded shared library C:\Program Files\Java\jdk-22\bin\jsvml.dll
Event: 1.128 Loaded shared library C:\Program Files\Java\jdk-22\bin\net.dll
Event: 1.130 Loaded shared library C:\Program Files\Java\jdk-22\bin\nio.dll
Event: 1.134 Loaded shared library C:\Program Files\Java\jdk-22\bin\zip.dll
Event: 31.234 Loaded shared library C:\Program Files\Java\jdk-22\bin\jimage.dll
Event: 31.320 Loaded shared library C:\Program Files\NetBeans-21\netbeans\java\maven\lib\jansi-native\Windows\x86_64\jansi.dll
Event: 31.825 Loaded shared library C:\Program Files\Java\jdk-22\bin\verify.dll

Deoptimization events (20 events):
Event: 44.042 Thread 0x000001ffd70ef710 DEOPT PACKING pc=0x000001ffe908c800 sp=0x00000056d06fe080
Event: 44.042 Thread 0x000001ffd70ef710 DEOPT UNPACKING pc=0x000001ffe8b146a2 sp=0x00000056d06fe038 mode 2
Event: 44.046 Thread 0x000001ffd70ef710 Uncommon trap: trap_request=0xffffff45 fr.pc=0x000001ffe9084be4 relative=0x00000000000000c4
Event: 44.046 Thread 0x000001ffd70ef710 Uncommon trap: reason=unstable_if action=reinterpret pc=0x000001ffe9084be4 method=org.codehaus.plexus.util.xml.pull.MXParser.more()C @ 8 c2
Event: 44.047 Thread 0x000001ffd70ef710 DEOPT PACKING pc=0x000001ffe9084be4 sp=0x00000056d06fe450
Event: 44.047 Thread 0x000001ffd70ef710 DEOPT UNPACKING pc=0x000001ffe8b146a2 sp=0x00000056d06fe3e0 mode 2
Event: 44.430 Thread 0x000001ffd70ef710 DEOPT PACKING pc=0x000001ffe15e5218 sp=0x00000056d06fe1a0
Event: 44.430 Thread 0x000001ffd70ef710 DEOPT UNPACKING pc=0x000001ffe8b14e42 sp=0x00000056d06fd678 mode 0
Event: 45.134 Thread 0x000001fff7bc96c0 Uncommon trap: trap_request=0xffffff45 fr.pc=0x000001ffe90ab940 relative=0x0000000000000040
Event: 45.134 Thread 0x000001fff7bc96c0 Uncommon trap: reason=unstable_if action=reinterpret pc=0x000001ffe90ab940 method=java.util.concurrent.locks.AbstractQueuedSynchronizer.signalNext(Ljava/util/concurrent/locks/AbstractQueuedSynchronizer$Node;)V @ 1 c2
Event: 45.134 Thread 0x000001fff7bc96c0 DEOPT PACKING pc=0x000001ffe90ab940 sp=0x00000056d0fff490
Event: 45.134 Thread 0x000001fff7bc96c0 DEOPT UNPACKING pc=0x000001ffe8b146a2 sp=0x00000056d0fff420 mode 2
Event: 45.135 Thread 0x000001fff7bc96c0 Uncommon trap: trap_request=0xffffff45 fr.pc=0x000001ffe90ab6a0 relative=0x0000000000000180
Event: 45.140 Thread 0x000001fff7bc96c0 Uncommon trap: reason=unstable_if action=reinterpret pc=0x000001ffe90ab6a0 method=java.util.concurrent.locks.ReentrantLock$NonfairSync.initialTryLock()Z @ 25 c2
Event: 45.143 Thread 0x000001fff7bc96c0 DEOPT PACKING pc=0x000001ffe90ab6a0 sp=0x00000056d0fff470
Event: 45.143 Thread 0x000001fff7bc96c0 DEOPT UNPACKING pc=0x000001ffe8b146a2 sp=0x00000056d0fff410 mode 2
Event: 45.211 Thread 0x000001ffd70ef710 Uncommon trap: trap_request=0xffffff45 fr.pc=0x000001ffe90ba7b0 relative=0x0000000000000b50
Event: 45.211 Thread 0x000001ffd70ef710 Uncommon trap: reason=unstable_if action=reinterpret pc=0x000001ffe90ba7b0 method=org.codehaus.plexus.util.xml.pull.MXParser.nextImpl()I @ 241 c2
Event: 45.211 Thread 0x000001ffd70ef710 DEOPT PACKING pc=0x000001ffe90ba7b0 sp=0x00000056d06fe5d0
Event: 45.211 Thread 0x000001ffd70ef710 DEOPT UNPACKING pc=0x000001ffe8b146a2 sp=0x00000056d06fe560 mode 2

Classes loaded (20 events):
Event: 43.614 Loading class java/lang/reflect/ParameterizedType
Event: 43.614 Loading class java/lang/reflect/ParameterizedType done
Event: 43.618 Loading class java/lang/reflect/WildcardType
Event: 43.618 Loading class java/lang/reflect/WildcardType done
Event: 43.621 Loading class sun/reflect/generics/tree/TypeVariableSignature
Event: 43.621 Loading class sun/reflect/generics/tree/TypeVariableSignature done
Event: 43.636 Loading class java/lang/annotation/IncompleteAnnotationException
Event: 43.636 Loading class java/lang/annotation/IncompleteAnnotationException done
Event: 44.430 Loading class java/lang/foreign/MemorySegment
Event: 44.471 Loading class java/lang/foreign/MemorySegment done
Event: 45.455 Loading class sun/reflect/generics/reflectiveObjects/TypeVariableImpl
Event: 45.491 Loading class sun/reflect/generics/reflectiveObjects/LazyReflectiveObjectGenerator
Event: 45.491 Loading class sun/reflect/generics/reflectiveObjects/LazyReflectiveObjectGenerator done
Event: 45.491 Loading class sun/reflect/generics/reflectiveObjects/TypeVariableImpl done
Event: 45.491 Loading class sun/reflect/generics/reflectiveObjects/ParameterizedTypeImpl
Event: 45.495 Loading class sun/reflect/generics/reflectiveObjects/ParameterizedTypeImpl done
Event: 45.875 Loading class jdk/internal/foreign/MemorySessionImpl
Event: 46.792 Loading class java/lang/foreign/MemorySegment$Scope
Event: 46.793 Loading class java/lang/foreign/MemorySegment$Scope done
Event: 46.794 Loading class jdk/internal/foreign/MemorySessionImpl done

Classes unloaded (0 events):
No events

Classes redefined (0 events):
No events

Internal exceptions (20 events):
Event: 31.328 Thread 0x000001ffd70ef710 Exception <a 'java/lang/NullPointerException'{0x00000007325d2c60}> (0x00000007325d2c60) 
thrown [s\open\src\hotspot\share\interpreter\linkResolver.cpp, line 1374]
Event: 31.328 Thread 0x000001ffd70ef710 Exception <a 'java/lang/NullPointerException'{0x00000007325d2f40}> (0x00000007325d2f40) 
thrown [s\open\src\hotspot\share\interpreter\linkResolver.cpp, line 1374]
Event: 31.339 Thread 0x000001ffd70ef710 Exception <a 'sun/nio/fs/WindowsException'{0x00000007325fbeb0}> (0x00000007325fbeb0) 
thrown [s\open\src\hotspot\share\prims\jni.cpp, line 520]
Event: 31.339 Thread 0x000001ffd70ef710 Exception <a 'sun/nio/fs/WindowsException'{0x00000007325fc688}> (0x00000007325fc688) 
thrown [s\open\src\hotspot\share\prims\jni.cpp, line 520]
Event: 31.339 Thread 0x000001ffd70ef710 Exception <a 'sun/nio/fs/WindowsException'{0x00000007325fccb0}> (0x00000007325fccb0) 
thrown [s\open\src\hotspot\share\prims\jni.cpp, line 520]
Event: 31.340 Thread 0x000001ffd70ef710 Exception <a 'sun/nio/fs/WindowsException'{0x00000007325fd2b0}> (0x00000007325fd2b0) 
thrown [s\open\src\hotspot\share\prims\jni.cpp, line 520]
Event: 31.340 Thread 0x000001ffd70ef710 Exception <a 'sun/nio/fs/WindowsException'{0x00000007325fd828}> (0x00000007325fd828) 
thrown [s\open\src\hotspot\share\prims\jni.cpp, line 520]
Event: 31.340 Thread 0x000001ffd70ef710 Exception <a 'sun/nio/fs/WindowsException'{0x00000007325fdd80}> (0x00000007325fdd80) 
thrown [s\open\src\hotspot\share\prims\jni.cpp, line 520]
Event: 31.340 Thread 0x000001ffd70ef710 Exception <a 'sun/nio/fs/WindowsException'{0x00000007325fe288}> (0x00000007325fe288) 
thrown [s\open\src\hotspot\share\prims\jni.cpp, line 520]
Event: 31.340 Thread 0x000001ffd70ef710 Exception <a 'sun/nio/fs/WindowsException'{0x00000007325fe748}> (0x00000007325fe748) 
thrown [s\open\src\hotspot\share\prims\jni.cpp, line 520]
Event: 32.647 Thread 0x000001ffd70ef710 Exception <a 'java/lang/NoSuchMethodError'{0x0000000732270330}: 'void java.lang.invoke.DirectMethodHandle$Holder.invokeStatic(java.lang.Object, java.lang.Object, java.lang.Object)'> (0x0000000732270330) 
thrown [s\open\src\hotspot\share\interpreter\linkResolver.cpp, line 774]
Event: 34.624 Thread 0x000001ffd70ef710 Exception <a 'java/lang/NoSuchMethodError'{0x0000000732022b08}: 'java.lang.Object java.lang.invoke.DirectMethodHandle$Holder.invokeSpecialIFC(java.lang.Object, java.lang.Object, java.lang.Object, java.lang.Object)'> (0x0000000732022b08) 
thrown [s\open\src\hotspot\share\interpreter\linkResolver.cpp, line 774]
Event: 39.640 Thread 0x000001ffd70ef710 Exception <a 'java/lang/NoSuchMethodError'{0x0000000731d942b0}: 'void java.lang.invoke.DirectMethodHandle$Holder.invokeSpecial(java.lang.Object, java.lang.Object, java.lang.Object)'> (0x0000000731d942b0) 
thrown [s\open\src\hotspot\share\interpreter\linkResolver.cpp, line 774]
Event: 41.359 Thread 0x000001ffd70ef710 Exception <a 'java/lang/NoSuchMethodError'{0x0000000731ad44e8}: 'java.lang.Object java.lang.invoke.DirectMethodHandle$Holder.invokeInterface(java.lang.Object, java.lang.Object)'> (0x0000000731ad44e8) 
thrown [s\open\src\hotspot\share\interpreter\linkResolver.cpp, line 774]
Event: 42.216 Thread 0x000001ffd70ef710 Exception <a 'java/lang/NoSuchMethodError'{0x0000000731b66590}: 'int java.lang.invoke.DirectMethodHandle$Holder.invokeStatic(java.lang.Object, java.lang.Object, java.lang.Object, java.lang.Object)'> (0x0000000731b66590) 
thrown [s\open\src\hotspot\share\interpreter\linkResolver.cpp, line 774]
Event: 42.217 Thread 0x000001ffd70ef710 Exception <a 'java/lang/NoSuchMethodError'{0x0000000731b69c50}: 'java.lang.Object java.lang.invoke.Invokers$Holder.invokeExact_MT(java.lang.Object, java.lang.Object, java.lang.Object, java.lang.Object, java.lang.Object, java.lang.Object)'> (0x0000000731b69c50) 
thrown [s\open\src\hotspot\share\interpreter\linkResolver.cpp, line 774]
Event: 42.219 Thread 0x000001ffd70ef710 Exception <a 'java/lang/NoSuchMethodError'{0x0000000731b786c0}: 'int java.lang.invoke.DirectMethodHandle$Holder.invokeSpecialIFC(java.lang.Object, java.lang.Object, java.lang.Object, java.lang.Object, java.lang.Object)'> (0x0000000731b786c0) 
thrown [s\open\src\hotspot\share\interpreter\linkResolver.cpp, line 774]
Event: 43.527 Thread 0x000001ffd70ef710 Exception <a 'java/lang/NoSuchMethodError'{0x00000007318ef7a8}: 'java.lang.Object java.lang.invoke.DirectMethodHandle$Holder.newInvokeSpecial(java.lang.Object, java.lang.Object, java.lang.Object, java.lang.Object, java.lang.Object)'> (0x00000007318ef7a8) 
thrown [s\open\src\hotspot\share\interpreter\linkResolver.cpp, line 774]
Event: 43.627 Thread 0x000001ffd70ef710 Exception <a 'java/lang/NoSuchMethodError'{0x00000007319e52a0}: 'int java.lang.invoke.DirectMethodHandle$Holder.invokeStaticInit(java.lang.Object, java.lang.Object)'> (0x00000007319e52a0) 
thrown [s\open\src\hotspot\share\interpreter\linkResolver.cpp, line 774]
Event: 43.636 Thread 0x000001ffd70ef710 Exception <a 'java/lang/NoClassDefFoundError'{0x000000073161a158}: javax/enterprise/inject/Typed> (0x000000073161a158) 
thrown [s\open\src\hotspot\share\classfile\systemDictionary.cpp, line 302]

ZGC Phase Switch (0 events):
No events

VM Operations (20 events):
Event: 39.027 Executing VM operation: Cleanup
Event: 39.591 Executing VM operation: Cleanup done
Event: 40.604 Executing VM operation: Cleanup
Event: 40.604 Executing VM operation: Cleanup done
Event: 41.620 Executing VM operation: Cleanup
Event: 41.620 Executing VM operation: Cleanup done
Event: 42.634 Executing VM operation: Cleanup
Event: 42.634 Executing VM operation: Cleanup done
Event: 43.646 Executing VM operation: Cleanup
Event: 43.738 Executing VM operation: Cleanup done
Event: 44.745 Executing VM operation: Cleanup
Event: 44.745 Executing VM operation: Cleanup done
Event: 44.805 Executing VM operation: G1CollectForAllocation (G1 Evacuation Pause)
Event: 45.083 Executing VM operation: G1CollectForAllocation (G1 Evacuation Pause) done
Event: 46.096 Executing VM operation: Cleanup
Event: 46.797 Executing VM operation: Cleanup done
Event: 47.799 Executing VM operation: Cleanup
Event: 47.799 Executing VM operation: Cleanup done
Event: 49.807 Executing VM operation: Cleanup
Event: 49.807 Executing VM operation: Cleanup done

Events (11 events):
Event: 0.844 Thread 0x000001ffd70ef710 Thread added: 0x000001ffd70ef710
Event: 0.860 Thread 0x000001fff7bc96c0 Thread added: 0x000001fff7bc96c0
Event: 0.860 Thread 0x000001fff7bca280 Thread added: 0x000001fff7bca280
Event: 0.861 Thread 0x000001fff7bccda0 Thread added: 0x000001fff7bccda0
Event: 0.861 Thread 0x000001fff7bcd800 Thread added: 0x000001fff7bcd800
Event: 0.861 Thread 0x000001fff7bceb30 Thread added: 0x000001fff7bceb30
Event: 0.861 Thread 0x000001fff7bcf6c0 Thread added: 0x000001fff7bcf6c0
Event: 0.861 Thread 0x000001fff7bd0660 Thread added: 0x000001fff7bd0660
Event: 0.969 Thread 0x000001ffc5160040 Thread added: 0x000001ffc5160040
Event: 1.121 Thread 0x000001ffc52435a0 Thread added: 0x000001ffc52435a0
Event: 1.124 Thread 0x000001ffc524c450 Thread added: 0x000001ffc524c450


Dynamic libraries:
0x00007ff7ed1d0000 - 0x00007ff7ed1e0000 	C:\Program Files\Java\jdk-22\bin\java.exe
0x00007ffc3f9d0000 - 0x00007ffc3fbe7000 	C:\WINDOWS\SYSTEM32\ntdll.dll
0x00007ffc3e920000 - 0x00007ffc3e9e4000 	C:\WINDOWS\System32\KERNEL32.DLL
0x00007ffc3cf80000 - 0x00007ffc3d327000 	C:\WINDOWS\System32\KERNELBASE.dll
0x00007ffc3ce60000 - 0x00007ffc3cf71000 	C:\WINDOWS\System32\ucrtbase.dll
0x00007ffc0f400000 - 0x00007ffc0f417000 	C:\Program Files\Java\jdk-22\bin\jli.dll
0x00007ffc3e9f0000 - 0x00007ffc3eaa2000 	C:\WINDOWS\System32\ADVAPI32.dll
0x00007ffc3eab0000 - 0x00007ffc3eb57000 	C:\WINDOWS\System32\msvcrt.dll
0x00007ffc3dbc0000 - 0x00007ffc3dc68000 	C:\WINDOWS\System32\sechost.dll
0x00007ffc3ce30000 - 0x00007ffc3ce58000 	C:\WINDOWS\System32\bcrypt.dll
0x00007ffc3f650000 - 0x00007ffc3f765000 	C:\WINDOWS\System32\RPCRT4.dll
0x00007ffc3e520000 - 0x00007ffc3e6ce000 	C:\WINDOWS\System32\USER32.dll
0x00007ffc3d4c0000 - 0x00007ffc3d4e6000 	C:\WINDOWS\System32\win32u.dll
0x00007ffc3db70000 - 0x00007ffc3db99000 	C:\WINDOWS\System32\GDI32.dll
0x00007ffc3d3a0000 - 0x00007ffc3d4b9000 	C:\WINDOWS\System32\gdi32full.dll
0x00007ffc3d4f0000 - 0x00007ffc3d58a000 	C:\WINDOWS\System32\msvcp_win.dll
0x00007ffbf78f0000 - 0x00007ffbf790b000 	C:\Program Files\Java\jdk-22\bin\VCRUNTIME140.dll
0x00007ffc10350000 - 0x00007ffc105e3000 	C:\WINDOWS\WinSxS\amd64_microsoft.windows.common-controls_6595b64144ccf1df_6.0.22621.3527_none_270e469b73872a76\COMCTL32.dll
0x00007ffc343d0000 - 0x00007ffc343da000 	C:\WINDOWS\SYSTEM32\VERSION.dll
0x00007ffc3f2b0000 - 0x00007ffc3f2e1000 	C:\WINDOWS\System32\IMM32.DLL
0x00007ffc0e880000 - 0x00007ffc0e88c000 	C:\Program Files\Java\jdk-22\bin\vcruntime140_1.dll
0x00007ffbd0ad0000 - 0x00007ffbd0b5e000 	C:\Program Files\Java\jdk-22\bin\msvcp140.dll
0x00007ffba99a0000 - 0x00007ffbaa6e8000 	C:\Program Files\Java\jdk-22\bin\server\jvm.dll
0x00007ffc3e6d0000 - 0x00007ffc3e741000 	C:\WINDOWS\System32\WS2_32.dll
0x00007ffc3cbb0000 - 0x00007ffc3cbfd000 	C:\WINDOWS\SYSTEM32\POWRPROF.dll
0x00007ffc345c0000 - 0x00007ffc345f4000 	C:\WINDOWS\SYSTEM32\WINMM.dll
0x00007ffc3cb90000 - 0x00007ffc3cba3000 	C:\WINDOWS\SYSTEM32\UMPDC.dll
0x00007ffc3bcd0000 - 0x00007ffc3bce8000 	C:\WINDOWS\SYSTEM32\kernel.appcore.dll
0x00007ffbf77d0000 - 0x00007ffbf77da000 	C:\Program Files\Java\jdk-22\bin\jimage.dll
0x00007ffc3a670000 - 0x00007ffc3a8a2000 	C:\WINDOWS\SYSTEM32\DBGHELP.DLL
0x00007ffc3d700000 - 0x00007ffc3da88000 	C:\WINDOWS\System32\combase.dll
0x00007ffc3da90000 - 0x00007ffc3db67000 	C:\WINDOWS\System32\OLEAUT32.dll
0x00007ffc2a930000 - 0x00007ffc2a962000 	C:\WINDOWS\SYSTEM32\dbgcore.DLL
0x00007ffc3cdb0000 - 0x00007ffc3ce29000 	C:\WINDOWS\System32\bcryptPrimitives.dll
0x00007ffbf78d0000 - 0x00007ffbf78ee000 	C:\Program Files\Java\jdk-22\bin\java.dll
0x00007ffc3dc70000 - 0x00007ffc3e4cc000 	C:\WINDOWS\System32\SHELL32.dll
0x00007ffc3f2f0000 - 0x00007ffc3f495000 	C:\WINDOWS\System32\ole32.dll
0x00007ffc3abe0000 - 0x00007ffc3b4d6000 	C:\WINDOWS\SYSTEM32\windows.storage.dll
0x00007ffc3aaa0000 - 0x00007ffc3abde000 	C:\WINDOWS\SYSTEM32\wintypes.dll
0x00007ffc3ed30000 - 0x00007ffc3ee25000 	C:\WINDOWS\System32\SHCORE.dll
0x00007ffc3ec60000 - 0x00007ffc3ecbe000 	C:\WINDOWS\System32\shlwapi.dll
0x00007ffc3cc20000 - 0x00007ffc3cc41000 	C:\WINDOWS\SYSTEM32\profapi.dll
0x00007ffbdd120000 - 0x00007ffbdd1f7000 	C:\Program Files\Java\jdk-22\bin\jsvml.dll
0x00007ffbf77c0000 - 0x00007ffbf77d0000 	C:\Program Files\Java\jdk-22\bin\net.dll
0x00007ffc3c130000 - 0x00007ffc3c199000 	C:\WINDOWS\system32\mswsock.dll
0x00007ffbdd100000 - 0x00007ffbdd116000 	C:\Program Files\Java\jdk-22\bin\nio.dll
0x00007ffbdd0e0000 - 0x00007ffbdd0f7000 	C:\Program Files\Java\jdk-22\bin\zip.dll
0x0000000069ac0000 - 0x0000000069ae4000 	C:\Program Files\NetBeans-21\netbeans\java\maven\lib\jansi-native\Windows\x86_64\jansi.dll
0x00007ffbf77b0000 - 0x00007ffbf77c0000 	C:\Program Files\Java\jdk-22\bin\verify.dll

dbghelp: loaded successfully - version: 4.0.5 - missing functions: none
symbol engine: initialized successfully - sym options: 0x614 - pdb path: .;C:\Program Files\Java\jdk-22\bin;C:\WINDOWS\SYSTEM32;C:\WINDOWS\WinSxS\amd64_microsoft.windows.common-controls_6595b64144ccf1df_6.0.22621.3527_none_270e469b73872a76;C:\Program Files\Java\jdk-22\bin\server;C:\Program Files\NetBeans-21\netbeans\java\maven\lib\jansi-native\Windows\x86_64

VM Arguments:
jvm_args: -Dclassworlds.conf=C:\Program Files\NetBeans-21\netbeans\java\maven\bin\m2.conf -Dmaven.home=C:\Program Files\NetBeans-21\netbeans\java\maven -Dlibrary.jansi.path=C:\Program Files\NetBeans-21\netbeans\java\maven\lib\jansi-native -Dmaven.multiModuleProjectDirectory=C:\Users\ADMIN\OneDrive\Documents\GitHub\Management_Project_Java\mavenproject1 
java_command: org.codehaus.plexus.classworlds.launcher.Launcher -Dexec.vmArgs=--enable-preview -Dexec.args=${exec.vmArgs} -classpath %classpath ${exec.mainClass} ${exec.appArgs} -Dexec.appArgs= -Dexec.mainClass=GUI.Login -Dexec.executable=C:\Program Files\Java\jdk-22\bin\java.exe -Dmaven.ext.class.path=C:\Program Files\NetBeans-21\netbeans\java\maven-nblib\netbeans-eventspy.jar --no-transfer-progress process-classes org.codehaus.mojo:exec-maven-plugin:3.1.0:exec
java_class_path (initial): C:\Program Files\NetBeans-21\netbeans\java\maven\boot\plexus-classworlds-2.7.0.jar
Launcher Type: SUN_STANDARD

[Global flags]
     intx CICompilerCount                          = 4                                         {product} {ergonomic}
     uint ConcGCThreads                            = 3                                         {product} {ergonomic}
     uint G1ConcRefinementThreads                  = 10                                        {product} {ergonomic}
   size_t G1HeapRegionSize                         = 2097152                                   {product} {ergonomic}
   size_t InitialHeapSize                          = 230686720                                 {product} {ergonomic}
   size_t MarkStackSize                            = 4194304                                   {product} {ergonomic}
   size_t MaxHeapSize                              = 3676307456                                {product} {ergonomic}
   size_t MaxNewSize                               = 2204106752                                {product} {ergonomic}
   size_t MinHeapDeltaBytes                        = 2097152                                   {product} {ergonomic}
   size_t MinHeapSize                              = 8388608                                   {product} {ergonomic}
    uintx NonNMethodCodeHeapSize                   = 5839372                                {pd product} {ergonomic}
    uintx NonProfiledCodeHeapSize                  = 122909434                              {pd product} {ergonomic}
    uintx ProfiledCodeHeapSize                     = 122909434                              {pd product} {ergonomic}
    uintx ReservedCodeCacheSize                    = 251658240                              {pd product} {ergonomic}
     bool SegmentedCodeCache                       = true                                      {product} {ergonomic}
   size_t SoftMaxHeapSize                          = 3676307456                             {manageable} {ergonomic}
     bool UseCompressedOops                        = true                           {product lp64_product} {ergonomic}
     bool UseG1GC                                  = true                                      {product} {ergonomic}
     bool UseLargePagesIndividualAllocation        = false                                  {pd product} {ergonomic}

Logging:
Log output configuration:
 #0: stdout all=warning uptime,level,tags foldmultilines=false
 #1: stderr all=off uptime,level,tags foldmultilines=false

Environment Variables:
JAVA_HOME=C:\Program Files\Java\jdk-22
PATH=C:\Program Files (x86)\VMware\VMware Workstation\bin\;C:\Program Files\Common Files\Oracle\Java\javapath;C:\Program Files (x86)\Common Files\Oracle\Java\javapath;C:\Windows\system32;C:\Windows;C:\Windows\System32\Wbem;C:\Windows\System32\WindowsPowerShell\v1.0\;C:\Windows\System32\OpenSSH\;C:\Program Files (x86)\NVIDIA Corporation\PhysX\Common;C:\Program Files\NVIDIA Corporation\NVIDIA NvDLISR;C:\msys64\mingw64\bin;C:\WINDOWS\system32;C:\WINDOWS;C:\WINDOWS\System32\Wbem;C:\WINDOWS\System32\WindowsPowerShell\v1.0\;C:\WINDOWS\System32\OpenSSH\;C:\Program Files (x86)\Microsoft SQL Server\110\Tools\Binn\;C:\Program Files\Microsoft SQL Server\110\Tools\Binn\;C:\Program Files\Microsoft SQL Server\110\DTS\Binn\;C:\Program Files (x86)\Microsoft SQL Server\110\Tools\Binn\ManagementStudio\;C:\Program Files (x86)\Microsoft SQL Server\110\DTS\Binn\;C:\Program Files\Microsoft SQL Server\150\Tools\Binn\;C:\Program Files\Microsoft SQL Server\Client SDK\ODBC\170\Tools\Binn\;C:\Program Files\dotnet\;C:\Program Files\Git\cmd;C:\Users\ADMIN\AppData\Local\Programs\Python\Python312\Scripts\;C:\Users\ADMIN\AppData\Local\Programs\Python\Python312\;C:\Users\ADMIN\AppData\Local\Programs\Python\Launcher\;C:\Users\ADMIN\AppData\Local\Microsoft\WindowsApps;C:\Users\ADMIN\.dotnet\tools;C:\Users\ADMIN\AppData\Local\Programs\Microsoft VS Code\bin;C:\Users\ADMIN\AppData\Local\GitHubDesktop\bin;C:\Program Files\Java\jdk-22\bin;
USERNAME=ADMIN
OS=Windows_NT
PROCESSOR_IDENTIFIER=AMD64 Family 25 Model 68 Stepping 1, AuthenticAMD
TMP=C:\Users\ADMIN\AppData\Local\Temp
TEMP=C:\Users\ADMIN\AppData\Local\Temp




Periodic native trim disabled

---------------  S Y S T E M  ---------------

OS:
 Windows 11 , 64 bit Build 22621 (10.0.22621.3527)
OS uptime: 1 days 1:44 hours
Hyper-V role detected

CPU: total 12 (initial active 12) (12 cores per cpu, 2 threads per core) family 25 model 68 stepping 1 microcode 0x0, cx8, cmov, fxsr, ht, mmx, 3dnowpref, sse, sse2, sse3, ssse3, sse4a, sse4.1, sse4.2, popcnt, lzcnt, tsc, tscinvbit, avx, avx2, aes, erms, clmul, bmi1, bmi2, adx, sha, fma, vzeroupper, clflush, clflushopt, hv, rdtscp, rdpid, fsrm, f16c, cet_ss
Processor Information for all 12 processors :
  Max Mhz: 3301, Current Mhz: 3301, Mhz Limit: 3301

Memory: 4k page, system-wide physical 14020M (1090M free)
TotalPageFile size 57028M (AvailPageFile size 2339M)
current process WorkingSet (physical memory assigned to process): 49M, peak: 80M
current process commit charge ("private bytes"): 321M, peak: 323M

vm_info: Java HotSpot(TM) 64-Bit Server VM (22+36-2370) for windows-amd64 JRE (22+36-2370), built on 2024-02-15T22:15:19Z by "mach5one" with MS VC++ 17.6 (VS2022)

END.
