#
# There is insufficient memory for the Java Runtime Environment to continue.
# Native memory allocation (malloc) failed to allocate 78416 bytes. Error detail: Chunk::new
# Possible reasons:
#   The system is out of physical RAM or swap space
#   This process is running with CompressedOops enabled, and the Java Heap may be blocking the growth of the native heap
# Possible solutions:
#   Reduce memory load on the system
#   Increase physical memory or swap space
#   Check if swap backing store is full
#   Decrease Java heap size (-Xmx/-Xms)
#   Decrease number of Java threads
#   Decrease Java thread stack sizes (-Xss)
#   Set larger code cache with -XX:ReservedCodeCacheSize=
#   JVM is running with Zero Based Compressed Oops mode in which the Java heap is
#     placed in the first 32GB address space. The Java Heap base address is the
#     maximum limit for the native heap growth. Please use -XX:HeapBaseMinAddress
#     to set the Java Heap base and to place the Java Heap above 32GB virtual address.
# This output file may be truncated or incomplete.
#
#  Out of Memory Error (arena.cpp:150), pid=30084, tid=31932
#
# JRE version: Java(TM) SE Runtime Environment (22.0+36) (build 22+36-2370)
# Java VM: Java HotSpot(TM) 64-Bit Server VM (22+36-2370, mixed mode, sharing, tiered, compressed oops, compressed class ptrs, g1 gc, windows-amd64)
# No core dump will be written. Minidumps are not enabled by default on client versions of Windows
#

---------------  S U M M A R Y ------------

Command Line: -Dclassworlds.conf=C:\Program Files\NetBeans-21\netbeans\java\maven\bin\m2.conf -Dmaven.home=C:\Program Files\NetBeans-21\netbeans\java\maven -Dlibrary.jansi.path=C:\Program Files\NetBeans-21\netbeans\java\maven\lib\jansi-native -Dmaven.multiModuleProjectDirectory=C:\Users\ADMIN\OneDrive\Documents\GitHub\Management_Project_Java\mavenproject1 org.codehaus.plexus.classworlds.launcher.Launcher -Dexec.vmArgs=--enable-preview -Dexec.args=${exec.vmArgs} -classpath %classpath ${exec.mainClass} ${exec.appArgs} -Dexec.appArgs= -Dexec.mainClass=GUI.Login -Dexec.executable=C:\Program Files\Java\jdk-22\bin\java.exe -Dmaven.ext.class.path=C:\Program Files\NetBeans-21\netbeans\java\maven-nblib\netbeans-eventspy.jar --no-transfer-progress process-classes org.codehaus.mojo:exec-maven-plugin:3.1.0:exec

Host: AMD Ryzen 5 6600HS Creator Edition             , 12 cores, 13G,  Windows 11 , 64 bit Build 22621 (10.0.22621.3527)
Time: Thu May 16 16:18:44 2024 SE Asia Standard Time elapsed time: 54.147625 seconds (0d 0h 0m 54s)

---------------  T H R E A D  ---------------

Current thread (0x000001edc303adc0):  JavaThread "C2 CompilerThread0" daemon [_thread_in_native, id=31932, stack(0x00000080d0700000,0x00000080d0800000) (1024K)]


Current CompileTask:
C2:54147 3626 %     4       java.io.WinNTFileSystem::normalize @ 58 (224 bytes)

Stack: [0x00000080d0700000,0x00000080d0800000]
Native frames: (J=compiled Java code, j=interpreted, Vv=VM code, C=native code)
V  [jvm.dll+0x6e2349]  (no source info available)
V  [jvm.dll+0x874ed3]  (no source info available)
V  [jvm.dll+0x8772fe]  (no source info available)
V  [jvm.dll+0x8779d3]  (no source info available)
V  [jvm.dll+0x27fcb6]  (no source info available)
V  [jvm.dll+0xc3d0f]  (no source info available)
V  [jvm.dll+0xc3f6b]  (no source info available)
V  [jvm.dll+0x3bb022]  (no source info available)
V  [jvm.dll+0x1df30b]  (no source info available)
V  [jvm.dll+0x247a4c]  (no source info available)
V  [jvm.dll+0x246faf]  (no source info available)
V  [jvm.dll+0x1c4e90]  (no source info available)
V  [jvm.dll+0x25699e]  (no source info available)
V  [jvm.dll+0x254c5a]  (no source info available)
V  [jvm.dll+0x3f5426]  (no source info available)
V  [jvm.dll+0x81d50b]  (no source info available)
V  [jvm.dll+0x6e09e5]  (no source info available)
C  [ucrtbase.dll+0x29333]  (no source info available)
C  [KERNEL32.DLL+0x1257d]  (no source info available)
C  [ntdll.dll+0x5aa48]  (no source info available)


---------------  P R O C E S S  ---------------

Threads class SMR info:
_java_thread_list=0x000001ee09c29380, length=13, elements={
0x000001eda236f710, 0x000001edc302e820, 0x000001edc302f590, 0x000001edc3031b60,
0x000001edc30335d0, 0x000001edc30355c0, 0x000001edc303a030, 0x000001edc303adc0,
0x000001edc304fbd0, 0x000001edc32ce8f0, 0x000001edc32d1940, 0x000001ee091068d0,
0x000001ee09e8a130
}

Java Threads: ( => current thread )
  0x000001eda236f710 JavaThread "main"                              [_thread_in_Java, id=30336, stack(0x00000080cf800000,0x00000080cf900000) (1024K)]
  0x000001edc302e820 JavaThread "Reference Handler"          daemon [_thread_blocked, id=31908, stack(0x00000080d0100000,0x00000080d0200000) (1024K)]
  0x000001edc302f590 JavaThread "Finalizer"                  daemon [_thread_blocked, id=31912, stack(0x00000080d0200000,0x00000080d0300000) (1024K)]
  0x000001edc3031b60 JavaThread "Signal Dispatcher"          daemon [_thread_blocked, id=31916, stack(0x00000080d0300000,0x00000080d0400000) (1024K)]
  0x000001edc30335d0 JavaThread "Attach Listener"            daemon [_thread_blocked, id=31920, stack(0x00000080d0400000,0x00000080d0500000) (1024K)]
  0x000001edc30355c0 JavaThread "Service Thread"             daemon [_thread_blocked, id=31924, stack(0x00000080d0500000,0x00000080d0600000) (1024K)]
  0x000001edc303a030 JavaThread "Monitor Deflation Thread"   daemon [_thread_blocked, id=31928, stack(0x00000080d0600000,0x00000080d0700000) (1024K)]
=>0x000001edc303adc0 JavaThread "C2 CompilerThread0"         daemon [_thread_in_native, id=31932, stack(0x00000080d0700000,0x00000080d0800000) (1024K)]
  0x000001edc304fbd0 JavaThread "C1 CompilerThread0"         daemon [_thread_in_native, id=31936, stack(0x00000080d0800000,0x00000080d0900000) (1024K)]
  0x000001edc32ce8f0 JavaThread "Notification Thread"        daemon [_thread_blocked, id=31940, stack(0x00000080d0900000,0x00000080d0a00000) (1024K)]
  0x000001edc32d1940 JavaThread "Common-Cleaner"             daemon [_thread_blocked, id=31944, stack(0x00000080d0a00000,0x00000080d0b00000) (1024K)]
  0x000001ee091068d0 JavaThread "C2 CompilerThread1"         daemon [_thread_blocked, id=39244, stack(0x00000080d0c00000,0x00000080d0d00000) (1024K)]
  0x000001ee09e8a130 JavaThread "C2 CompilerThread2"         daemon [_thread_in_native, id=40184, stack(0x00000080d1500000,0x00000080d1600000) (1024K)]
Total: 13

Other Threads:
  0x000001edc3011c00 VMThread "VM Thread"                           [id=31824, stack(0x00000080d0000000,0x00000080d0100000) (1024K)]
  0x000001edc2ffa020 WatcherThread "VM Periodic Task Thread"        [id=31800, stack(0x00000080cff00000,0x00000080d0000000) (1024K)]
  0x000001eda471d9c0 WorkerThread "GC Thread#0"                     [id=31460, stack(0x00000080cfa00000,0x00000080cfb00000) (1024K)]
  0x000001edc3c37be0 WorkerThread "GC Thread#1"                     [id=37360, stack(0x00000080d0d00000,0x00000080d0e00000) (1024K)]
  0x000001ee09857b10 WorkerThread "GC Thread#2"                     [id=37364, stack(0x00000080d0e00000,0x00000080d0f00000) (1024K)]
  0x000001ee0989a150 WorkerThread "GC Thread#3"                     [id=37368, stack(0x00000080d0f00000,0x00000080d1000000) (1024K)]
  0x000001ee09b78570 WorkerThread "GC Thread#4"                     [id=37372, stack(0x00000080d1000000,0x00000080d1100000) (1024K)]
  0x000001ee09a85fd0 WorkerThread "GC Thread#5"                     [id=37448, stack(0x00000080d1100000,0x00000080d1200000) (1024K)]
  0x000001ee09a86380 WorkerThread "GC Thread#6"                     [id=37452, stack(0x00000080d1200000,0x00000080d1300000) (1024K)]
  0x000001ee09a86730 WorkerThread "GC Thread#7"                     [id=37460, stack(0x00000080d1300000,0x00000080d1400000) (1024K)]
  0x000001ee09a86ae0 WorkerThread "GC Thread#8"                     [id=37468, stack(0x00000080d1400000,0x00000080d1500000) (1024K)]
  0x000001ee09abec30 WorkerThread "GC Thread#9"                     [id=39756, stack(0x00000080d0b00000,0x00000080d0c00000) (1024K)]
  0x000001eda472c3c0 ConcurrentGCThread "G1 Main Marker"            [id=31464, stack(0x00000080cfb00000,0x00000080cfc00000) (1024K)]
  0x000001eda472cdd0 WorkerThread "G1 Conc#0"                       [id=31468, stack(0x00000080cfc00000,0x00000080cfd00000) (1024K)]
  0x000001edc2ecd550 ConcurrentGCThread "G1 Refine#0"               [id=31612, stack(0x00000080cfd00000,0x00000080cfe00000) (1024K)]
  0x000001edc2ecdfd0 ConcurrentGCThread "G1 Service"                [id=31616, stack(0x00000080cfe00000,0x00000080cff00000) (1024K)]
Total: 16

Threads with active compile tasks:
C2 CompilerThread0  59201 3626 %     4       java.io.WinNTFileSystem::normalize @ 58 (224 bytes)
C2 CompilerThread2  59201 4114       4       sun.nio.fs.WindowsPathParser::normalize (233 bytes)
Total: 2

VM state: not at safepoint (normal execution)

VM Mutex/Monitor currently owned by a thread: None

Heap address: 0x0000000724e00000, size: 3506 MB, Compressed Oops mode: Zero based, Oop shift amount: 3

CDS archive(s) mapped at: [0x000001edc4000000-0x000001edc4c60000-0x000001edc4c60000), size 12976128, SharedBaseAddress: 0x000001edc4000000, ArchiveRelocationMode: 1.
Compressed class space mapped at: 0x000001edc5000000-0x000001ee05000000, reserved size: 1073741824
Narrow klass base: 0x000001edc4000000, Narrow klass shift: 0, Narrow klass range: 0x41000000

GC Precious Log:
 CardTable entry size: 512
 Card Set container configuration: InlinePtr #cards 4 size 8 Array Of Cards #cards 16 size 48 Howl #buckets 8 coarsen threshold 3686 Howl Bitmap #cards 512 size 80 coarsen threshold 460 Card regions per heap region 1 cards per card region 4096
 CPUs: 12 total, 12 available
 Memory: 14020M
 Large Page Support: Disabled
 NUMA Support: Disabled
 Compressed Oops: Enabled (Zero based)
 Heap Region Size: 2M
 Heap Min Capacity: 8M
 Heap Initial Capacity: 220M
 Heap Max Capacity: 3506M
 Pre-touch: Disabled
 Parallel Workers: 10
 Concurrent Workers: 3
 Concurrent Refinement Workers: 10
 Periodic GC: Disabled

Heap:
 garbage-first heap   total reserved 3590144K, committed 225280K, used 72006K [0x0000000724e00000, 0x0000000800000000)
  region size 2048K, 35 young (71680K), 2 survivors (4096K)
 Metaspace       used 18693K, committed 19008K, reserved 1114112K
  class space    used 2211K, committed 2368K, reserved 1048576K

Heap Regions: E=young(eden), S=young(survivor), O=old, HS=humongous(starts), HC=humongous(continues), CS=collection set, F=free, TAMS=top-at-mark-start, PB=parsable bottom
|   0|0x0000000724e00000, 0x0000000725000000, 0x0000000725000000|100%| O|  |TAMS 0x0000000724e00000| PB 0x0000000724e00000| Untracked |  0
|   1|0x0000000725000000, 0x00000007251ab6e0, 0x0000000725200000| 83%| O|  |TAMS 0x0000000725000000| PB 0x0000000725000000| Untracked |  0
|   2|0x0000000725200000, 0x0000000725200000, 0x0000000725400000|  0%| F|  |TAMS 0x0000000725200000| PB 0x0000000725200000| Untracked |  0
|   3|0x0000000725400000, 0x0000000725400000, 0x0000000725600000|  0%| F|  |TAMS 0x0000000725400000| PB 0x0000000725400000| Untracked |  0
|   4|0x0000000725600000, 0x0000000725600000, 0x0000000725800000|  0%| F|  |TAMS 0x0000000725600000| PB 0x0000000725600000| Untracked |  0
|   5|0x0000000725800000, 0x0000000725800000, 0x0000000725a00000|  0%| F|  |TAMS 0x0000000725800000| PB 0x0000000725800000| Untracked |  0
|   6|0x0000000725a00000, 0x0000000725a00000, 0x0000000725c00000|  0%| F|  |TAMS 0x0000000725a00000| PB 0x0000000725a00000| Untracked |  0
|   7|0x0000000725c00000, 0x0000000725c00000, 0x0000000725e00000|  0%| F|  |TAMS 0x0000000725c00000| PB 0x0000000725c00000| Untracked |  0
|   8|0x0000000725e00000, 0x0000000725e00000, 0x0000000726000000|  0%| F|  |TAMS 0x0000000725e00000| PB 0x0000000725e00000| Untracked |  0
|   9|0x0000000726000000, 0x0000000726000000, 0x0000000726200000|  0%| F|  |TAMS 0x0000000726000000| PB 0x0000000726000000| Untracked |  0
|  10|0x0000000726200000, 0x0000000726200000, 0x0000000726400000|  0%| F|  |TAMS 0x0000000726200000| PB 0x0000000726200000| Untracked |  0
|  11|0x0000000726400000, 0x0000000726400000, 0x0000000726600000|  0%| F|  |TAMS 0x0000000726400000| PB 0x0000000726400000| Untracked |  0
|  12|0x0000000726600000, 0x0000000726600000, 0x0000000726800000|  0%| F|  |TAMS 0x0000000726600000| PB 0x0000000726600000| Untracked |  0
|  13|0x0000000726800000, 0x0000000726800000, 0x0000000726a00000|  0%| F|  |TAMS 0x0000000726800000| PB 0x0000000726800000| Untracked |  0
|  14|0x0000000726a00000, 0x0000000726a00000, 0x0000000726c00000|  0%| F|  |TAMS 0x0000000726a00000| PB 0x0000000726a00000| Untracked |  0
|  15|0x0000000726c00000, 0x0000000726c00000, 0x0000000726e00000|  0%| F|  |TAMS 0x0000000726c00000| PB 0x0000000726c00000| Untracked |  0
|  16|0x0000000726e00000, 0x0000000726e00000, 0x0000000727000000|  0%| F|  |TAMS 0x0000000726e00000| PB 0x0000000726e00000| Untracked |  0
|  17|0x0000000727000000, 0x0000000727000000, 0x0000000727200000|  0%| F|  |TAMS 0x0000000727000000| PB 0x0000000727000000| Untracked |  0
|  18|0x0000000727200000, 0x0000000727200000, 0x0000000727400000|  0%| F|  |TAMS 0x0000000727200000| PB 0x0000000727200000| Untracked |  0
|  19|0x0000000727400000, 0x0000000727400000, 0x0000000727600000|  0%| F|  |TAMS 0x0000000727400000| PB 0x0000000727400000| Untracked |  0
|  20|0x0000000727600000, 0x0000000727600000, 0x0000000727800000|  0%| F|  |TAMS 0x0000000727600000| PB 0x0000000727600000| Untracked |  0
|  21|0x0000000727800000, 0x0000000727800000, 0x0000000727a00000|  0%| F|  |TAMS 0x0000000727800000| PB 0x0000000727800000| Untracked |  0
|  22|0x0000000727a00000, 0x0000000727a00000, 0x0000000727c00000|  0%| F|  |TAMS 0x0000000727a00000| PB 0x0000000727a00000| Untracked |  0
|  23|0x0000000727c00000, 0x0000000727c00000, 0x0000000727e00000|  0%| F|  |TAMS 0x0000000727c00000| PB 0x0000000727c00000| Untracked |  0
|  24|0x0000000727e00000, 0x0000000727e00000, 0x0000000728000000|  0%| F|  |TAMS 0x0000000727e00000| PB 0x0000000727e00000| Untracked |  0
|  25|0x0000000728000000, 0x0000000728000000, 0x0000000728200000|  0%| F|  |TAMS 0x0000000728000000| PB 0x0000000728000000| Untracked |  0
|  26|0x0000000728200000, 0x0000000728200000, 0x0000000728400000|  0%| F|  |TAMS 0x0000000728200000| PB 0x0000000728200000| Untracked |  0
|  27|0x0000000728400000, 0x0000000728400000, 0x0000000728600000|  0%| F|  |TAMS 0x0000000728400000| PB 0x0000000728400000| Untracked |  0
|  28|0x0000000728600000, 0x0000000728600000, 0x0000000728800000|  0%| F|  |TAMS 0x0000000728600000| PB 0x0000000728600000| Untracked |  0
|  29|0x0000000728800000, 0x0000000728800000, 0x0000000728a00000|  0%| F|  |TAMS 0x0000000728800000| PB 0x0000000728800000| Untracked |  0
|  30|0x0000000728a00000, 0x0000000728a00000, 0x0000000728c00000|  0%| F|  |TAMS 0x0000000728a00000| PB 0x0000000728a00000| Untracked |  0
|  31|0x0000000728c00000, 0x0000000728c00000, 0x0000000728e00000|  0%| F|  |TAMS 0x0000000728c00000| PB 0x0000000728c00000| Untracked |  0
|  32|0x0000000728e00000, 0x0000000728e00000, 0x0000000729000000|  0%| F|  |TAMS 0x0000000728e00000| PB 0x0000000728e00000| Untracked |  0
|  33|0x0000000729000000, 0x0000000729000000, 0x0000000729200000|  0%| F|  |TAMS 0x0000000729000000| PB 0x0000000729000000| Untracked |  0
|  34|0x0000000729200000, 0x0000000729200000, 0x0000000729400000|  0%| F|  |TAMS 0x0000000729200000| PB 0x0000000729200000| Untracked |  0
|  35|0x0000000729400000, 0x0000000729400000, 0x0000000729600000|  0%| F|  |TAMS 0x0000000729400000| PB 0x0000000729400000| Untracked |  0
|  36|0x0000000729600000, 0x0000000729600000, 0x0000000729800000|  0%| F|  |TAMS 0x0000000729600000| PB 0x0000000729600000| Untracked |  0
|  37|0x0000000729800000, 0x0000000729800000, 0x0000000729a00000|  0%| F|  |TAMS 0x0000000729800000| PB 0x0000000729800000| Untracked |  0
|  38|0x0000000729a00000, 0x0000000729a00000, 0x0000000729c00000|  0%| F|  |TAMS 0x0000000729a00000| PB 0x0000000729a00000| Untracked |  0
|  39|0x0000000729c00000, 0x0000000729c00000, 0x0000000729e00000|  0%| F|  |TAMS 0x0000000729c00000| PB 0x0000000729c00000| Untracked |  0
|  40|0x0000000729e00000, 0x0000000729e00000, 0x000000072a000000|  0%| F|  |TAMS 0x0000000729e00000| PB 0x0000000729e00000| Untracked |  0
|  41|0x000000072a000000, 0x000000072a000000, 0x000000072a200000|  0%| F|  |TAMS 0x000000072a000000| PB 0x000000072a000000| Untracked |  0
|  42|0x000000072a200000, 0x000000072a200000, 0x000000072a400000|  0%| F|  |TAMS 0x000000072a200000| PB 0x000000072a200000| Untracked |  0
|  43|0x000000072a400000, 0x000000072a400000, 0x000000072a600000|  0%| F|  |TAMS 0x000000072a400000| PB 0x000000072a400000| Untracked |  0
|  44|0x000000072a600000, 0x000000072a600000, 0x000000072a800000|  0%| F|  |TAMS 0x000000072a600000| PB 0x000000072a600000| Untracked |  0
|  45|0x000000072a800000, 0x000000072a800000, 0x000000072aa00000|  0%| F|  |TAMS 0x000000072a800000| PB 0x000000072a800000| Untracked |  0
|  46|0x000000072aa00000, 0x000000072aa00000, 0x000000072ac00000|  0%| F|  |TAMS 0x000000072aa00000| PB 0x000000072aa00000| Untracked |  0
|  47|0x000000072ac00000, 0x000000072ac00000, 0x000000072ae00000|  0%| F|  |TAMS 0x000000072ac00000| PB 0x000000072ac00000| Untracked |  0
|  48|0x000000072ae00000, 0x000000072ae00000, 0x000000072b000000|  0%| F|  |TAMS 0x000000072ae00000| PB 0x000000072ae00000| Untracked |  0
|  49|0x000000072b000000, 0x000000072b000000, 0x000000072b200000|  0%| F|  |TAMS 0x000000072b000000| PB 0x000000072b000000| Untracked |  0
|  50|0x000000072b200000, 0x000000072b200000, 0x000000072b400000|  0%| F|  |TAMS 0x000000072b200000| PB 0x000000072b200000| Untracked |  0
|  51|0x000000072b400000, 0x000000072b400000, 0x000000072b600000|  0%| F|  |TAMS 0x000000072b400000| PB 0x000000072b400000| Untracked |  0
|  52|0x000000072b600000, 0x000000072b600000, 0x000000072b800000|  0%| F|  |TAMS 0x000000072b600000| PB 0x000000072b600000| Untracked |  0
|  53|0x000000072b800000, 0x000000072b800000, 0x000000072ba00000|  0%| F|  |TAMS 0x000000072b800000| PB 0x000000072b800000| Untracked |  0
|  54|0x000000072ba00000, 0x000000072ba00000, 0x000000072bc00000|  0%| F|  |TAMS 0x000000072ba00000| PB 0x000000072ba00000| Untracked |  0
|  55|0x000000072bc00000, 0x000000072bc00000, 0x000000072be00000|  0%| F|  |TAMS 0x000000072bc00000| PB 0x000000072bc00000| Untracked |  0
|  56|0x000000072be00000, 0x000000072be00000, 0x000000072c000000|  0%| F|  |TAMS 0x000000072be00000| PB 0x000000072be00000| Untracked |  0
|  57|0x000000072c000000, 0x000000072c000000, 0x000000072c200000|  0%| F|  |TAMS 0x000000072c000000| PB 0x000000072c000000| Untracked |  0
|  58|0x000000072c200000, 0x000000072c200000, 0x000000072c400000|  0%| F|  |TAMS 0x000000072c200000| PB 0x000000072c200000| Untracked |  0
|  59|0x000000072c400000, 0x000000072c400000, 0x000000072c600000|  0%| F|  |TAMS 0x000000072c400000| PB 0x000000072c400000| Untracked |  0
|  60|0x000000072c600000, 0x000000072c600000, 0x000000072c800000|  0%| F|  |TAMS 0x000000072c600000| PB 0x000000072c600000| Untracked |  0
|  61|0x000000072c800000, 0x000000072c800000, 0x000000072ca00000|  0%| F|  |TAMS 0x000000072c800000| PB 0x000000072c800000| Untracked |  0
|  62|0x000000072ca00000, 0x000000072ca00000, 0x000000072cc00000|  0%| F|  |TAMS 0x000000072ca00000| PB 0x000000072ca00000| Untracked |  0
|  63|0x000000072cc00000, 0x000000072cc00000, 0x000000072ce00000|  0%| F|  |TAMS 0x000000072cc00000| PB 0x000000072cc00000| Untracked |  0
|  64|0x000000072ce00000, 0x000000072ce00000, 0x000000072d000000|  0%| F|  |TAMS 0x000000072ce00000| PB 0x000000072ce00000| Untracked |  0
|  65|0x000000072d000000, 0x000000072d000000, 0x000000072d200000|  0%| F|  |TAMS 0x000000072d000000| PB 0x000000072d000000| Untracked |  0
|  66|0x000000072d200000, 0x000000072d200000, 0x000000072d400000|  0%| F|  |TAMS 0x000000072d200000| PB 0x000000072d200000| Untracked |  0
|  67|0x000000072d400000, 0x000000072d400000, 0x000000072d600000|  0%| F|  |TAMS 0x000000072d400000| PB 0x000000072d400000| Untracked |  0
|  68|0x000000072d600000, 0x000000072d600000, 0x000000072d800000|  0%| F|  |TAMS 0x000000072d600000| PB 0x000000072d600000| Untracked |  0
|  69|0x000000072d800000, 0x000000072d800000, 0x000000072da00000|  0%| F|  |TAMS 0x000000072d800000| PB 0x000000072d800000| Untracked |  0
|  70|0x000000072da00000, 0x000000072da00000, 0x000000072dc00000|  0%| F|  |TAMS 0x000000072da00000| PB 0x000000072da00000| Untracked |  0
|  71|0x000000072dc00000, 0x000000072dc00000, 0x000000072de00000|  0%| F|  |TAMS 0x000000072dc00000| PB 0x000000072dc00000| Untracked |  0
|  72|0x000000072de00000, 0x000000072de00000, 0x000000072e000000|  0%| F|  |TAMS 0x000000072de00000| PB 0x000000072de00000| Untracked |  0
|  73|0x000000072e000000, 0x000000072e000000, 0x000000072e200000|  0%| F|  |TAMS 0x000000072e000000| PB 0x000000072e000000| Untracked |  0
|  74|0x000000072e200000, 0x000000072e200000, 0x000000072e400000|  0%| F|  |TAMS 0x000000072e200000| PB 0x000000072e200000| Untracked |  0
|  75|0x000000072e400000, 0x000000072e4b99e8, 0x000000072e600000| 36%| E|  |TAMS 0x000000072e400000| PB 0x000000072e400000| Complete |  0
|  76|0x000000072e600000, 0x000000072e800000, 0x000000072e800000|100%| E|CS|TAMS 0x000000072e600000| PB 0x000000072e600000| Complete |  0
|  77|0x000000072e800000, 0x000000072ea00000, 0x000000072ea00000|100%| E|CS|TAMS 0x000000072e800000| PB 0x000000072e800000| Complete |  0
|  78|0x000000072ea00000, 0x000000072ec00000, 0x000000072ec00000|100%| E|CS|TAMS 0x000000072ea00000| PB 0x000000072ea00000| Complete |  0
|  79|0x000000072ec00000, 0x000000072ee00000, 0x000000072ee00000|100%| E|CS|TAMS 0x000000072ec00000| PB 0x000000072ec00000| Complete |  0
|  80|0x000000072ee00000, 0x000000072f000000, 0x000000072f000000|100%| E|CS|TAMS 0x000000072ee00000| PB 0x000000072ee00000| Complete |  0
|  81|0x000000072f000000, 0x000000072f200000, 0x000000072f200000|100%| E|CS|TAMS 0x000000072f000000| PB 0x000000072f000000| Complete |  0
|  82|0x000000072f200000, 0x000000072f400000, 0x000000072f400000|100%| E|CS|TAMS 0x000000072f200000| PB 0x000000072f200000| Complete |  0
|  83|0x000000072f400000, 0x000000072f600000, 0x000000072f600000|100%| E|CS|TAMS 0x000000072f400000| PB 0x000000072f400000| Complete |  0
|  84|0x000000072f600000, 0x000000072f800000, 0x000000072f800000|100%| E|CS|TAMS 0x000000072f600000| PB 0x000000072f600000| Complete |  0
|  85|0x000000072f800000, 0x000000072fa00000, 0x000000072fa00000|100%| E|CS|TAMS 0x000000072f800000| PB 0x000000072f800000| Complete |  0
|  86|0x000000072fa00000, 0x000000072fc00000, 0x000000072fc00000|100%| E|CS|TAMS 0x000000072fa00000| PB 0x000000072fa00000| Complete |  0
|  87|0x000000072fc00000, 0x000000072fe00000, 0x000000072fe00000|100%| E|CS|TAMS 0x000000072fc00000| PB 0x000000072fc00000| Complete |  0
|  88|0x000000072fe00000, 0x000000072fea6338, 0x0000000730000000| 32%| S|CS|TAMS 0x000000072fe00000| PB 0x000000072fe00000| Complete |  0
|  89|0x0000000730000000, 0x0000000730200000, 0x0000000730200000|100%| S|CS|TAMS 0x0000000730000000| PB 0x0000000730000000| Complete |  0
|  90|0x0000000730200000, 0x0000000730400000, 0x0000000730400000|100%| E|CS|TAMS 0x0000000730200000| PB 0x0000000730200000| Complete |  0
|  91|0x0000000730400000, 0x0000000730600000, 0x0000000730600000|100%| E|CS|TAMS 0x0000000730400000| PB 0x0000000730400000| Complete |  0
|  92|0x0000000730600000, 0x0000000730800000, 0x0000000730800000|100%| E|CS|TAMS 0x0000000730600000| PB 0x0000000730600000| Complete |  0
|  93|0x0000000730800000, 0x0000000730a00000, 0x0000000730a00000|100%| E|CS|TAMS 0x0000000730800000| PB 0x0000000730800000| Complete |  0
|  94|0x0000000730a00000, 0x0000000730c00000, 0x0000000730c00000|100%| E|CS|TAMS 0x0000000730a00000| PB 0x0000000730a00000| Complete |  0
|  95|0x0000000730c00000, 0x0000000730e00000, 0x0000000730e00000|100%| E|CS|TAMS 0x0000000730c00000| PB 0x0000000730c00000| Complete |  0
|  96|0x0000000730e00000, 0x0000000731000000, 0x0000000731000000|100%| E|CS|TAMS 0x0000000730e00000| PB 0x0000000730e00000| Complete |  0
|  97|0x0000000731000000, 0x0000000731200000, 0x0000000731200000|100%| E|CS|TAMS 0x0000000731000000| PB 0x0000000731000000| Complete |  0
|  98|0x0000000731200000, 0x0000000731400000, 0x0000000731400000|100%| E|CS|TAMS 0x0000000731200000| PB 0x0000000731200000| Complete |  0
|  99|0x0000000731400000, 0x0000000731600000, 0x0000000731600000|100%| E|CS|TAMS 0x0000000731400000| PB 0x0000000731400000| Complete |  0
| 100|0x0000000731600000, 0x0000000731800000, 0x0000000731800000|100%| E|CS|TAMS 0x0000000731600000| PB 0x0000000731600000| Complete |  0
| 101|0x0000000731800000, 0x0000000731a00000, 0x0000000731a00000|100%| E|CS|TAMS 0x0000000731800000| PB 0x0000000731800000| Complete |  0
| 102|0x0000000731a00000, 0x0000000731c00000, 0x0000000731c00000|100%| E|CS|TAMS 0x0000000731a00000| PB 0x0000000731a00000| Complete |  0
| 103|0x0000000731c00000, 0x0000000731e00000, 0x0000000731e00000|100%| E|CS|TAMS 0x0000000731c00000| PB 0x0000000731c00000| Complete |  0
| 104|0x0000000731e00000, 0x0000000732000000, 0x0000000732000000|100%| E|CS|TAMS 0x0000000731e00000| PB 0x0000000731e00000| Complete |  0
| 105|0x0000000732000000, 0x0000000732200000, 0x0000000732200000|100%| E|CS|TAMS 0x0000000732000000| PB 0x0000000732000000| Complete |  0
| 106|0x0000000732200000, 0x0000000732400000, 0x0000000732400000|100%| E|CS|TAMS 0x0000000732200000| PB 0x0000000732200000| Complete |  0
| 107|0x0000000732400000, 0x0000000732600000, 0x0000000732600000|100%| E|CS|TAMS 0x0000000732400000| PB 0x0000000732400000| Complete |  0
| 108|0x0000000732600000, 0x0000000732800000, 0x0000000732800000|100%| E|CS|TAMS 0x0000000732600000| PB 0x0000000732600000| Complete |  0
| 109|0x0000000732800000, 0x0000000732a00000, 0x0000000732a00000|100%| E|CS|TAMS 0x0000000732800000| PB 0x0000000732800000| Complete |  0

Card table byte_map: [0x000001edbc630000,0x000001edbcd10000] _byte_map_base: 0x000001edb8d09000

Marking Bits: (CMBitMap*) 0x000001eda471dfd0
 Bits: [0x000001edbcd10000, 0x000001edc03d8000)

Polling page: 0x000001eda2600000

Metaspace:

Usage:
  Non-class:     16.10 MB used.
      Class:      2.16 MB used.
       Both:     18.26 MB used.

Virtual space:
  Non-class space:       64.00 MB reserved,      16.25 MB ( 25%) committed,  1 nodes.
      Class space:        1.00 GB reserved,       2.31 MB ( <1%) committed,  1 nodes.
             Both:        1.06 GB reserved,      18.56 MB (  2%) committed. 

Chunk freelists:
   Non-Class:  15.72 MB
       Class:  13.59 MB
        Both:  29.31 MB

MaxMetaspaceSize: unlimited
CompressedClassSpaceSize: 1.00 GB
Initial GC threshold: 21.00 MB
Current GC threshold: 21.00 MB
CDS: on
 - commit_granule_bytes: 65536.
 - commit_granule_words: 8192.
 - virtual_space_node_default_size: 8388608.
 - enlarge_chunks_in_place: 1.
 - use_allocation_guard: 0.


Internal statistics:

num_allocs_failed_limit: 0.
num_arena_births: 178.
num_arena_deaths: 0.
num_vsnodes_births: 2.
num_vsnodes_deaths: 0.
num_space_committed: 297.
num_space_uncommitted: 0.
num_chunks_returned_to_freelist: 0.
num_chunks_taken_from_freelist: 811.
num_chunk_merges: 0.
num_chunk_splits: 574.
num_chunks_enlarged: 475.
num_inconsistent_stats: 0.

CodeHeap 'non-profiled nmethods': size=120000Kb used=1898Kb max_used=1898Kb free=118101Kb
 bounds [0x000001edb44d0000, 0x000001edb4740000, 0x000001edbba00000]
CodeHeap 'profiled nmethods': size=120000Kb used=8190Kb max_used=8190Kb free=111809Kb
 bounds [0x000001edaca00000, 0x000001edad200000, 0x000001edb3f30000]
CodeHeap 'non-nmethods': size=5760Kb used=1419Kb max_used=1461Kb free=4340Kb
 bounds [0x000001edb3f30000, 0x000001edb41a0000, 0x000001edb44d0000]
 total_blobs=4571 nmethods=4063 adapters=412
 compilation: enabled
              stopped_count=0, restarted_count=0
 full_count=0

Compilation events (20 events):
Event: 54.061 Thread 0x000001edc304fbd0 nmethod 3615 0x000001edb4656690 code [0x000001edb4656820, 0x000001edb46568f0]
Event: 54.061 Thread 0x000001edc304fbd0 3616       1       org.apache.maven.model.Model::getCiManagement (5 bytes)
Event: 54.061 Thread 0x000001edc304fbd0 nmethod 3616 0x000001edb4656990 code [0x000001edb4656b20, 0x000001edb4656bf0]
Event: 54.061 Thread 0x000001edc304fbd0 3619       1       org.apache.maven.model.Model::getIssueManagement (5 bytes)
Event: 54.061 Thread 0x000001edc304fbd0 nmethod 3619 0x000001edb4656c90 code [0x000001edb4656e20, 0x000001edb4656ef0]
Event: 54.061 Thread 0x000001edc304fbd0 3617       1       org.apache.maven.model.RepositoryBase::setId (6 bytes)
Event: 54.061 Thread 0x000001edc304fbd0 nmethod 3617 0x000001edb4656f90 code [0x000001edb4657120, 0x000001edb4657238]
Event: 54.061 Thread 0x000001edc304fbd0 3621       1       org.apache.maven.model.RepositoryBase::setName (6 bytes)
Event: 54.061 Thread 0x000001edc304fbd0 nmethod 3621 0x000001edb4657290 code [0x000001edb4657420, 0x000001edb4657538]
Event: 54.061 Thread 0x000001edc303adc0 3620       4       org.apache.maven.model.ConfigurationContainer::getLocation (147 bytes)
Event: 54.065 Thread 0x000001edc303adc0 nmethod 3620 0x000001edb4657590 code [0x000001edb46577a0, 0x000001edb4657cc8]
Event: 54.082 Thread 0x000001edc304fbd0 3622       3       java.util.LinkedHashMap::keySet (5 bytes)
Event: 54.083 Thread 0x000001edc304fbd0 nmethod 3622 0x000001edad0d4c10 code [0x000001edad0d4dc0, 0x000001edad0d4f18]
Event: 54.083 Thread 0x000001edc304fbd0 3623       3       java.util.LinkedHashMap::sequencedKeySet (31 bytes)
Event: 54.083 Thread 0x000001edc304fbd0 nmethod 3623 0x000001edad0d5010 code [0x000001edad0d51e0, 0x000001edad0d56d8]
Event: 54.083 Thread 0x000001edc304fbd0 3624       3       java.util.LinkedHashMap$LinkedKeySet::iterator (16 bytes)
Event: 54.083 Thread 0x000001edc304fbd0 nmethod 3624 0x000001edad0d5810 code [0x000001edad0d59c0, 0x000001edad0d5bd8]
Event: 54.083 Thread 0x000001edc303adc0 3626 %     4       java.io.WinNTFileSystem::normalize @ 58 (224 bytes)
Event: 54.083 Thread 0x000001edc304fbd0 3625       3       java.util.LinkedHashMap$LinkedKeyIterator::<init> (7 bytes)
Event: 54.083 Thread 0x000001edc304fbd0 nmethod 3625 0x000001edad0d5d10 code [0x000001edad0d5ec0, 0x000001edad0d5ff8]

GC Heap History (4 events):
Event: 16.906 GC heap before
{Heap before GC invocations=0 (full 0):
 garbage-first heap   total reserved 3590144K, committed 225280K, used 24576K [0x0000000724e00000, 0x0000000800000000)
  region size 2048K, 12 young (24576K), 0 survivors (0K)
 Metaspace       used 5722K, committed 5952K, reserved 1114112K
  class space    used 672K, committed 768K, reserved 1048576K
}
Event: 17.272 GC heap after
{Heap after GC invocations=1 (full 0):
 garbage-first heap   total reserved 3590144K, committed 225280K, used 3840K [0x0000000724e00000, 0x0000000800000000)
  region size 2048K, 2 young (4096K), 2 survivors (4096K)
 Metaspace       used 5722K, committed 5952K, reserved 1114112K
  class space    used 672K, committed 768K, reserved 1048576K
}
Event: 28.681 GC heap before
{Heap before GC invocations=1 (full 0):
 garbage-first heap   total reserved 3590144K, committed 225280K, used 38656K [0x0000000724e00000, 0x0000000800000000)
  region size 2048K, 20 young (40960K), 2 survivors (4096K)
 Metaspace       used 11390K, committed 11584K, reserved 1114112K
  class space    used 1384K, committed 1472K, reserved 1048576K
}
Event: 28.687 GC heap after
{Heap after GC invocations=2 (full 0):
 garbage-first heap   total reserved 3590144K, committed 225280K, used 6470K [0x0000000724e00000, 0x0000000800000000)
  region size 2048K, 2 young (4096K), 2 survivors (4096K)
 Metaspace       used 11390K, committed 11584K, reserved 1114112K
  class space    used 1384K, committed 1472K, reserved 1048576K
}

Dll operation events (8 events):
Event: 3.465 Loaded shared library C:\Program Files\Java\jdk-22\bin\java.dll
Event: 4.078 Loaded shared library C:\Program Files\Java\jdk-22\bin\jsvml.dll
Event: 4.100 Loaded shared library C:\Program Files\Java\jdk-22\bin\net.dll
Event: 4.103 Loaded shared library C:\Program Files\Java\jdk-22\bin\nio.dll
Event: 4.107 Loaded shared library C:\Program Files\Java\jdk-22\bin\zip.dll
Event: 10.568 Loaded shared library C:\Program Files\Java\jdk-22\bin\jimage.dll
Event: 10.594 Loaded shared library C:\Program Files\NetBeans-21\netbeans\java\maven\lib\jansi-native\Windows\x86_64\jansi.dll
Event: 10.721 Loaded shared library C:\Program Files\Java\jdk-22\bin\verify.dll

Deoptimization events (20 events):
Event: 53.537 Thread 0x000001eda236f710 Uncommon trap: trap_request=0xffffffbe fr.pc=0x000001edb464c788 relative=0x0000000000000b08
Event: 53.537 Thread 0x000001eda236f710 Uncommon trap: reason=profile_predicate action=maybe_recompile pc=0x000001edb464c788 method=java.util.regex.Pattern$CharPropertyGreedy.match(Ljava/util/regex/Matcher;ILjava/lang/CharSequence;)Z @ 15 c2
Event: 53.537 Thread 0x000001eda236f710 DEOPT PACKING pc=0x000001edb464c788 sp=0x00000080cf8fcc40
Event: 53.537 Thread 0x000001eda236f710 DEOPT UNPACKING pc=0x000001edb3f846a2 sp=0x00000080cf8fcbd0 mode 2
Event: 53.565 Thread 0x000001eda236f710 Uncommon trap: trap_request=0xffffffbe fr.pc=0x000001edb464c788 relative=0x0000000000000b08
Event: 53.565 Thread 0x000001eda236f710 Uncommon trap: reason=profile_predicate action=maybe_recompile pc=0x000001edb464c788 method=java.util.regex.Pattern$CharPropertyGreedy.match(Ljava/util/regex/Matcher;ILjava/lang/CharSequence;)Z @ 15 c2
Event: 53.566 Thread 0x000001eda236f710 DEOPT PACKING pc=0x000001edb464c788 sp=0x00000080cf8fc730
Event: 53.566 Thread 0x000001eda236f710 DEOPT UNPACKING pc=0x000001edb3f846a2 sp=0x00000080cf8fc6c0 mode 2
Event: 53.569 Thread 0x000001eda236f710 Uncommon trap: trap_request=0xffffffbe fr.pc=0x000001edb464c788 relative=0x0000000000000b08
Event: 53.569 Thread 0x000001eda236f710 Uncommon trap: reason=profile_predicate action=maybe_recompile pc=0x000001edb464c788 method=java.util.regex.Pattern$CharPropertyGreedy.match(Ljava/util/regex/Matcher;ILjava/lang/CharSequence;)Z @ 15 c2
Event: 53.569 Thread 0x000001eda236f710 DEOPT PACKING pc=0x000001edb464c788 sp=0x00000080cf8fc850
Event: 53.569 Thread 0x000001eda236f710 DEOPT UNPACKING pc=0x000001edb3f846a2 sp=0x00000080cf8fc7e0 mode 2
Event: 53.569 Thread 0x000001eda236f710 Uncommon trap: trap_request=0xffffffbe fr.pc=0x000001edb464c788 relative=0x0000000000000b08
Event: 53.569 Thread 0x000001eda236f710 Uncommon trap: reason=profile_predicate action=maybe_recompile pc=0x000001edb464c788 method=java.util.regex.Pattern$CharPropertyGreedy.match(Ljava/util/regex/Matcher;ILjava/lang/CharSequence;)Z @ 15 c2
Event: 53.569 Thread 0x000001eda236f710 DEOPT PACKING pc=0x000001edb464c788 sp=0x00000080cf8fc6f0
Event: 53.569 Thread 0x000001eda236f710 DEOPT UNPACKING pc=0x000001edb3f846a2 sp=0x00000080cf8fc680 mode 2
Event: 54.060 Thread 0x000001eda236f710 Uncommon trap: trap_request=0xffffffcc fr.pc=0x000001edb4648fb0 relative=0x00000000000001f0
Event: 54.060 Thread 0x000001eda236f710 Uncommon trap: reason=intrinsic_or_type_checked_inlining action=make_not_entrant pc=0x000001edb4648fb0 method=java.util.Arrays.copyOf([Ljava/lang/Object;ILjava/lang/Class;)[Ljava/lang/Object; @ 35 c2
Event: 54.060 Thread 0x000001eda236f710 DEOPT PACKING pc=0x000001edb4648fb0 sp=0x00000080cf8fc5f0
Event: 54.060 Thread 0x000001eda236f710 DEOPT UNPACKING pc=0x000001edb3f846a2 sp=0x00000080cf8fc580 mode 2

Classes loaded (20 events):
Event: 37.651 Loading class java/util/stream/MatchOps$MatchKind
Event: 37.655 Loading class java/util/stream/MatchOps$MatchKind done
Event: 37.656 Loading class java/util/stream/MatchOps
Event: 37.658 Loading class java/util/stream/MatchOps done
Event: 37.658 Loading class java/util/stream/MatchOps$MatchOp
Event: 37.659 Loading class java/util/stream/MatchOps$MatchOp done
Event: 37.659 Loading class java/util/stream/MatchOps$BooleanTerminalSink
Event: 37.659 Loading class java/util/stream/MatchOps$BooleanTerminalSink done
Event: 37.660 Loading class java/util/stream/MatchOps$1MatchSink
Event: 37.660 Loading class java/util/stream/MatchOps$1MatchSink done
Event: 40.441 Loading class java/util/LinkedList$LLSpliterator
Event: 40.533 Loading class java/util/LinkedList$LLSpliterator done
Event: 41.884 Loading class sun/nio/cs/ISO_8859_1$Decoder
Event: 41.885 Loading class sun/nio/cs/ISO_8859_1$Decoder done
Event: 50.387 Loading class java/io/PrintWriter
Event: 50.387 Loading class java/io/PrintWriter done
Event: 50.387 Loading class java/io/PrintWriter$1
Event: 50.387 Loading class jdk/internal/access/JavaIOPrintWriterAccess
Event: 50.388 Loading class jdk/internal/access/JavaIOPrintWriterAccess done
Event: 50.388 Loading class java/io/PrintWriter$1 done

Classes unloaded (0 events):
No events

Classes redefined (0 events):
No events

Internal exceptions (20 events):
Event: 28.123 Thread 0x000001eda236f710 Exception <a 'java/lang/NoSuchMethodError'{0x00000007304fd4c8}: 'long java.lang.invoke.DirectMethodHandle$Holder.invokeStatic(java.lang.Object, java.lang.Object, int)'> (0x00000007304fd4c8) 
thrown [s\open\src\hotspot\share\interpreter\linkResolver.cpp, line 774]
Event: 28.127 Thread 0x000001eda236f710 Exception <a 'java/lang/NoSuchMethodError'{0x00000007305109e0}: 'java.lang.Object java.lang.invoke.DirectMethodHandle$Holder.invokeStatic(java.lang.Object, java.lang.Object, java.lang.Object, java.lang.Object, int)'> (0x00000007305109e0) 
thrown [s\open\src\hotspot\share\interpreter\linkResolver.cpp, line 774]
Event: 28.128 Thread 0x000001eda236f710 Exception <a 'java/lang/NoSuchMethodError'{0x0000000730518b98}: 'java.lang.Object java.lang.invoke.DirectMethodHandle$Holder.invokeSpecial(java.lang.Object, java.lang.Object, java.lang.Object, java.lang.Object, long)'> (0x0000000730518b98) 
thrown [s\open\src\hotspot\share\interpreter\linkResolver.cpp, line 774]
Event: 28.129 Thread 0x000001eda236f710 Exception <a 'java/lang/NoSuchMethodError'{0x0000000730524968}: 'java.lang.Object java.lang.invoke.DirectMethodHandle$Holder.invokeSpecial(java.lang.Object, java.lang.Object, java.lang.Object, int, java.lang.Object)'> (0x0000000730524968) 
thrown [s\open\src\hotspot\share\interpreter\linkResolver.cpp, line 774]
Event: 28.130 Thread 0x000001eda236f710 Exception <a 'java/lang/NoSuchMethodError'{0x000000073052cef8}: 'int java.lang.invoke.DirectMethodHandle$Holder.invokeSpecial(java.lang.Object, java.lang.Object, java.lang.Object, int)'> (0x000000073052cef8) 
thrown [s\open\src\hotspot\share\interpreter\linkResolver.cpp, line 774]
Event: 28.156 Thread 0x000001eda236f710 Implicit null exception at 0x000001edb4555d3a to 0x000001edb4555f34
Event: 28.158 Thread 0x000001eda236f710 Exception <a 'java/lang/NoSuchMethodError'{0x0000000730551970}: 'java.lang.Object java.lang.invoke.Invokers$Holder.invokeExact_MT(java.lang.Object, int, java.lang.Object)'> (0x0000000730551970) 
thrown [s\open\src\hotspot\share\interpreter\linkResolver.cpp, line 774]
Event: 28.187 Thread 0x000001eda236f710 Exception <a 'java/lang/NoSuchMethodError'{0x00000007305a5928}: 'void java.lang.invoke.DirectMethodHandle$Holder.invokeStatic(java.lang.Object, java.lang.Object)'> (0x00000007305a5928) 
thrown [s\open\src\hotspot\share\interpreter\linkResolver.cpp, line 774]
Event: 29.570 Thread 0x000001eda236f710 Exception <a 'java/lang/NoSuchMethodError'{0x00000007325a6a18}: 'void java.lang.invoke.Invokers$Holder.invokeExact_MT(java.lang.Object, java.lang.Object, java.lang.Object, java.lang.Object)'> (0x00000007325a6a18) 
thrown [s\open\src\hotspot\share\interpreter\linkResolver.cpp, line 774]
Event: 29.972 Thread 0x000001eda236f710 Exception <a 'java/lang/NoClassDefFoundError'{0x0000000732230b60}: com/google/inject/servlet/ServletModuleTargetVisitor> (0x0000000732230b60) 
thrown [s\open\src\hotspot\share\classfile\systemDictionary.cpp, line 302]
Event: 31.275 Thread 0x000001eda236f710 Exception <a 'java/lang/NoSuchMethodError'{0x00000007320ecc20}: 'void java.lang.invoke.DirectMethodHandle$Holder.invokeVirtual(java.lang.Object, java.lang.Object)'> (0x00000007320ecc20) 
thrown [s\open\src\hotspot\share\interpreter\linkResolver.cpp, line 774]
Event: 32.273 Thread 0x000001eda236f710 Exception <a 'java/lang/NoSuchMethodError'{0x000000073217ad40}: 'java.lang.Object java.lang.invoke.DirectMethodHandle$Holder.invokeStaticInit(java.lang.Object, int, int, int, int)'> (0x000000073217ad40) 
thrown [s\open\src\hotspot\share\interpreter\linkResolver.cpp, line 774]
Event: 35.767 Thread 0x000001eda236f710 Exception <a 'java/lang/NoSuchMethodError'{0x0000000731b21910}: 'void java.lang.invoke.DirectMethodHandle$Holder.invokeVirtual(java.lang.Object, java.lang.Object, int)'> (0x0000000731b21910) 
thrown [s\open\src\hotspot\share\interpreter\linkResolver.cpp, line 774]
Event: 35.767 Thread 0x000001eda236f710 Exception <a 'java/lang/NoSuchMethodError'{0x0000000731b28ac8}: 'void java.lang.invoke.DelegatingMethodHandle$Holder.reinvoke_L(java.lang.Object, java.lang.Object, int)'> (0x0000000731b28ac8) 
thrown [s\open\src\hotspot\share\interpreter\linkResolver.cpp, line 774]
Event: 40.623 Thread 0x000001eda236f710 Implicit null exception at 0x000001edb458101b to 0x000001edb4581218
Event: 40.623 Thread 0x000001eda236f710 Implicit null exception at 0x000001edb45fac8d to 0x000001edb45fb52c
Event: 40.624 Thread 0x000001eda236f710 Implicit null exception at 0x000001edb458239b to 0x000001edb4582594
Event: 40.624 Thread 0x000001eda236f710 Implicit null exception at 0x000001edb45b21bd to 0x000001edb45b223d
Event: 50.404 Thread 0x000001eda236f710 Implicit null exception at 0x000001edb4635f6a to 0x000001edb463617c
Event: 51.410 Thread 0x000001eda236f710 Exception <a 'java/lang/NoSuchMethodError'{0x000000073026cbf8}: 'java.lang.Object java.lang.invoke.DirectMethodHandle$Holder.newInvokeSpecial(java.lang.Object, java.lang.Object, java.lang.Object, java.lang.Object, java.lang.Object, java.lang.Object, java.lang.Object)'> (0x000000073026cbf8) 
thrown [s\open\src\hotspot\share\interpreter\linkResolver.cpp, line 774]

ZGC Phase Switch (0 events):
No events

VM Operations (20 events):
Event: 43.577 Executing VM operation: Cleanup
Event: 43.577 Executing VM operation: Cleanup done
Event: 44.583 Executing VM operation: Cleanup
Event: 44.583 Executing VM operation: Cleanup done
Event: 45.594 Executing VM operation: Cleanup
Event: 45.595 Executing VM operation: Cleanup done
Event: 46.600 Executing VM operation: Cleanup
Event: 46.600 Executing VM operation: Cleanup done
Event: 47.615 Executing VM operation: Cleanup
Event: 47.615 Executing VM operation: Cleanup done
Event: 48.627 Executing VM operation: Cleanup
Event: 48.627 Executing VM operation: Cleanup done
Event: 49.640 Executing VM operation: Cleanup
Event: 49.640 Executing VM operation: Cleanup done
Event: 50.655 Executing VM operation: Cleanup
Event: 50.688 Executing VM operation: Cleanup done
Event: 51.695 Executing VM operation: Cleanup
Event: 51.695 Executing VM operation: Cleanup done
Event: 53.714 Executing VM operation: Cleanup
Event: 53.714 Executing VM operation: Cleanup done

Events (17 events):
Event: 3.928 Thread 0x000001eda236f710 Thread added: 0x000001eda236f710
Event: 4.060 Thread 0x000001edc302e820 Thread added: 0x000001edc302e820
Event: 4.060 Thread 0x000001edc302f590 Thread added: 0x000001edc302f590
Event: 4.061 Thread 0x000001edc3031b60 Thread added: 0x000001edc3031b60
Event: 4.061 Thread 0x000001edc30335d0 Thread added: 0x000001edc30335d0
Event: 4.070 Thread 0x000001edc30355c0 Thread added: 0x000001edc30355c0
Event: 4.070 Thread 0x000001edc303a030 Thread added: 0x000001edc303a030
Event: 4.071 Thread 0x000001edc303adc0 Thread added: 0x000001edc303adc0
Event: 4.071 Thread 0x000001edc304fbd0 Thread added: 0x000001edc304fbd0
Event: 4.093 Thread 0x000001edc32ce8f0 Thread added: 0x000001edc32ce8f0
Event: 4.097 Thread 0x000001edc32d1940 Thread added: 0x000001edc32d1940
Event: 12.700 Thread 0x000001edc3d623f0 Thread added: 0x000001edc3d623f0
Event: 13.059 Thread 0x000001edc3d623f0 Thread exited: 0x000001edc3d623f0
Event: 16.642 Thread 0x000001ee09008bd0 Thread added: 0x000001ee09008bd0
Event: 16.663 Thread 0x000001edc356d350 Thread added: 0x000001edc356d350
Event: 18.843 Thread 0x000001edc356d350 Thread exited: 0x000001edc356d350
Event: 18.843 Thread 0x000001ee09008bd0 Thread exited: 0x000001ee09008bd0


Dynamic libraries:
0x00007ff7ed1d0000 - 0x00007ff7ed1e0000 	C:\Program Files\Java\jdk-22\bin\java.exe
0x00007ffc3f9d0000 - 0x00007ffc3fbe7000 	C:\WINDOWS\SYSTEM32\ntdll.dll
0x00007ffc3e920000 - 0x00007ffc3e9e4000 	C:\WINDOWS\System32\KERNEL32.DLL
0x00007ffc3cf80000 - 0x00007ffc3d327000 	C:\WINDOWS\System32\KERNELBASE.dll
0x00007ffc3ce60000 - 0x00007ffc3cf71000 	C:\WINDOWS\System32\ucrtbase.dll
0x00007ffc0f400000 - 0x00007ffc0f417000 	C:\Program Files\Java\jdk-22\bin\jli.dll
0x00007ffc3e9f0000 - 0x00007ffc3eaa2000 	C:\WINDOWS\System32\ADVAPI32.dll
0x00007ffc3eab0000 - 0x00007ffc3eb57000 	C:\WINDOWS\System32\msvcrt.dll
0x00007ffc3dbc0000 - 0x00007ffc3dc68000 	C:\WINDOWS\System32\sechost.dll
0x00007ffc3ce30000 - 0x00007ffc3ce58000 	C:\WINDOWS\System32\bcrypt.dll
0x00007ffc3f650000 - 0x00007ffc3f765000 	C:\WINDOWS\System32\RPCRT4.dll
0x00007ffc3e520000 - 0x00007ffc3e6ce000 	C:\WINDOWS\System32\USER32.dll
0x00007ffc3d4c0000 - 0x00007ffc3d4e6000 	C:\WINDOWS\System32\win32u.dll
0x00007ffc3db70000 - 0x00007ffc3db99000 	C:\WINDOWS\System32\GDI32.dll
0x00007ffc3d3a0000 - 0x00007ffc3d4b9000 	C:\WINDOWS\System32\gdi32full.dll
0x00007ffc3d4f0000 - 0x00007ffc3d58a000 	C:\WINDOWS\System32\msvcp_win.dll
0x00007ffbf78f0000 - 0x00007ffbf790b000 	C:\Program Files\Java\jdk-22\bin\VCRUNTIME140.dll
0x00007ffc10350000 - 0x00007ffc105e3000 	C:\WINDOWS\WinSxS\amd64_microsoft.windows.common-controls_6595b64144ccf1df_6.0.22621.3527_none_270e469b73872a76\COMCTL32.dll
0x00007ffc343d0000 - 0x00007ffc343da000 	C:\WINDOWS\SYSTEM32\VERSION.dll
0x00007ffc3f2b0000 - 0x00007ffc3f2e1000 	C:\WINDOWS\System32\IMM32.DLL
0x00007ffc0e880000 - 0x00007ffc0e88c000 	C:\Program Files\Java\jdk-22\bin\vcruntime140_1.dll
0x00007ffbd0ad0000 - 0x00007ffbd0b5e000 	C:\Program Files\Java\jdk-22\bin\msvcp140.dll
0x00007ffba99a0000 - 0x00007ffbaa6e8000 	C:\Program Files\Java\jdk-22\bin\server\jvm.dll
0x00007ffc3e6d0000 - 0x00007ffc3e741000 	C:\WINDOWS\System32\WS2_32.dll
0x00007ffc3cbb0000 - 0x00007ffc3cbfd000 	C:\WINDOWS\SYSTEM32\POWRPROF.dll
0x00007ffc345c0000 - 0x00007ffc345f4000 	C:\WINDOWS\SYSTEM32\WINMM.dll
0x00007ffc3cb90000 - 0x00007ffc3cba3000 	C:\WINDOWS\SYSTEM32\UMPDC.dll
0x00007ffc3bcd0000 - 0x00007ffc3bce8000 	C:\WINDOWS\SYSTEM32\kernel.appcore.dll
0x00007ffbf77d0000 - 0x00007ffbf77da000 	C:\Program Files\Java\jdk-22\bin\jimage.dll
0x00007ffc3a670000 - 0x00007ffc3a8a2000 	C:\WINDOWS\SYSTEM32\DBGHELP.DLL
0x00007ffc3d700000 - 0x00007ffc3da88000 	C:\WINDOWS\System32\combase.dll
0x00007ffc3da90000 - 0x00007ffc3db67000 	C:\WINDOWS\System32\OLEAUT32.dll
0x00007ffc2a930000 - 0x00007ffc2a962000 	C:\WINDOWS\SYSTEM32\dbgcore.DLL
0x00007ffc3cdb0000 - 0x00007ffc3ce29000 	C:\WINDOWS\System32\bcryptPrimitives.dll
0x00007ffbf78d0000 - 0x00007ffbf78ee000 	C:\Program Files\Java\jdk-22\bin\java.dll
0x00007ffc3dc70000 - 0x00007ffc3e4cc000 	C:\WINDOWS\System32\SHELL32.dll
0x00007ffc3f2f0000 - 0x00007ffc3f495000 	C:\WINDOWS\System32\ole32.dll
0x00007ffc3abe0000 - 0x00007ffc3b4d6000 	C:\WINDOWS\SYSTEM32\windows.storage.dll
0x00007ffc3aaa0000 - 0x00007ffc3abde000 	C:\WINDOWS\SYSTEM32\wintypes.dll
0x00007ffc3ed30000 - 0x00007ffc3ee25000 	C:\WINDOWS\System32\SHCORE.dll
0x00007ffc3ec60000 - 0x00007ffc3ecbe000 	C:\WINDOWS\System32\shlwapi.dll
0x00007ffc3cc20000 - 0x00007ffc3cc41000 	C:\WINDOWS\SYSTEM32\profapi.dll
0x00007ffbdd120000 - 0x00007ffbdd1f7000 	C:\Program Files\Java\jdk-22\bin\jsvml.dll
0x00007ffbf77c0000 - 0x00007ffbf77d0000 	C:\Program Files\Java\jdk-22\bin\net.dll
0x00007ffc3c130000 - 0x00007ffc3c199000 	C:\WINDOWS\system32\mswsock.dll
0x00007ffbdd100000 - 0x00007ffbdd116000 	C:\Program Files\Java\jdk-22\bin\nio.dll
0x00007ffbdd0e0000 - 0x00007ffbdd0f7000 	C:\Program Files\Java\jdk-22\bin\zip.dll
0x0000000069ac0000 - 0x0000000069ae4000 	C:\Program Files\NetBeans-21\netbeans\java\maven\lib\jansi-native\Windows\x86_64\jansi.dll
0x00007ffbf77b0000 - 0x00007ffbf77c0000 	C:\Program Files\Java\jdk-22\bin\verify.dll

dbghelp: loaded successfully - version: 4.0.5 - missing functions: none
symbol engine: initialized successfully - sym options: 0x614 - pdb path: .;C:\Program Files\Java\jdk-22\bin;C:\WINDOWS\SYSTEM32;C:\WINDOWS\WinSxS\amd64_microsoft.windows.common-controls_6595b64144ccf1df_6.0.22621.3527_none_270e469b73872a76;C:\Program Files\Java\jdk-22\bin\server;C:\Program Files\NetBeans-21\netbeans\java\maven\lib\jansi-native\Windows\x86_64

VM Arguments:
jvm_args: -Dclassworlds.conf=C:\Program Files\NetBeans-21\netbeans\java\maven\bin\m2.conf -Dmaven.home=C:\Program Files\NetBeans-21\netbeans\java\maven -Dlibrary.jansi.path=C:\Program Files\NetBeans-21\netbeans\java\maven\lib\jansi-native -Dmaven.multiModuleProjectDirectory=C:\Users\ADMIN\OneDrive\Documents\GitHub\Management_Project_Java\mavenproject1 
java_command: org.codehaus.plexus.classworlds.launcher.Launcher -Dexec.vmArgs=--enable-preview -Dexec.args=${exec.vmArgs} -classpath %classpath ${exec.mainClass} ${exec.appArgs} -Dexec.appArgs= -Dexec.mainClass=GUI.Login -Dexec.executable=C:\Program Files\Java\jdk-22\bin\java.exe -Dmaven.ext.class.path=C:\Program Files\NetBeans-21\netbeans\java\maven-nblib\netbeans-eventspy.jar --no-transfer-progress process-classes org.codehaus.mojo:exec-maven-plugin:3.1.0:exec
java_class_path (initial): C:\Program Files\NetBeans-21\netbeans\java\maven\boot\plexus-classworlds-2.7.0.jar
Launcher Type: SUN_STANDARD

[Global flags]
     intx CICompilerCount                          = 4                                         {product} {ergonomic}
     uint ConcGCThreads                            = 3                                         {product} {ergonomic}
     uint G1ConcRefinementThreads                  = 10                                        {product} {ergonomic}
   size_t G1HeapRegionSize                         = 2097152                                   {product} {ergonomic}
   size_t InitialHeapSize                          = 230686720                                 {product} {ergonomic}
   size_t MarkStackSize                            = 4194304                                   {product} {ergonomic}
   size_t MaxHeapSize                              = 3676307456                                {product} {ergonomic}
   size_t MaxNewSize                               = 2204106752                                {product} {ergonomic}
   size_t MinHeapDeltaBytes                        = 2097152                                   {product} {ergonomic}
   size_t MinHeapSize                              = 8388608                                   {product} {ergonomic}
    uintx NonNMethodCodeHeapSize                   = 5839372                                {pd product} {ergonomic}
    uintx NonProfiledCodeHeapSize                  = 122909434                              {pd product} {ergonomic}
    uintx ProfiledCodeHeapSize                     = 122909434                              {pd product} {ergonomic}
    uintx ReservedCodeCacheSize                    = 251658240                              {pd product} {ergonomic}
     bool SegmentedCodeCache                       = true                                      {product} {ergonomic}
   size_t SoftMaxHeapSize                          = 3676307456                             {manageable} {ergonomic}
     bool UseCompressedOops                        = true                           {product lp64_product} {ergonomic}
     bool UseG1GC                                  = true                                      {product} {ergonomic}
     bool UseLargePagesIndividualAllocation        = false                                  {pd product} {ergonomic}

Logging:
Log output configuration:
 #0: stdout all=warning uptime,level,tags foldmultilines=false
 #1: stderr all=off uptime,level,tags foldmultilines=false

Environment Variables:
JAVA_HOME=C:\Program Files\Java\jdk-22
PATH=C:\Program Files (x86)\VMware\VMware Workstation\bin\;C:\Program Files\Common Files\Oracle\Java\javapath;C:\Program Files (x86)\Common Files\Oracle\Java\javapath;C:\Windows\system32;C:\Windows;C:\Windows\System32\Wbem;C:\Windows\System32\WindowsPowerShell\v1.0\;C:\Windows\System32\OpenSSH\;C:\Program Files (x86)\NVIDIA Corporation\PhysX\Common;C:\Program Files\NVIDIA Corporation\NVIDIA NvDLISR;C:\msys64\mingw64\bin;C:\WINDOWS\system32;C:\WINDOWS;C:\WINDOWS\System32\Wbem;C:\WINDOWS\System32\WindowsPowerShell\v1.0\;C:\WINDOWS\System32\OpenSSH\;C:\Program Files (x86)\Microsoft SQL Server\110\Tools\Binn\;C:\Program Files\Microsoft SQL Server\110\Tools\Binn\;C:\Program Files\Microsoft SQL Server\110\DTS\Binn\;C:\Program Files (x86)\Microsoft SQL Server\110\Tools\Binn\ManagementStudio\;C:\Program Files (x86)\Microsoft SQL Server\110\DTS\Binn\;C:\Program Files\Microsoft SQL Server\150\Tools\Binn\;C:\Program Files\Microsoft SQL Server\Client SDK\ODBC\170\Tools\Binn\;C:\Program Files\dotnet\;C:\Program Files\Git\cmd;C:\Users\ADMIN\AppData\Local\Programs\Python\Python312\Scripts\;C:\Users\ADMIN\AppData\Local\Programs\Python\Python312\;C:\Users\ADMIN\AppData\Local\Programs\Python\Launcher\;C:\Users\ADMIN\AppData\Local\Microsoft\WindowsApps;C:\Users\ADMIN\.dotnet\tools;C:\Users\ADMIN\AppData\Local\Programs\Microsoft VS Code\bin;C:\Users\ADMIN\AppData\Local\GitHubDesktop\bin;C:\Program Files\Java\jdk-22\bin;
USERNAME=ADMIN
OS=Windows_NT
PROCESSOR_IDENTIFIER=AMD64 Family 25 Model 68 Stepping 1, AuthenticAMD
TMP=C:\Users\ADMIN\AppData\Local\Temp
TEMP=C:\Users\ADMIN\AppData\Local\Temp




Periodic native trim disabled

---------------  S Y S T E M  ---------------

OS:
 Windows 11 , 64 bit Build 22621 (10.0.22621.3527)
OS uptime: 1 days 1:44 hours
Hyper-V role detected

CPU: total 12 (initial active 12) (12 cores per cpu, 2 threads per core) family 25 model 68 stepping 1 microcode 0x0, cx8, cmov, fxsr, ht, mmx, 3dnowpref, sse, sse2, sse3, ssse3, sse4a, sse4.1, sse4.2, popcnt, lzcnt, tsc, tscinvbit, avx, avx2, aes, erms, clmul, bmi1, bmi2, adx, sha, fma, vzeroupper, clflush, clflushopt, hv, rdtscp, rdpid, fsrm, f16c, cet_ss
Processor Information for all 12 processors :
  Max Mhz: 3301, Current Mhz: 3301, Mhz Limit: 3301

Memory: 4k page, system-wide physical 14020M (950M free)
TotalPageFile size 57028M (AvailPageFile size 3086M)
current process WorkingSet (physical memory assigned to process): 141M, peak: 141M
current process commit charge ("private bytes"): 363M, peak: 363M

vm_info: Java HotSpot(TM) 64-Bit Server VM (22+36-2370) for windows-amd64 JRE (22+36-2370), built on 2024-02-15T22:15:19Z by "mach5one" with MS VC++ 17.6 (VS2022)

END.
