#
# There is insufficient memory for the Java Runtime Environment to continue.
# Native memory allocation (mmap) failed to map 65536 bytes. Error detail: Failed to commit metaspace.
# Possible reasons:
#   The system is out of physical RAM or swap space
#   This process is running with CompressedOops enabled, and the Java Heap may be blocking the growth of the native heap
# Possible solutions:
#   Reduce memory load on the system
#   Increase physical memory or swap space
#   Check if swap backing store is full
#   Decrease Java heap size (-Xmx/-Xms)
#   Decrease number of Java threads
#   Decrease Java thread stack sizes (-Xss)
#   Set larger code cache with -XX:ReservedCodeCacheSize=
#   JVM is running with Zero Based Compressed Oops mode in which the Java heap is
#     placed in the first 32GB address space. The Java Heap base address is the
#     maximum limit for the native heap growth. Please use -XX:HeapBaseMinAddress
#     to set the Java Heap base and to place the Java Heap above 32GB virtual address.
# This output file may be truncated or incomplete.
#
#  Out of Memory Error (virtualSpaceNode.cpp:112), pid=34544, tid=26356
#
# JRE version: Java(TM) SE Runtime Environment (22.0+36) (build 22+36-2370)
# Java VM: Java HotSpot(TM) 64-Bit Server VM (22+36-2370, mixed mode, sharing, tiered, compressed oops, compressed class ptrs, g1 gc, windows-amd64)
# No core dump will be written. Minidumps are not enabled by default on client versions of Windows
#

---------------  S U M M A R Y ------------

Command Line: -Dclassworlds.conf=C:\Program Files\NetBeans-21\netbeans\java\maven\bin\m2.conf -Dmaven.home=C:\Program Files\NetBeans-21\netbeans\java\maven -Dlibrary.jansi.path=C:\Program Files\NetBeans-21\netbeans\java\maven\lib\jansi-native -Dmaven.multiModuleProjectDirectory=C:\Users\ADMIN\OneDrive\Documents\GitHub\Management_Project_Java\mavenproject1 org.codehaus.plexus.classworlds.launcher.Launcher -Dexec.vmArgs=--enable-preview -Dexec.args=${exec.vmArgs} -classpath %classpath ${exec.mainClass} ${exec.appArgs} -Dexec.appArgs= -Dexec.mainClass=GUI.Login -Dexec.executable=C:\Program Files\Java\jdk-22\bin\java.exe -Dmaven.ext.class.path=C:\Program Files\NetBeans-21\netbeans\java\maven-nblib\netbeans-eventspy.jar --no-transfer-progress process-classes org.codehaus.mojo:exec-maven-plugin:3.1.0:exec

Host: AMD Ryzen 5 6600HS Creator Edition             , 12 cores, 13G,  Windows 11 , 64 bit Build 22621 (10.0.22621.3527)
Time: Thu May 16 16:18:44 2024 SE Asia Standard Time elapsed time: 38.243732 seconds (0d 0h 0m 38s)

---------------  T H R E A D  ---------------

Current thread (0x0000028c3b45f710):  JavaThread "main"             [_thread_in_vm, id=26356, stack(0x000000df11000000,0x000000df11100000) (1024K)]

Stack: [0x000000df11000000,0x000000df11100000]
Native frames: (J=compiled Java code, j=interpreted, Vv=VM code, C=native code)
V  [jvm.dll+0x6e2349]  (no source info available)
V  [jvm.dll+0x874ed3]  (no source info available)
V  [jvm.dll+0x8772fe]  (no source info available)
V  [jvm.dll+0x8779d3]  (no source info available)
V  [jvm.dll+0x27fcb6]  (no source info available)
V  [jvm.dll+0x870b1e]  (no source info available)
V  [jvm.dll+0x6853b5]  (no source info available)
V  [jvm.dll+0x68541a]  (no source info available)
V  [jvm.dll+0x687c5a]  (no source info available)
V  [jvm.dll+0x22509c]  (no source info available)
V  [jvm.dll+0x685dce]  (no source info available)
V  [jvm.dll+0x27ca9d]  (no source info available)
V  [jvm.dll+0x27ce61]  (no source info available)
V  [jvm.dll+0x73ab0f]  (no source info available)
V  [jvm.dll+0x73b8ff]  (no source info available)
V  [jvm.dll+0x3c8a4f]  (no source info available)
V  [jvm.dll+0x3c784c]  (no source info available)
V  [jvm.dll+0x3c77e8]  (no source info available)
V  [jvm.dll+0x3d9ada]  (no source info available)
C  0x0000028c4cfaabdf  (no source info available)

The last pc belongs to new (printed below).
Java frames: (J=compiled Java code, j=interpreted, Vv=VM code)
j  org.codehaus.plexus.util.xml.XmlReader.<clinit>()V+22
v  ~StubRoutines::call_stub 0x0000028c4cf9100d
j  org.codehaus.plexus.util.ReaderFactory.newXmlReader(Ljava/io/InputStream;)Lorg/codehaus/plexus/util/xml/XmlStreamReader;+0
j  org.apache.maven.project.ExtensionDescriptorBuilder.build(Ljava/io/InputStream;)Lorg/apache/maven/project/ExtensionDescriptor;+9
j  org.apache.maven.extension.internal.CoreExtensionEntry.discoverFrom(Lorg/codehaus/plexus/classworlds/realm/ClassRealm;)Lorg/apache/maven/extension/internal/CoreExtensionEntry;+55
j  org.apache.maven.cli.MavenCli.container(Lorg/apache/maven/cli/CliRequest;)Lorg/codehaus/plexus/PlexusContainer;+70
j  org.apache.maven.cli.MavenCli.doMain(Lorg/apache/maven/cli/CliRequest;)I+34
j  org.apache.maven.cli.MavenCli.main([Ljava/lang/String;Lorg/codehaus/plexus/classworlds/ClassWorld;)I+24
j  java.lang.invoke.DirectMethodHandle$Holder.invokeStatic(Ljava/lang/Object;Ljava/lang/Object;Ljava/lang/Object;)I+11 java.base@22
j  java.lang.invoke.LambdaForm$MH+0x0000028c5e009400.invoke(Ljava/lang/Object;Ljava/lang/Object;Ljava/lang/Object;Ljava/lang/Object;)Ljava/lang/Object;+54 java.base@22
j  java.lang.invoke.LambdaForm$MH+0x0000028c5e009800.invokeExact_MT(Ljava/lang/Object;Ljava/lang/Object;Ljava/lang/Object;Ljava/lang/Object;Ljava/lang/Object;)Ljava/lang/Object;+22 java.base@22
j  jdk.internal.reflect.DirectMethodHandleAccessor.invokeImpl(Ljava/lang/Object;[Ljava/lang/Object;)Ljava/lang/Object;+72 java.base@22
j  jdk.internal.reflect.DirectMethodHandleAccessor.invoke(Ljava/lang/Object;[Ljava/lang/Object;)Ljava/lang/Object;+23 java.base@22
j  java.lang.reflect.Method.invoke(Ljava/lang/Object;[Ljava/lang/Object;)Ljava/lang/Object;+102 java.base@22
j  org.codehaus.plexus.classworlds.launcher.Launcher.launchEnhanced([Ljava/lang/String;)V+45
j  org.codehaus.plexus.classworlds.launcher.Launcher.launch([Ljava/lang/String;)V+2
j  org.codehaus.plexus.classworlds.launcher.Launcher.mainWithExitCode([Ljava/lang/String;)I+108
j  org.codehaus.plexus.classworlds.launcher.Launcher.main([Ljava/lang/String;)V+1
v  ~StubRoutines::call_stub 0x0000028c4cf9100d
new  187 new  [0x0000028c4cfaaa60, 0x0000028c4cfaac68]  520 bytes
[MachCode]
  0x0000028c4cfaaa60: 4883 ec08 | c5fa 1104 | 24eb 1f48 | 83ec 10c5 | fb11 0424 | eb14 4883 | ec10 4889 | 0424 48c7 
  0x0000028c4cfaaa80: 4424 0800 | 0000 00eb | 0150 410f | b755 010f | cac1 ea10 | 488b 4de8 | 488b 4908 | 488b 4908 
  0x0000028c4cfaaaa0: 488b 4108 | 807c 1004 | 070f 85d3 | 0000 0066 | 8b54 d148 | 488b 4928 | 488b 4cd1 | 0851 80b9 
  0x0000028c4cfaaac0: 2001 0000 | 050f 85b6 | 0000 008b | 5108 f6c2 | 010f 85aa | 0000 0049 | 8b87 b801 | 0000 488d 
  0x0000028c4cfaaae0: 1c10 493b | 9fc8 0100 | 000f 8792 | 0000 0049 | 899f b801 | 0000 4883 | ea10 0f84 | 0f00 0000 
  0x0000028c4cfaab00: 33c9 c1ea | 0348 894c | d008 48ff | ca75 f648 | c700 0100 | 0000 5933 | f689 700c | 49ba 0000 
  0x0000028c4cfaab20: 005d 8c02 | 0000 492b | ca89 4808 | 49ba ad40 | 5eaa fb7f | 0000 4180 | 3a00 0f84 | 3c00 0000 
  0x0000028c4cfaab40: 5048 8bc8 | 4883 ec20 | 40f6 c40f | 0f84 1900 | 0000 4883 | ec08 48b8 | 40b6 0eaa | fb7f 0000 
  0x0000028c4cfaab60: ffd0 4883 | c408 e90c | 0000 0048 | b840 b60e | aafb 7f00 | 00ff d048 | 83c4 2058 | e9cb 0000 
  0x0000028c4cfaab80: 0059 488b | 55e8 488b | 5208 488b | 5208 450f | b745 0141 | 0fc8 41c1 | e810 e805 | 0000 00e9 
  0x0000028c4cfaaba0: a800 0000 | 488d 4424 | 084c 896d | c049 8bcf | c5f8 7749 | 89af b003 | 0000 4989 | 87a0 0300 
  0x0000028c4cfaabc0: 0048 83ec | 2040 f6c4 | 0f0f 8419 | 0000 0048 | 83ec 0848 | b850 9ad7 | a9fb 7f00 | 00ff d048 
  0x0000028c4cfaabe0: 83c4 08e9 | 0c00 0000 | 48b8 509a | d7a9 fb7f | 0000 ffd0 | 4883 c420 | 49c7 87a0 | 0300 0000 
  0x0000028c4cfaac00: 0000 0049 | c787 b003 | 0000 0000 | 0000 49c7 | 87a8 0300 | 0000 0000 | 00c5 f877 | 4983 7f08 
  0x0000028c4cfaac20: 000f 8405 | 0000 00e9 | d462 feff | 498b 87f8 | 0300 0049 | c787 f803 | 0000 0000 | 0000 4c8b 
  0x0000028c4cfaac40: 6dc0 4c8b | 75c8 4e8d | 74f5 00c3 | 410f b65d | 0349 83c5 | 0349 baf0 | 0962 aafb | 7f00 0041 
  0x0000028c4cfaac60: ff24 da0f | 1f44 0000 
[/MachCode]

---------------  P R O C E S S  ---------------

Threads class SMR info:
_java_thread_list=0x0000028c5c2ef150, length=11, elements={
0x0000028c3b45f710, 0x0000028c5c0af040, 0x0000028c5c0afc00, 0x0000028c5c0b17d0,
0x0000028c5c0b3240, 0x0000028c5c0b3ca0, 0x0000028c5c0b4700, 0x0000028c5c0bdd20,
0x0000028c5c0c5720, 0x0000028c5c31d560, 0x0000028c5c321400
}

Java Threads: ( => current thread )
=>0x0000028c3b45f710 JavaThread "main"                              [_thread_in_vm, id=26356, stack(0x000000df11000000,0x000000df11100000) (1024K)]
  0x0000028c5c0af040 JavaThread "Reference Handler"          daemon [_thread_blocked, id=37256, stack(0x000000df11900000,0x000000df11a00000) (1024K)]
  0x0000028c5c0afc00 JavaThread "Finalizer"                  daemon [_thread_blocked, id=37260, stack(0x000000df11a00000,0x000000df11b00000) (1024K)]
  0x0000028c5c0b17d0 JavaThread "Signal Dispatcher"          daemon [_thread_blocked, id=37264, stack(0x000000df11b00000,0x000000df11c00000) (1024K)]
  0x0000028c5c0b3240 JavaThread "Attach Listener"            daemon [_thread_blocked, id=37268, stack(0x000000df11c00000,0x000000df11d00000) (1024K)]
  0x0000028c5c0b3ca0 JavaThread "Service Thread"             daemon [_thread_blocked, id=37272, stack(0x000000df11d00000,0x000000df11e00000) (1024K)]
  0x0000028c5c0b4700 JavaThread "Monitor Deflation Thread"   daemon [_thread_blocked, id=37276, stack(0x000000df11e00000,0x000000df11f00000) (1024K)]
  0x0000028c5c0bdd20 JavaThread "C2 CompilerThread0"         daemon [_thread_blocked, id=37300, stack(0x000000df11f00000,0x000000df12000000) (1024K)]
  0x0000028c5c0c5720 JavaThread "C1 CompilerThread0"         daemon [_thread_blocked, id=37308, stack(0x000000df12000000,0x000000df12100000) (1024K)]
  0x0000028c5c31d560 JavaThread "Notification Thread"        daemon [_thread_blocked, id=37328, stack(0x000000df12100000,0x000000df12200000) (1024K)]
  0x0000028c5c321400 JavaThread "Common-Cleaner"             daemon [_thread_blocked, id=37332, stack(0x000000df12200000,0x000000df12300000) (1024K)]
Total: 11

Other Threads:
  0x0000028c5c090320 VMThread "VM Thread"                           [id=37216, stack(0x000000df11800000,0x000000df11900000) (1024K)] _threads_hazard_ptr=0x0000028c5c2ef150
  0x0000028c5c078ee0 WatcherThread "VM Periodic Task Thread"        [id=37212, stack(0x000000df11700000,0x000000df11800000) (1024K)]
  0x0000028c3d77d9c0 WorkerThread "GC Thread#0"                     [id=37156, stack(0x000000df11200000,0x000000df11300000) (1024K)]
  0x0000028c3d78c3c0 ConcurrentGCThread "G1 Main Marker"            [id=37160, stack(0x000000df11300000,0x000000df11400000) (1024K)]
  0x0000028c3d78cdd0 WorkerThread "G1 Conc#0"                       [id=37164, stack(0x000000df11400000,0x000000df11500000) (1024K)]
  0x0000028c3d7de320 ConcurrentGCThread "G1 Refine#0"               [id=37168, stack(0x000000df11500000,0x000000df11600000) (1024K)]
  0x0000028c5bf4c540 ConcurrentGCThread "G1 Service"                [id=37172, stack(0x000000df11600000,0x000000df11700000) (1024K)]
Total: 7

Threads with active compile tasks:
Total: 0

VM state: synchronizing (normal execution)

VM Mutex/Monitor currently owned by a thread:  ([mutex/lock_event])
[0x00007ffbaa60ab48] Metaspace_lock - owner thread: 0x0000028c3b45f710
[0x00007ffbaa60cbc8] Threads_lock - owner thread: 0x0000028c5c090320

Heap address: 0x0000000724e00000, size: 3506 MB, Compressed Oops mode: Zero based, Oop shift amount: 3

CDS archive(s) mapped at: [0x0000028c5d000000-0x0000028c5dc60000-0x0000028c5dc60000), size 12976128, SharedBaseAddress: 0x0000028c5d000000, ArchiveRelocationMode: 1.
Compressed class space mapped at: 0x0000028c5e000000-0x0000028c9e000000, reserved size: 1073741824
Narrow klass base: 0x0000028c5d000000, Narrow klass shift: 0, Narrow klass range: 0x41000000

GC Precious Log:
 CardTable entry size: 512
 Card Set container configuration: InlinePtr #cards 4 size 8 Array Of Cards #cards 16 size 48 Howl #buckets 8 coarsen threshold 3686 Howl Bitmap #cards 512 size 80 coarsen threshold 460 Card regions per heap region 1 cards per card region 4096
 CPUs: 12 total, 12 available
 Memory: 14020M
 Large Page Support: Disabled
 NUMA Support: Disabled
 Compressed Oops: Enabled (Zero based)
 Heap Region Size: 2M
 Heap Min Capacity: 8M
 Heap Initial Capacity: 220M
 Heap Max Capacity: 3506M
 Pre-touch: Disabled
 Parallel Workers: 10
 Concurrent Workers: 3
 Concurrent Refinement Workers: 10
 Periodic GC: Disabled

Heap:
 garbage-first heap   total reserved 3590144K, committed 225280K, used 6144K [0x0000000724e00000, 0x0000000800000000)
  region size 2048K, 4 young (8192K), 0 survivors (0K)
 Metaspace       used 2094K, committed 2240K, reserved 1114112K
  class space    used 197K, committed 256K, reserved 1048576K

Heap Regions: E=young(eden), S=young(survivor), O=old, HS=humongous(starts), HC=humongous(continues), CS=collection set, F=free, TAMS=top-at-mark-start, PB=parsable bottom
|   0|0x0000000724e00000, 0x0000000724e00000, 0x0000000725000000|  0%| F|  |TAMS 0x0000000724e00000| PB 0x0000000724e00000| Untracked |  0
|   1|0x0000000725000000, 0x0000000725000000, 0x0000000725200000|  0%| F|  |TAMS 0x0000000725000000| PB 0x0000000725000000| Untracked |  0
|   2|0x0000000725200000, 0x0000000725200000, 0x0000000725400000|  0%| F|  |TAMS 0x0000000725200000| PB 0x0000000725200000| Untracked |  0
|   3|0x0000000725400000, 0x0000000725400000, 0x0000000725600000|  0%| F|  |TAMS 0x0000000725400000| PB 0x0000000725400000| Untracked |  0
|   4|0x0000000725600000, 0x0000000725600000, 0x0000000725800000|  0%| F|  |TAMS 0x0000000725600000| PB 0x0000000725600000| Untracked |  0
|   5|0x0000000725800000, 0x0000000725800000, 0x0000000725a00000|  0%| F|  |TAMS 0x0000000725800000| PB 0x0000000725800000| Untracked |  0
|   6|0x0000000725a00000, 0x0000000725a00000, 0x0000000725c00000|  0%| F|  |TAMS 0x0000000725a00000| PB 0x0000000725a00000| Untracked |  0
|   7|0x0000000725c00000, 0x0000000725c00000, 0x0000000725e00000|  0%| F|  |TAMS 0x0000000725c00000| PB 0x0000000725c00000| Untracked |  0
|   8|0x0000000725e00000, 0x0000000725e00000, 0x0000000726000000|  0%| F|  |TAMS 0x0000000725e00000| PB 0x0000000725e00000| Untracked |  0
|   9|0x0000000726000000, 0x0000000726000000, 0x0000000726200000|  0%| F|  |TAMS 0x0000000726000000| PB 0x0000000726000000| Untracked |  0
|  10|0x0000000726200000, 0x0000000726200000, 0x0000000726400000|  0%| F|  |TAMS 0x0000000726200000| PB 0x0000000726200000| Untracked |  0
|  11|0x0000000726400000, 0x0000000726400000, 0x0000000726600000|  0%| F|  |TAMS 0x0000000726400000| PB 0x0000000726400000| Untracked |  0
|  12|0x0000000726600000, 0x0000000726600000, 0x0000000726800000|  0%| F|  |TAMS 0x0000000726600000| PB 0x0000000726600000| Untracked |  0
|  13|0x0000000726800000, 0x0000000726800000, 0x0000000726a00000|  0%| F|  |TAMS 0x0000000726800000| PB 0x0000000726800000| Untracked |  0
|  14|0x0000000726a00000, 0x0000000726a00000, 0x0000000726c00000|  0%| F|  |TAMS 0x0000000726a00000| PB 0x0000000726a00000| Untracked |  0
|  15|0x0000000726c00000, 0x0000000726c00000, 0x0000000726e00000|  0%| F|  |TAMS 0x0000000726c00000| PB 0x0000000726c00000| Untracked |  0
|  16|0x0000000726e00000, 0x0000000726e00000, 0x0000000727000000|  0%| F|  |TAMS 0x0000000726e00000| PB 0x0000000726e00000| Untracked |  0
|  17|0x0000000727000000, 0x0000000727000000, 0x0000000727200000|  0%| F|  |TAMS 0x0000000727000000| PB 0x0000000727000000| Untracked |  0
|  18|0x0000000727200000, 0x0000000727200000, 0x0000000727400000|  0%| F|  |TAMS 0x0000000727200000| PB 0x0000000727200000| Untracked |  0
|  19|0x0000000727400000, 0x0000000727400000, 0x0000000727600000|  0%| F|  |TAMS 0x0000000727400000| PB 0x0000000727400000| Untracked |  0
|  20|0x0000000727600000, 0x0000000727600000, 0x0000000727800000|  0%| F|  |TAMS 0x0000000727600000| PB 0x0000000727600000| Untracked |  0
|  21|0x0000000727800000, 0x0000000727800000, 0x0000000727a00000|  0%| F|  |TAMS 0x0000000727800000| PB 0x0000000727800000| Untracked |  0
|  22|0x0000000727a00000, 0x0000000727a00000, 0x0000000727c00000|  0%| F|  |TAMS 0x0000000727a00000| PB 0x0000000727a00000| Untracked |  0
|  23|0x0000000727c00000, 0x0000000727c00000, 0x0000000727e00000|  0%| F|  |TAMS 0x0000000727c00000| PB 0x0000000727c00000| Untracked |  0
|  24|0x0000000727e00000, 0x0000000727e00000, 0x0000000728000000|  0%| F|  |TAMS 0x0000000727e00000| PB 0x0000000727e00000| Untracked |  0
|  25|0x0000000728000000, 0x0000000728000000, 0x0000000728200000|  0%| F|  |TAMS 0x0000000728000000| PB 0x0000000728000000| Untracked |  0
|  26|0x0000000728200000, 0x0000000728200000, 0x0000000728400000|  0%| F|  |TAMS 0x0000000728200000| PB 0x0000000728200000| Untracked |  0
|  27|0x0000000728400000, 0x0000000728400000, 0x0000000728600000|  0%| F|  |TAMS 0x0000000728400000| PB 0x0000000728400000| Untracked |  0
|  28|0x0000000728600000, 0x0000000728600000, 0x0000000728800000|  0%| F|  |TAMS 0x0000000728600000| PB 0x0000000728600000| Untracked |  0
|  29|0x0000000728800000, 0x0000000728800000, 0x0000000728a00000|  0%| F|  |TAMS 0x0000000728800000| PB 0x0000000728800000| Untracked |  0
|  30|0x0000000728a00000, 0x0000000728a00000, 0x0000000728c00000|  0%| F|  |TAMS 0x0000000728a00000| PB 0x0000000728a00000| Untracked |  0
|  31|0x0000000728c00000, 0x0000000728c00000, 0x0000000728e00000|  0%| F|  |TAMS 0x0000000728c00000| PB 0x0000000728c00000| Untracked |  0
|  32|0x0000000728e00000, 0x0000000728e00000, 0x0000000729000000|  0%| F|  |TAMS 0x0000000728e00000| PB 0x0000000728e00000| Untracked |  0
|  33|0x0000000729000000, 0x0000000729000000, 0x0000000729200000|  0%| F|  |TAMS 0x0000000729000000| PB 0x0000000729000000| Untracked |  0
|  34|0x0000000729200000, 0x0000000729200000, 0x0000000729400000|  0%| F|  |TAMS 0x0000000729200000| PB 0x0000000729200000| Untracked |  0
|  35|0x0000000729400000, 0x0000000729400000, 0x0000000729600000|  0%| F|  |TAMS 0x0000000729400000| PB 0x0000000729400000| Untracked |  0
|  36|0x0000000729600000, 0x0000000729600000, 0x0000000729800000|  0%| F|  |TAMS 0x0000000729600000| PB 0x0000000729600000| Untracked |  0
|  37|0x0000000729800000, 0x0000000729800000, 0x0000000729a00000|  0%| F|  |TAMS 0x0000000729800000| PB 0x0000000729800000| Untracked |  0
|  38|0x0000000729a00000, 0x0000000729a00000, 0x0000000729c00000|  0%| F|  |TAMS 0x0000000729a00000| PB 0x0000000729a00000| Untracked |  0
|  39|0x0000000729c00000, 0x0000000729c00000, 0x0000000729e00000|  0%| F|  |TAMS 0x0000000729c00000| PB 0x0000000729c00000| Untracked |  0
|  40|0x0000000729e00000, 0x0000000729e00000, 0x000000072a000000|  0%| F|  |TAMS 0x0000000729e00000| PB 0x0000000729e00000| Untracked |  0
|  41|0x000000072a000000, 0x000000072a000000, 0x000000072a200000|  0%| F|  |TAMS 0x000000072a000000| PB 0x000000072a000000| Untracked |  0
|  42|0x000000072a200000, 0x000000072a200000, 0x000000072a400000|  0%| F|  |TAMS 0x000000072a200000| PB 0x000000072a200000| Untracked |  0
|  43|0x000000072a400000, 0x000000072a400000, 0x000000072a600000|  0%| F|  |TAMS 0x000000072a400000| PB 0x000000072a400000| Untracked |  0
|  44|0x000000072a600000, 0x000000072a600000, 0x000000072a800000|  0%| F|  |TAMS 0x000000072a600000| PB 0x000000072a600000| Untracked |  0
|  45|0x000000072a800000, 0x000000072a800000, 0x000000072aa00000|  0%| F|  |TAMS 0x000000072a800000| PB 0x000000072a800000| Untracked |  0
|  46|0x000000072aa00000, 0x000000072aa00000, 0x000000072ac00000|  0%| F|  |TAMS 0x000000072aa00000| PB 0x000000072aa00000| Untracked |  0
|  47|0x000000072ac00000, 0x000000072ac00000, 0x000000072ae00000|  0%| F|  |TAMS 0x000000072ac00000| PB 0x000000072ac00000| Untracked |  0
|  48|0x000000072ae00000, 0x000000072ae00000, 0x000000072b000000|  0%| F|  |TAMS 0x000000072ae00000| PB 0x000000072ae00000| Untracked |  0
|  49|0x000000072b000000, 0x000000072b000000, 0x000000072b200000|  0%| F|  |TAMS 0x000000072b000000| PB 0x000000072b000000| Untracked |  0
|  50|0x000000072b200000, 0x000000072b200000, 0x000000072b400000|  0%| F|  |TAMS 0x000000072b200000| PB 0x000000072b200000| Untracked |  0
|  51|0x000000072b400000, 0x000000072b400000, 0x000000072b600000|  0%| F|  |TAMS 0x000000072b400000| PB 0x000000072b400000| Untracked |  0
|  52|0x000000072b600000, 0x000000072b600000, 0x000000072b800000|  0%| F|  |TAMS 0x000000072b600000| PB 0x000000072b600000| Untracked |  0
|  53|0x000000072b800000, 0x000000072b800000, 0x000000072ba00000|  0%| F|  |TAMS 0x000000072b800000| PB 0x000000072b800000| Untracked |  0
|  54|0x000000072ba00000, 0x000000072ba00000, 0x000000072bc00000|  0%| F|  |TAMS 0x000000072ba00000| PB 0x000000072ba00000| Untracked |  0
|  55|0x000000072bc00000, 0x000000072bc00000, 0x000000072be00000|  0%| F|  |TAMS 0x000000072bc00000| PB 0x000000072bc00000| Untracked |  0
|  56|0x000000072be00000, 0x000000072be00000, 0x000000072c000000|  0%| F|  |TAMS 0x000000072be00000| PB 0x000000072be00000| Untracked |  0
|  57|0x000000072c000000, 0x000000072c000000, 0x000000072c200000|  0%| F|  |TAMS 0x000000072c000000| PB 0x000000072c000000| Untracked |  0
|  58|0x000000072c200000, 0x000000072c200000, 0x000000072c400000|  0%| F|  |TAMS 0x000000072c200000| PB 0x000000072c200000| Untracked |  0
|  59|0x000000072c400000, 0x000000072c400000, 0x000000072c600000|  0%| F|  |TAMS 0x000000072c400000| PB 0x000000072c400000| Untracked |  0
|  60|0x000000072c600000, 0x000000072c600000, 0x000000072c800000|  0%| F|  |TAMS 0x000000072c600000| PB 0x000000072c600000| Untracked |  0
|  61|0x000000072c800000, 0x000000072c800000, 0x000000072ca00000|  0%| F|  |TAMS 0x000000072c800000| PB 0x000000072c800000| Untracked |  0
|  62|0x000000072ca00000, 0x000000072ca00000, 0x000000072cc00000|  0%| F|  |TAMS 0x000000072ca00000| PB 0x000000072ca00000| Untracked |  0
|  63|0x000000072cc00000, 0x000000072cc00000, 0x000000072ce00000|  0%| F|  |TAMS 0x000000072cc00000| PB 0x000000072cc00000| Untracked |  0
|  64|0x000000072ce00000, 0x000000072ce00000, 0x000000072d000000|  0%| F|  |TAMS 0x000000072ce00000| PB 0x000000072ce00000| Untracked |  0
|  65|0x000000072d000000, 0x000000072d000000, 0x000000072d200000|  0%| F|  |TAMS 0x000000072d000000| PB 0x000000072d000000| Untracked |  0
|  66|0x000000072d200000, 0x000000072d200000, 0x000000072d400000|  0%| F|  |TAMS 0x000000072d200000| PB 0x000000072d200000| Untracked |  0
|  67|0x000000072d400000, 0x000000072d400000, 0x000000072d600000|  0%| F|  |TAMS 0x000000072d400000| PB 0x000000072d400000| Untracked |  0
|  68|0x000000072d600000, 0x000000072d600000, 0x000000072d800000|  0%| F|  |TAMS 0x000000072d600000| PB 0x000000072d600000| Untracked |  0
|  69|0x000000072d800000, 0x000000072d800000, 0x000000072da00000|  0%| F|  |TAMS 0x000000072d800000| PB 0x000000072d800000| Untracked |  0
|  70|0x000000072da00000, 0x000000072da00000, 0x000000072dc00000|  0%| F|  |TAMS 0x000000072da00000| PB 0x000000072da00000| Untracked |  0
|  71|0x000000072dc00000, 0x000000072dc00000, 0x000000072de00000|  0%| F|  |TAMS 0x000000072dc00000| PB 0x000000072dc00000| Untracked |  0
|  72|0x000000072de00000, 0x000000072de00000, 0x000000072e000000|  0%| F|  |TAMS 0x000000072de00000| PB 0x000000072de00000| Untracked |  0
|  73|0x000000072e000000, 0x000000072e000000, 0x000000072e200000|  0%| F|  |TAMS 0x000000072e000000| PB 0x000000072e000000| Untracked |  0
|  74|0x000000072e200000, 0x000000072e200000, 0x000000072e400000|  0%| F|  |TAMS 0x000000072e200000| PB 0x000000072e200000| Untracked |  0
|  75|0x000000072e400000, 0x000000072e400000, 0x000000072e600000|  0%| F|  |TAMS 0x000000072e400000| PB 0x000000072e400000| Untracked |  0
|  76|0x000000072e600000, 0x000000072e600000, 0x000000072e800000|  0%| F|  |TAMS 0x000000072e600000| PB 0x000000072e600000| Untracked |  0
|  77|0x000000072e800000, 0x000000072e800000, 0x000000072ea00000|  0%| F|  |TAMS 0x000000072e800000| PB 0x000000072e800000| Untracked |  0
|  78|0x000000072ea00000, 0x000000072ea00000, 0x000000072ec00000|  0%| F|  |TAMS 0x000000072ea00000| PB 0x000000072ea00000| Untracked |  0
|  79|0x000000072ec00000, 0x000000072ec00000, 0x000000072ee00000|  0%| F|  |TAMS 0x000000072ec00000| PB 0x000000072ec00000| Untracked |  0
|  80|0x000000072ee00000, 0x000000072ee00000, 0x000000072f000000|  0%| F|  |TAMS 0x000000072ee00000| PB 0x000000072ee00000| Untracked |  0
|  81|0x000000072f000000, 0x000000072f000000, 0x000000072f200000|  0%| F|  |TAMS 0x000000072f000000| PB 0x000000072f000000| Untracked |  0
|  82|0x000000072f200000, 0x000000072f200000, 0x000000072f400000|  0%| F|  |TAMS 0x000000072f200000| PB 0x000000072f200000| Untracked |  0
|  83|0x000000072f400000, 0x000000072f400000, 0x000000072f600000|  0%| F|  |TAMS 0x000000072f400000| PB 0x000000072f400000| Untracked |  0
|  84|0x000000072f600000, 0x000000072f600000, 0x000000072f800000|  0%| F|  |TAMS 0x000000072f600000| PB 0x000000072f600000| Untracked |  0
|  85|0x000000072f800000, 0x000000072f800000, 0x000000072fa00000|  0%| F|  |TAMS 0x000000072f800000| PB 0x000000072f800000| Untracked |  0
|  86|0x000000072fa00000, 0x000000072fa00000, 0x000000072fc00000|  0%| F|  |TAMS 0x000000072fa00000| PB 0x000000072fa00000| Untracked |  0
|  87|0x000000072fc00000, 0x000000072fc00000, 0x000000072fe00000|  0%| F|  |TAMS 0x000000072fc00000| PB 0x000000072fc00000| Untracked |  0
|  88|0x000000072fe00000, 0x000000072fe00000, 0x0000000730000000|  0%| F|  |TAMS 0x000000072fe00000| PB 0x000000072fe00000| Untracked |  0
|  89|0x0000000730000000, 0x0000000730000000, 0x0000000730200000|  0%| F|  |TAMS 0x0000000730000000| PB 0x0000000730000000| Untracked |  0
|  90|0x0000000730200000, 0x0000000730200000, 0x0000000730400000|  0%| F|  |TAMS 0x0000000730200000| PB 0x0000000730200000| Untracked |  0
|  91|0x0000000730400000, 0x0000000730400000, 0x0000000730600000|  0%| F|  |TAMS 0x0000000730400000| PB 0x0000000730400000| Untracked |  0
|  92|0x0000000730600000, 0x0000000730600000, 0x0000000730800000|  0%| F|  |TAMS 0x0000000730600000| PB 0x0000000730600000| Untracked |  0
|  93|0x0000000730800000, 0x0000000730800000, 0x0000000730a00000|  0%| F|  |TAMS 0x0000000730800000| PB 0x0000000730800000| Untracked |  0
|  94|0x0000000730a00000, 0x0000000730a00000, 0x0000000730c00000|  0%| F|  |TAMS 0x0000000730a00000| PB 0x0000000730a00000| Untracked |  0
|  95|0x0000000730c00000, 0x0000000730c00000, 0x0000000730e00000|  0%| F|  |TAMS 0x0000000730c00000| PB 0x0000000730c00000| Untracked |  0
|  96|0x0000000730e00000, 0x0000000730e00000, 0x0000000731000000|  0%| F|  |TAMS 0x0000000730e00000| PB 0x0000000730e00000| Untracked |  0
|  97|0x0000000731000000, 0x0000000731000000, 0x0000000731200000|  0%| F|  |TAMS 0x0000000731000000| PB 0x0000000731000000| Untracked |  0
|  98|0x0000000731200000, 0x0000000731200000, 0x0000000731400000|  0%| F|  |TAMS 0x0000000731200000| PB 0x0000000731200000| Untracked |  0
|  99|0x0000000731400000, 0x0000000731400000, 0x0000000731600000|  0%| F|  |TAMS 0x0000000731400000| PB 0x0000000731400000| Untracked |  0
| 100|0x0000000731600000, 0x0000000731600000, 0x0000000731800000|  0%| F|  |TAMS 0x0000000731600000| PB 0x0000000731600000| Untracked |  0
| 101|0x0000000731800000, 0x0000000731800000, 0x0000000731a00000|  0%| F|  |TAMS 0x0000000731800000| PB 0x0000000731800000| Untracked |  0
| 102|0x0000000731a00000, 0x0000000731a00000, 0x0000000731c00000|  0%| F|  |TAMS 0x0000000731a00000| PB 0x0000000731a00000| Untracked |  0
| 103|0x0000000731c00000, 0x0000000731c00000, 0x0000000731e00000|  0%| F|  |TAMS 0x0000000731c00000| PB 0x0000000731c00000| Untracked |  0
| 104|0x0000000731e00000, 0x0000000731e00000, 0x0000000732000000|  0%| F|  |TAMS 0x0000000731e00000| PB 0x0000000731e00000| Untracked |  0
| 105|0x0000000732000000, 0x0000000732000000, 0x0000000732200000|  0%| F|  |TAMS 0x0000000732000000| PB 0x0000000732000000| Untracked |  0
| 106|0x0000000732200000, 0x00000007322f5cc8, 0x0000000732400000| 48%| E|  |TAMS 0x0000000732200000| PB 0x0000000732200000| Complete |  0
| 107|0x0000000732400000, 0x0000000732600000, 0x0000000732600000|100%| E|CS|TAMS 0x0000000732400000| PB 0x0000000732400000| Complete |  0
| 108|0x0000000732600000, 0x0000000732800000, 0x0000000732800000|100%| E|CS|TAMS 0x0000000732600000| PB 0x0000000732600000| Complete |  0
| 109|0x0000000732800000, 0x0000000732a00000, 0x0000000732a00000|100%| E|CS|TAMS 0x0000000732800000| PB 0x0000000732800000| Complete |  0

Card table byte_map: [0x0000028c55690000,0x0000028c55d70000] _byte_map_base: 0x0000028c51d69000

Marking Bits: (CMBitMap*) 0x0000028c3d77dfd0
 Bits: [0x0000028c55d70000, 0x0000028c59438000)

Polling page: 0x0000028c3b720000

Metaspace:

Usage:
  Non-class:      1.85 MB used.
      Class:    197.23 KB used.
       Both:      2.05 MB used.

Virtual space:
  Non-class space:       64.00 MB reserved,       1.94 MB (  3%) committed,  1 nodes.
      Class space:        1.00 GB reserved,     256.00 KB ( <1%) committed,  1 nodes.
             Both:        1.06 GB reserved,       2.19 MB ( <1%) committed. 

Chunk freelists:
   Non-Class:  11.23 MB
       Class:  15.64 MB
        Both:  26.88 MB

MaxMetaspaceSize: unlimited
CompressedClassSpaceSize: 1.00 GB
Initial GC threshold: 21.00 MB
Current GC threshold: 21.00 MB
CDS: on
 - commit_granule_bytes: 65536.
 - commit_granule_words: 8192.
 - virtual_space_node_default_size: 8388608.
 - enlarge_chunks_in_place: 1.
 - use_allocation_guard: 0.


Internal statistics:

num_allocs_failed_limit: 0.
num_arena_births: 28.
num_arena_deaths: 0.
num_vsnodes_births: 2.
num_vsnodes_deaths: 0.
num_space_committed: 35.
num_space_uncommitted: 0.
num_chunks_returned_to_freelist: 0.
num_chunks_taken_from_freelist: 74.
num_chunk_merges: 0.
num_chunk_splits: 49.
num_chunks_enlarged: 37.
num_inconsistent_stats: 0.

CodeHeap 'non-profiled nmethods': size=120000Kb used=150Kb max_used=150Kb free=119849Kb
 bounds [0x0000028c4d530000, 0x0000028c4d7a0000, 0x0000028c54a60000]
CodeHeap 'profiled nmethods': size=120000Kb used=720Kb max_used=720Kb free=119279Kb
 bounds [0x0000028c45a60000, 0x0000028c45cd0000, 0x0000028c4cf90000]
CodeHeap 'non-nmethods': size=5760Kb used=1308Kb max_used=1321Kb free=4451Kb
 bounds [0x0000028c4cf90000, 0x0000028c4d200000, 0x0000028c4d530000]
 total_blobs=912 nmethods=492 adapters=325
 compilation: enabled
              stopped_count=0, restarted_count=0
 full_count=0

Compilation events (20 events):
Event: 37.955 Thread 0x0000028c5c0c5720  484  s    3       jdk.internal.loader.Resource::cachedInputStream (20 bytes)
Event: 37.955 Thread 0x0000028c5c0c5720 nmethod 484 0x0000028c45b0f010 code [0x0000028c45b0f1c0, 0x0000028c45b0f500]
Event: 37.956 Thread 0x0000028c5c0c5720  486       3       java.util.ArrayDeque::elementAt (4 bytes)
Event: 37.956 Thread 0x0000028c5c0c5720 nmethod 486 0x0000028c45b0f590 code [0x0000028c45b0f720, 0x0000028c45b0f838]
Event: 37.956 Thread 0x0000028c5c0c5720  487       3       sun.net.util.IPAddressUtil::checkHost (157 bytes)
Event: 37.957 Thread 0x0000028c5c0c5720 nmethod 487 0x0000028c45b0f910 code [0x0000028c45b0fda0, 0x0000028c45b11a10]
Event: 37.957 Thread 0x0000028c5c0bdd20  489       4       java.util.Objects::requireNonNull (14 bytes)
Event: 37.957 Thread 0x0000028c5c0c5720  488       3       sun.net.util.IPAddressUtil::scan (92 bytes)
Event: 37.957 Thread 0x0000028c5c0bdd20 nmethod 489 0x0000028c4d555010 code [0x0000028c4d555180, 0x0000028c4d555208]
Event: 37.958 Thread 0x0000028c5c0c5720 nmethod 488 0x0000028c45b12510 code [0x0000028c45b12780, 0x0000028c45b13288]
Event: 37.958 Thread 0x0000028c5c0c5720  490       3       java.lang.invoke.MemberName::allFlagsSet (16 bytes)
Event: 37.958 Thread 0x0000028c5c0c5720 nmethod 490 0x0000028c45b13790 code [0x0000028c45b13920, 0x0000028c45b13a88]
Event: 37.958 Thread 0x0000028c5c0c5720  483       1       java.util.jar.Manifest::getMainAttributes (5 bytes)
Event: 37.958 Thread 0x0000028c5c0c5720 nmethod 483 0x0000028c4d555310 code [0x0000028c4d5554a0, 0x0000028c4d555570]
Event: 37.958 Thread 0x0000028c5c0c5720  485       1       java.util.zip.ZipEntry::getCrc (5 bytes)
Event: 37.958 Thread 0x0000028c5c0c5720 nmethod 485 0x0000028c4d555610 code [0x0000028c4d5557a0, 0x0000028c4d555868]
Event: 37.969 Thread 0x0000028c5c0c5720  491       3       java.lang.invoke.MemberName::getReferenceKind (12 bytes)
Event: 37.969 Thread 0x0000028c5c0c5720 nmethod 491 0x0000028c45b13b10 code [0x0000028c45b13ca0, 0x0000028c45b13db8]
Event: 37.969 Thread 0x0000028c5c0c5720  492       3       java.util.regex.Pattern::has (15 bytes)
Event: 37.969 Thread 0x0000028c5c0c5720 nmethod 492 0x0000028c45b13e90 code [0x0000028c45b14020, 0x0000028c45b14188]

GC Heap History (0 events):
No events

Dll operation events (8 events):
Event: 0.572 Loaded shared library C:\Program Files\Java\jdk-22\bin\java.dll
Event: 1.437 Loaded shared library C:\Program Files\Java\jdk-22\bin\jsvml.dll
Event: 1.514 Loaded shared library C:\Program Files\Java\jdk-22\bin\net.dll
Event: 1.518 Loaded shared library C:\Program Files\Java\jdk-22\bin\nio.dll
Event: 2.152 Loaded shared library C:\Program Files\Java\jdk-22\bin\zip.dll
Event: 26.352 Loaded shared library C:\Program Files\Java\jdk-22\bin\jimage.dll
Event: 28.671 Loaded shared library C:\Program Files\NetBeans-21\netbeans\java\maven\lib\jansi-native\Windows\x86_64\jansi.dll
Event: 29.378 Loaded shared library C:\Program Files\Java\jdk-22\bin\verify.dll

Deoptimization events (12 events):
Event: 2.212 Thread 0x0000028c3b45f710 Uncommon trap: trap_request=0xffffff45 fr.pc=0x0000028c4d5359f8 relative=0x00000000000002b8
Event: 2.212 Thread 0x0000028c3b45f710 Uncommon trap: reason=unstable_if action=reinterpret pc=0x0000028c4d5359f8 method=java.lang.StringLatin1.hashCode([B)I @ 2 c2
Event: 2.212 Thread 0x0000028c3b45f710 DEOPT PACKING pc=0x0000028c4d5359f8 sp=0x000000df110fdb90
Event: 2.212 Thread 0x0000028c3b45f710 DEOPT UNPACKING pc=0x0000028c4cfe46a2 sp=0x000000df110fdac8 mode 2
Event: 17.528 Thread 0x0000028c3b45f710 Uncommon trap: trap_request=0xffffff45 fr.pc=0x0000028c4d53b0cc relative=0x000000000000012c
Event: 17.528 Thread 0x0000028c3b45f710 Uncommon trap: reason=unstable_if action=reinterpret pc=0x0000028c4d53b0cc method=java.lang.StringCoding.countPositives([BII)I @ 17 c2
Event: 17.528 Thread 0x0000028c3b45f710 DEOPT PACKING pc=0x0000028c4d53b0cc sp=0x000000df110fa780
Event: 17.528 Thread 0x0000028c3b45f710 DEOPT UNPACKING pc=0x0000028c4cfe46a2 sp=0x000000df110fa720 mode 2
Event: 24.348 Thread 0x0000028c3b45f710 Uncommon trap: trap_request=0xffffff45 fr.pc=0x0000028c4d5423f0 relative=0x0000000000000070
Event: 24.348 Thread 0x0000028c3b45f710 Uncommon trap: reason=unstable_if action=reinterpret pc=0x0000028c4d5423f0 method=java.io.WinNTFileSystem.isSlash(C)Z @ 9 c2
Event: 24.348 Thread 0x0000028c3b45f710 DEOPT PACKING pc=0x0000028c4d5423f0 sp=0x000000df110fe9b0
Event: 24.348 Thread 0x0000028c3b45f710 DEOPT UNPACKING pc=0x0000028c4cfe46a2 sp=0x000000df110fe938 mode 2

Classes loaded (20 events):
Event: 33.025 Loading class java/util/LinkedHashMap$LinkedKeyIterator
Event: 33.025 Loading class java/util/LinkedHashMap$LinkedKeyIterator done
Event: 33.972 Loading class jdk/internal/loader/URLClassPath$FileLoader$1
Event: 34.313 Loading class jdk/internal/loader/URLClassPath$FileLoader$1 done
Event: 36.826 Loading class java/lang/InstantiationException
Event: 36.946 Loading class java/lang/InstantiationException done
Event: 37.919 Loading class java/lang/StringIndexOutOfBoundsException
Event: 37.944 Loading class java/lang/IndexOutOfBoundsException
Event: 37.945 Loading class java/lang/IndexOutOfBoundsException done
Event: 37.945 Loading class java/lang/StringIndexOutOfBoundsException done
Event: 37.945 Loading class java/util/StringTokenizer
Event: 37.946 Loading class java/util/StringTokenizer done
Event: 37.956 Loading class java/io/StringReader
Event: 37.956 Loading class java/io/StringReader done
Event: 37.957 Loading class java/util/regex/Pattern$BnM
Event: 37.961 Loading class java/util/regex/Pattern$BnM done
Event: 37.961 Loading class java/util/regex/Pattern$SliceS
Event: 37.968 Loading class java/util/regex/Pattern$SliceS done
Event: 37.969 Loading class java/text/MessageFormat
Event: 37.970 Loading class java/text/MessageFormat done

Classes unloaded (0 events):
No events

Classes redefined (0 events):
No events

Internal exceptions (20 events):
Event: 2.210 Thread 0x0000028c3b45f710 Exception <a 'java/lang/NoSuchMethodError'{0x0000000732621848}: 'int java.lang.invoke.DirectMethodHandle$Holder.invokeSpecial(java.lang.Object, java.lang.Object, java.lang.Object)'> (0x0000000732621848) 
thrown [s\open\src\hotspot\share\interpreter\linkResolver.cpp, line 774]
Event: 24.552 Thread 0x0000028c3b45f710 Exception <a 'java/lang/NoSuchMethodError'{0x0000000732443658}: 'java.lang.Object java.lang.invoke.Invokers$Holder.invokeExact_MT(java.lang.Object, java.lang.Object, java.lang.Object, java.lang.Object, java.lang.Object)'> (0x0000000732443658) 
thrown [s\open\src\hotspot\share\interpreter\linkResolver.cpp, line 774]
Event: 26.348 Thread 0x0000028c3b45f710 Exception <a 'java/lang/NullPointerException'{0x00000007324992f8}> (0x00000007324992f8) 
thrown [s\open\src\hotspot\share\interpreter\linkResolver.cpp, line 1374]
Event: 28.673 Thread 0x0000028c3b45f710 Exception <a 'java/lang/NullPointerException'{0x00000007324d9fb8}> (0x00000007324d9fb8) 
thrown [s\open\src\hotspot\share\interpreter\linkResolver.cpp, line 1374]
Event: 28.673 Thread 0x0000028c3b45f710 Exception <a 'java/lang/NullPointerException'{0x00000007324da298}> (0x00000007324da298) 
thrown [s\open\src\hotspot\share\interpreter\linkResolver.cpp, line 1374]
Event: 28.673 Thread 0x0000028c3b45f710 Exception <a 'java/lang/NullPointerException'{0x00000007324da578}> (0x00000007324da578) 
thrown [s\open\src\hotspot\share\interpreter\linkResolver.cpp, line 1374]
Event: 28.715 Thread 0x0000028c3b45f710 Exception <a 'java/lang/NullPointerException'{0x00000007324df2e0}> (0x00000007324df2e0) 
thrown [s\open\src\hotspot\share\interpreter\linkResolver.cpp, line 1374]
Event: 28.727 Thread 0x0000028c3b45f710 Exception <a 'java/lang/NullPointerException'{0x00000007324f23d0}> (0x00000007324f23d0) 
thrown [s\open\src\hotspot\share\interpreter\linkResolver.cpp, line 1374]
Event: 28.727 Thread 0x0000028c3b45f710 Exception <a 'java/lang/NullPointerException'{0x00000007324f26b0}> (0x00000007324f26b0) 
thrown [s\open\src\hotspot\share\interpreter\linkResolver.cpp, line 1374]
Event: 28.727 Thread 0x0000028c3b45f710 Exception <a 'java/lang/NullPointerException'{0x00000007324f2990}> (0x00000007324f2990) 
thrown [s\open\src\hotspot\share\interpreter\linkResolver.cpp, line 1374]
Event: 28.727 Thread 0x0000028c3b45f710 Exception <a 'java/lang/NullPointerException'{0x00000007324f2c70}> (0x00000007324f2c70) 
thrown [s\open\src\hotspot\share\interpreter\linkResolver.cpp, line 1374]
Event: 29.376 Thread 0x0000028c3b45f710 Exception <a 'sun/nio/fs/WindowsException'{0x000000073251bc08}> (0x000000073251bc08) 
thrown [s\open\src\hotspot\share\prims\jni.cpp, line 520]
Event: 29.376 Thread 0x0000028c3b45f710 Exception <a 'sun/nio/fs/WindowsException'{0x000000073251c648}> (0x000000073251c648) 
thrown [s\open\src\hotspot\share\prims\jni.cpp, line 520]
Event: 29.376 Thread 0x0000028c3b45f710 Exception <a 'sun/nio/fs/WindowsException'{0x000000073251cc70}> (0x000000073251cc70) 
thrown [s\open\src\hotspot\share\prims\jni.cpp, line 520]
Event: 29.377 Thread 0x0000028c3b45f710 Exception <a 'sun/nio/fs/WindowsException'{0x000000073251d270}> (0x000000073251d270) 
thrown [s\open\src\hotspot\share\prims\jni.cpp, line 520]
Event: 29.377 Thread 0x0000028c3b45f710 Exception <a 'sun/nio/fs/WindowsException'{0x000000073251d7e8}> (0x000000073251d7e8) 
thrown [s\open\src\hotspot\share\prims\jni.cpp, line 520]
Event: 29.377 Thread 0x0000028c3b45f710 Exception <a 'sun/nio/fs/WindowsException'{0x000000073251dd40}> (0x000000073251dd40) 
thrown [s\open\src\hotspot\share\prims\jni.cpp, line 520]
Event: 29.377 Thread 0x0000028c3b45f710 Exception <a 'sun/nio/fs/WindowsException'{0x000000073251e248}> (0x000000073251e248) 
thrown [s\open\src\hotspot\share\prims\jni.cpp, line 520]
Event: 29.377 Thread 0x0000028c3b45f710 Exception <a 'sun/nio/fs/WindowsException'{0x000000073251e708}> (0x000000073251e708) 
thrown [s\open\src\hotspot\share\prims\jni.cpp, line 520]
Event: 30.535 Thread 0x0000028c3b45f710 Exception <a 'java/lang/NoSuchMethodError'{0x00000007325900b0}: 'void java.lang.invoke.DirectMethodHandle$Holder.invokeStatic(java.lang.Object, java.lang.Object, java.lang.Object)'> (0x00000007325900b0) 
thrown [s\open\src\hotspot\share\interpreter\linkResolver.cpp, line 774]

ZGC Phase Switch (0 events):
No events

VM Operations (20 events):
Event: 24.431 Executing VM operation: Cleanup
Event: 24.533 Executing VM operation: Cleanup done
Event: 26.346 Executing VM operation: HandshakeAllThreads (Deoptimize)
Event: 26.346 Executing VM operation: HandshakeAllThreads (Deoptimize) done
Event: 26.356 Executing VM operation: HandshakeAllThreads (Deoptimize)
Event: 26.356 Executing VM operation: HandshakeAllThreads (Deoptimize) done
Event: 26.356 Executing VM operation: Cleanup
Event: 26.356 Executing VM operation: Cleanup done
Event: 27.358 Executing VM operation: Cleanup
Event: 27.358 Executing VM operation: Cleanup done
Event: 29.400 Executing VM operation: Cleanup
Event: 29.415 Executing VM operation: Cleanup done
Event: 30.423 Executing VM operation: Cleanup
Event: 30.423 Executing VM operation: Cleanup done
Event: 31.432 Executing VM operation: Cleanup
Event: 31.432 Executing VM operation: Cleanup done
Event: 33.474 Executing VM operation: Cleanup
Event: 33.474 Executing VM operation: Cleanup done
Event: 37.526 Executing VM operation: Cleanup
Event: 37.526 Executing VM operation: Cleanup done

Events (11 events):
Event: 1.036 Thread 0x0000028c3b45f710 Thread added: 0x0000028c3b45f710
Event: 1.230 Thread 0x0000028c5c0af040 Thread added: 0x0000028c5c0af040
Event: 1.230 Thread 0x0000028c5c0afc00 Thread added: 0x0000028c5c0afc00
Event: 1.230 Thread 0x0000028c5c0b17d0 Thread added: 0x0000028c5c0b17d0
Event: 1.230 Thread 0x0000028c5c0b3240 Thread added: 0x0000028c5c0b3240
Event: 1.231 Thread 0x0000028c5c0b3ca0 Thread added: 0x0000028c5c0b3ca0
Event: 1.231 Thread 0x0000028c5c0b4700 Thread added: 0x0000028c5c0b4700
Event: 1.343 Thread 0x0000028c5c0bdd20 Thread added: 0x0000028c5c0bdd20
Event: 1.387 Thread 0x0000028c5c0c5720 Thread added: 0x0000028c5c0c5720
Event: 1.508 Thread 0x0000028c5c31d560 Thread added: 0x0000028c5c31d560
Event: 1.511 Thread 0x0000028c5c321400 Thread added: 0x0000028c5c321400


Dynamic libraries:
0x00007ff7ed1d0000 - 0x00007ff7ed1e0000 	C:\Program Files\Java\jdk-22\bin\java.exe
0x00007ffc3f9d0000 - 0x00007ffc3fbe7000 	C:\WINDOWS\SYSTEM32\ntdll.dll
0x00007ffc3e920000 - 0x00007ffc3e9e4000 	C:\WINDOWS\System32\KERNEL32.DLL
0x00007ffc3cf80000 - 0x00007ffc3d327000 	C:\WINDOWS\System32\KERNELBASE.dll
0x00007ffc3ce60000 - 0x00007ffc3cf71000 	C:\WINDOWS\System32\ucrtbase.dll
0x00007ffc0f400000 - 0x00007ffc0f417000 	C:\Program Files\Java\jdk-22\bin\jli.dll
0x00007ffc3e9f0000 - 0x00007ffc3eaa2000 	C:\WINDOWS\System32\ADVAPI32.dll
0x00007ffc3eab0000 - 0x00007ffc3eb57000 	C:\WINDOWS\System32\msvcrt.dll
0x00007ffc3dbc0000 - 0x00007ffc3dc68000 	C:\WINDOWS\System32\sechost.dll
0x00007ffc3ce30000 - 0x00007ffc3ce58000 	C:\WINDOWS\System32\bcrypt.dll
0x00007ffc3f650000 - 0x00007ffc3f765000 	C:\WINDOWS\System32\RPCRT4.dll
0x00007ffc3e520000 - 0x00007ffc3e6ce000 	C:\WINDOWS\System32\USER32.dll
0x00007ffc3d4c0000 - 0x00007ffc3d4e6000 	C:\WINDOWS\System32\win32u.dll
0x00007ffc3db70000 - 0x00007ffc3db99000 	C:\WINDOWS\System32\GDI32.dll
0x00007ffc3d3a0000 - 0x00007ffc3d4b9000 	C:\WINDOWS\System32\gdi32full.dll
0x00007ffc3d4f0000 - 0x00007ffc3d58a000 	C:\WINDOWS\System32\msvcp_win.dll
0x00007ffbf78f0000 - 0x00007ffbf790b000 	C:\Program Files\Java\jdk-22\bin\VCRUNTIME140.dll
0x00007ffc10350000 - 0x00007ffc105e3000 	C:\WINDOWS\WinSxS\amd64_microsoft.windows.common-controls_6595b64144ccf1df_6.0.22621.3527_none_270e469b73872a76\COMCTL32.dll
0x00007ffc343d0000 - 0x00007ffc343da000 	C:\WINDOWS\SYSTEM32\VERSION.dll
0x00007ffc3f2b0000 - 0x00007ffc3f2e1000 	C:\WINDOWS\System32\IMM32.DLL
0x00007ffc0e880000 - 0x00007ffc0e88c000 	C:\Program Files\Java\jdk-22\bin\vcruntime140_1.dll
0x00007ffbd0ad0000 - 0x00007ffbd0b5e000 	C:\Program Files\Java\jdk-22\bin\msvcp140.dll
0x00007ffba99a0000 - 0x00007ffbaa6e8000 	C:\Program Files\Java\jdk-22\bin\server\jvm.dll
0x00007ffc3e6d0000 - 0x00007ffc3e741000 	C:\WINDOWS\System32\WS2_32.dll
0x00007ffc3cbb0000 - 0x00007ffc3cbfd000 	C:\WINDOWS\SYSTEM32\POWRPROF.dll
0x00007ffc345c0000 - 0x00007ffc345f4000 	C:\WINDOWS\SYSTEM32\WINMM.dll
0x00007ffc3cb90000 - 0x00007ffc3cba3000 	C:\WINDOWS\SYSTEM32\UMPDC.dll
0x00007ffc3bcd0000 - 0x00007ffc3bce8000 	C:\WINDOWS\SYSTEM32\kernel.appcore.dll
0x00007ffbf77d0000 - 0x00007ffbf77da000 	C:\Program Files\Java\jdk-22\bin\jimage.dll
0x00007ffc3a670000 - 0x00007ffc3a8a2000 	C:\WINDOWS\SYSTEM32\DBGHELP.DLL
0x00007ffc3d700000 - 0x00007ffc3da88000 	C:\WINDOWS\System32\combase.dll
0x00007ffc3da90000 - 0x00007ffc3db67000 	C:\WINDOWS\System32\OLEAUT32.dll
0x00007ffc2a930000 - 0x00007ffc2a962000 	C:\WINDOWS\SYSTEM32\dbgcore.DLL
0x00007ffc3cdb0000 - 0x00007ffc3ce29000 	C:\WINDOWS\System32\bcryptPrimitives.dll
0x00007ffbf78d0000 - 0x00007ffbf78ee000 	C:\Program Files\Java\jdk-22\bin\java.dll
0x00007ffc3dc70000 - 0x00007ffc3e4cc000 	C:\WINDOWS\System32\SHELL32.dll
0x00007ffc3f2f0000 - 0x00007ffc3f495000 	C:\WINDOWS\System32\ole32.dll
0x00007ffc3abe0000 - 0x00007ffc3b4d6000 	C:\WINDOWS\SYSTEM32\windows.storage.dll
0x00007ffc3aaa0000 - 0x00007ffc3abde000 	C:\WINDOWS\SYSTEM32\wintypes.dll
0x00007ffc3ed30000 - 0x00007ffc3ee25000 	C:\WINDOWS\System32\SHCORE.dll
0x00007ffc3ec60000 - 0x00007ffc3ecbe000 	C:\WINDOWS\System32\shlwapi.dll
0x00007ffc3cc20000 - 0x00007ffc3cc41000 	C:\WINDOWS\SYSTEM32\profapi.dll
0x00007ffbdd120000 - 0x00007ffbdd1f7000 	C:\Program Files\Java\jdk-22\bin\jsvml.dll
0x00007ffbf77c0000 - 0x00007ffbf77d0000 	C:\Program Files\Java\jdk-22\bin\net.dll
0x00007ffc3c130000 - 0x00007ffc3c199000 	C:\WINDOWS\system32\mswsock.dll
0x00007ffbdd100000 - 0x00007ffbdd116000 	C:\Program Files\Java\jdk-22\bin\nio.dll
0x00007ffbdd0e0000 - 0x00007ffbdd0f7000 	C:\Program Files\Java\jdk-22\bin\zip.dll
0x0000000069ac0000 - 0x0000000069ae4000 	C:\Program Files\NetBeans-21\netbeans\java\maven\lib\jansi-native\Windows\x86_64\jansi.dll
0x00007ffbf77b0000 - 0x00007ffbf77c0000 	C:\Program Files\Java\jdk-22\bin\verify.dll

dbghelp: loaded successfully - version: 4.0.5 - missing functions: none
symbol engine: initialized successfully - sym options: 0x614 - pdb path: .;C:\Program Files\Java\jdk-22\bin;C:\WINDOWS\SYSTEM32;C:\WINDOWS\WinSxS\amd64_microsoft.windows.common-controls_6595b64144ccf1df_6.0.22621.3527_none_270e469b73872a76;C:\Program Files\Java\jdk-22\bin\server;C:\Program Files\NetBeans-21\netbeans\java\maven\lib\jansi-native\Windows\x86_64

VM Arguments:
jvm_args: -Dclassworlds.conf=C:\Program Files\NetBeans-21\netbeans\java\maven\bin\m2.conf -Dmaven.home=C:\Program Files\NetBeans-21\netbeans\java\maven -Dlibrary.jansi.path=C:\Program Files\NetBeans-21\netbeans\java\maven\lib\jansi-native -Dmaven.multiModuleProjectDirectory=C:\Users\ADMIN\OneDrive\Documents\GitHub\Management_Project_Java\mavenproject1 
java_command: org.codehaus.plexus.classworlds.launcher.Launcher -Dexec.vmArgs=--enable-preview -Dexec.args=${exec.vmArgs} -classpath %classpath ${exec.mainClass} ${exec.appArgs} -Dexec.appArgs= -Dexec.mainClass=GUI.Login -Dexec.executable=C:\Program Files\Java\jdk-22\bin\java.exe -Dmaven.ext.class.path=C:\Program Files\NetBeans-21\netbeans\java\maven-nblib\netbeans-eventspy.jar --no-transfer-progress process-classes org.codehaus.mojo:exec-maven-plugin:3.1.0:exec
java_class_path (initial): C:\Program Files\NetBeans-21\netbeans\java\maven\boot\plexus-classworlds-2.7.0.jar
Launcher Type: SUN_STANDARD

[Global flags]
     intx CICompilerCount                          = 4                                         {product} {ergonomic}
     uint ConcGCThreads                            = 3                                         {product} {ergonomic}
     uint G1ConcRefinementThreads                  = 10                                        {product} {ergonomic}
   size_t G1HeapRegionSize                         = 2097152                                   {product} {ergonomic}
   size_t InitialHeapSize                          = 230686720                                 {product} {ergonomic}
   size_t MarkStackSize                            = 4194304                                   {product} {ergonomic}
   size_t MaxHeapSize                              = 3676307456                                {product} {ergonomic}
   size_t MaxNewSize                               = 2204106752                                {product} {ergonomic}
   size_t MinHeapDeltaBytes                        = 2097152                                   {product} {ergonomic}
   size_t MinHeapSize                              = 8388608                                   {product} {ergonomic}
    uintx NonNMethodCodeHeapSize                   = 5839372                                {pd product} {ergonomic}
    uintx NonProfiledCodeHeapSize                  = 122909434                              {pd product} {ergonomic}
    uintx ProfiledCodeHeapSize                     = 122909434                              {pd product} {ergonomic}
    uintx ReservedCodeCacheSize                    = 251658240                              {pd product} {ergonomic}
     bool SegmentedCodeCache                       = true                                      {product} {ergonomic}
   size_t SoftMaxHeapSize                          = 3676307456                             {manageable} {ergonomic}
     bool UseCompressedOops                        = true                           {product lp64_product} {ergonomic}
     bool UseG1GC                                  = true                                      {product} {ergonomic}
     bool UseLargePagesIndividualAllocation        = false                                  {pd product} {ergonomic}

Logging:
Log output configuration:
 #0: stdout all=warning uptime,level,tags foldmultilines=false
 #1: stderr all=off uptime,level,tags foldmultilines=false

Environment Variables:
JAVA_HOME=C:\Program Files\Java\jdk-22
PATH=C:\Program Files (x86)\VMware\VMware Workstation\bin\;C:\Program Files\Common Files\Oracle\Java\javapath;C:\Program Files (x86)\Common Files\Oracle\Java\javapath;C:\Windows\system32;C:\Windows;C:\Windows\System32\Wbem;C:\Windows\System32\WindowsPowerShell\v1.0\;C:\Windows\System32\OpenSSH\;C:\Program Files (x86)\NVIDIA Corporation\PhysX\Common;C:\Program Files\NVIDIA Corporation\NVIDIA NvDLISR;C:\msys64\mingw64\bin;C:\WINDOWS\system32;C:\WINDOWS;C:\WINDOWS\System32\Wbem;C:\WINDOWS\System32\WindowsPowerShell\v1.0\;C:\WINDOWS\System32\OpenSSH\;C:\Program Files (x86)\Microsoft SQL Server\110\Tools\Binn\;C:\Program Files\Microsoft SQL Server\110\Tools\Binn\;C:\Program Files\Microsoft SQL Server\110\DTS\Binn\;C:\Program Files (x86)\Microsoft SQL Server\110\Tools\Binn\ManagementStudio\;C:\Program Files (x86)\Microsoft SQL Server\110\DTS\Binn\;C:\Program Files\Microsoft SQL Server\150\Tools\Binn\;C:\Program Files\Microsoft SQL Server\Client SDK\ODBC\170\Tools\Binn\;C:\Program Files\dotnet\;C:\Program Files\Git\cmd;C:\Users\ADMIN\AppData\Local\Programs\Python\Python312\Scripts\;C:\Users\ADMIN\AppData\Local\Programs\Python\Python312\;C:\Users\ADMIN\AppData\Local\Programs\Python\Launcher\;C:\Users\ADMIN\AppData\Local\Microsoft\WindowsApps;C:\Users\ADMIN\.dotnet\tools;C:\Users\ADMIN\AppData\Local\Programs\Microsoft VS Code\bin;C:\Users\ADMIN\AppData\Local\GitHubDesktop\bin;C:\Program Files\Java\jdk-22\bin;
USERNAME=ADMIN
OS=Windows_NT
PROCESSOR_IDENTIFIER=AMD64 Family 25 Model 68 Stepping 1, AuthenticAMD
TMP=C:\Users\ADMIN\AppData\Local\Temp
TEMP=C:\Users\ADMIN\AppData\Local\Temp




Periodic native trim disabled

---------------  S Y S T E M  ---------------

OS:
 Windows 11 , 64 bit Build 22621 (10.0.22621.3527)
OS uptime: 1 days 1:44 hours
Hyper-V role detected

CPU: total 12 (initial active 12) (12 cores per cpu, 2 threads per core) family 25 model 68 stepping 1 microcode 0x0, cx8, cmov, fxsr, ht, mmx, 3dnowpref, sse, sse2, sse3, ssse3, sse4a, sse4.1, sse4.2, popcnt, lzcnt, tsc, tscinvbit, avx, avx2, aes, erms, clmul, bmi1, bmi2, adx, sha, fma, vzeroupper, clflush, clflushopt, hv, rdtscp, rdpid, fsrm, f16c, cet_ss
Processor Information for processor 0
  Max Mhz: 3301, Current Mhz: 3301, Mhz Limit: 3301
Processor Information for processor 1
  Max Mhz: 3301, Current Mhz: 3301, Mhz Limit: 3301
Processor Information for processor 2
  Max Mhz: 3301, Current Mhz: 3301, Mhz Limit: 3301
Processor Information for processor 3
  Max Mhz: 3301, Current Mhz: 3301, Mhz Limit: 3301
Processor Information for processor 4
  Max Mhz: 3301, Current Mhz: 3301, Mhz Limit: 3301
Processor Information for processor 5
  Max Mhz: 3301, Current Mhz: 3301, Mhz Limit: 3301
Processor Information for processor 6
  Max Mhz: 3301, Current Mhz: 2503, Mhz Limit: 3301
Processor Information for processor 7
  Max Mhz: 3301, Current Mhz: 3301, Mhz Limit: 3301
Processor Information for processor 8
  Max Mhz: 3301, Current Mhz: 3301, Mhz Limit: 3301
Processor Information for processor 9
  Max Mhz: 3301, Current Mhz: 3301, Mhz Limit: 3301
Processor Information for processor 10
  Max Mhz: 3301, Current Mhz: 3301, Mhz Limit: 3301
Processor Information for processor 11
  Max Mhz: 3301, Current Mhz: 3301, Mhz Limit: 3301

Memory: 4k page, system-wide physical 14020M (2138M free)
TotalPageFile size 57028M (AvailPageFile size 10772M)
current process WorkingSet (physical memory assigned to process): 29M, peak: 45M
current process commit charge ("private bytes"): 311M, peak: 311M

vm_info: Java HotSpot(TM) 64-Bit Server VM (22+36-2370) for windows-amd64 JRE (22+36-2370), built on 2024-02-15T22:15:19Z by "mach5one" with MS VC++ 17.6 (VS2022)

END.
