#
# There is insufficient memory for the Java Runtime Environment to continue.
# Native memory allocation (malloc) failed to allocate 1156016 bytes. Error detail: Chunk::new
# Possible reasons:
#   The system is out of physical RAM or swap space
#   This process is running with CompressedOops enabled, and the Java Heap may be blocking the growth of the native heap
# Possible solutions:
#   Reduce memory load on the system
#   Increase physical memory or swap space
#   Check if swap backing store is full
#   Decrease Java heap size (-Xmx/-Xms)
#   Decrease number of Java threads
#   Decrease Java thread stack sizes (-Xss)
#   Set larger code cache with -XX:ReservedCodeCacheSize=
#   JVM is running with Zero Based Compressed Oops mode in which the Java heap is
#     placed in the first 32GB address space. The Java Heap base address is the
#     maximum limit for the native heap growth. Please use -XX:HeapBaseMinAddress
#     to set the Java Heap base and to place the Java Heap above 32GB virtual address.
# This output file may be truncated or incomplete.
#
#  Out of Memory Error (arena.cpp:150), pid=5304, tid=17820
#
# JRE version: Java(TM) SE Runtime Environment (22.0+36) (build 22+36-2370)
# Java VM: Java HotSpot(TM) 64-Bit Server VM (22+36-2370, mixed mode, sharing, tiered, compressed oops, compressed class ptrs, g1 gc, windows-amd64)
# No core dump will be written. Minidumps are not enabled by default on client versions of Windows
#

---------------  S U M M A R Y ------------

Command Line: -Dclassworlds.conf=C:\Program Files\NetBeans-21\netbeans\java\maven\bin\m2.conf -Dmaven.home=C:\Program Files\NetBeans-21\netbeans\java\maven -Dlibrary.jansi.path=C:\Program Files\NetBeans-21\netbeans\java\maven\lib\jansi-native -Dmaven.multiModuleProjectDirectory=C:\Users\ADMIN\OneDrive\Documents\GitHub\Management_Project_Java\mavenproject1 org.codehaus.plexus.classworlds.launcher.Launcher -Dexec.vmArgs=--enable-preview -Dexec.args=${exec.vmArgs} -classpath %classpath ${exec.mainClass} ${exec.appArgs} -Dexec.appArgs= -Dexec.mainClass=GUI.Login -Dexec.executable=C:\Program Files\Java\jdk-22\bin\java.exe -Dmaven.ext.class.path=C:\Program Files\NetBeans-21\netbeans\java\maven-nblib\netbeans-eventspy.jar --no-transfer-progress process-classes org.codehaus.mojo:exec-maven-plugin:3.1.0:exec

Host: AMD Ryzen 5 6600HS Creator Edition             , 12 cores, 13G,  Windows 11 , 64 bit Build 22621 (10.0.22621.3527)
Time: Thu May 16 16:18:44 2024 SE Asia Standard Time elapsed time: 56.379522 seconds (0d 0h 0m 56s)

---------------  T H R E A D  ---------------

Current thread (0x000001ac7d909cd0):  JavaThread "C2 CompilerThread0" daemon [_thread_in_native, id=17820, stack(0x00000047b8b00000,0x00000047b8c00000) (1024K)]


Current CompileTask:
C2:56379 3725       4       org.codehaus.plexus.util.xml.pull.MXParser::parseAttribute (1429 bytes)

Stack: [0x00000047b8b00000,0x00000047b8c00000]
Native frames: (J=compiled Java code, j=interpreted, Vv=VM code, C=native code)
V  [jvm.dll+0x6e2349]  (no source info available)
V  [jvm.dll+0x874ed3]  (no source info available)
V  [jvm.dll+0x8772fe]  (no source info available)
V  [jvm.dll+0x8779d3]  (no source info available)
V  [jvm.dll+0x27fcb6]  (no source info available)
V  [jvm.dll+0xc3d0f]  (no source info available)
V  [jvm.dll+0xc3f6b]  (no source info available)
V  [jvm.dll+0x3bb022]  (no source info available)
V  [jvm.dll+0x387abb]  (no source info available)
V  [jvm.dll+0x386f2a]  (no source info available)
V  [jvm.dll+0x247908]  (no source info available)
V  [jvm.dll+0x246faf]  (no source info available)
V  [jvm.dll+0x1c4e90]  (no source info available)
V  [jvm.dll+0x25699e]  (no source info available)
V  [jvm.dll+0x254c5a]  (no source info available)
V  [jvm.dll+0x3f5426]  (no source info available)
V  [jvm.dll+0x81d50b]  (no source info available)
V  [jvm.dll+0x6e09e5]  (no source info available)
C  [ucrtbase.dll+0x29333]  (no source info available)
C  [KERNEL32.DLL+0x1257d]  (no source info available)
C  [ntdll.dll+0x5aa48]  (no source info available)


---------------  P R O C E S S  ---------------

Threads class SMR info:
_java_thread_list=0x000001ac557575f0, length=11, elements={
0x000001ac6be3f690, 0x000001ac7d8ff460, 0x000001ac7d900430, 0x000001ac7d902000,
0x000001ac7d903a70, 0x000001ac7d9044d0, 0x000001ac7d904f30, 0x000001ac7d909cd0,
0x000001ac7d90a780, 0x000001ac54247c50, 0x000001ac5424aae0
}

Java Threads: ( => current thread )
  0x000001ac6be3f690 JavaThread "main"                              [_thread_in_native, id=27276, stack(0x00000047b7c00000,0x00000047b7d00000) (1024K)]
  0x000001ac7d8ff460 JavaThread "Reference Handler"          daemon [_thread_blocked, id=20280, stack(0x00000047b8500000,0x00000047b8600000) (1024K)]
  0x000001ac7d900430 JavaThread "Finalizer"                  daemon [_thread_blocked, id=7044, stack(0x00000047b8600000,0x00000047b8700000) (1024K)]
  0x000001ac7d902000 JavaThread "Signal Dispatcher"          daemon [_thread_blocked, id=26876, stack(0x00000047b8700000,0x00000047b8800000) (1024K)]
  0x000001ac7d903a70 JavaThread "Attach Listener"            daemon [_thread_blocked, id=24608, stack(0x00000047b8800000,0x00000047b8900000) (1024K)]
  0x000001ac7d9044d0 JavaThread "Service Thread"             daemon [_thread_blocked, id=2208, stack(0x00000047b8900000,0x00000047b8a00000) (1024K)]
  0x000001ac7d904f30 JavaThread "Monitor Deflation Thread"   daemon [_thread_blocked, id=24748, stack(0x00000047b8a00000,0x00000047b8b00000) (1024K)]
=>0x000001ac7d909cd0 JavaThread "C2 CompilerThread0"         daemon [_thread_in_native, id=17820, stack(0x00000047b8b00000,0x00000047b8c00000) (1024K)]
  0x000001ac7d90a780 JavaThread "C1 CompilerThread0"         daemon [_thread_blocked, id=10536, stack(0x00000047b8c00000,0x00000047b8d00000) (1024K)]
  0x000001ac54247c50 JavaThread "Notification Thread"        daemon [_thread_blocked, id=13576, stack(0x00000047b8d00000,0x00000047b8e00000) (1024K)]
  0x000001ac5424aae0 JavaThread "Common-Cleaner"             daemon [_thread_blocked, id=24124, stack(0x00000047b8e00000,0x00000047b8f00000) (1024K)]
Total: 11

Other Threads:
  0x000001ac7d8e2250 VMThread "VM Thread"                           [id=9480, stack(0x00000047b8400000,0x00000047b8500000) (1024K)]
  0x000001ac7d8ca210 WatcherThread "VM Periodic Task Thread"        [id=16440, stack(0x00000047b8300000,0x00000047b8400000) (1024K)]
  0x000001ac6c01da30 WorkerThread "GC Thread#0"                     [id=9308, stack(0x00000047b7e00000,0x00000047b7f00000) (1024K)]
  0x000001ac557d3060 WorkerThread "GC Thread#1"                     [id=35192, stack(0x00000047b9100000,0x00000047b9200000) (1024K)]
  0x000001ac557d3410 WorkerThread "GC Thread#2"                     [id=35196, stack(0x00000047b9200000,0x00000047b9300000) (1024K)]
  0x000001ac557d37c0 WorkerThread "GC Thread#3"                     [id=35200, stack(0x00000047b9300000,0x00000047b9400000) (1024K)]
  0x000001ac557d3b70 WorkerThread "GC Thread#4"                     [id=35204, stack(0x00000047b9400000,0x00000047b9500000) (1024K)]
  0x000001ac559f7990 WorkerThread "GC Thread#5"                     [id=35324, stack(0x00000047b9500000,0x00000047b9600000) (1024K)]
  0x000001ac559f7d40 WorkerThread "GC Thread#6"                     [id=35328, stack(0x00000047b9600000,0x00000047b9700000) (1024K)]
  0x000001ac559f80f0 WorkerThread "GC Thread#7"                     [id=35332, stack(0x00000047b9700000,0x00000047b9800000) (1024K)]
  0x000001ac559f84a0 WorkerThread "GC Thread#8"                     [id=35336, stack(0x00000047b9800000,0x00000047b9900000) (1024K)]
  0x000001ac5509f510 WorkerThread "GC Thread#9"                     [id=37400, stack(0x00000047b8f00000,0x00000047b9000000) (1024K)]
  0x000001ac6c02c430 ConcurrentGCThread "G1 Main Marker"            [id=16096, stack(0x00000047b7f00000,0x00000047b8000000) (1024K)]
  0x000001ac6c02cff0 WorkerThread "G1 Conc#0"                       [id=19436, stack(0x00000047b8000000,0x00000047b8100000) (1024K)]
  0x000001ac559f8c60 WorkerThread "G1 Conc#1"                       [id=38592, stack(0x00000047b7d00000,0x00000047b7e00000) (1024K)]
  0x000001ac567286a0 WorkerThread "G1 Conc#2"                       [id=44064, stack(0x00000047b9000000,0x00000047b9100000) (1024K)]
  0x000001ac7d79d950 ConcurrentGCThread "G1 Refine#0"               [id=27192, stack(0x00000047b8100000,0x00000047b8200000) (1024K)]
  0x000001ac7d79e180 ConcurrentGCThread "G1 Service"                [id=1764, stack(0x00000047b8200000,0x00000047b8300000) (1024K)]
Total: 18

Threads with active compile tasks:
C2 CompilerThread0  66513 3725       4       org.codehaus.plexus.util.xml.pull.MXParser::parseAttribute (1429 bytes)
Total: 1

VM state: not at safepoint (normal execution)

VM Mutex/Monitor currently owned by a thread: None

Heap address: 0x0000000724e00000, size: 3506 MB, Compressed Oops mode: Zero based, Oop shift amount: 3

CDS archive(s) mapped at: [0x000001ac0f000000-0x000001ac0fc60000-0x000001ac0fc60000), size 12976128, SharedBaseAddress: 0x000001ac0f000000, ArchiveRelocationMode: 1.
Compressed class space mapped at: 0x000001ac10000000-0x000001ac50000000, reserved size: 1073741824
Narrow klass base: 0x000001ac0f000000, Narrow klass shift: 0, Narrow klass range: 0x41000000

GC Precious Log:
 CardTable entry size: 512
 Card Set container configuration: InlinePtr #cards 4 size 8 Array Of Cards #cards 16 size 48 Howl #buckets 8 coarsen threshold 3686 Howl Bitmap #cards 512 size 80 coarsen threshold 460 Card regions per heap region 1 cards per card region 4096
 CPUs: 12 total, 12 available
 Memory: 14020M
 Large Page Support: Disabled
 NUMA Support: Disabled
 Compressed Oops: Enabled (Zero based)
 Heap Region Size: 2M
 Heap Min Capacity: 8M
 Heap Initial Capacity: 220M
 Heap Max Capacity: 3506M
 Pre-touch: Disabled
 Parallel Workers: 10
 Concurrent Workers: 3
 Concurrent Refinement Workers: 10
 Periodic GC: Disabled

Heap:
 garbage-first heap   total reserved 3590144K, committed 61440K, used 27469K [0x0000000724e00000, 0x0000000800000000)
  region size 2048K, 4 young (8192K), 2 survivors (4096K)
 Metaspace       used 24652K, committed 24896K, reserved 1114112K
  class space    used 2908K, committed 3008K, reserved 1048576K

Heap Regions: E=young(eden), S=young(survivor), O=old, HS=humongous(starts), HC=humongous(continues), CS=collection set, F=free, TAMS=top-at-mark-start, PB=parsable bottom
|   0|0x0000000724e00000, 0x0000000725000000, 0x0000000725000000|100%| O|  |TAMS 0x0000000724e00000| PB 0x0000000724e00000| Untracked |  0
|   1|0x0000000725000000, 0x0000000725000000, 0x0000000725200000|  0%| F|  |TAMS 0x0000000725000000| PB 0x0000000725000000| Untracked |  0
|   2|0x0000000725200000, 0x0000000725400000, 0x0000000725400000|100%| O|  |TAMS 0x0000000725200000| PB 0x0000000725200000| Untracked |  0
|   3|0x0000000725400000, 0x0000000725600000, 0x0000000725600000|100%| O|  |TAMS 0x0000000725400000| PB 0x0000000725400000| Untracked |  0
|   4|0x0000000725600000, 0x0000000725800000, 0x0000000725800000|100%| O|  |TAMS 0x0000000725600000| PB 0x0000000725600000| Untracked |  0
|   5|0x0000000725800000, 0x0000000725a00000, 0x0000000725a00000|100%| O|  |TAMS 0x0000000725800000| PB 0x0000000725800000| Untracked |  0
|   6|0x0000000725a00000, 0x0000000725c00000, 0x0000000725c00000|100%| O|  |TAMS 0x0000000725a00000| PB 0x0000000725a00000| Untracked |  0
|   7|0x0000000725c00000, 0x0000000725e00000, 0x0000000725e00000|100%| O|  |TAMS 0x0000000725c00000| PB 0x0000000725c00000| Untracked |  0
|   8|0x0000000725e00000, 0x0000000726000000, 0x0000000726000000|100%| O|  |TAMS 0x0000000725e00000| PB 0x0000000725e00000| Untracked |  0
|   9|0x0000000726000000, 0x0000000726200000, 0x0000000726200000|100%| O|  |TAMS 0x0000000726000000| PB 0x0000000726000000| Untracked |  0
|  10|0x0000000726200000, 0x0000000726400000, 0x0000000726400000|100%| O|  |TAMS 0x0000000726200000| PB 0x0000000726200000| Untracked |  0
|  11|0x0000000726400000, 0x0000000726600000, 0x0000000726600000|100%| S|CS|TAMS 0x0000000726400000| PB 0x0000000726400000| Complete |  0
|  12|0x0000000726600000, 0x0000000726800000, 0x0000000726800000|100%| S|CS|TAMS 0x0000000726600000| PB 0x0000000726600000| Complete |  0
|  13|0x0000000726800000, 0x0000000726800000, 0x0000000726a00000|  0%| F|  |TAMS 0x0000000726800000| PB 0x0000000726800000| Untracked |  0
|  14|0x0000000726a00000, 0x0000000726a00000, 0x0000000726c00000|  0%| F|  |TAMS 0x0000000726a00000| PB 0x0000000726a00000| Untracked |  0
|  15|0x0000000726c00000, 0x0000000726c00000, 0x0000000726e00000|  0%| F|  |TAMS 0x0000000726c00000| PB 0x0000000726c00000| Untracked |  0
|  16|0x0000000726e00000, 0x0000000726e00000, 0x0000000727000000|  0%| F|  |TAMS 0x0000000726e00000| PB 0x0000000726e00000| Untracked |  0
|  17|0x0000000727000000, 0x0000000727000000, 0x0000000727200000|  0%| F|  |TAMS 0x0000000727000000| PB 0x0000000727000000| Untracked |  0
|  18|0x0000000727200000, 0x0000000727200000, 0x0000000727400000|  0%| F|  |TAMS 0x0000000727200000| PB 0x0000000727200000| Untracked |  0
|  19|0x0000000727400000, 0x0000000727400000, 0x0000000727600000|  0%| F|  |TAMS 0x0000000727400000| PB 0x0000000727400000| Untracked |  0
|  20|0x0000000727600000, 0x0000000727600000, 0x0000000727800000|  0%| F|  |TAMS 0x0000000727600000| PB 0x0000000727600000| Untracked |  0
|  21|0x0000000727800000, 0x0000000727800000, 0x0000000727a00000|  0%| F|  |TAMS 0x0000000727800000| PB 0x0000000727800000| Untracked |  0
|  22|0x0000000727a00000, 0x0000000727a00000, 0x0000000727c00000|  0%| F|  |TAMS 0x0000000727a00000| PB 0x0000000727a00000| Untracked |  0
|  23|0x0000000727c00000, 0x0000000727c00000, 0x0000000727e00000|  0%| F|  |TAMS 0x0000000727c00000| PB 0x0000000727c00000| Untracked |  0
|  70|0x000000072da00000, 0x000000072da00000, 0x000000072dc00000|  0%| F|  |TAMS 0x000000072da00000| PB 0x000000072da00000| Untracked |  0
|  71|0x000000072dc00000, 0x000000072dc00000, 0x000000072de00000|  0%| F|  |TAMS 0x000000072dc00000| PB 0x000000072dc00000| Untracked |  0
|  72|0x000000072de00000, 0x000000072de00000, 0x000000072e000000|  0%| F|  |TAMS 0x000000072de00000| PB 0x000000072de00000| Untracked |  0
|  73|0x000000072e000000, 0x000000072e125828, 0x000000072e200000| 57%| E|  |TAMS 0x000000072e000000| PB 0x000000072e000000| Complete |  0
| 109|0x0000000732800000, 0x0000000732a00000, 0x0000000732a00000|100%| E|CS|TAMS 0x0000000732800000| PB 0x0000000732800000| Complete |  0
|1752|0x00000007ffe00000, 0x00000007ffed3400, 0x0000000800000000| 41%| O|  |TAMS 0x00000007ffe00000| PB 0x00000007ffe00000| Untracked |  0

Card table byte_map: [0x000001ac76e80000,0x000001ac77560000] _byte_map_base: 0x000001ac73559000

Marking Bits: (CMBitMap*) 0x000001ac6c01e040
 Bits: [0x000001ac77560000, 0x000001ac7ac28000)

Polling page: 0x000001ac6bdf0000

Metaspace:

Usage:
  Non-class:     21.23 MB used.
      Class:      2.84 MB used.
       Both:     24.07 MB used.

Virtual space:
  Non-class space:       64.00 MB reserved,      21.38 MB ( 33%) committed,  1 nodes.
      Class space:        1.00 GB reserved,       2.94 MB ( <1%) committed,  1 nodes.
             Both:        1.06 GB reserved,      24.31 MB (  2%) committed. 

Chunk freelists:
   Non-Class:  9.83 MB
       Class:  12.94 MB
        Both:  22.77 MB

MaxMetaspaceSize: unlimited
CompressedClassSpaceSize: 1.00 GB
Initial GC threshold: 21.00 MB
Current GC threshold: 36.19 MB
CDS: on
 - commit_granule_bytes: 65536.
 - commit_granule_words: 8192.
 - virtual_space_node_default_size: 8388608.
 - enlarge_chunks_in_place: 1.
 - use_allocation_guard: 0.


Internal statistics:

num_allocs_failed_limit: 9.
num_arena_births: 212.
num_arena_deaths: 0.
num_vsnodes_births: 2.
num_vsnodes_deaths: 0.
num_space_committed: 389.
num_space_uncommitted: 0.
num_chunks_returned_to_freelist: 9.
num_chunks_taken_from_freelist: 1057.
num_chunk_merges: 9.
num_chunk_splits: 777.
num_chunks_enlarged: 637.
num_inconsistent_stats: 0.

CodeHeap 'non-profiled nmethods': size=120000Kb used=2251Kb max_used=2251Kb free=117748Kb
 bounds [0x000001ac07ad0000, 0x000001ac07d40000, 0x000001ac0f000000]
CodeHeap 'profiled nmethods': size=120000Kb used=10210Kb max_used=10210Kb free=109789Kb
 bounds [0x000001ac00000000, 0x000001ac00a00000, 0x000001ac07530000]
CodeHeap 'non-nmethods': size=5760Kb used=1443Kb max_used=1490Kb free=4317Kb
 bounds [0x000001ac07530000, 0x000001ac077a0000, 0x000001ac07ad0000]
 total_blobs=5403 nmethods=4876 adapters=430
 compilation: enabled
              stopped_count=0, restarted_count=0
 full_count=0

Compilation events (20 events):
Event: 56.191 Thread 0x000001ac7d90a780 nmethod 3716 0x000001ac0073da10 code [0x000001ac0073dbc0, 0x000001ac0073de30]
Event: 56.192 Thread 0x000001ac7d90a780 3717   !   3       org.apache.maven.model.PluginManagement::clone (51 bytes)
Event: 56.192 Thread 0x000001ac7d909cd0 3718       4       java.util.ArrayList::toArray (12 bytes)
Event: 56.193 Thread 0x000001ac7d90a780 nmethod 3717 0x000001ac0073df10 code [0x000001ac0073e180, 0x000001ac0073eb58]
Event: 56.193 Thread 0x000001ac7d90a780 3719       3       org.apache.maven.model.BuildBase::getResources (23 bytes)
Event: 56.194 Thread 0x000001ac7d90a780 nmethod 3719 0x000001ac0073ef10 code [0x000001ac0073f0e0, 0x000001ac0073f4d8]
Event: 56.194 Thread 0x000001ac7d90a780 3721       3       org.apache.maven.model.building.DefaultModelBuildingRequest::getUserProperties (23 bytes)
Event: 56.194 Thread 0x000001ac7d90a780 nmethod 3721 0x000001ac0073f610 code [0x000001ac0073f7c0, 0x000001ac0073fa90]
Event: 56.194 Thread 0x000001ac7d90a780 3720       1       org.apache.maven.model.Organization::getName (5 bytes)
Event: 56.194 Thread 0x000001ac7d90a780 nmethod 3720 0x000001ac07c6ae90 code [0x000001ac07c6b020, 0x000001ac07c6b0f0]
Event: 56.195 Thread 0x000001ac7d90a780 3722       3       java.util.ArrayList::checkForComodification (17 bytes)
Event: 56.195 Thread 0x000001ac7d90a780 nmethod 3722 0x000001ac0073fb90 code [0x000001ac0073fd40, 0x000001ac0073ff58]
Event: 56.195 Thread 0x000001ac7d90a780 3723       3       org.eclipse.aether.artifact.AbstractArtifact::setVersion (40 bytes)
Event: 56.195 Thread 0x000001ac7d90a780 nmethod 3723 0x000001ac00740090 code [0x000001ac00740260, 0x000001ac007405d8]
Event: 56.195 Thread 0x000001ac7d909cd0 nmethod 3718 0x000001ac07c6b190 code [0x000001ac07c6b320, 0x000001ac07c6b638]
Event: 56.215 Thread 0x000001ac7d90a780 3724       3       java.util.HashMap::clear (50 bytes)
Event: 56.216 Thread 0x000001ac7d90a780 nmethod 3724 0x000001ac00740790 code [0x000001ac00740940, 0x000001ac00740ce8]
Event: 56.230 Thread 0x000001ac7d909cd0 3725       4       org.codehaus.plexus.util.xml.pull.MXParser::parseAttribute (1429 bytes)
Event: 56.231 Thread 0x000001ac7d90a780 3726   !   3       org.apache.maven.model.Resource::clone (51 bytes)
Event: 56.231 Thread 0x000001ac7d90a780 nmethod 3726 0x000001ac00740e10 code [0x000001ac00741080, 0x000001ac00741a58]

GC Heap History (4 events):
Event: 13.596 GC heap before
{Heap before GC invocations=0 (full 0):
 garbage-first heap   total reserved 3590144K, committed 225280K, used 24576K [0x0000000724e00000, 0x0000000800000000)
  region size 2048K, 12 young (24576K), 0 survivors (0K)
 Metaspace       used 5729K, committed 5952K, reserved 1114112K
  class space    used 673K, committed 768K, reserved 1048576K
}
Event: 13.873 GC heap after
{Heap after GC invocations=1 (full 0):
 garbage-first heap   total reserved 3590144K, committed 225280K, used 4128K [0x0000000724e00000, 0x0000000800000000)
  region size 2048K, 2 young (4096K), 2 survivors (4096K)
 Metaspace       used 5729K, committed 5952K, reserved 1114112K
  class space    used 673K, committed 768K, reserved 1048576K
}
Event: 20.065 GC heap before
{Heap before GC invocations=1 (full 0):
 garbage-first heap   total reserved 3590144K, committed 225280K, used 40992K [0x0000000724e00000, 0x0000000800000000)
  region size 2048K, 20 young (40960K), 2 survivors (4096K)
 Metaspace       used 11423K, committed 11584K, reserved 1114112K
  class space    used 1392K, committed 1472K, reserved 1048576K
}
Event: 20.077 GC heap after
{Heap after GC invocations=2 (full 0):
 garbage-first heap   total reserved 3590144K, committed 225280K, used 6518K [0x0000000724e00000, 0x0000000800000000)
  region size 2048K, 2 young (4096K), 2 survivors (4096K)
 Metaspace       used 11423K, committed 11584K, reserved 1114112K
  class space    used 1392K, committed 1472K, reserved 1048576K
}

Dll operation events (8 events):
Event: 0.823 Loaded shared library C:\Program Files\Java\jdk-22\bin\java.dll
Event: 0.988 Loaded shared library C:\Program Files\Java\jdk-22\bin\jsvml.dll
Event: 1.025 Loaded shared library C:\Program Files\Java\jdk-22\bin\net.dll
Event: 1.029 Loaded shared library C:\Program Files\Java\jdk-22\bin\nio.dll
Event: 1.198 Loaded shared library C:\Program Files\Java\jdk-22\bin\zip.dll
Event: 9.362 Loaded shared library C:\Program Files\Java\jdk-22\bin\jimage.dll
Event: 9.520 Loaded shared library C:\Program Files\NetBeans-21\netbeans\java\maven\lib\jansi-native\Windows\x86_64\jansi.dll
Event: 9.539 Loaded shared library C:\Program Files\Java\jdk-22\bin\verify.dll

Deoptimization events (20 events):
Event: 46.155 Thread 0x000001ac6be3f690 Uncommon trap: trap_request=0xffffffc6 fr.pc=0x000001ac07bbaf38 relative=0x0000000000000098
Event: 46.155 Thread 0x000001ac6be3f690 Uncommon trap: reason=bimorphic_or_optimized_type_check action=maybe_recompile pc=0x000001ac07bbaf38 method=com.google.inject.internal.LinkedBindingImpl.acceptTargetVisitor(Lcom/google/inject/spi/BindingTargetVisitor;)Ljava/lang/Object; @ 2 c2
Event: 46.155 Thread 0x000001ac6be3f690 DEOPT PACKING pc=0x000001ac07bbaf38 sp=0x00000047b7cfdab0
Event: 46.155 Thread 0x000001ac6be3f690 DEOPT UNPACKING pc=0x000001ac075846a2 sp=0x00000047b7cfda38 mode 2
Event: 46.155 Thread 0x000001ac6be3f690 Uncommon trap: trap_request=0xffffffc6 fr.pc=0x000001ac07bbaf38 relative=0x0000000000000098
Event: 46.155 Thread 0x000001ac6be3f690 Uncommon trap: reason=bimorphic_or_optimized_type_check action=maybe_recompile pc=0x000001ac07bbaf38 method=com.google.inject.internal.LinkedBindingImpl.acceptTargetVisitor(Lcom/google/inject/spi/BindingTargetVisitor;)Ljava/lang/Object; @ 2 c2
Event: 46.155 Thread 0x000001ac6be3f690 DEOPT PACKING pc=0x000001ac07bbaf38 sp=0x00000047b7cfdab0
Event: 46.155 Thread 0x000001ac6be3f690 DEOPT UNPACKING pc=0x000001ac075846a2 sp=0x00000047b7cfda38 mode 2
Event: 46.812 Thread 0x000001ac6be3f690 Uncommon trap: trap_request=0xffffffc6 fr.pc=0x000001ac07bbaf38 relative=0x0000000000000098
Event: 46.812 Thread 0x000001ac6be3f690 Uncommon trap: reason=bimorphic_or_optimized_type_check action=maybe_recompile pc=0x000001ac07bbaf38 method=com.google.inject.internal.LinkedBindingImpl.acceptTargetVisitor(Lcom/google/inject/spi/BindingTargetVisitor;)Ljava/lang/Object; @ 2 c2
Event: 46.812 Thread 0x000001ac6be3f690 DEOPT PACKING pc=0x000001ac07bbaf38 sp=0x00000047b7cfdab0
Event: 46.813 Thread 0x000001ac6be3f690 DEOPT UNPACKING pc=0x000001ac075846a2 sp=0x00000047b7cfda38 mode 2
Event: 46.813 Thread 0x000001ac6be3f690 Uncommon trap: trap_request=0xffffffc6 fr.pc=0x000001ac07bbaf38 relative=0x0000000000000098
Event: 46.813 Thread 0x000001ac6be3f690 Uncommon trap: reason=bimorphic_or_optimized_type_check action=maybe_recompile pc=0x000001ac07bbaf38 method=com.google.inject.internal.LinkedBindingImpl.acceptTargetVisitor(Lcom/google/inject/spi/BindingTargetVisitor;)Ljava/lang/Object; @ 2 c2
Event: 46.813 Thread 0x000001ac6be3f690 DEOPT PACKING pc=0x000001ac07bbaf38 sp=0x00000047b7cfdab0
Event: 46.813 Thread 0x000001ac6be3f690 DEOPT UNPACKING pc=0x000001ac075846a2 sp=0x00000047b7cfda38 mode 2
Event: 47.316 Thread 0x000001ac6be3f690 Uncommon trap: trap_request=0xffffff45 fr.pc=0x000001ac07c329a8 relative=0x0000000000001168
Event: 47.317 Thread 0x000001ac6be3f690 Uncommon trap: reason=unstable_if action=reinterpret pc=0x000001ac07c329a8 method=org.eclipse.sisu.inject.LocatedBeans$Itr.hasNext()Z @ 81 c2
Event: 47.324 Thread 0x000001ac6be3f690 DEOPT PACKING pc=0x000001ac07c329a8 sp=0x00000047b7cfe2e0
Event: 47.324 Thread 0x000001ac6be3f690 DEOPT UNPACKING pc=0x000001ac075846a2 sp=0x00000047b7cfe2c0 mode 2

Classes loaded (20 events):
Event: 41.037 Loading class java/io/PrintWriter
Event: 41.037 Loading class java/io/PrintWriter done
Event: 41.037 Loading class java/io/PrintWriter$1
Event: 41.037 Loading class jdk/internal/access/JavaIOPrintWriterAccess
Event: 41.037 Loading class jdk/internal/access/JavaIOPrintWriterAccess done
Event: 41.037 Loading class java/io/PrintWriter$1 done
Event: 46.162 Loading class org/w3c/dom/Node
Event: 46.204 Loading class org/w3c/dom/Node done
Event: 46.204 Loading class javax/xml/parsers/ParserConfigurationException
Event: 46.501 Loading class javax/xml/parsers/ParserConfigurationException done
Event: 46.501 Loading class org/xml/sax/SAXException
Event: 46.782 Loading class org/xml/sax/SAXException done
Event: 46.782 Loading class org/w3c/dom/Document
Event: 46.801 Loading class org/w3c/dom/Document done
Event: 46.801 Loading class org/w3c/dom/Element
Event: 46.806 Loading class org/w3c/dom/Element done
Event: 47.862 Loading class java/net/URISyntaxException
Event: 48.304 Loading class java/net/URISyntaxException done
Event: 48.546 Loading class jdk/internal/reflect/MethodHandleBooleanFieldAccessorImpl
Event: 48.624 Loading class jdk/internal/reflect/MethodHandleBooleanFieldAccessorImpl done

Classes unloaded (0 events):
No events

Classes redefined (0 events):
No events

Internal exceptions (20 events):
Event: 19.664 Thread 0x000001ac6be3f690 Exception <a 'java/lang/NoSuchMethodError'{0x00000007304f95b8}: 'int java.lang.invoke.DirectMethodHandle$Holder.invokeSpecial(java.lang.Object, java.lang.Object, java.lang.Object, int)'> (0x00000007304f95b8) 
thrown [s\open\src\hotspot\share\interpreter\linkResolver.cpp, line 774]
Event: 19.675 Thread 0x000001ac6be3f690 Implicit null exception at 0x000001ac07b49cba to 0x000001ac07b49eb4
Event: 19.678 Thread 0x000001ac6be3f690 Exception <a 'java/lang/NoSuchMethodError'{0x000000073051dc30}: 'java.lang.Object java.lang.invoke.Invokers$Holder.invokeExact_MT(java.lang.Object, int, java.lang.Object)'> (0x000000073051dc30) 
thrown [s\open\src\hotspot\share\interpreter\linkResolver.cpp, line 774]
Event: 19.700 Thread 0x000001ac6be3f690 Exception <a 'java/lang/NoSuchMethodError'{0x0000000730571c88}: 'void java.lang.invoke.DirectMethodHandle$Holder.invokeStatic(java.lang.Object, java.lang.Object)'> (0x0000000730571c88) 
thrown [s\open\src\hotspot\share\interpreter\linkResolver.cpp, line 774]
Event: 21.605 Thread 0x000001ac6be3f690 Exception <a 'java/lang/NoSuchMethodError'{0x0000000732571048}: 'void java.lang.invoke.Invokers$Holder.invokeExact_MT(java.lang.Object, java.lang.Object, java.lang.Object, java.lang.Object)'> (0x0000000732571048) 
thrown [s\open\src\hotspot\share\interpreter\linkResolver.cpp, line 774]
Event: 21.805 Thread 0x000001ac6be3f690 Exception <a 'java/lang/NoClassDefFoundError'{0x00000007325fa620}: com/google/inject/servlet/ServletModuleTargetVisitor> (0x00000007325fa620) 
thrown [s\open\src\hotspot\share\classfile\systemDictionary.cpp, line 302]
Event: 22.396 Thread 0x000001ac6be3f690 Exception <a 'java/lang/NoSuchMethodError'{0x00000007320b6730}: 'void java.lang.invoke.DirectMethodHandle$Holder.invokeVirtual(java.lang.Object, java.lang.Object)'> (0x00000007320b6730) 
thrown [s\open\src\hotspot\share\interpreter\linkResolver.cpp, line 774]
Event: 22.801 Thread 0x000001ac6be3f690 Exception <a 'java/lang/NoSuchMethodError'{0x0000000732142fc8}: 'java.lang.Object java.lang.invoke.DirectMethodHandle$Holder.invokeStaticInit(java.lang.Object, int, int, int, int)'> (0x0000000732142fc8) 
thrown [s\open\src\hotspot\share\interpreter\linkResolver.cpp, line 774]
Event: 25.360 Thread 0x000001ac6be3f690 Exception <a 'java/lang/NoSuchMethodError'{0x0000000731adaef8}: 'void java.lang.invoke.DirectMethodHandle$Holder.invokeVirtual(java.lang.Object, java.lang.Object, int)'> (0x0000000731adaef8) 
thrown [s\open\src\hotspot\share\interpreter\linkResolver.cpp, line 774]
Event: 25.361 Thread 0x000001ac6be3f690 Exception <a 'java/lang/NoSuchMethodError'{0x0000000731ae20b0}: 'void java.lang.invoke.DelegatingMethodHandle$Holder.reinvoke_L(java.lang.Object, java.lang.Object, int)'> (0x0000000731ae20b0) 
thrown [s\open\src\hotspot\share\interpreter\linkResolver.cpp, line 774]
Event: 32.486 Thread 0x000001ac6be3f690 Implicit null exception at 0x000001ac07b8029b to 0x000001ac07b80498
Event: 32.486 Thread 0x000001ac6be3f690 Implicit null exception at 0x000001ac07bea68d to 0x000001ac07beaf18
Event: 32.487 Thread 0x000001ac6be3f690 Implicit null exception at 0x000001ac07b80f9b to 0x000001ac07b81194
Event: 32.487 Thread 0x000001ac6be3f690 Implicit null exception at 0x000001ac07b6c03d to 0x000001ac07b6c0bd
Event: 41.613 Thread 0x000001ac6be3f690 Implicit null exception at 0x000001ac07c33e65 to 0x000001ac07c34068
Event: 42.232 Thread 0x000001ac6be3f690 Exception <a 'java/lang/NoSuchMethodError'{0x000000073022c270}: 'java.lang.Object java.lang.invoke.DirectMethodHandle$Holder.newInvokeSpecial(java.lang.Object, java.lang.Object, java.lang.Object, java.lang.Object, java.lang.Object, java.lang.Object, java.lang.Object)'> (0x000000073022c270) 
thrown [s\open\src\hotspot\share\interpreter\linkResolver.cpp, line 774]
Event: 47.342 Thread 0x000001ac6be3f690 Exception <a 'java/lang/NoSuchMethodError'{0x000000072f670168}: 'java.lang.Object java.lang.invoke.DirectMethodHandle$Holder.invokeVirtual(java.lang.Object, java.lang.Object, java.lang.Object)'> (0x000000072f670168) 
thrown [s\open\src\hotspot\share\interpreter\linkResolver.cpp, line 774]
Event: 47.342 Thread 0x000001ac6be3f690 Exception <a 'java/lang/NoSuchMethodError'{0x000000072f676b30}: 'void java.lang.invoke.DirectMethodHandle$Holder.invokeSpecial(java.lang.Object, java.lang.Object, java.lang.Object, java.lang.Object, java.lang.Object, java.lang.Object)'> (0x000000072f676b30) 
thrown [s\open\src\hotspot\share\interpreter\linkResolver.cpp, line 774]
Event: 47.343 Thread 0x000001ac6be3f690 Exception <a 'java/lang/NoSuchMethodError'{0x000000072f680e50}: 'int java.lang.invoke.DirectMethodHandle$Holder.invokeVirtual(java.lang.Object, java.lang.Object)'> (0x000000072f680e50) 
thrown [s\open\src\hotspot\share\interpreter\linkResolver.cpp, line 774]
Event: 48.625 Thread 0x000001ac6be3f690 Exception <a 'java/lang/NoSuchMethodError'{0x000000072f754b40}: 'void java.lang.invoke.Invokers$Holder.invokeExact_MT(java.lang.Object, java.lang.Object, int, java.lang.Object)'> (0x000000072f754b40) 
thrown [s\open\src\hotspot\share\interpreter\linkResolver.cpp, line 774]

ZGC Phase Switch (0 events):
No events

VM Operations (20 events):
Event: 41.918 Executing VM operation: Cleanup
Event: 42.005 Executing VM operation: Cleanup done
Event: 43.006 Executing VM operation: Cleanup
Event: 43.006 Executing VM operation: Cleanup done
Event: 44.007 Executing VM operation: Cleanup
Event: 44.007 Executing VM operation: Cleanup done
Event: 45.021 Executing VM operation: Cleanup
Event: 45.021 Executing VM operation: Cleanup done
Event: 46.024 Executing VM operation: Cleanup
Event: 46.024 Executing VM operation: Cleanup done
Event: 47.036 Executing VM operation: Cleanup
Event: 47.036 Executing VM operation: Cleanup done
Event: 48.041 Executing VM operation: Cleanup
Event: 48.315 Executing VM operation: Cleanup done
Event: 49.328 Executing VM operation: Cleanup
Event: 49.328 Executing VM operation: Cleanup done
Event: 50.329 Executing VM operation: Cleanup
Event: 50.329 Executing VM operation: Cleanup done
Event: 51.343 Executing VM operation: Cleanup
Event: 51.343 Executing VM operation: Cleanup done

Events (17 events):
Event: 0.851 Thread 0x000001ac6be3f690 Thread added: 0x000001ac6be3f690
Event: 0.984 Thread 0x000001ac7d8ff460 Thread added: 0x000001ac7d8ff460
Event: 0.985 Thread 0x000001ac7d900430 Thread added: 0x000001ac7d900430
Event: 0.985 Thread 0x000001ac7d902000 Thread added: 0x000001ac7d902000
Event: 0.985 Thread 0x000001ac7d903a70 Thread added: 0x000001ac7d903a70
Event: 0.985 Thread 0x000001ac7d9044d0 Thread added: 0x000001ac7d9044d0
Event: 0.985 Thread 0x000001ac7d904f30 Thread added: 0x000001ac7d904f30
Event: 0.985 Thread 0x000001ac7d909cd0 Thread added: 0x000001ac7d909cd0
Event: 0.985 Thread 0x000001ac7d90a780 Thread added: 0x000001ac7d90a780
Event: 1.017 Thread 0x000001ac54247c50 Thread added: 0x000001ac54247c50
Event: 1.021 Thread 0x000001ac5424aae0 Thread added: 0x000001ac5424aae0
Event: 13.199 Thread 0x000001ac54ca31a0 Thread added: 0x000001ac54ca31a0
Event: 13.203 Thread 0x000001ac541fd890 Thread added: 0x000001ac541fd890
Event: 13.873 Thread 0x000001ac541fd890 Thread exited: 0x000001ac541fd890
Event: 13.873 Thread 0x000001ac54ca31a0 Thread exited: 0x000001ac54ca31a0
Event: 21.373 Thread 0x000001ac55612410 Thread added: 0x000001ac55612410
Event: 21.560 Thread 0x000001ac55612410 Thread exited: 0x000001ac55612410


Dynamic libraries:
0x00007ff7ed1d0000 - 0x00007ff7ed1e0000 	C:\Program Files\Java\jdk-22\bin\java.exe
0x00007ffc3f9d0000 - 0x00007ffc3fbe7000 	C:\WINDOWS\SYSTEM32\ntdll.dll
0x00007ffc3e920000 - 0x00007ffc3e9e4000 	C:\WINDOWS\System32\KERNEL32.DLL
0x00007ffc3cf80000 - 0x00007ffc3d327000 	C:\WINDOWS\System32\KERNELBASE.dll
0x00007ffc3ce60000 - 0x00007ffc3cf71000 	C:\WINDOWS\System32\ucrtbase.dll
0x00007ffc0f400000 - 0x00007ffc0f417000 	C:\Program Files\Java\jdk-22\bin\jli.dll
0x00007ffc3e9f0000 - 0x00007ffc3eaa2000 	C:\WINDOWS\System32\ADVAPI32.dll
0x00007ffc3eab0000 - 0x00007ffc3eb57000 	C:\WINDOWS\System32\msvcrt.dll
0x00007ffc3dbc0000 - 0x00007ffc3dc68000 	C:\WINDOWS\System32\sechost.dll
0x00007ffc3ce30000 - 0x00007ffc3ce58000 	C:\WINDOWS\System32\bcrypt.dll
0x00007ffc3f650000 - 0x00007ffc3f765000 	C:\WINDOWS\System32\RPCRT4.dll
0x00007ffc3e520000 - 0x00007ffc3e6ce000 	C:\WINDOWS\System32\USER32.dll
0x00007ffc3d4c0000 - 0x00007ffc3d4e6000 	C:\WINDOWS\System32\win32u.dll
0x00007ffc3db70000 - 0x00007ffc3db99000 	C:\WINDOWS\System32\GDI32.dll
0x00007ffc3d3a0000 - 0x00007ffc3d4b9000 	C:\WINDOWS\System32\gdi32full.dll
0x00007ffc3d4f0000 - 0x00007ffc3d58a000 	C:\WINDOWS\System32\msvcp_win.dll
0x00007ffbf78f0000 - 0x00007ffbf790b000 	C:\Program Files\Java\jdk-22\bin\VCRUNTIME140.dll
0x00007ffc10350000 - 0x00007ffc105e3000 	C:\WINDOWS\WinSxS\amd64_microsoft.windows.common-controls_6595b64144ccf1df_6.0.22621.3527_none_270e469b73872a76\COMCTL32.dll
0x00007ffc343d0000 - 0x00007ffc343da000 	C:\WINDOWS\SYSTEM32\VERSION.dll
0x00007ffc3f2b0000 - 0x00007ffc3f2e1000 	C:\WINDOWS\System32\IMM32.DLL
0x00007ffc0e880000 - 0x00007ffc0e88c000 	C:\Program Files\Java\jdk-22\bin\vcruntime140_1.dll
0x00007ffbd0ad0000 - 0x00007ffbd0b5e000 	C:\Program Files\Java\jdk-22\bin\msvcp140.dll
0x00007ffba99a0000 - 0x00007ffbaa6e8000 	C:\Program Files\Java\jdk-22\bin\server\jvm.dll
0x00007ffc3e6d0000 - 0x00007ffc3e741000 	C:\WINDOWS\System32\WS2_32.dll
0x00007ffc3cbb0000 - 0x00007ffc3cbfd000 	C:\WINDOWS\SYSTEM32\POWRPROF.dll
0x00007ffc345c0000 - 0x00007ffc345f4000 	C:\WINDOWS\SYSTEM32\WINMM.dll
0x00007ffc3cb90000 - 0x00007ffc3cba3000 	C:\WINDOWS\SYSTEM32\UMPDC.dll
0x00007ffc3bcd0000 - 0x00007ffc3bce8000 	C:\WINDOWS\SYSTEM32\kernel.appcore.dll
0x00007ffbf77d0000 - 0x00007ffbf77da000 	C:\Program Files\Java\jdk-22\bin\jimage.dll
0x00007ffc3a670000 - 0x00007ffc3a8a2000 	C:\WINDOWS\SYSTEM32\DBGHELP.DLL
0x00007ffc3d700000 - 0x00007ffc3da88000 	C:\WINDOWS\System32\combase.dll
0x00007ffc3da90000 - 0x00007ffc3db67000 	C:\WINDOWS\System32\OLEAUT32.dll
0x00007ffc2a930000 - 0x00007ffc2a962000 	C:\WINDOWS\SYSTEM32\dbgcore.DLL
0x00007ffc3cdb0000 - 0x00007ffc3ce29000 	C:\WINDOWS\System32\bcryptPrimitives.dll
0x00007ffbf78d0000 - 0x00007ffbf78ee000 	C:\Program Files\Java\jdk-22\bin\java.dll
0x00007ffc3dc70000 - 0x00007ffc3e4cc000 	C:\WINDOWS\System32\SHELL32.dll
0x00007ffc3f2f0000 - 0x00007ffc3f495000 	C:\WINDOWS\System32\ole32.dll
0x00007ffc3abe0000 - 0x00007ffc3b4d6000 	C:\WINDOWS\SYSTEM32\windows.storage.dll
0x00007ffc3aaa0000 - 0x00007ffc3abde000 	C:\WINDOWS\SYSTEM32\wintypes.dll
0x00007ffc3ed30000 - 0x00007ffc3ee25000 	C:\WINDOWS\System32\SHCORE.dll
0x00007ffc3ec60000 - 0x00007ffc3ecbe000 	C:\WINDOWS\System32\shlwapi.dll
0x00007ffc3cc20000 - 0x00007ffc3cc41000 	C:\WINDOWS\SYSTEM32\profapi.dll
0x00007ffbdd120000 - 0x00007ffbdd1f7000 	C:\Program Files\Java\jdk-22\bin\jsvml.dll
0x00007ffbf77c0000 - 0x00007ffbf77d0000 	C:\Program Files\Java\jdk-22\bin\net.dll
0x00007ffc3c130000 - 0x00007ffc3c199000 	C:\WINDOWS\system32\mswsock.dll
0x00007ffbdd100000 - 0x00007ffbdd116000 	C:\Program Files\Java\jdk-22\bin\nio.dll
0x00007ffbdd0e0000 - 0x00007ffbdd0f7000 	C:\Program Files\Java\jdk-22\bin\zip.dll
0x0000000069ac0000 - 0x0000000069ae4000 	C:\Program Files\NetBeans-21\netbeans\java\maven\lib\jansi-native\Windows\x86_64\jansi.dll
0x00007ffbf77b0000 - 0x00007ffbf77c0000 	C:\Program Files\Java\jdk-22\bin\verify.dll

dbghelp: loaded successfully - version: 4.0.5 - missing functions: none
symbol engine: initialized successfully - sym options: 0x614 - pdb path: .;C:\Program Files\Java\jdk-22\bin;C:\WINDOWS\SYSTEM32;C:\WINDOWS\WinSxS\amd64_microsoft.windows.common-controls_6595b64144ccf1df_6.0.22621.3527_none_270e469b73872a76;C:\Program Files\Java\jdk-22\bin\server;C:\Program Files\NetBeans-21\netbeans\java\maven\lib\jansi-native\Windows\x86_64

VM Arguments:
jvm_args: -Dclassworlds.conf=C:\Program Files\NetBeans-21\netbeans\java\maven\bin\m2.conf -Dmaven.home=C:\Program Files\NetBeans-21\netbeans\java\maven -Dlibrary.jansi.path=C:\Program Files\NetBeans-21\netbeans\java\maven\lib\jansi-native -Dmaven.multiModuleProjectDirectory=C:\Users\ADMIN\OneDrive\Documents\GitHub\Management_Project_Java\mavenproject1 
java_command: org.codehaus.plexus.classworlds.launcher.Launcher -Dexec.vmArgs=--enable-preview -Dexec.args=${exec.vmArgs} -classpath %classpath ${exec.mainClass} ${exec.appArgs} -Dexec.appArgs= -Dexec.mainClass=GUI.Login -Dexec.executable=C:\Program Files\Java\jdk-22\bin\java.exe -Dmaven.ext.class.path=C:\Program Files\NetBeans-21\netbeans\java\maven-nblib\netbeans-eventspy.jar --no-transfer-progress process-classes org.codehaus.mojo:exec-maven-plugin:3.1.0:exec
java_class_path (initial): C:\Program Files\NetBeans-21\netbeans\java\maven\boot\plexus-classworlds-2.7.0.jar
Launcher Type: SUN_STANDARD

[Global flags]
     intx CICompilerCount                          = 4                                         {product} {ergonomic}
     uint ConcGCThreads                            = 3                                         {product} {ergonomic}
     uint G1ConcRefinementThreads                  = 10                                        {product} {ergonomic}
   size_t G1HeapRegionSize                         = 2097152                                   {product} {ergonomic}
   size_t InitialHeapSize                          = 230686720                                 {product} {ergonomic}
   size_t MarkStackSize                            = 4194304                                   {product} {ergonomic}
   size_t MaxHeapSize                              = 3676307456                                {product} {ergonomic}
   size_t MaxNewSize                               = 2204106752                                {product} {ergonomic}
   size_t MinHeapDeltaBytes                        = 2097152                                   {product} {ergonomic}
   size_t MinHeapSize                              = 8388608                                   {product} {ergonomic}
    uintx NonNMethodCodeHeapSize                   = 5839372                                {pd product} {ergonomic}
    uintx NonProfiledCodeHeapSize                  = 122909434                              {pd product} {ergonomic}
    uintx ProfiledCodeHeapSize                     = 122909434                              {pd product} {ergonomic}
    uintx ReservedCodeCacheSize                    = 251658240                              {pd product} {ergonomic}
     bool SegmentedCodeCache                       = true                                      {product} {ergonomic}
   size_t SoftMaxHeapSize                          = 3676307456                             {manageable} {ergonomic}
     bool UseCompressedOops                        = true                           {product lp64_product} {ergonomic}
     bool UseG1GC                                  = true                                      {product} {ergonomic}
     bool UseLargePagesIndividualAllocation        = false                                  {pd product} {ergonomic}

Logging:
Log output configuration:
 #0: stdout all=warning uptime,level,tags foldmultilines=false
 #1: stderr all=off uptime,level,tags foldmultilines=false

Environment Variables:
JAVA_HOME=C:\Program Files\Java\jdk-22
PATH=C:\Program Files (x86)\VMware\VMware Workstation\bin\;C:\Program Files\Common Files\Oracle\Java\javapath;C:\Program Files (x86)\Common Files\Oracle\Java\javapath;C:\Windows\system32;C:\Windows;C:\Windows\System32\Wbem;C:\Windows\System32\WindowsPowerShell\v1.0\;C:\Windows\System32\OpenSSH\;C:\Program Files (x86)\NVIDIA Corporation\PhysX\Common;C:\Program Files\NVIDIA Corporation\NVIDIA NvDLISR;C:\msys64\mingw64\bin;C:\WINDOWS\system32;C:\WINDOWS;C:\WINDOWS\System32\Wbem;C:\WINDOWS\System32\WindowsPowerShell\v1.0\;C:\WINDOWS\System32\OpenSSH\;C:\Program Files (x86)\Microsoft SQL Server\110\Tools\Binn\;C:\Program Files\Microsoft SQL Server\110\Tools\Binn\;C:\Program Files\Microsoft SQL Server\110\DTS\Binn\;C:\Program Files (x86)\Microsoft SQL Server\110\Tools\Binn\ManagementStudio\;C:\Program Files (x86)\Microsoft SQL Server\110\DTS\Binn\;C:\Program Files\Microsoft SQL Server\150\Tools\Binn\;C:\Program Files\Microsoft SQL Server\Client SDK\ODBC\170\Tools\Binn\;C:\Program Files\dotnet\;C:\Program Files\Git\cmd;C:\Users\ADMIN\AppData\Local\Programs\Python\Python312\Scripts\;C:\Users\ADMIN\AppData\Local\Programs\Python\Python312\;C:\Users\ADMIN\AppData\Local\Programs\Python\Launcher\;C:\Users\ADMIN\AppData\Local\Microsoft\WindowsApps;C:\Users\ADMIN\.dotnet\tools;C:\Users\ADMIN\AppData\Local\Programs\Microsoft VS Code\bin;C:\Users\ADMIN\AppData\Local\GitHubDesktop\bin;C:\Program Files\Java\jdk-22\bin;
USERNAME=ADMIN
OS=Windows_NT
PROCESSOR_IDENTIFIER=AMD64 Family 25 Model 68 Stepping 1, AuthenticAMD
TMP=C:\Users\ADMIN\AppData\Local\Temp
TEMP=C:\Users\ADMIN\AppData\Local\Temp




Periodic native trim disabled

---------------  S Y S T E M  ---------------

OS:
 Windows 11 , 64 bit Build 22621 (10.0.22621.3527)
OS uptime: 1 days 1:44 hours
Hyper-V role detected

CPU: total 12 (initial active 12) (12 cores per cpu, 2 threads per core) family 25 model 68 stepping 1 microcode 0x0, cx8, cmov, fxsr, ht, mmx, 3dnowpref, sse, sse2, sse3, ssse3, sse4a, sse4.1, sse4.2, popcnt, lzcnt, tsc, tscinvbit, avx, avx2, aes, erms, clmul, bmi1, bmi2, adx, sha, fma, vzeroupper, clflush, clflushopt, hv, rdtscp, rdpid, fsrm, f16c, cet_ss
Processor Information for all 12 processors :
  Max Mhz: 3301, Current Mhz: 3301, Mhz Limit: 3301

Memory: 4k page, system-wide physical 14020M (1116M free)
TotalPageFile size 57028M (AvailPageFile size 3470M)
current process WorkingSet (physical memory assigned to process): 166M, peak: 171M
current process commit charge ("private bytes"): 224M, peak: 364M

vm_info: Java HotSpot(TM) 64-Bit Server VM (22+36-2370) for windows-amd64 JRE (22+36-2370), built on 2024-02-15T22:15:19Z by "mach5one" with MS VC++ 17.6 (VS2022)

END.
