#
# There is insufficient memory for the Java Runtime Environment to continue.
# Native memory allocation (mmap) failed to map 65536 bytes. Error detail: Failed to commit metaspace.
# Possible reasons:
#   The system is out of physical RAM or swap space
#   This process is running with CompressedOops enabled, and the Java Heap may be blocking the growth of the native heap
# Possible solutions:
#   Reduce memory load on the system
#   Increase physical memory or swap space
#   Check if swap backing store is full
#   Decrease Java heap size (-Xmx/-Xms)
#   Decrease number of Java threads
#   Decrease Java thread stack sizes (-Xss)
#   Set larger code cache with -XX:ReservedCodeCacheSize=
#   JVM is running with Zero Based Compressed Oops mode in which the Java heap is
#     placed in the first 32GB address space. The Java Heap base address is the
#     maximum limit for the native heap growth. Please use -XX:HeapBaseMinAddress
#     to set the Java Heap base and to place the Java Heap above 32GB virtual address.
# This output file may be truncated or incomplete.
#
#  Out of Memory Error (virtualSpaceNode.cpp:112), pid=39696, tid=40600
#
# JRE version: Java(TM) SE Runtime Environment (22.0+36) (build 22+36-2370)
# Java VM: Java HotSpot(TM) 64-Bit Server VM (22+36-2370, mixed mode, sharing, tiered, compressed oops, compressed class ptrs, g1 gc, windows-amd64)
# No core dump will be written. Minidumps are not enabled by default on client versions of Windows
#

---------------  S U M M A R Y ------------

Command Line: -Dclassworlds.conf=C:\Program Files\NetBeans-21\netbeans\java\maven\bin\m2.conf -Dmaven.home=C:\Program Files\NetBeans-21\netbeans\java\maven -Dlibrary.jansi.path=C:\Program Files\NetBeans-21\netbeans\java\maven\lib\jansi-native -Dmaven.multiModuleProjectDirectory=C:\Users\ADMIN\OneDrive\Documents\GitHub\Management_Project_Java\mavenproject1 org.codehaus.plexus.classworlds.launcher.Launcher -Dexec.vmArgs=--enable-preview -Dexec.args=${exec.vmArgs} -classpath %classpath ${exec.mainClass} ${exec.appArgs} -Dexec.appArgs= -Dexec.mainClass=GUI.Login -Dexec.executable=C:\Program Files\Java\jdk-22\bin\java.exe -Dmaven.ext.class.path=C:\Program Files\NetBeans-21\netbeans\java\maven-nblib\netbeans-eventspy.jar --no-transfer-progress process-classes org.codehaus.mojo:exec-maven-plugin:3.1.0:exec

Host: AMD Ryzen 5 6600HS Creator Edition             , 12 cores, 13G,  Windows 11 , 64 bit Build 22621 (10.0.22621.3527)
Time: Thu May 16 16:18:43 2024 SE Asia Standard Time elapsed time: 20.703203 seconds (0d 0h 0m 20s)

---------------  T H R E A D  ---------------

Current thread (0x00000172fbfd1970):  JavaThread "main"             [_thread_in_vm, id=40600, stack(0x0000004bfd300000,0x0000004bfd400000) (1024K)]

Stack: [0x0000004bfd300000,0x0000004bfd400000]
Native frames: (J=compiled Java code, j=interpreted, Vv=VM code, C=native code)
V  [jvm.dll+0x6e2349]  (no source info available)
V  [jvm.dll+0x874ed3]  (no source info available)
V  [jvm.dll+0x8772fe]  (no source info available)
V  [jvm.dll+0x8779d3]  (no source info available)
V  [jvm.dll+0x27fcb6]  (no source info available)
V  [jvm.dll+0x870b1e]  (no source info available)
V  [jvm.dll+0x6853b5]  (no source info available)
V  [jvm.dll+0x1e3e9c]  (no source info available)
V  [jvm.dll+0x1e3c6e]  (no source info available)
V  [jvm.dll+0x687d08]  (no source info available)
V  [jvm.dll+0x22509c]  (no source info available)
V  [jvm.dll+0x685dce]  (no source info available)
V  [jvm.dll+0x30b401]  (no source info available)
V  [jvm.dll+0x216913]  (no source info available)
V  [jvm.dll+0x20b4f7]  (no source info available)
V  [jvm.dll+0x5c471f]  (no source info available)
V  [jvm.dll+0x7ec136]  (no source info available)
V  [jvm.dll+0x47cb26]  (no source info available)
V  [jvm.dll+0x4829d8]  (no source info available)
C  [java.dll+0x17e4]  (no source info available)
C  0x000001728fd9bd0c  (no source info available)

The last pc belongs to native nmethod (printed below).
Java frames: (J=compiled Java code, j=interpreted, Vv=VM code)
J 1093  java.lang.ClassLoader.defineClass1(Ljava/lang/ClassLoader;Ljava/lang/String;[BIILjava/security/ProtectionDomain;Ljava/lang/String;)Ljava/lang/Class; java.base@22 (0 bytes) @ 0x000001728fd9bc71 [0x000001728fd9bba0+0x00000000000000d1]
J 823 c1 java.lang.ClassLoader.defineClass(Ljava/lang/String;[BIILjava/security/ProtectionDomain;)Ljava/lang/Class; java.base@22 (43 bytes) @ 0x000001728840757c [0x0000017288407220+0x000000000000035c]
J 842 c1 java.security.SecureClassLoader.defineClass(Ljava/lang/String;[BIILjava/security/CodeSource;)Ljava/lang/Class; java.base@22 (16 bytes) @ 0x000001728840d59c [0x000001728840d4c0+0x00000000000000dc]
J 752 c1 java.net.URLClassLoader.defineClass(Ljava/lang/String;Ljdk/internal/loader/Resource;)Ljava/lang/Class; java.base@22 (224 bytes) @ 0x00000172883c9264 [0x00000172883c7fa0+0x00000000000012c4]
J 917 c1 java.net.URLClassLoader$1.run()Ljava/lang/Class; java.base@22 (81 bytes) @ 0x00000172884308ec [0x000001728842fcc0+0x0000000000000c2c]
J 840 c1 java.net.URLClassLoader$1.run()Ljava/lang/Object; java.base@22 (5 bytes) @ 0x000001728840f254 [0x000001728840f1c0+0x0000000000000094]
J 745 c1 java.security.AccessController.doPrivileged(Ljava/security/PrivilegedExceptionAction;Ljava/security/AccessControlContext;)Ljava/lang/Object; java.base@22 (26 bytes) @ 0x00000172883c5994 [0x00000172883c57a0+0x00000000000001f4]
J 838 c1 java.net.URLClassLoader.findClass(Ljava/lang/String;)Ljava/lang/Class; java.base@22 (47 bytes) @ 0x000001728840deb4 [0x000001728840dd00+0x00000000000001b4]
J 915 c1 org.codehaus.plexus.classworlds.realm.ClassRealm.loadClassFromSelf(Ljava/lang/String;)Ljava/lang/Class; (40 bytes) @ 0x000001728842f02c [0x000001728842eca0+0x000000000000038c]
J 828 c1 org.codehaus.plexus.classworlds.strategy.SelfFirstStrategy.loadClass(Ljava/lang/String;)Ljava/lang/Class; (50 bytes) @ 0x000001728840969c [0x00000172884092c0+0x00000000000003dc]
J 754 c1 org.codehaus.plexus.classworlds.realm.ClassRealm.loadClass(Ljava/lang/String;Z)Ljava/lang/Class; (33 bytes) @ 0x00000172883cad54 [0x00000172883cabe0+0x0000000000000174]
J 515 c1 org.codehaus.plexus.classworlds.realm.ClassRealm.loadClass(Ljava/lang/String;)Ljava/lang/Class; (7 bytes) @ 0x000001728834aac4 [0x000001728834a9c0+0x0000000000000104]
J 828 c1 org.codehaus.plexus.classworlds.strategy.SelfFirstStrategy.loadClass(Ljava/lang/String;)Ljava/lang/Class; (50 bytes) @ 0x0000017288409a04 [0x00000172884092c0+0x0000000000000744]
J 754 c1 org.codehaus.plexus.classworlds.realm.ClassRealm.loadClass(Ljava/lang/String;Z)Ljava/lang/Class; (33 bytes) @ 0x00000172883cad54 [0x00000172883cabe0+0x0000000000000174]
J 515 c1 org.codehaus.plexus.classworlds.realm.ClassRealm.loadClass(Ljava/lang/String;)Ljava/lang/Class; (7 bytes) @ 0x000001728834aac4 [0x000001728834a9c0+0x0000000000000104]
j  org.eclipse.sisu.space.URLClassSpace.loadClass(Ljava/lang/String;)Ljava/lang/Class;+5
j  org.eclipse.sisu.plexus.PlexusTypeRegistry.loadRole(Ljava/lang/String;Ljava/lang/String;)Ljava/lang/Class;+5
j  org.eclipse.sisu.plexus.PlexusTypeRegistry.addComponent(Ljava/lang/String;Ljava/lang/String;Ljava/lang/String;Ljava/lang/String;Ljava/lang/String;)Ljava/lang/String;+4
j  org.eclipse.sisu.plexus.PlexusXmlScanner.parseComponent(Lorg/codehaus/plexus/util/xml/pull/MXParser;Lorg/eclipse/sisu/plexus/PlexusTypeRegistry;)V+265
j  org.eclipse.sisu.plexus.PlexusXmlScanner.parseComponentsXml(Ljava/net/URL;Lorg/eclipse/sisu/plexus/PlexusTypeRegistry;)V+69
j  org.eclipse.sisu.plexus.PlexusXmlScanner.scan(Lorg/eclipse/sisu/space/ClassSpace;Z)Ljava/util/Map;+78
j  org.eclipse.sisu.plexus.PlexusXmlBeanModule.configure(Lcom/google/inject/Binder;)Lorg/eclipse/sisu/plexus/PlexusBeanSource;+71
j  org.eclipse.sisu.plexus.PlexusBindingModule.configure(Lcom/google/inject/Binder;)V+41
j  com.google.inject.spi.Elements$RecordingBinder.install(Lcom/google/inject/Module;)V+209
j  com.google.inject.spi.Elements.getElements(Lcom/google/inject/Stage;Ljava/lang/Iterable;)Ljava/util/List;+40
j  com.google.inject.spi.Elements.getElements(Ljava/lang/Iterable;)Ljava/util/List;+4
j  org.eclipse.sisu.wire.WireModule.configure(Lcom/google/inject/Binder;)V+13
j  com.google.inject.spi.Elements$RecordingBinder.install(Lcom/google/inject/Module;)V+209
j  com.google.inject.spi.Elements.getElements(Lcom/google/inject/Stage;Ljava/lang/Iterable;)Ljava/util/List;+40
j  com.google.inject.internal.InjectorShell$Builder.build(Lcom/google/inject/internal/Initializer;Lcom/google/inject/internal/ProcessedBindingData;Lcom/google/inject/internal/util/ContinuousStopwatch;Lcom/google/inject/internal/Errors;)Ljava/util/List;+163
j  com.google.inject.internal.InternalInjectorCreator.build()Lcom/google/inject/Injector;+48
j  com.google.inject.Guice.createInjector(Lcom/google/inject/Stage;Ljava/lang/Iterable;)Lcom/google/inject/Injector;+15
j  com.google.inject.Guice.createInjector(Ljava/lang/Iterable;)Lcom/google/inject/Injector;+4
j  com.google.inject.Guice.createInjector([Lcom/google/inject/Module;)Lcom/google/inject/Injector;+4
j  org.codehaus.plexus.DefaultPlexusContainer.addPlexusInjector(Ljava/util/List;[Lcom/google/inject/Module;)Lcom/google/inject/Injector;+88
j  org.codehaus.plexus.DefaultPlexusContainer.<init>(Lorg/codehaus/plexus/ContainerConfiguration;[Lcom/google/inject/Module;)V+400
j  org.apache.maven.cli.MavenCli.container(Lorg/apache/maven/cli/CliRequest;)Lorg/codehaus/plexus/PlexusContainer;+279
j  org.apache.maven.cli.MavenCli.doMain(Lorg/apache/maven/cli/CliRequest;)I+34
j  org.apache.maven.cli.MavenCli.main([Ljava/lang/String;Lorg/codehaus/plexus/classworlds/ClassWorld;)I+24
j  java.lang.invoke.DirectMethodHandle$Holder.invokeStatic(Ljava/lang/Object;Ljava/lang/Object;Ljava/lang/Object;)I+11 java.base@22
j  java.lang.invoke.LambdaForm$MH+0x000001729e009400.invoke(Ljava/lang/Object;Ljava/lang/Object;Ljava/lang/Object;Ljava/lang/Object;)Ljava/lang/Object;+54 java.base@22
j  java.lang.invoke.LambdaForm$MH+0x000001729e009800.invokeExact_MT(Ljava/lang/Object;Ljava/lang/Object;Ljava/lang/Object;Ljava/lang/Object;Ljava/lang/Object;)Ljava/lang/Object;+22 java.base@22
j  jdk.internal.reflect.DirectMethodHandleAccessor.invokeImpl(Ljava/lang/Object;[Ljava/lang/Object;)Ljava/lang/Object;+72 java.base@22
j  jdk.internal.reflect.DirectMethodHandleAccessor.invoke(Ljava/lang/Object;[Ljava/lang/Object;)Ljava/lang/Object;+23 java.base@22
j  java.lang.reflect.Method.invoke(Ljava/lang/Object;[Ljava/lang/Object;)Ljava/lang/Object;+102 java.base@22
j  org.codehaus.plexus.classworlds.launcher.Launcher.launchEnhanced([Ljava/lang/String;)V+45
j  org.codehaus.plexus.classworlds.launcher.Launcher.launch([Ljava/lang/String;)V+2
j  org.codehaus.plexus.classworlds.launcher.Launcher.mainWithExitCode([Ljava/lang/String;)I+108
j  org.codehaus.plexus.classworlds.launcher.Launcher.main([Ljava/lang/String;)V+1
v  ~StubRoutines::call_stub 0x000001728f7b100d

Compiled method (n/a) 50212 1093     n 0       java.lang.ClassLoader::defineClass1 (native)
 total in heap  [0x000001728fd9ba10,0x000001728fd9c050] = 1600
 relocation     [0x000001728fd9bb68,0x000001728fd9bba0] = 56
 main code      [0x000001728fd9bba0,0x000001728fd9c04f] = 1199
 stub code      [0x000001728fd9c04f,0x000001728fd9c050] = 1

[Constant Pool (empty)]

[MachCode]
[Entry Point]
  # {method} {0x000001729d3fec58} 'defineClass1' '(Ljava/lang/ClassLoader;Ljava/lang/String;[BIILjava/security/ProtectionDomain;Ljava/lang/String;)Ljava/lang/Class;' in 'java/lang/ClassLoader'
  # parm0:    rdx:rdx   = 'java/lang/ClassLoader'
  # parm1:    r8:r8     = 'java/lang/String'
  # parm2:    r9:r9     = '[B'
  # parm3:    rdi       = int
  # parm4:    rsi       = int
  # parm5:    rcx:rcx   = 'java/security/ProtectionDomain'
  # parm6:    [sp+0xa0]   = 'java/lang/String'  (sp of caller)
  0x000001728fd9bba0: 448b 5208 | 49bb 0000 | 009d 7201 | 0000 4d03 | d349 3bc2 | 0f84 0600 

  0x000001728fd9bbb8: ;   {runtime_call ic_miss_stub}
  0x000001728fd9bbb8: 0000 e9c1 | 2ba6 ff90 
[Verified Entry Point]
  0x000001728fd9bbc0: 8984 2400 | 80ff ff55 | 488b ec48 | 81ec 9000 | 0000 6690 | 4181 7f20 | 0100 0000 

  0x000001728fd9bbdc: ;   {runtime_call StubRoutines (final stubs)}
  0x000001728fd9bbdc: 7405 e8fd | 90a4 ff48 | 837d 1000 | 488d 4510 | 480f 4445 | 1048 8944 | 2440 4889 | 4c24 7048 
  0x000001728fd9bbfc: 83f9 0048 | 8d44 2470 | 480f 4444 | 2470 4889 | 4424 3848 | 8974 2430 | 4889 7c24 | 284c 894c 
  0x000001728fd9bc1c: 2458 4983 | f900 488d | 4424 5848 | 0f44 4424 | 5848 8944 | 2420 4c89 | 4424 5049 | 83f8 004c 
  0x000001728fd9bc3c: 8d4c 2450 | 4c0f 444c | 2450 4889 | 5424 4848 | 83fa 004c | 8d44 2448 | 4c0f 4444 

  0x000001728fd9bc58: ;   {oop(a 'java/lang/Class'{0x00000007310669b8} = 'java/lang/ClassLoader')}
  0x000001728fd9bc58: 2448 49be | b869 0631 | 0700 0000 | 4c89 7424 | 784c 8d74 | 2478 498b | d6c5 f877 

  0x000001728fd9bc74: ;   {internal_word}
  0x000001728fd9bc74: 49ba 71bc | d98f 7201 | 0000 4d89 | 97a8 0300 | 0049 89a7 | a003 0000 

  0x000001728fd9bc8c: ;   {external_word}
  0x000001728fd9bc8c: 49ba ac40 | 5eaa fb7f | 0000 4180 | 3a00 0f84 | 4e00 0000 | 5241 5041 

  0x000001728fd9bca4: ;   {metadata({method} {0x000001729d3fec58} 'defineClass1' '(Ljava/lang/ClassLoader;Ljava/lang/String;[BIILjava/security/ProtectionDomain;Ljava/lang/String;)Ljava/lang/Class;' in 'java/lang/ClassLoader')}
  0x000001728fd9bca4: 5148 ba50 | ec3f 9d72 | 0100 0049 | 8bcf 4883 | ec20 40f6 | c40f 0f84 | 1900 0000 | 4883 ec08 
  0x000001728fd9bcc4: ;   {runtime_call}
  0x000001728fd9bcc4: 48b8 00b6 | 0eaa fb7f | 0000 ffd0 | 4883 c408 | e90c 0000 

  0x000001728fd9bcd8: ;   {runtime_call}
  0x000001728fd9bcd8: 0048 b800 | b60e aafb | 7f00 00ff | d048 83c4 | 2041 5941 | 585a 498d | 8fc0 0300 | 0041 c787 
  0x000001728fd9bcf8: 5404 0000 | 0400 0000 

  0x000001728fd9bd00: ;   {runtime_call}
  0x000001728fd9bd00: 48b8 a416 | 8df7 fb7f | 0000 ffd0 | c5f8 7741 | c787 5404 | 0000 0500 | 0000 f083 | 4424 c000 
  0x000001728fd9bd20: 493b af58 | 0400 000f | 870e 0000 | 0041 83bf | 5004 0000 | 000f 842b | 0000 00c5 | f877 4889 
  0x000001728fd9bd40: 45f8 498b | cf4c 8be4 | 4883 ec20 | 4883 e4f0 

  0x000001728fd9bd50: ;   {runtime_call}
  0x000001728fd9bd50: 48b8 c01f | d9a9 fb7f | 0000 ffd0 | 498b e44d | 33e4 488b | 45f8 41c7 | 8754 0400 | 0008 0000 
  0x000001728fd9bd70: 0041 83bf | d004 0000 | 020f 84a3 

  0x000001728fd9bd7c: ;   {external_word}
  0x000001728fd9bd7c: 0200 0049 | baac 405e | aafb 7f00 | 0041 803a | 000f 844c | 0000 0048 

  0x000001728fd9bd94: ;   {metadata({method} {0x000001729d3fec58} 'defineClass1' '(Ljava/lang/ClassLoader;Ljava/lang/String;[BIILjava/security/ProtectionDomain;Ljava/lang/String;)Ljava/lang/Class;' in 'java/lang/ClassLoader')}
  0x000001728fd9bd94: 8945 f848 | ba50 ec3f | 9d72 0100 | 0049 8bcf | 4883 ec20 | 40f6 c40f | 0f84 1900 | 0000 4883 
  0x000001728fd9bdb4: ;   {runtime_call}
  0x000001728fd9bdb4: ec08 48b8 | 00b6 0eaa | fb7f 0000 | ffd0 4883 | c408 e90c 

  0x000001728fd9bdc8: ;   {runtime_call}
  0x000001728fd9bdc8: 0000 0048 | b800 b60e | aafb 7f00 | 00ff d048 | 83c4 2048 | 8b45 f849 | c787 a003 | 0000 0000 
  0x000001728fd9bde8: 0000 49c7 | 87a8 0300 | 0000 0000 | 00c5 f877 | 4885 c00f | 84fe 0100 | 00a8 030f | 8508 0000 
  0x000001728fd9be08: 0048 8b00 | e9ee 0100 | 00a8 010f | 8509 0000 | 0048 8b40 | fee9 dd01 | 0000 488b | 40ff 4180 
  0x000001728fd9be28: 7f38 000f | 84ce 0100 | 0048 83f8 | 000f 84c4 | 0100 0049 | 8b4f 2848 | 83f9 000f | 8414 0000 
  0x000001728fd9be48: 0048 83e9 | 0849 894f | 2849 034f | 3048 8901 | e9a2 0100 | 0048 81ec | d000 0000 | 4889 0424 
  0x000001728fd9be68: 4889 4c24 | 0848 8954 | 2410 4889 | 7424 1848 | 897c 2420 | 4c89 4424 | 284c 894c | 2430 4c89 
  0x000001728fd9be88: 5424 384c | 895c 2440 | c5fb 1144 | 2450 c5fb | 114c 2458 | c5fb 1154 | 2460 c5fb | 115c 2468 
  0x000001728fd9bea8: c5fb 1164 | 2470 c5fb | 116c 2478 | c5fb 11b4 | 2480 0000 | 00c5 fb11 | bc24 8800 | 0000 c57b 
  0x000001728fd9bec8: ;   {no_reloc}
  0x000001728fd9bec8: 1184 2490 | 0000 00c5 | 7b11 8c24 | 9800 0000 | c57b 1194 | 24a0 0000 | 00c5 7b11 | 9c24 a800 
  0x000001728fd9bee8: 0000 c57b | 11a4 24b0 | 0000 00c5 | 7b11 ac24 | b800 0000 | c57b 11b4 | 24c0 0000 | 00c5 7b11 
  0x000001728fd9bf08: bc24 c800 | 0000 498b | d748 8bc8 | 4883 ec20 | 40f6 c40f | 0f84 1900 | 0000 4883 

  0x000001728fd9bf24: ;   {runtime_call}
  0x000001728fd9bf24: ec08 48b8 | 303e cca9 | fb7f 0000 | ffd0 4883 | c408 e90c 

  0x000001728fd9bf38: ;   {runtime_call}
  0x000001728fd9bf38: 0000 0048 | b830 3ecc | a9fb 7f00 | 00ff d048 | 83c4 20c5 | 7b10 bc24 | c800 0000 | c57b 10b4 
  0x000001728fd9bf58: 24c0 0000 | 00c5 7b10 | ac24 b800 | 0000 c57b | 10a4 24b0 | 0000 00c5 | 7b10 9c24 | a800 0000 
  0x000001728fd9bf78: c57b 1094 | 24a0 0000 | 00c5 7b10 | 8c24 9800 | 0000 c57b | 1084 2490 | 0000 00c5 | fb10 bc24 
  0x000001728fd9bf98: 8800 0000 | c5fb 10b4 | 2480 0000 | 00c5 fb10 | 6c24 78c5 | fb10 6424 | 70c5 fb10 | 5c24 68c5 
  0x000001728fd9bfb8: fb10 5424 | 60c5 fb10 | 4c24 58c5 | fb10 4424 | 504c 8b5c | 2440 4c8b | 5424 384c | 8b4c 2430 
  0x000001728fd9bfd8: 4c8b 4424 | 2848 8b7c | 2420 488b | 7424 1848 | 8b54 2410 | 488b 4c24 | 0848 8b04 | 2448 81c4 
  0x000001728fd9bff8: d000 0000 | c5f8 7749 | 8b8f 3004 | 0000 c781 | 0001 0000 | 0000 0000 | c949 837f | 0800 0f85 
  0x000001728fd9c018: 0100 0000 

  0x000001728fd9c01c: ;   {runtime_call StubRoutines (initial stubs)}
  0x000001728fd9c01c: c3e9 de4e | a1ff c5f8 | 7748 8945 | f84c 8be4 | 4883 ec20 | 4883 e4f0 

  0x000001728fd9c034: ;   {runtime_call}
  0x000001728fd9c034: 48b8 50ee | 0eaa fb7f | 0000 ffd0 | 498b e44d | 33e4 488b | 45f8 e930 | fdff fff4 
[/MachCode]


Compiled method (c1) 50226  823       3       java.lang.ClassLoader::defineClass (43 bytes)
 total in heap  [0x0000017288407010,0x0000017288407968] = 2392
 relocation     [0x0000017288407168,0x0000017288407208] = 160
 main code      [0x0000017288407220,0x00000172884076c0] = 1184
 stub code      [0x00000172884076c0,0x0000017288407738] = 120
 metadata       [0x0000017288407738,0x0000017288407768] = 48
 scopes data    [0x0000017288407768,0x0000017288407858] = 240
 scopes pcs     [0x0000017288407858,0x0000017288407938] = 224
 dependencies   [0x0000017288407938,0x0000017288407940] = 8
 nul chk table  [0x0000017288407940,0x0000017288407968] = 40

[Constant Pool (empty)]

[MachCode]
[Entry Point]
  # {method} {0x000001729d3fefd8} 'defineClass' '(Ljava/lang/String;[BIILjava/security/ProtectionDomain;)Ljava/lang/Class;' in 'java/lang/ClassLoader'
  # this:     rdx:rdx   = 'java/lang/ClassLoader'
  # parm0:    r8:r8     = 'java/lang/String'
  # parm1:    r9:r9     = '[B'
  # parm2:    rdi       = int
  # parm3:    rsi       = int
  # parm4:    rcx:rcx   = 'java/security/ProtectionDomain'
  #           [sp+0xc0]  (sp of caller)
  0x0000017288407220: 448b 5208 | 49bb 0000 | 009d 7201 | 0000 4d03 | d34c 3bd0 

  0x0000017288407234: ;   {runtime_call ic_miss_stub}
  0x0000017288407234: 0f85 4675 | 3f07 660f | 1f44 0000 
[Verified Entry Point]
  0x0000017288407240: 8984 2400 | 80ff ff55 | 4881 ecb0 | 0000 0090 | 4181 7f20 | 0100 0000 

  0x0000017288407258: ;   {runtime_call StubRoutines (final stubs)}
  0x0000017288407258: 7405 e881 | da3d 0748 | 8954 2478 

  0x0000017288407264: ;   {metadata(method data for {method} {0x000001729d3fefd8} 'defineClass' '(Ljava/lang/String;[BIILjava/security/ProtectionDomain;)Ljava/lang/Class;' in 'java/lang/ClassLoader')}
  0x0000017288407264: 48bb e007 | 19de 7201 | 0000 8b83 | cc00 0000 | 83c0 0289 | 83cc 0000 | 0025 fe07 | 0000 85c0 
  0x0000017288407284: 0f84 5803 | 0000 89b4 | 2494 0000 | 0089 bc24 | 9000 0000 | 4c89 8c24 | 8800 0000 

  0x00000172884072a0: ;   {metadata(method data for {method} {0x000001729d3fefd8} 'defineClass' '(Ljava/lang/String;[BIILjava/security/ProtectionDomain;)Ljava/lang/Class;' in 'java/lang/ClassLoader')}
  0x00000172884072a0: 488b da48 | b8e0 0719 | de72 0100 | 0048 8380 | 1801 0000 | 0149 8bd8 | 4c8b c34c | 8bc9 488b 
  0x00000172884072c0: ca48 8bd1 | 4889 9c24 | 8000 0000 

  0x00000172884072cc: ;   {optimized virtual_call}
  0x00000172884072cc: 6666 90e8 

  0x00000172884072d0: ; ImmutableOopMap {[120]=Oop [128]=Oop [136]=Oop }
                      ;*invokevirtual preDefineClass {reexecute=0 rethrow=0 return_oop=0}
                      ; - java.lang.ClassLoader::defineClass@4 (line 1021)
  0x00000172884072d0: 6c3a 0800 

  0x00000172884072d4: ;   {other}
  0x00000172884072d4: 0f1f 8400 | c402 0000 | 4889 8424 | 9800 0000 | 488b 5424 

  0x00000172884072e8: ;   {metadata(method data for {method} {0x000001729d3fefd8} 'defineClass' '(Ljava/lang/String;[BIILjava/security/ProtectionDomain;)Ljava/lang/Class;' in 'java/lang/ClassLoader')}
  0x00000172884072e8: 7849 b8e0 | 0719 de72 | 0100 0049 | 8380 4801 

  0x00000172884072f8: ;   {metadata(method data for {method} {0x000001729d3fecc0} 'defineClassSourceLocation' '(Ljava/security/ProtectionDomain;)Ljava/lang/String;' in 'java/lang/ClassLoader')}
  0x00000172884072f8: 0000 0149 | b898 0e19 | de72 0100 | 0041 8b90 | cc00 0000 | 83c2 0241 | 8990 cc00 | 0000 81e2 
  0x0000017288407318: feff 1f00 | 85d2 0f84 | df02 0000 

  0x0000017288407324: ; implicit exception: dispatches to 0x0000017288407624
  0x0000017288407324: 483b 004c 

  0x0000017288407328: ;   {metadata(method data for {method} {0x000001729d3fecc0} 'defineClassSourceLocation' '(Ljava/security/ProtectionDomain;)Ljava/lang/String;' in 'java/lang/ClassLoader')}
  0x0000017288407328: 8bc0 48ba | 980e 19de | 7201 0000 | 4883 8218 | 0100 0001 | 448b 4010 | 49c1 e003 

  0x0000017288407344: ;   {metadata(method data for {method} {0x000001729d3fecc0} 'defineClassSourceLocation' '(Ljava/security/ProtectionDomain;)Ljava/lang/String;' in 'java/lang/ClassLoader')}
  0x0000017288407344: 4d85 c048 | ba98 0e19 | de72 0100 | 0048 c7c6 | 5801 0000 | 7507 48c7 | c648 0100 | 0048 8b3c 
  0x0000017288407364: 3248 8d7f | 0148 893c | 320f 850f 

  0x0000017288407370: ;   {oop(nullptr)}
  0x0000017288407370: 0000 0048 | bb00 0000 | 0000 0000 | 00e9 a501 | 0000 493b | 0049 8bd0 

  0x0000017288407388: ;   {metadata(method data for {method} {0x000001729d3fecc0} 'defineClassSourceLocation' '(Ljava/security/ProtectionDomain;)Ljava/lang/String;' in 'java/lang/ClassLoader')}
  0x0000017288407388: 48be 980e | 19de 7201 | 0000 4883 | 8668 0100 | 0001 418b | 500c 48c1 | e203 4885 

  0x00000172884073a4: ;   {metadata(method data for {method} {0x000001729d3fecc0} 'defineClassSourceLocation' '(Ljava/security/ProtectionDomain;)Ljava/lang/String;' in 'java/lang/ClassLoader')}
  0x00000172884073a4: d248 be98 | 0e19 de72 | 0100 0048 | c7c7 a801 | 0000 7507 | 48c7 c798 | 0100 0048 | 8b1c 3e48 
  0x00000172884073c4: 8d5b 0148 | 891c 3e0f | 850f 0000 

  0x00000172884073d0: ;   {oop(nullptr)}
  0x00000172884073d0: 0048 bb00 | 0000 0000 | 0000 00e9 | 4701 0000 

  0x00000172884073e0: ;   {metadata(method data for {method} {0x000001729d3fecc0} 'defineClassSourceLocation' '(Ljava/security/ProtectionDomain;)Ljava/lang/String;' in 'java/lang/ClassLoader')}
  0x00000172884073e0: 48be 980e | 19de 7201 | 0000 4883 | 86b8 0100 | 0001 483b | 024c 8bc2 

  0x00000172884073f8: ;   {metadata(method data for {method} {0x000001729d3fecc0} 'defineClassSourceLocation' '(Ljava/security/ProtectionDomain;)Ljava/lang/String;' in 'java/lang/ClassLoader')}
  0x00000172884073f8: 48be 980e | 19de 7201 | 0000 4883 | 86e8 0100 

  0x0000017288407408: ;   {metadata(method data for {method} {0x000001729d01a690} 'toString' '()Ljava/lang/String;' in 'java/net/URL')}
  0x0000017288407408: 0001 49b8 | e024 17de | 7201 0000 | 418b b0cc | 0000 0083 | c602 4189 | b0cc 0000 | 0081 e6fe 
  0x0000017288407428: ff1f 0085 | f60f 8400 | 0200 004c 

  0x0000017288407434: ;   {metadata(method data for {method} {0x000001729d01a690} 'toString' '()Ljava/lang/String;' in 'java/net/URL')}
  0x0000017288407434: 8bc2 48be | e024 17de | 7201 0000 | 4883 8618 | 0100 0001 

  0x0000017288407448: ;   {metadata(method data for {method} {0x000001729d3f38b8} 'toExternalForm' '()Ljava/lang/String;' in 'java/net/URL')}
  0x0000017288407448: 49b8 6826 | 17de 7201 | 0000 418b | b0cc 0000 | 0083 c602 | 4189 b0cc | 0000 0081 | e6fe ff1f 
  0x0000017288407468: 0085 f60f | 84e3 0100 | 008b 7238 | 48c1 e603 

  0x0000017288407478: ; implicit exception: dispatches to 0x0000017288407675
  0x0000017288407478: 483b 064c 

  0x000001728840747c: ;   {metadata(method data for {method} {0x000001729d3f38b8} 'toExternalForm' '()Ljava/lang/String;' in 'java/net/URL')}
  0x000001728840747c: 8bc6 48bf | 6826 17de | 7201 0000 | 458b 4008 | 49ba 0000 | 009d 7201 | 0000 4d03 | c24c 3b87 
  0x000001728840749c: 2001 0000 | 750d 4883 | 8728 0100 | 0001 e960 | 0000 004c | 3b87 3001 | 0000 750d | 4883 8738 
  0x00000172884074bc: 0100 0001 | e94a 0000 | 0048 83bf | 2001 0000 | 0075 174c | 8987 2001 | 0000 48c7 | 8728 0100 
  0x00000172884074dc: 0001 0000 | 00e9 2900 | 0000 4883 | bf30 0100 | 0000 7517 | 4c89 8730 | 0100 0048 | c787 3801 
  0x00000172884074fc: 0000 0100 | 0000 e908 | 0000 0048 | 8387 1801 | 0000 014c | 8bc2 488b 

  0x0000017288407514: ;   {optimized virtual_call}
  0x0000017288407514: d666 90e8 

  0x0000017288407518: ; ImmutableOopMap {[120]=Oop [128]=Oop [136]=Oop [152]=Oop }
                      ;*invokevirtual toExternalForm {reexecute=0 rethrow=0 return_oop=0}
                      ; - java.net.URL::toExternalForm@5 (line 1203)
                      ; - java.net.URL::toString@1 (line 1189)
                      ; - java.lang.ClassLoader::defineClassSourceLocation@22 (line 925)
                      ; - java.lang.ClassLoader::defineClass@12 (line 1022)
  0x0000017288407518: 6490 feff 

  0x000001728840751c: ;   {other}
  0x000001728840751c: 0f1f 8400 | 0c05 0001 | 488b d848 | 8b84 2498 | 0000 008b | b424 9400 | 0000 8bbc | 2490 0000 
  0x000001728840753c: 004c 8b8c | 2488 0000 | 004c 8b84 | 2480 0000 | 0048 8b54 

  0x0000017288407550: ;   {metadata(method data for {method} {0x000001729d3fefd8} 'defineClass' '(Ljava/lang/String;[BIILjava/security/ProtectionDomain;)Ljava/lang/Class;' in 'java/lang/ClassLoader')}
  0x0000017288407550: 2478 48b9 | e007 19de | 7201 0000 | 4883 8178 | 0100 0001 | 4c8b da49 | 8bd3 488b | c848 891c 
  0x0000017288407570: 2466 0f1f 

  0x0000017288407574: ;   {static_call}
  0x0000017288407574: 4400 00e8 

  0x0000017288407578: ; ImmutableOopMap {[120]=Oop [152]=Oop }
                      ;*invokestatic defineClass1 {reexecute=0 rethrow=0 return_oop=0}
                      ; - java.lang.ClassLoader::defineClass@27 (line 1023)
  0x0000017288407578: 4446 9907 

  0x000001728840757c: ;   {other}
  0x000001728840757c: 0f1f 8400 | 6c05 0002 | 488b 5424 

  0x0000017288407588: ;   {metadata(method data for {method} {0x000001729d3fefd8} 'defineClass' '(Ljava/lang/String;[BIILjava/security/ProtectionDomain;)Ljava/lang/Class;' in 'java/lang/ClassLoader')}
  0x0000017288407588: 7849 b8e0 | 0719 de72 | 0100 0049 | 8380 8801 | 0000 014c | 8bc0 4c8b | 8c24 9800 | 0000 488b 
  0x00000172884075a8: 5424 7848 | 8984 24a0 | 0000 000f 

  0x00000172884075b4: ;   {optimized virtual_call}
  0x00000172884075b4: 1f40 00e8 

  0x00000172884075b8: ; ImmutableOopMap {[160]=Oop }
                      ;*invokevirtual postDefineClass {reexecute=0 rethrow=0 return_oop=0}
                      ; - java.lang.ClassLoader::defineClass@37 (line 1024)
  0x00000172884075b8: e4ab ffff 

  0x00000172884075bc: ;   {other}
  0x00000172884075bc: 0f1f 8400 | ac05 0003 | 488b 8424 | a000 0000 | 4881 c4b0 | 0000 005d 

  0x00000172884075d4: ;   {poll_return}
  0x00000172884075d4: 493b a758 | 0400 000f | 8799 0000 

  0x00000172884075e0: ;   {metadata({method} {0x000001729d3fefd8} 'defineClass' '(Ljava/lang/String;[BIILjava/security/ProtectionDomain;)Ljava/lang/Class;' in 'java/lang/ClassLoader')}
  0x00000172884075e0: 00c3 49ba | d0ef 3f9d | 7201 0000 | 4c89 5424 | 0848 c704 | 24ff ffff 

  0x00000172884075f8: ;   {runtime_call counter_overflow Runtime1 stub}
  0x00000172884075f8: ffe8 82ec 

  0x00000172884075fc: ; ImmutableOopMap {rdx=Oop r8=Oop r9=Oop rcx=Oop [120]=Oop }
                      ;*synchronization entry
                      ; - java.lang.ClassLoader::defineClass@-1 (line 1021)
  0x00000172884075fc: 4c07 e987 

  0x0000017288407600: ;   {metadata({method} {0x000001729d3fecc0} 'defineClassSourceLocation' '(Ljava/security/ProtectionDomain;)Ljava/lang/String;' in 'java/lang/ClassLoader')}
  0x0000017288407600: fcff ff49 | bab8 ec3f | 9d72 0100 | 004c 8954 | 2408 48c7 | 0424 ffff 

  0x0000017288407618: ;   {runtime_call counter_overflow Runtime1 stub}
  0x0000017288407618: ffff e861 

  0x000001728840761c: ; ImmutableOopMap {rax=Oop [120]=Oop [128]=Oop [136]=Oop [152]=Oop }
                      ;*synchronization entry
                      ; - java.lang.ClassLoader::defineClassSourceLocation@-1 (line 922)
                      ; - java.lang.ClassLoader::defineClass@12 (line 1022)
  0x000001728840761c: ec4c 07e9 | 00fd ffff 

  0x0000017288407624: ;   {runtime_call throw_null_pointer_exception Runtime1 stub}
  0x0000017288407624: e857 9b4c 

  0x0000017288407628: ; ImmutableOopMap {rax=Oop [120]=Oop [128]=Oop [136]=Oop [152]=Oop }
                      ;*invokevirtual getCodeSource {reexecute=0 rethrow=0 return_oop=0}
                      ; - java.lang.ClassLoader::defineClassSourceLocation@1 (line 922)
                      ; - java.lang.ClassLoader::defineClass@12 (line 1022)
                      ;   {runtime_call throw_null_pointer_exception Runtime1 stub}
  0x0000017288407628: 07e8 529b 

  0x000001728840762c: ; ImmutableOopMap {rax=Oop r8=Oop [120]=Oop [128]=Oop [136]=Oop [152]=Oop }
                      ;*invokevirtual getLocation {reexecute=0 rethrow=0 return_oop=0}
                      ; - java.lang.ClassLoader::defineClassSourceLocation@12 (line 924)
                      ; - java.lang.ClassLoader::defineClass@12 (line 1022)
                      ;   {runtime_call throw_null_pointer_exception Runtime1 stub}
  0x000001728840762c: 4c07 e84d 

  0x0000017288407630: ; ImmutableOopMap {rdx=Oop [120]=Oop [128]=Oop [136]=Oop [152]=Oop }
                      ;*invokevirtual toString {reexecute=0 rethrow=0 return_oop=0}
                      ; - java.lang.ClassLoader::defineClassSourceLocation@22 (line 925)
                      ; - java.lang.ClassLoader::defineClass@12 (line 1022)
                      ;   {metadata({method} {0x000001729d01a690} 'toString' '()Ljava/lang/String;' in 'java/net/URL')}
  0x0000017288407630: 9b4c 0749 | ba88 a601 | 9d72 0100 | 004c 8954 | 2408 48c7 | 0424 ffff 

  0x0000017288407648: ;   {runtime_call counter_overflow Runtime1 stub}
  0x0000017288407648: ffff e831 

  0x000001728840764c: ; ImmutableOopMap {rdx=Oop [120]=Oop [128]=Oop [136]=Oop [152]=Oop }
                      ;*synchronization entry
                      ; - java.net.URL::toString@-1 (line 1189)
                      ; - java.lang.ClassLoader::defineClassSourceLocation@22 (line 925)
                      ; - java.lang.ClassLoader::defineClass@12 (line 1022)
  0x000001728840764c: ec4c 07e9 | dffd ffff 

  0x0000017288407654: ;   {metadata({method} {0x000001729d3f38b8} 'toExternalForm' '()Ljava/lang/String;' in 'java/net/URL')}
  0x0000017288407654: 49ba b038 | 3f9d 7201 | 0000 4c89 | 5424 0848 | c704 24ff 

  0x0000017288407668: ;   {runtime_call counter_overflow Runtime1 stub}
  0x0000017288407668: ffff ffe8 

  0x000001728840766c: ; ImmutableOopMap {rdx=Oop [120]=Oop [128]=Oop [136]=Oop [152]=Oop }
                      ;*synchronization entry
                      ; - java.net.URL::toExternalForm@-1 (line 1203)
                      ; - java.net.URL::toString@1 (line 1189)
                      ; - java.lang.ClassLoader::defineClassSourceLocation@22 (line 925)
                      ; - java.lang.ClassLoader::defineClass@12 (line 1022)
  0x000001728840766c: 10ec 4c07 | e9fc fdff 

  0x0000017288407674: ;   {runtime_call throw_null_pointer_exception Runtime1 stub}
  0x0000017288407674: ffe8 069b 

  0x0000017288407678: ; ImmutableOopMap {rdx=Oop rsi=Oop [120]=Oop [128]=Oop [136]=Oop [152]=Oop }
                      ;*invokevirtual toExternalForm {reexecute=0 rethrow=0 return_oop=0}
                      ; - java.net.URL::toExternalForm@5 (line 1203)
                      ; - java.net.URL::toString@1 (line 1189)
                      ; - java.lang.ClassLoader::defineClassSourceLocation@22 (line 925)
                      ; - java.lang.ClassLoader::defineClass@12 (line 1022)
                      ;   {internal_word}
  0x0000017288407678: 4c07 49ba | d475 4088 | 7201 0000 | 4d89 9770 

  0x0000017288407688: ;   {runtime_call SafepointBlob}
  0x0000017288407688: 0400 00e9 | 70e0 3f07 | 498b 8708 | 0500 0049 | c787 0805 | 0000 0000 | 0000 49c7 | 8710 0500 
  0x00000172884076a8: 0000 0000 | 0048 81c4 | b000 0000 

  0x00000172884076b4: ;   {runtime_call unwind_exception Runtime1 stub}
  0x00000172884076b4: 5de9 c68b | 4c07 f4f4 | f4f4 f4f4 
[Stub Code]
  0x00000172884076c0: ;   {no_reloc}
  0x00000172884076c0: 0f1f 4400 

  0x00000172884076c4: ;   {static_stub}
  0x00000172884076c4: 0048 bb00 | 0000 0000 

  0x00000172884076cc: ;   {runtime_call}
  0x00000172884076cc: 0000 00e9 | fbff ffff 

  0x00000172884076d4: ;   {static_stub}
  0x00000172884076d4: 48bb 10ed | 3f9d 7201 

  0x00000172884076dc: ;   {runtime_call I2C/C2I adapters}
  0x00000172884076dc: 0000 e988 

  0x00000172884076e0: ;   {static_stub}
  0x00000172884076e0: 363f 0748 | bb50 ec3f | 9d72 0100 

  0x00000172884076ec: ;   {runtime_call I2C/C2I adapters}
  0x00000172884076ec: 00e9 10bf 

  0x00000172884076f0: ;   {static_stub}
  0x00000172884076f0: 3e07 48bb | 0000 0000 | 0000 0000 

  0x00000172884076fc: ;   {runtime_call}
  0x00000172884076fc: e9fb ffff 

  0x0000017288407700: ;   {runtime_call handle_exception_from_callee Runtime1 stub}
  0x0000017288407700: ffe8 7ab8 

  0x0000017288407704: ;   {external_word}
  0x0000017288407704: 4c07 48b9 | c028 36aa | fb7f 0000 | 4883 e4f0 

  0x0000017288407714: ;   {runtime_call}
  0x0000017288407714: 48b8 9095 | fda9 fb7f | 0000 ffd0 

  0x0000017288407720: ;   {section_word}
  0x0000017288407720: f449 ba21 | 7740 8872 | 0100 0041 

  0x000001728840772c: ;   {runtime_call DeoptimizationBlob}
  0x000001728840772c: 52e9 6ed2 | 3f07 f4f4 | f4f4 f4f4 
[/MachCode]


Compiled method (c1) 50291  842       3       java.security.SecureClassLoader::defineClass (16 bytes)
 total in heap  [0x000001728840d310,0x000001728840d710] = 1024
 relocation     [0x000001728840d468,0x000001728840d4b8] = 80
 main code      [0x000001728840d4c0,0x000001728840d618] = 344
 stub code      [0x000001728840d618,0x000001728840d668] = 80
 metadata       [0x000001728840d668,0x000001728840d670] = 8
 scopes data    [0x000001728840d670,0x000001728840d6b8] = 72
 scopes pcs     [0x000001728840d6b8,0x000001728840d708] = 80
 dependencies   [0x000001728840d708,0x000001728840d710] = 8

[Constant Pool (empty)]

[MachCode]
[Entry Point]
  # {method} {0x000001729d0438c0} 'defineClass' '(Ljava/lang/String;[BIILjava/security/CodeSource;)Ljava/lang/Class;' in 'java/security/SecureClassLoader'
  # this:     rdx:rdx   = 'java/security/SecureClassLoader'
  # parm0:    r8:r8     = 'java/lang/String'
  # parm1:    r9:r9     = '[B'
  # parm2:    rdi       = int
  # parm3:    rsi       = int
  # parm4:    rcx:rcx   = 'java/security/CodeSource'
  #           [sp+0x80]  (sp of caller)
  0x000001728840d4c0: 448b 5208 | 49bb 0000 | 009d 7201 | 0000 4d03 | d34c 3bd0 

  0x000001728840d4d4: ;   {runtime_call ic_miss_stub}
  0x000001728840d4d4: 0f85 a612 | 3f07 660f | 1f44 0000 
[Verified Entry Point]
  0x000001728840d4e0: 8984 2400 | 80ff ff55 | 4883 ec70 | 4181 7f20 | 0100 0000 

  0x000001728840d4f4: ;   {runtime_call StubRoutines (final stubs)}
  0x000001728840d4f4: 7405 e8e5 

  0x000001728840d4f8: ;   {metadata(method data for {method} {0x000001729d0438c0} 'defineClass' '(Ljava/lang/String;[BIILjava/security/CodeSource;)Ljava/lang/Class;' in 'java/security/SecureClassLoader')}
  0x000001728840d4f8: 773d 0748 | bbf8 d217 | de72 0100 | 008b 83cc | 0000 0083 | c002 8983 | cc00 0000 | 25fe 0700 
  0x000001728840d518: 0085 c00f | 8496 0000 | 0089 7424 | 5c89 7c24 | 584c 894c | 2450 4c89 | 4424 4848 

  0x000001728840d534: ;   {metadata(method data for {method} {0x000001729d0438c0} 'defineClass' '(Ljava/lang/String;[BIILjava/security/CodeSource;)Ljava/lang/Class;' in 'java/security/SecureClassLoader')}
  0x000001728840d534: 8bda 48b8 | f8d2 17de | 7201 0000 | 4883 8018 | 0100 0001 | 4c8b c148 | 8bc2 488b | d048 8944 
  0x000001728840d554: ;   {optimized virtual_call}
  0x000001728840d554: 2440 90e8 

  0x000001728840d558: ; ImmutableOopMap {[64]=Oop [72]=Oop [80]=Oop }
                      ;*invokevirtual getProtectionDomain {reexecute=0 rethrow=0 return_oop=0}
                      ; - java.security.SecureClassLoader::defineClass@9 (line 150)
  0x000001728840d558: c428 ffff 

  0x000001728840d55c: ;   {other}
  0x000001728840d55c: 0f1f 8400 | 4c02 0000 | 488b 5424 

  0x000001728840d568: ;   {metadata(method data for {method} {0x000001729d0438c0} 'defineClass' '(Ljava/lang/String;[BIILjava/security/CodeSource;)Ljava/lang/Class;' in 'java/security/SecureClassLoader')}
  0x000001728840d568: 4049 b8f8 | d217 de72 | 0100 0049 | 8380 4801 | 0000 014c | 8b44 2448 | 4c8b 4c24 | 508b 7c24 
  0x000001728840d588: 588b 7424 | 5c48 8bc8 | 488b 5424 

  0x000001728840d594: ;   {optimized virtual_call}
  0x000001728840d594: 4066 90e8 

  0x000001728840d598: ; ImmutableOopMap {}
                      ;*invokevirtual defineClass {reexecute=0 rethrow=0 return_oop=0}
                      ; - java.security.SecureClassLoader::defineClass@12 (line 150)
  0x000001728840d598: a49c ffff 

  0x000001728840d59c: ;   {other}
  0x000001728840d59c: 0f1f 8400 | 8c02 0001 | 4883 c470 

  0x000001728840d5a8: ;   {poll_return}
  0x000001728840d5a8: 5d49 3ba7 | 5804 0000 | 0f87 2200 

  0x000001728840d5b4: ;   {metadata({method} {0x000001729d0438c0} 'defineClass' '(Ljava/lang/String;[BIILjava/security/CodeSource;)Ljava/lang/Class;' in 'java/security/SecureClassLoader')}
  0x000001728840d5b4: 0000 c349 | bab8 3804 | 9d72 0100 | 004c 8954 | 2408 48c7 | 0424 ffff 

  0x000001728840d5cc: ;   {runtime_call counter_overflow Runtime1 stub}
  0x000001728840d5cc: ffff e8ad 

  0x000001728840d5d0: ; ImmutableOopMap {rdx=Oop r8=Oop r9=Oop rcx=Oop }
                      ;*synchronization entry
                      ; - java.security.SecureClassLoader::defineClass@-1 (line 150)
  0x000001728840d5d0: 8c4c 07e9 | 49ff ffff 

  0x000001728840d5d8: ;   {internal_word}
  0x000001728840d5d8: 49ba a9d5 | 4088 7201 | 0000 4d89 | 9770 0400 

  0x000001728840d5e8: ;   {runtime_call SafepointBlob}
  0x000001728840d5e8: 00e9 1281 | 3f07 498b | 8708 0500 | 0049 c787 | 0805 0000 | 0000 0000 | 49c7 8710 | 0500 0000 
  0x000001728840d608: 0000 0048 | 83c4 705d 

  0x000001728840d610: ;   {runtime_call unwind_exception Runtime1 stub}
  0x000001728840d610: e96b 2c4c | 07f4 f4f4 
[Stub Code]
  0x000001728840d618: ;   {no_reloc}
  0x000001728840d618: 48bb 0000 | 0000 0000 

  0x000001728840d620: ;   {runtime_call}
  0x000001728840d620: 0000 e9fb 

  0x000001728840d624: ;   {static_stub}
  0x000001728840d624: ffff ff48 | bb00 0000 | 0000 0000 

  0x000001728840d630: ;   {runtime_call}
  0x000001728840d630: 00e9 fbff 

  0x000001728840d634: ;   {runtime_call handle_exception_from_callee Runtime1 stub}
  0x000001728840d634: ffff e845 

  0x000001728840d638: ;   {external_word}
  0x000001728840d638: 594c 0748 | b9c0 2836 | aafb 7f00 | 0048 83e4 

  0x000001728840d648: ;   {runtime_call}
  0x000001728840d648: f048 b890 | 95fd a9fb | 7f00 00ff 

  0x000001728840d654: ;   {section_word}
  0x000001728840d654: d0f4 49ba | 56d6 4088 | 7201 0000 

  0x000001728840d660: ;   {runtime_call DeoptimizationBlob}
  0x000001728840d660: 4152 e939 | 733f 07f4 
[/MachCode]


---------------  P R O C E S S  ---------------

Threads class SMR info:
_java_thread_list=0x00000172e2038fb0, length=11, elements={
0x00000172fbfd1970, 0x000001729cd1aa00, 0x000001729cd1b820, 0x000001729cd1e600,
0x000001729cd1f260, 0x000001729cd21dd0, 0x000001729cd22830, 0x000001729cd275d0,
0x000001729cd28830, 0x00000172e205e470, 0x00000172e2063310
}

Java Threads: ( => current thread )
=>0x00000172fbfd1970 JavaThread "main"                              [_thread_in_vm, id=40600, stack(0x0000004bfd300000,0x0000004bfd400000) (1024K)]
  0x000001729cd1aa00 JavaThread "Reference Handler"          daemon [_thread_blocked, id=41276, stack(0x0000004bfdb00000,0x0000004bfdc00000) (1024K)]
  0x000001729cd1b820 JavaThread "Finalizer"                  daemon [_thread_blocked, id=41280, stack(0x0000004bfdc00000,0x0000004bfdd00000) (1024K)]
  0x000001729cd1e600 JavaThread "Signal Dispatcher"          daemon [_thread_blocked, id=41284, stack(0x0000004bfdd00000,0x0000004bfde00000) (1024K)]
  0x000001729cd1f260 JavaThread "Attach Listener"            daemon [_thread_blocked, id=41288, stack(0x0000004bfde00000,0x0000004bfdf00000) (1024K)]
  0x000001729cd21dd0 JavaThread "Service Thread"             daemon [_thread_blocked, id=41292, stack(0x0000004bfdf00000,0x0000004bfe000000) (1024K)]
  0x000001729cd22830 JavaThread "Monitor Deflation Thread"   daemon [_thread_blocked, id=41296, stack(0x0000004bfe000000,0x0000004bfe100000) (1024K)]
  0x000001729cd275d0 JavaThread "C2 CompilerThread0"         daemon [_thread_in_native, id=41300, stack(0x0000004bfe100000,0x0000004bfe200000) (1024K)]
  0x000001729cd28830 JavaThread "C1 CompilerThread0"         daemon [_thread_blocked, id=41404, stack(0x0000004bfe200000,0x0000004bfe300000) (1024K)]
  0x00000172e205e470 JavaThread "Notification Thread"        daemon [_thread_blocked, id=41432, stack(0x0000004bfe300000,0x0000004bfe400000) (1024K)]
  0x00000172e2063310 JavaThread "Common-Cleaner"             daemon [_thread_blocked, id=41436, stack(0x0000004bfe400000,0x0000004bfe500000) (1024K)]
Total: 11

Other Threads:
  0x000001729ccfe530 VMThread "VM Thread"                           [id=41244, stack(0x0000004bfda00000,0x0000004bfdb00000) (1024K)] _threads_hazard_ptr=0x00000172e2038fb0
  0x000001729cce71a0 WatcherThread "VM Periodic Task Thread"        [id=41232, stack(0x0000004bfd900000,0x0000004bfda00000) (1024K)]
  0x00000172fe37cca0 WorkerThread "GC Thread#0"                     [id=41000, stack(0x0000004bfd400000,0x0000004bfd500000) (1024K)]
  0x00000172e21c98f0 WorkerThread "GC Thread#1"                     [id=44916, stack(0x0000004bfe500000,0x0000004bfe600000) (1024K)]
  0x00000172e21c9ca0 WorkerThread "GC Thread#2"                     [id=44920, stack(0x0000004bfe600000,0x0000004bfe700000) (1024K)]
  0x00000172e21ca050 WorkerThread "GC Thread#3"                     [id=44924, stack(0x0000004bfe700000,0x0000004bfe800000) (1024K)]
  0x00000172e20ba6c0 WorkerThread "GC Thread#4"                     [id=44928, stack(0x0000004bfe800000,0x0000004bfe900000) (1024K)]
  0x00000172e2aab580 WorkerThread "GC Thread#5"                     [id=44932, stack(0x0000004bfe900000,0x0000004bfea00000) (1024K)]
  0x00000172e2aab930 WorkerThread "GC Thread#6"                     [id=44936, stack(0x0000004bfea00000,0x0000004bfeb00000) (1024K)]
  0x00000172e2aabce0 WorkerThread "GC Thread#7"                     [id=44940, stack(0x0000004bfeb00000,0x0000004bfec00000) (1024K)]
  0x00000172e2aac090 WorkerThread "GC Thread#8"                     [id=44944, stack(0x0000004bfec00000,0x0000004bfed00000) (1024K)]
  0x00000172fe38b7a0 ConcurrentGCThread "G1 Main Marker"            [id=41004, stack(0x0000004bfd500000,0x0000004bfd600000) (1024K)]
  0x00000172fe38c2b0 WorkerThread "G1 Conc#0"                       [id=41008, stack(0x0000004bfd600000,0x0000004bfd700000) (1024K)]
  0x000001729cbb6940 ConcurrentGCThread "G1 Refine#0"               [id=41020, stack(0x0000004bfd700000,0x0000004bfd800000) (1024K)]
  0x000001729cbb72d0 ConcurrentGCThread "G1 Service"                [id=41024, stack(0x0000004bfd800000,0x0000004bfd900000) (1024K)]
Total: 15

Threads with active compile tasks:
C2 CompilerThread0  50302 1069   !   4       sun.nio.cs.StreamDecoder::read (78 bytes)
Total: 1

VM state: synchronizing (normal execution)

VM Mutex/Monitor currently owned by a thread:  ([mutex/lock_event])
[0x00007ffbaa60ab48] Metaspace_lock - owner thread: 0x00000172fbfd1970
[0x00007ffbaa60cbc8] Threads_lock - owner thread: 0x000001729ccfe530

Heap address: 0x0000000724e00000, size: 3506 MB, Compressed Oops mode: Zero based, Oop shift amount: 3

CDS archive(s) mapped at: [0x000001729d000000-0x000001729dc60000-0x000001729dc60000), size 12976128, SharedBaseAddress: 0x000001729d000000, ArchiveRelocationMode: 1.
Compressed class space mapped at: 0x000001729e000000-0x00000172de000000, reserved size: 1073741824
Narrow klass base: 0x000001729d000000, Narrow klass shift: 0, Narrow klass range: 0x41000000

GC Precious Log:
 CardTable entry size: 512
 Card Set container configuration: InlinePtr #cards 4 size 8 Array Of Cards #cards 16 size 48 Howl #buckets 8 coarsen threshold 3686 Howl Bitmap #cards 512 size 80 coarsen threshold 460 Card regions per heap region 1 cards per card region 4096
 CPUs: 12 total, 12 available
 Memory: 14020M
 Large Page Support: Disabled
 NUMA Support: Disabled
 Compressed Oops: Enabled (Zero based)
 Heap Region Size: 2M
 Heap Min Capacity: 8M
 Heap Initial Capacity: 220M
 Heap Max Capacity: 3506M
 Pre-touch: Disabled
 Parallel Workers: 10
 Concurrent Workers: 3
 Concurrent Refinement Workers: 10
 Periodic GC: Disabled

Heap:
 garbage-first heap   total reserved 3590144K, committed 225280K, used 4096K [0x0000000724e00000, 0x0000000800000000)
  region size 2048K, 3 young (6144K), 2 survivors (4096K)
 Metaspace       used 5757K, committed 5888K, reserved 1114112K
  class space    used 683K, committed 768K, reserved 1048576K

Heap Regions: E=young(eden), S=young(survivor), O=old, HS=humongous(starts), HC=humongous(continues), CS=collection set, F=free, TAMS=top-at-mark-start, PB=parsable bottom
|   0|0x0000000724e00000, 0x0000000724e00000, 0x0000000725000000|  0%| F|  |TAMS 0x0000000724e00000| PB 0x0000000724e00000| Untracked |  0
|   1|0x0000000725000000, 0x0000000725000000, 0x0000000725200000|  0%| F|  |TAMS 0x0000000725000000| PB 0x0000000725000000| Untracked |  0
|   2|0x0000000725200000, 0x0000000725200000, 0x0000000725400000|  0%| F|  |TAMS 0x0000000725200000| PB 0x0000000725200000| Untracked |  0
|   3|0x0000000725400000, 0x0000000725400000, 0x0000000725600000|  0%| F|  |TAMS 0x0000000725400000| PB 0x0000000725400000| Untracked |  0
|   4|0x0000000725600000, 0x0000000725600000, 0x0000000725800000|  0%| F|  |TAMS 0x0000000725600000| PB 0x0000000725600000| Untracked |  0
|   5|0x0000000725800000, 0x0000000725800000, 0x0000000725a00000|  0%| F|  |TAMS 0x0000000725800000| PB 0x0000000725800000| Untracked |  0
|   6|0x0000000725a00000, 0x0000000725a00000, 0x0000000725c00000|  0%| F|  |TAMS 0x0000000725a00000| PB 0x0000000725a00000| Untracked |  0
|   7|0x0000000725c00000, 0x0000000725c00000, 0x0000000725e00000|  0%| F|  |TAMS 0x0000000725c00000| PB 0x0000000725c00000| Untracked |  0
|   8|0x0000000725e00000, 0x0000000725e00000, 0x0000000726000000|  0%| F|  |TAMS 0x0000000725e00000| PB 0x0000000725e00000| Untracked |  0
|   9|0x0000000726000000, 0x0000000726000000, 0x0000000726200000|  0%| F|  |TAMS 0x0000000726000000| PB 0x0000000726000000| Untracked |  0
|  10|0x0000000726200000, 0x0000000726200000, 0x0000000726400000|  0%| F|  |TAMS 0x0000000726200000| PB 0x0000000726200000| Untracked |  0
|  11|0x0000000726400000, 0x0000000726400000, 0x0000000726600000|  0%| F|  |TAMS 0x0000000726400000| PB 0x0000000726400000| Untracked |  0
|  12|0x0000000726600000, 0x0000000726600000, 0x0000000726800000|  0%| F|  |TAMS 0x0000000726600000| PB 0x0000000726600000| Untracked |  0
|  13|0x0000000726800000, 0x0000000726800000, 0x0000000726a00000|  0%| F|  |TAMS 0x0000000726800000| PB 0x0000000726800000| Untracked |  0
|  14|0x0000000726a00000, 0x0000000726a00000, 0x0000000726c00000|  0%| F|  |TAMS 0x0000000726a00000| PB 0x0000000726a00000| Untracked |  0
|  15|0x0000000726c00000, 0x0000000726c00000, 0x0000000726e00000|  0%| F|  |TAMS 0x0000000726c00000| PB 0x0000000726c00000| Untracked |  0
|  16|0x0000000726e00000, 0x0000000726e00000, 0x0000000727000000|  0%| F|  |TAMS 0x0000000726e00000| PB 0x0000000726e00000| Untracked |  0
|  17|0x0000000727000000, 0x0000000727000000, 0x0000000727200000|  0%| F|  |TAMS 0x0000000727000000| PB 0x0000000727000000| Untracked |  0
|  18|0x0000000727200000, 0x0000000727200000, 0x0000000727400000|  0%| F|  |TAMS 0x0000000727200000| PB 0x0000000727200000| Untracked |  0
|  19|0x0000000727400000, 0x0000000727400000, 0x0000000727600000|  0%| F|  |TAMS 0x0000000727400000| PB 0x0000000727400000| Untracked |  0
|  20|0x0000000727600000, 0x0000000727600000, 0x0000000727800000|  0%| F|  |TAMS 0x0000000727600000| PB 0x0000000727600000| Untracked |  0
|  21|0x0000000727800000, 0x0000000727800000, 0x0000000727a00000|  0%| F|  |TAMS 0x0000000727800000| PB 0x0000000727800000| Untracked |  0
|  22|0x0000000727a00000, 0x0000000727a00000, 0x0000000727c00000|  0%| F|  |TAMS 0x0000000727a00000| PB 0x0000000727a00000| Untracked |  0
|  23|0x0000000727c00000, 0x0000000727c00000, 0x0000000727e00000|  0%| F|  |TAMS 0x0000000727c00000| PB 0x0000000727c00000| Untracked |  0
|  24|0x0000000727e00000, 0x0000000727e00000, 0x0000000728000000|  0%| F|  |TAMS 0x0000000727e00000| PB 0x0000000727e00000| Untracked |  0
|  25|0x0000000728000000, 0x0000000728000000, 0x0000000728200000|  0%| F|  |TAMS 0x0000000728000000| PB 0x0000000728000000| Untracked |  0
|  26|0x0000000728200000, 0x0000000728200000, 0x0000000728400000|  0%| F|  |TAMS 0x0000000728200000| PB 0x0000000728200000| Untracked |  0
|  27|0x0000000728400000, 0x0000000728400000, 0x0000000728600000|  0%| F|  |TAMS 0x0000000728400000| PB 0x0000000728400000| Untracked |  0
|  28|0x0000000728600000, 0x0000000728600000, 0x0000000728800000|  0%| F|  |TAMS 0x0000000728600000| PB 0x0000000728600000| Untracked |  0
|  29|0x0000000728800000, 0x0000000728800000, 0x0000000728a00000|  0%| F|  |TAMS 0x0000000728800000| PB 0x0000000728800000| Untracked |  0
|  30|0x0000000728a00000, 0x0000000728a00000, 0x0000000728c00000|  0%| F|  |TAMS 0x0000000728a00000| PB 0x0000000728a00000| Untracked |  0
|  31|0x0000000728c00000, 0x0000000728c00000, 0x0000000728e00000|  0%| F|  |TAMS 0x0000000728c00000| PB 0x0000000728c00000| Untracked |  0
|  32|0x0000000728e00000, 0x0000000728e00000, 0x0000000729000000|  0%| F|  |TAMS 0x0000000728e00000| PB 0x0000000728e00000| Untracked |  0
|  33|0x0000000729000000, 0x0000000729000000, 0x0000000729200000|  0%| F|  |TAMS 0x0000000729000000| PB 0x0000000729000000| Untracked |  0
|  34|0x0000000729200000, 0x0000000729200000, 0x0000000729400000|  0%| F|  |TAMS 0x0000000729200000| PB 0x0000000729200000| Untracked |  0
|  35|0x0000000729400000, 0x0000000729400000, 0x0000000729600000|  0%| F|  |TAMS 0x0000000729400000| PB 0x0000000729400000| Untracked |  0
|  36|0x0000000729600000, 0x0000000729600000, 0x0000000729800000|  0%| F|  |TAMS 0x0000000729600000| PB 0x0000000729600000| Untracked |  0
|  37|0x0000000729800000, 0x0000000729800000, 0x0000000729a00000|  0%| F|  |TAMS 0x0000000729800000| PB 0x0000000729800000| Untracked |  0
|  38|0x0000000729a00000, 0x0000000729a00000, 0x0000000729c00000|  0%| F|  |TAMS 0x0000000729a00000| PB 0x0000000729a00000| Untracked |  0
|  39|0x0000000729c00000, 0x0000000729c00000, 0x0000000729e00000|  0%| F|  |TAMS 0x0000000729c00000| PB 0x0000000729c00000| Untracked |  0
|  40|0x0000000729e00000, 0x0000000729e00000, 0x000000072a000000|  0%| F|  |TAMS 0x0000000729e00000| PB 0x0000000729e00000| Untracked |  0
|  41|0x000000072a000000, 0x000000072a000000, 0x000000072a200000|  0%| F|  |TAMS 0x000000072a000000| PB 0x000000072a000000| Untracked |  0
|  42|0x000000072a200000, 0x000000072a200000, 0x000000072a400000|  0%| F|  |TAMS 0x000000072a200000| PB 0x000000072a200000| Untracked |  0
|  43|0x000000072a400000, 0x000000072a400000, 0x000000072a600000|  0%| F|  |TAMS 0x000000072a400000| PB 0x000000072a400000| Untracked |  0
|  44|0x000000072a600000, 0x000000072a600000, 0x000000072a800000|  0%| F|  |TAMS 0x000000072a600000| PB 0x000000072a600000| Untracked |  0
|  45|0x000000072a800000, 0x000000072a800000, 0x000000072aa00000|  0%| F|  |TAMS 0x000000072a800000| PB 0x000000072a800000| Untracked |  0
|  46|0x000000072aa00000, 0x000000072aa00000, 0x000000072ac00000|  0%| F|  |TAMS 0x000000072aa00000| PB 0x000000072aa00000| Untracked |  0
|  47|0x000000072ac00000, 0x000000072ac00000, 0x000000072ae00000|  0%| F|  |TAMS 0x000000072ac00000| PB 0x000000072ac00000| Untracked |  0
|  48|0x000000072ae00000, 0x000000072ae00000, 0x000000072b000000|  0%| F|  |TAMS 0x000000072ae00000| PB 0x000000072ae00000| Untracked |  0
|  49|0x000000072b000000, 0x000000072b000000, 0x000000072b200000|  0%| F|  |TAMS 0x000000072b000000| PB 0x000000072b000000| Untracked |  0
|  50|0x000000072b200000, 0x000000072b200000, 0x000000072b400000|  0%| F|  |TAMS 0x000000072b200000| PB 0x000000072b200000| Untracked |  0
|  51|0x000000072b400000, 0x000000072b400000, 0x000000072b600000|  0%| F|  |TAMS 0x000000072b400000| PB 0x000000072b400000| Untracked |  0
|  52|0x000000072b600000, 0x000000072b600000, 0x000000072b800000|  0%| F|  |TAMS 0x000000072b600000| PB 0x000000072b600000| Untracked |  0
|  53|0x000000072b800000, 0x000000072b800000, 0x000000072ba00000|  0%| F|  |TAMS 0x000000072b800000| PB 0x000000072b800000| Untracked |  0
|  54|0x000000072ba00000, 0x000000072ba00000, 0x000000072bc00000|  0%| F|  |TAMS 0x000000072ba00000| PB 0x000000072ba00000| Untracked |  0
|  55|0x000000072bc00000, 0x000000072bc00000, 0x000000072be00000|  0%| F|  |TAMS 0x000000072bc00000| PB 0x000000072bc00000| Untracked |  0
|  56|0x000000072be00000, 0x000000072be00000, 0x000000072c000000|  0%| F|  |TAMS 0x000000072be00000| PB 0x000000072be00000| Untracked |  0
|  57|0x000000072c000000, 0x000000072c000000, 0x000000072c200000|  0%| F|  |TAMS 0x000000072c000000| PB 0x000000072c000000| Untracked |  0
|  58|0x000000072c200000, 0x000000072c200000, 0x000000072c400000|  0%| F|  |TAMS 0x000000072c200000| PB 0x000000072c200000| Untracked |  0
|  59|0x000000072c400000, 0x000000072c400000, 0x000000072c600000|  0%| F|  |TAMS 0x000000072c400000| PB 0x000000072c400000| Untracked |  0
|  60|0x000000072c600000, 0x000000072c600000, 0x000000072c800000|  0%| F|  |TAMS 0x000000072c600000| PB 0x000000072c600000| Untracked |  0
|  61|0x000000072c800000, 0x000000072c800000, 0x000000072ca00000|  0%| F|  |TAMS 0x000000072c800000| PB 0x000000072c800000| Untracked |  0
|  62|0x000000072ca00000, 0x000000072ca00000, 0x000000072cc00000|  0%| F|  |TAMS 0x000000072ca00000| PB 0x000000072ca00000| Untracked |  0
|  63|0x000000072cc00000, 0x000000072cc00000, 0x000000072ce00000|  0%| F|  |TAMS 0x000000072cc00000| PB 0x000000072cc00000| Untracked |  0
|  64|0x000000072ce00000, 0x000000072ce00000, 0x000000072d000000|  0%| F|  |TAMS 0x000000072ce00000| PB 0x000000072ce00000| Untracked |  0
|  65|0x000000072d000000, 0x000000072d000000, 0x000000072d200000|  0%| F|  |TAMS 0x000000072d000000| PB 0x000000072d000000| Untracked |  0
|  66|0x000000072d200000, 0x000000072d200000, 0x000000072d400000|  0%| F|  |TAMS 0x000000072d200000| PB 0x000000072d200000| Untracked |  0
|  67|0x000000072d400000, 0x000000072d400000, 0x000000072d600000|  0%| F|  |TAMS 0x000000072d400000| PB 0x000000072d400000| Untracked |  0
|  68|0x000000072d600000, 0x000000072d600000, 0x000000072d800000|  0%| F|  |TAMS 0x000000072d600000| PB 0x000000072d600000| Untracked |  0
|  69|0x000000072d800000, 0x000000072d800000, 0x000000072da00000|  0%| F|  |TAMS 0x000000072d800000| PB 0x000000072d800000| Untracked |  0
|  70|0x000000072da00000, 0x000000072da00000, 0x000000072dc00000|  0%| F|  |TAMS 0x000000072da00000| PB 0x000000072da00000| Untracked |  0
|  71|0x000000072dc00000, 0x000000072dc00000, 0x000000072de00000|  0%| F|  |TAMS 0x000000072dc00000| PB 0x000000072dc00000| Untracked |  0
|  72|0x000000072de00000, 0x000000072de00000, 0x000000072e000000|  0%| F|  |TAMS 0x000000072de00000| PB 0x000000072de00000| Untracked |  0
|  73|0x000000072e000000, 0x000000072e000000, 0x000000072e200000|  0%| F|  |TAMS 0x000000072e000000| PB 0x000000072e000000| Untracked |  0
|  74|0x000000072e200000, 0x000000072e200000, 0x000000072e400000|  0%| F|  |TAMS 0x000000072e200000| PB 0x000000072e200000| Untracked |  0
|  75|0x000000072e400000, 0x000000072e400000, 0x000000072e600000|  0%| F|  |TAMS 0x000000072e400000| PB 0x000000072e400000| Untracked |  0
|  76|0x000000072e600000, 0x000000072e600000, 0x000000072e800000|  0%| F|  |TAMS 0x000000072e600000| PB 0x000000072e600000| Untracked |  0
|  77|0x000000072e800000, 0x000000072e800000, 0x000000072ea00000|  0%| F|  |TAMS 0x000000072e800000| PB 0x000000072e800000| Untracked |  0
|  78|0x000000072ea00000, 0x000000072ea00000, 0x000000072ec00000|  0%| F|  |TAMS 0x000000072ea00000| PB 0x000000072ea00000| Untracked |  0
|  79|0x000000072ec00000, 0x000000072ec00000, 0x000000072ee00000|  0%| F|  |TAMS 0x000000072ec00000| PB 0x000000072ec00000| Untracked |  0
|  80|0x000000072ee00000, 0x000000072ee00000, 0x000000072f000000|  0%| F|  |TAMS 0x000000072ee00000| PB 0x000000072ee00000| Untracked |  0
|  81|0x000000072f000000, 0x000000072f000000, 0x000000072f200000|  0%| F|  |TAMS 0x000000072f000000| PB 0x000000072f000000| Untracked |  0
|  82|0x000000072f200000, 0x000000072f200000, 0x000000072f400000|  0%| F|  |TAMS 0x000000072f200000| PB 0x000000072f200000| Untracked |  0
|  83|0x000000072f400000, 0x000000072f400000, 0x000000072f600000|  0%| F|  |TAMS 0x000000072f400000| PB 0x000000072f400000| Untracked |  0
|  84|0x000000072f600000, 0x000000072f600000, 0x000000072f800000|  0%| F|  |TAMS 0x000000072f600000| PB 0x000000072f600000| Untracked |  0
|  85|0x000000072f800000, 0x000000072f800000, 0x000000072fa00000|  0%| F|  |TAMS 0x000000072f800000| PB 0x000000072f800000| Untracked |  0
|  86|0x000000072fa00000, 0x000000072fa00000, 0x000000072fc00000|  0%| F|  |TAMS 0x000000072fa00000| PB 0x000000072fa00000| Untracked |  0
|  87|0x000000072fc00000, 0x000000072fc00000, 0x000000072fe00000|  0%| F|  |TAMS 0x000000072fc00000| PB 0x000000072fc00000| Untracked |  0
|  88|0x000000072fe00000, 0x000000072fe00000, 0x0000000730000000|  0%| F|  |TAMS 0x000000072fe00000| PB 0x000000072fe00000| Untracked |  0
|  89|0x0000000730000000, 0x0000000730000000, 0x0000000730200000|  0%| F|  |TAMS 0x0000000730000000| PB 0x0000000730000000| Untracked |  0
|  90|0x0000000730200000, 0x0000000730200000, 0x0000000730400000|  0%| F|  |TAMS 0x0000000730200000| PB 0x0000000730200000| Untracked |  0
|  91|0x0000000730400000, 0x0000000730400000, 0x0000000730600000|  0%| F|  |TAMS 0x0000000730400000| PB 0x0000000730400000| Untracked |  0
|  92|0x0000000730600000, 0x0000000730600000, 0x0000000730800000|  0%| F|  |TAMS 0x0000000730600000| PB 0x0000000730600000| Untracked |  0
|  93|0x0000000730800000, 0x0000000730800000, 0x0000000730a00000|  0%| F|  |TAMS 0x0000000730800000| PB 0x0000000730800000| Untracked |  0
|  94|0x0000000730a00000, 0x0000000730a00000, 0x0000000730c00000|  0%| F|  |TAMS 0x0000000730a00000| PB 0x0000000730a00000| Untracked |  0
|  95|0x0000000730c00000, 0x0000000730c00000, 0x0000000730e00000|  0%| F|  |TAMS 0x0000000730c00000| PB 0x0000000730c00000| Untracked |  0
|  96|0x0000000730e00000, 0x0000000731000000, 0x0000000731000000|100%| S|CS|TAMS 0x0000000730e00000| PB 0x0000000730e00000| Complete |  0
|  97|0x0000000731000000, 0x0000000731200000, 0x0000000731200000|100%| S|CS|TAMS 0x0000000731000000| PB 0x0000000731000000| Complete |  0
|  98|0x0000000731200000, 0x0000000731200000, 0x0000000731400000|  0%| F|  |TAMS 0x0000000731200000| PB 0x0000000731200000| Untracked |  0
|  99|0x0000000731400000, 0x0000000731400000, 0x0000000731600000|  0%| F|  |TAMS 0x0000000731400000| PB 0x0000000731400000| Untracked |  0
| 100|0x0000000731600000, 0x0000000731600000, 0x0000000731800000|  0%| F|  |TAMS 0x0000000731600000| PB 0x0000000731600000| Untracked |  0
| 101|0x0000000731800000, 0x0000000731800000, 0x0000000731a00000|  0%| F|  |TAMS 0x0000000731800000| PB 0x0000000731800000| Untracked |  0
| 102|0x0000000731a00000, 0x0000000731a00000, 0x0000000731c00000|  0%| F|  |TAMS 0x0000000731a00000| PB 0x0000000731a00000| Untracked |  0
| 103|0x0000000731c00000, 0x0000000731c00000, 0x0000000731e00000|  0%| F|  |TAMS 0x0000000731c00000| PB 0x0000000731c00000| Untracked |  0
| 104|0x0000000731e00000, 0x0000000731e00000, 0x0000000732000000|  0%| F|  |TAMS 0x0000000731e00000| PB 0x0000000731e00000| Untracked |  0
| 105|0x0000000732000000, 0x0000000732000000, 0x0000000732200000|  0%| F|  |TAMS 0x0000000732000000| PB 0x0000000732000000| Untracked |  0
| 106|0x0000000732200000, 0x0000000732200000, 0x0000000732400000|  0%| F|  |TAMS 0x0000000732200000| PB 0x0000000732200000| Untracked |  0
| 107|0x0000000732400000, 0x0000000732400000, 0x0000000732600000|  0%| F|  |TAMS 0x0000000732400000| PB 0x0000000732400000| Untracked |  0
| 108|0x0000000732600000, 0x0000000732600000, 0x0000000732800000|  0%| F|  |TAMS 0x0000000732600000| PB 0x0000000732600000| Untracked |  0
| 109|0x0000000732800000, 0x0000000732912168, 0x0000000732a00000| 53%| E|  |TAMS 0x0000000732800000| PB 0x0000000732800000| Complete |  0

Card table byte_map: [0x00000172ff010000,0x00000172ff6f0000] _byte_map_base: 0x00000172fb6e9000

Marking Bits: (CMBitMap*) 0x00000172fe37d3b0
 Bits: [0x0000017297280000, 0x000001729a948000)

Polling page: 0x00000172fc290000

Metaspace:

Usage:
  Non-class:      4.96 MB used.
      Class:    683.40 KB used.
       Both:      5.62 MB used.

Virtual space:
  Non-class space:       64.00 MB reserved,       5.00 MB (  8%) committed,  1 nodes.
      Class space:        1.00 GB reserved,     768.00 KB ( <1%) committed,  1 nodes.
             Both:        1.06 GB reserved,       5.75 MB ( <1%) committed. 

Chunk freelists:
   Non-Class:  9.11 MB
       Class:  15.27 MB
        Both:  24.38 MB

MaxMetaspaceSize: unlimited
CompressedClassSpaceSize: 1.00 GB
Initial GC threshold: 21.00 MB
Current GC threshold: 21.00 MB
CDS: on
 - commit_granule_bytes: 65536.
 - commit_granule_words: 8192.
 - virtual_space_node_default_size: 8388608.
 - enlarge_chunks_in_place: 1.
 - use_allocation_guard: 0.


Internal statistics:

num_allocs_failed_limit: 0.
num_arena_births: 54.
num_arena_deaths: 0.
num_vsnodes_births: 2.
num_vsnodes_deaths: 0.
num_space_committed: 92.
num_space_uncommitted: 0.
num_chunks_returned_to_freelist: 0.
num_chunks_taken_from_freelist: 217.
num_chunk_merges: 0.
num_chunk_splits: 139.
num_chunks_enlarged: 115.
num_inconsistent_stats: 0.

CodeHeap 'non-profiled nmethods': size=120000Kb used=323Kb max_used=323Kb free=119676Kb
 bounds [0x000001728fd50000, 0x000001728ffc0000, 0x0000017297280000]
CodeHeap 'profiled nmethods': size=120000Kb used=2123Kb max_used=2123Kb free=117876Kb
 bounds [0x0000017288280000, 0x00000172884f0000, 0x000001728f7b0000]
CodeHeap 'non-nmethods': size=5760Kb used=1360Kb max_used=1379Kb free=4399Kb
 bounds [0x000001728f7b0000, 0x000001728fa20000, 0x000001728fd50000]
 total_blobs=1546 nmethods=1082 adapters=369
 compilation: enabled
              stopped_count=0, restarted_count=0
 full_count=0

Compilation events (20 events):
Event: 20.364 Thread 0x000001729cd28830 1119       2       java.util.Collections::emptyMap (4 bytes)
Event: 20.364 Thread 0x000001729cd28830 nmethod 1119 0x000001728848e210 code [0x000001728848e3a0, 0x000001728848e490]
Event: 20.367 Thread 0x000001729cd28830 1120 %     3       org.codehaus.plexus.util.InterpolationFilterReader::read @ 3 (48 bytes)
Event: 20.367 Thread 0x000001729cd28830 nmethod 1120% 0x000001728848e510 code [0x000001728848e6e0, 0x000001728848ead0]
Event: 20.368 Thread 0x000001729cd28830 1121       3       org.codehaus.plexus.util.InterpolationFilterReader::read (48 bytes)
Event: 20.368 Thread 0x000001729cd28830 nmethod 1121 0x000001728848ec90 code [0x000001728848ee60, 0x000001728848f168]
Event: 20.370 Thread 0x000001729cd28830 1122       2       org.codehaus.plexus.util.xml.pull.MXParser::require (443 bytes)
Event: 20.372 Thread 0x000001729cd28830 nmethod 1122 0x000001728848f310 code [0x000001728848f8e0, 0x0000017288491028]
Event: 20.375 Thread 0x000001729cd275d0 nmethod 1114 0x000001728fd9ec90 code [0x000001728fd9ef80, 0x000001728fd9fbe0]
Event: 20.375 Thread 0x000001729cd275d0 1031       4       java.util.concurrent.locks.ReentrantLock$Sync::tryRelease (51 bytes)
Event: 20.376 Thread 0x000001729cd275d0 nmethod 1031 0x000001728fda0810 code [0x000001728fda0980, 0x000001728fda0ab8]
Event: 20.376 Thread 0x000001729cd275d0 1066       4       java.util.concurrent.locks.ReentrantLock$NonfairSync::initialTryLock (58 bytes)
Event: 20.381 Thread 0x000001729cd275d0 nmethod 1066 0x000001728fda0b90 code [0x000001728fda0d20, 0x000001728fda0ef8]
Event: 20.381 Thread 0x000001729cd275d0 1069   !   4       sun.nio.cs.StreamDecoder::read (78 bytes)
Event: 20.385 Thread 0x000001729cd28830 1125       2       org.eclipse.sisu.space.URLClassSpace::deferLoadClass (10 bytes)
Event: 20.385 Thread 0x000001729cd28830 nmethod 1125 0x0000017288491d90 code [0x0000017288491f20, 0x0000017288492150]
Event: 20.385 Thread 0x000001729cd28830 1126       2       org.eclipse.sisu.space.NamedClass::<init> (15 bytes)
Event: 20.385 Thread 0x000001729cd28830 nmethod 1126 0x0000017288492210 code [0x00000172884923a0, 0x0000017288492570]
Event: 20.470 Thread 0x000001729cd28830 1127       3       java.util.concurrent.locks.ReentrantLock$NonfairSync::initialTryLock (58 bytes)
Event: 20.470 Thread 0x000001729cd28830 nmethod 1127 0x0000017288492610 code [0x00000172884927e0, 0x0000017288492bd0]

GC Heap History (2 events):
Event: 20.385 GC heap before
{Heap before GC invocations=0 (full 0):
 garbage-first heap   total reserved 3590144K, committed 225280K, used 24576K [0x0000000724e00000, 0x0000000800000000)
  region size 2048K, 12 young (24576K), 0 survivors (0K)
 Metaspace       used 5735K, committed 5888K, reserved 1114112K
  class space    used 677K, committed 768K, reserved 1048576K
}
Event: 20.468 GC heap after
{Heap after GC invocations=1 (full 0):
 garbage-first heap   total reserved 3590144K, committed 225280K, used 4096K [0x0000000724e00000, 0x0000000800000000)
  region size 2048K, 2 young (4096K), 2 survivors (4096K)
 Metaspace       used 5735K, committed 5888K, reserved 1114112K
  class space    used 677K, committed 768K, reserved 1048576K
}

Dll operation events (8 events):
Event: 2.037 Loaded shared library C:\Program Files\Java\jdk-22\bin\java.dll
Event: 3.192 Loaded shared library C:\Program Files\Java\jdk-22\bin\jsvml.dll
Event: 3.209 Loaded shared library C:\Program Files\Java\jdk-22\bin\net.dll
Event: 3.212 Loaded shared library C:\Program Files\Java\jdk-22\bin\nio.dll
Event: 3.230 Loaded shared library C:\Program Files\Java\jdk-22\bin\zip.dll
Event: 8.777 Loaded shared library C:\Program Files\Java\jdk-22\bin\jimage.dll
Event: 8.850 Loaded shared library C:\Program Files\NetBeans-21\netbeans\java\maven\lib\jansi-native\Windows\x86_64\jansi.dll
Event: 9.554 Loaded shared library C:\Program Files\Java\jdk-22\bin\verify.dll

Deoptimization events (20 events):
Event: 20.159 Thread 0x00000172fbfd1970 Uncommon trap: trap_request=0xffffff6e fr.pc=0x000001728fd84db8 relative=0x0000000000000418
Event: 20.159 Thread 0x00000172fbfd1970 Uncommon trap: reason=loop_limit_check action=maybe_recompile pc=0x000001728fd84db8 method=java.lang.StringLatin1.indexOf([BI[BII)I @ 37 c2
Event: 20.159 Thread 0x00000172fbfd1970 DEOPT PACKING pc=0x000001728fd84db8 sp=0x0000004bfd3fd910
Event: 20.159 Thread 0x00000172fbfd1970 DEOPT UNPACKING pc=0x000001728f8046a2 sp=0x0000004bfd3fd870 mode 2
Event: 20.162 Thread 0x00000172fbfd1970 Uncommon trap: trap_request=0xffffff76 fr.pc=0x000001728fd7c680 relative=0x0000000000000320
Event: 20.162 Thread 0x00000172fbfd1970 Uncommon trap: reason=predicate action=maybe_recompile pc=0x000001728fd7c680 method=java.util.regex.Pattern$BmpCharPropertyGreedy.match(Ljava/util/regex/Matcher;ILjava/lang/CharSequence;)Z @ 12 c2
Event: 20.162 Thread 0x00000172fbfd1970 DEOPT PACKING pc=0x000001728fd7c680 sp=0x0000004bfd3fdd10
Event: 20.162 Thread 0x00000172fbfd1970 DEOPT UNPACKING pc=0x000001728f8046a2 sp=0x0000004bfd3fdcc8 mode 2
Event: 20.162 Thread 0x00000172fbfd1970 Uncommon trap: trap_request=0xffffff45 fr.pc=0x000001728fd75364 relative=0x00000000000000c4
Event: 20.162 Thread 0x00000172fbfd1970 Uncommon trap: reason=unstable_if action=reinterpret pc=0x000001728fd75364 method=org.codehaus.plexus.util.xml.pull.MXParser.more()C @ 8 c2
Event: 20.162 Thread 0x00000172fbfd1970 DEOPT PACKING pc=0x000001728fd75364 sp=0x0000004bfd3fe0e0
Event: 20.162 Thread 0x00000172fbfd1970 DEOPT UNPACKING pc=0x000001728f8046a2 sp=0x0000004bfd3fe070 mode 2
Event: 20.328 Thread 0x00000172fbfd1970 DEOPT PACKING pc=0x00000172882ceb18 sp=0x0000004bfd3fde30
Event: 20.328 Thread 0x00000172fbfd1970 DEOPT UNPACKING pc=0x000001728f804e42 sp=0x0000004bfd3fd308 mode 0
Event: 20.382 Thread 0x00000172fbfd1970 DEOPT PACKING pc=0x000001728848def6 sp=0x0000004bfd3fd490
Event: 20.382 Thread 0x00000172fbfd1970 DEOPT UNPACKING pc=0x000001728f804e42 sp=0x0000004bfd3fc8e0 mode 0
Event: 20.469 Thread 0x000001729cd1aa00 Uncommon trap: trap_request=0xffffff45 fr.pc=0x000001728fda0ea0 relative=0x0000000000000180
Event: 20.469 Thread 0x000001729cd1aa00 Uncommon trap: reason=unstable_if action=reinterpret pc=0x000001728fda0ea0 method=java.util.concurrent.locks.ReentrantLock$NonfairSync.initialTryLock()Z @ 25 c2
Event: 20.469 Thread 0x000001729cd1aa00 DEOPT PACKING pc=0x000001728fda0ea0 sp=0x0000004bfdbff3f0
Event: 20.469 Thread 0x000001729cd1aa00 DEOPT UNPACKING pc=0x000001728f8046a2 sp=0x0000004bfdbff390 mode 2

Classes loaded (20 events):
Event: 18.398 Loading class java/util/concurrent/TimeoutException
Event: 19.833 Loading class java/util/concurrent/TimeoutException done
Event: 19.841 Loading class java/util/concurrent/CancellationException
Event: 19.861 Loading class java/util/concurrent/CancellationException done
Event: 19.861 Loading class java/security/PrivilegedActionException
Event: 19.868 Loading class java/security/PrivilegedActionException done
Event: 19.869 Loading class sun/misc/Unsafe
Event: 19.869 Loading class sun/misc/Unsafe done
Event: 19.893 Loading class java/lang/invoke/DirectMethodHandle$StaticAccessor
Event: 19.893 Loading class java/lang/invoke/DirectMethodHandle$StaticAccessor done
Event: 19.934 Loading class java/lang/reflect/ParameterizedType
Event: 19.934 Loading class java/lang/reflect/ParameterizedType done
Event: 19.938 Loading class java/lang/reflect/WildcardType
Event: 19.938 Loading class java/lang/reflect/WildcardType done
Event: 19.941 Loading class sun/reflect/generics/tree/TypeVariableSignature
Event: 19.942 Loading class sun/reflect/generics/tree/TypeVariableSignature done
Event: 20.131 Loading class java/lang/annotation/IncompleteAnnotationException
Event: 20.131 Loading class java/lang/annotation/IncompleteAnnotationException done
Event: 20.336 Loading class java/lang/foreign/MemorySegment
Event: 20.336 Loading class java/lang/foreign/MemorySegment done

Classes unloaded (0 events):
No events

Classes redefined (0 events):
No events

Internal exceptions (20 events):
Event: 9.118 Thread 0x00000172fbfd1970 Exception <a 'java/lang/NullPointerException'{0x00000007324f39b8}> (0x00000007324f39b8) 
thrown [s\open\src\hotspot\share\interpreter\linkResolver.cpp, line 1374]
Event: 9.118 Thread 0x00000172fbfd1970 Exception <a 'java/lang/NullPointerException'{0x00000007324f3c98}> (0x00000007324f3c98) 
thrown [s\open\src\hotspot\share\interpreter\linkResolver.cpp, line 1374]
Event: 9.221 Thread 0x00000172fbfd1970 Exception <a 'sun/nio/fs/WindowsException'{0x000000073251d4a0}> (0x000000073251d4a0) 
thrown [s\open\src\hotspot\share\prims\jni.cpp, line 520]
Event: 9.222 Thread 0x00000172fbfd1970 Exception <a 'sun/nio/fs/WindowsException'{0x000000073251dc78}> (0x000000073251dc78) 
thrown [s\open\src\hotspot\share\prims\jni.cpp, line 520]
Event: 9.245 Thread 0x00000172fbfd1970 Exception <a 'sun/nio/fs/WindowsException'{0x000000073251e2a0}> (0x000000073251e2a0) 
thrown [s\open\src\hotspot\share\prims\jni.cpp, line 520]
Event: 9.245 Thread 0x00000172fbfd1970 Exception <a 'sun/nio/fs/WindowsException'{0x000000073251e8a0}> (0x000000073251e8a0) 
thrown [s\open\src\hotspot\share\prims\jni.cpp, line 520]
Event: 9.245 Thread 0x00000172fbfd1970 Exception <a 'sun/nio/fs/WindowsException'{0x000000073251ee18}> (0x000000073251ee18) 
thrown [s\open\src\hotspot\share\prims\jni.cpp, line 520]
Event: 9.245 Thread 0x00000172fbfd1970 Exception <a 'sun/nio/fs/WindowsException'{0x000000073251f370}> (0x000000073251f370) 
thrown [s\open\src\hotspot\share\prims\jni.cpp, line 520]
Event: 9.245 Thread 0x00000172fbfd1970 Exception <a 'sun/nio/fs/WindowsException'{0x000000073251f878}> (0x000000073251f878) 
thrown [s\open\src\hotspot\share\prims\jni.cpp, line 520]
Event: 9.245 Thread 0x00000172fbfd1970 Exception <a 'sun/nio/fs/WindowsException'{0x000000073251fd38}> (0x000000073251fd38) 
thrown [s\open\src\hotspot\share\prims\jni.cpp, line 520]
Event: 9.672 Thread 0x00000172fbfd1970 Exception <a 'java/lang/NoSuchMethodError'{0x0000000732592e40}: 'void java.lang.invoke.DirectMethodHandle$Holder.invokeStatic(java.lang.Object, java.lang.Object, java.lang.Object)'> (0x0000000732592e40) 
thrown [s\open\src\hotspot\share\interpreter\linkResolver.cpp, line 774]
Event: 10.063 Thread 0x00000172fbfd1970 Exception <a 'java/lang/NoSuchMethodError'{0x0000000732345808}: 'java.lang.Object java.lang.invoke.DirectMethodHandle$Holder.invokeSpecialIFC(java.lang.Object, java.lang.Object, java.lang.Object, java.lang.Object)'> (0x0000000732345808) 
thrown [s\open\src\hotspot\share\interpreter\linkResolver.cpp, line 774]
Event: 14.639 Thread 0x00000172fbfd1970 Exception <a 'java/lang/NoSuchMethodError'{0x0000000731cb8ce0}: 'void java.lang.invoke.DirectMethodHandle$Holder.invokeSpecial(java.lang.Object, java.lang.Object, java.lang.Object)'> (0x0000000731cb8ce0) 
thrown [s\open\src\hotspot\share\interpreter\linkResolver.cpp, line 774]
Event: 15.530 Thread 0x00000172fbfd1970 Exception <a 'java/lang/NoSuchMethodError'{0x0000000731df9588}: 'java.lang.Object java.lang.invoke.DirectMethodHandle$Holder.invokeInterface(java.lang.Object, java.lang.Object)'> (0x0000000731df9588) 
thrown [s\open\src\hotspot\share\interpreter\linkResolver.cpp, line 774]
Event: 15.744 Thread 0x00000172fbfd1970 Exception <a 'java/lang/NoSuchMethodError'{0x0000000731a8b788}: 'int java.lang.invoke.DirectMethodHandle$Holder.invokeStatic(java.lang.Object, java.lang.Object, java.lang.Object, java.lang.Object)'> (0x0000000731a8b788) 
thrown [s\open\src\hotspot\share\interpreter\linkResolver.cpp, line 774]
Event: 15.746 Thread 0x00000172fbfd1970 Exception <a 'java/lang/NoSuchMethodError'{0x0000000731a8ee48}: 'java.lang.Object java.lang.invoke.Invokers$Holder.invokeExact_MT(java.lang.Object, java.lang.Object, java.lang.Object, java.lang.Object, java.lang.Object, java.lang.Object)'> (0x0000000731a8ee48) 
thrown [s\open\src\hotspot\share\interpreter\linkResolver.cpp, line 774]
Event: 15.752 Thread 0x00000172fbfd1970 Exception <a 'java/lang/NoSuchMethodError'{0x0000000731a9d8b8}: 'int java.lang.invoke.DirectMethodHandle$Holder.invokeSpecialIFC(java.lang.Object, java.lang.Object, java.lang.Object, java.lang.Object, java.lang.Object)'> (0x0000000731a9d8b8) 
thrown [s\open\src\hotspot\share\interpreter\linkResolver.cpp, line 774]
Event: 18.368 Thread 0x00000172fbfd1970 Exception <a 'java/lang/NoSuchMethodError'{0x0000000731813a58}: 'java.lang.Object java.lang.invoke.DirectMethodHandle$Holder.newInvokeSpecial(java.lang.Object, java.lang.Object, java.lang.Object, java.lang.Object, java.lang.Object)'> (0x0000000731813a58) 
thrown [s\open\src\hotspot\share\interpreter\linkResolver.cpp, line 774]
Event: 20.033 Thread 0x00000172fbfd1970 Exception <a 'java/lang/NoSuchMethodError'{0x0000000731909e08}: 'int java.lang.invoke.DirectMethodHandle$Holder.invokeStaticInit(java.lang.Object, java.lang.Object)'> (0x0000000731909e08) 
thrown [s\open\src\hotspot\share\interpreter\linkResolver.cpp, line 774]
Event: 20.140 Thread 0x00000172fbfd1970 Exception <a 'java/lang/NoClassDefFoundError'{0x000000073193dfa0}: javax/enterprise/inject/Typed> (0x000000073193dfa0) 
thrown [s\open\src\hotspot\share\classfile\systemDictionary.cpp, line 302]

ZGC Phase Switch (0 events):
No events

VM Operations (20 events):
Event: 8.786 Executing VM operation: HandshakeAllThreads (Deoptimize)
Event: 8.786 Executing VM operation: HandshakeAllThreads (Deoptimize) done
Event: 9.788 Executing VM operation: Cleanup
Event: 9.788 Executing VM operation: Cleanup done
Event: 10.790 Executing VM operation: Cleanup
Event: 10.963 Executing VM operation: Cleanup done
Event: 11.976 Executing VM operation: Cleanup
Event: 11.976 Executing VM operation: Cleanup done
Event: 12.981 Executing VM operation: Cleanup
Event: 13.015 Executing VM operation: Cleanup done
Event: 14.017 Executing VM operation: Cleanup
Event: 14.017 Executing VM operation: Cleanup done
Event: 15.020 Executing VM operation: Cleanup
Event: 15.020 Executing VM operation: Cleanup done
Event: 16.033 Executing VM operation: Cleanup
Event: 16.033 Executing VM operation: Cleanup done
Event: 19.054 Executing VM operation: Cleanup
Event: 19.841 Executing VM operation: Cleanup done
Event: 20.385 Executing VM operation: G1CollectForAllocation (G1 Evacuation Pause)
Event: 20.468 Executing VM operation: G1CollectForAllocation (G1 Evacuation Pause) done

Events (11 events):
Event: 3.102 Thread 0x00000172fbfd1970 Thread added: 0x00000172fbfd1970
Event: 3.125 Thread 0x000001729cd1aa00 Thread added: 0x000001729cd1aa00
Event: 3.125 Thread 0x000001729cd1b820 Thread added: 0x000001729cd1b820
Event: 3.125 Thread 0x000001729cd1e600 Thread added: 0x000001729cd1e600
Event: 3.125 Thread 0x000001729cd1f260 Thread added: 0x000001729cd1f260
Event: 3.125 Thread 0x000001729cd21dd0 Thread added: 0x000001729cd21dd0
Event: 3.125 Thread 0x000001729cd22830 Thread added: 0x000001729cd22830
Event: 3.125 Thread 0x000001729cd275d0 Thread added: 0x000001729cd275d0
Event: 3.141 Thread 0x000001729cd28830 Thread added: 0x000001729cd28830
Event: 3.183 Thread 0x00000172e205e470 Thread added: 0x00000172e205e470
Event: 3.186 Thread 0x00000172e2063310 Thread added: 0x00000172e2063310


Dynamic libraries:
0x00007ff7ed1d0000 - 0x00007ff7ed1e0000 	C:\Program Files\Java\jdk-22\bin\java.exe
0x00007ffc3f9d0000 - 0x00007ffc3fbe7000 	C:\WINDOWS\SYSTEM32\ntdll.dll
0x00007ffc3e920000 - 0x00007ffc3e9e4000 	C:\WINDOWS\System32\KERNEL32.DLL
0x00007ffc3cf80000 - 0x00007ffc3d327000 	C:\WINDOWS\System32\KERNELBASE.dll
0x00007ffc3ce60000 - 0x00007ffc3cf71000 	C:\WINDOWS\System32\ucrtbase.dll
0x00007ffbf78f0000 - 0x00007ffbf790b000 	C:\Program Files\Java\jdk-22\bin\VCRUNTIME140.dll
0x00007ffc0f400000 - 0x00007ffc0f417000 	C:\Program Files\Java\jdk-22\bin\jli.dll
0x00007ffc3e9f0000 - 0x00007ffc3eaa2000 	C:\WINDOWS\System32\ADVAPI32.dll
0x00007ffc3eab0000 - 0x00007ffc3eb57000 	C:\WINDOWS\System32\msvcrt.dll
0x00007ffc3dbc0000 - 0x00007ffc3dc68000 	C:\WINDOWS\System32\sechost.dll
0x00007ffc3ce30000 - 0x00007ffc3ce58000 	C:\WINDOWS\System32\bcrypt.dll
0x00007ffc3f650000 - 0x00007ffc3f765000 	C:\WINDOWS\System32\RPCRT4.dll
0x00007ffc3e520000 - 0x00007ffc3e6ce000 	C:\WINDOWS\System32\USER32.dll
0x00007ffc3d4c0000 - 0x00007ffc3d4e6000 	C:\WINDOWS\System32\win32u.dll
0x00007ffc3db70000 - 0x00007ffc3db99000 	C:\WINDOWS\System32\GDI32.dll
0x00007ffc3d3a0000 - 0x00007ffc3d4b9000 	C:\WINDOWS\System32\gdi32full.dll
0x00007ffc3d4f0000 - 0x00007ffc3d58a000 	C:\WINDOWS\System32\msvcp_win.dll
0x00007ffc10350000 - 0x00007ffc105e3000 	C:\WINDOWS\WinSxS\amd64_microsoft.windows.common-controls_6595b64144ccf1df_6.0.22621.3527_none_270e469b73872a76\COMCTL32.dll
0x00007ffc343d0000 - 0x00007ffc343da000 	C:\WINDOWS\SYSTEM32\VERSION.dll
0x00007ffc3f2b0000 - 0x00007ffc3f2e1000 	C:\WINDOWS\System32\IMM32.DLL
0x00007ffc0e880000 - 0x00007ffc0e88c000 	C:\Program Files\Java\jdk-22\bin\vcruntime140_1.dll
0x00007ffbd0ad0000 - 0x00007ffbd0b5e000 	C:\Program Files\Java\jdk-22\bin\msvcp140.dll
0x00007ffba99a0000 - 0x00007ffbaa6e8000 	C:\Program Files\Java\jdk-22\bin\server\jvm.dll
0x00007ffc3e6d0000 - 0x00007ffc3e741000 	C:\WINDOWS\System32\WS2_32.dll
0x00007ffc3cbb0000 - 0x00007ffc3cbfd000 	C:\WINDOWS\SYSTEM32\POWRPROF.dll
0x00007ffc345c0000 - 0x00007ffc345f4000 	C:\WINDOWS\SYSTEM32\WINMM.dll
0x00007ffc3cb90000 - 0x00007ffc3cba3000 	C:\WINDOWS\SYSTEM32\UMPDC.dll
0x00007ffc3bcd0000 - 0x00007ffc3bce8000 	C:\WINDOWS\SYSTEM32\kernel.appcore.dll
0x00007ffbf77d0000 - 0x00007ffbf77da000 	C:\Program Files\Java\jdk-22\bin\jimage.dll
0x00007ffc3a670000 - 0x00007ffc3a8a2000 	C:\WINDOWS\SYSTEM32\DBGHELP.DLL
0x00007ffc3d700000 - 0x00007ffc3da88000 	C:\WINDOWS\System32\combase.dll
0x00007ffc3da90000 - 0x00007ffc3db67000 	C:\WINDOWS\System32\OLEAUT32.dll
0x00007ffc2a930000 - 0x00007ffc2a962000 	C:\WINDOWS\SYSTEM32\dbgcore.DLL
0x00007ffc3cdb0000 - 0x00007ffc3ce29000 	C:\WINDOWS\System32\bcryptPrimitives.dll
0x00007ffbf78d0000 - 0x00007ffbf78ee000 	C:\Program Files\Java\jdk-22\bin\java.dll
0x00007ffc3dc70000 - 0x00007ffc3e4cc000 	C:\WINDOWS\System32\SHELL32.dll
0x00007ffc3f2f0000 - 0x00007ffc3f495000 	C:\WINDOWS\System32\ole32.dll
0x00007ffc3abe0000 - 0x00007ffc3b4d6000 	C:\WINDOWS\SYSTEM32\windows.storage.dll
0x00007ffc3aaa0000 - 0x00007ffc3abde000 	C:\WINDOWS\SYSTEM32\wintypes.dll
0x00007ffc3ed30000 - 0x00007ffc3ee25000 	C:\WINDOWS\System32\SHCORE.dll
0x00007ffc3ec60000 - 0x00007ffc3ecbe000 	C:\WINDOWS\System32\shlwapi.dll
0x00007ffc3cc20000 - 0x00007ffc3cc41000 	C:\WINDOWS\SYSTEM32\profapi.dll
0x00007ffbdd120000 - 0x00007ffbdd1f7000 	C:\Program Files\Java\jdk-22\bin\jsvml.dll
0x00007ffbf77c0000 - 0x00007ffbf77d0000 	C:\Program Files\Java\jdk-22\bin\net.dll
0x00007ffc3c130000 - 0x00007ffc3c199000 	C:\WINDOWS\system32\mswsock.dll
0x00007ffbdd100000 - 0x00007ffbdd116000 	C:\Program Files\Java\jdk-22\bin\nio.dll
0x00007ffbdd0e0000 - 0x00007ffbdd0f7000 	C:\Program Files\Java\jdk-22\bin\zip.dll
0x0000000069ac0000 - 0x0000000069ae4000 	C:\Program Files\NetBeans-21\netbeans\java\maven\lib\jansi-native\Windows\x86_64\jansi.dll
0x00007ffbf77b0000 - 0x00007ffbf77c0000 	C:\Program Files\Java\jdk-22\bin\verify.dll

dbghelp: loaded successfully - version: 4.0.5 - missing functions: none
symbol engine: initialized successfully - sym options: 0x614 - pdb path: .;C:\Program Files\Java\jdk-22\bin;C:\WINDOWS\SYSTEM32;C:\WINDOWS\WinSxS\amd64_microsoft.windows.common-controls_6595b64144ccf1df_6.0.22621.3527_none_270e469b73872a76;C:\Program Files\Java\jdk-22\bin\server;C:\Program Files\NetBeans-21\netbeans\java\maven\lib\jansi-native\Windows\x86_64

VM Arguments:
jvm_args: -Dclassworlds.conf=C:\Program Files\NetBeans-21\netbeans\java\maven\bin\m2.conf -Dmaven.home=C:\Program Files\NetBeans-21\netbeans\java\maven -Dlibrary.jansi.path=C:\Program Files\NetBeans-21\netbeans\java\maven\lib\jansi-native -Dmaven.multiModuleProjectDirectory=C:\Users\ADMIN\OneDrive\Documents\GitHub\Management_Project_Java\mavenproject1 
java_command: org.codehaus.plexus.classworlds.launcher.Launcher -Dexec.vmArgs=--enable-preview -Dexec.args=${exec.vmArgs} -classpath %classpath ${exec.mainClass} ${exec.appArgs} -Dexec.appArgs= -Dexec.mainClass=GUI.Login -Dexec.executable=C:\Program Files\Java\jdk-22\bin\java.exe -Dmaven.ext.class.path=C:\Program Files\NetBeans-21\netbeans\java\maven-nblib\netbeans-eventspy.jar --no-transfer-progress process-classes org.codehaus.mojo:exec-maven-plugin:3.1.0:exec
java_class_path (initial): C:\Program Files\NetBeans-21\netbeans\java\maven\boot\plexus-classworlds-2.7.0.jar
Launcher Type: SUN_STANDARD

[Global flags]
     intx CICompilerCount                          = 4                                         {product} {ergonomic}
     uint ConcGCThreads                            = 3                                         {product} {ergonomic}
     uint G1ConcRefinementThreads                  = 10                                        {product} {ergonomic}
   size_t G1HeapRegionSize                         = 2097152                                   {product} {ergonomic}
   size_t InitialHeapSize                          = 230686720                                 {product} {ergonomic}
   size_t MarkStackSize                            = 4194304                                   {product} {ergonomic}
   size_t MaxHeapSize                              = 3676307456                                {product} {ergonomic}
   size_t MaxNewSize                               = 2204106752                                {product} {ergonomic}
   size_t MinHeapDeltaBytes                        = 2097152                                   {product} {ergonomic}
   size_t MinHeapSize                              = 8388608                                   {product} {ergonomic}
    uintx NonNMethodCodeHeapSize                   = 5839372                                {pd product} {ergonomic}
    uintx NonProfiledCodeHeapSize                  = 122909434                              {pd product} {ergonomic}
    uintx ProfiledCodeHeapSize                     = 122909434                              {pd product} {ergonomic}
    uintx ReservedCodeCacheSize                    = 251658240                              {pd product} {ergonomic}
     bool SegmentedCodeCache                       = true                                      {product} {ergonomic}
   size_t SoftMaxHeapSize                          = 3676307456                             {manageable} {ergonomic}
     bool UseCompressedOops                        = true                           {product lp64_product} {ergonomic}
     bool UseG1GC                                  = true                                      {product} {ergonomic}
     bool UseLargePagesIndividualAllocation        = false                                  {pd product} {ergonomic}

Logging:
Log output configuration:
 #0: stdout all=warning uptime,level,tags foldmultilines=false
 #1: stderr all=off uptime,level,tags foldmultilines=false

Environment Variables:
JAVA_HOME=C:\Program Files\Java\jdk-22
PATH=C:\Program Files (x86)\VMware\VMware Workstation\bin\;C:\Program Files\Common Files\Oracle\Java\javapath;C:\Program Files (x86)\Common Files\Oracle\Java\javapath;C:\Windows\system32;C:\Windows;C:\Windows\System32\Wbem;C:\Windows\System32\WindowsPowerShell\v1.0\;C:\Windows\System32\OpenSSH\;C:\Program Files (x86)\NVIDIA Corporation\PhysX\Common;C:\Program Files\NVIDIA Corporation\NVIDIA NvDLISR;C:\msys64\mingw64\bin;C:\WINDOWS\system32;C:\WINDOWS;C:\WINDOWS\System32\Wbem;C:\WINDOWS\System32\WindowsPowerShell\v1.0\;C:\WINDOWS\System32\OpenSSH\;C:\Program Files (x86)\Microsoft SQL Server\110\Tools\Binn\;C:\Program Files\Microsoft SQL Server\110\Tools\Binn\;C:\Program Files\Microsoft SQL Server\110\DTS\Binn\;C:\Program Files (x86)\Microsoft SQL Server\110\Tools\Binn\ManagementStudio\;C:\Program Files (x86)\Microsoft SQL Server\110\DTS\Binn\;C:\Program Files\Microsoft SQL Server\150\Tools\Binn\;C:\Program Files\Microsoft SQL Server\Client SDK\ODBC\170\Tools\Binn\;C:\Program Files\dotnet\;C:\Program Files\Git\cmd;C:\Users\ADMIN\AppData\Local\Programs\Python\Python312\Scripts\;C:\Users\ADMIN\AppData\Local\Programs\Python\Python312\;C:\Users\ADMIN\AppData\Local\Programs\Python\Launcher\;C:\Users\ADMIN\AppData\Local\Microsoft\WindowsApps;C:\Users\ADMIN\.dotnet\tools;C:\Users\ADMIN\AppData\Local\Programs\Microsoft VS Code\bin;C:\Users\ADMIN\AppData\Local\GitHubDesktop\bin;C:\Program Files\Java\jdk-22\bin;
USERNAME=ADMIN
OS=Windows_NT
PROCESSOR_IDENTIFIER=AMD64 Family 25 Model 68 Stepping 1, AuthenticAMD
TMP=C:\Users\ADMIN\AppData\Local\Temp
TEMP=C:\Users\ADMIN\AppData\Local\Temp




Periodic native trim disabled

---------------  S Y S T E M  ---------------

OS:
 Windows 11 , 64 bit Build 22621 (10.0.22621.3527)
OS uptime: 1 days 1:44 hours
Hyper-V role detected

CPU: total 12 (initial active 12) (12 cores per cpu, 2 threads per core) family 25 model 68 stepping 1 microcode 0x0, cx8, cmov, fxsr, ht, mmx, 3dnowpref, sse, sse2, sse3, ssse3, sse4a, sse4.1, sse4.2, popcnt, lzcnt, tsc, tscinvbit, avx, avx2, aes, erms, clmul, bmi1, bmi2, adx, sha, fma, vzeroupper, clflush, clflushopt, hv, rdtscp, rdpid, fsrm, f16c, cet_ss
Processor Information for all 12 processors :
  Max Mhz: 3301, Current Mhz: 3301, Mhz Limit: 3301

Memory: 4k page, system-wide physical 14020M (1086M free)
TotalPageFile size 57028M (AvailPageFile size 2339M)
current process WorkingSet (physical memory assigned to process): 68M, peak: 79M
current process commit charge ("private bytes"): 321M, peak: 322M

vm_info: Java HotSpot(TM) 64-Bit Server VM (22+36-2370) for windows-amd64 JRE (22+36-2370), built on 2024-02-15T22:15:19Z by "mach5one" with MS VC++ 17.6 (VS2022)

END.
