#
# There is insufficient memory for the Java Runtime Environment to continue.
# Native memory allocation (mmap) failed to map 65536 bytes. Error detail: Failed to commit metaspace.
# Possible reasons:
#   The system is out of physical RAM or swap space
#   This process is running with CompressedOops enabled, and the Java Heap may be blocking the growth of the native heap
# Possible solutions:
#   Reduce memory load on the system
#   Increase physical memory or swap space
#   Check if swap backing store is full
#   Decrease Java heap size (-Xmx/-Xms)
#   Decrease number of Java threads
#   Decrease Java thread stack sizes (-Xss)
#   Set larger code cache with -XX:ReservedCodeCacheSize=
#   JVM is running with Zero Based Compressed Oops mode in which the Java heap is
#     placed in the first 32GB address space. The Java Heap base address is the
#     maximum limit for the native heap growth. Please use -XX:HeapBaseMinAddress
#     to set the Java Heap base and to place the Java Heap above 32GB virtual address.
# This output file may be truncated or incomplete.
#
#  Out of Memory Error (virtualSpaceNode.cpp:112), pid=33376, tid=33488
#
# JRE version: Java(TM) SE Runtime Environment (22.0+36) (build 22+36-2370)
# Java VM: Java HotSpot(TM) 64-Bit Server VM (22+36-2370, mixed mode, sharing, tiered, compressed oops, compressed class ptrs, g1 gc, windows-amd64)
# No core dump will be written. Minidumps are not enabled by default on client versions of Windows
#

---------------  S U M M A R Y ------------

Command Line: -Dclassworlds.conf=C:\Program Files\NetBeans-21\netbeans\java\maven\bin\m2.conf -Dmaven.home=C:\Program Files\NetBeans-21\netbeans\java\maven -Dlibrary.jansi.path=C:\Program Files\NetBeans-21\netbeans\java\maven\lib\jansi-native -Dmaven.multiModuleProjectDirectory=C:\Users\ADMIN\OneDrive\Documents\GitHub\Management_Project_Java\mavenproject1 org.codehaus.plexus.classworlds.launcher.Launcher -Dexec.vmArgs=--enable-preview -Dexec.args=${exec.vmArgs} -classpath %classpath ${exec.mainClass} ${exec.appArgs} -Dexec.appArgs= -Dexec.mainClass=GUI.Login -Dexec.executable=C:\Program Files\Java\jdk-22\bin\java.exe -Dmaven.ext.class.path=C:\Program Files\NetBeans-21\netbeans\java\maven-nblib\netbeans-eventspy.jar --no-transfer-progress process-classes org.codehaus.mojo:exec-maven-plugin:3.1.0:exec

Host: AMD Ryzen 5 6600HS Creator Edition             , 12 cores, 13G,  Windows 11 , 64 bit Build 22621 (10.0.22621.3527)
Time: Thu May 16 16:18:44 2024 SE Asia Standard Time elapsed time: 47.029243 seconds (0d 0h 0m 47s)

---------------  T H R E A D  ---------------

Current thread (0x0000016488e8f710):  JavaThread "main"             [_thread_in_vm, id=33488, stack(0x0000001ab8200000,0x0000001ab8300000) (1024K)]

Stack: [0x0000001ab8200000,0x0000001ab8300000]
Native frames: (J=compiled Java code, j=interpreted, Vv=VM code, C=native code)
V  [jvm.dll+0x6e2349]  (no source info available)
V  [jvm.dll+0x874ed3]  (no source info available)
V  [jvm.dll+0x8772fe]  (no source info available)
V  [jvm.dll+0x8779d3]  (no source info available)
V  [jvm.dll+0x27fcb6]  (no source info available)
V  [jvm.dll+0x870b1e]  (no source info available)
V  [jvm.dll+0x6853b5]  (no source info available)
V  [jvm.dll+0x68541a]  (no source info available)
V  [jvm.dll+0x687c5a]  (no source info available)
V  [jvm.dll+0x22509c]  (no source info available)
V  [jvm.dll+0x685dce]  (no source info available)
V  [jvm.dll+0x6974aa]  (no source info available)
V  [jvm.dll+0x690332]  (no source info available)
V  [jvm.dll+0x243b71]  (no source info available)
V  [jvm.dll+0x2446b9]  (no source info available)
V  [jvm.dll+0x243d69]  (no source info available)
V  [jvm.dll+0x3daffc]  (no source info available)
V  [jvm.dll+0x3daded]  (no source info available)
C  0x000001649a9a56f4  (no source info available)

The last pc belongs to goto (printed below).
Java frames: (J=compiled Java code, j=interpreted, Vv=VM code)
j  java.util.regex.Matcher.search(I)Z+46 java.base@22
j  java.util.regex.Matcher.find()Z+65 java.base@22
j  java.util.regex.Pattern.split(Ljava/lang/CharSequence;IZ)[Ljava/lang/String;+35 java.base@22
j  java.util.regex.Pattern.split(Ljava/lang/CharSequence;I)[Ljava/lang/String;+4 java.base@22
j  java.lang.String.split(Ljava/lang/String;IZ)[Ljava/lang/String;+144 java.base@22
j  java.lang.String.split(Ljava/lang/String;)[Ljava/lang/String;+4 java.base@22
j  sun.util.cldr.CLDRLocaleProviderAdapter.createLanguageTagSet(Ljava/lang/String;)Ljava/util/Set;+75 java.base@22
j  sun.util.locale.provider.JRELocaleProviderAdapter.getLanguageTagSet(Ljava/lang/String;)Ljava/util/Set;+20 java.base@22
j  sun.util.locale.provider.JRELocaleProviderAdapter.lambda$getCalendarProvider$11()Lsun/util/spi/CalendarProvider;+12 java.base@22
j  sun.util.locale.provider.JRELocaleProviderAdapter$$Lambda+0x800000068.run()Ljava/lang/Object;+4 java.base@22
j  java.security.AccessController.executePrivileged(Ljava/security/PrivilegedAction;Ljava/security/AccessControlContext;Ljava/lang/Class;)Ljava/lang/Object;+29 java.base@22
j  java.security.AccessController.doPrivileged(Ljava/security/PrivilegedAction;)Ljava/lang/Object;+5 java.base@22
j  sun.util.locale.provider.JRELocaleProviderAdapter.getCalendarProvider()Lsun/util/spi/CalendarProvider;+13 java.base@22
j  sun.util.locale.provider.JRELocaleProviderAdapter.getLocaleServiceProvider(Ljava/lang/Class;)Ljava/util/spi/LocaleServiceProvider;+432 java.base@22
j  sun.util.locale.provider.LocaleProviderAdapter.findAdapter(Ljava/lang/Class;Ljava/util/Locale;)Lsun/util/locale/provider/LocaleProviderAdapter;+42 java.base@22
j  sun.util.locale.provider.LocaleProviderAdapter.getAdapter(Ljava/lang/Class;Ljava/util/Locale;)Lsun/util/locale/provider/LocaleProviderAdapter;+55 java.base@22
j  java.util.Calendar.createCalendar(Ljava/util/TimeZone;Ljava/util/Locale;)Ljava/util/Calendar;+3 java.base@22
j  java.util.Calendar.getInstance(Ljava/util/Locale;)Ljava/util/Calendar;+5 java.base@22
j  java.text.SimpleDateFormat.initializeCalendar(Ljava/util/Locale;)V+27 java.base@22
j  java.text.SimpleDateFormat.<init>(Ljava/lang/String;Ljava/util/Locale;)V+43 java.base@22
j  org.eclipse.sisu.plexus.PlexusDateTypeConverter.<clinit>()V+15
v  ~StubRoutines::call_stub 0x000001649a99100d
j  org.codehaus.plexus.DefaultPlexusContainer$DefaultsModule.<init>(Lorg/codehaus/plexus/DefaultPlexusContainer;)V+25
j  org.codehaus.plexus.DefaultPlexusContainer.<init>(Lorg/codehaus/plexus/ContainerConfiguration;[Lcom/google/inject/Module;)V+78
j  org.apache.maven.cli.MavenCli.container(Lorg/apache/maven/cli/CliRequest;)Lorg/codehaus/plexus/PlexusContainer;+279
j  org.apache.maven.cli.MavenCli.doMain(Lorg/apache/maven/cli/CliRequest;)I+34
j  org.apache.maven.cli.MavenCli.main([Ljava/lang/String;Lorg/codehaus/plexus/classworlds/ClassWorld;)I+24
j  java.lang.invoke.DirectMethodHandle$Holder.invokeStatic(Ljava/lang/Object;Ljava/lang/Object;Ljava/lang/Object;)I+11 java.base@22
j  java.lang.invoke.LambdaForm$MH+0x00000164ab009400.invoke(Ljava/lang/Object;Ljava/lang/Object;Ljava/lang/Object;Ljava/lang/Object;)Ljava/lang/Object;+54 java.base@22
j  java.lang.invoke.LambdaForm$MH+0x00000164ab009800.invokeExact_MT(Ljava/lang/Object;Ljava/lang/Object;Ljava/lang/Object;Ljava/lang/Object;Ljava/lang/Object;)Ljava/lang/Object;+22 java.base@22
j  jdk.internal.reflect.DirectMethodHandleAccessor.invokeImpl(Ljava/lang/Object;[Ljava/lang/Object;)Ljava/lang/Object;+72 java.base@22
j  jdk.internal.reflect.DirectMethodHandleAccessor.invoke(Ljava/lang/Object;[Ljava/lang/Object;)Ljava/lang/Object;+23 java.base@22
j  java.lang.reflect.Method.invoke(Ljava/lang/Object;[Ljava/lang/Object;)Ljava/lang/Object;+102 java.base@22
j  org.codehaus.plexus.classworlds.launcher.Launcher.launchEnhanced([Ljava/lang/String;)V+45
j  org.codehaus.plexus.classworlds.launcher.Launcher.launch([Ljava/lang/String;)V+2
j  org.codehaus.plexus.classworlds.launcher.Launcher.mainWithExitCode([Ljava/lang/String;)I+108
j  org.codehaus.plexus.classworlds.launcher.Launcher.main([Ljava/lang/String;)V+1
v  ~StubRoutines::call_stub 0x000001649a99100d
goto  167 goto  [0x000001649a9a5500, 0x000001649a9a5810]  784 bytes
[MachCode]
  0x000001649a9a5500: 4883 ec08 | c5fa 1104 | 24eb 1f48 | 83ec 10c5 | fb11 0424 | eb14 4883 | ec10 4889 | 0424 48c7 
  0x000001649a9a5520: 4424 0800 | 0000 00eb | 0150 488b | 4de8 488b | 45d8 4885 | c00f 8418 | 0000 0048 | 8b58 0848 
  0x000001649a9a5540: 83c3 0148 | 83db 0048 | 8958 0848 | 0340 1048 | 8945 d841 | 0fbf 5501 | 0fca c1fa | 1048 63d2 
  0x000001649a9a5560: 4c03 ea85 | d20f 8900 | 0100 0048 | 8b41 1848 | 85c0 0f85 | b400 0000 | 5251 e805 | 0000 00e9 
  0x000001649a9a5580: 9900 0000 | 488b d148 | 8d44 2408 | 4c89 6dc0 | 498b cfc5 | f877 4989 | afb0 0300 | 0049 8987 
  0x000001649a9a55a0: a003 0000 | 4883 ec20 | 40f6 c40f | 0f84 1900 | 0000 4883 | ec08 48b8 | f0a2 d7a9 | fb7f 0000 
  0x000001649a9a55c0: ffd0 4883 | c408 e90c | 0000 0048 | b8f0 a2d7 | a9fb 7f00 | 00ff d048 | 83c4 2049 | c787 a003 
  0x000001649a9a55e0: 0000 0000 | 0000 49c7 | 87b0 0300 | 0000 0000 | 0049 c787 | a803 0000 | 0000 0000 | c5f8 7749 
  0x000001649a9a5600: 837f 0800 | 0f84 0500 | 0000 e9f1 | b8fe ff4c | 8b6d c04c | 8b75 c84e | 8d74 f500 | c359 5a48 
  0x000001649a9a5620: 8b41 1848 | 85c0 0f84 | 3f00 0000 | 488b 5910 | 4885 db74 | 208b 83d0 | 0000 0083 | c002 8983 
  0x000001649a9a5640: d000 0000 | 2383 e400 | 0000 0f84 | 4400 0000 | e916 0000 | 0048 8b49 | 188b 410c | 83c0 0289 
  0x000001649a9a5660: 410c 2341 | 200f 8429 | 0000 0041 | 0fb6 5d00 | 41f6 8758 | 0400 0001 | 740c 49ba | f0b1 62aa 
  0x000001649a9a5680: fb7f 0000 | eb0a 49ba | f011 62aa | fb7f 0000 | 41ff 24da | 48f7 da49 | 03d5 e805 | 0000 00e9 
  0x000001649a9a56a0: 9600 0000 | 488d 4424 | 084c 896d | c049 8bcf | c5f8 7749 | 89af b003 | 0000 4989 | 87a0 0300 
  0x000001649a9a56c0: 0048 83ec | 2040 f6c4 | 0f0f 8419 | 0000 0048 | 83ec 0848 | b8d0 add7 | a9fb 7f00 | 00ff d048 
  0x000001649a9a56e0: 83c4 08e9 | 0c00 0000 | 48b8 d0ad | d7a9 fb7f | 0000 ffd0 | 4883 c420 | 49c7 87a0 | 0300 0000 
  0x000001649a9a5700: 0000 0049 | c787 b003 | 0000 0000 | 0000 49c7 | 87a8 0300 | 0000 0000 | 00c5 f877 | 4983 7f08 
  0x000001649a9a5720: 000f 8405 | 0000 00e9 | d4b7 feff | 4c8b 6dc0 | 4c8b 75c8 | 4e8d 74f5 | 00c3 4885 | c00f 8428 
  0x000001649a9a5740: ffff ff80 | b850 0100 | 0000 0f85 | 1bff ffff | 488b d8e8 | 0500 0000 | e996 0000 | 0048 8d44 
  0x000001649a9a5760: 2408 4c89 | 6dc0 498b | cfc5 f877 | 4989 afb0 | 0300 0049 | 8987 a003 | 0000 4883 | ec20 40f6 
  0x000001649a9a5780: c40f 0f84 | 1900 0000 | 4883 ec08 | 48b8 609e | 0eaa fb7f | 0000 ffd0 | 4883 c408 | e90c 0000 
  0x000001649a9a57a0: 0048 b860 | 9e0e aafb | 7f00 00ff | d048 83c4 | 2049 c787 | a003 0000 | 0000 0000 | 49c7 87b0 
  0x000001649a9a57c0: 0300 0000 | 0000 0049 | c787 a803 | 0000 0000 | 0000 c5f8 | 7749 837f | 0800 0f84 | 0500 0000 
  0x000001649a9a57e0: e91b b7fe | ff4c 8b6d | c04c 8b75 | c84e 8d74 | f500 c348 | 8bd0 4c8b | 45f8 c941 | 5949 8be0 
  0x000001649a9a5800: 4883 e4f0 | 4151 ffa3 | f000 0000 | 0f1f 4000 
[/MachCode]

---------------  P R O C E S S  ---------------

Threads class SMR info:
_java_thread_list=0x00000164a9ccae40, length=11, elements={
0x0000016488e8f710, 0x00000164a9a92830, 0x00000164a9a93be0, 0x00000164a9a997d0,
0x00000164a9a95e00, 0x00000164a9a96860, 0x00000164a9a972c0, 0x00000164a9a9a710,
0x00000164a9c0c4b0, 0x00000164a9ce9f40, 0x00000164a9ceede0
}

Java Threads: ( => current thread )
=>0x0000016488e8f710 JavaThread "main"                              [_thread_in_vm, id=33488, stack(0x0000001ab8200000,0x0000001ab8300000) (1024K)]
  0x00000164a9a92830 JavaThread "Reference Handler"          daemon [_thread_blocked, id=35516, stack(0x0000001ab8b00000,0x0000001ab8c00000) (1024K)]
  0x00000164a9a93be0 JavaThread "Finalizer"                  daemon [_thread_blocked, id=35520, stack(0x0000001ab8c00000,0x0000001ab8d00000) (1024K)]
  0x00000164a9a997d0 JavaThread "Signal Dispatcher"          daemon [_thread_blocked, id=35524, stack(0x0000001ab8d00000,0x0000001ab8e00000) (1024K)]
  0x00000164a9a95e00 JavaThread "Attach Listener"            daemon [_thread_blocked, id=35528, stack(0x0000001ab8e00000,0x0000001ab8f00000) (1024K)]
  0x00000164a9a96860 JavaThread "Service Thread"             daemon [_thread_blocked, id=35532, stack(0x0000001ab8f00000,0x0000001ab9000000) (1024K)]
  0x00000164a9a972c0 JavaThread "Monitor Deflation Thread"   daemon [_thread_blocked, id=35536, stack(0x0000001ab9000000,0x0000001ab9100000) (1024K)]
  0x00000164a9a9a710 JavaThread "C2 CompilerThread0"         daemon [_thread_blocked, id=35540, stack(0x0000001ab9100000,0x0000001ab9200000) (1024K)]
  0x00000164a9c0c4b0 JavaThread "C1 CompilerThread0"         daemon [_thread_in_vm, id=35616, stack(0x0000001ab9200000,0x0000001ab9300000) (1024K)]
  0x00000164a9ce9f40 JavaThread "Notification Thread"        daemon [_thread_blocked, id=35752, stack(0x0000001ab9300000,0x0000001ab9400000) (1024K)]
  0x00000164a9ceede0 JavaThread "Common-Cleaner"             daemon [_thread_blocked, id=35756, stack(0x0000001ab9400000,0x0000001ab9500000) (1024K)]
Total: 11

Other Threads:
  0x00000164a9a71b40 VMThread "VM Thread"                           [id=35436, stack(0x0000001ab8a00000,0x0000001ab8b00000) (1024K)] _threads_hazard_ptr=0x00000164a9ccae40
  0x00000164a9a59f60 WatcherThread "VM Periodic Task Thread"        [id=35432, stack(0x0000001ab8900000,0x0000001ab8a00000) (1024K)]
  0x000001648b17d9c0 WorkerThread "GC Thread#0"                     [id=33580, stack(0x0000001ab8400000,0x0000001ab8500000) (1024K)]
  0x000001648b18c3c0 ConcurrentGCThread "G1 Main Marker"            [id=33584, stack(0x0000001ab8500000,0x0000001ab8600000) (1024K)]
  0x000001648b18cf80 WorkerThread "G1 Conc#0"                       [id=33588, stack(0x0000001ab8600000,0x0000001ab8700000) (1024K)]
  0x000001648b1de5b0 ConcurrentGCThread "G1 Refine#0"               [id=33592, stack(0x0000001ab8700000,0x0000001ab8800000) (1024K)]
  0x00000164a992d6b0 ConcurrentGCThread "G1 Service"                [id=33596, stack(0x0000001ab8800000,0x0000001ab8900000) (1024K)]
Total: 7

Threads with active compile tasks:
C1 CompilerThread0  75979  609       3       java.util.Arrays::copyOf (40 bytes)
Total: 1

VM state: synchronizing (normal execution)

VM Mutex/Monitor currently owned by a thread:  ([mutex/lock_event])
[0x00007ffbaa60ab48] Metaspace_lock - owner thread: 0x0000016488e8f710
[0x00007ffbaa60cbc8] Threads_lock - owner thread: 0x00000164a9a71b40

Heap address: 0x0000000724e00000, size: 3506 MB, Compressed Oops mode: Zero based, Oop shift amount: 3

CDS archive(s) mapped at: [0x00000164aa000000-0x00000164aac60000-0x00000164aac60000), size 12976128, SharedBaseAddress: 0x00000164aa000000, ArchiveRelocationMode: 1.
Compressed class space mapped at: 0x00000164ab000000-0x00000164eb000000, reserved size: 1073741824
Narrow klass base: 0x00000164aa000000, Narrow klass shift: 0, Narrow klass range: 0x41000000

GC Precious Log:
 CardTable entry size: 512
 Card Set container configuration: InlinePtr #cards 4 size 8 Array Of Cards #cards 16 size 48 Howl #buckets 8 coarsen threshold 3686 Howl Bitmap #cards 512 size 80 coarsen threshold 460 Card regions per heap region 1 cards per card region 4096
 CPUs: 12 total, 12 available
 Memory: 14020M
 Large Page Support: Disabled
 NUMA Support: Disabled
 Compressed Oops: Enabled (Zero based)
 Heap Region Size: 2M
 Heap Min Capacity: 8M
 Heap Initial Capacity: 220M
 Heap Max Capacity: 3506M
 Pre-touch: Disabled
 Parallel Workers: 10
 Concurrent Workers: 3
 Concurrent Refinement Workers: 10
 Periodic GC: Disabled

Heap:
 garbage-first heap   total reserved 3590144K, committed 225280K, used 8192K [0x0000000724e00000, 0x0000000800000000)
  region size 2048K, 5 young (10240K), 0 survivors (0K)
 Metaspace       used 2607K, committed 2752K, reserved 1114112K
  class space    used 253K, committed 320K, reserved 1048576K

Heap Regions: E=young(eden), S=young(survivor), O=old, HS=humongous(starts), HC=humongous(continues), CS=collection set, F=free, TAMS=top-at-mark-start, PB=parsable bottom
|   0|0x0000000724e00000, 0x0000000724e00000, 0x0000000725000000|  0%| F|  |TAMS 0x0000000724e00000| PB 0x0000000724e00000| Untracked |  0
|   1|0x0000000725000000, 0x0000000725000000, 0x0000000725200000|  0%| F|  |TAMS 0x0000000725000000| PB 0x0000000725000000| Untracked |  0
|   2|0x0000000725200000, 0x0000000725200000, 0x0000000725400000|  0%| F|  |TAMS 0x0000000725200000| PB 0x0000000725200000| Untracked |  0
|   3|0x0000000725400000, 0x0000000725400000, 0x0000000725600000|  0%| F|  |TAMS 0x0000000725400000| PB 0x0000000725400000| Untracked |  0
|   4|0x0000000725600000, 0x0000000725600000, 0x0000000725800000|  0%| F|  |TAMS 0x0000000725600000| PB 0x0000000725600000| Untracked |  0
|   5|0x0000000725800000, 0x0000000725800000, 0x0000000725a00000|  0%| F|  |TAMS 0x0000000725800000| PB 0x0000000725800000| Untracked |  0
|   6|0x0000000725a00000, 0x0000000725a00000, 0x0000000725c00000|  0%| F|  |TAMS 0x0000000725a00000| PB 0x0000000725a00000| Untracked |  0
|   7|0x0000000725c00000, 0x0000000725c00000, 0x0000000725e00000|  0%| F|  |TAMS 0x0000000725c00000| PB 0x0000000725c00000| Untracked |  0
|   8|0x0000000725e00000, 0x0000000725e00000, 0x0000000726000000|  0%| F|  |TAMS 0x0000000725e00000| PB 0x0000000725e00000| Untracked |  0
|   9|0x0000000726000000, 0x0000000726000000, 0x0000000726200000|  0%| F|  |TAMS 0x0000000726000000| PB 0x0000000726000000| Untracked |  0
|  10|0x0000000726200000, 0x0000000726200000, 0x0000000726400000|  0%| F|  |TAMS 0x0000000726200000| PB 0x0000000726200000| Untracked |  0
|  11|0x0000000726400000, 0x0000000726400000, 0x0000000726600000|  0%| F|  |TAMS 0x0000000726400000| PB 0x0000000726400000| Untracked |  0
|  12|0x0000000726600000, 0x0000000726600000, 0x0000000726800000|  0%| F|  |TAMS 0x0000000726600000| PB 0x0000000726600000| Untracked |  0
|  13|0x0000000726800000, 0x0000000726800000, 0x0000000726a00000|  0%| F|  |TAMS 0x0000000726800000| PB 0x0000000726800000| Untracked |  0
|  14|0x0000000726a00000, 0x0000000726a00000, 0x0000000726c00000|  0%| F|  |TAMS 0x0000000726a00000| PB 0x0000000726a00000| Untracked |  0
|  15|0x0000000726c00000, 0x0000000726c00000, 0x0000000726e00000|  0%| F|  |TAMS 0x0000000726c00000| PB 0x0000000726c00000| Untracked |  0
|  16|0x0000000726e00000, 0x0000000726e00000, 0x0000000727000000|  0%| F|  |TAMS 0x0000000726e00000| PB 0x0000000726e00000| Untracked |  0
|  17|0x0000000727000000, 0x0000000727000000, 0x0000000727200000|  0%| F|  |TAMS 0x0000000727000000| PB 0x0000000727000000| Untracked |  0
|  18|0x0000000727200000, 0x0000000727200000, 0x0000000727400000|  0%| F|  |TAMS 0x0000000727200000| PB 0x0000000727200000| Untracked |  0
|  19|0x0000000727400000, 0x0000000727400000, 0x0000000727600000|  0%| F|  |TAMS 0x0000000727400000| PB 0x0000000727400000| Untracked |  0
|  20|0x0000000727600000, 0x0000000727600000, 0x0000000727800000|  0%| F|  |TAMS 0x0000000727600000| PB 0x0000000727600000| Untracked |  0
|  21|0x0000000727800000, 0x0000000727800000, 0x0000000727a00000|  0%| F|  |TAMS 0x0000000727800000| PB 0x0000000727800000| Untracked |  0
|  22|0x0000000727a00000, 0x0000000727a00000, 0x0000000727c00000|  0%| F|  |TAMS 0x0000000727a00000| PB 0x0000000727a00000| Untracked |  0
|  23|0x0000000727c00000, 0x0000000727c00000, 0x0000000727e00000|  0%| F|  |TAMS 0x0000000727c00000| PB 0x0000000727c00000| Untracked |  0
|  24|0x0000000727e00000, 0x0000000727e00000, 0x0000000728000000|  0%| F|  |TAMS 0x0000000727e00000| PB 0x0000000727e00000| Untracked |  0
|  25|0x0000000728000000, 0x0000000728000000, 0x0000000728200000|  0%| F|  |TAMS 0x0000000728000000| PB 0x0000000728000000| Untracked |  0
|  26|0x0000000728200000, 0x0000000728200000, 0x0000000728400000|  0%| F|  |TAMS 0x0000000728200000| PB 0x0000000728200000| Untracked |  0
|  27|0x0000000728400000, 0x0000000728400000, 0x0000000728600000|  0%| F|  |TAMS 0x0000000728400000| PB 0x0000000728400000| Untracked |  0
|  28|0x0000000728600000, 0x0000000728600000, 0x0000000728800000|  0%| F|  |TAMS 0x0000000728600000| PB 0x0000000728600000| Untracked |  0
|  29|0x0000000728800000, 0x0000000728800000, 0x0000000728a00000|  0%| F|  |TAMS 0x0000000728800000| PB 0x0000000728800000| Untracked |  0
|  30|0x0000000728a00000, 0x0000000728a00000, 0x0000000728c00000|  0%| F|  |TAMS 0x0000000728a00000| PB 0x0000000728a00000| Untracked |  0
|  31|0x0000000728c00000, 0x0000000728c00000, 0x0000000728e00000|  0%| F|  |TAMS 0x0000000728c00000| PB 0x0000000728c00000| Untracked |  0
|  32|0x0000000728e00000, 0x0000000728e00000, 0x0000000729000000|  0%| F|  |TAMS 0x0000000728e00000| PB 0x0000000728e00000| Untracked |  0
|  33|0x0000000729000000, 0x0000000729000000, 0x0000000729200000|  0%| F|  |TAMS 0x0000000729000000| PB 0x0000000729000000| Untracked |  0
|  34|0x0000000729200000, 0x0000000729200000, 0x0000000729400000|  0%| F|  |TAMS 0x0000000729200000| PB 0x0000000729200000| Untracked |  0
|  35|0x0000000729400000, 0x0000000729400000, 0x0000000729600000|  0%| F|  |TAMS 0x0000000729400000| PB 0x0000000729400000| Untracked |  0
|  36|0x0000000729600000, 0x0000000729600000, 0x0000000729800000|  0%| F|  |TAMS 0x0000000729600000| PB 0x0000000729600000| Untracked |  0
|  37|0x0000000729800000, 0x0000000729800000, 0x0000000729a00000|  0%| F|  |TAMS 0x0000000729800000| PB 0x0000000729800000| Untracked |  0
|  38|0x0000000729a00000, 0x0000000729a00000, 0x0000000729c00000|  0%| F|  |TAMS 0x0000000729a00000| PB 0x0000000729a00000| Untracked |  0
|  39|0x0000000729c00000, 0x0000000729c00000, 0x0000000729e00000|  0%| F|  |TAMS 0x0000000729c00000| PB 0x0000000729c00000| Untracked |  0
|  40|0x0000000729e00000, 0x0000000729e00000, 0x000000072a000000|  0%| F|  |TAMS 0x0000000729e00000| PB 0x0000000729e00000| Untracked |  0
|  41|0x000000072a000000, 0x000000072a000000, 0x000000072a200000|  0%| F|  |TAMS 0x000000072a000000| PB 0x000000072a000000| Untracked |  0
|  42|0x000000072a200000, 0x000000072a200000, 0x000000072a400000|  0%| F|  |TAMS 0x000000072a200000| PB 0x000000072a200000| Untracked |  0
|  43|0x000000072a400000, 0x000000072a400000, 0x000000072a600000|  0%| F|  |TAMS 0x000000072a400000| PB 0x000000072a400000| Untracked |  0
|  44|0x000000072a600000, 0x000000072a600000, 0x000000072a800000|  0%| F|  |TAMS 0x000000072a600000| PB 0x000000072a600000| Untracked |  0
|  45|0x000000072a800000, 0x000000072a800000, 0x000000072aa00000|  0%| F|  |TAMS 0x000000072a800000| PB 0x000000072a800000| Untracked |  0
|  46|0x000000072aa00000, 0x000000072aa00000, 0x000000072ac00000|  0%| F|  |TAMS 0x000000072aa00000| PB 0x000000072aa00000| Untracked |  0
|  47|0x000000072ac00000, 0x000000072ac00000, 0x000000072ae00000|  0%| F|  |TAMS 0x000000072ac00000| PB 0x000000072ac00000| Untracked |  0
|  48|0x000000072ae00000, 0x000000072ae00000, 0x000000072b000000|  0%| F|  |TAMS 0x000000072ae00000| PB 0x000000072ae00000| Untracked |  0
|  49|0x000000072b000000, 0x000000072b000000, 0x000000072b200000|  0%| F|  |TAMS 0x000000072b000000| PB 0x000000072b000000| Untracked |  0
|  50|0x000000072b200000, 0x000000072b200000, 0x000000072b400000|  0%| F|  |TAMS 0x000000072b200000| PB 0x000000072b200000| Untracked |  0
|  51|0x000000072b400000, 0x000000072b400000, 0x000000072b600000|  0%| F|  |TAMS 0x000000072b400000| PB 0x000000072b400000| Untracked |  0
|  52|0x000000072b600000, 0x000000072b600000, 0x000000072b800000|  0%| F|  |TAMS 0x000000072b600000| PB 0x000000072b600000| Untracked |  0
|  53|0x000000072b800000, 0x000000072b800000, 0x000000072ba00000|  0%| F|  |TAMS 0x000000072b800000| PB 0x000000072b800000| Untracked |  0
|  54|0x000000072ba00000, 0x000000072ba00000, 0x000000072bc00000|  0%| F|  |TAMS 0x000000072ba00000| PB 0x000000072ba00000| Untracked |  0
|  55|0x000000072bc00000, 0x000000072bc00000, 0x000000072be00000|  0%| F|  |TAMS 0x000000072bc00000| PB 0x000000072bc00000| Untracked |  0
|  56|0x000000072be00000, 0x000000072be00000, 0x000000072c000000|  0%| F|  |TAMS 0x000000072be00000| PB 0x000000072be00000| Untracked |  0
|  57|0x000000072c000000, 0x000000072c000000, 0x000000072c200000|  0%| F|  |TAMS 0x000000072c000000| PB 0x000000072c000000| Untracked |  0
|  58|0x000000072c200000, 0x000000072c200000, 0x000000072c400000|  0%| F|  |TAMS 0x000000072c200000| PB 0x000000072c200000| Untracked |  0
|  59|0x000000072c400000, 0x000000072c400000, 0x000000072c600000|  0%| F|  |TAMS 0x000000072c400000| PB 0x000000072c400000| Untracked |  0
|  60|0x000000072c600000, 0x000000072c600000, 0x000000072c800000|  0%| F|  |TAMS 0x000000072c600000| PB 0x000000072c600000| Untracked |  0
|  61|0x000000072c800000, 0x000000072c800000, 0x000000072ca00000|  0%| F|  |TAMS 0x000000072c800000| PB 0x000000072c800000| Untracked |  0
|  62|0x000000072ca00000, 0x000000072ca00000, 0x000000072cc00000|  0%| F|  |TAMS 0x000000072ca00000| PB 0x000000072ca00000| Untracked |  0
|  63|0x000000072cc00000, 0x000000072cc00000, 0x000000072ce00000|  0%| F|  |TAMS 0x000000072cc00000| PB 0x000000072cc00000| Untracked |  0
|  64|0x000000072ce00000, 0x000000072ce00000, 0x000000072d000000|  0%| F|  |TAMS 0x000000072ce00000| PB 0x000000072ce00000| Untracked |  0
|  65|0x000000072d000000, 0x000000072d000000, 0x000000072d200000|  0%| F|  |TAMS 0x000000072d000000| PB 0x000000072d000000| Untracked |  0
|  66|0x000000072d200000, 0x000000072d200000, 0x000000072d400000|  0%| F|  |TAMS 0x000000072d200000| PB 0x000000072d200000| Untracked |  0
|  67|0x000000072d400000, 0x000000072d400000, 0x000000072d600000|  0%| F|  |TAMS 0x000000072d400000| PB 0x000000072d400000| Untracked |  0
|  68|0x000000072d600000, 0x000000072d600000, 0x000000072d800000|  0%| F|  |TAMS 0x000000072d600000| PB 0x000000072d600000| Untracked |  0
|  69|0x000000072d800000, 0x000000072d800000, 0x000000072da00000|  0%| F|  |TAMS 0x000000072d800000| PB 0x000000072d800000| Untracked |  0
|  70|0x000000072da00000, 0x000000072da00000, 0x000000072dc00000|  0%| F|  |TAMS 0x000000072da00000| PB 0x000000072da00000| Untracked |  0
|  71|0x000000072dc00000, 0x000000072dc00000, 0x000000072de00000|  0%| F|  |TAMS 0x000000072dc00000| PB 0x000000072dc00000| Untracked |  0
|  72|0x000000072de00000, 0x000000072de00000, 0x000000072e000000|  0%| F|  |TAMS 0x000000072de00000| PB 0x000000072de00000| Untracked |  0
|  73|0x000000072e000000, 0x000000072e000000, 0x000000072e200000|  0%| F|  |TAMS 0x000000072e000000| PB 0x000000072e000000| Untracked |  0
|  74|0x000000072e200000, 0x000000072e200000, 0x000000072e400000|  0%| F|  |TAMS 0x000000072e200000| PB 0x000000072e200000| Untracked |  0
|  75|0x000000072e400000, 0x000000072e400000, 0x000000072e600000|  0%| F|  |TAMS 0x000000072e400000| PB 0x000000072e400000| Untracked |  0
|  76|0x000000072e600000, 0x000000072e600000, 0x000000072e800000|  0%| F|  |TAMS 0x000000072e600000| PB 0x000000072e600000| Untracked |  0
|  77|0x000000072e800000, 0x000000072e800000, 0x000000072ea00000|  0%| F|  |TAMS 0x000000072e800000| PB 0x000000072e800000| Untracked |  0
|  78|0x000000072ea00000, 0x000000072ea00000, 0x000000072ec00000|  0%| F|  |TAMS 0x000000072ea00000| PB 0x000000072ea00000| Untracked |  0
|  79|0x000000072ec00000, 0x000000072ec00000, 0x000000072ee00000|  0%| F|  |TAMS 0x000000072ec00000| PB 0x000000072ec00000| Untracked |  0
|  80|0x000000072ee00000, 0x000000072ee00000, 0x000000072f000000|  0%| F|  |TAMS 0x000000072ee00000| PB 0x000000072ee00000| Untracked |  0
|  81|0x000000072f000000, 0x000000072f000000, 0x000000072f200000|  0%| F|  |TAMS 0x000000072f000000| PB 0x000000072f000000| Untracked |  0
|  82|0x000000072f200000, 0x000000072f200000, 0x000000072f400000|  0%| F|  |TAMS 0x000000072f200000| PB 0x000000072f200000| Untracked |  0
|  83|0x000000072f400000, 0x000000072f400000, 0x000000072f600000|  0%| F|  |TAMS 0x000000072f400000| PB 0x000000072f400000| Untracked |  0
|  84|0x000000072f600000, 0x000000072f600000, 0x000000072f800000|  0%| F|  |TAMS 0x000000072f600000| PB 0x000000072f600000| Untracked |  0
|  85|0x000000072f800000, 0x000000072f800000, 0x000000072fa00000|  0%| F|  |TAMS 0x000000072f800000| PB 0x000000072f800000| Untracked |  0
|  86|0x000000072fa00000, 0x000000072fa00000, 0x000000072fc00000|  0%| F|  |TAMS 0x000000072fa00000| PB 0x000000072fa00000| Untracked |  0
|  87|0x000000072fc00000, 0x000000072fc00000, 0x000000072fe00000|  0%| F|  |TAMS 0x000000072fc00000| PB 0x000000072fc00000| Untracked |  0
|  88|0x000000072fe00000, 0x000000072fe00000, 0x0000000730000000|  0%| F|  |TAMS 0x000000072fe00000| PB 0x000000072fe00000| Untracked |  0
|  89|0x0000000730000000, 0x0000000730000000, 0x0000000730200000|  0%| F|  |TAMS 0x0000000730000000| PB 0x0000000730000000| Untracked |  0
|  90|0x0000000730200000, 0x0000000730200000, 0x0000000730400000|  0%| F|  |TAMS 0x0000000730200000| PB 0x0000000730200000| Untracked |  0
|  91|0x0000000730400000, 0x0000000730400000, 0x0000000730600000|  0%| F|  |TAMS 0x0000000730400000| PB 0x0000000730400000| Untracked |  0
|  92|0x0000000730600000, 0x0000000730600000, 0x0000000730800000|  0%| F|  |TAMS 0x0000000730600000| PB 0x0000000730600000| Untracked |  0
|  93|0x0000000730800000, 0x0000000730800000, 0x0000000730a00000|  0%| F|  |TAMS 0x0000000730800000| PB 0x0000000730800000| Untracked |  0
|  94|0x0000000730a00000, 0x0000000730a00000, 0x0000000730c00000|  0%| F|  |TAMS 0x0000000730a00000| PB 0x0000000730a00000| Untracked |  0
|  95|0x0000000730c00000, 0x0000000730c00000, 0x0000000730e00000|  0%| F|  |TAMS 0x0000000730c00000| PB 0x0000000730c00000| Untracked |  0
|  96|0x0000000730e00000, 0x0000000730e00000, 0x0000000731000000|  0%| F|  |TAMS 0x0000000730e00000| PB 0x0000000730e00000| Untracked |  0
|  97|0x0000000731000000, 0x0000000731000000, 0x0000000731200000|  0%| F|  |TAMS 0x0000000731000000| PB 0x0000000731000000| Untracked |  0
|  98|0x0000000731200000, 0x0000000731200000, 0x0000000731400000|  0%| F|  |TAMS 0x0000000731200000| PB 0x0000000731200000| Untracked |  0
|  99|0x0000000731400000, 0x0000000731400000, 0x0000000731600000|  0%| F|  |TAMS 0x0000000731400000| PB 0x0000000731400000| Untracked |  0
| 100|0x0000000731600000, 0x0000000731600000, 0x0000000731800000|  0%| F|  |TAMS 0x0000000731600000| PB 0x0000000731600000| Untracked |  0
| 101|0x0000000731800000, 0x0000000731800000, 0x0000000731a00000|  0%| F|  |TAMS 0x0000000731800000| PB 0x0000000731800000| Untracked |  0
| 102|0x0000000731a00000, 0x0000000731a00000, 0x0000000731c00000|  0%| F|  |TAMS 0x0000000731a00000| PB 0x0000000731a00000| Untracked |  0
| 103|0x0000000731c00000, 0x0000000731c00000, 0x0000000731e00000|  0%| F|  |TAMS 0x0000000731c00000| PB 0x0000000731c00000| Untracked |  0
| 104|0x0000000731e00000, 0x0000000731e00000, 0x0000000732000000|  0%| F|  |TAMS 0x0000000731e00000| PB 0x0000000731e00000| Untracked |  0
| 105|0x0000000732000000, 0x0000000732174be0, 0x0000000732200000| 72%| E|  |TAMS 0x0000000732000000| PB 0x0000000732000000| Complete |  0
| 106|0x0000000732200000, 0x0000000732400000, 0x0000000732400000|100%| E|CS|TAMS 0x0000000732200000| PB 0x0000000732200000| Complete |  0
| 107|0x0000000732400000, 0x0000000732600000, 0x0000000732600000|100%| E|CS|TAMS 0x0000000732400000| PB 0x0000000732400000| Complete |  0
| 108|0x0000000732600000, 0x0000000732800000, 0x0000000732800000|100%| E|CS|TAMS 0x0000000732600000| PB 0x0000000732600000| Complete |  0
| 109|0x0000000732800000, 0x0000000732a00000, 0x0000000732a00000|100%| E|CS|TAMS 0x0000000732800000| PB 0x0000000732800000| Complete |  0

Card table byte_map: [0x00000164a3090000,0x00000164a3770000] _byte_map_base: 0x000001649f769000

Marking Bits: (CMBitMap*) 0x000001648b17dfd0
 Bits: [0x00000164a3770000, 0x00000164a6e38000)

Polling page: 0x00000164890a0000

Metaspace:

Usage:
  Non-class:      2.30 MB used.
      Class:    253.74 KB used.
       Both:      2.55 MB used.

Virtual space:
  Non-class space:       64.00 MB reserved,       2.38 MB (  4%) committed,  1 nodes.
      Class space:        1.00 GB reserved,     320.00 KB ( <1%) committed,  1 nodes.
             Both:        1.06 GB reserved,       2.69 MB ( <1%) committed. 

Chunk freelists:
   Non-Class:  10.98 MB
       Class:  15.61 MB
        Both:  26.59 MB

MaxMetaspaceSize: unlimited
CompressedClassSpaceSize: 1.00 GB
Initial GC threshold: 21.00 MB
Current GC threshold: 21.00 MB
CDS: on
 - commit_granule_bytes: 65536.
 - commit_granule_words: 8192.
 - virtual_space_node_default_size: 8388608.
 - enlarge_chunks_in_place: 1.
 - use_allocation_guard: 0.


Internal statistics:

num_allocs_failed_limit: 0.
num_arena_births: 34.
num_arena_deaths: 0.
num_vsnodes_births: 2.
num_vsnodes_deaths: 0.
num_space_committed: 43.
num_space_uncommitted: 0.
num_chunks_returned_to_freelist: 0.
num_chunks_taken_from_freelist: 91.
num_chunk_merges: 0.
num_chunk_splits: 60.
num_chunks_enlarged: 47.
num_inconsistent_stats: 0.

CodeHeap 'non-profiled nmethods': size=120000Kb used=175Kb max_used=175Kb free=119825Kb
 bounds [0x000001649af30000, 0x000001649b1a0000, 0x00000164a2460000]
CodeHeap 'profiled nmethods': size=120000Kb used=998Kb max_used=998Kb free=119001Kb
 bounds [0x0000016493460000, 0x00000164936d0000, 0x000001649a990000]
CodeHeap 'non-nmethods': size=5760Kb used=1332Kb max_used=1346Kb free=4427Kb
 bounds [0x000001649a990000, 0x000001649ac00000, 0x000001649af30000]
 total_blobs=1050 nmethods=611 adapters=344
 compilation: enabled
              stopped_count=0, restarted_count=0
 full_count=0

Compilation events (20 events):
Event: 46.726 Thread 0x00000164a9c0c4b0  597       3       jdk.internal.misc.Unsafe::getShortUnaligned (33 bytes)
Event: 46.726 Thread 0x00000164a9c0c4b0 nmethod 597 0x0000016493555b90 code [0x0000016493555d60, 0x0000016493556108]
Event: 46.726 Thread 0x00000164a9c0c4b0  598       3       jdk.internal.misc.Unsafe::convEndian (16 bytes)
Event: 46.727 Thread 0x00000164a9c0c4b0 nmethod 598 0x0000016493556290 code [0x0000016493556420, 0x00000164935565d0]
Event: 46.727 Thread 0x00000164a9c0c4b0  599       3       java.lang.Short::reverseBytes (14 bytes)
Event: 46.727 Thread 0x00000164a9c0c4b0 nmethod 599 0x0000016493556690 code [0x0000016493556820, 0x0000016493556928]
Event: 46.727 Thread 0x00000164a9c0c4b0  604       3       java.lang.ref.SoftReference::get (29 bytes)
Event: 46.727 Thread 0x00000164a9c0c4b0 nmethod 604 0x0000016493556990 code [0x0000016493556b20, 0x0000016493556ce0]
Event: 46.727 Thread 0x00000164a9c0c4b0  605       3       sun.util.locale.LocaleUtils::isUpper (18 bytes)
Event: 46.727 Thread 0x00000164a9c0c4b0 nmethod 605 0x0000016493556d90 code [0x0000016493556f20, 0x0000016493557090]
Event: 46.728 Thread 0x00000164a9c0c4b0  607       3       java.util.Arrays::equals (57 bytes)
Event: 46.728 Thread 0x00000164a9c0c4b0 nmethod 607 0x0000016493557110 code [0x0000016493557300, 0x0000016493557878]
Event: 46.728 Thread 0x00000164a9c0c4b0  606   !   3       java.lang.invoke.MemberName::clone (14 bytes)
Event: 46.728 Thread 0x00000164a9c0c4b0 nmethod 606 0x0000016493557a10 code [0x0000016493557be0, 0x0000016493557f28]
Event: 46.731 Thread 0x00000164a9c0c4b0  612       3       java.util.regex.Pattern$BmpCharPropertyGreedy::match (89 bytes)
Event: 46.731 Thread 0x00000164a9c0c4b0 nmethod 612 0x0000016493558090 code [0x0000016493558280, 0x00000164935588b0]
Event: 46.731 Thread 0x00000164a9c0c4b0  613       3       java.util.regex.Matcher::checkMatch (19 bytes)
Event: 46.731 Thread 0x00000164a9c0c4b0 nmethod 613 0x0000016493558a90 code [0x0000016493558c40, 0x0000016493558f10]
Event: 46.731 Thread 0x00000164a9c0c4b0  614       3       java.util.regex.Matcher::hasMatch (13 bytes)
Event: 46.731 Thread 0x00000164a9c0c4b0 nmethod 614 0x0000016493559010 code [0x00000164935591a0, 0x0000016493559300]

GC Heap History (0 events):
No events

Dll operation events (8 events):
Event: 0.013 Loaded shared library C:\Program Files\Java\jdk-22\bin\java.dll
Event: 4.161 Loaded shared library C:\Program Files\Java\jdk-22\bin\jsvml.dll
Event: 4.541 Loaded shared library C:\Program Files\Java\jdk-22\bin\net.dll
Event: 4.543 Loaded shared library C:\Program Files\Java\jdk-22\bin\nio.dll
Event: 4.890 Loaded shared library C:\Program Files\Java\jdk-22\bin\zip.dll
Event: 33.011 Loaded shared library C:\Program Files\Java\jdk-22\bin\jimage.dll
Event: 37.137 Loaded shared library C:\Program Files\NetBeans-21\netbeans\java\maven\lib\jansi-native\Windows\x86_64\jansi.dll
Event: 38.390 Loaded shared library C:\Program Files\Java\jdk-22\bin\verify.dll

Deoptimization events (10 events):
Event: 5.234 Thread 0x0000016488e8f710 Uncommon trap: trap_request=0xffffff45 fr.pc=0x000001649af34df8 relative=0x00000000000002b8
Event: 5.234 Thread 0x0000016488e8f710 Uncommon trap: reason=unstable_if action=reinterpret pc=0x000001649af34df8 method=java.lang.StringLatin1.hashCode([B)I @ 2 c2
Event: 5.234 Thread 0x0000016488e8f710 DEOPT PACKING pc=0x000001649af34df8 sp=0x0000001ab82fd550
Event: 5.234 Thread 0x0000016488e8f710 DEOPT UNPACKING pc=0x000001649a9e46a2 sp=0x0000001ab82fd488 mode 2
Event: 9.240 Thread 0x0000016488e8f710 Uncommon trap: trap_request=0xffffff45 fr.pc=0x000001649af3b0cc relative=0x000000000000012c
Event: 9.240 Thread 0x0000016488e8f710 Uncommon trap: reason=unstable_if action=reinterpret pc=0x000001649af3b0cc method=java.lang.StringCoding.countPositives([BII)I @ 17 c2
Event: 9.240 Thread 0x0000016488e8f710 DEOPT PACKING pc=0x000001649af3b0cc sp=0x0000001ab82fa140
Event: 9.240 Thread 0x0000016488e8f710 DEOPT UNPACKING pc=0x000001649a9e46a2 sp=0x0000001ab82fa0e0 mode 2
Event: 32.406 Thread 0x0000016488e8f710 DEOPT PACKING pc=0x00000164934a5118 sp=0x0000001ab82fa1d0
Event: 32.407 Thread 0x0000016488e8f710 DEOPT UNPACKING pc=0x000001649a9e4e42 sp=0x0000001ab82f9680 mode 0

Classes loaded (20 events):
Event: 46.709 Loading class java/util/concurrent/locks/ReadWriteLock done
Event: 46.709 Loading class java/util/concurrent/locks/ReentrantReadWriteLock done
Event: 46.709 Loading class java/util/concurrent/locks/ReentrantReadWriteLock$NonfairSync
Event: 46.709 Loading class java/util/concurrent/locks/ReentrantReadWriteLock$Sync
Event: 46.709 Loading class java/util/concurrent/locks/ReentrantReadWriteLock$Sync done
Event: 46.709 Loading class java/util/concurrent/locks/ReentrantReadWriteLock$NonfairSync done
Event: 46.709 Loading class java/util/concurrent/locks/ReentrantReadWriteLock$Sync$ThreadLocalHoldCounter
Event: 46.709 Loading class java/util/concurrent/locks/ReentrantReadWriteLock$Sync$ThreadLocalHoldCounter done
Event: 46.709 Loading class java/util/concurrent/locks/ReentrantReadWriteLock$ReadLock
Event: 46.709 Loading class java/util/concurrent/locks/ReentrantReadWriteLock$ReadLock done
Event: 46.710 Loading class java/util/concurrent/locks/ReentrantReadWriteLock$WriteLock
Event: 46.710 Loading class java/util/concurrent/locks/ReentrantReadWriteLock$WriteLock done
Event: 46.712 Loading class java/text/ParseException
Event: 46.712 Loading class java/text/ParseException done
Event: 46.725 Loading class sun/util/calendar/ZoneInfoFile$Checksum
Event: 46.725 Loading class sun/util/calendar/ZoneInfoFile$Checksum done
Event: 46.728 Loading class jdk/internal/module/ModulePatcher$PatchedModuleReader
Event: 46.728 Loading class jdk/internal/module/ModulePatcher$PatchedModuleReader done
Event: 46.728 Loading class sun/net/www/protocol/jrt/Handler
Event: 46.729 Loading class sun/net/www/protocol/jrt/Handler done

Classes unloaded (0 events):
No events

Classes redefined (0 events):
No events

Internal exceptions (20 events):
Event: 32.599 Thread 0x0000016488e8f710 Exception <a 'java/lang/NoSuchMethodError'{0x0000000732524008}: 'java.lang.Object java.lang.invoke.Invokers$Holder.invokeExact_MT(java.lang.Object, java.lang.Object, java.lang.Object, java.lang.Object, java.lang.Object)'> (0x0000000732524008) 
thrown [s\open\src\hotspot\share\interpreter\linkResolver.cpp, line 774]
Event: 32.673 Thread 0x0000016488e8f710 Exception <a 'java/lang/NullPointerException'{0x000000073257a4d8}> (0x000000073257a4d8) 
thrown [s\open\src\hotspot\share\interpreter\linkResolver.cpp, line 1374]
Event: 37.139 Thread 0x0000016488e8f710 Exception <a 'java/lang/NullPointerException'{0x00000007325bb420}> (0x00000007325bb420) 
thrown [s\open\src\hotspot\share\interpreter\linkResolver.cpp, line 1374]
Event: 37.139 Thread 0x0000016488e8f710 Exception <a 'java/lang/NullPointerException'{0x00000007325bb700}> (0x00000007325bb700) 
thrown [s\open\src\hotspot\share\interpreter\linkResolver.cpp, line 1374]
Event: 37.139 Thread 0x0000016488e8f710 Exception <a 'java/lang/NullPointerException'{0x00000007325bb9e0}> (0x00000007325bb9e0) 
thrown [s\open\src\hotspot\share\interpreter\linkResolver.cpp, line 1374]
Event: 37.140 Thread 0x0000016488e8f710 Exception <a 'java/lang/NullPointerException'{0x00000007325c0748}> (0x00000007325c0748) 
thrown [s\open\src\hotspot\share\interpreter\linkResolver.cpp, line 1374]
Event: 37.143 Thread 0x0000016488e8f710 Exception <a 'java/lang/NullPointerException'{0x00000007325d36b0}> (0x00000007325d36b0) 
thrown [s\open\src\hotspot\share\interpreter\linkResolver.cpp, line 1374]
Event: 37.143 Thread 0x0000016488e8f710 Exception <a 'java/lang/NullPointerException'{0x00000007325d3990}> (0x00000007325d3990) 
thrown [s\open\src\hotspot\share\interpreter\linkResolver.cpp, line 1374]
Event: 37.143 Thread 0x0000016488e8f710 Exception <a 'java/lang/NullPointerException'{0x00000007325d3c70}> (0x00000007325d3c70) 
thrown [s\open\src\hotspot\share\interpreter\linkResolver.cpp, line 1374]
Event: 37.143 Thread 0x0000016488e8f710 Exception <a 'java/lang/NullPointerException'{0x00000007325d3f50}> (0x00000007325d3f50) 
thrown [s\open\src\hotspot\share\interpreter\linkResolver.cpp, line 1374]
Event: 38.144 Thread 0x0000016488e8f710 Exception <a 'sun/nio/fs/WindowsException'{0x00000007325fd4b8}> (0x00000007325fd4b8) 
thrown [s\open\src\hotspot\share\prims\jni.cpp, line 520]
Event: 38.145 Thread 0x0000016488e8f710 Exception <a 'sun/nio/fs/WindowsException'{0x00000007325fdc90}> (0x00000007325fdc90) 
thrown [s\open\src\hotspot\share\prims\jni.cpp, line 520]
Event: 38.145 Thread 0x0000016488e8f710 Exception <a 'sun/nio/fs/WindowsException'{0x00000007325fe2b8}> (0x00000007325fe2b8) 
thrown [s\open\src\hotspot\share\prims\jni.cpp, line 520]
Event: 38.145 Thread 0x0000016488e8f710 Exception <a 'sun/nio/fs/WindowsException'{0x00000007325fe8b8}> (0x00000007325fe8b8) 
thrown [s\open\src\hotspot\share\prims\jni.cpp, line 520]
Event: 38.145 Thread 0x0000016488e8f710 Exception <a 'sun/nio/fs/WindowsException'{0x00000007325fee30}> (0x00000007325fee30) 
thrown [s\open\src\hotspot\share\prims\jni.cpp, line 520]
Event: 38.145 Thread 0x0000016488e8f710 Exception <a 'sun/nio/fs/WindowsException'{0x00000007325ff388}> (0x00000007325ff388) 
thrown [s\open\src\hotspot\share\prims\jni.cpp, line 520]
Event: 38.145 Thread 0x0000016488e8f710 Exception <a 'sun/nio/fs/WindowsException'{0x00000007325ff890}> (0x00000007325ff890) 
thrown [s\open\src\hotspot\share\prims\jni.cpp, line 520]
Event: 38.145 Thread 0x0000016488e8f710 Exception <a 'sun/nio/fs/WindowsException'{0x00000007325ffd50}> (0x00000007325ffd50) 
thrown [s\open\src\hotspot\share\prims\jni.cpp, line 520]
Event: 39.109 Thread 0x0000016488e8f710 Exception <a 'java/lang/NoSuchMethodError'{0x0000000732271840}: 'void java.lang.invoke.DirectMethodHandle$Holder.invokeStatic(java.lang.Object, java.lang.Object, java.lang.Object)'> (0x0000000732271840) 
thrown [s\open\src\hotspot\share\interpreter\linkResolver.cpp, line 774]
Event: 46.386 Thread 0x0000016488e8f710 Exception <a 'java/lang/NoSuchMethodError'{0x00000007320239b8}: 'java.lang.Object java.lang.invoke.DirectMethodHandle$Holder.invokeSpecialIFC(java.lang.Object, java.lang.Object, java.lang.Object, java.lang.Object)'> (0x00000007320239b8) 
thrown [s\open\src\hotspot\share\interpreter\linkResolver.cpp, line 774]

ZGC Phase Switch (0 events):
No events

VM Operations (20 events):
Event: 26.061 Executing VM operation: Cleanup
Event: 26.462 Executing VM operation: Cleanup done
Event: 32.479 Executing VM operation: Cleanup
Event: 32.580 Executing VM operation: Cleanup done
Event: 32.672 Executing VM operation: HandshakeAllThreads (Deoptimize)
Event: 32.672 Executing VM operation: HandshakeAllThreads (Deoptimize) done
Event: 33.424 Executing VM operation: HandshakeAllThreads (Deoptimize)
Event: 33.424 Executing VM operation: HandshakeAllThreads (Deoptimize) done
Event: 34.434 Executing VM operation: Cleanup
Event: 34.434 Executing VM operation: Cleanup done
Event: 39.479 Executing VM operation: Cleanup
Event: 39.479 Executing VM operation: Cleanup done
Event: 41.522 Executing VM operation: Cleanup
Event: 41.522 Executing VM operation: Cleanup done
Event: 42.535 Executing VM operation: Cleanup
Event: 42.535 Executing VM operation: Cleanup done
Event: 45.574 Executing VM operation: Cleanup
Event: 45.574 Executing VM operation: Cleanup done
Event: 46.578 Executing VM operation: Cleanup
Event: 46.700 Executing VM operation: Cleanup done

Events (11 events):
Event: 3.947 Thread 0x0000016488e8f710 Thread added: 0x0000016488e8f710
Event: 4.159 Thread 0x00000164a9a92830 Thread added: 0x00000164a9a92830
Event: 4.159 Thread 0x00000164a9a93be0 Thread added: 0x00000164a9a93be0
Event: 4.159 Thread 0x00000164a9a997d0 Thread added: 0x00000164a9a997d0
Event: 4.159 Thread 0x00000164a9a95e00 Thread added: 0x00000164a9a95e00
Event: 4.159 Thread 0x00000164a9a96860 Thread added: 0x00000164a9a96860
Event: 4.159 Thread 0x00000164a9a972c0 Thread added: 0x00000164a9a972c0
Event: 4.160 Thread 0x00000164a9a9a710 Thread added: 0x00000164a9a9a710
Event: 4.360 Thread 0x00000164a9c0c4b0 Thread added: 0x00000164a9c0c4b0
Event: 4.535 Thread 0x00000164a9ce9f40 Thread added: 0x00000164a9ce9f40
Event: 4.538 Thread 0x00000164a9ceede0 Thread added: 0x00000164a9ceede0


Dynamic libraries:
0x00007ff7ed1d0000 - 0x00007ff7ed1e0000 	C:\Program Files\Java\jdk-22\bin\java.exe
0x00007ffc3f9d0000 - 0x00007ffc3fbe7000 	C:\WINDOWS\SYSTEM32\ntdll.dll
0x00007ffc3e920000 - 0x00007ffc3e9e4000 	C:\WINDOWS\System32\KERNEL32.DLL
0x00007ffc3cf80000 - 0x00007ffc3d327000 	C:\WINDOWS\System32\KERNELBASE.dll
0x00007ffc3ce60000 - 0x00007ffc3cf71000 	C:\WINDOWS\System32\ucrtbase.dll
0x00007ffc0f400000 - 0x00007ffc0f417000 	C:\Program Files\Java\jdk-22\bin\jli.dll
0x00007ffc3e9f0000 - 0x00007ffc3eaa2000 	C:\WINDOWS\System32\ADVAPI32.dll
0x00007ffc3eab0000 - 0x00007ffc3eb57000 	C:\WINDOWS\System32\msvcrt.dll
0x00007ffc3dbc0000 - 0x00007ffc3dc68000 	C:\WINDOWS\System32\sechost.dll
0x00007ffc3ce30000 - 0x00007ffc3ce58000 	C:\WINDOWS\System32\bcrypt.dll
0x00007ffc3f650000 - 0x00007ffc3f765000 	C:\WINDOWS\System32\RPCRT4.dll
0x00007ffc3e520000 - 0x00007ffc3e6ce000 	C:\WINDOWS\System32\USER32.dll
0x00007ffc3d4c0000 - 0x00007ffc3d4e6000 	C:\WINDOWS\System32\win32u.dll
0x00007ffc3db70000 - 0x00007ffc3db99000 	C:\WINDOWS\System32\GDI32.dll
0x00007ffc3d3a0000 - 0x00007ffc3d4b9000 	C:\WINDOWS\System32\gdi32full.dll
0x00007ffc3d4f0000 - 0x00007ffc3d58a000 	C:\WINDOWS\System32\msvcp_win.dll
0x00007ffbf78f0000 - 0x00007ffbf790b000 	C:\Program Files\Java\jdk-22\bin\VCRUNTIME140.dll
0x00007ffc10350000 - 0x00007ffc105e3000 	C:\WINDOWS\WinSxS\amd64_microsoft.windows.common-controls_6595b64144ccf1df_6.0.22621.3527_none_270e469b73872a76\COMCTL32.dll
0x00007ffc343d0000 - 0x00007ffc343da000 	C:\WINDOWS\SYSTEM32\VERSION.dll
0x00007ffc3f2b0000 - 0x00007ffc3f2e1000 	C:\WINDOWS\System32\IMM32.DLL
0x00007ffc0e880000 - 0x00007ffc0e88c000 	C:\Program Files\Java\jdk-22\bin\vcruntime140_1.dll
0x00007ffbd0ad0000 - 0x00007ffbd0b5e000 	C:\Program Files\Java\jdk-22\bin\msvcp140.dll
0x00007ffba99a0000 - 0x00007ffbaa6e8000 	C:\Program Files\Java\jdk-22\bin\server\jvm.dll
0x00007ffc3e6d0000 - 0x00007ffc3e741000 	C:\WINDOWS\System32\WS2_32.dll
0x00007ffc3cbb0000 - 0x00007ffc3cbfd000 	C:\WINDOWS\SYSTEM32\POWRPROF.dll
0x00007ffc345c0000 - 0x00007ffc345f4000 	C:\WINDOWS\SYSTEM32\WINMM.dll
0x00007ffc3cb90000 - 0x00007ffc3cba3000 	C:\WINDOWS\SYSTEM32\UMPDC.dll
0x00007ffc3bcd0000 - 0x00007ffc3bce8000 	C:\WINDOWS\SYSTEM32\kernel.appcore.dll
0x00007ffbf77d0000 - 0x00007ffbf77da000 	C:\Program Files\Java\jdk-22\bin\jimage.dll
0x00007ffc3a670000 - 0x00007ffc3a8a2000 	C:\WINDOWS\SYSTEM32\DBGHELP.DLL
0x00007ffc3d700000 - 0x00007ffc3da88000 	C:\WINDOWS\System32\combase.dll
0x00007ffc3da90000 - 0x00007ffc3db67000 	C:\WINDOWS\System32\OLEAUT32.dll
0x00007ffc2a930000 - 0x00007ffc2a962000 	C:\WINDOWS\SYSTEM32\dbgcore.DLL
0x00007ffc3cdb0000 - 0x00007ffc3ce29000 	C:\WINDOWS\System32\bcryptPrimitives.dll
0x00007ffbf78d0000 - 0x00007ffbf78ee000 	C:\Program Files\Java\jdk-22\bin\java.dll
0x00007ffc3dc70000 - 0x00007ffc3e4cc000 	C:\WINDOWS\System32\SHELL32.dll
0x00007ffc3f2f0000 - 0x00007ffc3f495000 	C:\WINDOWS\System32\ole32.dll
0x00007ffc3abe0000 - 0x00007ffc3b4d6000 	C:\WINDOWS\SYSTEM32\windows.storage.dll
0x00007ffc3aaa0000 - 0x00007ffc3abde000 	C:\WINDOWS\SYSTEM32\wintypes.dll
0x00007ffc3ed30000 - 0x00007ffc3ee25000 	C:\WINDOWS\System32\SHCORE.dll
0x00007ffc3ec60000 - 0x00007ffc3ecbe000 	C:\WINDOWS\System32\shlwapi.dll
0x00007ffc3cc20000 - 0x00007ffc3cc41000 	C:\WINDOWS\SYSTEM32\profapi.dll
0x00007ffbdd120000 - 0x00007ffbdd1f7000 	C:\Program Files\Java\jdk-22\bin\jsvml.dll
0x00007ffbf77c0000 - 0x00007ffbf77d0000 	C:\Program Files\Java\jdk-22\bin\net.dll
0x00007ffc3c130000 - 0x00007ffc3c199000 	C:\WINDOWS\system32\mswsock.dll
0x00007ffbdd100000 - 0x00007ffbdd116000 	C:\Program Files\Java\jdk-22\bin\nio.dll
0x00007ffbdd0e0000 - 0x00007ffbdd0f7000 	C:\Program Files\Java\jdk-22\bin\zip.dll
0x0000000069ac0000 - 0x0000000069ae4000 	C:\Program Files\NetBeans-21\netbeans\java\maven\lib\jansi-native\Windows\x86_64\jansi.dll
0x00007ffbf77b0000 - 0x00007ffbf77c0000 	C:\Program Files\Java\jdk-22\bin\verify.dll

dbghelp: loaded successfully - version: 4.0.5 - missing functions: none
symbol engine: initialized successfully - sym options: 0x614 - pdb path: .;C:\Program Files\Java\jdk-22\bin;C:\WINDOWS\SYSTEM32;C:\WINDOWS\WinSxS\amd64_microsoft.windows.common-controls_6595b64144ccf1df_6.0.22621.3527_none_270e469b73872a76;C:\Program Files\Java\jdk-22\bin\server;C:\Program Files\NetBeans-21\netbeans\java\maven\lib\jansi-native\Windows\x86_64

VM Arguments:
jvm_args: -Dclassworlds.conf=C:\Program Files\NetBeans-21\netbeans\java\maven\bin\m2.conf -Dmaven.home=C:\Program Files\NetBeans-21\netbeans\java\maven -Dlibrary.jansi.path=C:\Program Files\NetBeans-21\netbeans\java\maven\lib\jansi-native -Dmaven.multiModuleProjectDirectory=C:\Users\ADMIN\OneDrive\Documents\GitHub\Management_Project_Java\mavenproject1 
java_command: org.codehaus.plexus.classworlds.launcher.Launcher -Dexec.vmArgs=--enable-preview -Dexec.args=${exec.vmArgs} -classpath %classpath ${exec.mainClass} ${exec.appArgs} -Dexec.appArgs= -Dexec.mainClass=GUI.Login -Dexec.executable=C:\Program Files\Java\jdk-22\bin\java.exe -Dmaven.ext.class.path=C:\Program Files\NetBeans-21\netbeans\java\maven-nblib\netbeans-eventspy.jar --no-transfer-progress process-classes org.codehaus.mojo:exec-maven-plugin:3.1.0:exec
java_class_path (initial): C:\Program Files\NetBeans-21\netbeans\java\maven\boot\plexus-classworlds-2.7.0.jar
Launcher Type: SUN_STANDARD

[Global flags]
     intx CICompilerCount                          = 4                                         {product} {ergonomic}
     uint ConcGCThreads                            = 3                                         {product} {ergonomic}
     uint G1ConcRefinementThreads                  = 10                                        {product} {ergonomic}
   size_t G1HeapRegionSize                         = 2097152                                   {product} {ergonomic}
   size_t InitialHeapSize                          = 230686720                                 {product} {ergonomic}
   size_t MarkStackSize                            = 4194304                                   {product} {ergonomic}
   size_t MaxHeapSize                              = 3676307456                                {product} {ergonomic}
   size_t MaxNewSize                               = 2204106752                                {product} {ergonomic}
   size_t MinHeapDeltaBytes                        = 2097152                                   {product} {ergonomic}
   size_t MinHeapSize                              = 8388608                                   {product} {ergonomic}
    uintx NonNMethodCodeHeapSize                   = 5839372                                {pd product} {ergonomic}
    uintx NonProfiledCodeHeapSize                  = 122909434                              {pd product} {ergonomic}
    uintx ProfiledCodeHeapSize                     = 122909434                              {pd product} {ergonomic}
    uintx ReservedCodeCacheSize                    = 251658240                              {pd product} {ergonomic}
     bool SegmentedCodeCache                       = true                                      {product} {ergonomic}
   size_t SoftMaxHeapSize                          = 3676307456                             {manageable} {ergonomic}
     bool UseCompressedOops                        = true                           {product lp64_product} {ergonomic}
     bool UseG1GC                                  = true                                      {product} {ergonomic}
     bool UseLargePagesIndividualAllocation        = false                                  {pd product} {ergonomic}

Logging:
Log output configuration:
 #0: stdout all=warning uptime,level,tags foldmultilines=false
 #1: stderr all=off uptime,level,tags foldmultilines=false

Environment Variables:
JAVA_HOME=C:\Program Files\Java\jdk-22
PATH=C:\Program Files (x86)\VMware\VMware Workstation\bin\;C:\Program Files\Common Files\Oracle\Java\javapath;C:\Program Files (x86)\Common Files\Oracle\Java\javapath;C:\Windows\system32;C:\Windows;C:\Windows\System32\Wbem;C:\Windows\System32\WindowsPowerShell\v1.0\;C:\Windows\System32\OpenSSH\;C:\Program Files (x86)\NVIDIA Corporation\PhysX\Common;C:\Program Files\NVIDIA Corporation\NVIDIA NvDLISR;C:\msys64\mingw64\bin;C:\WINDOWS\system32;C:\WINDOWS;C:\WINDOWS\System32\Wbem;C:\WINDOWS\System32\WindowsPowerShell\v1.0\;C:\WINDOWS\System32\OpenSSH\;C:\Program Files (x86)\Microsoft SQL Server\110\Tools\Binn\;C:\Program Files\Microsoft SQL Server\110\Tools\Binn\;C:\Program Files\Microsoft SQL Server\110\DTS\Binn\;C:\Program Files (x86)\Microsoft SQL Server\110\Tools\Binn\ManagementStudio\;C:\Program Files (x86)\Microsoft SQL Server\110\DTS\Binn\;C:\Program Files\Microsoft SQL Server\150\Tools\Binn\;C:\Program Files\Microsoft SQL Server\Client SDK\ODBC\170\Tools\Binn\;C:\Program Files\dotnet\;C:\Program Files\Git\cmd;C:\Users\ADMIN\AppData\Local\Programs\Python\Python312\Scripts\;C:\Users\ADMIN\AppData\Local\Programs\Python\Python312\;C:\Users\ADMIN\AppData\Local\Programs\Python\Launcher\;C:\Users\ADMIN\AppData\Local\Microsoft\WindowsApps;C:\Users\ADMIN\.dotnet\tools;C:\Users\ADMIN\AppData\Local\Programs\Microsoft VS Code\bin;C:\Users\ADMIN\AppData\Local\GitHubDesktop\bin;C:\Program Files\Java\jdk-22\bin;
USERNAME=ADMIN
OS=Windows_NT
PROCESSOR_IDENTIFIER=AMD64 Family 25 Model 68 Stepping 1, AuthenticAMD
TMP=C:\Users\ADMIN\AppData\Local\Temp
TEMP=C:\Users\ADMIN\AppData\Local\Temp




Periodic native trim disabled

---------------  S Y S T E M  ---------------

OS:
 Windows 11 , 64 bit Build 22621 (10.0.22621.3527)
OS uptime: 1 days 1:44 hours
Hyper-V role detected

CPU: total 12 (initial active 12) (12 cores per cpu, 2 threads per core) family 25 model 68 stepping 1 microcode 0x0, cx8, cmov, fxsr, ht, mmx, 3dnowpref, sse, sse2, sse3, ssse3, sse4a, sse4.1, sse4.2, popcnt, lzcnt, tsc, tscinvbit, avx, avx2, aes, erms, clmul, bmi1, bmi2, adx, sha, fma, vzeroupper, clflush, clflushopt, hv, rdtscp, rdpid, fsrm, f16c, cet_ss
Processor Information for processor 0
  Max Mhz: 3301, Current Mhz: 3301, Mhz Limit: 3301
Processor Information for processor 1
  Max Mhz: 3301, Current Mhz: 3301, Mhz Limit: 3301
Processor Information for processor 2
  Max Mhz: 3301, Current Mhz: 3301, Mhz Limit: 3301
Processor Information for processor 3
  Max Mhz: 3301, Current Mhz: 3301, Mhz Limit: 3301
Processor Information for processor 4
  Max Mhz: 3301, Current Mhz: 3301, Mhz Limit: 3301
Processor Information for processor 5
  Max Mhz: 3301, Current Mhz: 3301, Mhz Limit: 3301
Processor Information for processor 6
  Max Mhz: 3301, Current Mhz: 3301, Mhz Limit: 3301
Processor Information for processor 7
  Max Mhz: 3301, Current Mhz: 3301, Mhz Limit: 3301
Processor Information for processor 8
  Max Mhz: 3301, Current Mhz: 3301, Mhz Limit: 3301
Processor Information for processor 9
  Max Mhz: 3301, Current Mhz: 2503, Mhz Limit: 3301
Processor Information for processor 10
  Max Mhz: 3301, Current Mhz: 3301, Mhz Limit: 3301
Processor Information for processor 11
  Max Mhz: 3301, Current Mhz: 3301, Mhz Limit: 3301

Memory: 4k page, system-wide physical 14020M (2631M free)
TotalPageFile size 55124M (AvailPageFile size 11898M)
current process WorkingSet (physical memory assigned to process): 34M, peak: 44M
current process commit charge ("private bytes"): 313M, peak: 313M

vm_info: Java HotSpot(TM) 64-Bit Server VM (22+36-2370) for windows-amd64 JRE (22+36-2370), built on 2024-02-15T22:15:19Z by "mach5one" with MS VC++ 17.6 (VS2022)

END.
